[2025-04-19 00:07:37] [Information] Currently connected to: HellsGate-5.0G
[2025-04-19 00:07:37] [Information] Already connected to preferred network: HellsGate-5.0G
[2025-04-19 00:07:37] [Information] Waiting 12 minutes before next check...
[2025-04-19 00:19:37] [Information] Currently connected to: HellsGate-5.0G
[2025-04-19 00:19:37] [Information] Already connected to preferred network: HellsGate-5.0G
[2025-04-19 00:19:37] [Information] Waiting 25 minutes before next check...
[2025-04-19 00:44:37] [Information] Currently connected to: HellsGate-5.0G
[2025-04-19 00:44:37] [Information] Already connected to preferred network: HellsGate-5.0G
[2025-04-19 00:44:37] [Information] Waiting 26 minutes before next check...
[2025-04-19 01:10:37] [Information] Currently connected to: HellsGate-5.0G
[2025-04-19 01:10:37] [Information] Already connected to preferred network: HellsGate-5.0G
[2025-04-19 01:10:37] [Information] Waiting 29 minutes before next check...
[2025-04-19 01:39:37] [Information] Currently connected to: HellsGate-5.0G
[2025-04-19 01:39:37] [Information] Already connected to preferred network: HellsGate-5.0G
[2025-04-19 01:39:37] [Information] Waiting 27 minutes before next check...
[2025-04-19 02:06:37] [Information] Currently connected to: HellsGate-5.0G
[2025-04-19 02:06:37] [Information] Already connected to preferred network: HellsGate-5.0G
[2025-04-19 02:06:37] [Information] Waiting 13 minutes before next check...
[2025-04-19 02:19:37] [Information] Currently connected to: HellsGate-5.0G
[2025-04-19 02:19:37] [Information] Already connected to preferred network: HellsGate-5.0G
[2025-04-19 02:19:37] [Information] Waiting 11 minutes before next check...
[2025-04-19 02:30:37] [Information] Currently connected to: HellsGate-5.0G
[2025-04-19 02:30:37] [Information] Already connected to preferred network: HellsGate-5.0G
[2025-04-19 02:30:37] [Information] Waiting 19 minutes before next check...
[2025-04-19 02:49:38] [Information] Currently connected to: HellsGate-5.0G
[2025-04-19 02:49:38] [Information] Already connected to preferred network: HellsGate-5.0G
[2025-04-19 02:49:38] [Information] Waiting 21 minutes before next check...
[2025-04-19 03:10:38] [Information] Currently connected to: HellsGate-5.0G
[2025-04-19 03:10:38] [Information] Already connected to preferred network: HellsGate-5.0G
[2025-04-19 03:10:38] [Information] Waiting 16 minutes before next check...
[2025-04-19 03:26:38] [Information] Currently connected to: HellsGate-5.0G
[2025-04-19 03:26:38] [Information] Already connected to preferred network: HellsGate-5.0G
[2025-04-19 03:26:38] [Information] Waiting 28 minutes before next check...
[2025-04-19 03:54:38] [Information] Currently connected to: HellsGate-5.0G
[2025-04-19 03:54:38] [Information] Already connected to preferred network: HellsGate-5.0G
[2025-04-19 03:54:38] [Information] Waiting 12 minutes before next check...
[2025-04-19 04:06:38] [Information] Currently connected to: HellsGate-5.0G
[2025-04-19 04:06:38] [Information] Already connected to preferred network: HellsGate-5.0G
[2025-04-19 04:06:38] [Information] Waiting 23 minutes before next check...
[2025-04-19 04:29:38] [Information] Currently connected to: HellsGate-5.0G
[2025-04-19 04:29:38] [Information] Already connected to preferred network: HellsGate-5.0G
[2025-04-19 04:29:38] [Information] Waiting 24 minutes before next check...
[2025-04-19 04:53:38] [Information] Currently connected to: HellsGate-5.0G
[2025-04-19 04:53:38] [Information] Already connected to preferred network: HellsGate-5.0G
[2025-04-19 04:53:38] [Information] Waiting 28 minutes before next check...
[2025-04-19 05:21:38] [Information] Currently connected to: HellsGate-5.0G
[2025-04-19 05:21:38] [Information] Already connected to preferred network: HellsGate-5.0G
[2025-04-19 05:21:38] [Information] Waiting 26 minutes before next check...
[2025-04-19 05:47:38] [Information] Currently connected to: HellsGate-5.0G
[2025-04-19 05:47:38] [Information] Already connected to preferred network: HellsGate-5.0G
[2025-04-19 05:47:38] [Information] Waiting 22 minutes before next check...
[2025-04-19 06:09:38] [Information] Currently connected to: HellsGate-5.0G
[2025-04-19 06:09:38] [Information] Already connected to preferred network: HellsGate-5.0G
[2025-04-19 06:09:38] [Information] Waiting 14 minutes before next check...
[2025-04-19 06:23:38] [Information] Currently connected to: HellsGate-5.0G
[2025-04-19 06:23:38] [Information] Already connected to preferred network: HellsGate-5.0G
[2025-04-19 06:23:38] [Information] Waiting 19 minutes before next check...
[2025-04-19 06:42:39] [Information] Currently connected to: HellsGate-5.0G
[2025-04-19 06:42:39] [Information] Already connected to preferred network: HellsGate-5.0G
[2025-04-19 06:42:39] [Information] Waiting 18 minutes before next check...
[2025-04-19 07:00:45] [Information] Currently connected to: HellsGate-5.0G
[2025-04-19 07:00:45] [Information] Already connected to preferred network: HellsGate-5.0G
[2025-04-19 07:00:45] [Information] Waiting 24 minutes before next check...
[2025-04-19 07:24:45] [Information] Currently connected to: HellsGate-5.0G
[2025-04-19 07:24:45] [Information] Already connected to preferred network: HellsGate-5.0G
[2025-04-19 07:24:45] [Information] Waiting 26 minutes before next check...
[2025-04-19 07:50:46] [Information] Currently connected to: HellsGate-5.0G
[2025-04-19 07:50:46] [Information] Already connected to preferred network: HellsGate-5.0G
[2025-04-19 07:50:46] [Information] Waiting 29 minutes before next check...
[2025-04-19 08:19:46] [Information] Currently connected to: HellsGate-5.0G
[2025-04-19 08:19:46] [Information] Already connected to preferred network: HellsGate-5.0G
[2025-04-19 08:19:46] [Information] Waiting 21 minutes before next check...
[2025-04-19 08:40:46] [Information] Currently connected to: HellsGate-5.0G
[2025-04-19 08:40:46] [Information] Already connected to preferred network: HellsGate-5.0G
[2025-04-19 08:40:46] [Information] Waiting 20 minutes before next check...
[2025-04-19 09:00:46] [Information] Currently connected to: HellsGate-5.0G
[2025-04-19 09:00:46] [Information] Already connected to preferred network: HellsGate-5.0G
[2025-04-19 09:00:46] [Information] Waiting 18 minutes before next check...
[2025-04-19 09:18:46] [Information] Currently connected to: HellsGate-5.0G
[2025-04-19 09:18:46] [Information] Already connected to preferred network: HellsGate-5.0G
[2025-04-19 09:18:46] [Information] Waiting 12 minutes before next check...
[2025-04-19 09:30:46] [Information] Currently connected to: HellsGate-5.0G
[2025-04-19 09:30:46] [Information] Already connected to preferred network: HellsGate-5.0G
[2025-04-19 09:30:46] [Information] Waiting 16 minutes before next check...
[2025-04-19 09:46:46] [Information] Currently connected to: HellsGate-5.0G
[2025-04-19 09:46:46] [Information] Already connected to preferred network: HellsGate-5.0G
[2025-04-19 09:46:46] [Information] Waiting 13 minutes before next check...
[2025-04-19 09:59:46] [Information] Currently connected to: HellsGate-5.0G
[2025-04-19 09:59:46] [Information] Already connected to preferred network: HellsGate-5.0G
[2025-04-19 09:59:46] [Information] Waiting 22 minutes before next check...
[2025-04-19 10:21:46] [Information] Currently connected to: HellsGate-5.0G
[2025-04-19 10:21:46] [Information] Already connected to preferred network: HellsGate-5.0G
[2025-04-19 10:21:46] [Information] Waiting 16 minutes before next check...
[2025-04-19 10:37:46] [Information] Currently connected to: HellsGate-5.0G
[2025-04-19 10:37:46] [Information] Already connected to preferred network: HellsGate-5.0G
[2025-04-19 10:37:46] [Information] Waiting 21 minutes before next check...
[2025-04-19 10:58:46] [Information] Currently connected to: HellsGate-5.0G
[2025-04-19 10:58:46] [Information] Already connected to preferred network: HellsGate-5.0G
[2025-04-19 10:58:46] [Information] Waiting 22 minutes before next check...
[2025-04-19 11:20:47] [Information] Currently connected to: HellsGate-5.0G
[2025-04-19 11:20:47] [Information] Already connected to preferred network: HellsGate-5.0G
[2025-04-19 11:20:47] [Information] Waiting 25 minutes before next check...
[2025-04-19 11:45:47] [Information] Currently connected to: HellsGate-5.0G
[2025-04-19 11:45:47] [Information] Already connected to preferred network: HellsGate-5.0G
[2025-04-19 11:45:47] [Information] Waiting 23 minutes before next check...
[2025-04-19 12:08:47] [Information] Currently connected to: HellsGate-5.0G
[2025-04-19 12:08:47] [Information] Already connected to preferred network: HellsGate-5.0G
[2025-04-19 12:08:47] [Information] Waiting 13 minutes before next check...
[2025-04-19 12:21:47] [Information] Currently connected to: HellsGate-5.0G
[2025-04-19 12:21:47] [Information] Already connected to preferred network: HellsGate-5.0G
[2025-04-19 12:21:47] [Information] Waiting 12 minutes before next check...
[2025-04-19 12:33:47] [Information] Currently connected to: HellsGate-5.0G
[2025-04-19 12:33:47] [Information] Already connected to preferred network: HellsGate-5.0G
[2025-04-19 12:33:47] [Information] Waiting 26 minutes before next check...
[2025-04-19 12:59:47] [Information] Currently connected to: HellsGate-5.0G
[2025-04-19 12:59:47] [Information] Already connected to preferred network: HellsGate-5.0G
[2025-04-19 12:59:47] [Information] Waiting 25 minutes before next check...
[2025-04-19 13:24:47] [Information] Currently connected to: HellsGate-5.0G
[2025-04-19 13:24:47] [Information] Already connected to preferred network: HellsGate-5.0G
[2025-04-19 13:24:47] [Information] Waiting 10 minutes before next check...
[2025-04-19 13:34:47] [Information] Currently connected to: HellsGate-5.0G
[2025-04-19 13:34:47] [Information] Already connected to preferred network: HellsGate-5.0G
[2025-04-19 13:34:47] [Information] Waiting 24 minutes before next check...
[2025-04-19 13:58:47] [Information] Currently connected to: HellsGate-5.0G
[2025-04-19 13:58:47] [Information] Already connected to preferred network: HellsGate-5.0G
[2025-04-19 13:58:47] [Information] Waiting 18 minutes before next check...
[2025-04-19 14:16:47] [Information] Currently connected to: HellsGate-5.0G
[2025-04-19 14:16:47] [Information] Already connected to preferred network: HellsGate-5.0G
[2025-04-19 14:16:47] [Information] Waiting 25 minutes before next check...
[2025-04-19 14:41:47] [Information] Currently connected to: HellsGate-5.0G
[2025-04-19 14:41:47] [Information] Already connected to preferred network: HellsGate-5.0G
[2025-04-19 14:41:47] [Information] Waiting 24 minutes before next check...
[2025-04-19 15:05:48] [Information] Currently connected to: HellsGate-5.0G
[2025-04-19 15:05:48] [Information] Already connected to preferred network: HellsGate-5.0G
[2025-04-19 15:05:48] [Information] Waiting 21 minutes before next check...
[2025-04-19 15:26:48] [Information] Currently connected to: HellsGate-5.0G
[2025-04-19 15:26:48] [Information] Already connected to preferred network: HellsGate-5.0G
[2025-04-19 15:26:48] [Information] Waiting 29 minutes before next check...
[2025-04-19 15:55:48] [Information] Currently connected to: HellsGate-5.0G
[2025-04-19 15:55:48] [Information] Already connected to preferred network: HellsGate-5.0G
[2025-04-19 15:55:48] [Information] Waiting 24 minutes before next check...
[2025-04-19 16:19:48] [Information] Currently connected to: HellsGate-5.0G
[2025-04-19 16:19:48] [Information] Already connected to preferred network: HellsGate-5.0G
[2025-04-19 16:19:48] [Information] Waiting 22 minutes before next check...
[2025-04-19 16:41:48] [Information] Currently connected to: HellsGate-5.0G
[2025-04-19 16:41:48] [Information] Already connected to preferred network: HellsGate-5.0G
[2025-04-19 16:41:48] [Information] Waiting 12 minutes before next check...
[2025-04-19 16:53:48] [Information] Currently connected to: HellsGate-5.0G
[2025-04-19 16:53:48] [Information] Already connected to preferred network: HellsGate-5.0G
[2025-04-19 16:53:48] [Information] Waiting 16 minutes before next check...
[2025-04-19 17:09:48] [Information] Currently connected to: HellsGate-5.0G
[2025-04-19 17:09:48] [Information] Already connected to preferred network: HellsGate-5.0G
[2025-04-19 17:09:48] [Information] Waiting 28 minutes before next check...
[2025-04-19 17:37:48] [Information] Currently connected to: HellsGate-5.0G
[2025-04-19 17:37:48] [Information] Already connected to preferred network: HellsGate-5.0G
[2025-04-19 17:37:48] [Information] Waiting 19 minutes before next check...
[2025-04-19 17:56:48] [Information] Currently connected to: HellsGate-5.0G
[2025-04-19 17:56:48] [Information] Already connected to preferred network: HellsGate-5.0G
[2025-04-19 17:56:48] [Information] Waiting 24 minutes before next check...
[2025-04-19 18:20:48] [Information] Currently connected to: HellsGate-5.0G
[2025-04-19 18:20:48] [Information] Already connected to preferred network: HellsGate-5.0G
[2025-04-19 18:20:48] [Information] Waiting 19 minutes before next check...
[2025-04-19 18:39:49] [Information] Currently connected to: HellsGate-5.0G
[2025-04-19 18:39:49] [Information] Already connected to preferred network: HellsGate-5.0G
[2025-04-19 18:39:49] [Information] Waiting 12 minutes before next check...
[2025-04-19 18:51:49] [Information] Currently connected to: HellsGate-5.0G
[2025-04-19 18:51:49] [Information] Already connected to preferred network: HellsGate-5.0G
[2025-04-19 18:51:49] [Information] Waiting 27 minutes before next check...
[2025-04-19 19:18:49] [Information] Currently connected to: HellsGate-5.0G
[2025-04-19 19:18:49] [Information] Already connected to preferred network: HellsGate-5.0G
[2025-04-19 19:18:49] [Information] Waiting 24 minutes before next check...
[2025-04-19 19:42:49] [Information] Currently connected to: HellsGate-5.0G
[2025-04-19 19:42:49] [Information] Already connected to preferred network: HellsGate-5.0G
[2025-04-19 19:42:49] [Information] Waiting 10 minutes before next check...
[2025-04-19 19:52:49] [Information] Currently connected to: HellsGate-5.0G
[2025-04-19 19:52:49] [Information] Already connected to preferred network: HellsGate-5.0G
[2025-04-19 19:52:49] [Information] Waiting 25 minutes before next check...
[2025-04-19 20:17:49] [Information] Currently connected to: HellsGate-5.0G
[2025-04-19 20:17:49] [Information] Already connected to preferred network: HellsGate-5.0G
[2025-04-19 20:17:49] [Information] Waiting 28 minutes before next check...
[2025-04-19 20:45:49] [Information] Currently connected to: HellsGate-5.0G
[2025-04-19 20:45:49] [Information] Already connected to preferred network: HellsGate-5.0G
[2025-04-19 20:45:49] [Information] Waiting 14 minutes before next check...
[2025-04-19 20:59:49] [Warning] No current WiFi connection
[2025-04-19 20:59:49] [Information] Scanning for preferred networks...
[2025-04-19 20:59:49] [Information] Found 11 networks
[2025-04-19 20:59:49] [Information] Attempting to connect to HellsGate-5.0G
[2025-04-19 20:59:54] [Information] Currently connected to: HellsGate-5.0G
[2025-04-19 20:59:54] [Information] Successfully connected to HellsGate-5.0G
[2025-04-19 20:59:54] [Information] Waiting 27 minutes before next check...
[2025-04-19 21:26:54] [Information] Currently connected to: HellsGate-5.0G
[2025-04-19 21:26:54] [Information] Already connected to preferred network: HellsGate-5.0G
[2025-04-19 21:26:54] [Information] Waiting 26 minutes before next check...
[2025-04-19 21:52:55] [Information] Currently connected to: HellsGate-5.0G
[2025-04-19 21:52:55] [Information] Already connected to preferred network: HellsGate-5.0G
[2025-04-19 21:52:55] [Information] Waiting 19 minutes before next check...
[2025-04-19 22:11:55] [Information] Currently connected to: HellsGate-5.0G
[2025-04-19 22:11:55] [Information] Already connected to preferred network: HellsGate-5.0G
[2025-04-19 22:11:55] [Information] Waiting 25 minutes before next check...
[2025-04-19 22:36:55] [Information] Currently connected to: HellsGate-5.0G
[2025-04-19 22:36:55] [Information] Already connected to preferred network: HellsGate-5.0G
[2025-04-19 22:36:55] [Information] Waiting 24 minutes before next check...
[2025-04-19 23:00:55] [Information] Currently connected to: HellsGate-5.0G
[2025-04-19 23:00:55] [Information] Already connected to preferred network: HellsGate-5.0G
[2025-04-19 23:00:55] [Information] Waiting 22 minutes before next check...
[2025-04-19 23:22:55] [Information] Currently connected to: HellsGate-5.0G
[2025-04-19 23:22:55] [Information] Already connected to preferred network: HellsGate-5.0G
[2025-04-19 23:22:55] [Information] Waiting 13 minutes before next check...
[2025-04-19 23:35:55] [Information] Currently connected to: HellsGate-5.0G
[2025-04-19 23:35:55] [Information] Already connected to preferred network: HellsGate-5.0G
[2025-04-19 23:35:55] [Information] Waiting 20 minutes before next check...
[2025-04-19 23:55:55] [Information] Currently connected to: HellsGate-5.0G
[2025-04-19 23:55:55] [Information] Already connected to preferred network: HellsGate-5.0G
[2025-04-19 23:55:55] [Information] Waiting 23 minutes before next check...
