[2025-02-17 00:08:47] [Information] Currently connected to: HellsGate-5.0G
[2025-02-17 00:08:47] [Information] Already connected to preferred network: HellsGate-5.0G
[2025-02-17 00:08:47] [Information] Waiting 29 minutes before next check...
[2025-02-17 00:37:47] [Information] Currently connected to: HellsGate-5.0G
[2025-02-17 00:37:47] [Information] Already connected to preferred network: HellsGate-5.0G
[2025-02-17 00:37:47] [Information] Waiting 14 minutes before next check...
[2025-02-17 00:51:48] [Information] Currently connected to: HellsGate-5.0G
[2025-02-17 00:51:48] [Information] Already connected to preferred network: HellsGate-5.0G
[2025-02-17 00:51:48] [Information] Waiting 12 minutes before next check...
[2025-02-17 01:03:48] [Information] Currently connected to: HellsGate-5.0G
[2025-02-17 01:03:48] [Information] Already connected to preferred network: HellsGate-5.0G
[2025-02-17 01:03:48] [Information] Waiting 22 minutes before next check...
[2025-02-17 01:25:48] [Information] Currently connected to: HellsGate-5.0G
[2025-02-17 01:25:48] [Information] Already connected to preferred network: HellsGate-5.0G
[2025-02-17 01:25:48] [Information] Waiting 14 minutes before next check...
[2025-02-17 01:39:48] [Information] Currently connected to: HellsGate-5.0G
[2025-02-17 01:39:48] [Information] Already connected to preferred network: HellsGate-5.0G
[2025-02-17 01:39:48] [Information] Waiting 13 minutes before next check...
[2025-02-17 01:52:48] [Information] Currently connected to: HellsGate-5.0G
[2025-02-17 01:52:48] [Information] Already connected to preferred network: HellsGate-5.0G
[2025-02-17 01:52:48] [Information] Waiting 28 minutes before next check...
[2025-02-17 02:20:48] [Information] Currently connected to: HellsGate-5.0G
[2025-02-17 02:20:48] [Information] Already connected to preferred network: HellsGate-5.0G
[2025-02-17 02:20:48] [Information] Waiting 17 minutes before next check...
[2025-02-17 02:37:48] [Information] Currently connected to: HellsGate-5.0G
[2025-02-17 02:37:48] [Information] Already connected to preferred network: HellsGate-5.0G
[2025-02-17 02:37:48] [Information] Waiting 29 minutes before next check...
[2025-02-17 03:06:48] [Information] Currently connected to: HellsGate-5.0G
[2025-02-17 03:06:48] [Information] Already connected to preferred network: HellsGate-5.0G
[2025-02-17 03:06:48] [Information] Waiting 28 minutes before next check...
[2025-02-17 03:34:48] [Information] Currently connected to: HellsGate-5.0G
[2025-02-17 03:34:48] [Information] Already connected to preferred network: HellsGate-5.0G
[2025-02-17 03:34:48] [Information] Waiting 10 minutes before next check...
[2025-02-17 03:44:48] [Information] Currently connected to: HellsGate-5.0G
[2025-02-17 03:44:48] [Information] Already connected to preferred network: HellsGate-5.0G
[2025-02-17 03:44:48] [Information] Waiting 27 minutes before next check...
[2025-02-17 04:11:48] [Information] Currently connected to: HellsGate-5.0G
[2025-02-17 04:11:48] [Information] Already connected to preferred network: HellsGate-5.0G
[2025-02-17 04:11:48] [Information] Waiting 20 minutes before next check...
[2025-02-17 04:31:48] [Information] Currently connected to: HellsGate-5.0G
[2025-02-17 04:31:48] [Information] Already connected to preferred network: HellsGate-5.0G
[2025-02-17 04:31:48] [Information] Waiting 29 minutes before next check...
[2025-02-17 05:00:48] [Information] Currently connected to: HellsGate-5.0G
[2025-02-17 05:00:48] [Information] Already connected to preferred network: HellsGate-5.0G
[2025-02-17 05:00:48] [Information] Waiting 22 minutes before next check...
[2025-02-17 05:22:55] [Information] Currently connected to: HellsGate-5.0G
[2025-02-17 05:22:55] [Information] Already connected to preferred network: HellsGate-5.0G
[2025-02-17 05:22:55] [Information] Waiting 13 minutes before next check...
[2025-02-17 05:35:55] [Information] Currently connected to: HellsGate-5.0G
[2025-02-17 05:35:55] [Information] Already connected to preferred network: HellsGate-5.0G
[2025-02-17 05:35:55] [Information] Waiting 27 minutes before next check...
[2025-02-17 06:02:55] [Information] Currently connected to: HellsGate-5.0G
[2025-02-17 06:02:55] [Information] Already connected to preferred network: HellsGate-5.0G
[2025-02-17 06:02:55] [Information] Waiting 11 minutes before next check...
[2025-02-17 06:13:56] [Information] Currently connected to: HellsGate-5.0G
[2025-02-17 06:13:56] [Information] Already connected to preferred network: HellsGate-5.0G
[2025-02-17 06:13:56] [Information] Waiting 25 minutes before next check...
[2025-02-17 06:38:56] [Information] Currently connected to: HellsGate-5.0G
[2025-02-17 06:38:56] [Information] Already connected to preferred network: HellsGate-5.0G
[2025-02-17 06:38:56] [Information] Waiting 13 minutes before next check...
[2025-02-17 06:51:56] [Information] Currently connected to: HellsGate-5.0G
[2025-02-17 06:51:56] [Information] Already connected to preferred network: HellsGate-5.0G
[2025-02-17 06:51:56] [Information] Waiting 14 minutes before next check...
[2025-02-17 07:05:56] [Information] Currently connected to: HellsGate-5.0G
[2025-02-17 07:05:56] [Information] Already connected to preferred network: HellsGate-5.0G
[2025-02-17 07:05:56] [Information] Waiting 18 minutes before next check...
[2025-02-17 07:23:56] [Information] Currently connected to: HellsGate-5.0G
[2025-02-17 07:23:56] [Information] Already connected to preferred network: HellsGate-5.0G
[2025-02-17 07:23:56] [Information] Waiting 21 minutes before next check...
[2025-02-17 07:44:56] [Information] Currently connected to: HellsGate-5.0G
[2025-02-17 07:44:56] [Information] Already connected to preferred network: HellsGate-5.0G
[2025-02-17 07:44:56] [Information] Waiting 14 minutes before next check...
[2025-02-17 07:58:56] [Information] Currently connected to: HellsGate-5.0G
[2025-02-17 07:58:56] [Information] Already connected to preferred network: HellsGate-5.0G
[2025-02-17 07:58:56] [Information] Waiting 24 minutes before next check...
[2025-02-17 08:22:56] [Information] Currently connected to: HellsGate-5.0G
[2025-02-17 08:22:56] [Information] Already connected to preferred network: HellsGate-5.0G
[2025-02-17 08:22:56] [Information] Waiting 21 minutes before next check...
[2025-02-17 08:43:56] [Information] Currently connected to: HellsGate-5.0G
[2025-02-17 08:43:56] [Information] Already connected to preferred network: HellsGate-5.0G
[2025-02-17 08:43:56] [Information] Waiting 23 minutes before next check...
[2025-02-17 09:06:56] [Information] Currently connected to: HellsGate-5.0G
[2025-02-17 09:06:56] [Information] Already connected to preferred network: HellsGate-5.0G
[2025-02-17 09:06:56] [Information] Waiting 13 minutes before next check...
[2025-02-17 09:19:56] [Information] Currently connected to: HellsGate-5.0G
[2025-02-17 09:19:56] [Information] Already connected to preferred network: HellsGate-5.0G
[2025-02-17 09:19:56] [Information] Waiting 26 minutes before next check...
[2025-02-17 09:45:56] [Information] Currently connected to: HellsGate-5.0G
[2025-02-17 09:45:56] [Information] Already connected to preferred network: HellsGate-5.0G
[2025-02-17 09:45:56] [Information] Waiting 20 minutes before next check...
[2025-02-17 10:05:56] [Information] Currently connected to: HellsGate-5.0G
[2025-02-17 10:05:56] [Information] Already connected to preferred network: HellsGate-5.0G
[2025-02-17 10:05:56] [Information] Waiting 13 minutes before next check...
[2025-02-17 10:18:56] [Information] Currently connected to: HellsGate-5.0G
[2025-02-17 10:18:56] [Information] Already connected to preferred network: HellsGate-5.0G
[2025-02-17 10:18:56] [Information] Waiting 17 minutes before next check...
[2025-02-17 10:35:57] [Information] Currently connected to: HellsGate-5.0G
[2025-02-17 10:35:57] [Information] Already connected to preferred network: HellsGate-5.0G
[2025-02-17 10:35:57] [Information] Waiting 11 minutes before next check...
[2025-02-17 10:46:57] [Information] Currently connected to: HellsGate-5.0G
[2025-02-17 10:46:57] [Information] Already connected to preferred network: HellsGate-5.0G
[2025-02-17 10:46:57] [Information] Waiting 16 minutes before next check...
[2025-02-17 11:02:57] [Information] Currently connected to: HellsGate-5.0G
[2025-02-17 11:02:57] [Information] Already connected to preferred network: HellsGate-5.0G
[2025-02-17 11:02:57] [Information] Waiting 12 minutes before next check...
[2025-02-17 11:14:57] [Information] Currently connected to: HellsGate-5.0G
[2025-02-17 11:14:57] [Information] Already connected to preferred network: HellsGate-5.0G
[2025-02-17 11:14:57] [Information] Waiting 12 minutes before next check...
[2025-02-17 11:26:57] [Information] Currently connected to: HellsGate-5.0G
[2025-02-17 11:26:57] [Information] Already connected to preferred network: HellsGate-5.0G
[2025-02-17 11:26:57] [Information] Waiting 14 minutes before next check...
[2025-02-17 11:40:57] [Information] Currently connected to: HellsGate-5.0G
[2025-02-17 11:40:57] [Information] Already connected to preferred network: HellsGate-5.0G
[2025-02-17 11:40:57] [Information] Waiting 11 minutes before next check...
[2025-02-17 11:51:57] [Information] Currently connected to: HellsGate-5.0G
[2025-02-17 11:51:57] [Information] Already connected to preferred network: HellsGate-5.0G
[2025-02-17 11:51:57] [Information] Waiting 29 minutes before next check...
[2025-02-17 12:20:57] [Information] Currently connected to: HellsGate-5.0G
[2025-02-17 12:20:57] [Information] Already connected to preferred network: HellsGate-5.0G
[2025-02-17 12:20:57] [Information] Waiting 28 minutes before next check...
[2025-02-17 12:48:57] [Information] Currently connected to: HellsGate-5.0G
[2025-02-17 12:48:57] [Information] Already connected to preferred network: HellsGate-5.0G
[2025-02-17 12:48:57] [Information] Waiting 13 minutes before next check...
[2025-02-17 13:01:57] [Information] Currently connected to: HellsGate-5.0G
[2025-02-17 13:01:57] [Information] Already connected to preferred network: HellsGate-5.0G
[2025-02-17 13:01:57] [Information] Waiting 14 minutes before next check...
[2025-02-17 13:15:57] [Information] Currently connected to: HellsGate-5.0G
[2025-02-17 13:15:57] [Information] Already connected to preferred network: HellsGate-5.0G
[2025-02-17 13:15:57] [Information] Waiting 29 minutes before next check...
[2025-02-17 13:44:57] [Information] Currently connected to: HellsGate-5.0G
[2025-02-17 13:44:57] [Information] Already connected to preferred network: HellsGate-5.0G
[2025-02-17 13:44:57] [Information] Waiting 10 minutes before next check...
[2025-02-17 13:54:57] [Information] Currently connected to: HellsGate-5.0G
[2025-02-17 13:54:57] [Information] Already connected to preferred network: HellsGate-5.0G
[2025-02-17 13:54:57] [Information] Waiting 11 minutes before next check...
[2025-02-17 14:05:57] [Information] Currently connected to: HellsGate-5.0G
[2025-02-17 14:05:57] [Information] Already connected to preferred network: HellsGate-5.0G
[2025-02-17 14:05:57] [Information] Waiting 19 minutes before next check...
[2025-02-17 14:24:58] [Information] Currently connected to: HellsGate-5.0G
[2025-02-17 14:24:58] [Information] Already connected to preferred network: HellsGate-5.0G
[2025-02-17 14:24:58] [Information] Waiting 14 minutes before next check...
[2025-02-17 14:38:58] [Information] Currently connected to: HellsGate-5.0G
[2025-02-17 14:38:58] [Information] Already connected to preferred network: HellsGate-5.0G
[2025-02-17 14:38:58] [Information] Waiting 10 minutes before next check...
[2025-02-17 14:48:58] [Information] Currently connected to: HellsGate-5.0G
[2025-02-17 14:48:58] [Information] Already connected to preferred network: HellsGate-5.0G
[2025-02-17 14:48:58] [Information] Waiting 15 minutes before next check...
[2025-02-17 15:03:58] [Information] Currently connected to: HellsGate-5.0G
[2025-02-17 15:03:58] [Information] Already connected to preferred network: HellsGate-5.0G
[2025-02-17 15:03:58] [Information] Waiting 21 minutes before next check...
[2025-02-17 15:24:58] [Information] Currently connected to: HellsGate-5.0G
[2025-02-17 15:24:58] [Information] Already connected to preferred network: HellsGate-5.0G
[2025-02-17 15:24:58] [Information] Waiting 16 minutes before next check...
[2025-02-17 15:40:58] [Information] Currently connected to: HellsGate-5.0G
[2025-02-17 15:40:58] [Information] Already connected to preferred network: HellsGate-5.0G
[2025-02-17 15:40:58] [Information] Waiting 15 minutes before next check...
[2025-02-17 15:55:58] [Information] Currently connected to: HellsGate-5.0G
[2025-02-17 15:55:58] [Information] Already connected to preferred network: HellsGate-5.0G
[2025-02-17 15:55:58] [Information] Waiting 15 minutes before next check...
[2025-02-17 16:10:58] [Information] Currently connected to: HellsGate-5.0G
[2025-02-17 16:10:58] [Information] Already connected to preferred network: HellsGate-5.0G
[2025-02-17 16:10:58] [Information] Waiting 17 minutes before next check...
[2025-02-17 16:27:58] [Information] Currently connected to: HellsGate-5.0G
[2025-02-17 16:27:58] [Information] Already connected to preferred network: HellsGate-5.0G
[2025-02-17 16:27:58] [Information] Waiting 17 minutes before next check...
[2025-02-17 16:44:58] [Information] Currently connected to: HellsGate-5.0G
[2025-02-17 16:44:58] [Information] Already connected to preferred network: HellsGate-5.0G
[2025-02-17 16:44:58] [Information] Waiting 19 minutes before next check...
[2025-02-17 17:03:58] [Information] Currently connected to: HellsGate-5.0G
[2025-02-17 17:03:58] [Information] Already connected to preferred network: HellsGate-5.0G
[2025-02-17 17:03:58] [Information] Waiting 12 minutes before next check...
[2025-02-17 17:15:58] [Information] Currently connected to: HellsGate-5.0G
[2025-02-17 17:15:58] [Information] Already connected to preferred network: HellsGate-5.0G
[2025-02-17 17:15:58] [Information] Waiting 15 minutes before next check...
[2025-02-17 17:30:58] [Information] Currently connected to: HellsGate-5.0G
[2025-02-17 17:30:58] [Information] Already connected to preferred network: HellsGate-5.0G
[2025-02-17 17:30:58] [Information] Waiting 21 minutes before next check...
[2025-02-17 17:51:58] [Information] Currently connected to: HellsGate-5.0G
[2025-02-17 17:51:58] [Information] Already connected to preferred network: HellsGate-5.0G
[2025-02-17 17:51:58] [Information] Waiting 21 minutes before next check...
[2025-02-17 18:12:59] [Information] Currently connected to: HellsGate-5.0G
[2025-02-17 18:12:59] [Information] Already connected to preferred network: HellsGate-5.0G
[2025-02-17 18:12:59] [Information] Waiting 24 minutes before next check...
[2025-02-17 18:36:59] [Information] Currently connected to: HellsGate-5.0G
[2025-02-17 18:36:59] [Information] Already connected to preferred network: HellsGate-5.0G
[2025-02-17 18:36:59] [Information] Waiting 23 minutes before next check...
[2025-02-17 18:59:59] [Information] Currently connected to: HellsGate-5.0G
[2025-02-17 18:59:59] [Information] Already connected to preferred network: HellsGate-5.0G
[2025-02-17 18:59:59] [Information] Waiting 17 minutes before next check...
[2025-02-17 19:16:59] [Information] Currently connected to: HellsGate-5.0G
[2025-02-17 19:16:59] [Information] Already connected to preferred network: HellsGate-5.0G
[2025-02-17 19:16:59] [Information] Waiting 28 minutes before next check...
[2025-02-17 19:44:59] [Information] Currently connected to: HellsGate-5.0G
[2025-02-17 19:44:59] [Information] Already connected to preferred network: HellsGate-5.0G
[2025-02-17 19:44:59] [Information] Waiting 10 minutes before next check...
[2025-02-17 19:54:59] [Information] Currently connected to: HellsGate-5.0G
[2025-02-17 19:54:59] [Information] Already connected to preferred network: HellsGate-5.0G
[2025-02-17 19:54:59] [Information] Waiting 16 minutes before next check...
[2025-02-17 20:10:59] [Information] Currently connected to: HellsGate-5.0G
[2025-02-17 20:10:59] [Information] Already connected to preferred network: HellsGate-5.0G
[2025-02-17 20:10:59] [Information] Waiting 20 minutes before next check...
[2025-02-17 20:30:59] [Information] Currently connected to: HellsGate-5.0G
[2025-02-17 20:30:59] [Information] Already connected to preferred network: HellsGate-5.0G
[2025-02-17 20:30:59] [Information] Waiting 22 minutes before next check...
[2025-02-17 20:52:59] [Information] Currently connected to: HellsGate-5.0G
[2025-02-17 20:52:59] [Information] Already connected to preferred network: HellsGate-5.0G
[2025-02-17 20:52:59] [Information] Waiting 26 minutes before next check...
[2025-02-17 21:18:59] [Information] Currently connected to: HellsGate-5.0G
[2025-02-17 21:18:59] [Information] Already connected to preferred network: HellsGate-5.0G
[2025-02-17 21:18:59] [Information] Waiting 13 minutes before next check...
[2025-02-17 21:31:59] [Information] Currently connected to: HellsGate-5.0G
[2025-02-17 21:31:59] [Information] Already connected to preferred network: HellsGate-5.0G
[2025-02-17 21:31:59] [Information] Waiting 17 minutes before next check...
[2025-02-17 21:48:59] [Information] Currently connected to: HellsGate-5.0G
[2025-02-17 21:48:59] [Information] Already connected to preferred network: HellsGate-5.0G
[2025-02-17 21:48:59] [Information] Waiting 11 minutes before next check...
[2025-02-17 21:59:59] [Information] Currently connected to: HellsGate-5.0G
[2025-02-17 21:59:59] [Information] Already connected to preferred network: HellsGate-5.0G
[2025-02-17 21:59:59] [Information] Waiting 20 minutes before next check...
[2025-02-17 22:19:59] [Information] Currently connected to: HellsGate-5.0G
[2025-02-17 22:19:59] [Information] Already connected to preferred network: HellsGate-5.0G
[2025-02-17 22:19:59] [Information] Waiting 18 minutes before next check...
[2025-02-17 22:38:00] [Information] Currently connected to: HellsGate-5.0G
[2025-02-17 22:38:00] [Information] Already connected to preferred network: HellsGate-5.0G
[2025-02-17 22:38:00] [Information] Waiting 28 minutes before next check...
[2025-02-17 23:06:00] [Information] Currently connected to: HellsGate-5.0G
[2025-02-17 23:06:00] [Information] Already connected to preferred network: HellsGate-5.0G
[2025-02-17 23:06:00] [Information] Waiting 27 minutes before next check...
[2025-02-17 23:33:00] [Warning] No current WiFi connection
[2025-02-17 23:33:00] [Information] Scanning for preferred networks...
[2025-02-17 23:33:00] [Information] Found 5 networks
[2025-02-17 23:33:00] [Information] Attempting to connect to HellsGate-5.0G
[2025-02-17 23:33:05] [Information] Currently connected to: HellsGate-5.0G
[2025-02-17 23:33:05] [Information] Successfully connected to HellsGate-5.0G
[2025-02-17 23:33:05] [Information] Waiting 17 minutes before next check...
[2025-02-17 23:50:05] [Information] Currently connected to: HellsGate-5.0G
[2025-02-17 23:50:05] [Information] Already connected to preferred network: HellsGate-5.0G
[2025-02-17 23:50:05] [Information] Waiting 24 minutes before next check...
