[2025-05-16 00:08:55] [Information] Currently connected to: Merlin Wharf
[2025-05-16 00:08:55] [Information] Already connected to preferred network: Merlin Wharf
[2025-05-16 00:08:55] [Information] Waiting 15 minutes before next check...
[2025-05-16 00:23:56] [Information] Currently connected to: Merlin Wharf
[2025-05-16 00:23:56] [Information] Already connected to preferred network: Merlin Wharf
[2025-05-16 00:23:56] [Information] Waiting 16 minutes before next check...
[2025-05-16 00:39:56] [Information] Currently connected to: Merlin Wharf
[2025-05-16 00:39:56] [Information] Already connected to preferred network: Merlin Wharf
[2025-05-16 00:39:56] [Information] Waiting 19 minutes before next check...
[2025-05-16 00:58:56] [Information] Currently connected to: Merlin Wharf
[2025-05-16 00:58:56] [Information] Already connected to preferred network: Merlin Wharf
[2025-05-16 00:58:56] [Information] Waiting 12 minutes before next check...
[2025-05-16 01:10:56] [Information] Currently connected to: Merlin Wharf
[2025-05-16 01:10:56] [Information] Already connected to preferred network: Merlin Wharf
[2025-05-16 01:10:56] [Information] Waiting 24 minutes before next check...
[2025-05-16 01:34:56] [Information] Currently connected to: Merlin Wharf
[2025-05-16 01:34:56] [Information] Already connected to preferred network: Merlin Wharf
[2025-05-16 01:34:56] [Information] Waiting 25 minutes before next check...
[2025-05-16 01:59:56] [Information] Currently connected to: Merlin Wharf
[2025-05-16 01:59:56] [Information] Already connected to preferred network: Merlin Wharf
[2025-05-16 01:59:56] [Information] Waiting 23 minutes before next check...
[2025-05-16 02:22:56] [Information] Currently connected to: Merlin Wharf
[2025-05-16 02:22:56] [Information] Already connected to preferred network: Merlin Wharf
[2025-05-16 02:22:56] [Information] Waiting 14 minutes before next check...
[2025-05-16 02:36:56] [Information] Currently connected to: Merlin Wharf
[2025-05-16 02:36:56] [Information] Already connected to preferred network: Merlin Wharf
[2025-05-16 02:36:56] [Information] Waiting 10 minutes before next check...
[2025-05-16 02:46:56] [Information] Currently connected to: Merlin Wharf
[2025-05-16 02:46:56] [Information] Already connected to preferred network: Merlin Wharf
[2025-05-16 02:46:56] [Information] Waiting 21 minutes before next check...
[2025-05-16 03:07:56] [Information] Currently connected to: Merlin Wharf
[2025-05-16 03:07:56] [Information] Already connected to preferred network: Merlin Wharf
[2025-05-16 03:07:56] [Information] Waiting 17 minutes before next check...
[2025-05-16 03:24:56] [Information] Currently connected to: Merlin Wharf
[2025-05-16 03:24:56] [Information] Already connected to preferred network: Merlin Wharf
[2025-05-16 03:24:56] [Information] Waiting 11 minutes before next check...
[2025-05-16 03:35:57] [Information] Currently connected to: Merlin Wharf
[2025-05-16 03:35:57] [Information] Already connected to preferred network: Merlin Wharf
[2025-05-16 03:35:57] [Information] Waiting 10 minutes before next check...
[2025-05-16 03:45:57] [Information] Currently connected to: Merlin Wharf
[2025-05-16 03:45:57] [Information] Already connected to preferred network: Merlin Wharf
[2025-05-16 03:45:57] [Information] Waiting 16 minutes before next check...
[2025-05-16 04:01:57] [Information] Currently connected to: Merlin Wharf
[2025-05-16 04:01:57] [Information] Already connected to preferred network: Merlin Wharf
[2025-05-16 04:01:57] [Information] Waiting 27 minutes before next check...
[2025-05-16 04:28:57] [Information] Currently connected to: Merlin Wharf
[2025-05-16 04:28:57] [Information] Already connected to preferred network: Merlin Wharf
[2025-05-16 04:28:57] [Information] Waiting 19 minutes before next check...
[2025-05-16 04:47:57] [Information] Currently connected to: Merlin Wharf
[2025-05-16 04:47:57] [Information] Already connected to preferred network: Merlin Wharf
[2025-05-16 04:47:57] [Information] Waiting 10 minutes before next check...
[2025-05-16 04:57:57] [Information] Currently connected to: Merlin Wharf
[2025-05-16 04:57:57] [Information] Already connected to preferred network: Merlin Wharf
[2025-05-16 04:57:57] [Information] Waiting 17 minutes before next check...
[2025-05-16 05:14:57] [Information] Currently connected to: Merlin Wharf
[2025-05-16 05:14:57] [Information] Already connected to preferred network: Merlin Wharf
[2025-05-16 05:14:57] [Information] Waiting 27 minutes before next check...
[2025-05-16 05:41:57] [Information] Currently connected to: Merlin Wharf
[2025-05-16 05:41:57] [Information] Already connected to preferred network: Merlin Wharf
[2025-05-16 05:41:57] [Information] Waiting 15 minutes before next check...
[2025-05-16 05:56:57] [Information] Currently connected to: Merlin Wharf
[2025-05-16 05:56:57] [Information] Already connected to preferred network: Merlin Wharf
[2025-05-16 05:56:57] [Information] Waiting 13 minutes before next check...
[2025-05-16 06:09:57] [Information] Currently connected to: Merlin Wharf
[2025-05-16 06:09:57] [Information] Already connected to preferred network: Merlin Wharf
[2025-05-16 06:09:57] [Information] Waiting 14 minutes before next check...
[2025-05-16 06:23:57] [Information] Currently connected to: Merlin Wharf
[2025-05-16 06:23:57] [Information] Already connected to preferred network: Merlin Wharf
[2025-05-16 06:23:57] [Information] Waiting 17 minutes before next check...
[2025-05-16 06:40:58] [Information] Currently connected to: Merlin Wharf
[2025-05-16 06:40:58] [Information] Already connected to preferred network: Merlin Wharf
[2025-05-16 06:40:58] [Information] Waiting 10 minutes before next check...
[2025-05-16 06:50:58] [Information] Currently connected to: Merlin Wharf
[2025-05-16 06:50:58] [Information] Already connected to preferred network: Merlin Wharf
[2025-05-16 06:50:58] [Information] Waiting 18 minutes before next check...
[2025-05-16 07:09:04] [Information] Currently connected to: Merlin Wharf
[2025-05-16 07:09:04] [Information] Already connected to preferred network: Merlin Wharf
[2025-05-16 07:09:04] [Information] Waiting 17 minutes before next check...
[2025-05-16 07:26:04] [Information] Currently connected to: Merlin Wharf
[2025-05-16 07:26:04] [Information] Already connected to preferred network: Merlin Wharf
[2025-05-16 07:26:04] [Information] Waiting 19 minutes before next check...
[2025-05-16 07:45:04] [Information] Currently connected to: Merlin Wharf
[2025-05-16 07:45:04] [Information] Already connected to preferred network: Merlin Wharf
[2025-05-16 07:45:04] [Information] Waiting 19 minutes before next check...
[2025-05-16 08:04:05] [Information] Currently connected to: Merlin Wharf
[2025-05-16 08:04:05] [Information] Already connected to preferred network: Merlin Wharf
[2025-05-16 08:04:05] [Information] Waiting 23 minutes before next check...
[2025-05-16 08:27:05] [Information] Currently connected to: Merlin Wharf
[2025-05-16 08:27:05] [Information] Already connected to preferred network: Merlin Wharf
[2025-05-16 08:27:05] [Information] Waiting 11 minutes before next check...
[2025-05-16 08:38:05] [Information] Currently connected to: Merlin Wharf
[2025-05-16 08:38:05] [Information] Already connected to preferred network: Merlin Wharf
[2025-05-16 08:38:05] [Information] Waiting 18 minutes before next check...
[2025-05-16 08:56:05] [Information] Currently connected to: Merlin Wharf
[2025-05-16 08:56:05] [Information] Already connected to preferred network: Merlin Wharf
[2025-05-16 08:56:05] [Information] Waiting 15 minutes before next check...
[2025-05-16 09:11:05] [Information] Currently connected to: Merlin Wharf
[2025-05-16 09:11:05] [Information] Already connected to preferred network: Merlin Wharf
[2025-05-16 09:11:05] [Information] Waiting 25 minutes before next check...
[2025-05-16 09:36:05] [Information] Currently connected to: Merlin Wharf
[2025-05-16 09:36:05] [Information] Already connected to preferred network: Merlin Wharf
[2025-05-16 09:36:05] [Information] Waiting 23 minutes before next check...
[2025-05-16 09:59:05] [Information] Currently connected to: Merlin Wharf
[2025-05-16 09:59:05] [Information] Already connected to preferred network: Merlin Wharf
[2025-05-16 09:59:05] [Information] Waiting 16 minutes before next check...
[2025-05-16 10:15:05] [Information] Currently connected to: Merlin Wharf
[2025-05-16 10:15:05] [Information] Already connected to preferred network: Merlin Wharf
[2025-05-16 10:15:05] [Information] Waiting 11 minutes before next check...
[2025-05-16 10:26:05] [Information] Currently connected to: Merlin Wharf
[2025-05-16 10:26:05] [Information] Already connected to preferred network: Merlin Wharf
[2025-05-16 10:26:05] [Information] Waiting 15 minutes before next check...
[2025-05-16 10:41:05] [Information] Currently connected to: Merlin Wharf
[2025-05-16 10:41:05] [Information] Already connected to preferred network: Merlin Wharf
[2025-05-16 10:41:05] [Information] Waiting 12 minutes before next check...
[2025-05-16 10:53:05] [Information] Currently connected to: Merlin Wharf
[2025-05-16 10:53:05] [Information] Already connected to preferred network: Merlin Wharf
[2025-05-16 10:53:05] [Information] Waiting 16 minutes before next check...
[2025-05-16 11:09:06] [Information] Currently connected to: Merlin Wharf
[2025-05-16 11:09:06] [Information] Already connected to preferred network: Merlin Wharf
[2025-05-16 11:09:06] [Information] Waiting 10 minutes before next check...
[2025-05-16 11:19:06] [Information] Currently connected to: Merlin Wharf
[2025-05-16 11:19:06] [Information] Already connected to preferred network: Merlin Wharf
[2025-05-16 11:19:06] [Information] Waiting 18 minutes before next check...
[2025-05-16 11:37:06] [Information] Currently connected to: Merlin Wharf
[2025-05-16 11:37:06] [Information] Already connected to preferred network: Merlin Wharf
[2025-05-16 11:37:06] [Information] Waiting 14 minutes before next check...
[2025-05-16 11:51:06] [Information] Currently connected to: Merlin Wharf
[2025-05-16 11:51:06] [Information] Already connected to preferred network: Merlin Wharf
[2025-05-16 11:51:06] [Information] Waiting 29 minutes before next check...
[2025-05-16 12:20:06] [Information] Currently connected to: Merlin Wharf
[2025-05-16 12:20:06] [Information] Already connected to preferred network: Merlin Wharf
[2025-05-16 12:20:06] [Information] Waiting 17 minutes before next check...
[2025-05-16 12:37:06] [Information] Currently connected to: Merlin Wharf
[2025-05-16 12:37:06] [Information] Already connected to preferred network: Merlin Wharf
[2025-05-16 12:37:06] [Information] Waiting 25 minutes before next check...
[2025-05-16 13:02:06] [Information] Currently connected to: Merlin Wharf
[2025-05-16 13:02:06] [Information] Already connected to preferred network: Merlin Wharf
[2025-05-16 13:02:06] [Information] Waiting 29 minutes before next check...
[2025-05-16 13:31:06] [Information] Currently connected to: Merlin Wharf
[2025-05-16 13:31:06] [Information] Already connected to preferred network: Merlin Wharf
[2025-05-16 13:31:06] [Information] Waiting 17 minutes before next check...
[2025-05-16 13:48:06] [Information] Currently connected to: Merlin Wharf
[2025-05-16 13:48:06] [Information] Already connected to preferred network: Merlin Wharf
[2025-05-16 13:48:06] [Information] Waiting 11 minutes before next check...
[2025-05-16 13:59:06] [Information] Currently connected to: Merlin Wharf
[2025-05-16 13:59:06] [Information] Already connected to preferred network: Merlin Wharf
[2025-05-16 13:59:06] [Information] Waiting 28 minutes before next check...
[2025-05-16 14:27:06] [Information] Currently connected to: Merlin Wharf
[2025-05-16 14:27:06] [Information] Already connected to preferred network: Merlin Wharf
[2025-05-16 14:27:06] [Information] Waiting 29 minutes before next check...
[2025-05-16 14:56:06] [Information] Currently connected to: Merlin Wharf
[2025-05-16 14:56:06] [Information] Already connected to preferred network: Merlin Wharf
[2025-05-16 14:56:06] [Information] Waiting 15 minutes before next check...
[2025-05-16 15:11:07] [Information] Currently connected to: Merlin Wharf
[2025-05-16 15:11:07] [Information] Already connected to preferred network: Merlin Wharf
[2025-05-16 15:11:07] [Information] Waiting 10 minutes before next check...
[2025-05-16 15:21:07] [Information] Currently connected to: Merlin Wharf
[2025-05-16 15:21:07] [Information] Already connected to preferred network: Merlin Wharf
[2025-05-16 15:21:07] [Information] Waiting 28 minutes before next check...
[2025-05-16 15:49:07] [Information] Currently connected to: Merlin Wharf
[2025-05-16 15:49:07] [Information] Already connected to preferred network: Merlin Wharf
[2025-05-16 15:49:07] [Information] Waiting 25 minutes before next check...
[2025-05-16 16:14:07] [Information] Currently connected to: Merlin Wharf
[2025-05-16 16:14:07] [Information] Already connected to preferred network: Merlin Wharf
[2025-05-16 16:14:07] [Information] Waiting 28 minutes before next check...
[2025-05-16 16:42:07] [Information] Currently connected to: Merlin Wharf
[2025-05-16 16:42:07] [Information] Already connected to preferred network: Merlin Wharf
[2025-05-16 16:42:07] [Information] Waiting 27 minutes before next check...
[2025-05-16 17:09:07] [Information] Currently connected to: Merlin Wharf
[2025-05-16 17:09:07] [Information] Already connected to preferred network: Merlin Wharf
[2025-05-16 17:09:07] [Information] Waiting 20 minutes before next check...
[2025-05-16 17:29:07] [Information] Currently connected to: Merlin Wharf
[2025-05-16 17:29:07] [Information] Already connected to preferred network: Merlin Wharf
[2025-05-16 17:29:07] [Information] Waiting 25 minutes before next check...
[2025-05-16 17:54:07] [Information] Currently connected to: Merlin Wharf
[2025-05-16 17:54:07] [Information] Already connected to preferred network: Merlin Wharf
[2025-05-16 17:54:07] [Information] Waiting 13 minutes before next check...
[2025-05-16 18:07:07] [Information] Currently connected to: Merlin Wharf
[2025-05-16 18:07:07] [Information] Already connected to preferred network: Merlin Wharf
[2025-05-16 18:07:07] [Information] Waiting 21 minutes before next check...
[2025-05-16 18:28:07] [Information] Currently connected to: Merlin Wharf
[2025-05-16 18:28:07] [Information] Already connected to preferred network: Merlin Wharf
[2025-05-16 18:28:07] [Information] Waiting 11 minutes before next check...
[2025-05-16 18:39:07] [Information] Currently connected to: Merlin Wharf
[2025-05-16 18:39:07] [Information] Already connected to preferred network: Merlin Wharf
[2025-05-16 18:39:07] [Information] Waiting 12 minutes before next check...
[2025-05-16 18:51:07] [Information] Currently connected to: Merlin Wharf
[2025-05-16 18:51:07] [Information] Already connected to preferred network: Merlin Wharf
[2025-05-16 18:51:07] [Information] Waiting 13 minutes before next check...
[2025-05-16 19:04:08] [Information] Currently connected to: Merlin Wharf
[2025-05-16 19:04:08] [Information] Already connected to preferred network: Merlin Wharf
[2025-05-16 19:04:08] [Information] Waiting 11 minutes before next check...
[2025-05-16 19:15:08] [Information] Currently connected to: Merlin Wharf
[2025-05-16 19:15:08] [Information] Already connected to preferred network: Merlin Wharf
[2025-05-16 19:15:08] [Information] Waiting 18 minutes before next check...
[2025-05-16 19:33:08] [Information] Currently connected to: Merlin Wharf
[2025-05-16 19:33:08] [Information] Already connected to preferred network: Merlin Wharf
[2025-05-16 19:33:08] [Information] Waiting 18 minutes before next check...
[2025-05-16 19:51:08] [Information] Currently connected to: Merlin Wharf
[2025-05-16 19:51:08] [Information] Already connected to preferred network: Merlin Wharf
[2025-05-16 19:51:08] [Information] Waiting 28 minutes before next check...
[2025-05-16 20:19:08] [Information] Currently connected to: Merlin Wharf
[2025-05-16 20:19:08] [Information] Already connected to preferred network: Merlin Wharf
[2025-05-16 20:19:08] [Information] Waiting 27 minutes before next check...
[2025-05-16 20:46:08] [Information] Currently connected to: Nyati_CPEPro2_5G
[2025-05-16 20:46:08] [Information] Already connected to preferred network: Nyati_CPEPro2_5G
[2025-05-16 20:46:08] [Information] Waiting 28 minutes before next check...
[2025-05-16 21:14:08] [Information] Currently connected to: Nyati_CPEPro2_5G
[2025-05-16 21:14:08] [Information] Already connected to preferred network: Nyati_CPEPro2_5G
[2025-05-16 21:14:08] [Information] Waiting 23 minutes before next check...
[2025-05-16 21:37:08] [Information] Currently connected to: Nyati_CPEPro2_5G
[2025-05-16 21:37:08] [Information] Already connected to preferred network: Nyati_CPEPro2_5G
[2025-05-16 21:37:08] [Information] Waiting 24 minutes before next check...
[2025-05-16 22:01:08] [Information] Currently connected to: Nyati_CPEPro2_5G
[2025-05-16 22:01:08] [Information] Already connected to preferred network: Nyati_CPEPro2_5G
[2025-05-16 22:01:08] [Information] Waiting 17 minutes before next check...
[2025-05-16 22:18:08] [Information] Currently connected to: Nyati_CPEPro2_5G
[2025-05-16 22:18:08] [Information] Already connected to preferred network: Nyati_CPEPro2_5G
[2025-05-16 22:18:08] [Information] Waiting 24 minutes before next check...
[2025-05-16 22:42:08] [Information] Currently connected to: Nyati_CPEPro2_5G
[2025-05-16 22:42:08] [Information] Already connected to preferred network: Nyati_CPEPro2_5G
[2025-05-16 22:42:08] [Information] Waiting 10 minutes before next check...
[2025-05-16 22:52:08] [Information] Currently connected to: Nyati_CPEPro2_5G
[2025-05-16 22:52:08] [Information] Already connected to preferred network: Nyati_CPEPro2_5G
[2025-05-16 22:52:08] [Information] Waiting 20 minutes before next check...
[2025-05-16 23:12:09] [Information] Currently connected to: Nyati_CPEPro2_5G
[2025-05-16 23:12:09] [Information] Already connected to preferred network: Nyati_CPEPro2_5G
[2025-05-16 23:12:09] [Information] Waiting 25 minutes before next check...
[2025-05-16 23:37:09] [Information] Currently connected to: Nyati_CPEPro2_5G
[2025-05-16 23:37:09] [Information] Already connected to preferred network: Nyati_CPEPro2_5G
[2025-05-16 23:37:09] [Information] Waiting 14 minutes before next check...
[2025-05-16 23:51:09] [Information] Currently connected to: Nyati_CPEPro2_5G
[2025-05-16 23:51:09] [Information] Already connected to preferred network: Nyati_CPEPro2_5G
[2025-05-16 23:51:09] [Information] Waiting 13 minutes before next check...
