[2025-05-25 00:23:20] [Information] Currently connected to: Nyati_CPEPro2_2.4G
[2025-05-25 00:23:20] [Information] Already connected to preferred network: Nyati_CPEPro2_2.4G
[2025-05-25 00:23:20] [Information] Waiting 29 minutes before next check...
[2025-05-25 00:52:20] [Information] Currently connected to: Nyati_CPEPro2_2.4G
[2025-05-25 00:52:20] [Information] Already connected to preferred network: Nyati_CPEPro2_2.4G
[2025-05-25 00:52:20] [Information] Waiting 14 minutes before next check...
[2025-05-25 01:06:20] [Information] Currently connected to: Nyati_CPEPro2_2.4G
[2025-05-25 01:06:20] [Information] Already connected to preferred network: Nyati_CPEPro2_2.4G
[2025-05-25 01:06:20] [Information] Waiting 17 minutes before next check...
[2025-05-25 01:23:20] [Information] Currently connected to: Nyati_CPEPro2_2.4G
[2025-05-25 01:23:20] [Information] Already connected to preferred network: Nyati_CPEPro2_2.4G
[2025-05-25 01:23:20] [Information] Waiting 18 minutes before next check...
[2025-05-25 01:41:20] [Information] Currently connected to: Nyati_CPEPro2_2.4G
[2025-05-25 01:41:20] [Information] Already connected to preferred network: Nyati_CPEPro2_2.4G
[2025-05-25 01:41:20] [Information] Waiting 28 minutes before next check...
[2025-05-25 02:09:20] [Information] Currently connected to: Nyati_CPEPro2_2.4G
[2025-05-25 02:09:20] [Information] Already connected to preferred network: Nyati_CPEPro2_2.4G
[2025-05-25 02:09:20] [Information] Waiting 23 minutes before next check...
[2025-05-25 02:32:20] [Information] Currently connected to: Nyati_CPEPro2_2.4G
[2025-05-25 02:32:20] [Information] Already connected to preferred network: Nyati_CPEPro2_2.4G
[2025-05-25 02:32:20] [Information] Waiting 23 minutes before next check...
[2025-05-25 02:55:20] [Information] Currently connected to: Nyati_CPEPro2_2.4G
[2025-05-25 02:55:20] [Information] Already connected to preferred network: Nyati_CPEPro2_2.4G
[2025-05-25 02:55:20] [Information] Waiting 12 minutes before next check...
[2025-05-25 03:07:20] [Information] Currently connected to: Nyati_CPEPro2_2.4G
[2025-05-25 03:07:20] [Information] Already connected to preferred network: Nyati_CPEPro2_2.4G
[2025-05-25 03:07:20] [Information] Waiting 13 minutes before next check...
[2025-05-25 03:20:20] [Information] Currently connected to: Nyati_CPEPro2_2.4G
[2025-05-25 03:20:20] [Information] Already connected to preferred network: Nyati_CPEPro2_2.4G
[2025-05-25 03:20:20] [Information] Waiting 17 minutes before next check...
[2025-05-25 03:37:20] [Warning] No current WiFi connection
[2025-05-25 03:37:21] [Information] Scanning for preferred networks...
[2025-05-25 03:37:21] [Information] Found 11 networks
[2025-05-25 03:37:21] [Information] Attempting to connect to HellsGate-5.0G
[2025-05-25 03:37:26] [Information] Currently connected to: HellsGate-5.0G
[2025-05-25 03:37:26] [Information] Successfully connected to HellsGate-5.0G
[2025-05-25 03:37:26] [Information] Waiting 20 minutes before next check...
[2025-05-25 03:57:26] [Information] Currently connected to: HellsGate-5.0G
[2025-05-25 03:57:26] [Information] Already connected to preferred network: HellsGate-5.0G
[2025-05-25 03:57:26] [Information] Waiting 16 minutes before next check...
[2025-05-25 04:13:26] [Information] Currently connected to: HellsGate-5.0G
[2025-05-25 04:13:26] [Information] Already connected to preferred network: HellsGate-5.0G
[2025-05-25 04:13:26] [Information] Waiting 10 minutes before next check...
[2025-05-25 04:23:26] [Information] Currently connected to: HellsGate-5.0G
[2025-05-25 04:23:26] [Information] Already connected to preferred network: HellsGate-5.0G
[2025-05-25 04:23:26] [Information] Waiting 10 minutes before next check...
[2025-05-25 04:33:26] [Information] Currently connected to: HellsGate-5.0G
[2025-05-25 04:33:26] [Information] Already connected to preferred network: HellsGate-5.0G
[2025-05-25 04:33:26] [Information] Waiting 27 minutes before next check...
[2025-05-25 05:00:26] [Information] Currently connected to: HellsGate-5.0G
[2025-05-25 05:00:26] [Information] Already connected to preferred network: HellsGate-5.0G
[2025-05-25 05:00:26] [Information] Waiting 22 minutes before next check...
[2025-05-25 05:22:26] [Information] Currently connected to: HellsGate-5.0G
[2025-05-25 05:22:26] [Information] Already connected to preferred network: HellsGate-5.0G
[2025-05-25 05:22:26] [Information] Waiting 29 minutes before next check...
[2025-05-25 05:51:26] [Information] Currently connected to: HellsGate-5.0G
[2025-05-25 05:51:26] [Information] Already connected to preferred network: HellsGate-5.0G
[2025-05-25 05:51:26] [Information] Waiting 18 minutes before next check...
[2025-05-25 06:09:26] [Information] Currently connected to: HellsGate-5.0G
[2025-05-25 06:09:26] [Information] Already connected to preferred network: HellsGate-5.0G
[2025-05-25 06:09:26] [Information] Waiting 19 minutes before next check...
[2025-05-25 06:28:27] [Information] Currently connected to: HellsGate-5.0G
[2025-05-25 06:28:27] [Information] Already connected to preferred network: HellsGate-5.0G
[2025-05-25 06:28:27] [Information] Waiting 22 minutes before next check...
[2025-05-25 06:50:34] [Information] Currently connected to: HellsGate-5.0G
[2025-05-25 06:50:34] [Information] Already connected to preferred network: HellsGate-5.0G
[2025-05-25 06:50:34] [Information] Waiting 11 minutes before next check...
[2025-05-25 07:01:34] [Information] Currently connected to: HellsGate-5.0G
[2025-05-25 07:01:34] [Information] Already connected to preferred network: HellsGate-5.0G
[2025-05-25 07:01:34] [Information] Waiting 26 minutes before next check...
[2025-05-25 07:27:34] [Information] Currently connected to: HellsGate-5.0G
[2025-05-25 07:27:34] [Information] Already connected to preferred network: HellsGate-5.0G
[2025-05-25 07:27:34] [Information] Waiting 27 minutes before next check...
[2025-05-25 07:54:34] [Information] Currently connected to: HellsGate-5.0G
[2025-05-25 07:54:34] [Information] Already connected to preferred network: HellsGate-5.0G
[2025-05-25 07:54:34] [Information] Waiting 12 minutes before next check...
[2025-05-25 08:06:34] [Information] Currently connected to: HellsGate-5.0G
[2025-05-25 08:06:34] [Information] Already connected to preferred network: HellsGate-5.0G
[2025-05-25 08:06:34] [Information] Waiting 11 minutes before next check...
[2025-05-25 08:17:34] [Information] Currently connected to: HellsGate-5.0G
[2025-05-25 08:17:34] [Information] Already connected to preferred network: HellsGate-5.0G
[2025-05-25 08:17:34] [Information] Waiting 25 minutes before next check...
[2025-05-25 08:42:34] [Information] Currently connected to: HellsGate-5.0G
[2025-05-25 08:42:34] [Information] Already connected to preferred network: HellsGate-5.0G
[2025-05-25 08:42:34] [Information] Waiting 23 minutes before next check...
[2025-05-25 09:05:34] [Information] Currently connected to: HellsGate-5.0G
[2025-05-25 09:05:34] [Information] Already connected to preferred network: HellsGate-5.0G
[2025-05-25 09:05:34] [Information] Waiting 12 minutes before next check...
[2025-05-25 09:17:34] [Information] Currently connected to: HellsGate-5.0G
[2025-05-25 09:17:34] [Information] Already connected to preferred network: HellsGate-5.0G
[2025-05-25 09:17:34] [Information] Waiting 21 minutes before next check...
[2025-05-25 09:38:34] [Information] Currently connected to: HellsGate-5.0G
[2025-05-25 09:38:34] [Information] Already connected to preferred network: HellsGate-5.0G
[2025-05-25 09:38:34] [Information] Waiting 23 minutes before next check...
[2025-05-25 10:01:34] [Information] Currently connected to: HellsGate-5.0G
[2025-05-25 10:01:34] [Information] Already connected to preferred network: HellsGate-5.0G
[2025-05-25 10:01:34] [Information] Waiting 15 minutes before next check...
[2025-05-25 10:16:35] [Information] Currently connected to: HellsGate-5.0G
[2025-05-25 10:16:35] [Information] Already connected to preferred network: HellsGate-5.0G
[2025-05-25 10:16:35] [Information] Waiting 11 minutes before next check...
[2025-05-25 10:27:35] [Information] Currently connected to: HellsGate-5.0G
[2025-05-25 10:27:35] [Information] Already connected to preferred network: HellsGate-5.0G
[2025-05-25 10:27:35] [Information] Waiting 15 minutes before next check...
[2025-05-25 10:42:35] [Information] Currently connected to: HellsGate-5.0G
[2025-05-25 10:42:35] [Information] Already connected to preferred network: HellsGate-5.0G
[2025-05-25 10:42:35] [Information] Waiting 10 minutes before next check...
[2025-05-25 10:52:35] [Information] Currently connected to: HellsGate-5.0G
[2025-05-25 10:52:35] [Information] Already connected to preferred network: HellsGate-5.0G
[2025-05-25 10:52:35] [Information] Waiting 27 minutes before next check...
[2025-05-25 11:19:35] [Information] Currently connected to: HellsGate-5.0G
[2025-05-25 11:19:35] [Information] Already connected to preferred network: HellsGate-5.0G
[2025-05-25 11:19:35] [Information] Waiting 18 minutes before next check...
[2025-05-25 11:37:35] [Information] Currently connected to: HellsGate-5.0G
[2025-05-25 11:37:35] [Information] Already connected to preferred network: HellsGate-5.0G
[2025-05-25 11:37:35] [Information] Waiting 15 minutes before next check...
[2025-05-25 11:52:35] [Information] Currently connected to: HellsGate-5.0G
[2025-05-25 11:52:35] [Information] Already connected to preferred network: HellsGate-5.0G
[2025-05-25 11:52:35] [Information] Waiting 10 minutes before next check...
[2025-05-25 12:02:35] [Information] Currently connected to: HellsGate-5.0G
[2025-05-25 12:02:35] [Information] Already connected to preferred network: HellsGate-5.0G
[2025-05-25 12:02:35] [Information] Waiting 24 minutes before next check...
[2025-05-25 12:26:35] [Information] Currently connected to: HellsGate-5.0G
[2025-05-25 12:26:35] [Information] Already connected to preferred network: HellsGate-5.0G
[2025-05-25 12:26:35] [Information] Waiting 17 minutes before next check...
[2025-05-25 12:43:35] [Information] Currently connected to: HellsGate-5.0G
[2025-05-25 12:43:35] [Information] Already connected to preferred network: HellsGate-5.0G
[2025-05-25 12:43:35] [Information] Waiting 15 minutes before next check...
[2025-05-25 12:58:35] [Information] Currently connected to: Nyati_CPEPro2_2.4G
[2025-05-25 12:58:35] [Information] Already connected to preferred network: Nyati_CPEPro2_2.4G
[2025-05-25 12:58:35] [Information] Waiting 18 minutes before next check...
[2025-05-25 13:16:35] [Information] Currently connected to: Nyati_CPEPro2_2.4G
[2025-05-25 13:16:35] [Information] Already connected to preferred network: Nyati_CPEPro2_2.4G
[2025-05-25 13:16:35] [Information] Waiting 23 minutes before next check...
[2025-05-25 13:39:36] [Information] Currently connected to: Nyati_CPEPro2_2.4G
[2025-05-25 13:39:36] [Information] Already connected to preferred network: Nyati_CPEPro2_2.4G
[2025-05-25 13:39:36] [Information] Waiting 21 minutes before next check...
[2025-05-25 14:00:36] [Information] Currently connected to: Nyati_CPEPro2_2.4G
[2025-05-25 14:00:36] [Information] Already connected to preferred network: Nyati_CPEPro2_2.4G
[2025-05-25 14:00:36] [Information] Waiting 18 minutes before next check...
[2025-05-25 14:18:36] [Information] Currently connected to: Nyati_CPEPro2_2.4G
[2025-05-25 14:18:36] [Information] Already connected to preferred network: Nyati_CPEPro2_2.4G
[2025-05-25 14:18:36] [Information] Waiting 19 minutes before next check...
[2025-05-25 14:37:36] [Information] Currently connected to: Nyati_CPEPro2_2.4G
[2025-05-25 14:37:36] [Information] Already connected to preferred network: Nyati_CPEPro2_2.4G
[2025-05-25 14:37:36] [Information] Waiting 28 minutes before next check...
[2025-05-25 15:05:36] [Information] Currently connected to: Nyati_CPEPro2_2.4G
[2025-05-25 15:05:36] [Information] Already connected to preferred network: Nyati_CPEPro2_2.4G
[2025-05-25 15:05:36] [Information] Waiting 19 minutes before next check...
[2025-05-25 15:24:36] [Information] Currently connected to: Nyati_CPEPro2_2.4G
[2025-05-25 15:24:36] [Information] Already connected to preferred network: Nyati_CPEPro2_2.4G
[2025-05-25 15:24:36] [Information] Waiting 13 minutes before next check...
[2025-05-25 15:37:36] [Information] Currently connected to: Nyati_CPEPro2_2.4G
[2025-05-25 15:37:36] [Information] Already connected to preferred network: Nyati_CPEPro2_2.4G
[2025-05-25 15:37:36] [Information] Waiting 14 minutes before next check...
[2025-05-25 15:51:36] [Information] Currently connected to: Nyati_CPEPro2_2.4G
[2025-05-25 15:51:36] [Information] Already connected to preferred network: Nyati_CPEPro2_2.4G
[2025-05-25 15:51:36] [Information] Waiting 21 minutes before next check...
[2025-05-25 16:12:36] [Information] Currently connected to: Nyati_CPEPro2_2.4G
[2025-05-25 16:12:36] [Information] Already connected to preferred network: Nyati_CPEPro2_2.4G
[2025-05-25 16:12:36] [Information] Waiting 17 minutes before next check...
[2025-05-25 16:29:36] [Information] Currently connected to: Nyati_CPEPro2_2.4G
[2025-05-25 16:29:36] [Information] Already connected to preferred network: Nyati_CPEPro2_2.4G
[2025-05-25 16:29:36] [Information] Waiting 27 minutes before next check...
[2025-05-25 16:56:36] [Information] Currently connected to: Nyati_CPEPro2_2.4G
[2025-05-25 16:56:36] [Information] Already connected to preferred network: Nyati_CPEPro2_2.4G
[2025-05-25 16:56:36] [Information] Waiting 26 minutes before next check...
[2025-05-25 17:22:37] [Information] Currently connected to: Nyati_CPEPro2_2.4G
[2025-05-25 17:22:37] [Information] Already connected to preferred network: Nyati_CPEPro2_2.4G
[2025-05-25 17:22:37] [Information] Waiting 24 minutes before next check...
[2025-05-25 17:46:37] [Information] Currently connected to: Nyati_CPEPro2_2.4G
[2025-05-25 17:46:37] [Information] Already connected to preferred network: Nyati_CPEPro2_2.4G
[2025-05-25 17:46:37] [Information] Waiting 17 minutes before next check...
[2025-05-25 18:03:37] [Information] Currently connected to: Nyati_CPEPro2_2.4G
[2025-05-25 18:03:37] [Information] Already connected to preferred network: Nyati_CPEPro2_2.4G
[2025-05-25 18:03:37] [Information] Waiting 25 minutes before next check...
[2025-05-25 18:28:37] [Information] Currently connected to: Nyati_CPEPro2_2.4G
[2025-05-25 18:28:37] [Information] Already connected to preferred network: Nyati_CPEPro2_2.4G
[2025-05-25 18:28:37] [Information] Waiting 20 minutes before next check...
[2025-05-25 18:48:37] [Information] Currently connected to: Nyati_CPEPro2_2.4G
[2025-05-25 18:48:37] [Information] Already connected to preferred network: Nyati_CPEPro2_2.4G
[2025-05-25 18:48:37] [Information] Waiting 23 minutes before next check...
[2025-05-25 19:11:37] [Information] Currently connected to: Nyati_CPEPro2_2.4G
[2025-05-25 19:11:37] [Information] Already connected to preferred network: Nyati_CPEPro2_2.4G
[2025-05-25 19:11:37] [Information] Waiting 11 minutes before next check...
[2025-05-25 19:22:37] [Information] Currently connected to: Nyati_CPEPro2_2.4G
[2025-05-25 19:22:37] [Information] Already connected to preferred network: Nyati_CPEPro2_2.4G
[2025-05-25 19:22:37] [Information] Waiting 24 minutes before next check...
[2025-05-25 19:46:37] [Information] Currently connected to: Nyati_CPEPro2_2.4G
[2025-05-25 19:46:37] [Information] Already connected to preferred network: Nyati_CPEPro2_2.4G
[2025-05-25 19:46:37] [Information] Waiting 22 minutes before next check...
[2025-05-25 20:08:37] [Information] Currently connected to: Nyati_CPEPro2_2.4G
[2025-05-25 20:08:37] [Information] Already connected to preferred network: Nyati_CPEPro2_2.4G
[2025-05-25 20:08:37] [Information] Waiting 11 minutes before next check...
[2025-05-25 20:19:37] [Information] Currently connected to: Nyati_CPEPro2_2.4G
[2025-05-25 20:19:37] [Information] Already connected to preferred network: Nyati_CPEPro2_2.4G
[2025-05-25 20:19:37] [Information] Waiting 10 minutes before next check...
[2025-05-25 20:29:37] [Information] Currently connected to: Nyati_CPEPro2_2.4G
[2025-05-25 20:29:37] [Information] Already connected to preferred network: Nyati_CPEPro2_2.4G
[2025-05-25 20:29:37] [Information] Waiting 15 minutes before next check...
[2025-05-25 20:44:37] [Information] Currently connected to: Nyati_CPEPro2_2.4G
[2025-05-25 20:44:37] [Information] Already connected to preferred network: Nyati_CPEPro2_2.4G
[2025-05-25 20:44:37] [Information] Waiting 16 minutes before next check...
[2025-05-25 21:00:38] [Information] Currently connected to: Nyati_CPEPro2_2.4G
[2025-05-25 21:00:38] [Information] Already connected to preferred network: Nyati_CPEPro2_2.4G
[2025-05-25 21:00:38] [Information] Waiting 11 minutes before next check...
[2025-05-25 21:11:38] [Information] Currently connected to: Nyati_CPEPro2_2.4G
[2025-05-25 21:11:38] [Information] Already connected to preferred network: Nyati_CPEPro2_2.4G
[2025-05-25 21:11:38] [Information] Waiting 20 minutes before next check...
[2025-05-25 21:31:38] [Information] Currently connected to: Nyati_CPEPro2_2.4G
[2025-05-25 21:31:38] [Information] Already connected to preferred network: Nyati_CPEPro2_2.4G
[2025-05-25 21:31:38] [Information] Waiting 10 minutes before next check...
[2025-05-25 21:41:38] [Information] Currently connected to: Nyati_CPEPro2_2.4G
[2025-05-25 21:41:38] [Information] Already connected to preferred network: Nyati_CPEPro2_2.4G
[2025-05-25 21:41:38] [Information] Waiting 19 minutes before next check...
[2025-05-25 22:00:38] [Information] Currently connected to: Nyati_CPEPro2_2.4G
[2025-05-25 22:00:38] [Information] Already connected to preferred network: Nyati_CPEPro2_2.4G
[2025-05-25 22:00:38] [Information] Waiting 27 minutes before next check...
[2025-05-25 22:27:38] [Information] Currently connected to: Nyati_CPEPro2_2.4G
[2025-05-25 22:27:38] [Information] Already connected to preferred network: Nyati_CPEPro2_2.4G
[2025-05-25 22:27:38] [Information] Waiting 11 minutes before next check...
[2025-05-25 22:38:38] [Information] Currently connected to: Nyati_CPEPro2_2.4G
[2025-05-25 22:38:38] [Information] Already connected to preferred network: Nyati_CPEPro2_2.4G
[2025-05-25 22:38:38] [Information] Waiting 18 minutes before next check...
[2025-05-25 22:56:38] [Information] Currently connected to: Nyati_CPEPro2_2.4G
[2025-05-25 22:56:38] [Information] Already connected to preferred network: Nyati_CPEPro2_2.4G
[2025-05-25 22:56:38] [Information] Waiting 28 minutes before next check...
[2025-05-25 23:24:38] [Information] Currently connected to: Nyati_CPEPro2_2.4G
[2025-05-25 23:24:38] [Information] Already connected to preferred network: Nyati_CPEPro2_2.4G
[2025-05-25 23:24:38] [Information] Waiting 14 minutes before next check...
[2025-05-25 23:38:38] [Information] Currently connected to: Nyati_CPEPro2_2.4G
[2025-05-25 23:38:38] [Information] Already connected to preferred network: Nyati_CPEPro2_2.4G
[2025-05-25 23:38:38] [Information] Waiting 25 minutes before next check...
