[2025-01-16 00:07:01] [Information] Currently connected to: Nyati_CPEPro2_5G
[2025-01-16 00:07:01] [Information] Already connected to preferred network: Nyati_CPEPro2_5G
[2025-01-16 00:07:01] [Information] Waiting 16 minutes before next check...
[2025-01-16 00:23:01] [Information] Currently connected to: Nyati_CPEPro2_5G
[2025-01-16 00:23:01] [Information] Already connected to preferred network: Nyati_CPEPro2_5G
[2025-01-16 00:23:01] [Information] Waiting 17 minutes before next check...
[2025-01-16 00:40:01] [Information] Currently connected to: Nyati_CPEPro2_5G
[2025-01-16 00:40:01] [Information] Already connected to preferred network: Nyati_CPEPro2_5G
[2025-01-16 00:40:01] [Information] Waiting 16 minutes before next check...
[2025-01-16 00:56:01] [Information] Currently connected to: Nyati_CPEPro2_5G
[2025-01-16 00:56:01] [Information] Already connected to preferred network: Nyati_CPEPro2_5G
[2025-01-16 00:56:01] [Information] Waiting 24 minutes before next check...
[2025-01-16 01:20:01] [Information] Currently connected to: Nyati_CPEPro2_5G
[2025-01-16 01:20:01] [Information] Already connected to preferred network: Nyati_CPEPro2_5G
[2025-01-16 01:20:01] [Information] Waiting 21 minutes before next check...
[2025-01-16 01:41:01] [Information] Currently connected to: Nyati_CPEPro2_5G
[2025-01-16 01:41:01] [Information] Already connected to preferred network: Nyati_CPEPro2_5G
[2025-01-16 01:41:01] [Information] Waiting 20 minutes before next check...
[2025-01-16 02:01:01] [Information] Currently connected to: Nyati_CPEPro2_5G
[2025-01-16 02:01:01] [Information] Already connected to preferred network: Nyati_CPEPro2_5G
[2025-01-16 02:01:01] [Information] Waiting 17 minutes before next check...
[2025-01-16 02:18:01] [Information] Currently connected to: Nyati_CPEPro2_5G
[2025-01-16 02:18:01] [Information] Already connected to preferred network: Nyati_CPEPro2_5G
[2025-01-16 02:18:01] [Information] Waiting 29 minutes before next check...
[2025-01-16 02:47:01] [Information] Currently connected to: Nyati_CPEPro2_5G
[2025-01-16 02:47:01] [Information] Already connected to preferred network: Nyati_CPEPro2_5G
[2025-01-16 02:47:01] [Information] Waiting 29 minutes before next check...
[2025-01-16 03:16:01] [Information] Currently connected to: Nyati_CPEPro2_5G
[2025-01-16 03:16:01] [Information] Already connected to preferred network: Nyati_CPEPro2_5G
[2025-01-16 03:16:01] [Information] Waiting 16 minutes before next check...
[2025-01-16 03:32:01] [Information] Currently connected to: Nyati_CPEPro2_5G
[2025-01-16 03:32:01] [Information] Already connected to preferred network: Nyati_CPEPro2_5G
[2025-01-16 03:32:01] [Information] Waiting 13 minutes before next check...
[2025-01-16 03:45:02] [Information] Currently connected to: Nyati_CPEPro2_5G
[2025-01-16 03:45:02] [Information] Already connected to preferred network: Nyati_CPEPro2_5G
[2025-01-16 03:45:02] [Information] Waiting 12 minutes before next check...
[2025-01-16 03:57:02] [Information] Currently connected to: Nyati_CPEPro2_5G
[2025-01-16 03:57:02] [Information] Already connected to preferred network: Nyati_CPEPro2_5G
[2025-01-16 03:57:02] [Information] Waiting 27 minutes before next check...
[2025-01-16 04:24:02] [Information] Currently connected to: Nyati_CPEPro2_5G
[2025-01-16 04:24:02] [Information] Already connected to preferred network: Nyati_CPEPro2_5G
[2025-01-16 04:24:02] [Information] Waiting 28 minutes before next check...
[2025-01-16 04:52:02] [Information] Currently connected to: Nyati_CPEPro2_5G
[2025-01-16 04:52:02] [Information] Already connected to preferred network: Nyati_CPEPro2_5G
[2025-01-16 04:52:02] [Information] Waiting 24 minutes before next check...
[2025-01-16 05:16:02] [Information] Currently connected to: Nyati_CPEPro2_5G
[2025-01-16 05:16:02] [Information] Already connected to preferred network: Nyati_CPEPro2_5G
[2025-01-16 05:16:02] [Information] Waiting 29 minutes before next check...
[2025-01-16 05:45:02] [Information] Currently connected to: Nyati_CPEPro2_5G
[2025-01-16 05:45:02] [Information] Already connected to preferred network: Nyati_CPEPro2_5G
[2025-01-16 05:45:02] [Information] Waiting 26 minutes before next check...
[2025-01-16 06:11:02] [Information] Currently connected to: Nyati_CPEPro2_5G
[2025-01-16 06:11:02] [Information] Already connected to preferred network: Nyati_CPEPro2_5G
[2025-01-16 06:11:02] [Information] Waiting 26 minutes before next check...
[2025-01-16 06:37:02] [Information] Currently connected to: Nyati_CPEPro2_5G
[2025-01-16 06:37:02] [Information] Already connected to preferred network: Nyati_CPEPro2_5G
[2025-01-16 06:37:02] [Information] Waiting 11 minutes before next check...
[2025-01-16 06:48:02] [Information] Currently connected to: Nyati_CPEPro2_5G
[2025-01-16 06:48:02] [Information] Already connected to preferred network: Nyati_CPEPro2_5G
[2025-01-16 06:48:02] [Information] Waiting 20 minutes before next check...
[2025-01-16 07:08:02] [Information] Currently connected to: Nyati_CPEPro2_5G
[2025-01-16 07:08:02] [Information] Already connected to preferred network: Nyati_CPEPro2_5G
[2025-01-16 07:08:02] [Information] Waiting 10 minutes before next check...
[2025-01-16 07:18:02] [Information] Currently connected to: Nyati_CPEPro2_5G
[2025-01-16 07:18:02] [Information] Already connected to preferred network: Nyati_CPEPro2_5G
[2025-01-16 07:18:02] [Information] Waiting 18 minutes before next check...
[2025-01-16 07:36:02] [Information] Currently connected to: Nyati_CPEPro2_5G
[2025-01-16 07:36:02] [Information] Already connected to preferred network: Nyati_CPEPro2_5G
[2025-01-16 07:36:02] [Information] Waiting 11 minutes before next check...
[2025-01-16 07:47:02] [Information] Currently connected to: Nyati_CPEPro2_5G
[2025-01-16 07:47:02] [Information] Already connected to preferred network: Nyati_CPEPro2_5G
[2025-01-16 07:47:02] [Information] Waiting 21 minutes before next check...
[2025-01-16 08:08:02] [Information] Currently connected to: Nyati_CPEPro2_5G
[2025-01-16 08:08:02] [Information] Already connected to preferred network: Nyati_CPEPro2_5G
[2025-01-16 08:08:02] [Information] Waiting 17 minutes before next check...
[2025-01-16 08:25:02] [Information] Currently connected to: Nyati_CPEPro2_5G
[2025-01-16 08:25:02] [Information] Already connected to preferred network: Nyati_CPEPro2_5G
[2025-01-16 08:25:02] [Information] Waiting 20 minutes before next check...
[2025-01-16 08:45:03] [Information] Currently connected to: Nyati_CPEPro2_5G
[2025-01-16 08:45:03] [Information] Already connected to preferred network: Nyati_CPEPro2_5G
[2025-01-16 08:45:03] [Information] Waiting 18 minutes before next check...
[2025-01-16 09:03:03] [Information] Currently connected to: Nyati_CPEPro2_5G
[2025-01-16 09:03:03] [Information] Already connected to preferred network: Nyati_CPEPro2_5G
[2025-01-16 09:03:03] [Information] Waiting 24 minutes before next check...
[2025-01-16 09:27:03] [Information] Currently connected to: Nyati_CPEPro2_5G
[2025-01-16 09:27:03] [Information] Already connected to preferred network: Nyati_CPEPro2_5G
[2025-01-16 09:27:03] [Information] Waiting 12 minutes before next check...
[2025-01-16 09:39:03] [Information] Currently connected to: Nyati_CPEPro2_5G
[2025-01-16 09:39:03] [Information] Already connected to preferred network: Nyati_CPEPro2_5G
[2025-01-16 09:39:03] [Information] Waiting 10 minutes before next check...
[2025-01-16 09:49:03] [Information] Currently connected to: Nyati_CPEPro2_5G
[2025-01-16 09:49:03] [Information] Already connected to preferred network: Nyati_CPEPro2_5G
[2025-01-16 09:49:03] [Information] Waiting 11 minutes before next check...
[2025-01-16 10:00:03] [Information] Currently connected to: Nyati_CPEPro2_5G
[2025-01-16 10:00:03] [Information] Already connected to preferred network: Nyati_CPEPro2_5G
[2025-01-16 10:00:03] [Information] Waiting 20 minutes before next check...
[2025-01-16 10:20:03] [Information] Currently connected to: Nyati_CPEPro2_5G
[2025-01-16 10:20:03] [Information] Already connected to preferred network: Nyati_CPEPro2_5G
[2025-01-16 10:20:03] [Information] Waiting 12 minutes before next check...
[2025-01-16 10:32:03] [Information] Currently connected to: Nyati_CPEPro2_5G
[2025-01-16 10:32:03] [Information] Already connected to preferred network: Nyati_CPEPro2_5G
[2025-01-16 10:32:03] [Information] Waiting 12 minutes before next check...
[2025-01-16 10:44:03] [Information] Currently connected to: Nyati_CPEPro2_5G
[2025-01-16 10:44:03] [Information] Already connected to preferred network: Nyati_CPEPro2_5G
[2025-01-16 10:44:03] [Information] Waiting 28 minutes before next check...
[2025-01-16 11:12:03] [Information] Currently connected to: Nyati_CPEPro2_5G
[2025-01-16 11:12:03] [Information] Already connected to preferred network: Nyati_CPEPro2_5G
[2025-01-16 11:12:03] [Information] Waiting 27 minutes before next check...
[2025-01-16 11:39:03] [Information] Currently connected to: Nyati_CPEPro2_5G
[2025-01-16 11:39:03] [Information] Already connected to preferred network: Nyati_CPEPro2_5G
[2025-01-16 11:39:03] [Information] Waiting 25 minutes before next check...
[2025-01-16 12:04:03] [Information] Currently connected to: Nyati_CPEPro2_5G
[2025-01-16 12:04:03] [Information] Already connected to preferred network: Nyati_CPEPro2_5G
[2025-01-16 12:04:03] [Information] Waiting 15 minutes before next check...
[2025-01-16 12:19:03] [Information] Currently connected to: Nyati_CPEPro2_5G
[2025-01-16 12:19:03] [Information] Already connected to preferred network: Nyati_CPEPro2_5G
[2025-01-16 12:19:03] [Information] Waiting 29 minutes before next check...
[2025-01-16 12:48:03] [Information] Currently connected to: Nyati_CPEPro2_5G
[2025-01-16 12:48:03] [Information] Already connected to preferred network: Nyati_CPEPro2_5G
[2025-01-16 12:48:03] [Information] Waiting 19 minutes before next check...
[2025-01-16 13:07:03] [Information] Currently connected to: Nyati_CPEPro2_5G
[2025-01-16 13:07:03] [Information] Already connected to preferred network: Nyati_CPEPro2_5G
[2025-01-16 13:07:03] [Information] Waiting 15 minutes before next check...
[2025-01-16 13:22:04] [Information] Currently connected to: Nyati_CPEPro2_5G
[2025-01-16 13:22:04] [Information] Already connected to preferred network: Nyati_CPEPro2_5G
[2025-01-16 13:22:04] [Information] Waiting 15 minutes before next check...
[2025-01-16 13:37:04] [Information] Currently connected to: Nyati_CPEPro2_5G
[2025-01-16 13:37:04] [Information] Already connected to preferred network: Nyati_CPEPro2_5G
[2025-01-16 13:37:04] [Information] Waiting 15 minutes before next check...
[2025-01-16 13:52:04] [Information] Currently connected to: Nyati_CPEPro2_5G
[2025-01-16 13:52:04] [Information] Already connected to preferred network: Nyati_CPEPro2_5G
[2025-01-16 13:52:04] [Information] Waiting 16 minutes before next check...
[2025-01-16 14:08:04] [Information] Currently connected to: Nyati_CPEPro2_5G
[2025-01-16 14:08:04] [Information] Already connected to preferred network: Nyati_CPEPro2_5G
[2025-01-16 14:08:04] [Information] Waiting 21 minutes before next check...
[2025-01-16 14:29:04] [Information] Currently connected to: Nyati_CPEPro2_5G
[2025-01-16 14:29:04] [Information] Already connected to preferred network: Nyati_CPEPro2_5G
[2025-01-16 14:29:04] [Information] Waiting 17 minutes before next check...
[2025-01-16 14:46:04] [Information] Currently connected to: Nyati_CPEPro2_5G
[2025-01-16 14:46:04] [Information] Already connected to preferred network: Nyati_CPEPro2_5G
[2025-01-16 14:46:04] [Information] Waiting 13 minutes before next check...
[2025-01-16 14:59:04] [Information] Currently connected to: Nyati_CPEPro2_5G
[2025-01-16 14:59:04] [Information] Already connected to preferred network: Nyati_CPEPro2_5G
[2025-01-16 14:59:04] [Information] Waiting 22 minutes before next check...
[2025-01-16 15:21:04] [Information] Currently connected to: Nyati_CPEPro2_5G
[2025-01-16 15:21:04] [Information] Already connected to preferred network: Nyati_CPEPro2_5G
[2025-01-16 15:21:04] [Information] Waiting 11 minutes before next check...
[2025-01-16 15:32:04] [Information] Currently connected to: Nyati_CPEPro2_5G
[2025-01-16 15:32:04] [Information] Already connected to preferred network: Nyati_CPEPro2_5G
[2025-01-16 15:32:04] [Information] Waiting 21 minutes before next check...
[2025-01-16 15:53:04] [Information] Currently connected to: Nyati_CPEPro2_5G
[2025-01-16 15:53:04] [Information] Already connected to preferred network: Nyati_CPEPro2_5G
[2025-01-16 15:53:04] [Information] Waiting 16 minutes before next check...
[2025-01-16 16:09:04] [Information] Currently connected to: Nyati_CPEPro2_5G
[2025-01-16 16:09:04] [Information] Already connected to preferred network: Nyati_CPEPro2_5G
[2025-01-16 16:09:04] [Information] Waiting 22 minutes before next check...
[2025-01-16 16:31:04] [Information] Currently connected to: Nyati_CPEPro2_5G
[2025-01-16 16:31:04] [Information] Already connected to preferred network: Nyati_CPEPro2_5G
[2025-01-16 16:31:04] [Information] Waiting 27 minutes before next check...
[2025-01-16 16:58:04] [Information] Currently connected to: Nyati_CPEPro2_5G
[2025-01-16 16:58:04] [Information] Already connected to preferred network: Nyati_CPEPro2_5G
[2025-01-16 16:58:04] [Information] Waiting 13 minutes before next check...
[2025-01-16 17:11:04] [Information] Currently connected to: Nyati_CPEPro2_5G
[2025-01-16 17:11:04] [Information] Already connected to preferred network: Nyati_CPEPro2_5G
[2025-01-16 17:11:04] [Information] Waiting 25 minutes before next check...
[2025-01-16 17:36:04] [Information] Currently connected to: Nyati_CPEPro2_5G
[2025-01-16 17:36:04] [Information] Already connected to preferred network: Nyati_CPEPro2_5G
[2025-01-16 17:36:04] [Information] Waiting 29 minutes before next check...
[2025-01-16 18:05:05] [Information] Currently connected to: Nyati_CPEPro2_5G
[2025-01-16 18:05:05] [Information] Already connected to preferred network: Nyati_CPEPro2_5G
[2025-01-16 18:05:05] [Information] Waiting 28 minutes before next check...
[2025-01-16 18:33:05] [Information] Currently connected to: Nyati_CPEPro2_5G
[2025-01-16 18:33:05] [Information] Already connected to preferred network: Nyati_CPEPro2_5G
[2025-01-16 18:33:05] [Information] Waiting 19 minutes before next check...
[2025-01-16 18:52:05] [Information] Currently connected to: Nyati_CPEPro2_5G
[2025-01-16 18:52:05] [Information] Already connected to preferred network: Nyati_CPEPro2_5G
[2025-01-16 18:52:05] [Information] Waiting 25 minutes before next check...
[2025-01-16 19:17:05] [Information] Currently connected to: Nyati_CPEPro2_5G
[2025-01-16 19:17:05] [Information] Already connected to preferred network: Nyati_CPEPro2_5G
[2025-01-16 19:17:05] [Information] Waiting 23 minutes before next check...
[2025-01-16 19:40:05] [Information] Currently connected to: Nyati_CPEPro2_5G
[2025-01-16 19:40:05] [Information] Already connected to preferred network: Nyati_CPEPro2_5G
[2025-01-16 19:40:05] [Information] Waiting 15 minutes before next check...
[2025-01-16 19:55:05] [Information] Currently connected to: Nyati_CPEPro2_5G
[2025-01-16 19:55:05] [Information] Already connected to preferred network: Nyati_CPEPro2_5G
[2025-01-16 19:55:05] [Information] Waiting 13 minutes before next check...
[2025-01-16 20:08:05] [Information] Currently connected to: Nyati_CPEPro2_5G
[2025-01-16 20:08:05] [Information] Already connected to preferred network: Nyati_CPEPro2_5G
[2025-01-16 20:08:05] [Information] Waiting 13 minutes before next check...
[2025-01-16 20:21:05] [Information] Currently connected to: Nyati_CPEPro2_5G
[2025-01-16 20:21:05] [Information] Already connected to preferred network: Nyati_CPEPro2_5G
[2025-01-16 20:21:05] [Information] Waiting 29 minutes before next check...
[2025-01-16 20:50:05] [Information] Currently connected to: Nyati_CPEPro2_5G
[2025-01-16 20:50:05] [Information] Already connected to preferred network: Nyati_CPEPro2_5G
[2025-01-16 20:50:05] [Information] Waiting 23 minutes before next check...
[2025-01-16 21:13:05] [Information] Currently connected to: Nyati_CPEPro2_5G
[2025-01-16 21:13:05] [Information] Already connected to preferred network: Nyati_CPEPro2_5G
[2025-01-16 21:13:05] [Information] Waiting 29 minutes before next check...
[2025-01-16 21:42:05] [Information] Currently connected to: Nyati_CPEPro2_5G
[2025-01-16 21:42:05] [Information] Already connected to preferred network: Nyati_CPEPro2_5G
[2025-01-16 21:42:05] [Information] Waiting 27 minutes before next check...
[2025-01-16 22:09:05] [Information] Currently connected to: Serengeti_2.4G
[2025-01-16 22:09:05] [Information] Scanning for preferred networks...
[2025-01-16 22:09:05] [Information] Found 1 networks
[2025-01-16 22:09:05] [Warning] Could not connect to any preferred networks
[2025-01-16 22:09:05] [Information] Waiting 26 minutes before next check...
[2025-01-16 22:35:05] [Information] Currently connected to: Nyati_CPEPro2_5G
[2025-01-16 22:35:05] [Information] Already connected to preferred network: Nyati_CPEPro2_5G
[2025-01-16 22:35:05] [Information] Waiting 10 minutes before next check...
[2025-01-16 22:45:05] [Information] Currently connected to: Nyati_CPEPro2_5G
[2025-01-16 22:45:05] [Information] Already connected to preferred network: Nyati_CPEPro2_5G
[2025-01-16 22:45:05] [Information] Waiting 15 minutes before next check...
[2025-01-16 23:00:06] [Information] Currently connected to: Nyati_CPEPro2_5G
[2025-01-16 23:00:06] [Information] Already connected to preferred network: Nyati_CPEPro2_5G
[2025-01-16 23:00:06] [Information] Waiting 15 minutes before next check...
[2025-01-16 23:15:06] [Information] Currently connected to: Nyati_CPEPro2_5G
[2025-01-16 23:15:06] [Information] Already connected to preferred network: Nyati_CPEPro2_5G
[2025-01-16 23:15:06] [Information] Waiting 11 minutes before next check...
[2025-01-16 23:26:06] [Information] Currently connected to: Nyati_CPEPro2_5G
[2025-01-16 23:26:06] [Information] Already connected to preferred network: Nyati_CPEPro2_5G
[2025-01-16 23:26:06] [Information] Waiting 13 minutes before next check...
[2025-01-16 23:39:06] [Information] Currently connected to: Nyati_CPEPro2_5G
[2025-01-16 23:39:06] [Information] Already connected to preferred network: Nyati_CPEPro2_5G
[2025-01-16 23:39:06] [Information] Waiting 28 minutes before next check...
