[2025-05-13 04:00:16] [Information] Successfully registered scheduled task
[2025-05-13 04:00:17] [Information] WiFi connection manager started
[2025-05-13 04:00:18] [Warning] No current WiFi connection
[2025-05-13 04:00:18] [Information] Scanning for preferred networks...
[2025-05-13 04:00:18] [Information] Found 12 networks
[2025-05-13 04:00:18] [Information] Attempting to connect to HellsGate-5.0G
[2025-05-13 04:00:23] [Information] Currently connected to: HellsGate-5.0G
[2025-05-13 04:00:23] [Information] Successfully connected to HellsGate-5.0G
[2025-05-13 04:00:23] [Information] Waiting 18 minutes before next check...
[2025-05-13 04:18:23] [Information] Currently connected to: HellsGate-5.0G
[2025-05-13 04:18:23] [Information] Already connected to preferred network: HellsGate-5.0G
[2025-05-13 04:18:23] [Information] Waiting 10 minutes before next check...
[2025-05-13 04:28:23] [Information] Currently connected to: HellsGate-5.0G
[2025-05-13 04:28:23] [Information] Already connected to preferred network: HellsGate-5.0G
[2025-05-13 04:28:23] [Information] Waiting 24 minutes before next check...
[2025-05-13 04:52:23] [Information] Currently connected to: HellsGate-5.0G
[2025-05-13 04:52:23] [Information] Already connected to preferred network: HellsGate-5.0G
[2025-05-13 04:52:23] [Information] Waiting 10 minutes before next check...
[2025-05-13 05:02:23] [Information] Currently connected to: HellsGate-5.0G
[2025-05-13 05:02:23] [Information] Already connected to preferred network: HellsGate-5.0G
[2025-05-13 05:02:23] [Information] Waiting 28 minutes before next check...
[2025-05-13 05:30:24] [Information] Currently connected to: HellsGate-5.0G
[2025-05-13 05:30:24] [Information] Already connected to preferred network: HellsGate-5.0G
[2025-05-13 05:30:24] [Information] Waiting 12 minutes before next check...
[2025-05-13 05:42:24] [Information] Currently connected to: HellsGate-5.0G
[2025-05-13 05:42:24] [Information] Already connected to preferred network: HellsGate-5.0G
[2025-05-13 05:42:24] [Information] Waiting 29 minutes before next check...
[2025-05-13 06:11:24] [Information] Currently connected to: HellsGate-5.0G
[2025-05-13 06:11:24] [Information] Already connected to preferred network: HellsGate-5.0G
[2025-05-13 06:11:24] [Information] Waiting 14 minutes before next check...
[2025-05-13 06:25:24] [Information] Currently connected to: HellsGate-5.0G
[2025-05-13 06:25:24] [Information] Already connected to preferred network: HellsGate-5.0G
[2025-05-13 06:25:24] [Information] Waiting 15 minutes before next check...
[2025-05-13 06:40:24] [Information] Currently connected to: HellsGate-5.0G
[2025-05-13 06:40:24] [Information] Already connected to preferred network: HellsGate-5.0G
[2025-05-13 06:40:24] [Information] Waiting 28 minutes before next check...
[2025-05-13 07:08:24] [Information] Currently connected to: HellsGate-5.0G
[2025-05-13 07:08:24] [Information] Already connected to preferred network: HellsGate-5.0G
[2025-05-13 07:08:24] [Information] Waiting 20 minutes before next check...
[2025-05-13 07:28:24] [Information] Currently connected to: HellsGate-5.0G
[2025-05-13 07:28:24] [Information] Already connected to preferred network: HellsGate-5.0G
[2025-05-13 07:28:24] [Information] Waiting 12 minutes before next check...
[2025-05-13 07:40:24] [Information] Currently connected to: HellsGate-5.0G
[2025-05-13 07:40:24] [Information] Already connected to preferred network: HellsGate-5.0G
[2025-05-13 07:40:24] [Information] Waiting 13 minutes before next check...
[2025-05-13 07:53:24] [Information] Currently connected to: HellsGate-5.0G
[2025-05-13 07:53:24] [Information] Already connected to preferred network: HellsGate-5.0G
[2025-05-13 07:53:24] [Information] Waiting 22 minutes before next check...
[2025-05-13 08:15:24] [Information] Currently connected to: HellsGate-5.0G
[2025-05-13 08:15:24] [Information] Already connected to preferred network: HellsGate-5.0G
[2025-05-13 08:15:24] [Information] Waiting 15 minutes before next check...
[2025-05-13 08:30:24] [Information] Currently connected to: HellsGate-5.0G
[2025-05-13 08:30:24] [Information] Already connected to preferred network: HellsGate-5.0G
[2025-05-13 08:30:24] [Information] Waiting 13 minutes before next check...
[2025-05-13 08:43:24] [Information] Currently connected to: HellsGate-5.0G
[2025-05-13 08:43:24] [Information] Already connected to preferred network: HellsGate-5.0G
[2025-05-13 08:43:24] [Information] Waiting 13 minutes before next check...
[2025-05-13 08:56:25] [Information] Currently connected to: HellsGate-5.0G
[2025-05-13 08:56:25] [Information] Already connected to preferred network: HellsGate-5.0G
[2025-05-13 08:56:25] [Information] Waiting 29 minutes before next check...
[2025-05-13 09:25:25] [Information] Currently connected to: HellsGate-5.0G
[2025-05-13 09:25:25] [Information] Already connected to preferred network: HellsGate-5.0G
[2025-05-13 09:25:25] [Information] Waiting 10 minutes before next check...
[2025-05-13 09:35:25] [Information] Currently connected to: HellsGate-5.0G
[2025-05-13 09:35:25] [Information] Already connected to preferred network: HellsGate-5.0G
[2025-05-13 09:35:25] [Information] Waiting 19 minutes before next check...
[2025-05-13 09:54:25] [Information] Currently connected to: HellsGate-5.0G
[2025-05-13 09:54:25] [Information] Already connected to preferred network: HellsGate-5.0G
[2025-05-13 09:54:25] [Information] Waiting 11 minutes before next check...
[2025-05-13 10:05:25] [Information] Currently connected to: HellsGate-5.0G
[2025-05-13 10:05:25] [Information] Already connected to preferred network: HellsGate-5.0G
[2025-05-13 10:05:25] [Information] Waiting 17 minutes before next check...
[2025-05-13 10:22:25] [Information] Currently connected to: HellsGate-5.0G
[2025-05-13 10:22:25] [Information] Already connected to preferred network: HellsGate-5.0G
[2025-05-13 10:22:25] [Information] Waiting 14 minutes before next check...
[2025-05-13 10:36:25] [Information] Currently connected to: HellsGate-5.0G
[2025-05-13 10:36:25] [Information] Already connected to preferred network: HellsGate-5.0G
[2025-05-13 10:36:25] [Information] Waiting 28 minutes before next check...
[2025-05-13 11:04:25] [Information] Currently connected to: HellsGate-5.0G
[2025-05-13 11:04:25] [Information] Already connected to preferred network: HellsGate-5.0G
[2025-05-13 11:04:25] [Information] Waiting 21 minutes before next check...
[2025-05-13 11:25:25] [Information] Currently connected to: HellsGate-5.0G
[2025-05-13 11:25:25] [Information] Already connected to preferred network: HellsGate-5.0G
[2025-05-13 11:25:25] [Information] Waiting 17 minutes before next check...
[2025-05-13 11:42:25] [Information] Currently connected to: HellsGate-5.0G
[2025-05-13 11:42:25] [Information] Already connected to preferred network: HellsGate-5.0G
[2025-05-13 11:42:25] [Information] Waiting 15 minutes before next check...
[2025-05-13 11:57:25] [Information] Currently connected to: HellsGate-5.0G
[2025-05-13 11:57:25] [Information] Already connected to preferred network: HellsGate-5.0G
[2025-05-13 11:57:25] [Information] Waiting 17 minutes before next check...
[2025-05-13 12:14:26] [Information] Currently connected to: HellsGate-5.0G
[2025-05-13 12:14:26] [Information] Already connected to preferred network: HellsGate-5.0G
[2025-05-13 12:14:26] [Information] Waiting 28 minutes before next check...
[2025-05-13 12:42:26] [Information] Currently connected to: HellsGate-5.0G
[2025-05-13 12:42:26] [Information] Already connected to preferred network: HellsGate-5.0G
[2025-05-13 12:42:26] [Information] Waiting 26 minutes before next check...
[2025-05-13 13:08:26] [Information] Currently connected to: HellsGate-5.0G
[2025-05-13 13:08:26] [Information] Already connected to preferred network: HellsGate-5.0G
[2025-05-13 13:08:26] [Information] Waiting 12 minutes before next check...
[2025-05-13 13:20:26] [Information] Currently connected to: HellsGate-5.0G
[2025-05-13 13:20:26] [Information] Already connected to preferred network: HellsGate-5.0G
[2025-05-13 13:20:26] [Information] Waiting 14 minutes before next check...
[2025-05-13 13:34:26] [Information] Currently connected to: HellsGate-5.0G
[2025-05-13 13:34:26] [Information] Already connected to preferred network: HellsGate-5.0G
[2025-05-13 13:34:26] [Information] Waiting 27 minutes before next check...
[2025-05-13 14:01:26] [Information] Currently connected to: HellsGate-5.0G
[2025-05-13 14:01:26] [Information] Already connected to preferred network: HellsGate-5.0G
[2025-05-13 14:01:26] [Information] Waiting 12 minutes before next check...
[2025-05-13 14:13:26] [Information] Currently connected to: HellsGate-5.0G
[2025-05-13 14:13:26] [Information] Already connected to preferred network: HellsGate-5.0G
[2025-05-13 14:13:26] [Information] Waiting 17 minutes before next check...
[2025-05-13 14:30:26] [Information] Currently connected to: HellsGate-5.0G
[2025-05-13 14:30:26] [Information] Already connected to preferred network: HellsGate-5.0G
[2025-05-13 14:30:26] [Information] Waiting 15 minutes before next check...
[2025-05-13 14:45:26] [Information] Currently connected to: HellsGate-5.0G
[2025-05-13 14:45:26] [Information] Already connected to preferred network: HellsGate-5.0G
[2025-05-13 14:45:26] [Information] Waiting 19 minutes before next check...
[2025-05-13 15:04:26] [Information] Currently connected to: HellsGate-5.0G
[2025-05-13 15:04:26] [Information] Already connected to preferred network: HellsGate-5.0G
[2025-05-13 15:04:26] [Information] Waiting 21 minutes before next check...
[2025-05-13 15:25:26] [Information] Currently connected to: HellsGate-5.0G
[2025-05-13 15:25:26] [Information] Already connected to preferred network: HellsGate-5.0G
[2025-05-13 15:25:26] [Information] Waiting 20 minutes before next check...
[2025-05-13 15:45:26] [Information] Currently connected to: HellsGate-5.0G
[2025-05-13 15:45:26] [Information] Already connected to preferred network: HellsGate-5.0G
[2025-05-13 15:45:26] [Information] Waiting 23 minutes before next check...
[2025-05-13 16:08:27] [Information] Currently connected to: HellsGate-5.0G
[2025-05-13 16:08:27] [Information] Already connected to preferred network: HellsGate-5.0G
[2025-05-13 16:08:27] [Information] Waiting 23 minutes before next check...
[2025-05-13 16:31:27] [Information] Currently connected to: HellsGate-5.0G
[2025-05-13 16:31:27] [Information] Already connected to preferred network: HellsGate-5.0G
[2025-05-13 16:31:27] [Information] Waiting 20 minutes before next check...
[2025-05-13 16:51:27] [Information] Currently connected to: HellsGate-5.0G
[2025-05-13 16:51:27] [Information] Already connected to preferred network: HellsGate-5.0G
[2025-05-13 16:51:27] [Information] Waiting 17 minutes before next check...
[2025-05-13 17:08:27] [Information] Currently connected to: HellsGate-5.0G
[2025-05-13 17:08:27] [Information] Already connected to preferred network: HellsGate-5.0G
[2025-05-13 17:08:27] [Information] Waiting 15 minutes before next check...
[2025-05-13 17:23:27] [Information] Currently connected to: HellsGate-5.0G
[2025-05-13 17:23:27] [Information] Already connected to preferred network: HellsGate-5.0G
[2025-05-13 17:23:27] [Information] Waiting 29 minutes before next check...
[2025-05-13 17:52:27] [Information] Currently connected to: HellsGate-5.0G
[2025-05-13 17:52:27] [Information] Already connected to preferred network: HellsGate-5.0G
[2025-05-13 17:52:27] [Information] Waiting 19 minutes before next check...
[2025-05-13 18:11:27] [Information] Currently connected to: HellsGate-5.0G
[2025-05-13 18:11:27] [Information] Already connected to preferred network: HellsGate-5.0G
[2025-05-13 18:11:27] [Information] Waiting 24 minutes before next check...
[2025-05-13 18:35:27] [Information] Currently connected to: HellsGate-5.0G
[2025-05-13 18:35:27] [Information] Already connected to preferred network: HellsGate-5.0G
[2025-05-13 18:35:27] [Information] Waiting 11 minutes before next check...
[2025-05-13 18:46:27] [Information] Currently connected to: HellsGate-5.0G
[2025-05-13 18:46:27] [Information] Already connected to preferred network: HellsGate-5.0G
[2025-05-13 18:46:27] [Information] Waiting 19 minutes before next check...
[2025-05-13 19:05:27] [Information] Currently connected to: HellsGate-5.0G
[2025-05-13 19:05:27] [Information] Already connected to preferred network: HellsGate-5.0G
[2025-05-13 19:05:27] [Information] Waiting 19 minutes before next check...
[2025-05-13 19:24:27] [Information] Currently connected to: HellsGate-5.0G
[2025-05-13 19:24:27] [Information] Already connected to preferred network: HellsGate-5.0G
[2025-05-13 19:24:27] [Information] Waiting 19 minutes before next check...
[2025-05-13 19:43:27] [Information] Currently connected to: HellsGate-5.0G
[2025-05-13 19:43:28] [Information] Already connected to preferred network: HellsGate-5.0G
[2025-05-13 19:43:28] [Information] Waiting 19 minutes before next check...
[2025-05-13 20:02:28] [Information] Currently connected to: HellsGate-5.0G
[2025-05-13 20:02:28] [Information] Already connected to preferred network: HellsGate-5.0G
[2025-05-13 20:02:28] [Information] Waiting 16 minutes before next check...
[2025-05-13 20:18:28] [Information] Currently connected to: HellsGate-5.0G
[2025-05-13 20:18:28] [Information] Already connected to preferred network: HellsGate-5.0G
[2025-05-13 20:18:28] [Information] Waiting 16 minutes before next check...
[2025-05-13 20:34:28] [Information] Currently connected to: HellsGate-5.0G
[2025-05-13 20:34:28] [Information] Already connected to preferred network: HellsGate-5.0G
[2025-05-13 20:34:28] [Information] Waiting 29 minutes before next check...
[2025-05-13 21:03:28] [Information] Currently connected to: Merlin Wharf
[2025-05-13 21:03:28] [Information] Already connected to preferred network: Merlin Wharf
[2025-05-13 21:03:28] [Information] Waiting 27 minutes before next check...
[2025-05-13 21:30:28] [Information] Currently connected to: Merlin Wharf
[2025-05-13 21:30:28] [Information] Already connected to preferred network: Merlin Wharf
[2025-05-13 21:30:28] [Information] Waiting 20 minutes before next check...
[2025-05-13 21:50:28] [Information] Currently connected to: Merlin Wharf
[2025-05-13 21:50:28] [Information] Already connected to preferred network: Merlin Wharf
[2025-05-13 21:50:28] [Information] Waiting 27 minutes before next check...
[2025-05-13 22:17:28] [Information] Currently connected to: Merlin Wharf
[2025-05-13 22:17:28] [Information] Already connected to preferred network: Merlin Wharf
[2025-05-13 22:17:28] [Information] Waiting 29 minutes before next check...
[2025-05-13 22:46:28] [Information] Currently connected to: Merlin Wharf
[2025-05-13 22:46:28] [Information] Already connected to preferred network: Merlin Wharf
[2025-05-13 22:46:28] [Information] Waiting 10 minutes before next check...
[2025-05-13 22:56:28] [Information] Currently connected to: Merlin Wharf
[2025-05-13 22:56:28] [Information] Already connected to preferred network: Merlin Wharf
[2025-05-13 22:56:28] [Information] Waiting 24 minutes before next check...
[2025-05-13 23:20:28] [Information] Currently connected to: Merlin Wharf
[2025-05-13 23:20:28] [Information] Already connected to preferred network: Merlin Wharf
[2025-05-13 23:20:28] [Information] Waiting 29 minutes before next check...
[2025-05-13 23:49:28] [Information] Currently connected to: Merlin Wharf
[2025-05-13 23:49:28] [Information] Already connected to preferred network: Merlin Wharf
[2025-05-13 23:49:28] [Information] Waiting 27 minutes before next check...
