[2025-05-08 00:21:18] [Information] Currently connected to: HellsGate-5.0G
[2025-05-08 00:21:18] [Information] Already connected to preferred network: HellsGate-5.0G
[2025-05-08 00:21:18] [Information] Waiting 28 minutes before next check...
[2025-05-08 00:49:18] [Information] Currently connected to: HellsGate-5.0G
[2025-05-08 00:49:18] [Information] Already connected to preferred network: HellsGate-5.0G
[2025-05-08 00:49:18] [Information] Waiting 14 minutes before next check...
[2025-05-08 01:03:19] [Information] Currently connected to: HellsGate-5.0G
[2025-05-08 01:03:19] [Information] Already connected to preferred network: HellsGate-5.0G
[2025-05-08 01:03:19] [Information] Waiting 18 minutes before next check...
[2025-05-08 01:21:19] [Information] Currently connected to: HellsGate-5.0G
[2025-05-08 01:21:19] [Information] Already connected to preferred network: HellsGate-5.0G
[2025-05-08 01:21:19] [Information] Waiting 10 minutes before next check...
[2025-05-08 01:31:19] [Information] Currently connected to: HellsGate-5.0G
[2025-05-08 01:31:19] [Information] Already connected to preferred network: HellsGate-5.0G
[2025-05-08 01:31:19] [Information] Waiting 28 minutes before next check...
[2025-05-08 01:59:19] [Information] Currently connected to: HellsGate-5.0G
[2025-05-08 01:59:19] [Information] Already connected to preferred network: HellsGate-5.0G
[2025-05-08 01:59:19] [Information] Waiting 24 minutes before next check...
[2025-05-08 02:23:19] [Information] Currently connected to: HellsGate-5.0G
[2025-05-08 02:23:19] [Information] Already connected to preferred network: HellsGate-5.0G
[2025-05-08 02:23:19] [Information] Waiting 18 minutes before next check...
[2025-05-08 02:41:19] [Information] Currently connected to: HellsGate-5.0G
[2025-05-08 02:41:19] [Information] Already connected to preferred network: HellsGate-5.0G
[2025-05-08 02:41:19] [Information] Waiting 27 minutes before next check...
[2025-05-08 03:08:19] [Information] Currently connected to: HellsGate-5.0G
[2025-05-08 03:08:19] [Information] Already connected to preferred network: HellsGate-5.0G
[2025-05-08 03:08:19] [Information] Waiting 16 minutes before next check...
[2025-05-08 03:24:19] [Information] Currently connected to: HellsGate-5.0G
[2025-05-08 03:24:19] [Information] Already connected to preferred network: HellsGate-5.0G
[2025-05-08 03:24:19] [Information] Waiting 20 minutes before next check...
[2025-05-08 03:44:19] [Information] Currently connected to: HellsGate-5.0G
[2025-05-08 03:44:19] [Information] Already connected to preferred network: HellsGate-5.0G
[2025-05-08 03:44:19] [Information] Waiting 11 minutes before next check...
[2025-05-08 03:55:19] [Information] Currently connected to: HellsGate-5.0G
[2025-05-08 03:55:19] [Information] Already connected to preferred network: HellsGate-5.0G
[2025-05-08 03:55:19] [Information] Waiting 12 minutes before next check...
[2025-05-08 04:07:19] [Information] Currently connected to: HellsGate-5.0G
[2025-05-08 04:07:19] [Information] Already connected to preferred network: HellsGate-5.0G
[2025-05-08 04:07:19] [Information] Waiting 10 minutes before next check...
[2025-05-08 04:17:19] [Information] Currently connected to: HellsGate-5.0G
[2025-05-08 04:17:19] [Information] Already connected to preferred network: HellsGate-5.0G
[2025-05-08 04:17:19] [Information] Waiting 18 minutes before next check...
[2025-05-08 04:35:20] [Information] Currently connected to: HellsGate-5.0G
[2025-05-08 04:35:20] [Information] Already connected to preferred network: HellsGate-5.0G
[2025-05-08 04:35:20] [Information] Waiting 16 minutes before next check...
[2025-05-08 04:51:20] [Information] Currently connected to: HellsGate-5.0G
[2025-05-08 04:51:20] [Information] Already connected to preferred network: HellsGate-5.0G
[2025-05-08 04:51:20] [Information] Waiting 23 minutes before next check...
[2025-05-08 05:14:20] [Information] Currently connected to: HellsGate-5.0G
[2025-05-08 05:14:20] [Information] Already connected to preferred network: HellsGate-5.0G
[2025-05-08 05:14:20] [Information] Waiting 16 minutes before next check...
[2025-05-08 05:30:20] [Information] Currently connected to: HellsGate-5.0G
[2025-05-08 05:30:20] [Information] Already connected to preferred network: HellsGate-5.0G
[2025-05-08 05:30:20] [Information] Waiting 13 minutes before next check...
[2025-05-08 05:43:20] [Information] Currently connected to: HellsGate-5.0G
[2025-05-08 05:43:20] [Information] Already connected to preferred network: HellsGate-5.0G
[2025-05-08 05:43:20] [Information] Waiting 16 minutes before next check...
[2025-05-08 05:59:20] [Information] Currently connected to: HellsGate-5.0G
[2025-05-08 05:59:20] [Information] Already connected to preferred network: HellsGate-5.0G
[2025-05-08 05:59:20] [Information] Waiting 11 minutes before next check...
[2025-05-08 06:10:20] [Information] Currently connected to: HellsGate-5.0G
[2025-05-08 06:10:20] [Information] Already connected to preferred network: HellsGate-5.0G
[2025-05-08 06:10:20] [Information] Waiting 18 minutes before next check...
[2025-05-08 06:28:20] [Information] Currently connected to: HellsGate-5.0G
[2025-05-08 06:28:20] [Information] Already connected to preferred network: HellsGate-5.0G
[2025-05-08 06:28:20] [Information] Waiting 16 minutes before next check...
[2025-05-08 06:44:27] [Information] Currently connected to: HellsGate-5.0G
[2025-05-08 06:44:27] [Information] Already connected to preferred network: HellsGate-5.0G
[2025-05-08 06:44:27] [Information] Waiting 28 minutes before next check...
[2025-05-08 07:12:27] [Information] Currently connected to: HellsGate-5.0G
[2025-05-08 07:12:27] [Information] Already connected to preferred network: HellsGate-5.0G
[2025-05-08 07:12:27] [Information] Waiting 16 minutes before next check...
[2025-05-08 07:28:27] [Information] Currently connected to: HellsGate-5.0G
[2025-05-08 07:28:27] [Information] Already connected to preferred network: HellsGate-5.0G
[2025-05-08 07:28:27] [Information] Waiting 17 minutes before next check...
[2025-05-08 07:45:27] [Information] Currently connected to: HellsGate-5.0G
[2025-05-08 07:45:27] [Information] Already connected to preferred network: HellsGate-5.0G
[2025-05-08 07:45:27] [Information] Waiting 11 minutes before next check...
[2025-05-08 07:56:27] [Information] Currently connected to: HellsGate-5.0G
[2025-05-08 07:56:27] [Information] Already connected to preferred network: HellsGate-5.0G
[2025-05-08 07:56:27] [Information] Waiting 27 minutes before next check...
[2025-05-08 08:23:27] [Information] Currently connected to: HellsGate-5.0G
[2025-05-08 08:23:27] [Information] Already connected to preferred network: HellsGate-5.0G
[2025-05-08 08:23:27] [Information] Waiting 17 minutes before next check...
[2025-05-08 08:40:27] [Information] Currently connected to: HellsGate-5.0G
[2025-05-08 08:40:27] [Information] Already connected to preferred network: HellsGate-5.0G
[2025-05-08 08:40:27] [Information] Waiting 17 minutes before next check...
[2025-05-08 08:57:28] [Information] Currently connected to: HellsGate-5.0G
[2025-05-08 08:57:28] [Information] Already connected to preferred network: HellsGate-5.0G
[2025-05-08 08:57:28] [Information] Waiting 26 minutes before next check...
[2025-05-08 09:23:28] [Information] Currently connected to: HellsGate-5.0G
[2025-05-08 09:23:28] [Information] Already connected to preferred network: HellsGate-5.0G
[2025-05-08 09:23:28] [Information] Waiting 10 minutes before next check...
[2025-05-08 09:33:28] [Information] Currently connected to: HellsGate-5.0G
[2025-05-08 09:33:28] [Information] Already connected to preferred network: HellsGate-5.0G
[2025-05-08 09:33:28] [Information] Waiting 29 minutes before next check...
[2025-05-08 10:02:28] [Information] Currently connected to: HellsGate-5.0G
[2025-05-08 10:02:28] [Information] Already connected to preferred network: HellsGate-5.0G
[2025-05-08 10:02:28] [Information] Waiting 10 minutes before next check...
[2025-05-08 10:12:28] [Information] Currently connected to: HellsGate-5.0G
[2025-05-08 10:12:28] [Information] Already connected to preferred network: HellsGate-5.0G
[2025-05-08 10:12:28] [Information] Waiting 14 minutes before next check...
[2025-05-08 10:26:28] [Information] Currently connected to: HellsGate-5.0G
[2025-05-08 10:26:28] [Information] Already connected to preferred network: HellsGate-5.0G
[2025-05-08 10:26:28] [Information] Waiting 28 minutes before next check...
[2025-05-08 10:54:28] [Information] Currently connected to: HellsGate-5.0G
[2025-05-08 10:54:28] [Information] Already connected to preferred network: HellsGate-5.0G
[2025-05-08 10:54:28] [Information] Waiting 10 minutes before next check...
[2025-05-08 11:04:28] [Information] Currently connected to: HellsGate-5.0G
[2025-05-08 11:04:28] [Information] Already connected to preferred network: HellsGate-5.0G
[2025-05-08 11:04:28] [Information] Waiting 16 minutes before next check...
[2025-05-08 11:20:28] [Information] Currently connected to: HellsGate-5.0G
[2025-05-08 11:20:28] [Information] Already connected to preferred network: HellsGate-5.0G
[2025-05-08 11:20:28] [Information] Waiting 20 minutes before next check...
[2025-05-08 11:40:28] [Information] Currently connected to: HellsGate-5.0G
[2025-05-08 11:40:28] [Information] Already connected to preferred network: HellsGate-5.0G
[2025-05-08 11:40:28] [Information] Waiting 15 minutes before next check...
[2025-05-08 11:55:28] [Information] Currently connected to: HellsGate-5.0G
[2025-05-08 11:55:28] [Information] Already connected to preferred network: HellsGate-5.0G
[2025-05-08 11:55:28] [Information] Waiting 29 minutes before next check...
[2025-05-08 12:24:28] [Information] Currently connected to: HellsGate-5.0G
[2025-05-08 12:24:28] [Information] Already connected to preferred network: HellsGate-5.0G
[2025-05-08 12:24:28] [Information] Waiting 23 minutes before next check...
[2025-05-08 12:47:29] [Information] Currently connected to: HellsGate-5.0G
[2025-05-08 12:47:29] [Information] Already connected to preferred network: HellsGate-5.0G
[2025-05-08 12:47:29] [Information] Waiting 21 minutes before next check...
[2025-05-08 13:08:29] [Information] Currently connected to: HellsGate-5.0G
[2025-05-08 13:08:29] [Information] Already connected to preferred network: HellsGate-5.0G
[2025-05-08 13:08:29] [Information] Waiting 27 minutes before next check...
[2025-05-08 13:35:29] [Information] Currently connected to: HellsGate-5.0G
[2025-05-08 13:35:29] [Information] Already connected to preferred network: HellsGate-5.0G
[2025-05-08 13:35:29] [Information] Waiting 18 minutes before next check...
[2025-05-08 13:53:29] [Information] Currently connected to: HellsGate-5.0G
[2025-05-08 13:53:29] [Information] Already connected to preferred network: HellsGate-5.0G
[2025-05-08 13:53:29] [Information] Waiting 12 minutes before next check...
[2025-05-08 14:05:29] [Information] Currently connected to: HellsGate-5.0G
[2025-05-08 14:05:29] [Information] Already connected to preferred network: HellsGate-5.0G
[2025-05-08 14:05:29] [Information] Waiting 11 minutes before next check...
[2025-05-08 14:16:29] [Information] Currently connected to: HellsGate-5.0G
[2025-05-08 14:16:29] [Information] Already connected to preferred network: HellsGate-5.0G
[2025-05-08 14:16:29] [Information] Waiting 12 minutes before next check...
[2025-05-08 14:28:29] [Information] Currently connected to: HellsGate-5.0G
[2025-05-08 14:28:29] [Information] Already connected to preferred network: HellsGate-5.0G
[2025-05-08 14:28:29] [Information] Waiting 21 minutes before next check...
[2025-05-08 14:49:29] [Information] Currently connected to: HellsGate-5.0G
[2025-05-08 14:49:29] [Information] Already connected to preferred network: HellsGate-5.0G
[2025-05-08 14:49:29] [Information] Waiting 18 minutes before next check...
[2025-05-08 15:07:29] [Information] Currently connected to: HellsGate-5.0G
[2025-05-08 15:07:29] [Information] Already connected to preferred network: HellsGate-5.0G
[2025-05-08 15:07:29] [Information] Waiting 13 minutes before next check...
[2025-05-08 15:20:29] [Information] Currently connected to: HellsGate-5.0G
[2025-05-08 15:20:29] [Information] Already connected to preferred network: HellsGate-5.0G
[2025-05-08 15:20:29] [Information] Waiting 17 minutes before next check...
[2025-05-08 15:37:29] [Information] Currently connected to: HellsGate-5.0G
[2025-05-08 15:37:29] [Information] Already connected to preferred network: HellsGate-5.0G
[2025-05-08 15:37:29] [Information] Waiting 27 minutes before next check...
[2025-05-08 16:04:29] [Information] Currently connected to: HellsGate-5.0G
[2025-05-08 16:04:29] [Information] Already connected to preferred network: HellsGate-5.0G
[2025-05-08 16:04:29] [Information] Waiting 26 minutes before next check...
[2025-05-08 16:30:30] [Information] Currently connected to: HellsGate-5.0G
[2025-05-08 16:30:30] [Information] Already connected to preferred network: HellsGate-5.0G
[2025-05-08 16:30:30] [Information] Waiting 10 minutes before next check...
[2025-05-08 16:40:30] [Information] Currently connected to: HellsGate-5.0G
[2025-05-08 16:40:30] [Information] Already connected to preferred network: HellsGate-5.0G
[2025-05-08 16:40:30] [Information] Waiting 11 minutes before next check...
[2025-05-08 16:51:30] [Information] Currently connected to: HellsGate-5.0G
[2025-05-08 16:51:30] [Information] Already connected to preferred network: HellsGate-5.0G
[2025-05-08 16:51:30] [Information] Waiting 24 minutes before next check...
[2025-05-08 17:15:30] [Information] Currently connected to: HellsGate-5.0G
[2025-05-08 17:15:30] [Information] Already connected to preferred network: HellsGate-5.0G
[2025-05-08 17:15:30] [Information] Waiting 10 minutes before next check...
[2025-05-08 17:25:30] [Information] Currently connected to: HellsGate-5.0G
[2025-05-08 17:25:30] [Information] Already connected to preferred network: HellsGate-5.0G
[2025-05-08 17:25:30] [Information] Waiting 10 minutes before next check...
[2025-05-08 17:35:30] [Information] Currently connected to: HellsGate-5.0G
[2025-05-08 17:35:30] [Information] Already connected to preferred network: HellsGate-5.0G
[2025-05-08 17:35:30] [Information] Waiting 27 minutes before next check...
[2025-05-08 18:02:30] [Information] Currently connected to: HellsGate-5.0G
[2025-05-08 18:02:30] [Information] Already connected to preferred network: HellsGate-5.0G
[2025-05-08 18:02:30] [Information] Waiting 14 minutes before next check...
[2025-05-08 18:16:30] [Information] Currently connected to: HellsGate-5.0G
[2025-05-08 18:16:30] [Information] Already connected to preferred network: HellsGate-5.0G
[2025-05-08 18:16:30] [Information] Waiting 15 minutes before next check...
[2025-05-08 18:31:30] [Information] Currently connected to: HellsGate-5.0G
[2025-05-08 18:31:30] [Information] Already connected to preferred network: HellsGate-5.0G
[2025-05-08 18:31:30] [Information] Waiting 12 minutes before next check...
[2025-05-08 18:43:30] [Information] Currently connected to: HellsGate-5.0G
[2025-05-08 18:43:30] [Information] Already connected to preferred network: HellsGate-5.0G
[2025-05-08 18:43:30] [Information] Waiting 29 minutes before next check...
[2025-05-08 19:12:30] [Information] Currently connected to: HellsGate-5.0G
[2025-05-08 19:12:30] [Information] Already connected to preferred network: HellsGate-5.0G
[2025-05-08 19:12:30] [Information] Waiting 12 minutes before next check...
[2025-05-08 19:24:31] [Information] Currently connected to: HellsGate-5.0G
[2025-05-08 19:24:31] [Information] Already connected to preferred network: HellsGate-5.0G
[2025-05-08 19:24:31] [Information] Waiting 27 minutes before next check...
[2025-05-08 19:51:31] [Information] Currently connected to: HellsGate-5.0G
[2025-05-08 19:51:31] [Information] Already connected to preferred network: HellsGate-5.0G
[2025-05-08 19:51:31] [Information] Waiting 11 minutes before next check...
[2025-05-08 20:02:31] [Information] Currently connected to: HellsGate-5.0G
[2025-05-08 20:02:31] [Information] Already connected to preferred network: HellsGate-5.0G
[2025-05-08 20:02:31] [Information] Waiting 10 minutes before next check...
[2025-05-08 20:12:31] [Information] Currently connected to: HellsGate-5.0G
[2025-05-08 20:12:31] [Information] Already connected to preferred network: HellsGate-5.0G
[2025-05-08 20:12:31] [Information] Waiting 28 minutes before next check...
[2025-05-08 20:40:31] [Information] Currently connected to: HellsGate-5.0G
[2025-05-08 20:40:31] [Information] Already connected to preferred network: HellsGate-5.0G
[2025-05-08 20:40:31] [Information] Waiting 18 minutes before next check...
[2025-05-08 20:58:31] [Information] Currently connected to: HellsGate-5.0G
[2025-05-08 20:58:31] [Information] Already connected to preferred network: HellsGate-5.0G
[2025-05-08 20:58:31] [Information] Waiting 20 minutes before next check...
[2025-05-08 21:18:31] [Information] Currently connected to: HellsGate-5.0G
[2025-05-08 21:18:31] [Information] Already connected to preferred network: HellsGate-5.0G
[2025-05-08 21:18:31] [Information] Waiting 12 minutes before next check...
[2025-05-08 21:30:31] [Information] Currently connected to: HellsGate-5.0G
[2025-05-08 21:30:31] [Information] Already connected to preferred network: HellsGate-5.0G
[2025-05-08 21:30:31] [Information] Waiting 29 minutes before next check...
[2025-05-08 21:59:31] [Information] Currently connected to: HellsGate-5.0G
[2025-05-08 21:59:31] [Information] Already connected to preferred network: HellsGate-5.0G
[2025-05-08 21:59:31] [Information] Waiting 25 minutes before next check...
[2025-05-08 22:24:31] [Information] Currently connected to: HellsGate-5.0G
[2025-05-08 22:24:31] [Information] Already connected to preferred network: HellsGate-5.0G
[2025-05-08 22:24:31] [Information] Waiting 22 minutes before next check...
[2025-05-08 22:46:31] [Information] Currently connected to: HellsGate-5.0G
[2025-05-08 22:46:31] [Information] Already connected to preferred network: HellsGate-5.0G
[2025-05-08 22:46:31] [Information] Waiting 23 minutes before next check...
[2025-05-08 23:09:31] [Information] Currently connected to: Nyati_CPEPro2_2.4G
[2025-05-08 23:09:31] [Information] Already connected to preferred network: Nyati_CPEPro2_2.4G
[2025-05-08 23:09:31] [Information] Waiting 12 minutes before next check...
[2025-05-08 23:21:32] [Information] Currently connected to: Nyati_CPEPro2_2.4G
[2025-05-08 23:21:32] [Information] Already connected to preferred network: Nyati_CPEPro2_2.4G
[2025-05-08 23:21:32] [Information] Waiting 19 minutes before next check...
[2025-05-08 23:40:32] [Information] Currently connected to: Nyati_CPEPro2_2.4G
[2025-05-08 23:40:32] [Information] Already connected to preferred network: Nyati_CPEPro2_2.4G
[2025-05-08 23:40:32] [Information] Waiting 26 minutes before next check...
