[2025-01-14 00:15:56] [Information] Currently connected to: Nyati_CPEPro2_5G
[2025-01-14 00:15:56] [Information] Already connected to preferred network: Nyati_CPEPro2_5G
[2025-01-14 00:15:56] [Information] Waiting 27 minutes before next check...
[2025-01-14 00:42:56] [Information] Currently connected to: Nyati_CPEPro2_5G
[2025-01-14 00:42:57] [Information] Already connected to preferred network: Nyati_CPEPro2_5G
[2025-01-14 00:42:57] [Information] Waiting 16 minutes before next check...
[2025-01-14 00:58:57] [Information] Currently connected to: Nyati_CPEPro2_5G
[2025-01-14 00:58:57] [Information] Already connected to preferred network: Nyati_CPEPro2_5G
[2025-01-14 00:58:57] [Information] Waiting 16 minutes before next check...
[2025-01-14 01:14:57] [Information] Currently connected to: Nyati_CPEPro2_5G
[2025-01-14 01:14:57] [Information] Already connected to preferred network: Nyati_CPEPro2_5G
[2025-01-14 01:14:57] [Information] Waiting 13 minutes before next check...
[2025-01-14 01:27:57] [Information] Currently connected to: Nyati_CPEPro2_5G
[2025-01-14 01:27:57] [Information] Already connected to preferred network: Nyati_CPEPro2_5G
[2025-01-14 01:27:57] [Information] Waiting 22 minutes before next check...
[2025-01-14 01:49:57] [Information] Currently connected to: Nyati_CPEPro2_5G
[2025-01-14 01:49:57] [Information] Already connected to preferred network: Nyati_CPEPro2_5G
[2025-01-14 01:49:57] [Information] Waiting 24 minutes before next check...
[2025-01-14 02:13:57] [Information] Currently connected to: Nyati_CPEPro2_5G
[2025-01-14 02:13:57] [Information] Already connected to preferred network: Nyati_CPEPro2_5G
[2025-01-14 02:13:57] [Information] Waiting 25 minutes before next check...
[2025-01-14 02:38:57] [Information] Currently connected to: Nyati_CPEPro2_5G
[2025-01-14 02:38:57] [Information] Already connected to preferred network: Nyati_CPEPro2_5G
[2025-01-14 02:38:57] [Information] Waiting 27 minutes before next check...
[2025-01-14 03:05:57] [Information] Currently connected to: Nyati_CPEPro2_5G
[2025-01-14 03:05:57] [Information] Already connected to preferred network: Nyati_CPEPro2_5G
[2025-01-14 03:05:57] [Information] Waiting 23 minutes before next check...
[2025-01-14 03:28:57] [Information] Currently connected to: Nyati_CPEPro2_5G
[2025-01-14 03:28:57] [Information] Already connected to preferred network: Nyati_CPEPro2_5G
[2025-01-14 03:28:57] [Information] Waiting 14 minutes before next check...
[2025-01-14 03:42:57] [Information] Currently connected to: Nyati_CPEPro2_5G
[2025-01-14 03:42:57] [Information] Already connected to preferred network: Nyati_CPEPro2_5G
[2025-01-14 03:42:57] [Information] Waiting 16 minutes before next check...
[2025-01-14 03:58:57] [Information] Currently connected to: Nyati_CPEPro2_5G
[2025-01-14 03:58:57] [Information] Already connected to preferred network: Nyati_CPEPro2_5G
[2025-01-14 03:58:57] [Information] Waiting 13 minutes before next check...
[2025-01-14 04:11:57] [Information] Currently connected to: Nyati_CPEPro2_5G
[2025-01-14 04:11:57] [Information] Already connected to preferred network: Nyati_CPEPro2_5G
[2025-01-14 04:11:57] [Information] Waiting 14 minutes before next check...
[2025-01-14 04:25:57] [Information] Currently connected to: Nyati_CPEPro2_5G
[2025-01-14 04:25:57] [Information] Already connected to preferred network: Nyati_CPEPro2_5G
[2025-01-14 04:25:57] [Information] Waiting 19 minutes before next check...
[2025-01-14 04:44:57] [Information] Currently connected to: Nyati_CPEPro2_5G
[2025-01-14 04:44:57] [Information] Already connected to preferred network: Nyati_CPEPro2_5G
[2025-01-14 04:44:57] [Information] Waiting 23 minutes before next check...
[2025-01-14 05:08:04] [Information] Currently connected to: Nyati_CPEPro2_5G
[2025-01-14 05:08:04] [Information] Already connected to preferred network: Nyati_CPEPro2_5G
[2025-01-14 05:08:04] [Information] Waiting 11 minutes before next check...
[2025-01-14 05:19:04] [Information] Currently connected to: Nyati_CPEPro2_5G
[2025-01-14 05:19:04] [Information] Already connected to preferred network: Nyati_CPEPro2_5G
[2025-01-14 05:19:04] [Information] Waiting 10 minutes before next check...
[2025-01-14 05:29:04] [Information] Currently connected to: Nyati_CPEPro2_5G
[2025-01-14 05:29:04] [Information] Already connected to preferred network: Nyati_CPEPro2_5G
[2025-01-14 05:29:04] [Information] Waiting 18 minutes before next check...
[2025-01-14 05:47:04] [Information] Currently connected to: Nyati_CPEPro2_5G
[2025-01-14 05:47:04] [Information] Already connected to preferred network: Nyati_CPEPro2_5G
[2025-01-14 05:47:04] [Information] Waiting 21 minutes before next check...
[2025-01-14 06:08:04] [Information] Currently connected to: Nyati_CPEPro2_5G
[2025-01-14 06:08:04] [Information] Already connected to preferred network: Nyati_CPEPro2_5G
[2025-01-14 06:08:04] [Information] Waiting 19 minutes before next check...
[2025-01-14 06:27:05] [Information] Currently connected to: Nyati_CPEPro2_5G
[2025-01-14 06:27:05] [Information] Already connected to preferred network: Nyati_CPEPro2_5G
[2025-01-14 06:27:05] [Information] Waiting 18 minutes before next check...
[2025-01-14 06:45:05] [Information] Currently connected to: Nyati_CPEPro2_5G
[2025-01-14 06:45:05] [Information] Already connected to preferred network: Nyati_CPEPro2_5G
[2025-01-14 06:45:05] [Information] Waiting 20 minutes before next check...
[2025-01-14 07:05:05] [Information] Currently connected to: Nyati_CPEPro2_5G
[2025-01-14 07:05:05] [Information] Already connected to preferred network: Nyati_CPEPro2_5G
[2025-01-14 07:05:05] [Information] Waiting 22 minutes before next check...
[2025-01-14 07:27:05] [Information] Currently connected to: Nyati_CPEPro2_5G
[2025-01-14 07:27:05] [Information] Already connected to preferred network: Nyati_CPEPro2_5G
[2025-01-14 07:27:05] [Information] Waiting 17 minutes before next check...
[2025-01-14 07:44:05] [Information] Currently connected to: Nyati_CPEPro2_5G
[2025-01-14 07:44:05] [Information] Already connected to preferred network: Nyati_CPEPro2_5G
[2025-01-14 07:44:05] [Information] Waiting 22 minutes before next check...
[2025-01-14 08:06:05] [Information] Currently connected to: Nyati_CPEPro2_5G
[2025-01-14 08:06:05] [Information] Already connected to preferred network: Nyati_CPEPro2_5G
[2025-01-14 08:06:05] [Information] Waiting 24 minutes before next check...
[2025-01-14 08:30:05] [Information] Currently connected to: Nyati_CPEPro2_5G
[2025-01-14 08:30:05] [Information] Already connected to preferred network: Nyati_CPEPro2_5G
[2025-01-14 08:30:05] [Information] Waiting 26 minutes before next check...
[2025-01-14 08:56:05] [Information] Currently connected to: Nyati_CPEPro2_5G
[2025-01-14 08:56:05] [Information] Already connected to preferred network: Nyati_CPEPro2_5G
[2025-01-14 08:56:05] [Information] Waiting 24 minutes before next check...
[2025-01-14 09:20:05] [Information] Currently connected to: Nyati_CPEPro2_5G
[2025-01-14 09:20:05] [Information] Already connected to preferred network: Nyati_CPEPro2_5G
[2025-01-14 09:20:05] [Information] Waiting 22 minutes before next check...
[2025-01-14 09:42:05] [Information] Currently connected to: Nyati_CPEPro2_5G
[2025-01-14 09:42:05] [Information] Already connected to preferred network: Nyati_CPEPro2_5G
[2025-01-14 09:42:05] [Information] Waiting 28 minutes before next check...
[2025-01-14 10:10:05] [Information] Currently connected to: Nyati_CPEPro2_5G
[2025-01-14 10:10:05] [Information] Already connected to preferred network: Nyati_CPEPro2_5G
[2025-01-14 10:10:05] [Information] Waiting 15 minutes before next check...
[2025-01-14 10:25:05] [Information] Currently connected to: Nyati_CPEPro2_5G
[2025-01-14 10:25:05] [Information] Already connected to preferred network: Nyati_CPEPro2_5G
[2025-01-14 10:25:05] [Information] Waiting 24 minutes before next check...
[2025-01-14 10:49:05] [Information] Currently connected to: Nyati_CPEPro2_5G
[2025-01-14 10:49:05] [Information] Already connected to preferred network: Nyati_CPEPro2_5G
[2025-01-14 10:49:05] [Information] Waiting 11 minutes before next check...
[2025-01-14 11:00:05] [Information] Currently connected to: Nyati_CPEPro2_5G
[2025-01-14 11:00:05] [Information] Already connected to preferred network: Nyati_CPEPro2_5G
[2025-01-14 11:00:05] [Information] Waiting 10 minutes before next check...
[2025-01-14 11:10:05] [Information] Currently connected to: Nyati_CPEPro2_5G
[2025-01-14 11:10:05] [Information] Already connected to preferred network: Nyati_CPEPro2_5G
[2025-01-14 11:10:05] [Information] Waiting 24 minutes before next check...
[2025-01-14 11:34:06] [Information] Currently connected to: Nyati_CPEPro2_5G
[2025-01-14 11:34:06] [Information] Already connected to preferred network: Nyati_CPEPro2_5G
[2025-01-14 11:34:06] [Information] Waiting 11 minutes before next check...
[2025-01-14 11:45:06] [Information] Currently connected to: Nyati_CPEPro2_5G
[2025-01-14 11:45:06] [Information] Already connected to preferred network: Nyati_CPEPro2_5G
[2025-01-14 11:45:06] [Information] Waiting 18 minutes before next check...
[2025-01-14 12:03:06] [Information] Currently connected to: Nyati_CPEPro2_5G
[2025-01-14 12:03:06] [Information] Already connected to preferred network: Nyati_CPEPro2_5G
[2025-01-14 12:03:06] [Information] Waiting 24 minutes before next check...
[2025-01-14 12:27:06] [Information] Currently connected to: Nyati_CPEPro2_5G
[2025-01-14 12:27:06] [Information] Already connected to preferred network: Nyati_CPEPro2_5G
[2025-01-14 12:27:06] [Information] Waiting 23 minutes before next check...
[2025-01-14 12:50:06] [Information] Currently connected to: Nyati_CPEPro2_5G
[2025-01-14 12:50:06] [Information] Already connected to preferred network: Nyati_CPEPro2_5G
[2025-01-14 12:50:06] [Information] Waiting 15 minutes before next check...
[2025-01-14 13:05:06] [Information] Currently connected to: Nyati_CPEPro2_5G
[2025-01-14 13:05:06] [Information] Already connected to preferred network: Nyati_CPEPro2_5G
[2025-01-14 13:05:06] [Information] Waiting 24 minutes before next check...
[2025-01-14 13:29:06] [Information] Currently connected to: Nyati_CPEPro2_5G
[2025-01-14 13:29:06] [Information] Already connected to preferred network: Nyati_CPEPro2_5G
[2025-01-14 13:29:06] [Information] Waiting 20 minutes before next check...
[2025-01-14 13:49:06] [Information] Currently connected to: Nyati_CPEPro2_5G
[2025-01-14 13:49:06] [Information] Already connected to preferred network: Nyati_CPEPro2_5G
[2025-01-14 13:49:06] [Information] Waiting 22 minutes before next check...
[2025-01-14 14:11:06] [Information] Currently connected to: Nyati_CPEPro2_5G
[2025-01-14 14:11:06] [Information] Already connected to preferred network: Nyati_CPEPro2_5G
[2025-01-14 14:11:06] [Information] Waiting 23 minutes before next check...
[2025-01-14 14:34:06] [Information] Currently connected to: Nyati_CPEPro2_5G
[2025-01-14 14:34:06] [Information] Already connected to preferred network: Nyati_CPEPro2_5G
[2025-01-14 14:34:06] [Information] Waiting 13 minutes before next check...
[2025-01-14 14:47:06] [Information] Currently connected to: Nyati_CPEPro2_5G
[2025-01-14 14:47:06] [Information] Already connected to preferred network: Nyati_CPEPro2_5G
[2025-01-14 14:47:06] [Information] Waiting 11 minutes before next check...
[2025-01-14 14:58:06] [Information] Currently connected to: Nyati_CPEPro2_5G
[2025-01-14 14:58:06] [Information] Already connected to preferred network: Nyati_CPEPro2_5G
[2025-01-14 14:58:06] [Information] Waiting 22 minutes before next check...
[2025-01-14 15:20:06] [Information] Currently connected to: Nyati_CPEPro2_5G
[2025-01-14 15:20:06] [Information] Already connected to preferred network: Nyati_CPEPro2_5G
[2025-01-14 15:20:06] [Information] Waiting 28 minutes before next check...
[2025-01-14 15:48:06] [Information] Currently connected to: Nyati_CPEPro2_5G
[2025-01-14 15:48:06] [Information] Already connected to preferred network: Nyati_CPEPro2_5G
[2025-01-14 15:48:06] [Information] Waiting 19 minutes before next check...
[2025-01-14 16:07:07] [Information] Currently connected to: Nyati_CPEPro2_5G
[2025-01-14 16:07:07] [Information] Already connected to preferred network: Nyati_CPEPro2_5G
[2025-01-14 16:07:07] [Information] Waiting 21 minutes before next check...
[2025-01-14 16:28:07] [Information] Currently connected to: Nyati_CPEPro2_5G
[2025-01-14 16:28:07] [Information] Already connected to preferred network: Nyati_CPEPro2_5G
[2025-01-14 16:28:07] [Information] Waiting 14 minutes before next check...
[2025-01-14 16:42:07] [Information] Currently connected to: Nyati_CPEPro2_5G
[2025-01-14 16:42:07] [Information] Already connected to preferred network: Nyati_CPEPro2_5G
[2025-01-14 16:42:07] [Information] Waiting 25 minutes before next check...
[2025-01-14 17:07:07] [Information] Currently connected to: Nyati_CPEPro2_5G
[2025-01-14 17:07:07] [Information] Already connected to preferred network: Nyati_CPEPro2_5G
[2025-01-14 17:07:07] [Information] Waiting 11 minutes before next check...
[2025-01-14 17:18:07] [Information] Currently connected to: Nyati_CPEPro2_5G
[2025-01-14 17:18:07] [Information] Already connected to preferred network: Nyati_CPEPro2_5G
[2025-01-14 17:18:07] [Information] Waiting 22 minutes before next check...
[2025-01-14 17:40:07] [Information] Currently connected to: Nyati_CPEPro2_5G
[2025-01-14 17:40:07] [Information] Already connected to preferred network: Nyati_CPEPro2_5G
[2025-01-14 17:40:07] [Information] Waiting 25 minutes before next check...
[2025-01-14 18:05:07] [Information] Currently connected to: Nyati_CPEPro2_5G
[2025-01-14 18:05:07] [Information] Already connected to preferred network: Nyati_CPEPro2_5G
[2025-01-14 18:05:07] [Information] Waiting 12 minutes before next check...
[2025-01-14 18:17:07] [Information] Currently connected to: Nyati_CPEPro2_5G
[2025-01-14 18:17:07] [Information] Already connected to preferred network: Nyati_CPEPro2_5G
[2025-01-14 18:17:07] [Information] Waiting 20 minutes before next check...
[2025-01-14 18:37:07] [Information] Currently connected to: Nyati_CPEPro2_5G
[2025-01-14 18:37:07] [Information] Already connected to preferred network: Nyati_CPEPro2_5G
[2025-01-14 18:37:07] [Information] Waiting 27 minutes before next check...
[2025-01-14 19:04:07] [Information] Currently connected to: Nyati_CPEPro2_5G
[2025-01-14 19:04:07] [Information] Already connected to preferred network: Nyati_CPEPro2_5G
[2025-01-14 19:04:07] [Information] Waiting 17 minutes before next check...
[2025-01-14 19:21:07] [Information] Currently connected to: Nyati_CPEPro2_5G
[2025-01-14 19:21:07] [Information] Already connected to preferred network: Nyati_CPEPro2_5G
[2025-01-14 19:21:07] [Information] Waiting 20 minutes before next check...
[2025-01-14 19:41:07] [Information] Currently connected to: Nyati_CPEPro2_5G
[2025-01-14 19:41:07] [Information] Already connected to preferred network: Nyati_CPEPro2_5G
[2025-01-14 19:41:07] [Information] Waiting 19 minutes before next check...
[2025-01-14 20:00:07] [Information] Currently connected to: Nyati_CPEPro2_5G
[2025-01-14 20:00:07] [Information] Already connected to preferred network: Nyati_CPEPro2_5G
[2025-01-14 20:00:07] [Information] Waiting 20 minutes before next check...
[2025-01-14 20:20:08] [Information] Currently connected to: Nyati_CPEPro2_5G
[2025-01-14 20:20:08] [Information] Already connected to preferred network: Nyati_CPEPro2_5G
[2025-01-14 20:20:08] [Information] Waiting 25 minutes before next check...
[2025-01-14 20:45:08] [Information] Currently connected to: Nyati_CPEPro2_5G
[2025-01-14 20:45:08] [Information] Already connected to preferred network: Nyati_CPEPro2_5G
[2025-01-14 20:45:08] [Information] Waiting 10 minutes before next check...
[2025-01-14 20:55:08] [Information] Currently connected to: Nyati_CPEPro2_5G
[2025-01-14 20:55:08] [Information] Already connected to preferred network: Nyati_CPEPro2_5G
[2025-01-14 20:55:08] [Information] Waiting 22 minutes before next check...
[2025-01-14 21:17:08] [Information] Currently connected to: Nyati_CPEPro2_5G
[2025-01-14 21:17:08] [Information] Already connected to preferred network: Nyati_CPEPro2_5G
[2025-01-14 21:17:08] [Information] Waiting 16 minutes before next check...
[2025-01-14 21:33:08] [Information] Currently connected to: Nyati_CPEPro2_5G
[2025-01-14 21:33:08] [Information] Already connected to preferred network: Nyati_CPEPro2_5G
[2025-01-14 21:33:08] [Information] Waiting 21 minutes before next check...
[2025-01-14 21:54:08] [Information] Currently connected to: Serengeti_2.4G
[2025-01-14 21:54:08] [Information] Scanning for preferred networks...
[2025-01-14 21:54:08] [Information] Found 5 networks
[2025-01-14 21:54:08] [Warning] Could not connect to any preferred networks
[2025-01-14 21:54:08] [Information] Waiting 26 minutes before next check...
[2025-01-14 22:20:08] [Information] Currently connected to: Serengeti_2.4G
[2025-01-14 22:20:08] [Information] Scanning for preferred networks...
[2025-01-14 22:20:08] [Information] Found 8 networks
[2025-01-14 22:20:08] [Warning] Could not connect to any preferred networks
[2025-01-14 22:20:08] [Information] Waiting 12 minutes before next check...
[2025-01-14 22:32:08] [Information] Currently connected to: Serengeti_2.4G
[2025-01-14 22:32:08] [Information] Scanning for preferred networks...
[2025-01-14 22:32:08] [Information] Found 13 networks
[2025-01-14 22:32:08] [Information] Attempting to connect to Nyati_CPEPro2_5G
[2025-01-14 22:32:13] [Information] Currently connected to: Nyati_CPEPro2_5G
[2025-01-14 22:32:13] [Information] Successfully connected to Nyati_CPEPro2_5G
[2025-01-14 22:32:13] [Information] Waiting 17 minutes before next check...
[2025-01-14 22:49:13] [Information] Currently connected to: Nyati_CPEPro2_5G
[2025-01-14 22:49:13] [Information] Already connected to preferred network: Nyati_CPEPro2_5G
[2025-01-14 22:49:13] [Information] Waiting 27 minutes before next check...
[2025-01-14 23:16:14] [Information] Currently connected to: Nyati_CPEPro2_5G
[2025-01-14 23:16:14] [Information] Already connected to preferred network: Nyati_CPEPro2_5G
[2025-01-14 23:16:14] [Information] Waiting 14 minutes before next check...
[2025-01-14 23:30:14] [Information] Currently connected to: Nyati_CPEPro2_5G
[2025-01-14 23:30:14] [Information] Already connected to preferred network: Nyati_CPEPro2_5G
[2025-01-14 23:30:14] [Information] Waiting 13 minutes before next check...
[2025-01-14 23:43:14] [Information] Currently connected to: Nyati_CPEPro2_5G
[2025-01-14 23:43:14] [Information] Already connected to preferred network: Nyati_CPEPro2_5G
[2025-01-14 23:43:14] [Information] Waiting 20 minutes before next check...
