[2025-03-12 00:21:04] [Information] Currently connected to: Merlin Wharf
[2025-03-12 00:21:04] [Information] Already connected to preferred network: Merlin Wharf
[2025-03-12 00:21:04] [Information] Waiting 26 minutes before next check...
[2025-03-12 00:47:04] [Information] Currently connected to: Merlin Wharf
[2025-03-12 00:47:04] [Information] Already connected to preferred network: Merlin Wharf
[2025-03-12 00:47:04] [Information] Waiting 21 minutes before next check...
[2025-03-12 01:08:04] [Information] Currently connected to: Merlin Wharf
[2025-03-12 01:08:04] [Information] Already connected to preferred network: Merlin Wharf
[2025-03-12 01:08:04] [Information] Waiting 11 minutes before next check...
[2025-03-12 01:19:04] [Information] Currently connected to: Merlin Wharf
[2025-03-12 01:19:04] [Information] Already connected to preferred network: Merlin Wharf
[2025-03-12 01:19:04] [Information] Waiting 10 minutes before next check...
[2025-03-12 01:29:04] [Information] Currently connected to: Merlin Wharf
[2025-03-12 01:29:04] [Information] Already connected to preferred network: Merlin Wharf
[2025-03-12 01:29:04] [Information] Waiting 15 minutes before next check...
[2025-03-12 01:44:04] [Information] Currently connected to: Merlin Wharf
[2025-03-12 01:44:04] [Information] Already connected to preferred network: Merlin Wharf
[2025-03-12 01:44:04] [Information] Waiting 10 minutes before next check...
[2025-03-12 01:54:04] [Information] Currently connected to: Merlin Wharf
[2025-03-12 01:54:04] [Information] Already connected to preferred network: Merlin Wharf
[2025-03-12 01:54:04] [Information] Waiting 21 minutes before next check...
[2025-03-12 02:15:05] [Information] Currently connected to: Merlin Wharf
[2025-03-12 02:15:05] [Information] Already connected to preferred network: Merlin Wharf
[2025-03-12 02:15:05] [Information] Waiting 20 minutes before next check...
[2025-03-12 02:35:05] [Information] Currently connected to: Merlin Wharf
[2025-03-12 02:35:05] [Information] Already connected to preferred network: Merlin Wharf
[2025-03-12 02:35:05] [Information] Waiting 12 minutes before next check...
[2025-03-12 02:47:05] [Information] Currently connected to: Merlin Wharf
[2025-03-12 02:47:05] [Information] Already connected to preferred network: Merlin Wharf
[2025-03-12 02:47:05] [Information] Waiting 18 minutes before next check...
[2025-03-12 03:05:05] [Information] Currently connected to: Merlin Wharf
[2025-03-12 03:05:05] [Information] Already connected to preferred network: Merlin Wharf
[2025-03-12 03:05:05] [Information] Waiting 22 minutes before next check...
[2025-03-12 03:27:05] [Information] Currently connected to: Merlin Wharf
[2025-03-12 03:27:05] [Information] Already connected to preferred network: Merlin Wharf
[2025-03-12 03:27:05] [Information] Waiting 23 minutes before next check...
[2025-03-12 03:50:05] [Information] Currently connected to: Merlin Wharf
[2025-03-12 03:50:05] [Information] Already connected to preferred network: Merlin Wharf
[2025-03-12 03:50:05] [Information] Waiting 17 minutes before next check...
[2025-03-12 04:07:05] [Information] Currently connected to: Merlin Wharf
[2025-03-12 04:07:05] [Information] Already connected to preferred network: Merlin Wharf
[2025-03-12 04:07:05] [Information] Waiting 11 minutes before next check...
[2025-03-12 04:18:05] [Information] Currently connected to: Merlin Wharf
[2025-03-12 04:18:05] [Information] Already connected to preferred network: Merlin Wharf
[2025-03-12 04:18:05] [Information] Waiting 29 minutes before next check...
[2025-03-12 04:47:10] [Warning] No current WiFi connection
[2025-03-12 04:47:10] [Information] Scanning for preferred networks...
[2025-03-12 04:47:10] [Information] Found 5 networks
[2025-03-12 04:47:10] [Information] Attempting to connect to HellsGate-5.0G
[2025-03-12 04:47:15] [Information] Currently connected to: HellsGate-5.0G
[2025-03-12 04:47:15] [Information] Successfully connected to HellsGate-5.0G
[2025-03-12 04:47:15] [Information] Waiting 12 minutes before next check...
[2025-03-12 04:59:15] [Information] Currently connected to: HellsGate-5.0G
[2025-03-12 04:59:15] [Information] Already connected to preferred network: HellsGate-5.0G
[2025-03-12 04:59:16] [Information] Waiting 18 minutes before next check...
[2025-03-12 05:17:16] [Information] Currently connected to: HellsGate-5.0G
[2025-03-12 05:17:16] [Information] Already connected to preferred network: HellsGate-5.0G
[2025-03-12 05:17:16] [Information] Waiting 10 minutes before next check...
[2025-03-12 05:27:16] [Information] Currently connected to: HellsGate-5.0G
[2025-03-12 05:27:16] [Information] Already connected to preferred network: HellsGate-5.0G
[2025-03-12 05:27:16] [Information] Waiting 13 minutes before next check...
[2025-03-12 05:40:16] [Information] Currently connected to: HellsGate-5.0G
[2025-03-12 05:40:16] [Information] Already connected to preferred network: HellsGate-5.0G
[2025-03-12 05:40:16] [Information] Waiting 21 minutes before next check...
[2025-03-12 06:01:16] [Information] Currently connected to: HellsGate-5.0G
[2025-03-12 06:01:16] [Information] Already connected to preferred network: HellsGate-5.0G
[2025-03-12 06:01:16] [Information] Waiting 19 minutes before next check...
[2025-03-12 06:20:16] [Information] Currently connected to: HellsGate-5.0G
[2025-03-12 06:20:16] [Information] Already connected to preferred network: HellsGate-5.0G
[2025-03-12 06:20:16] [Information] Waiting 26 minutes before next check...
[2025-03-12 06:46:16] [Information] Currently connected to: HellsGate-5.0G
[2025-03-12 06:46:16] [Information] Already connected to preferred network: HellsGate-5.0G
[2025-03-12 06:46:16] [Information] Waiting 26 minutes before next check...
[2025-03-12 07:12:16] [Information] Currently connected to: HellsGate-5.0G
[2025-03-12 07:12:16] [Information] Already connected to preferred network: HellsGate-5.0G
[2025-03-12 07:12:16] [Information] Waiting 10 minutes before next check...
[2025-03-12 07:22:16] [Information] Currently connected to: HellsGate-5.0G
[2025-03-12 07:22:16] [Information] Already connected to preferred network: HellsGate-5.0G
[2025-03-12 07:22:16] [Information] Waiting 26 minutes before next check...
[2025-03-12 07:48:16] [Information] Currently connected to: HellsGate-5.0G
[2025-03-12 07:48:16] [Information] Already connected to preferred network: HellsGate-5.0G
[2025-03-12 07:48:16] [Information] Waiting 19 minutes before next check...
[2025-03-12 08:07:16] [Information] Currently connected to: HellsGate-5.0G
[2025-03-12 08:07:16] [Information] Already connected to preferred network: HellsGate-5.0G
[2025-03-12 08:07:16] [Information] Waiting 20 minutes before next check...
[2025-03-12 08:27:16] [Information] Currently connected to: HellsGate-5.0G
[2025-03-12 08:27:16] [Information] Already connected to preferred network: HellsGate-5.0G
[2025-03-12 08:27:16] [Information] Waiting 27 minutes before next check...
[2025-03-12 08:54:16] [Information] Currently connected to: HellsGate-5.0G
[2025-03-12 08:54:16] [Information] Already connected to preferred network: HellsGate-5.0G
[2025-03-12 08:54:16] [Information] Waiting 22 minutes before next check...
[2025-03-12 09:16:16] [Information] Currently connected to: HellsGate-5.0G
[2025-03-12 09:16:16] [Information] Already connected to preferred network: HellsGate-5.0G
[2025-03-12 09:16:16] [Information] Waiting 24 minutes before next check...
[2025-03-12 09:40:17] [Information] Currently connected to: HellsGate-5.0G
[2025-03-12 09:40:17] [Information] Already connected to preferred network: HellsGate-5.0G
[2025-03-12 09:40:17] [Information] Waiting 25 minutes before next check...
[2025-03-12 10:05:17] [Information] Currently connected to: HellsGate-5.0G
[2025-03-12 10:05:17] [Information] Already connected to preferred network: HellsGate-5.0G
[2025-03-12 10:05:17] [Information] Waiting 13 minutes before next check...
[2025-03-12 10:18:17] [Information] Currently connected to: HellsGate-5.0G
[2025-03-12 10:18:17] [Information] Already connected to preferred network: HellsGate-5.0G
[2025-03-12 10:18:17] [Information] Waiting 24 minutes before next check...
[2025-03-12 10:42:17] [Information] Currently connected to: HellsGate-5.0G
[2025-03-12 10:42:17] [Information] Already connected to preferred network: HellsGate-5.0G
[2025-03-12 10:42:17] [Information] Waiting 21 minutes before next check...
[2025-03-12 11:03:17] [Information] Currently connected to: HellsGate-5.0G
[2025-03-12 11:03:17] [Information] Already connected to preferred network: HellsGate-5.0G
[2025-03-12 11:03:17] [Information] Waiting 21 minutes before next check...
[2025-03-12 11:24:17] [Information] Currently connected to: HellsGate-5.0G
[2025-03-12 11:24:17] [Information] Already connected to preferred network: HellsGate-5.0G
[2025-03-12 11:24:17] [Information] Waiting 10 minutes before next check...
[2025-03-12 11:34:17] [Information] Currently connected to: HellsGate-5.0G
[2025-03-12 11:34:17] [Information] Already connected to preferred network: HellsGate-5.0G
[2025-03-12 11:34:17] [Information] Waiting 11 minutes before next check...
[2025-03-12 11:45:17] [Information] Currently connected to: HellsGate-5.0G
[2025-03-12 11:45:17] [Information] Already connected to preferred network: HellsGate-5.0G
[2025-03-12 11:45:17] [Information] Waiting 25 minutes before next check...
[2025-03-12 12:10:17] [Information] Currently connected to: HellsGate-5.0G
[2025-03-12 12:10:17] [Information] Already connected to preferred network: HellsGate-5.0G
[2025-03-12 12:10:17] [Information] Waiting 12 minutes before next check...
[2025-03-12 12:22:17] [Information] Currently connected to: HellsGate-5.0G
[2025-03-12 12:22:17] [Information] Already connected to preferred network: HellsGate-5.0G
[2025-03-12 12:22:17] [Information] Waiting 29 minutes before next check...
[2025-03-12 12:51:17] [Information] Currently connected to: HellsGate-5.0G
[2025-03-12 12:51:17] [Information] Already connected to preferred network: HellsGate-5.0G
[2025-03-12 12:51:17] [Information] Waiting 10 minutes before next check...
[2025-03-12 13:01:17] [Information] Currently connected to: HellsGate-5.0G
[2025-03-12 13:01:17] [Information] Already connected to preferred network: HellsGate-5.0G
[2025-03-12 13:01:17] [Information] Waiting 26 minutes before next check...
[2025-03-12 13:27:17] [Information] Currently connected to: HellsGate-5.0G
[2025-03-12 13:27:17] [Information] Already connected to preferred network: HellsGate-5.0G
[2025-03-12 13:27:17] [Information] Waiting 17 minutes before next check...
[2025-03-12 13:44:18] [Information] Currently connected to: HellsGate-5.0G
[2025-03-12 13:44:18] [Information] Already connected to preferred network: HellsGate-5.0G
[2025-03-12 13:44:18] [Information] Waiting 21 minutes before next check...
[2025-03-12 14:05:18] [Information] Currently connected to: HellsGate-5.0G
[2025-03-12 14:05:18] [Information] Already connected to preferred network: HellsGate-5.0G
[2025-03-12 14:05:18] [Information] Waiting 26 minutes before next check...
[2025-03-12 14:31:18] [Information] Currently connected to: HellsGate-5.0G
[2025-03-12 14:31:18] [Information] Already connected to preferred network: HellsGate-5.0G
[2025-03-12 14:31:18] [Information] Waiting 15 minutes before next check...
[2025-03-12 14:46:18] [Information] Currently connected to: HellsGate-5.0G
[2025-03-12 14:46:18] [Information] Already connected to preferred network: HellsGate-5.0G
[2025-03-12 14:46:18] [Information] Waiting 20 minutes before next check...
[2025-03-12 15:06:18] [Information] Currently connected to: HellsGate-5.0G
[2025-03-12 15:06:18] [Information] Already connected to preferred network: HellsGate-5.0G
[2025-03-12 15:06:18] [Information] Waiting 13 minutes before next check...
[2025-03-12 15:19:18] [Information] Currently connected to: HellsGate-5.0G
[2025-03-12 15:19:18] [Information] Already connected to preferred network: HellsGate-5.0G
[2025-03-12 15:19:18] [Information] Waiting 10 minutes before next check...
[2025-03-12 15:29:18] [Information] Currently connected to: HellsGate-5.0G
[2025-03-12 15:29:18] [Information] Already connected to preferred network: HellsGate-5.0G
[2025-03-12 15:29:18] [Information] Waiting 29 minutes before next check...
[2025-03-12 15:58:18] [Information] Currently connected to: HellsGate-5.0G
[2025-03-12 15:58:18] [Information] Already connected to preferred network: HellsGate-5.0G
[2025-03-12 15:58:18] [Information] Waiting 19 minutes before next check...
[2025-03-12 16:17:18] [Information] Currently connected to: HellsGate-5.0G
[2025-03-12 16:17:18] [Information] Already connected to preferred network: HellsGate-5.0G
[2025-03-12 16:17:18] [Information] Waiting 21 minutes before next check...
[2025-03-12 16:38:18] [Information] Currently connected to: HellsGate-5.0G
[2025-03-12 16:38:18] [Information] Already connected to preferred network: HellsGate-5.0G
[2025-03-12 16:38:18] [Information] Waiting 10 minutes before next check...
[2025-03-12 16:48:18] [Information] Currently connected to: HellsGate-5.0G
[2025-03-12 16:48:18] [Information] Already connected to preferred network: HellsGate-5.0G
[2025-03-12 16:48:18] [Information] Waiting 23 minutes before next check...
[2025-03-12 17:11:18] [Information] Currently connected to: HellsGate-5.0G
[2025-03-12 17:11:18] [Information] Already connected to preferred network: HellsGate-5.0G
[2025-03-12 17:11:18] [Information] Waiting 29 minutes before next check...
[2025-03-12 17:40:18] [Information] Currently connected to: HellsGate-5.0G
[2025-03-12 17:40:18] [Information] Already connected to preferred network: HellsGate-5.0G
[2025-03-12 17:40:18] [Information] Waiting 25 minutes before next check...
[2025-03-12 18:05:19] [Information] Currently connected to: HellsGate-5.0G
[2025-03-12 18:05:19] [Information] Already connected to preferred network: HellsGate-5.0G
[2025-03-12 18:05:19] [Information] Waiting 21 minutes before next check...
[2025-03-12 18:26:19] [Information] Currently connected to: HellsGate-5.0G
[2025-03-12 18:26:19] [Information] Already connected to preferred network: HellsGate-5.0G
[2025-03-12 18:26:19] [Information] Waiting 23 minutes before next check...
[2025-03-12 18:49:19] [Information] Currently connected to: HellsGate-5.0G
[2025-03-12 18:49:19] [Information] Already connected to preferred network: HellsGate-5.0G
[2025-03-12 18:49:19] [Information] Waiting 11 minutes before next check...
[2025-03-12 19:00:19] [Information] Currently connected to: HellsGate-5.0G
[2025-03-12 19:00:19] [Information] Already connected to preferred network: HellsGate-5.0G
[2025-03-12 19:00:19] [Information] Waiting 19 minutes before next check...
[2025-03-12 19:19:19] [Information] Currently connected to: HellsGate-5.0G
[2025-03-12 19:19:19] [Information] Already connected to preferred network: HellsGate-5.0G
[2025-03-12 19:19:19] [Information] Waiting 17 minutes before next check...
[2025-03-12 19:36:19] [Information] Currently connected to: HellsGate-5.0G
[2025-03-12 19:36:19] [Information] Already connected to preferred network: HellsGate-5.0G
[2025-03-12 19:36:19] [Information] Waiting 15 minutes before next check...
[2025-03-12 19:51:19] [Information] Currently connected to: HellsGate-5.0G
[2025-03-12 19:51:19] [Information] Already connected to preferred network: HellsGate-5.0G
[2025-03-12 19:51:19] [Information] Waiting 13 minutes before next check...
[2025-03-12 20:04:19] [Information] Currently connected to: HellsGate-5.0G
[2025-03-12 20:04:19] [Information] Already connected to preferred network: HellsGate-5.0G
[2025-03-12 20:04:19] [Information] Waiting 27 minutes before next check...
[2025-03-12 20:31:19] [Information] Currently connected to: HellsGate-5.0G
[2025-03-12 20:31:19] [Information] Already connected to preferred network: HellsGate-5.0G
[2025-03-12 20:31:19] [Information] Waiting 27 minutes before next check...
[2025-03-12 20:58:19] [Information] Currently connected to: HellsGate-5.0G
[2025-03-12 20:58:19] [Information] Already connected to preferred network: HellsGate-5.0G
[2025-03-12 20:58:19] [Information] Waiting 26 minutes before next check...
[2025-03-12 21:24:19] [Information] Currently connected to: HellsGate-5.0G
[2025-03-12 21:24:19] [Information] Already connected to preferred network: HellsGate-5.0G
[2025-03-12 21:24:19] [Information] Waiting 12 minutes before next check...
[2025-03-12 21:36:19] [Information] Currently connected to: HellsGate-5.0G
[2025-03-12 21:36:19] [Information] Already connected to preferred network: HellsGate-5.0G
[2025-03-12 21:36:19] [Information] Waiting 11 minutes before next check...
[2025-03-12 21:47:19] [Information] Currently connected to: HellsGate-5.0G
[2025-03-12 21:47:19] [Information] Already connected to preferred network: HellsGate-5.0G
[2025-03-12 21:47:19] [Information] Waiting 23 minutes before next check...
[2025-03-12 22:10:19] [Information] Currently connected to: HellsGate-5.0G
[2025-03-12 22:10:19] [Information] Already connected to preferred network: HellsGate-5.0G
[2025-03-12 22:10:19] [Information] Waiting 20 minutes before next check...
[2025-03-12 22:30:20] [Information] Currently connected to: HellsGate-5.0G
[2025-03-12 22:30:20] [Information] Already connected to preferred network: HellsGate-5.0G
[2025-03-12 22:30:20] [Information] Waiting 14 minutes before next check...
[2025-03-12 22:44:20] [Information] Currently connected to: HellsGate-5.0G
[2025-03-12 22:44:20] [Information] Already connected to preferred network: HellsGate-5.0G
[2025-03-12 22:44:20] [Information] Waiting 28 minutes before next check...
[2025-03-12 23:12:20] [Information] Currently connected to: HellsGate-5.0G
[2025-03-12 23:12:20] [Information] Already connected to preferred network: HellsGate-5.0G
[2025-03-12 23:12:20] [Information] Waiting 27 minutes before next check...
[2025-03-12 23:39:20] [Warning] No current WiFi connection
[2025-03-12 23:39:20] [Information] Scanning for preferred networks...
[2025-03-12 23:39:20] [Information] Found 5 networks
[2025-03-12 23:39:20] [Information] Attempting to connect to HellsGate-5.0G
[2025-03-12 23:39:25] [Information] Currently connected to: HellsGate-5.0G
[2025-03-12 23:39:25] [Information] Successfully connected to HellsGate-5.0G
[2025-03-12 23:39:25] [Information] Waiting 19 minutes before next check...
[2025-03-12 23:58:25] [Information] Currently connected to: HellsGate-5.0G
[2025-03-12 23:58:25] [Information] Already connected to preferred network: HellsGate-5.0G
[2025-03-12 23:58:25] [Information] Waiting 10 minutes before next check...
