[2025-04-20 00:18:55] [Information] Currently connected to: HellsGate-5.0G
[2025-04-20 00:18:55] [Information] Already connected to preferred network: HellsGate-5.0G
[2025-04-20 00:18:55] [Information] Waiting 22 minutes before next check...
[2025-04-20 00:40:55] [Information] Currently connected to: HellsGate-5.0G
[2025-04-20 00:40:55] [Information] Already connected to preferred network: HellsGate-5.0G
[2025-04-20 00:40:55] [Information] Waiting 19 minutes before next check...
[2025-04-20 00:59:55] [Information] Currently connected to: HellsGate-5.0G
[2025-04-20 00:59:55] [Information] Already connected to preferred network: HellsGate-5.0G
[2025-04-20 00:59:55] [Information] Waiting 28 minutes before next check...
[2025-04-20 01:27:55] [Information] Currently connected to: HellsGate-5.0G
[2025-04-20 01:27:55] [Information] Already connected to preferred network: HellsGate-5.0G
[2025-04-20 01:27:55] [Information] Waiting 13 minutes before next check...
[2025-04-20 01:40:56] [Information] Currently connected to: HellsGate-5.0G
[2025-04-20 01:40:56] [Information] Already connected to preferred network: HellsGate-5.0G
[2025-04-20 01:40:56] [Information] Waiting 27 minutes before next check...
[2025-04-20 02:07:56] [Warning] No current WiFi connection
[2025-04-20 02:07:56] [Information] Scanning for preferred networks...
[2025-04-20 02:07:56] [Information] Found 11 networks
[2025-04-20 02:07:56] [Information] Attempting to connect to HellsGate-5.0G
[2025-04-20 02:08:01] [Information] Currently connected to: HellsGate-5.0G
[2025-04-20 02:08:01] [Information] Successfully connected to HellsGate-5.0G
[2025-04-20 02:08:01] [Information] Waiting 28 minutes before next check...
[2025-04-20 02:36:01] [Information] Currently connected to: HellsGate-5.0G
[2025-04-20 02:36:01] [Information] Already connected to preferred network: HellsGate-5.0G
[2025-04-20 02:36:01] [Information] Waiting 20 minutes before next check...
[2025-04-20 02:56:01] [Information] Currently connected to: HellsGate-5.0G
[2025-04-20 02:56:01] [Information] Already connected to preferred network: HellsGate-5.0G
[2025-04-20 02:56:01] [Information] Waiting 12 minutes before next check...
[2025-04-20 03:08:01] [Information] Currently connected to: HellsGate-5.0G
[2025-04-20 03:08:01] [Information] Already connected to preferred network: HellsGate-5.0G
[2025-04-20 03:08:01] [Information] Waiting 25 minutes before next check...
[2025-04-20 03:33:01] [Information] Currently connected to: HellsGate-5.0G
[2025-04-20 03:33:01] [Information] Already connected to preferred network: HellsGate-5.0G
[2025-04-20 03:33:01] [Information] Waiting 25 minutes before next check...
[2025-04-20 03:58:01] [Information] Currently connected to: HellsGate-5.0G
[2025-04-20 03:58:01] [Information] Already connected to preferred network: HellsGate-5.0G
[2025-04-20 03:58:01] [Information] Waiting 29 minutes before next check...
[2025-04-20 04:27:01] [Information] Currently connected to: HellsGate-5.0G
[2025-04-20 04:27:01] [Information] Already connected to preferred network: HellsGate-5.0G
[2025-04-20 04:27:01] [Information] Waiting 13 minutes before next check...
[2025-04-20 04:40:01] [Information] Currently connected to: HellsGate-5.0G
[2025-04-20 04:40:01] [Information] Already connected to preferred network: HellsGate-5.0G
[2025-04-20 04:40:01] [Information] Waiting 22 minutes before next check...
[2025-04-20 05:02:02] [Information] Currently connected to: HellsGate-5.0G
[2025-04-20 05:02:02] [Information] Already connected to preferred network: HellsGate-5.0G
[2025-04-20 05:02:02] [Information] Waiting 15 minutes before next check...
[2025-04-20 05:17:02] [Information] Currently connected to: HellsGate-5.0G
[2025-04-20 05:17:02] [Information] Already connected to preferred network: HellsGate-5.0G
[2025-04-20 05:17:02] [Information] Waiting 22 minutes before next check...
[2025-04-20 05:39:02] [Information] Currently connected to: HellsGate-5.0G
[2025-04-20 05:39:02] [Information] Already connected to preferred network: HellsGate-5.0G
[2025-04-20 05:39:02] [Information] Waiting 25 minutes before next check...
[2025-04-20 06:04:02] [Information] Currently connected to: HellsGate-5.0G
[2025-04-20 06:04:02] [Information] Already connected to preferred network: HellsGate-5.0G
[2025-04-20 06:04:02] [Information] Waiting 29 minutes before next check...
[2025-04-20 06:33:02] [Information] Currently connected to: HellsGate-5.0G
[2025-04-20 06:33:02] [Information] Already connected to preferred network: HellsGate-5.0G
[2025-04-20 06:33:02] [Information] Waiting 29 minutes before next check...
[2025-04-20 07:02:09] [Information] Currently connected to: HellsGate-5.0G
[2025-04-20 07:02:09] [Information] Already connected to preferred network: HellsGate-5.0G
[2025-04-20 07:02:09] [Information] Waiting 12 minutes before next check...
[2025-04-20 07:14:09] [Information] Currently connected to: HellsGate-5.0G
[2025-04-20 07:14:09] [Information] Already connected to preferred network: HellsGate-5.0G
[2025-04-20 07:14:09] [Information] Waiting 20 minutes before next check...
[2025-04-20 07:34:09] [Information] Currently connected to: HellsGate-5.0G
[2025-04-20 07:34:09] [Information] Already connected to preferred network: HellsGate-5.0G
[2025-04-20 07:34:09] [Information] Waiting 25 minutes before next check...
[2025-04-20 07:59:09] [Information] Currently connected to: HellsGate-5.0G
[2025-04-20 07:59:09] [Information] Already connected to preferred network: HellsGate-5.0G
[2025-04-20 07:59:09] [Information] Waiting 25 minutes before next check...
[2025-04-20 08:24:09] [Information] Currently connected to: HellsGate-5.0G
[2025-04-20 08:24:09] [Information] Already connected to preferred network: HellsGate-5.0G
[2025-04-20 08:24:09] [Information] Waiting 29 minutes before next check...
[2025-04-20 08:53:09] [Information] Currently connected to: HellsGate-5.0G
[2025-04-20 08:53:09] [Information] Already connected to preferred network: HellsGate-5.0G
[2025-04-20 08:53:09] [Information] Waiting 22 minutes before next check...
[2025-04-20 09:15:09] [Information] Currently connected to: HellsGate-5.0G
[2025-04-20 09:15:09] [Information] Already connected to preferred network: HellsGate-5.0G
[2025-04-20 09:15:09] [Information] Waiting 25 minutes before next check...
[2025-04-20 09:40:09] [Information] Currently connected to: HellsGate-5.0G
[2025-04-20 09:40:09] [Information] Already connected to preferred network: HellsGate-5.0G
[2025-04-20 09:40:09] [Information] Waiting 26 minutes before next check...
[2025-04-20 10:06:09] [Information] Currently connected to: HellsGate-5.0G
[2025-04-20 10:06:09] [Information] Already connected to preferred network: HellsGate-5.0G
[2025-04-20 10:06:09] [Information] Waiting 16 minutes before next check...
[2025-04-20 10:22:09] [Information] Currently connected to: HellsGate-5.0G
[2025-04-20 10:22:09] [Information] Already connected to preferred network: HellsGate-5.0G
[2025-04-20 10:22:09] [Information] Waiting 28 minutes before next check...
[2025-04-20 10:50:10] [Information] Currently connected to: HellsGate-5.0G
[2025-04-20 10:50:10] [Information] Already connected to preferred network: HellsGate-5.0G
[2025-04-20 10:50:10] [Information] Waiting 26 minutes before next check...
[2025-04-20 11:16:10] [Information] Currently connected to: HellsGate-5.0G
[2025-04-20 11:16:10] [Information] Already connected to preferred network: HellsGate-5.0G
[2025-04-20 11:16:10] [Information] Waiting 28 minutes before next check...
[2025-04-20 11:44:10] [Information] Currently connected to: HellsGate-5.0G
[2025-04-20 11:44:10] [Information] Already connected to preferred network: HellsGate-5.0G
[2025-04-20 11:44:10] [Information] Waiting 10 minutes before next check...
[2025-04-20 11:54:10] [Information] Currently connected to: HellsGate-5.0G
[2025-04-20 11:54:10] [Information] Already connected to preferred network: HellsGate-5.0G
[2025-04-20 11:54:10] [Information] Waiting 25 minutes before next check...
[2025-04-20 12:19:10] [Information] Currently connected to: HellsGate-5.0G
[2025-04-20 12:19:10] [Information] Already connected to preferred network: HellsGate-5.0G
[2025-04-20 12:19:10] [Information] Waiting 11 minutes before next check...
[2025-04-20 12:30:10] [Information] Currently connected to: HellsGate-5.0G
[2025-04-20 12:30:10] [Information] Already connected to preferred network: HellsGate-5.0G
[2025-04-20 12:30:10] [Information] Waiting 12 minutes before next check...
[2025-04-20 12:42:10] [Information] Currently connected to: HellsGate-5.0G
[2025-04-20 12:42:10] [Information] Already connected to preferred network: HellsGate-5.0G
[2025-04-20 12:42:10] [Information] Waiting 27 minutes before next check...
[2025-04-20 13:09:10] [Information] Currently connected to: HellsGate-5.0G
[2025-04-20 13:09:10] [Information] Already connected to preferred network: HellsGate-5.0G
[2025-04-20 13:09:10] [Information] Waiting 22 minutes before next check...
[2025-04-20 13:31:10] [Information] Currently connected to: HellsGate-5.0G
[2025-04-20 13:31:10] [Information] Already connected to preferred network: HellsGate-5.0G
[2025-04-20 13:31:10] [Information] Waiting 19 minutes before next check...
[2025-04-20 13:50:10] [Information] Currently connected to: HellsGate-5.0G
[2025-04-20 13:50:10] [Information] Already connected to preferred network: HellsGate-5.0G
[2025-04-20 13:50:10] [Information] Waiting 22 minutes before next check...
[2025-04-20 14:12:10] [Information] Currently connected to: HellsGate-5.0G
[2025-04-20 14:12:10] [Information] Already connected to preferred network: HellsGate-5.0G
[2025-04-20 14:12:10] [Information] Waiting 25 minutes before next check...
[2025-04-20 14:37:10] [Information] Currently connected to: HellsGate-5.0G
[2025-04-20 14:37:11] [Information] Already connected to preferred network: HellsGate-5.0G
[2025-04-20 14:37:11] [Information] Waiting 29 minutes before next check...
[2025-04-20 15:06:11] [Information] Currently connected to: HellsGate-5.0G
[2025-04-20 15:06:11] [Information] Already connected to preferred network: HellsGate-5.0G
[2025-04-20 15:06:11] [Information] Waiting 17 minutes before next check...
[2025-04-20 15:23:11] [Information] Currently connected to: HellsGate-5.0G
[2025-04-20 15:23:11] [Information] Already connected to preferred network: HellsGate-5.0G
[2025-04-20 15:23:11] [Information] Waiting 13 minutes before next check...
[2025-04-20 15:36:11] [Information] Currently connected to: HellsGate-5.0G
[2025-04-20 15:36:11] [Information] Already connected to preferred network: HellsGate-5.0G
[2025-04-20 15:36:11] [Information] Waiting 17 minutes before next check...
[2025-04-20 15:53:11] [Information] Currently connected to: HellsGate-5.0G
[2025-04-20 15:53:11] [Information] Already connected to preferred network: HellsGate-5.0G
[2025-04-20 15:53:11] [Information] Waiting 22 minutes before next check...
[2025-04-20 16:15:11] [Information] Currently connected to: HellsGate-5.0G
[2025-04-20 16:15:11] [Information] Already connected to preferred network: HellsGate-5.0G
[2025-04-20 16:15:11] [Information] Waiting 18 minutes before next check...
[2025-04-20 16:33:11] [Information] Currently connected to: HellsGate-5.0G
[2025-04-20 16:33:11] [Information] Already connected to preferred network: HellsGate-5.0G
[2025-04-20 16:33:11] [Information] Waiting 11 minutes before next check...
[2025-04-20 16:44:11] [Information] Currently connected to: HellsGate-5.0G
[2025-04-20 16:44:11] [Information] Already connected to preferred network: HellsGate-5.0G
[2025-04-20 16:44:11] [Information] Waiting 13 minutes before next check...
[2025-04-20 16:57:11] [Information] Currently connected to: HellsGate-5.0G
[2025-04-20 16:57:11] [Information] Already connected to preferred network: HellsGate-5.0G
[2025-04-20 16:57:11] [Information] Waiting 28 minutes before next check...
[2025-04-20 17:25:11] [Information] Currently connected to: HellsGate-5.0G
[2025-04-20 17:25:11] [Information] Already connected to preferred network: HellsGate-5.0G
[2025-04-20 17:25:11] [Information] Waiting 29 minutes before next check...
[2025-04-20 17:54:11] [Information] Currently connected to: HellsGate-5.0G
[2025-04-20 17:54:11] [Information] Already connected to preferred network: HellsGate-5.0G
[2025-04-20 17:54:11] [Information] Waiting 26 minutes before next check...
[2025-04-20 18:20:11] [Information] Currently connected to: HellsGate-5.0G
[2025-04-20 18:20:11] [Information] Already connected to preferred network: HellsGate-5.0G
[2025-04-20 18:20:11] [Information] Waiting 19 minutes before next check...
[2025-04-20 18:39:12] [Information] Currently connected to: HellsGate-5.0G
[2025-04-20 18:39:12] [Information] Already connected to preferred network: HellsGate-5.0G
[2025-04-20 18:39:12] [Information] Waiting 27 minutes before next check...
[2025-04-20 19:06:12] [Information] Currently connected to: HellsGate-5.0G
[2025-04-20 19:06:12] [Information] Already connected to preferred network: HellsGate-5.0G
[2025-04-20 19:06:12] [Information] Waiting 11 minutes before next check...
[2025-04-20 19:17:12] [Information] Currently connected to: HellsGate-5.0G
[2025-04-20 19:17:12] [Information] Already connected to preferred network: HellsGate-5.0G
[2025-04-20 19:17:12] [Information] Waiting 21 minutes before next check...
[2025-04-20 19:38:12] [Information] Currently connected to: HellsGate-5.0G
[2025-04-20 19:38:12] [Information] Already connected to preferred network: HellsGate-5.0G
[2025-04-20 19:38:12] [Information] Waiting 25 minutes before next check...
[2025-04-20 20:03:12] [Information] Currently connected to: HellsGate-5.0G
[2025-04-20 20:03:12] [Information] Already connected to preferred network: HellsGate-5.0G
[2025-04-20 20:03:12] [Information] Waiting 13 minutes before next check...
[2025-04-20 20:16:12] [Information] Currently connected to: HellsGate-5.0G
[2025-04-20 20:16:12] [Information] Already connected to preferred network: HellsGate-5.0G
[2025-04-20 20:16:12] [Information] Waiting 28 minutes before next check...
[2025-04-20 20:44:12] [Information] Currently connected to: HellsGate-5.0G
[2025-04-20 20:44:12] [Information] Already connected to preferred network: HellsGate-5.0G
[2025-04-20 20:44:12] [Information] Waiting 20 minutes before next check...
[2025-04-20 21:04:12] [Information] Currently connected to: HellsGate-5.0G
[2025-04-20 21:04:12] [Information] Already connected to preferred network: HellsGate-5.0G
[2025-04-20 21:04:12] [Information] Waiting 24 minutes before next check...
[2025-04-20 21:28:12] [Information] Currently connected to: HellsGate-5.0G
[2025-04-20 21:28:12] [Information] Already connected to preferred network: HellsGate-5.0G
[2025-04-20 21:28:12] [Information] Waiting 13 minutes before next check...
[2025-04-20 21:41:12] [Information] Currently connected to: HellsGate-5.0G
[2025-04-20 21:41:12] [Information] Already connected to preferred network: HellsGate-5.0G
[2025-04-20 21:41:12] [Information] Waiting 29 minutes before next check...
[2025-04-20 22:10:12] [Information] Currently connected to: HellsGate-5.0G
[2025-04-20 22:10:12] [Information] Already connected to preferred network: HellsGate-5.0G
[2025-04-20 22:10:12] [Information] Waiting 10 minutes before next check...
[2025-04-20 22:20:12] [Information] Currently connected to: HellsGate-5.0G
[2025-04-20 22:20:12] [Information] Already connected to preferred network: HellsGate-5.0G
[2025-04-20 22:20:12] [Information] Waiting 18 minutes before next check...
[2025-04-20 22:38:13] [Information] Currently connected to: HellsGate-5.0G
[2025-04-20 22:38:13] [Information] Already connected to preferred network: HellsGate-5.0G
[2025-04-20 22:38:13] [Information] Waiting 21 minutes before next check...
[2025-04-20 22:59:13] [Information] Currently connected to: HellsGate-5.0G
[2025-04-20 22:59:13] [Information] Already connected to preferred network: HellsGate-5.0G
[2025-04-20 22:59:13] [Information] Waiting 20 minutes before next check...
[2025-04-20 23:19:13] [Information] Currently connected to: HellsGate-5.0G
[2025-04-20 23:19:13] [Information] Already connected to preferred network: HellsGate-5.0G
[2025-04-20 23:19:13] [Information] Waiting 25 minutes before next check...
[2025-04-20 23:44:13] [Information] Currently connected to: HellsGate-5.0G
[2025-04-20 23:44:13] [Information] Already connected to preferred network: HellsGate-5.0G
[2025-04-20 23:44:13] [Information] Waiting 16 minutes before next check...
