[2025-01-09 00:12:37] [Information] Currently connected to: Merlin Wharf
[2025-01-09 00:12:37] [Information] Already connected to preferred network: Merlin Wharf
[2025-01-09 00:12:37] [Information] Waiting 11 minutes before next check...
[2025-01-09 00:23:38] [Information] Currently connected to: Merlin Wharf
[2025-01-09 00:23:38] [Information] Already connected to preferred network: Merlin Wharf
[2025-01-09 00:23:38] [Information] Waiting 16 minutes before next check...
[2025-01-09 00:39:38] [Information] Currently connected to: Merlin Wharf
[2025-01-09 00:39:38] [Information] Already connected to preferred network: Merlin Wharf
[2025-01-09 00:39:38] [Information] Waiting 11 minutes before next check...
[2025-01-09 00:50:38] [Information] Currently connected to: Merlin Wharf
[2025-01-09 00:50:38] [Information] Already connected to preferred network: Merlin Wharf
[2025-01-09 00:50:38] [Information] Waiting 29 minutes before next check...
[2025-01-09 01:19:38] [Information] Currently connected to: Merlin Wharf
[2025-01-09 01:19:38] [Information] Already connected to preferred network: Merlin Wharf
[2025-01-09 01:19:38] [Information] Waiting 18 minutes before next check...
[2025-01-09 01:37:38] [Information] Currently connected to: Merlin Wharf
[2025-01-09 01:37:38] [Information] Already connected to preferred network: Merlin Wharf
[2025-01-09 01:37:38] [Information] Waiting 13 minutes before next check...
[2025-01-09 01:50:38] [Information] Currently connected to: Merlin Wharf
[2025-01-09 01:50:38] [Information] Already connected to preferred network: Merlin Wharf
[2025-01-09 01:50:38] [Information] Waiting 19 minutes before next check...
[2025-01-09 02:09:38] [Information] Currently connected to: Merlin Wharf
[2025-01-09 02:09:38] [Information] Already connected to preferred network: Merlin Wharf
[2025-01-09 02:09:38] [Information] Waiting 22 minutes before next check...
[2025-01-09 02:31:38] [Information] Currently connected to: Merlin Wharf
[2025-01-09 02:31:38] [Information] Already connected to preferred network: Merlin Wharf
[2025-01-09 02:31:38] [Information] Waiting 16 minutes before next check...
[2025-01-09 02:47:38] [Information] Currently connected to: Merlin Wharf
[2025-01-09 02:47:38] [Information] Already connected to preferred network: Merlin Wharf
[2025-01-09 02:47:38] [Information] Waiting 13 minutes before next check...
[2025-01-09 03:00:38] [Information] Currently connected to: Merlin Wharf
[2025-01-09 03:00:38] [Information] Already connected to preferred network: Merlin Wharf
[2025-01-09 03:00:38] [Information] Waiting 18 minutes before next check...
[2025-01-09 03:18:38] [Information] Currently connected to: Merlin Wharf
[2025-01-09 03:18:38] [Information] Already connected to preferred network: Merlin Wharf
[2025-01-09 03:18:38] [Information] Waiting 26 minutes before next check...
[2025-01-09 03:44:38] [Information] Currently connected to: Merlin Wharf
[2025-01-09 03:44:38] [Information] Already connected to preferred network: Merlin Wharf
[2025-01-09 03:44:38] [Information] Waiting 14 minutes before next check...
[2025-01-09 03:58:38] [Information] Currently connected to: Merlin Wharf
[2025-01-09 03:58:38] [Information] Already connected to preferred network: Merlin Wharf
[2025-01-09 03:58:38] [Information] Waiting 29 minutes before next check...
[2025-01-09 04:27:39] [Information] Currently connected to: Merlin Wharf
[2025-01-09 04:27:39] [Information] Already connected to preferred network: Merlin Wharf
[2025-01-09 04:27:39] [Information] Waiting 25 minutes before next check...
[2025-01-09 04:52:45] [Information] Currently connected to: Merlin Wharf
[2025-01-09 04:52:45] [Information] Already connected to preferred network: Merlin Wharf
[2025-01-09 04:52:45] [Information] Waiting 16 minutes before next check...
[2025-01-09 05:08:45] [Information] Currently connected to: Merlin Wharf
[2025-01-09 05:08:45] [Information] Already connected to preferred network: Merlin Wharf
[2025-01-09 05:08:45] [Information] Waiting 10 minutes before next check...
[2025-01-09 05:18:45] [Information] Currently connected to: Merlin Wharf
[2025-01-09 05:18:45] [Information] Already connected to preferred network: Merlin Wharf
[2025-01-09 05:18:45] [Information] Waiting 14 minutes before next check...
[2025-01-09 05:32:45] [Information] Currently connected to: Merlin Wharf
[2025-01-09 05:32:45] [Information] Already connected to preferred network: Merlin Wharf
[2025-01-09 05:32:45] [Information] Waiting 28 minutes before next check...
[2025-01-09 06:00:46] [Information] Currently connected to: Merlin Wharf
[2025-01-09 06:00:46] [Information] Already connected to preferred network: Merlin Wharf
[2025-01-09 06:00:46] [Information] Waiting 14 minutes before next check...
[2025-01-09 06:14:46] [Information] Currently connected to: Merlin Wharf
[2025-01-09 06:14:46] [Information] Already connected to preferred network: Merlin Wharf
[2025-01-09 06:14:46] [Information] Waiting 21 minutes before next check...
[2025-01-09 06:35:46] [Information] Currently connected to: Merlin Wharf
[2025-01-09 06:35:46] [Information] Already connected to preferred network: Merlin Wharf
[2025-01-09 06:35:46] [Information] Waiting 13 minutes before next check...
[2025-01-09 06:48:46] [Information] Currently connected to: Merlin Wharf
[2025-01-09 06:48:46] [Information] Already connected to preferred network: Merlin Wharf
[2025-01-09 06:48:46] [Information] Waiting 10 minutes before next check...
[2025-01-09 06:58:46] [Information] Currently connected to: Merlin Wharf
[2025-01-09 06:58:46] [Information] Already connected to preferred network: Merlin Wharf
[2025-01-09 06:58:46] [Information] Waiting 16 minutes before next check...
[2025-01-09 07:14:46] [Information] Currently connected to: Merlin Wharf
[2025-01-09 07:14:46] [Information] Already connected to preferred network: Merlin Wharf
[2025-01-09 07:14:46] [Information] Waiting 22 minutes before next check...
[2025-01-09 07:36:46] [Information] Currently connected to: Merlin Wharf
[2025-01-09 07:36:46] [Information] Already connected to preferred network: Merlin Wharf
[2025-01-09 07:36:46] [Information] Waiting 26 minutes before next check...
[2025-01-09 08:02:46] [Information] Currently connected to: Merlin Wharf
[2025-01-09 08:02:46] [Information] Already connected to preferred network: Merlin Wharf
[2025-01-09 08:02:46] [Information] Waiting 15 minutes before next check...
[2025-01-09 08:17:46] [Information] Currently connected to: Merlin Wharf
[2025-01-09 08:17:46] [Information] Already connected to preferred network: Merlin Wharf
[2025-01-09 08:17:46] [Information] Waiting 14 minutes before next check...
[2025-01-09 08:31:46] [Information] Currently connected to: Merlin Wharf
[2025-01-09 08:31:46] [Information] Already connected to preferred network: Merlin Wharf
[2025-01-09 08:31:46] [Information] Waiting 11 minutes before next check...
[2025-01-09 08:42:46] [Information] Currently connected to: Merlin Wharf
[2025-01-09 08:42:46] [Information] Already connected to preferred network: Merlin Wharf
[2025-01-09 08:42:46] [Information] Waiting 13 minutes before next check...
[2025-01-09 08:55:46] [Information] Currently connected to: Merlin Wharf
[2025-01-09 08:55:46] [Information] Already connected to preferred network: Merlin Wharf
[2025-01-09 08:55:46] [Information] Waiting 28 minutes before next check...
[2025-01-09 09:23:46] [Information] Currently connected to: Merlin Wharf
[2025-01-09 09:23:46] [Information] Already connected to preferred network: Merlin Wharf
[2025-01-09 09:23:46] [Information] Waiting 21 minutes before next check...
[2025-01-09 09:44:47] [Information] Currently connected to: Merlin Wharf
[2025-01-09 09:44:47] [Information] Already connected to preferred network: Merlin Wharf
[2025-01-09 09:44:47] [Information] Waiting 16 minutes before next check...
[2025-01-09 10:00:47] [Information] Currently connected to: Merlin Wharf
[2025-01-09 10:00:47] [Information] Already connected to preferred network: Merlin Wharf
[2025-01-09 10:00:47] [Information] Waiting 26 minutes before next check...
[2025-01-09 10:26:47] [Information] Currently connected to: Merlin Wharf
[2025-01-09 10:26:47] [Information] Already connected to preferred network: Merlin Wharf
[2025-01-09 10:26:47] [Information] Waiting 13 minutes before next check...
[2025-01-09 10:39:47] [Information] Currently connected to: Merlin Wharf
[2025-01-09 10:39:47] [Information] Already connected to preferred network: Merlin Wharf
[2025-01-09 10:39:47] [Information] Waiting 25 minutes before next check...
[2025-01-09 11:04:47] [Information] Currently connected to: Merlin Wharf
[2025-01-09 11:04:47] [Information] Already connected to preferred network: Merlin Wharf
[2025-01-09 11:04:47] [Information] Waiting 12 minutes before next check...
[2025-01-09 11:16:47] [Information] Currently connected to: Merlin Wharf
[2025-01-09 11:16:47] [Information] Already connected to preferred network: Merlin Wharf
[2025-01-09 11:16:47] [Information] Waiting 13 minutes before next check...
[2025-01-09 11:29:47] [Information] Currently connected to: Merlin Wharf
[2025-01-09 11:29:47] [Information] Already connected to preferred network: Merlin Wharf
[2025-01-09 11:29:47] [Information] Waiting 26 minutes before next check...
[2025-01-09 11:55:47] [Information] Currently connected to: Merlin Wharf
[2025-01-09 11:55:47] [Information] Already connected to preferred network: Merlin Wharf
[2025-01-09 11:55:47] [Information] Waiting 21 minutes before next check...
[2025-01-09 20:42:56] [Information] Currently connected to: Nyati_CPEPro2_5G
[2025-01-09 20:42:56] [Information] Already connected to preferred network: Nyati_CPEPro2_5G
[2025-01-09 20:42:56] [Information] Waiting 21 minutes before next check...
[2025-01-09 21:03:56] [Information] Currently connected to: Nyati_CPEPro2_5G
[2025-01-09 21:03:56] [Information] Already connected to preferred network: Nyati_CPEPro2_5G
[2025-01-09 21:03:56] [Information] Waiting 15 minutes before next check...
[2025-01-09 21:18:56] [Information] Currently connected to: Nyati_CPEPro2_5G
[2025-01-09 21:18:56] [Information] Already connected to preferred network: Nyati_CPEPro2_5G
[2025-01-09 21:18:56] [Information] Waiting 19 minutes before next check...
[2025-01-09 21:37:56] [Information] Currently connected to: Nyati_CPEPro2_5G
[2025-01-09 21:37:56] [Information] Already connected to preferred network: Nyati_CPEPro2_5G
[2025-01-09 21:37:56] [Information] Waiting 11 minutes before next check...
[2025-01-09 21:48:56] [Information] Currently connected to: Nyati_CPEPro2_5G
[2025-01-09 21:48:56] [Information] Already connected to preferred network: Nyati_CPEPro2_5G
[2025-01-09 21:48:56] [Information] Waiting 24 minutes before next check...
[2025-01-09 22:12:56] [Information] Currently connected to: Nyati_CPEPro2_5G
[2025-01-09 22:12:56] [Information] Already connected to preferred network: Nyati_CPEPro2_5G
[2025-01-09 22:12:56] [Information] Waiting 26 minutes before next check...
[2025-01-09 22:38:57] [Information] Currently connected to: Nyati_CPEPro2_5G
[2025-01-09 22:38:57] [Information] Already connected to preferred network: Nyati_CPEPro2_5G
[2025-01-09 22:38:57] [Information] Waiting 22 minutes before next check...
[2025-01-09 23:00:57] [Information] Currently connected to: Nyati_CPEPro2_5G
[2025-01-09 23:00:57] [Information] Already connected to preferred network: Nyati_CPEPro2_5G
[2025-01-09 23:00:57] [Information] Waiting 25 minutes before next check...
[2025-01-09 23:25:57] [Information] Currently connected to: Nyati_CPEPro2_5G
[2025-01-09 23:25:57] [Information] Already connected to preferred network: Nyati_CPEPro2_5G
[2025-01-09 23:25:57] [Information] Waiting 25 minutes before next check...
[2025-01-09 23:50:57] [Information] Currently connected to: Nyati_CPEPro2_5G
[2025-01-09 23:50:57] [Information] Already connected to preferred network: Nyati_CPEPro2_5G
[2025-01-09 23:50:57] [Information] Waiting 14 minutes before next check...
