[2025-06-11 00:06:25] [Information] Currently connected to: Nyati_CPEPro2_2.4G
[2025-06-11 00:06:25] [Information] Already connected to preferred network: Nyati_CPEPro2_2.4G
[2025-06-11 00:06:25] [Information] Waiting 10 minutes before next check...
[2025-06-11 00:16:25] [Information] Currently connected to: Nyati_CPEPro2_2.4G
[2025-06-11 00:16:25] [Information] Already connected to preferred network: Nyati_CPEPro2_2.4G
[2025-06-11 00:16:25] [Information] Waiting 14 minutes before next check...
[2025-06-11 00:30:26] [Information] Currently connected to: Nyati_CPEPro2_2.4G
[2025-06-11 00:30:26] [Information] Already connected to preferred network: Nyati_CPEPro2_2.4G
[2025-06-11 00:30:26] [Information] Waiting 11 minutes before next check...
[2025-06-11 00:41:26] [Information] Currently connected to: Nyati_CPEPro2_2.4G
[2025-06-11 00:41:26] [Information] Already connected to preferred network: Nyati_CPEPro2_2.4G
[2025-06-11 00:41:26] [Information] Waiting 20 minutes before next check...
[2025-06-11 01:01:26] [Information] Currently connected to: Nyati_CPEPro2_2.4G
[2025-06-11 01:01:26] [Information] Already connected to preferred network: Nyati_CPEPro2_2.4G
[2025-06-11 01:01:26] [Information] Waiting 16 minutes before next check...
[2025-06-11 01:17:26] [Information] Currently connected to: Nyati_CPEPro2_2.4G
[2025-06-11 01:17:26] [Information] Already connected to preferred network: Nyati_CPEPro2_2.4G
[2025-06-11 01:17:26] [Information] Waiting 20 minutes before next check...
[2025-06-11 01:37:26] [Warning] No current WiFi connection
[2025-06-11 01:37:26] [Information] Scanning for preferred networks...
[2025-06-11 01:37:26] [Information] Found 11 networks
[2025-06-11 01:37:26] [Information] Attempting to connect to HellsGate-5.0G
[2025-06-11 01:37:31] [Information] Currently connected to: HellsGate-5.0G
[2025-06-11 01:37:31] [Information] Successfully connected to HellsGate-5.0G
[2025-06-11 01:37:31] [Information] Waiting 18 minutes before next check...
[2025-06-11 01:55:31] [Information] Currently connected to: HellsGate-5.0G
[2025-06-11 01:55:31] [Information] Already connected to preferred network: HellsGate-5.0G
[2025-06-11 01:55:31] [Information] Waiting 21 minutes before next check...
[2025-06-11 02:16:31] [Information] Currently connected to: HellsGate-5.0G
[2025-06-11 02:16:31] [Information] Already connected to preferred network: HellsGate-5.0G
[2025-06-11 02:16:31] [Information] Waiting 17 minutes before next check...
[2025-06-11 02:33:31] [Information] Currently connected to: HellsGate-5.0G
[2025-06-11 02:33:31] [Information] Already connected to preferred network: HellsGate-5.0G
[2025-06-11 02:33:31] [Information] Waiting 29 minutes before next check...
[2025-06-11 03:02:31] [Information] Currently connected to: HellsGate-5.0G
[2025-06-11 03:02:32] [Information] Already connected to preferred network: HellsGate-5.0G
[2025-06-11 03:02:32] [Information] Waiting 15 minutes before next check...
[2025-06-11 03:17:32] [Information] Currently connected to: HellsGate-5.0G
[2025-06-11 03:17:32] [Information] Already connected to preferred network: HellsGate-5.0G
[2025-06-11 03:17:32] [Information] Waiting 29 minutes before next check...
[2025-06-11 03:46:32] [Information] Currently connected to: HellsGate-5.0G
[2025-06-11 03:46:32] [Information] Already connected to preferred network: HellsGate-5.0G
[2025-06-11 03:46:32] [Information] Waiting 28 minutes before next check...
[2025-06-11 04:14:32] [Information] Currently connected to: HellsGate-5.0G
[2025-06-11 04:14:32] [Information] Already connected to preferred network: HellsGate-5.0G
[2025-06-11 04:14:32] [Information] Waiting 13 minutes before next check...
[2025-06-11 04:27:32] [Information] Currently connected to: HellsGate-5.0G
[2025-06-11 04:27:32] [Information] Already connected to preferred network: HellsGate-5.0G
[2025-06-11 04:27:32] [Information] Waiting 18 minutes before next check...
[2025-06-11 04:45:32] [Information] Currently connected to: HellsGate-5.0G
[2025-06-11 04:45:32] [Information] Already connected to preferred network: HellsGate-5.0G
[2025-06-11 04:45:32] [Information] Waiting 14 minutes before next check...
[2025-06-11 04:59:32] [Information] Currently connected to: HellsGate-5.0G
[2025-06-11 04:59:32] [Information] Already connected to preferred network: HellsGate-5.0G
[2025-06-11 04:59:32] [Information] Waiting 13 minutes before next check...
[2025-06-11 05:12:32] [Information] Currently connected to: HellsGate-5.0G
[2025-06-11 05:12:32] [Information] Already connected to preferred network: HellsGate-5.0G
[2025-06-11 05:12:32] [Information] Waiting 14 minutes before next check...
[2025-06-11 05:26:32] [Information] Currently connected to: HellsGate-5.0G
[2025-06-11 05:26:32] [Information] Already connected to preferred network: HellsGate-5.0G
[2025-06-11 05:26:32] [Information] Waiting 29 minutes before next check...
[2025-06-11 05:55:32] [Information] Currently connected to: HellsGate-5.0G
[2025-06-11 05:55:32] [Information] Already connected to preferred network: HellsGate-5.0G
[2025-06-11 05:55:32] [Information] Waiting 21 minutes before next check...
[2025-06-11 06:16:32] [Information] Currently connected to: HellsGate-5.0G
[2025-06-11 06:16:32] [Information] Already connected to preferred network: HellsGate-5.0G
[2025-06-11 06:16:32] [Information] Waiting 26 minutes before next check...
[2025-06-11 06:42:40] [Information] Currently connected to: HellsGate-5.0G
[2025-06-11 06:42:40] [Information] Already connected to preferred network: HellsGate-5.0G
[2025-06-11 06:42:40] [Information] Waiting 25 minutes before next check...
[2025-06-11 07:07:40] [Information] Currently connected to: HellsGate-5.0G
[2025-06-11 07:07:40] [Information] Already connected to preferred network: HellsGate-5.0G
[2025-06-11 07:07:40] [Information] Waiting 12 minutes before next check...
[2025-06-11 07:19:40] [Information] Currently connected to: HellsGate-5.0G
[2025-06-11 07:19:40] [Information] Already connected to preferred network: HellsGate-5.0G
[2025-06-11 07:19:40] [Information] Waiting 11 minutes before next check...
[2025-06-11 07:30:40] [Information] Currently connected to: HellsGate-5.0G
[2025-06-11 07:30:40] [Information] Already connected to preferred network: HellsGate-5.0G
[2025-06-11 07:30:40] [Information] Waiting 29 minutes before next check...
[2025-06-11 07:59:40] [Information] Currently connected to: HellsGate-5.0G
[2025-06-11 07:59:40] [Information] Already connected to preferred network: HellsGate-5.0G
[2025-06-11 07:59:40] [Information] Waiting 29 minutes before next check...
[2025-06-11 08:28:40] [Information] Currently connected to: HellsGate-5.0G
[2025-06-11 08:28:40] [Information] Already connected to preferred network: HellsGate-5.0G
[2025-06-11 08:28:40] [Information] Waiting 10 minutes before next check...
[2025-06-11 08:38:41] [Information] Currently connected to: HellsGate-5.0G
[2025-06-11 08:38:41] [Information] Already connected to preferred network: HellsGate-5.0G
[2025-06-11 08:38:41] [Information] Waiting 27 minutes before next check...
[2025-06-11 09:05:41] [Information] Currently connected to: HellsGate-5.0G
[2025-06-11 09:05:41] [Information] Already connected to preferred network: HellsGate-5.0G
[2025-06-11 09:05:41] [Information] Waiting 16 minutes before next check...
[2025-06-11 09:21:41] [Information] Currently connected to: HellsGate-5.0G
[2025-06-11 09:21:41] [Information] Already connected to preferred network: HellsGate-5.0G
[2025-06-11 09:21:41] [Information] Waiting 22 minutes before next check...
[2025-06-11 09:43:41] [Information] Currently connected to: HellsGate-5.0G
[2025-06-11 09:43:41] [Information] Already connected to preferred network: HellsGate-5.0G
[2025-06-11 09:43:41] [Information] Waiting 10 minutes before next check...
[2025-06-11 09:53:41] [Information] Currently connected to: HellsGate-5.0G
[2025-06-11 09:53:41] [Information] Already connected to preferred network: HellsGate-5.0G
[2025-06-11 09:53:41] [Information] Waiting 17 minutes before next check...
[2025-06-11 10:10:41] [Information] Currently connected to: HellsGate-5.0G
[2025-06-11 10:10:41] [Information] Already connected to preferred network: HellsGate-5.0G
[2025-06-11 10:10:41] [Information] Waiting 14 minutes before next check...
[2025-06-11 10:24:41] [Information] Currently connected to: HellsGate-5.0G
[2025-06-11 10:24:41] [Information] Already connected to preferred network: HellsGate-5.0G
[2025-06-11 10:24:41] [Information] Waiting 25 minutes before next check...
[2025-06-11 10:49:41] [Information] Currently connected to: HellsGate-5.0G
[2025-06-11 10:49:41] [Information] Already connected to preferred network: HellsGate-5.0G
[2025-06-11 10:49:41] [Information] Waiting 24 minutes before next check...
[2025-06-11 11:13:41] [Information] Currently connected to: HellsGate-5.0G
[2025-06-11 11:13:41] [Information] Already connected to preferred network: HellsGate-5.0G
[2025-06-11 11:13:41] [Information] Waiting 11 minutes before next check...
[2025-06-11 11:24:41] [Information] Currently connected to: HellsGate-5.0G
[2025-06-11 11:24:41] [Information] Already connected to preferred network: HellsGate-5.0G
[2025-06-11 11:24:41] [Information] Waiting 15 minutes before next check...
[2025-06-11 11:39:41] [Information] Currently connected to: HellsGate-5.0G
[2025-06-11 11:39:41] [Information] Already connected to preferred network: HellsGate-5.0G
[2025-06-11 11:39:41] [Information] Waiting 25 minutes before next check...
[2025-06-11 12:04:41] [Information] Currently connected to: HellsGate-5.0G
[2025-06-11 12:04:41] [Information] Already connected to preferred network: HellsGate-5.0G
[2025-06-11 12:04:41] [Information] Waiting 17 minutes before next check...
[2025-06-11 12:21:42] [Information] Currently connected to: HellsGate-5.0G
[2025-06-11 12:21:42] [Information] Already connected to preferred network: HellsGate-5.0G
[2025-06-11 12:21:42] [Information] Waiting 27 minutes before next check...
[2025-06-11 12:48:42] [Information] Currently connected to: HellsGate-5.0G
[2025-06-11 12:48:42] [Information] Already connected to preferred network: HellsGate-5.0G
[2025-06-11 12:48:42] [Information] Waiting 28 minutes before next check...
[2025-06-11 13:16:42] [Information] Currently connected to: HellsGate-5.0G
[2025-06-11 13:16:42] [Information] Already connected to preferred network: HellsGate-5.0G
[2025-06-11 13:16:42] [Information] Waiting 15 minutes before next check...
[2025-06-11 13:31:42] [Information] Currently connected to: HellsGate-5.0G
[2025-06-11 13:31:42] [Information] Already connected to preferred network: HellsGate-5.0G
[2025-06-11 13:31:42] [Information] Waiting 18 minutes before next check...
[2025-06-11 13:49:42] [Information] Currently connected to: HellsGate-5.0G
[2025-06-11 13:49:42] [Information] Already connected to preferred network: HellsGate-5.0G
[2025-06-11 13:49:42] [Information] Waiting 28 minutes before next check...
[2025-06-11 14:17:42] [Information] Currently connected to: HellsGate-5.0G
[2025-06-11 14:17:42] [Information] Already connected to preferred network: HellsGate-5.0G
[2025-06-11 14:17:42] [Information] Waiting 26 minutes before next check...
[2025-06-11 14:43:42] [Information] Currently connected to: HellsGate-5.0G
[2025-06-11 14:43:42] [Information] Already connected to preferred network: HellsGate-5.0G
[2025-06-11 14:43:42] [Information] Waiting 28 minutes before next check...
[2025-06-11 15:11:42] [Information] Currently connected to: HellsGate-5.0G
[2025-06-11 15:11:42] [Information] Already connected to preferred network: HellsGate-5.0G
[2025-06-11 15:11:42] [Information] Waiting 28 minutes before next check...
[2025-06-11 15:39:42] [Information] Currently connected to: HellsGate-5.0G
[2025-06-11 15:39:42] [Information] Already connected to preferred network: HellsGate-5.0G
[2025-06-11 15:39:42] [Information] Waiting 12 minutes before next check...
[2025-06-11 15:51:42] [Information] Currently connected to: HellsGate-5.0G
[2025-06-11 15:51:42] [Information] Already connected to preferred network: HellsGate-5.0G
[2025-06-11 15:51:42] [Information] Waiting 23 minutes before next check...
[2025-06-11 16:14:42] [Information] Currently connected to: HellsGate-5.0G
[2025-06-11 16:14:42] [Information] Already connected to preferred network: HellsGate-5.0G
[2025-06-11 16:14:42] [Information] Waiting 15 minutes before next check...
[2025-06-11 16:29:42] [Information] Currently connected to: HellsGate-5.0G
[2025-06-11 16:29:42] [Information] Already connected to preferred network: HellsGate-5.0G
[2025-06-11 16:29:42] [Information] Waiting 25 minutes before next check...
[2025-06-11 16:54:43] [Information] Currently connected to: HellsGate-5.0G
[2025-06-11 16:54:43] [Information] Already connected to preferred network: HellsGate-5.0G
[2025-06-11 16:54:43] [Information] Waiting 13 minutes before next check...
[2025-06-11 17:07:43] [Information] Currently connected to: HellsGate-5.0G
[2025-06-11 17:07:43] [Information] Already connected to preferred network: HellsGate-5.0G
[2025-06-11 17:07:43] [Information] Waiting 23 minutes before next check...
[2025-06-11 17:30:43] [Information] Currently connected to: HellsGate-5.0G
[2025-06-11 17:30:43] [Information] Already connected to preferred network: HellsGate-5.0G
[2025-06-11 17:30:43] [Information] Waiting 17 minutes before next check...
[2025-06-11 17:47:43] [Information] Currently connected to: HellsGate-5.0G
[2025-06-11 17:47:43] [Information] Already connected to preferred network: HellsGate-5.0G
[2025-06-11 17:47:43] [Information] Waiting 14 minutes before next check...
[2025-06-11 18:01:43] [Information] Currently connected to: HellsGate-5.0G
[2025-06-11 18:01:43] [Information] Already connected to preferred network: HellsGate-5.0G
[2025-06-11 18:01:43] [Information] Waiting 10 minutes before next check...
[2025-06-11 18:11:43] [Information] Currently connected to: HellsGate-5.0G
[2025-06-11 18:11:43] [Information] Already connected to preferred network: HellsGate-5.0G
[2025-06-11 18:11:43] [Information] Waiting 27 minutes before next check...
[2025-06-11 18:38:43] [Information] Currently connected to: HellsGate-5.0G
[2025-06-11 18:38:43] [Information] Already connected to preferred network: HellsGate-5.0G
[2025-06-11 18:38:43] [Information] Waiting 25 minutes before next check...
[2025-06-11 19:03:43] [Information] Currently connected to: Nyati_CPEPro2_5G
[2025-06-11 19:03:43] [Information] Already connected to preferred network: Nyati_CPEPro2_5G
[2025-06-11 19:03:43] [Information] Waiting 26 minutes before next check...
[2025-06-11 19:29:43] [Information] Currently connected to: Nyati_CPEPro2_5G
[2025-06-11 19:29:43] [Information] Already connected to preferred network: Nyati_CPEPro2_5G
[2025-06-11 19:29:43] [Information] Waiting 25 minutes before next check...
[2025-06-11 19:54:43] [Information] Currently connected to: Nyati_CPEPro2_5G
[2025-06-11 19:54:43] [Information] Already connected to preferred network: Nyati_CPEPro2_5G
[2025-06-11 19:54:43] [Information] Waiting 24 minutes before next check...
[2025-06-11 20:18:43] [Information] Currently connected to: Nyati_CPEPro2_5G
[2025-06-11 20:18:43] [Information] Already connected to preferred network: Nyati_CPEPro2_5G
[2025-06-11 20:18:43] [Information] Waiting 16 minutes before next check...
[2025-06-11 20:34:43] [Information] Currently connected to: Nyati_CPEPro2_5G
[2025-06-11 20:34:43] [Information] Already connected to preferred network: Nyati_CPEPro2_5G
[2025-06-11 20:34:43] [Information] Waiting 28 minutes before next check...
[2025-06-11 21:02:44] [Information] Currently connected to: Nyati_CPEPro2_5G
[2025-06-11 21:02:44] [Information] Already connected to preferred network: Nyati_CPEPro2_5G
[2025-06-11 21:02:44] [Information] Waiting 17 minutes before next check...
[2025-06-11 21:19:44] [Information] Currently connected to: Nyati_CPEPro2_5G
[2025-06-11 21:19:44] [Information] Already connected to preferred network: Nyati_CPEPro2_5G
[2025-06-11 21:19:44] [Information] Waiting 23 minutes before next check...
[2025-06-11 21:42:44] [Information] Currently connected to: Nyati_CPEPro2_5G
[2025-06-11 21:42:44] [Information] Already connected to preferred network: Nyati_CPEPro2_5G
[2025-06-11 21:42:44] [Information] Waiting 16 minutes before next check...
[2025-06-11 21:58:44] [Information] Currently connected to: Nyati_CPEPro2_5G
[2025-06-11 21:58:44] [Information] Already connected to preferred network: Nyati_CPEPro2_5G
[2025-06-11 21:58:44] [Information] Waiting 13 minutes before next check...
[2025-06-11 22:11:44] [Information] Currently connected to: Nyati_CPEPro2_5G
[2025-06-11 22:11:44] [Information] Already connected to preferred network: Nyati_CPEPro2_5G
[2025-06-11 22:11:44] [Information] Waiting 10 minutes before next check...
[2025-06-11 22:21:44] [Information] Currently connected to: Nyati_CPEPro2_5G
[2025-06-11 22:21:44] [Information] Already connected to preferred network: Nyati_CPEPro2_5G
[2025-06-11 22:21:44] [Information] Waiting 20 minutes before next check...
[2025-06-11 22:41:44] [Information] Currently connected to: Nyati_CPEPro2_5G
[2025-06-11 22:41:44] [Information] Already connected to preferred network: Nyati_CPEPro2_5G
[2025-06-11 22:41:44] [Information] Waiting 26 minutes before next check...
[2025-06-11 23:07:44] [Information] Currently connected to: Nyati_CPEPro2_5G
[2025-06-11 23:07:44] [Information] Already connected to preferred network: Nyati_CPEPro2_5G
[2025-06-11 23:07:44] [Information] Waiting 19 minutes before next check...
[2025-06-11 23:26:44] [Information] Currently connected to: Nyati_CPEPro2_5G
[2025-06-11 23:26:44] [Information] Already connected to preferred network: Nyati_CPEPro2_5G
[2025-06-11 23:26:44] [Information] Waiting 25 minutes before next check...
[2025-06-11 23:51:44] [Information] Currently connected to: Nyati_CPEPro2_5G
[2025-06-11 23:51:44] [Information] Already connected to preferred network: Nyati_CPEPro2_5G
[2025-06-11 23:51:44] [Information] Waiting 15 minutes before next check...
