[2025-03-11 03:30:52] [Information] Successfully registered scheduled task
[2025-03-11 03:30:52] [Information] WiFi connection manager started
[2025-03-11 03:30:53] [Warning] No current WiFi connection
[2025-03-11 03:30:53] [Information] Scanning for preferred networks...
[2025-03-11 03:30:54] [Information] Found 6 networks
[2025-03-11 03:30:54] [Information] Attempting to connect to HellsGate-5.0G
[2025-03-11 03:30:59] [Information] Currently connected to: HellsGate-5.0G
[2025-03-11 03:30:59] [Information] Successfully connected to HellsGate-5.0G
[2025-03-11 03:30:59] [Information] Waiting 16 minutes before next check...
[2025-03-11 03:46:59] [Information] Currently connected to: HellsGate-5.0G
[2025-03-11 03:46:59] [Information] Already connected to preferred network: HellsGate-5.0G
[2025-03-11 03:46:59] [Information] Waiting 18 minutes before next check...
[2025-03-11 04:04:59] [Information] Currently connected to: HellsGate-5.0G
[2025-03-11 04:04:59] [Information] Already connected to preferred network: HellsGate-5.0G
[2025-03-11 04:04:59] [Information] Waiting 10 minutes before next check...
[2025-03-11 04:14:59] [Information] Currently connected to: HellsGate-5.0G
[2025-03-11 04:14:59] [Information] Already connected to preferred network: HellsGate-5.0G
[2025-03-11 04:14:59] [Information] Waiting 10 minutes before next check...
[2025-03-11 04:24:59] [Information] Currently connected to: HellsGate-5.0G
[2025-03-11 04:24:59] [Information] Already connected to preferred network: HellsGate-5.0G
[2025-03-11 04:24:59] [Information] Waiting 25 minutes before next check...
[2025-03-11 04:49:59] [Information] Currently connected to: HellsGate-5.0G
[2025-03-11 04:49:59] [Information] Already connected to preferred network: HellsGate-5.0G
[2025-03-11 04:49:59] [Information] Waiting 15 minutes before next check...
[2025-03-11 05:04:59] [Information] Currently connected to: HellsGate-5.0G
[2025-03-11 05:04:59] [Information] Already connected to preferred network: HellsGate-5.0G
[2025-03-11 05:04:59] [Information] Waiting 25 minutes before next check...
[2025-03-11 05:30:00] [Information] Currently connected to: HellsGate-5.0G
[2025-03-11 05:30:00] [Information] Already connected to preferred network: HellsGate-5.0G
[2025-03-11 05:30:00] [Information] Waiting 22 minutes before next check...
[2025-03-11 05:52:00] [Information] Currently connected to: HellsGate-5.0G
[2025-03-11 05:52:00] [Information] Already connected to preferred network: HellsGate-5.0G
[2025-03-11 05:52:00] [Information] Waiting 22 minutes before next check...
[2025-03-11 06:14:00] [Information] Currently connected to: HellsGate-5.0G
[2025-03-11 06:14:00] [Information] Already connected to preferred network: HellsGate-5.0G
[2025-03-11 06:14:00] [Information] Waiting 14 minutes before next check...
[2025-03-11 06:28:00] [Information] Currently connected to: HellsGate-5.0G
[2025-03-11 06:28:00] [Information] Already connected to preferred network: HellsGate-5.0G
[2025-03-11 06:28:00] [Information] Waiting 18 minutes before next check...
[2025-03-11 06:46:00] [Information] Currently connected to: HellsGate-5.0G
[2025-03-11 06:46:00] [Information] Already connected to preferred network: HellsGate-5.0G
[2025-03-11 06:46:00] [Information] Waiting 23 minutes before next check...
[2025-03-11 07:09:00] [Information] Currently connected to: HellsGate-5.0G
[2025-03-11 07:09:00] [Information] Already connected to preferred network: HellsGate-5.0G
[2025-03-11 07:09:00] [Information] Waiting 18 minutes before next check...
[2025-03-11 07:27:00] [Information] Currently connected to: HellsGate-5.0G
[2025-03-11 07:27:00] [Information] Already connected to preferred network: HellsGate-5.0G
[2025-03-11 07:27:00] [Information] Waiting 12 minutes before next check...
[2025-03-11 07:39:00] [Information] Currently connected to: HellsGate-5.0G
[2025-03-11 07:39:00] [Information] Already connected to preferred network: HellsGate-5.0G
[2025-03-11 07:39:00] [Information] Waiting 13 minutes before next check...
[2025-03-11 07:52:00] [Information] Currently connected to: HellsGate-5.0G
[2025-03-11 07:52:00] [Information] Already connected to preferred network: HellsGate-5.0G
[2025-03-11 07:52:00] [Information] Waiting 24 minutes before next check...
[2025-03-11 08:16:00] [Information] Currently connected to: HellsGate-5.0G
[2025-03-11 08:16:00] [Information] Already connected to preferred network: HellsGate-5.0G
[2025-03-11 08:16:00] [Information] Waiting 14 minutes before next check...
[2025-03-11 08:30:00] [Information] Currently connected to: HellsGate-5.0G
[2025-03-11 08:30:00] [Information] Already connected to preferred network: HellsGate-5.0G
[2025-03-11 08:30:00] [Information] Waiting 27 minutes before next check...
[2025-03-11 08:57:00] [Information] Currently connected to: HellsGate-5.0G
[2025-03-11 08:57:01] [Information] Already connected to preferred network: HellsGate-5.0G
[2025-03-11 08:57:01] [Information] Waiting 14 minutes before next check...
[2025-03-11 09:11:01] [Information] Currently connected to: HellsGate-5.0G
[2025-03-11 09:11:01] [Information] Already connected to preferred network: HellsGate-5.0G
[2025-03-11 09:11:01] [Information] Waiting 19 minutes before next check...
[2025-03-11 09:30:01] [Information] Currently connected to: HellsGate-5.0G
[2025-03-11 09:30:01] [Information] Already connected to preferred network: HellsGate-5.0G
[2025-03-11 09:30:01] [Information] Waiting 21 minutes before next check...
[2025-03-11 09:51:01] [Information] Currently connected to: HellsGate-5.0G
[2025-03-11 09:51:01] [Information] Already connected to preferred network: HellsGate-5.0G
[2025-03-11 09:51:01] [Information] Waiting 29 minutes before next check...
[2025-03-11 10:20:01] [Information] Currently connected to: HellsGate-5.0G
[2025-03-11 10:20:01] [Information] Already connected to preferred network: HellsGate-5.0G
[2025-03-11 10:20:01] [Information] Waiting 13 minutes before next check...
[2025-03-11 10:33:01] [Information] Currently connected to: HellsGate-5.0G
[2025-03-11 10:33:01] [Information] Already connected to preferred network: HellsGate-5.0G
[2025-03-11 10:33:01] [Information] Waiting 28 minutes before next check...
[2025-03-11 11:01:01] [Information] Currently connected to: HellsGate-5.0G
[2025-03-11 11:01:01] [Information] Already connected to preferred network: HellsGate-5.0G
[2025-03-11 11:01:01] [Information] Waiting 18 minutes before next check...
[2025-03-11 11:19:01] [Information] Currently connected to: HellsGate-5.0G
[2025-03-11 11:19:01] [Information] Already connected to preferred network: HellsGate-5.0G
[2025-03-11 11:19:01] [Information] Waiting 16 minutes before next check...
[2025-03-11 11:35:01] [Information] Currently connected to: HellsGate-5.0G
[2025-03-11 11:35:01] [Information] Already connected to preferred network: HellsGate-5.0G
[2025-03-11 11:35:01] [Information] Waiting 27 minutes before next check...
[2025-03-11 12:02:01] [Information] Currently connected to: HellsGate-5.0G
[2025-03-11 12:02:01] [Information] Already connected to preferred network: HellsGate-5.0G
[2025-03-11 12:02:01] [Information] Waiting 24 minutes before next check...
[2025-03-11 12:26:01] [Information] Currently connected to: HellsGate-5.0G
[2025-03-11 12:26:01] [Information] Already connected to preferred network: HellsGate-5.0G
[2025-03-11 12:26:01] [Information] Waiting 18 minutes before next check...
[2025-03-11 12:44:01] [Information] Currently connected to: HellsGate-5.0G
[2025-03-11 12:44:01] [Information] Already connected to preferred network: HellsGate-5.0G
[2025-03-11 12:44:01] [Information] Waiting 19 minutes before next check...
[2025-03-11 13:03:01] [Information] Currently connected to: HellsGate-5.0G
[2025-03-11 13:03:01] [Information] Already connected to preferred network: HellsGate-5.0G
[2025-03-11 13:03:01] [Information] Waiting 23 minutes before next check...
[2025-03-11 13:26:02] [Information] Currently connected to: HellsGate-5.0G
[2025-03-11 13:26:02] [Information] Already connected to preferred network: HellsGate-5.0G
[2025-03-11 13:26:02] [Information] Waiting 18 minutes before next check...
[2025-03-11 13:44:02] [Information] Currently connected to: HellsGate-5.0G
[2025-03-11 13:44:02] [Information] Already connected to preferred network: HellsGate-5.0G
[2025-03-11 13:44:02] [Information] Waiting 22 minutes before next check...
[2025-03-11 14:06:02] [Information] Currently connected to: HellsGate-5.0G
[2025-03-11 14:06:02] [Information] Already connected to preferred network: HellsGate-5.0G
[2025-03-11 14:06:02] [Information] Waiting 26 minutes before next check...
[2025-03-11 14:32:02] [Information] Currently connected to: HellsGate-5.0G
[2025-03-11 14:32:02] [Information] Already connected to preferred network: HellsGate-5.0G
[2025-03-11 14:32:02] [Information] Waiting 21 minutes before next check...
[2025-03-11 14:53:02] [Information] Currently connected to: HellsGate-5.0G
[2025-03-11 14:53:02] [Information] Already connected to preferred network: HellsGate-5.0G
[2025-03-11 14:53:02] [Information] Waiting 10 minutes before next check...
[2025-03-11 15:03:02] [Information] Currently connected to: HellsGate-5.0G
[2025-03-11 15:03:02] [Information] Already connected to preferred network: HellsGate-5.0G
[2025-03-11 15:03:02] [Information] Waiting 16 minutes before next check...
[2025-03-11 15:19:02] [Information] Currently connected to: HellsGate-5.0G
[2025-03-11 15:19:02] [Information] Already connected to preferred network: HellsGate-5.0G
[2025-03-11 15:19:02] [Information] Waiting 29 minutes before next check...
[2025-03-11 15:48:02] [Information] Currently connected to: HellsGate-5.0G
[2025-03-11 15:48:02] [Information] Already connected to preferred network: HellsGate-5.0G
[2025-03-11 15:48:02] [Information] Waiting 15 minutes before next check...
[2025-03-11 16:03:02] [Information] Currently connected to: HellsGate-5.0G
[2025-03-11 16:03:02] [Information] Already connected to preferred network: HellsGate-5.0G
[2025-03-11 16:03:02] [Information] Waiting 20 minutes before next check...
[2025-03-11 16:23:02] [Information] Currently connected to: HellsGate-5.0G
[2025-03-11 16:23:02] [Information] Already connected to preferred network: HellsGate-5.0G
[2025-03-11 16:23:02] [Information] Waiting 28 minutes before next check...
[2025-03-11 16:51:02] [Information] Currently connected to: HellsGate-5.0G
[2025-03-11 16:51:02] [Information] Already connected to preferred network: HellsGate-5.0G
[2025-03-11 16:51:02] [Information] Waiting 19 minutes before next check...
[2025-03-11 17:10:02] [Information] Currently connected to: HellsGate-5.0G
[2025-03-11 17:10:02] [Information] Already connected to preferred network: HellsGate-5.0G
[2025-03-11 17:10:02] [Information] Waiting 24 minutes before next check...
[2025-03-11 17:34:02] [Information] Currently connected to: HellsGate-5.0G
[2025-03-11 17:34:02] [Information] Already connected to preferred network: HellsGate-5.0G
[2025-03-11 17:34:02] [Information] Waiting 27 minutes before next check...
[2025-03-11 18:01:03] [Information] Currently connected to: HellsGate-5.0G
[2025-03-11 18:01:03] [Information] Already connected to preferred network: HellsGate-5.0G
[2025-03-11 18:01:03] [Information] Waiting 12 minutes before next check...
[2025-03-11 18:13:03] [Information] Currently connected to: HellsGate-5.0G
[2025-03-11 18:13:03] [Information] Already connected to preferred network: HellsGate-5.0G
[2025-03-11 18:13:03] [Information] Waiting 12 minutes before next check...
[2025-03-11 18:25:03] [Information] Currently connected to: HellsGate-5.0G
[2025-03-11 18:25:03] [Information] Already connected to preferred network: HellsGate-5.0G
[2025-03-11 18:25:03] [Information] Waiting 26 minutes before next check...
[2025-03-11 18:51:03] [Information] Currently connected to: HellsGate-5.0G
[2025-03-11 18:51:03] [Information] Already connected to preferred network: HellsGate-5.0G
[2025-03-11 18:51:03] [Information] Waiting 29 minutes before next check...
[2025-03-11 19:20:03] [Information] Currently connected to: HellsGate-5.0G
[2025-03-11 19:20:03] [Information] Already connected to preferred network: HellsGate-5.0G
[2025-03-11 19:20:03] [Information] Waiting 14 minutes before next check...
[2025-03-11 19:34:03] [Information] Currently connected to: HellsGate-5.0G
[2025-03-11 19:34:03] [Information] Already connected to preferred network: HellsGate-5.0G
[2025-03-11 19:34:03] [Information] Waiting 10 minutes before next check...
[2025-03-11 19:44:03] [Information] Currently connected to: HellsGate-5.0G
[2025-03-11 19:44:03] [Information] Already connected to preferred network: HellsGate-5.0G
[2025-03-11 19:44:03] [Information] Waiting 26 minutes before next check...
[2025-03-11 20:10:03] [Information] Currently connected to: HellsGate-5.0G
[2025-03-11 20:10:03] [Information] Already connected to preferred network: HellsGate-5.0G
[2025-03-11 20:10:03] [Information] Waiting 14 minutes before next check...
[2025-03-11 20:24:03] [Information] Currently connected to: HellsGate-5.0G
[2025-03-11 20:24:03] [Information] Already connected to preferred network: HellsGate-5.0G
[2025-03-11 20:24:03] [Information] Waiting 28 minutes before next check...
[2025-03-11 20:52:03] [Information] Currently connected to: HellsGate-5.0G
[2025-03-11 20:52:03] [Information] Already connected to preferred network: HellsGate-5.0G
[2025-03-11 20:52:03] [Information] Waiting 15 minutes before next check...
[2025-03-11 21:07:03] [Information] Currently connected to: Merlin Wharf
[2025-03-11 21:07:03] [Information] Already connected to preferred network: Merlin Wharf
[2025-03-11 21:07:03] [Information] Waiting 16 minutes before next check...
[2025-03-11 21:23:03] [Information] Currently connected to: Merlin Wharf
[2025-03-11 21:23:03] [Information] Already connected to preferred network: Merlin Wharf
[2025-03-11 21:23:03] [Information] Waiting 14 minutes before next check...
[2025-03-11 21:37:03] [Information] Currently connected to: Merlin Wharf
[2025-03-11 21:37:03] [Information] Already connected to preferred network: Merlin Wharf
[2025-03-11 21:37:03] [Information] Waiting 17 minutes before next check...
[2025-03-11 21:54:03] [Information] Currently connected to: Merlin Wharf
[2025-03-11 21:54:03] [Information] Already connected to preferred network: Merlin Wharf
[2025-03-11 21:54:03] [Information] Waiting 10 minutes before next check...
[2025-03-11 22:04:04] [Information] Currently connected to: Merlin Wharf
[2025-03-11 22:04:04] [Information] Already connected to preferred network: Merlin Wharf
[2025-03-11 22:04:04] [Information] Waiting 19 minutes before next check...
[2025-03-11 22:23:04] [Information] Currently connected to: Merlin Wharf
[2025-03-11 22:23:04] [Information] Already connected to preferred network: Merlin Wharf
[2025-03-11 22:23:04] [Information] Waiting 25 minutes before next check...
[2025-03-11 22:48:04] [Information] Currently connected to: Merlin Wharf
[2025-03-11 22:48:04] [Information] Already connected to preferred network: Merlin Wharf
[2025-03-11 22:48:04] [Information] Waiting 29 minutes before next check...
[2025-03-11 23:17:04] [Information] Currently connected to: Merlin Wharf
[2025-03-11 23:17:04] [Information] Already connected to preferred network: Merlin Wharf
[2025-03-11 23:17:04] [Information] Waiting 11 minutes before next check...
[2025-03-11 23:28:04] [Information] Currently connected to: Merlin Wharf
[2025-03-11 23:28:04] [Information] Already connected to preferred network: Merlin Wharf
[2025-03-11 23:28:04] [Information] Waiting 29 minutes before next check...
[2025-03-11 23:57:04] [Information] Currently connected to: Merlin Wharf
[2025-03-11 23:57:04] [Information] Already connected to preferred network: Merlin Wharf
[2025-03-11 23:57:04] [Information] Waiting 24 minutes before next check...
