[2025-04-29 00:17:03] [Information] Currently connected to: Nyati_CPEPro2_2.4G
[2025-04-29 00:17:03] [Information] Already connected to preferred network: Nyati_CPEPro2_2.4G
[2025-04-29 00:17:03] [Information] Waiting 16 minutes before next check...
[2025-04-29 00:33:03] [Information] Currently connected to: Nyati_CPEPro2_2.4G
[2025-04-29 00:33:03] [Information] Already connected to preferred network: Nyati_CPEPro2_2.4G
[2025-04-29 00:33:03] [Information] Waiting 21 minutes before next check...
[2025-04-29 00:54:03] [Information] Currently connected to: Nyati_CPEPro2_2.4G
[2025-04-29 00:54:03] [Information] Already connected to preferred network: Nyati_CPEPro2_2.4G
[2025-04-29 00:54:03] [Information] Waiting 17 minutes before next check...
[2025-04-29 01:11:03] [Information] Currently connected to: Nyati_CPEPro2_2.4G
[2025-04-29 01:11:03] [Information] Already connected to preferred network: Nyati_CPEPro2_2.4G
[2025-04-29 01:11:03] [Information] Waiting 17 minutes before next check...
[2025-04-29 01:28:03] [Information] Currently connected to: Nyati_CPEPro2_2.4G
[2025-04-29 01:28:03] [Information] Already connected to preferred network: Nyati_CPEPro2_2.4G
[2025-04-29 01:28:03] [Information] Waiting 17 minutes before next check...
[2025-04-29 01:45:03] [Information] Currently connected to: Nyati_CPEPro2_2.4G
[2025-04-29 01:45:03] [Information] Already connected to preferred network: Nyati_CPEPro2_2.4G
[2025-04-29 01:45:03] [Information] Waiting 29 minutes before next check...
[2025-04-29 02:14:03] [Information] Currently connected to: Nyati_CPEPro2_2.4G
[2025-04-29 02:14:03] [Information] Already connected to preferred network: Nyati_CPEPro2_2.4G
[2025-04-29 02:14:03] [Information] Waiting 16 minutes before next check...
[2025-04-29 02:30:03] [Information] Currently connected to: Nyati_CPEPro2_2.4G
[2025-04-29 02:30:03] [Information] Already connected to preferred network: Nyati_CPEPro2_2.4G
[2025-04-29 02:30:03] [Information] Waiting 15 minutes before next check...
[2025-04-29 02:45:04] [Information] Currently connected to: Nyati_CPEPro2_2.4G
[2025-04-29 02:45:04] [Information] Already connected to preferred network: Nyati_CPEPro2_2.4G
[2025-04-29 02:45:04] [Information] Waiting 14 minutes before next check...
[2025-04-29 02:59:04] [Information] Currently connected to: Nyati_CPEPro2_2.4G
[2025-04-29 02:59:04] [Information] Already connected to preferred network: Nyati_CPEPro2_2.4G
[2025-04-29 02:59:04] [Information] Waiting 11 minutes before next check...
[2025-04-29 03:10:04] [Information] Currently connected to: Nyati_CPEPro2_2.4G
[2025-04-29 03:10:04] [Information] Already connected to preferred network: Nyati_CPEPro2_2.4G
[2025-04-29 03:10:04] [Information] Waiting 27 minutes before next check...
[2025-04-29 03:37:04] [Information] Currently connected to: Nyati_CPEPro2_2.4G
[2025-04-29 03:37:04] [Information] Already connected to preferred network: Nyati_CPEPro2_2.4G
[2025-04-29 03:37:04] [Information] Waiting 26 minutes before next check...
[2025-04-29 04:03:04] [Information] Currently connected to: Nyati_CPEPro2_2.4G
[2025-04-29 04:03:04] [Information] Already connected to preferred network: Nyati_CPEPro2_2.4G
[2025-04-29 04:03:04] [Information] Waiting 28 minutes before next check...
[2025-04-29 04:31:04] [Information] Currently connected to: Nyati_CPEPro2_2.4G
[2025-04-29 04:31:04] [Information] Already connected to preferred network: Nyati_CPEPro2_2.4G
[2025-04-29 04:31:04] [Information] Waiting 12 minutes before next check...
[2025-04-29 04:43:04] [Information] Currently connected to: Nyati_CPEPro2_2.4G
[2025-04-29 04:43:04] [Information] Already connected to preferred network: Nyati_CPEPro2_2.4G
[2025-04-29 04:43:04] [Information] Waiting 19 minutes before next check...
[2025-04-29 05:02:04] [Information] Currently connected to: Nyati_CPEPro2_2.4G
[2025-04-29 05:02:04] [Information] Already connected to preferred network: Nyati_CPEPro2_2.4G
[2025-04-29 05:02:04] [Information] Waiting 24 minutes before next check...
[2025-04-29 05:26:04] [Information] Currently connected to: Nyati_CPEPro2_2.4G
[2025-04-29 05:26:04] [Information] Already connected to preferred network: Nyati_CPEPro2_2.4G
[2025-04-29 05:26:04] [Information] Waiting 13 minutes before next check...
[2025-04-29 05:39:04] [Information] Currently connected to: Nyati_CPEPro2_2.4G
[2025-04-29 05:39:04] [Information] Already connected to preferred network: Nyati_CPEPro2_2.4G
[2025-04-29 05:39:04] [Information] Waiting 22 minutes before next check...
[2025-04-29 06:01:04] [Information] Currently connected to: Nyati_CPEPro2_2.4G
[2025-04-29 06:01:04] [Information] Already connected to preferred network: Nyati_CPEPro2_2.4G
[2025-04-29 06:01:04] [Information] Waiting 27 minutes before next check...
[2025-04-29 06:28:04] [Information] Currently connected to: Nyati_CPEPro2_2.4G
[2025-04-29 06:28:04] [Information] Already connected to preferred network: Nyati_CPEPro2_2.4G
[2025-04-29 06:28:04] [Information] Waiting 20 minutes before next check...
[2025-04-29 06:48:05] [Information] Currently connected to: Nyati_CPEPro2_2.4G
[2025-04-29 06:48:05] [Information] Already connected to preferred network: Nyati_CPEPro2_2.4G
[2025-04-29 06:48:05] [Information] Waiting 21 minutes before next check...
[2025-04-29 07:09:05] [Warning] No current WiFi connection
[2025-04-29 07:09:05] [Information] Scanning for preferred networks...
[2025-04-29 07:09:05] [Information] Found 10 networks
[2025-04-29 07:09:05] [Information] Attempting to connect to HellsGate-5.0G
[2025-04-29 07:09:10] [Information] Currently connected to: HellsGate-5.0G
[2025-04-29 07:09:10] [Information] Successfully connected to HellsGate-5.0G
[2025-04-29 07:09:10] [Information] Waiting 29 minutes before next check...
[2025-04-29 07:38:10] [Information] Currently connected to: HellsGate-5.0G
[2025-04-29 07:38:10] [Information] Already connected to preferred network: HellsGate-5.0G
[2025-04-29 07:38:10] [Information] Waiting 22 minutes before next check...
[2025-04-29 08:00:10] [Information] Currently connected to: HellsGate-5.0G
[2025-04-29 08:00:10] [Information] Already connected to preferred network: HellsGate-5.0G
[2025-04-29 08:00:10] [Information] Waiting 13 minutes before next check...
[2025-04-29 08:13:10] [Information] Currently connected to: HellsGate-5.0G
[2025-04-29 08:13:10] [Information] Already connected to preferred network: HellsGate-5.0G
[2025-04-29 08:13:10] [Information] Waiting 25 minutes before next check...
[2025-04-29 08:38:10] [Information] Currently connected to: HellsGate-5.0G
[2025-04-29 08:38:10] [Information] Already connected to preferred network: HellsGate-5.0G
[2025-04-29 08:38:10] [Information] Waiting 16 minutes before next check...
[2025-04-29 08:54:10] [Information] Currently connected to: HellsGate-5.0G
[2025-04-29 08:54:10] [Information] Already connected to preferred network: HellsGate-5.0G
[2025-04-29 08:54:10] [Information] Waiting 22 minutes before next check...
[2025-04-29 09:16:10] [Information] Currently connected to: HellsGate-5.0G
[2025-04-29 09:16:10] [Information] Already connected to preferred network: HellsGate-5.0G
[2025-04-29 09:16:10] [Information] Waiting 27 minutes before next check...
[2025-04-29 09:43:10] [Information] Currently connected to: HellsGate-5.0G
[2025-04-29 09:43:10] [Information] Already connected to preferred network: HellsGate-5.0G
[2025-04-29 09:43:10] [Information] Waiting 21 minutes before next check...
[2025-04-29 10:04:11] [Information] Currently connected to: HellsGate-5.0G
[2025-04-29 10:04:11] [Information] Already connected to preferred network: HellsGate-5.0G
[2025-04-29 10:04:11] [Information] Waiting 25 minutes before next check...
[2025-04-29 10:29:11] [Information] Currently connected to: HellsGate-5.0G
[2025-04-29 10:29:11] [Information] Already connected to preferred network: HellsGate-5.0G
[2025-04-29 10:29:11] [Information] Waiting 25 minutes before next check...
[2025-04-29 10:54:11] [Information] Currently connected to: HellsGate-5.0G
[2025-04-29 10:54:11] [Information] Already connected to preferred network: HellsGate-5.0G
[2025-04-29 10:54:11] [Information] Waiting 11 minutes before next check...
[2025-04-29 11:05:11] [Information] Currently connected to: HellsGate-5.0G
[2025-04-29 11:05:11] [Information] Already connected to preferred network: HellsGate-5.0G
[2025-04-29 11:05:11] [Information] Waiting 18 minutes before next check...
[2025-04-29 11:23:11] [Information] Currently connected to: HellsGate-5.0G
[2025-04-29 11:23:11] [Information] Already connected to preferred network: HellsGate-5.0G
[2025-04-29 11:23:11] [Information] Waiting 24 minutes before next check...
[2025-04-29 11:47:11] [Information] Currently connected to: Merlin Wharf
[2025-04-29 11:47:11] [Information] Already connected to preferred network: Merlin Wharf
[2025-04-29 11:47:11] [Information] Waiting 21 minutes before next check...
[2025-04-29 12:08:11] [Information] Currently connected to: Merlin Wharf
[2025-04-29 12:08:11] [Information] Already connected to preferred network: Merlin Wharf
[2025-04-29 12:08:11] [Information] Waiting 16 minutes before next check...
[2025-04-29 12:24:11] [Information] Currently connected to: Merlin Wharf
[2025-04-29 12:24:11] [Information] Already connected to preferred network: Merlin Wharf
[2025-04-29 12:24:11] [Information] Waiting 22 minutes before next check...
[2025-04-29 12:46:11] [Information] Currently connected to: Merlin Wharf
[2025-04-29 12:46:11] [Information] Already connected to preferred network: Merlin Wharf
[2025-04-29 12:46:11] [Information] Waiting 19 minutes before next check...
[2025-04-29 13:05:11] [Information] Currently connected to: Merlin Wharf
[2025-04-29 13:05:11] [Information] Already connected to preferred network: Merlin Wharf
[2025-04-29 13:05:11] [Information] Waiting 13 minutes before next check...
[2025-04-29 13:18:11] [Information] Currently connected to: Merlin Wharf
[2025-04-29 13:18:11] [Information] Already connected to preferred network: Merlin Wharf
[2025-04-29 13:18:11] [Information] Waiting 17 minutes before next check...
[2025-04-29 13:35:12] [Information] Currently connected to: Merlin Wharf
[2025-04-29 13:35:12] [Information] Already connected to preferred network: Merlin Wharf
[2025-04-29 13:35:12] [Information] Waiting 12 minutes before next check...
[2025-04-29 13:47:12] [Information] Currently connected to: Merlin Wharf
[2025-04-29 13:47:12] [Information] Already connected to preferred network: Merlin Wharf
[2025-04-29 13:47:12] [Information] Waiting 10 minutes before next check...
[2025-04-29 13:57:12] [Information] Currently connected to: Merlin Wharf
[2025-04-29 13:57:12] [Information] Already connected to preferred network: Merlin Wharf
[2025-04-29 13:57:12] [Information] Waiting 22 minutes before next check...
[2025-04-29 14:19:12] [Information] Currently connected to: Merlin Wharf
[2025-04-29 14:19:12] [Information] Already connected to preferred network: Merlin Wharf
[2025-04-29 14:19:12] [Information] Waiting 13 minutes before next check...
[2025-04-29 14:32:12] [Information] Currently connected to: Merlin Wharf
[2025-04-29 14:32:12] [Information] Already connected to preferred network: Merlin Wharf
[2025-04-29 14:32:12] [Information] Waiting 14 minutes before next check...
[2025-04-29 14:46:12] [Information] Currently connected to: Merlin Wharf
[2025-04-29 14:46:12] [Information] Already connected to preferred network: Merlin Wharf
[2025-04-29 14:46:12] [Information] Waiting 13 minutes before next check...
[2025-04-29 14:59:12] [Information] Currently connected to: Merlin Wharf
[2025-04-29 14:59:12] [Information] Already connected to preferred network: Merlin Wharf
[2025-04-29 14:59:12] [Information] Waiting 29 minutes before next check...
[2025-04-29 15:28:12] [Information] Currently connected to: Merlin Wharf
[2025-04-29 15:28:12] [Information] Already connected to preferred network: Merlin Wharf
[2025-04-29 15:28:12] [Information] Waiting 11 minutes before next check...
[2025-04-29 15:39:12] [Information] Currently connected to: Merlin Wharf
[2025-04-29 15:39:12] [Information] Already connected to preferred network: Merlin Wharf
[2025-04-29 15:39:12] [Information] Waiting 12 minutes before next check...
[2025-04-29 15:51:12] [Information] Currently connected to: Merlin Wharf
[2025-04-29 15:51:12] [Information] Already connected to preferred network: Merlin Wharf
[2025-04-29 15:51:12] [Information] Waiting 15 minutes before next check...
[2025-04-29 16:06:19] [Information] Currently connected to: Merlin Wharf
[2025-04-29 16:06:19] [Information] Already connected to preferred network: Merlin Wharf
[2025-04-29 16:06:19] [Information] Waiting 21 minutes before next check...
[2025-04-29 16:27:19] [Information] Currently connected to: Merlin Wharf
[2025-04-29 16:27:19] [Information] Already connected to preferred network: Merlin Wharf
[2025-04-29 16:27:19] [Information] Waiting 28 minutes before next check...
[2025-04-29 16:55:19] [Information] Currently connected to: Merlin Wharf
[2025-04-29 16:55:19] [Information] Already connected to preferred network: Merlin Wharf
[2025-04-29 16:55:19] [Information] Waiting 19 minutes before next check...
[2025-04-29 17:14:19] [Information] Currently connected to: Merlin Wharf
[2025-04-29 17:14:19] [Information] Already connected to preferred network: Merlin Wharf
[2025-04-29 17:14:19] [Information] Waiting 28 minutes before next check...
[2025-04-29 17:42:19] [Information] Currently connected to: Merlin Wharf
[2025-04-29 17:42:19] [Information] Already connected to preferred network: Merlin Wharf
[2025-04-29 17:42:19] [Information] Waiting 24 minutes before next check...
[2025-04-29 18:06:19] [Information] Currently connected to: Merlin Wharf
[2025-04-29 18:06:19] [Information] Already connected to preferred network: Merlin Wharf
[2025-04-29 18:06:19] [Information] Waiting 19 minutes before next check...
[2025-04-29 18:25:19] [Information] Currently connected to: Merlin Wharf
[2025-04-29 18:25:19] [Information] Already connected to preferred network: Merlin Wharf
[2025-04-29 18:25:19] [Information] Waiting 26 minutes before next check...
[2025-04-29 18:51:19] [Information] Currently connected to: Merlin Wharf
[2025-04-29 18:51:19] [Information] Already connected to preferred network: Merlin Wharf
[2025-04-29 18:51:19] [Information] Waiting 15 minutes before next check...
[2025-04-29 19:06:19] [Information] Currently connected to: Merlin Wharf
[2025-04-29 19:06:19] [Information] Already connected to preferred network: Merlin Wharf
[2025-04-29 19:06:19] [Information] Waiting 17 minutes before next check...
[2025-04-29 19:23:20] [Information] Currently connected to: Merlin Wharf
[2025-04-29 19:23:20] [Information] Already connected to preferred network: Merlin Wharf
[2025-04-29 19:23:20] [Information] Waiting 11 minutes before next check...
[2025-04-29 19:34:20] [Information] Currently connected to: Merlin Wharf
[2025-04-29 19:34:20] [Information] Already connected to preferred network: Merlin Wharf
[2025-04-29 19:34:20] [Information] Waiting 17 minutes before next check...
[2025-04-29 19:51:20] [Information] Currently connected to: Merlin Wharf
[2025-04-29 19:51:20] [Information] Already connected to preferred network: Merlin Wharf
[2025-04-29 19:51:20] [Information] Waiting 24 minutes before next check...
[2025-04-29 20:15:20] [Information] Currently connected to: Merlin Wharf
[2025-04-29 20:15:20] [Information] Already connected to preferred network: Merlin Wharf
[2025-04-29 20:15:20] [Information] Waiting 19 minutes before next check...
[2025-04-29 20:34:20] [Information] Currently connected to: Merlin Wharf
[2025-04-29 20:34:20] [Information] Already connected to preferred network: Merlin Wharf
[2025-04-29 20:34:20] [Information] Waiting 11 minutes before next check...
[2025-04-29 20:45:20] [Information] Currently connected to: Merlin Wharf
[2025-04-29 20:45:20] [Information] Already connected to preferred network: Merlin Wharf
[2025-04-29 20:45:20] [Information] Waiting 18 minutes before next check...
[2025-04-29 21:03:20] [Information] Currently connected to: Merlin Wharf
[2025-04-29 21:03:20] [Information] Already connected to preferred network: Merlin Wharf
[2025-04-29 21:03:20] [Information] Waiting 24 minutes before next check...
[2025-04-29 21:27:20] [Information] Currently connected to: Merlin Wharf
[2025-04-29 21:27:20] [Information] Already connected to preferred network: Merlin Wharf
[2025-04-29 21:27:20] [Information] Waiting 19 minutes before next check...
[2025-04-29 21:46:20] [Information] Currently connected to: Merlin Wharf
[2025-04-29 21:46:20] [Information] Already connected to preferred network: Merlin Wharf
[2025-04-29 21:46:20] [Information] Waiting 11 minutes before next check...
[2025-04-29 21:57:20] [Information] Currently connected to: Merlin Wharf
[2025-04-29 21:57:20] [Information] Already connected to preferred network: Merlin Wharf
[2025-04-29 21:57:20] [Information] Waiting 12 minutes before next check...
[2025-04-29 22:09:20] [Information] Currently connected to: Merlin Wharf
[2025-04-29 22:09:20] [Information] Already connected to preferred network: Merlin Wharf
[2025-04-29 22:09:20] [Information] Waiting 25 minutes before next check...
[2025-04-29 22:34:20] [Information] Currently connected to: Merlin Wharf
[2025-04-29 22:34:20] [Information] Already connected to preferred network: Merlin Wharf
[2025-04-29 22:34:20] [Information] Waiting 23 minutes before next check...
[2025-04-29 22:57:21] [Information] Currently connected to: Merlin Wharf
[2025-04-29 22:57:21] [Information] Already connected to preferred network: Merlin Wharf
[2025-04-29 22:57:21] [Information] Waiting 29 minutes before next check...
[2025-04-29 23:26:21] [Information] Currently connected to: Merlin Wharf
[2025-04-29 23:26:21] [Information] Already connected to preferred network: Merlin Wharf
[2025-04-29 23:26:21] [Information] Waiting 12 minutes before next check...
[2025-04-29 23:38:21] [Information] Currently connected to: Merlin Wharf
[2025-04-29 23:38:21] [Information] Already connected to preferred network: Merlin Wharf
[2025-04-29 23:38:21] [Information] Waiting 12 minutes before next check...
[2025-04-29 23:50:21] [Information] Currently connected to: Merlin Wharf
[2025-04-29 23:50:21] [Information] Already connected to preferred network: Merlin Wharf
[2025-04-29 23:50:21] [Information] Waiting 10 minutes before next check...
