[2025-06-03 16:47:58] [Information] Successfully registered scheduled task
[2025-06-03 16:47:58] [Information] WiFi connection manager started
[2025-06-03 16:47:59] [Warning] No current WiFi connection
[2025-06-03 16:47:59] [Information] Scanning for preferred networks...
[2025-06-03 16:47:59] [Information] Found 11 networks
[2025-06-03 16:47:59] [Information] Attempting to connect to HellsGate-5.0G
[2025-06-03 16:48:04] [Information] Currently connected to: HellsGate-5.0G
[2025-06-03 16:48:04] [Information] Successfully connected to HellsGate-5.0G
[2025-06-03 16:48:04] [Information] Waiting 15 minutes before next check...
[2025-06-03 17:03:04] [Information] Currently connected to: HellsGate-5.0G
[2025-06-03 17:03:04] [Information] Already connected to preferred network: HellsGate-5.0G
[2025-06-03 17:03:04] [Information] Waiting 22 minutes before next check...
[2025-06-03 17:25:05] [Information] Currently connected to: HellsGate-5.0G
[2025-06-03 17:25:05] [Information] Already connected to preferred network: HellsGate-5.0G
[2025-06-03 17:25:05] [Information] Waiting 16 minutes before next check...
[2025-06-03 17:41:05] [Information] Currently connected to: HellsGate-5.0G
[2025-06-03 17:41:05] [Information] Already connected to preferred network: HellsGate-5.0G
[2025-06-03 17:41:05] [Information] Waiting 14 minutes before next check...
[2025-06-03 17:55:05] [Information] Currently connected to: HellsGate-5.0G
[2025-06-03 17:55:05] [Information] Already connected to preferred network: HellsGate-5.0G
[2025-06-03 17:55:05] [Information] Waiting 23 minutes before next check...
[2025-06-03 18:18:05] [Information] Currently connected to: HellsGate-5.0G
[2025-06-03 18:18:05] [Information] Already connected to preferred network: HellsGate-5.0G
[2025-06-03 18:18:05] [Information] Waiting 19 minutes before next check...
[2025-06-03 18:37:05] [Information] Currently connected to: HellsGate-5.0G
[2025-06-03 18:37:05] [Information] Already connected to preferred network: HellsGate-5.0G
[2025-06-03 18:37:05] [Information] Waiting 25 minutes before next check...
[2025-06-03 19:02:05] [Information] Currently connected to: HellsGate-5.0G
[2025-06-03 19:02:05] [Information] Already connected to preferred network: HellsGate-5.0G
[2025-06-03 19:02:05] [Information] Waiting 24 minutes before next check...
[2025-06-03 19:26:05] [Information] Currently connected to: HellsGate-5.0G
[2025-06-03 19:26:05] [Information] Already connected to preferred network: HellsGate-5.0G
[2025-06-03 19:26:05] [Information] Waiting 16 minutes before next check...
[2025-06-03 19:42:05] [Information] Currently connected to: HellsGate-5.0G
[2025-06-03 19:42:05] [Information] Already connected to preferred network: HellsGate-5.0G
[2025-06-03 19:42:05] [Information] Waiting 11 minutes before next check...
[2025-06-03 19:53:05] [Information] Currently connected to: HellsGate-5.0G
[2025-06-03 19:53:05] [Information] Already connected to preferred network: HellsGate-5.0G
[2025-06-03 19:53:05] [Information] Waiting 27 minutes before next check...
[2025-06-03 20:20:05] [Information] Currently connected to: HellsGate-5.0G
[2025-06-03 20:20:05] [Information] Already connected to preferred network: HellsGate-5.0G
[2025-06-03 20:20:05] [Information] Waiting 26 minutes before next check...
[2025-06-03 20:46:06] [Information] Currently connected to: HellsGate-5.0G
[2025-06-03 20:46:06] [Information] Already connected to preferred network: HellsGate-5.0G
[2025-06-03 20:46:06] [Information] Waiting 23 minutes before next check...
[2025-06-03 21:09:06] [Information] Currently connected to: HellsGate-5.0G
[2025-06-03 21:09:06] [Information] Already connected to preferred network: HellsGate-5.0G
[2025-06-03 21:09:06] [Information] Waiting 24 minutes before next check...
[2025-06-03 21:33:06] [Information] Currently connected to: HellsGate-5.0G
[2025-06-03 21:33:06] [Information] Already connected to preferred network: HellsGate-5.0G
[2025-06-03 21:33:06] [Information] Waiting 22 minutes before next check...
[2025-06-03 21:55:06] [Information] Currently connected to: HellsGate-5.0G
[2025-06-03 21:55:06] [Information] Already connected to preferred network: HellsGate-5.0G
[2025-06-03 21:55:06] [Information] Waiting 29 minutes before next check...
[2025-06-03 22:24:06] [Information] Currently connected to: HellsGate-5.0G
[2025-06-03 22:24:06] [Information] Already connected to preferred network: HellsGate-5.0G
[2025-06-03 22:24:06] [Information] Waiting 26 minutes before next check...
[2025-06-03 22:50:06] [Information] Currently connected to: HellsGate-5.0G
[2025-06-03 22:50:06] [Information] Already connected to preferred network: HellsGate-5.0G
[2025-06-03 22:50:06] [Information] Waiting 21 minutes before next check...
[2025-06-03 23:11:06] [Information] Currently connected to: HellsGate-5.0G
[2025-06-03 23:11:06] [Information] Already connected to preferred network: HellsGate-5.0G
[2025-06-03 23:11:06] [Information] Waiting 26 minutes before next check...
[2025-06-03 23:37:06] [Information] Currently connected to: HellsGate-5.0G
[2025-06-03 23:37:06] [Information] Already connected to preferred network: HellsGate-5.0G
[2025-06-03 23:37:06] [Information] Waiting 26 minutes before next check...
