[2025-01-15 02:30:40] [Information] Successfully registered scheduled task
[2025-01-15 02:30:40] [Information] WiFi connection manager started
[2025-01-15 02:30:40] [Information] Currently connected to: Nyati_CPEPro2_5G
[2025-01-15 02:30:40] [Information] Already connected to preferred network: Nyati_CPEPro2_5G
[2025-01-15 02:30:40] [Information] Waiting 24 minutes before next check...
[2025-01-15 02:54:41] [Information] Currently connected to: Nyati_CPEPro2_5G
[2025-01-15 02:54:41] [Information] Already connected to preferred network: Nyati_CPEPro2_5G
[2025-01-15 02:54:41] [Information] Waiting 25 minutes before next check...
[2025-01-15 03:19:41] [Information] Currently connected to: Nyati_CPEPro2_5G
[2025-01-15 03:19:41] [Information] Already connected to preferred network: Nyati_CPEPro2_5G
[2025-01-15 03:19:41] [Information] Waiting 15 minutes before next check...
[2025-01-15 03:34:41] [Information] Currently connected to: Nyati_CPEPro2_5G
[2025-01-15 03:34:41] [Information] Already connected to preferred network: Nyati_CPEPro2_5G
[2025-01-15 03:34:41] [Information] Waiting 15 minutes before next check...
[2025-01-15 03:49:41] [Information] Currently connected to: Nyati_CPEPro2_5G
[2025-01-15 03:49:41] [Information] Already connected to preferred network: Nyati_CPEPro2_5G
[2025-01-15 03:49:41] [Information] Waiting 18 minutes before next check...
[2025-01-15 04:07:41] [Information] Currently connected to: Nyati_CPEPro2_5G
[2025-01-15 04:07:41] [Information] Already connected to preferred network: Nyati_CPEPro2_5G
[2025-01-15 04:07:41] [Information] Waiting 25 minutes before next check...
[2025-01-15 04:32:41] [Information] Currently connected to: Nyati_CPEPro2_5G
[2025-01-15 04:32:41] [Information] Already connected to preferred network: Nyati_CPEPro2_5G
[2025-01-15 04:32:41] [Information] Waiting 13 minutes before next check...
[2025-01-15 04:45:41] [Information] Currently connected to: Nyati_CPEPro2_5G
[2025-01-15 04:45:41] [Information] Already connected to preferred network: Nyati_CPEPro2_5G
[2025-01-15 04:45:41] [Information] Waiting 22 minutes before next check...
[2025-01-15 05:07:41] [Information] Currently connected to: Nyati_CPEPro2_5G
[2025-01-15 05:07:41] [Information] Already connected to preferred network: Nyati_CPEPro2_5G
[2025-01-15 05:07:41] [Information] Waiting 29 minutes before next check...
[2025-01-15 05:36:41] [Information] Currently connected to: Nyati_CPEPro2_5G
[2025-01-15 05:36:41] [Information] Already connected to preferred network: Nyati_CPEPro2_5G
[2025-01-15 05:36:41] [Information] Waiting 19 minutes before next check...
[2025-01-15 05:55:41] [Information] Currently connected to: Nyati_CPEPro2_5G
[2025-01-15 05:55:41] [Information] Already connected to preferred network: Nyati_CPEPro2_5G
[2025-01-15 05:55:41] [Information] Waiting 24 minutes before next check...
[2025-01-15 06:19:41] [Information] Currently connected to: Nyati_CPEPro2_5G
[2025-01-15 06:19:41] [Information] Already connected to preferred network: Nyati_CPEPro2_5G
[2025-01-15 06:19:41] [Information] Waiting 12 minutes before next check...
[2025-01-15 06:31:41] [Information] Currently connected to: Nyati_CPEPro2_5G
[2025-01-15 06:31:41] [Information] Already connected to preferred network: Nyati_CPEPro2_5G
[2025-01-15 06:31:41] [Information] Waiting 12 minutes before next check...
[2025-01-15 06:43:41] [Information] Currently connected to: Nyati_CPEPro2_5G
[2025-01-15 06:43:41] [Information] Already connected to preferred network: Nyati_CPEPro2_5G
[2025-01-15 06:43:41] [Information] Waiting 23 minutes before next check...
[2025-01-15 07:06:41] [Information] Currently connected to: Nyati_CPEPro2_5G
[2025-01-15 07:06:42] [Information] Already connected to preferred network: Nyati_CPEPro2_5G
[2025-01-15 07:06:42] [Information] Waiting 16 minutes before next check...
[2025-01-15 07:22:42] [Information] Currently connected to: Nyati_CPEPro2_5G
[2025-01-15 07:22:42] [Information] Already connected to preferred network: Nyati_CPEPro2_5G
[2025-01-15 07:22:42] [Information] Waiting 12 minutes before next check...
[2025-01-15 07:34:42] [Information] Currently connected to: Nyati_CPEPro2_5G
[2025-01-15 07:34:42] [Information] Already connected to preferred network: Nyati_CPEPro2_5G
[2025-01-15 07:34:42] [Information] Waiting 15 minutes before next check...
[2025-01-15 07:49:42] [Information] Currently connected to: Nyati_CPEPro2_5G
[2025-01-15 07:49:42] [Information] Already connected to preferred network: Nyati_CPEPro2_5G
[2025-01-15 07:49:42] [Information] Waiting 27 minutes before next check...
[2025-01-15 08:16:42] [Information] Currently connected to: Nyati_CPEPro2_5G
[2025-01-15 08:16:42] [Information] Already connected to preferred network: Nyati_CPEPro2_5G
[2025-01-15 08:16:42] [Information] Waiting 17 minutes before next check...
[2025-01-15 08:33:42] [Information] Currently connected to: Nyati_CPEPro2_5G
[2025-01-15 08:33:42] [Information] Already connected to preferred network: Nyati_CPEPro2_5G
[2025-01-15 08:33:42] [Information] Waiting 19 minutes before next check...
[2025-01-15 08:52:42] [Information] Currently connected to: Nyati_CPEPro2_5G
[2025-01-15 08:52:42] [Information] Already connected to preferred network: Nyati_CPEPro2_5G
[2025-01-15 08:52:42] [Information] Waiting 15 minutes before next check...
[2025-01-15 09:07:42] [Information] Currently connected to: Nyati_CPEPro2_5G
[2025-01-15 09:07:42] [Information] Already connected to preferred network: Nyati_CPEPro2_5G
[2025-01-15 09:07:42] [Information] Waiting 19 minutes before next check...
[2025-01-15 09:26:42] [Information] Currently connected to: Nyati_CPEPro2_5G
[2025-01-15 09:26:42] [Information] Already connected to preferred network: Nyati_CPEPro2_5G
[2025-01-15 09:26:42] [Information] Waiting 17 minutes before next check...
[2025-01-15 09:43:42] [Information] Currently connected to: Nyati_CPEPro2_5G
[2025-01-15 09:43:42] [Information] Already connected to preferred network: Nyati_CPEPro2_5G
[2025-01-15 09:43:42] [Information] Waiting 13 minutes before next check...
[2025-01-15 09:56:42] [Information] Currently connected to: Nyati_CPEPro2_5G
[2025-01-15 09:56:42] [Information] Already connected to preferred network: Nyati_CPEPro2_5G
[2025-01-15 09:56:42] [Information] Waiting 14 minutes before next check...
[2025-01-15 10:10:42] [Information] Currently connected to: Nyati_CPEPro2_5G
[2025-01-15 10:10:42] [Information] Already connected to preferred network: Nyati_CPEPro2_5G
[2025-01-15 10:10:42] [Information] Waiting 21 minutes before next check...
[2025-01-15 10:31:42] [Information] Currently connected to: Nyati_CPEPro2_5G
[2025-01-15 10:31:42] [Information] Already connected to preferred network: Nyati_CPEPro2_5G
[2025-01-15 10:31:42] [Information] Waiting 18 minutes before next check...
[2025-01-15 10:49:42] [Information] Currently connected to: Nyati_CPEPro2_5G
[2025-01-15 10:49:42] [Information] Already connected to preferred network: Nyati_CPEPro2_5G
[2025-01-15 10:49:42] [Information] Waiting 27 minutes before next check...
[2025-01-15 11:16:42] [Information] Currently connected to: Nyati_CPEPro2_5G
[2025-01-15 11:16:42] [Information] Already connected to preferred network: Nyati_CPEPro2_5G
[2025-01-15 11:16:42] [Information] Waiting 29 minutes before next check...
[2025-01-15 11:45:42] [Information] Currently connected to: Nyati_CPEPro2_5G
[2025-01-15 11:45:42] [Information] Already connected to preferred network: Nyati_CPEPro2_5G
[2025-01-15 11:45:42] [Information] Waiting 12 minutes before next check...
[2025-01-15 11:57:43] [Information] Currently connected to: Nyati_CPEPro2_5G
[2025-01-15 11:57:43] [Information] Already connected to preferred network: Nyati_CPEPro2_5G
[2025-01-15 11:57:43] [Information] Waiting 15 minutes before next check...
[2025-01-15 12:12:43] [Information] Currently connected to: Nyati_CPEPro2_5G
[2025-01-15 12:12:43] [Information] Already connected to preferred network: Nyati_CPEPro2_5G
[2025-01-15 12:12:43] [Information] Waiting 26 minutes before next check...
[2025-01-15 12:38:43] [Information] Currently connected to: Nyati_CPEPro2_5G
[2025-01-15 12:38:43] [Information] Already connected to preferred network: Nyati_CPEPro2_5G
[2025-01-15 12:38:43] [Information] Waiting 22 minutes before next check...
[2025-01-15 13:00:43] [Information] Currently connected to: Nyati_CPEPro2_5G
[2025-01-15 13:00:43] [Information] Already connected to preferred network: Nyati_CPEPro2_5G
[2025-01-15 13:00:43] [Information] Waiting 15 minutes before next check...
[2025-01-15 13:15:43] [Information] Currently connected to: Nyati_CPEPro2_5G
[2025-01-15 13:15:43] [Information] Already connected to preferred network: Nyati_CPEPro2_5G
[2025-01-15 13:15:43] [Information] Waiting 10 minutes before next check...
[2025-01-15 13:25:43] [Information] Currently connected to: Nyati_CPEPro2_5G
[2025-01-15 13:25:43] [Information] Already connected to preferred network: Nyati_CPEPro2_5G
[2025-01-15 13:25:43] [Information] Waiting 18 minutes before next check...
[2025-01-15 13:43:43] [Information] Currently connected to: Nyati_CPEPro2_5G
[2025-01-15 13:43:43] [Information] Already connected to preferred network: Nyati_CPEPro2_5G
[2025-01-15 13:43:43] [Information] Waiting 22 minutes before next check...
[2025-01-15 14:05:43] [Information] Currently connected to: Nyati_CPEPro2_5G
[2025-01-15 14:05:43] [Information] Already connected to preferred network: Nyati_CPEPro2_5G
[2025-01-15 14:05:43] [Information] Waiting 29 minutes before next check...
[2025-01-15 14:34:43] [Information] Currently connected to: Nyati_CPEPro2_5G
[2025-01-15 14:34:43] [Information] Already connected to preferred network: Nyati_CPEPro2_5G
[2025-01-15 14:34:43] [Information] Waiting 19 minutes before next check...
[2025-01-15 14:53:43] [Information] Currently connected to: Nyati_CPEPro2_5G
[2025-01-15 14:53:43] [Information] Already connected to preferred network: Nyati_CPEPro2_5G
[2025-01-15 14:53:43] [Information] Waiting 23 minutes before next check...
[2025-01-15 15:16:43] [Information] Currently connected to: Nyati_CPEPro2_5G
[2025-01-15 15:16:43] [Information] Already connected to preferred network: Nyati_CPEPro2_5G
[2025-01-15 15:16:43] [Information] Waiting 23 minutes before next check...
[2025-01-15 15:39:43] [Information] Currently connected to: Nyati_CPEPro2_5G
[2025-01-15 15:39:43] [Information] Already connected to preferred network: Nyati_CPEPro2_5G
[2025-01-15 15:39:43] [Information] Waiting 16 minutes before next check...
[2025-01-15 15:55:43] [Information] Currently connected to: Nyati_CPEPro2_5G
[2025-01-15 15:55:43] [Information] Already connected to preferred network: Nyati_CPEPro2_5G
[2025-01-15 15:55:43] [Information] Waiting 15 minutes before next check...
[2025-01-15 16:10:43] [Information] Currently connected to: Serengeti_2.4G
[2025-01-15 16:10:43] [Information] Scanning for preferred networks...
[2025-01-15 16:10:44] [Information] Found 14 networks
[2025-01-15 16:10:44] [Information] Attempting to connect to Nyati_CPEPro2_5G
[2025-01-15 16:10:49] [Information] Currently connected to: Nyati_CPEPro2_5G
[2025-01-15 16:10:49] [Information] Successfully connected to Nyati_CPEPro2_5G
[2025-01-15 16:10:49] [Information] Waiting 16 minutes before next check...
[2025-01-15 16:26:49] [Information] Currently connected to: Nyati_CPEPro2_5G
[2025-01-15 16:26:49] [Information] Already connected to preferred network: Nyati_CPEPro2_5G
[2025-01-15 16:26:49] [Information] Waiting 26 minutes before next check...
[2025-01-15 16:52:49] [Information] Currently connected to: Nyati_CPEPro2_5G
[2025-01-15 16:52:49] [Information] Already connected to preferred network: Nyati_CPEPro2_5G
[2025-01-15 16:52:49] [Information] Waiting 22 minutes before next check...
[2025-01-15 17:14:49] [Information] Currently connected to: Nyati_CPEPro2_5G
[2025-01-15 17:14:49] [Information] Already connected to preferred network: Nyati_CPEPro2_5G
[2025-01-15 17:14:49] [Information] Waiting 23 minutes before next check...
[2025-01-15 17:37:49] [Information] Currently connected to: Nyati_CPEPro2_5G
[2025-01-15 17:37:49] [Information] Already connected to preferred network: Nyati_CPEPro2_5G
[2025-01-15 17:37:49] [Information] Waiting 14 minutes before next check...
[2025-01-15 17:51:49] [Information] Currently connected to: Nyati_CPEPro2_5G
[2025-01-15 17:51:49] [Information] Already connected to preferred network: Nyati_CPEPro2_5G
[2025-01-15 17:51:49] [Information] Waiting 16 minutes before next check...
[2025-01-15 18:07:49] [Information] Currently connected to: Nyati_CPEPro2_5G
[2025-01-15 18:07:49] [Information] Already connected to preferred network: Nyati_CPEPro2_5G
[2025-01-15 18:07:49] [Information] Waiting 10 minutes before next check...
[2025-01-15 18:17:49] [Information] Currently connected to: Nyati_CPEPro2_5G
[2025-01-15 18:17:49] [Information] Already connected to preferred network: Nyati_CPEPro2_5G
[2025-01-15 18:17:49] [Information] Waiting 21 minutes before next check...
[2025-01-15 18:38:49] [Information] Currently connected to: Nyati_CPEPro2_5G
[2025-01-15 18:38:49] [Information] Already connected to preferred network: Nyati_CPEPro2_5G
[2025-01-15 18:38:49] [Information] Waiting 13 minutes before next check...
[2025-01-15 18:51:49] [Information] Currently connected to: Nyati_CPEPro2_5G
[2025-01-15 18:51:49] [Information] Already connected to preferred network: Nyati_CPEPro2_5G
[2025-01-15 18:51:49] [Information] Waiting 17 minutes before next check...
[2025-01-15 19:08:49] [Information] Currently connected to: Nyati_CPEPro2_5G
[2025-01-15 19:08:49] [Information] Already connected to preferred network: Nyati_CPEPro2_5G
[2025-01-15 19:08:49] [Information] Waiting 20 minutes before next check...
[2025-01-15 19:28:49] [Information] Currently connected to: Nyati_CPEPro2_5G
[2025-01-15 19:28:49] [Information] Already connected to preferred network: Nyati_CPEPro2_5G
[2025-01-15 19:28:49] [Information] Waiting 16 minutes before next check...
[2025-01-15 19:44:49] [Information] Currently connected to: Nyati_CPEPro2_5G
[2025-01-15 19:44:49] [Information] Already connected to preferred network: Nyati_CPEPro2_5G
[2025-01-15 19:44:49] [Information] Waiting 11 minutes before next check...
[2025-01-15 19:55:50] [Information] Currently connected to: Nyati_CPEPro2_5G
[2025-01-15 19:55:50] [Information] Already connected to preferred network: Nyati_CPEPro2_5G
[2025-01-15 19:55:50] [Information] Waiting 29 minutes before next check...
[2025-01-15 20:24:50] [Information] Currently connected to: Nyati_CPEPro2_5G
[2025-01-15 20:24:50] [Information] Already connected to preferred network: Nyati_CPEPro2_5G
[2025-01-15 20:24:50] [Information] Waiting 26 minutes before next check...
[2025-01-15 20:50:50] [Information] Currently connected to: Serengeti_2.4G
[2025-01-15 20:50:50] [Information] Scanning for preferred networks...
[2025-01-15 20:50:50] [Information] Found 1 networks
[2025-01-15 20:50:50] [Warning] Could not connect to any preferred networks
[2025-01-15 20:50:50] [Information] Waiting 12 minutes before next check...
[2025-01-15 21:02:50] [Information] Currently connected to: Serengeti_2.4G
[2025-01-15 21:02:50] [Information] Scanning for preferred networks...
[2025-01-15 21:02:50] [Information] Found 5 networks
[2025-01-15 21:02:50] [Warning] Could not connect to any preferred networks
[2025-01-15 21:02:50] [Information] Waiting 23 minutes before next check...
[2025-01-15 21:25:50] [Information] Currently connected to: Serengeti_2.4G
[2025-01-15 21:25:50] [Information] Scanning for preferred networks...
[2025-01-15 21:25:50] [Information] Found 1 networks
[2025-01-15 21:25:50] [Warning] Could not connect to any preferred networks
[2025-01-15 21:25:50] [Information] Waiting 14 minutes before next check...
[2025-01-15 21:39:50] [Information] Currently connected to: Serengeti_2.4G
[2025-01-15 21:39:50] [Information] Scanning for preferred networks...
[2025-01-15 21:39:50] [Information] Found 7 networks
[2025-01-15 21:39:50] [Warning] Could not connect to any preferred networks
[2025-01-15 21:39:50] [Information] Waiting 11 minutes before next check...
[2025-01-15 21:50:50] [Information] Currently connected to: Serengeti_2.4G
[2025-01-15 21:50:50] [Information] Scanning for preferred networks...
[2025-01-15 21:50:50] [Information] Found 1 networks
[2025-01-15 21:50:50] [Warning] Could not connect to any preferred networks
[2025-01-15 21:50:50] [Information] Waiting 29 minutes before next check...
[2025-01-15 22:19:50] [Information] Currently connected to: Serengeti_2.4G
[2025-01-15 22:19:50] [Information] Scanning for preferred networks...
[2025-01-15 22:19:50] [Information] Found 1 networks
[2025-01-15 22:19:50] [Warning] Could not connect to any preferred networks
[2025-01-15 22:19:50] [Information] Waiting 27 minutes before next check...
[2025-01-15 22:46:50] [Information] Currently connected to: Serengeti_2.4G
[2025-01-15 22:46:50] [Information] Scanning for preferred networks...
[2025-01-15 22:46:50] [Information] Found 1 networks
[2025-01-15 22:46:50] [Warning] Could not connect to any preferred networks
[2025-01-15 22:46:50] [Information] Waiting 26 minutes before next check...
[2025-01-15 23:12:51] [Information] Currently connected to: Serengeti_2.4G
[2025-01-15 23:12:51] [Information] Scanning for preferred networks...
[2025-01-15 23:12:51] [Information] Found 4 networks
[2025-01-15 23:12:51] [Warning] Could not connect to any preferred networks
[2025-01-15 23:12:51] [Information] Waiting 28 minutes before next check...
[2025-01-15 23:40:51] [Information] Currently connected to: Serengeti_2.4G
[2025-01-15 23:40:51] [Information] Scanning for preferred networks...
[2025-01-15 23:40:51] [Information] Found 15 networks
[2025-01-15 23:40:51] [Information] Attempting to connect to Nyati_CPEPro2_5G
[2025-01-15 23:40:56] [Information] Currently connected to: Nyati_CPEPro2_5G
[2025-01-15 23:40:56] [Information] Successfully connected to Nyati_CPEPro2_5G
[2025-01-15 23:40:56] [Information] Waiting 26 minutes before next check...
