[2025-05-05 00:12:30] [Information] Currently connected to: HellsGate-5.0G
[2025-05-05 00:12:30] [Information] Already connected to preferred network: HellsGate-5.0G
[2025-05-05 00:12:30] [Information] Waiting 17 minutes before next check...
[2025-05-05 00:29:30] [Information] Currently connected to: HellsGate-5.0G
[2025-05-05 00:29:30] [Information] Already connected to preferred network: HellsGate-5.0G
[2025-05-05 00:29:30] [Information] Waiting 25 minutes before next check...
[2025-05-05 00:54:30] [Information] Currently connected to: HellsGate-5.0G
[2025-05-05 00:54:30] [Information] Already connected to preferred network: HellsGate-5.0G
[2025-05-05 00:54:30] [Information] Waiting 19 minutes before next check...
[2025-05-05 01:13:31] [Information] Currently connected to: HellsGate-5.0G
[2025-05-05 01:13:31] [Information] Already connected to preferred network: HellsGate-5.0G
[2025-05-05 01:13:31] [Information] Waiting 22 minutes before next check...
[2025-05-05 01:35:31] [Information] Currently connected to: HellsGate-5.0G
[2025-05-05 01:35:31] [Information] Already connected to preferred network: HellsGate-5.0G
[2025-05-05 01:35:31] [Information] Waiting 21 minutes before next check...
[2025-05-05 01:56:31] [Information] Currently connected to: HellsGate-5.0G
[2025-05-05 01:56:31] [Information] Already connected to preferred network: HellsGate-5.0G
[2025-05-05 01:56:31] [Information] Waiting 10 minutes before next check...
[2025-05-05 02:06:31] [Information] Currently connected to: HellsGate-5.0G
[2025-05-05 02:06:31] [Information] Already connected to preferred network: HellsGate-5.0G
[2025-05-05 02:06:31] [Information] Waiting 10 minutes before next check...
[2025-05-05 02:16:31] [Information] Currently connected to: HellsGate-5.0G
[2025-05-05 02:16:31] [Information] Already connected to preferred network: HellsGate-5.0G
[2025-05-05 02:16:31] [Information] Waiting 27 minutes before next check...
[2025-05-05 02:43:31] [Information] Currently connected to: HellsGate-5.0G
[2025-05-05 02:43:31] [Information] Already connected to preferred network: HellsGate-5.0G
[2025-05-05 02:43:31] [Information] Waiting 22 minutes before next check...
[2025-05-05 03:05:31] [Information] Currently connected to: HellsGate-5.0G
[2025-05-05 03:05:31] [Information] Already connected to preferred network: HellsGate-5.0G
[2025-05-05 03:05:31] [Information] Waiting 18 minutes before next check...
[2025-05-05 03:23:31] [Information] Currently connected to: HellsGate-5.0G
[2025-05-05 03:23:31] [Information] Already connected to preferred network: HellsGate-5.0G
[2025-05-05 03:23:31] [Information] Waiting 10 minutes before next check...
[2025-05-05 03:33:31] [Information] Currently connected to: HellsGate-5.0G
[2025-05-05 03:33:31] [Information] Already connected to preferred network: HellsGate-5.0G
[2025-05-05 03:33:31] [Information] Waiting 19 minutes before next check...
[2025-05-05 03:52:31] [Information] Currently connected to: HellsGate-5.0G
[2025-05-05 03:52:31] [Information] Already connected to preferred network: HellsGate-5.0G
[2025-05-05 03:52:31] [Information] Waiting 19 minutes before next check...
[2025-05-05 04:11:31] [Information] Currently connected to: HellsGate-5.0G
[2025-05-05 04:11:31] [Information] Already connected to preferred network: HellsGate-5.0G
[2025-05-05 04:11:31] [Information] Waiting 22 minutes before next check...
[2025-05-05 04:33:32] [Information] Currently connected to: HellsGate-5.0G
[2025-05-05 04:33:32] [Information] Already connected to preferred network: HellsGate-5.0G
[2025-05-05 04:33:32] [Information] Waiting 23 minutes before next check...
[2025-05-05 04:56:32] [Information] Currently connected to: HellsGate-5.0G
[2025-05-05 04:56:32] [Information] Already connected to preferred network: HellsGate-5.0G
[2025-05-05 04:56:32] [Information] Waiting 21 minutes before next check...
[2025-05-05 05:17:32] [Information] Currently connected to: HellsGate-5.0G
[2025-05-05 05:17:32] [Information] Already connected to preferred network: HellsGate-5.0G
[2025-05-05 05:17:32] [Information] Waiting 22 minutes before next check...
[2025-05-05 05:39:32] [Information] Currently connected to: HellsGate-5.0G
[2025-05-05 05:39:32] [Information] Already connected to preferred network: HellsGate-5.0G
[2025-05-05 05:39:32] [Information] Waiting 20 minutes before next check...
[2025-05-05 05:59:32] [Information] Currently connected to: HellsGate-5.0G
[2025-05-05 05:59:32] [Information] Already connected to preferred network: HellsGate-5.0G
[2025-05-05 05:59:32] [Information] Waiting 10 minutes before next check...
[2025-05-05 06:09:32] [Information] Currently connected to: HellsGate-5.0G
[2025-05-05 06:09:32] [Information] Already connected to preferred network: HellsGate-5.0G
[2025-05-05 06:09:32] [Information] Waiting 25 minutes before next check...
[2025-05-05 06:34:39] [Information] Currently connected to: HellsGate-5.0G
[2025-05-05 06:34:39] [Information] Already connected to preferred network: HellsGate-5.0G
[2025-05-05 06:34:39] [Information] Waiting 14 minutes before next check...
[2025-05-05 06:48:39] [Information] Currently connected to: HellsGate-5.0G
[2025-05-05 06:48:39] [Information] Already connected to preferred network: HellsGate-5.0G
[2025-05-05 06:48:39] [Information] Waiting 19 minutes before next check...
[2025-05-05 07:07:39] [Information] Currently connected to: HellsGate-5.0G
[2025-05-05 07:07:39] [Information] Already connected to preferred network: HellsGate-5.0G
[2025-05-05 07:07:39] [Information] Waiting 21 minutes before next check...
[2025-05-05 07:28:39] [Information] Currently connected to: HellsGate-5.0G
[2025-05-05 07:28:39] [Information] Already connected to preferred network: HellsGate-5.0G
[2025-05-05 07:28:39] [Information] Waiting 13 minutes before next check...
[2025-05-05 07:41:39] [Information] Currently connected to: HellsGate-5.0G
[2025-05-05 07:41:39] [Information] Already connected to preferred network: HellsGate-5.0G
[2025-05-05 07:41:39] [Information] Waiting 15 minutes before next check...
[2025-05-05 07:56:39] [Information] Currently connected to: HellsGate-5.0G
[2025-05-05 07:56:39] [Information] Already connected to preferred network: HellsGate-5.0G
[2025-05-05 07:56:39] [Information] Waiting 17 minutes before next check...
[2025-05-05 08:13:39] [Information] Currently connected to: HellsGate-5.0G
[2025-05-05 08:13:39] [Information] Already connected to preferred network: HellsGate-5.0G
[2025-05-05 08:13:39] [Information] Waiting 15 minutes before next check...
[2025-05-05 08:28:39] [Information] Currently connected to: HellsGate-5.0G
[2025-05-05 08:28:39] [Information] Already connected to preferred network: HellsGate-5.0G
[2025-05-05 08:28:39] [Information] Waiting 14 minutes before next check...
[2025-05-05 08:42:39] [Information] Currently connected to: HellsGate-5.0G
[2025-05-05 08:42:39] [Information] Already connected to preferred network: HellsGate-5.0G
[2025-05-05 08:42:39] [Information] Waiting 17 minutes before next check...
[2025-05-05 08:59:40] [Information] Currently connected to: HellsGate-5.0G
[2025-05-05 08:59:40] [Information] Already connected to preferred network: HellsGate-5.0G
[2025-05-05 08:59:40] [Information] Waiting 25 minutes before next check...
[2025-05-05 09:24:40] [Information] Currently connected to: HellsGate-5.0G
[2025-05-05 09:24:40] [Information] Already connected to preferred network: HellsGate-5.0G
[2025-05-05 09:24:40] [Information] Waiting 15 minutes before next check...
[2025-05-05 09:39:40] [Information] Currently connected to: HellsGate-5.0G
[2025-05-05 09:39:40] [Information] Already connected to preferred network: HellsGate-5.0G
[2025-05-05 09:39:40] [Information] Waiting 25 minutes before next check...
[2025-05-05 10:04:40] [Information] Currently connected to: HellsGate-5.0G
[2025-05-05 10:04:40] [Information] Already connected to preferred network: HellsGate-5.0G
[2025-05-05 10:04:40] [Information] Waiting 26 minutes before next check...
[2025-05-05 10:30:40] [Information] Currently connected to: HellsGate-5.0G
[2025-05-05 10:30:40] [Information] Already connected to preferred network: HellsGate-5.0G
[2025-05-05 10:30:40] [Information] Waiting 13 minutes before next check...
[2025-05-05 10:43:40] [Information] Currently connected to: HellsGate-5.0G
[2025-05-05 10:43:40] [Information] Already connected to preferred network: HellsGate-5.0G
[2025-05-05 10:43:40] [Information] Waiting 25 minutes before next check...
[2025-05-05 11:08:40] [Information] Currently connected to: HellsGate-5.0G
[2025-05-05 11:08:40] [Information] Already connected to preferred network: HellsGate-5.0G
[2025-05-05 11:08:40] [Information] Waiting 18 minutes before next check...
[2025-05-05 11:26:40] [Information] Currently connected to: HellsGate-5.0G
[2025-05-05 11:26:40] [Information] Already connected to preferred network: HellsGate-5.0G
[2025-05-05 11:26:40] [Information] Waiting 13 minutes before next check...
[2025-05-05 11:39:40] [Information] Currently connected to: HellsGate-5.0G
[2025-05-05 11:39:40] [Information] Already connected to preferred network: HellsGate-5.0G
[2025-05-05 11:39:40] [Information] Waiting 10 minutes before next check...
[2025-05-05 11:49:41] [Information] Currently connected to: HellsGate-5.0G
[2025-05-05 11:49:41] [Information] Already connected to preferred network: HellsGate-5.0G
[2025-05-05 11:49:41] [Information] Waiting 22 minutes before next check...
[2025-05-05 12:11:41] [Information] Currently connected to: HellsGate-5.0G
[2025-05-05 12:11:41] [Information] Already connected to preferred network: HellsGate-5.0G
[2025-05-05 12:11:41] [Information] Waiting 26 minutes before next check...
[2025-05-05 12:37:41] [Information] Currently connected to: HellsGate-5.0G
[2025-05-05 12:37:41] [Information] Already connected to preferred network: HellsGate-5.0G
[2025-05-05 12:37:41] [Information] Waiting 20 minutes before next check...
[2025-05-05 12:57:41] [Information] Currently connected to: HellsGate-5.0G
[2025-05-05 12:57:41] [Information] Already connected to preferred network: HellsGate-5.0G
[2025-05-05 12:57:41] [Information] Waiting 10 minutes before next check...
[2025-05-05 13:07:41] [Information] Currently connected to: HellsGate-5.0G
[2025-05-05 13:07:41] [Information] Already connected to preferred network: HellsGate-5.0G
[2025-05-05 13:07:41] [Information] Waiting 17 minutes before next check...
[2025-05-05 13:24:41] [Information] Currently connected to: HellsGate-5.0G
[2025-05-05 13:24:41] [Information] Already connected to preferred network: HellsGate-5.0G
[2025-05-05 13:24:41] [Information] Waiting 11 minutes before next check...
[2025-05-05 13:35:41] [Information] Currently connected to: HellsGate-5.0G
[2025-05-05 13:35:41] [Information] Already connected to preferred network: HellsGate-5.0G
[2025-05-05 13:35:41] [Information] Waiting 23 minutes before next check...
[2025-05-05 13:58:41] [Information] Currently connected to: HellsGate-5.0G
[2025-05-05 13:58:41] [Information] Already connected to preferred network: HellsGate-5.0G
[2025-05-05 13:58:41] [Information] Waiting 26 minutes before next check...
[2025-05-05 14:24:41] [Information] Currently connected to: HellsGate-5.0G
[2025-05-05 14:24:41] [Information] Already connected to preferred network: HellsGate-5.0G
[2025-05-05 14:24:41] [Information] Waiting 15 minutes before next check...
[2025-05-05 14:39:41] [Information] Currently connected to: HellsGate-5.0G
[2025-05-05 14:39:41] [Information] Already connected to preferred network: HellsGate-5.0G
[2025-05-05 14:39:41] [Information] Waiting 15 minutes before next check...
[2025-05-05 14:54:41] [Information] Currently connected to: HellsGate-5.0G
[2025-05-05 14:54:41] [Information] Already connected to preferred network: HellsGate-5.0G
[2025-05-05 14:54:41] [Information] Waiting 20 minutes before next check...
[2025-05-05 15:14:42] [Information] Currently connected to: HellsGate-5.0G
[2025-05-05 15:14:42] [Information] Already connected to preferred network: HellsGate-5.0G
[2025-05-05 15:14:42] [Information] Waiting 11 minutes before next check...
[2025-05-05 15:25:42] [Information] Currently connected to: HellsGate-5.0G
[2025-05-05 15:25:42] [Information] Already connected to preferred network: HellsGate-5.0G
[2025-05-05 15:25:42] [Information] Waiting 16 minutes before next check...
[2025-05-05 15:41:42] [Information] Currently connected to: HellsGate-5.0G
[2025-05-05 15:41:42] [Information] Already connected to preferred network: HellsGate-5.0G
[2025-05-05 15:41:42] [Information] Waiting 20 minutes before next check...
[2025-05-05 16:01:42] [Information] Currently connected to: HellsGate-5.0G
[2025-05-05 16:01:42] [Information] Already connected to preferred network: HellsGate-5.0G
[2025-05-05 16:01:42] [Information] Waiting 22 minutes before next check...
[2025-05-05 16:23:42] [Information] Currently connected to: HellsGate-5.0G
[2025-05-05 16:23:42] [Information] Already connected to preferred network: HellsGate-5.0G
[2025-05-05 16:23:42] [Information] Waiting 12 minutes before next check...
[2025-05-05 16:35:42] [Information] Currently connected to: HellsGate-5.0G
[2025-05-05 16:35:42] [Information] Already connected to preferred network: HellsGate-5.0G
[2025-05-05 16:35:42] [Information] Waiting 29 minutes before next check...
[2025-05-05 17:04:42] [Information] Currently connected to: HellsGate-5.0G
[2025-05-05 17:04:42] [Information] Already connected to preferred network: HellsGate-5.0G
[2025-05-05 17:04:42] [Information] Waiting 29 minutes before next check...
[2025-05-05 17:33:42] [Information] Currently connected to: HellsGate-5.0G
[2025-05-05 17:33:42] [Information] Already connected to preferred network: HellsGate-5.0G
[2025-05-05 17:33:42] [Information] Waiting 16 minutes before next check...
[2025-05-05 17:49:42] [Information] Currently connected to: HellsGate-5.0G
[2025-05-05 17:49:42] [Information] Already connected to preferred network: HellsGate-5.0G
[2025-05-05 17:49:42] [Information] Waiting 19 minutes before next check...
[2025-05-05 18:08:42] [Information] Currently connected to: HellsGate-5.0G
[2025-05-05 18:08:42] [Information] Already connected to preferred network: HellsGate-5.0G
[2025-05-05 18:08:42] [Information] Waiting 13 minutes before next check...
[2025-05-05 18:21:42] [Information] Currently connected to: HellsGate-5.0G
[2025-05-05 18:21:42] [Information] Already connected to preferred network: HellsGate-5.0G
[2025-05-05 18:21:42] [Information] Waiting 24 minutes before next check...
[2025-05-05 18:45:43] [Information] Currently connected to: HellsGate-5.0G
[2025-05-05 18:45:43] [Information] Already connected to preferred network: HellsGate-5.0G
[2025-05-05 18:45:43] [Information] Waiting 18 minutes before next check...
[2025-05-05 19:03:43] [Information] Currently connected to: HellsGate-5.0G
[2025-05-05 19:03:43] [Information] Already connected to preferred network: HellsGate-5.0G
[2025-05-05 19:03:43] [Information] Waiting 22 minutes before next check...
[2025-05-05 19:25:43] [Information] Currently connected to: HellsGate-5.0G
[2025-05-05 19:25:43] [Information] Already connected to preferred network: HellsGate-5.0G
[2025-05-05 19:25:43] [Information] Waiting 15 minutes before next check...
[2025-05-05 19:40:43] [Information] Currently connected to: HellsGate-5.0G
[2025-05-05 19:40:43] [Information] Already connected to preferred network: HellsGate-5.0G
[2025-05-05 19:40:43] [Information] Waiting 12 minutes before next check...
[2025-05-05 19:52:43] [Information] Currently connected to: HellsGate-5.0G
[2025-05-05 19:52:43] [Information] Already connected to preferred network: HellsGate-5.0G
[2025-05-05 19:52:43] [Information] Waiting 10 minutes before next check...
[2025-05-05 20:02:43] [Information] Currently connected to: HellsGate-5.0G
[2025-05-05 20:02:43] [Information] Already connected to preferred network: HellsGate-5.0G
[2025-05-05 20:02:43] [Information] Waiting 20 minutes before next check...
[2025-05-05 20:22:43] [Information] Currently connected to: HellsGate-5.0G
[2025-05-05 20:22:43] [Information] Already connected to preferred network: HellsGate-5.0G
[2025-05-05 20:22:43] [Information] Waiting 24 minutes before next check...
[2025-05-05 20:46:43] [Information] Currently connected to: HellsGate-5.0G
[2025-05-05 20:46:43] [Information] Already connected to preferred network: HellsGate-5.0G
[2025-05-05 20:46:43] [Information] Waiting 24 minutes before next check...
[2025-05-05 21:10:43] [Information] Currently connected to: HellsGate-5.0G
[2025-05-05 21:10:43] [Information] Already connected to preferred network: HellsGate-5.0G
[2025-05-05 21:10:43] [Information] Waiting 27 minutes before next check...
[2025-05-05 21:37:43] [Information] Currently connected to: HellsGate-5.0G
[2025-05-05 21:37:43] [Information] Already connected to preferred network: HellsGate-5.0G
[2025-05-05 21:37:43] [Information] Waiting 17 minutes before next check...
[2025-05-05 21:54:43] [Information] Currently connected to: HellsGate-5.0G
[2025-05-05 21:54:43] [Information] Already connected to preferred network: HellsGate-5.0G
[2025-05-05 21:54:43] [Information] Waiting 11 minutes before next check...
[2025-05-05 22:05:44] [Information] Currently connected to: HellsGate-5.0G
[2025-05-05 22:05:44] [Information] Already connected to preferred network: HellsGate-5.0G
[2025-05-05 22:05:44] [Information] Waiting 16 minutes before next check...
[2025-05-05 22:21:44] [Information] Currently connected to: HellsGate-5.0G
[2025-05-05 22:21:44] [Information] Already connected to preferred network: HellsGate-5.0G
[2025-05-05 22:21:44] [Information] Waiting 19 minutes before next check...
[2025-05-05 22:40:44] [Information] Currently connected to: HellsGate-5.0G
[2025-05-05 22:40:44] [Information] Already connected to preferred network: HellsGate-5.0G
[2025-05-05 22:40:44] [Information] Waiting 29 minutes before next check...
[2025-05-05 23:09:44] [Information] Currently connected to: Nyati_CPEPro2_2.4G
[2025-05-05 23:09:44] [Information] Already connected to preferred network: Nyati_CPEPro2_2.4G
[2025-05-05 23:09:44] [Information] Waiting 28 minutes before next check...
[2025-05-05 23:37:44] [Information] Currently connected to: Nyati_CPEPro2_2.4G
[2025-05-05 23:37:44] [Information] Already connected to preferred network: Nyati_CPEPro2_2.4G
[2025-05-05 23:37:44] [Information] Waiting 28 minutes before next check...
