[2024-12-02 19:15:12] [Information] Successfully registered scheduled task
[2024-12-02 19:15:12] [Information] WiFi connection manager started
[2024-12-02 19:15:13] [Information] Currently connected to: HellsGate-5.0G
[2024-12-02 19:15:13] [Information] Scanning for preferred networks...
[2024-12-02 19:15:13] [Information] Found 6 networks
[2024-12-02 19:15:13] [Information] Attempting to connect to Merlin Wharf
[2024-12-02 19:15:18] [Information] Currently connected to: Merlin Wharf
[2024-12-02 19:15:18] [Information] Successfully connected to Merlin Wharf
[2024-12-02 19:15:18] [Information] Waiting 20 minutes before next check...
[2024-12-02 19:35:19] [Information] Currently connected to: Merlin Wharf
[2024-12-02 19:35:19] [Information] Already connected to preferred network: Merlin Wharf
[2024-12-02 19:35:19] [Information] Waiting 24 minutes before next check...
[2024-12-02 19:59:19] [Information] Currently connected to: Merlin Wharf
[2024-12-02 19:59:19] [Information] Already connected to preferred network: Merlin Wharf
[2024-12-02 19:59:19] [Information] Waiting 16 minutes before next check...
[2024-12-02 20:15:19] [Information] Currently connected to: Merlin Wharf
[2024-12-02 20:15:19] [Information] Already connected to preferred network: Merlin Wharf
[2024-12-02 20:15:19] [Information] Waiting 19 minutes before next check...
[2024-12-02 20:34:19] [Information] Currently connected to: Merlin Wharf
[2024-12-02 20:34:19] [Information] Already connected to preferred network: Merlin Wharf
[2024-12-02 20:34:19] [Information] Waiting 27 minutes before next check...
[2024-12-02 21:01:19] [Information] Currently connected to: Merlin Wharf
[2024-12-02 21:01:19] [Information] Already connected to preferred network: Merlin Wharf
[2024-12-02 21:01:19] [Information] Waiting 25 minutes before next check...
[2024-12-02 21:26:19] [Information] Currently connected to: Merlin Wharf
[2024-12-02 21:26:19] [Information] Already connected to preferred network: Merlin Wharf
[2024-12-02 21:26:19] [Information] Waiting 25 minutes before next check...
[2024-12-02 21:51:19] [Information] Currently connected to: Merlin Wharf
[2024-12-02 21:51:19] [Information] Already connected to preferred network: Merlin Wharf
[2024-12-02 21:51:19] [Information] Waiting 23 minutes before next check...
[2024-12-02 22:14:19] [Information] Currently connected to: Merlin Wharf
[2024-12-02 22:14:19] [Information] Already connected to preferred network: Merlin Wharf
[2024-12-02 22:14:19] [Information] Waiting 25 minutes before next check...
[2024-12-02 22:39:19] [Information] Currently connected to: Merlin Wharf
[2024-12-02 22:39:19] [Information] Already connected to preferred network: Merlin Wharf
[2024-12-02 22:39:19] [Information] Waiting 21 minutes before next check...
[2024-12-02 23:00:19] [Information] Currently connected to: Merlin Wharf
[2024-12-02 23:00:19] [Information] Already connected to preferred network: Merlin Wharf
[2024-12-02 23:00:19] [Information] Waiting 27 minutes before next check...
[2024-12-02 23:27:19] [Information] Currently connected to: Merlin Wharf
[2024-12-02 23:27:19] [Information] Already connected to preferred network: Merlin Wharf
[2024-12-02 23:27:19] [Information] Waiting 12 minutes before next check...
[2024-12-02 23:39:19] [Information] Currently connected to: Merlin Wharf
[2024-12-02 23:39:19] [Information] Already connected to preferred network: Merlin Wharf
[2024-12-02 23:39:19] [Information] Waiting 24 minutes before next check...
