[2025-06-08 00:26:57] [Information] Currently connected to: Nyati_CPEPro2_5G
[2025-06-08 00:26:57] [Information] Already connected to preferred network: Nyati_CPEPro2_5G
[2025-06-08 00:26:57] [Information] Waiting 18 minutes before next check...
[2025-06-08 00:44:57] [Information] Currently connected to: Nyati_CPEPro2_5G
[2025-06-08 00:44:57] [Information] Already connected to preferred network: Nyati_CPEPro2_5G
[2025-06-08 00:44:57] [Information] Waiting 25 minutes before next check...
[2025-06-08 01:09:57] [Information] Currently connected to: Nyati_CPEPro2_5G
[2025-06-08 01:09:57] [Information] Already connected to preferred network: Nyati_CPEPro2_5G
[2025-06-08 01:09:57] [Information] Waiting 23 minutes before next check...
[2025-06-08 01:32:57] [Information] Currently connected to: Nyati_CPEPro2_5G
[2025-06-08 01:32:57] [Information] Already connected to preferred network: Nyati_CPEPro2_5G
[2025-06-08 01:32:57] [Information] Waiting 25 minutes before next check...
[2025-06-08 01:57:57] [Information] Currently connected to: Nyati_CPEPro2_5G
[2025-06-08 01:57:57] [Information] Already connected to preferred network: Nyati_CPEPro2_5G
[2025-06-08 01:57:57] [Information] Waiting 14 minutes before next check...
[2025-06-08 02:11:57] [Warning] No current WiFi connection
[2025-06-08 02:11:57] [Information] Scanning for preferred networks...
[2025-06-08 02:11:58] [Information] Found 11 networks
[2025-06-08 02:11:58] [Information] Attempting to connect to HellsGate-5.0G
[2025-06-08 02:12:03] [Information] Currently connected to: HellsGate-5.0G
[2025-06-08 02:12:03] [Information] Successfully connected to HellsGate-5.0G
[2025-06-08 02:12:03] [Information] Waiting 21 minutes before next check...
[2025-06-08 02:33:03] [Information] Currently connected to: HellsGate-5.0G
[2025-06-08 02:33:03] [Information] Already connected to preferred network: HellsGate-5.0G
[2025-06-08 02:33:03] [Information] Waiting 18 minutes before next check...
[2025-06-08 02:51:03] [Information] Currently connected to: HellsGate-5.0G
[2025-06-08 02:51:03] [Information] Already connected to preferred network: HellsGate-5.0G
[2025-06-08 02:51:03] [Information] Waiting 29 minutes before next check...
[2025-06-08 03:20:03] [Information] Currently connected to: HellsGate-5.0G
[2025-06-08 03:20:03] [Information] Already connected to preferred network: HellsGate-5.0G
[2025-06-08 03:20:03] [Information] Waiting 24 minutes before next check...
[2025-06-08 03:44:03] [Information] Currently connected to: HellsGate-5.0G
[2025-06-08 03:44:03] [Information] Already connected to preferred network: HellsGate-5.0G
[2025-06-08 03:44:03] [Information] Waiting 16 minutes before next check...
[2025-06-08 04:00:03] [Information] Currently connected to: HellsGate-5.0G
[2025-06-08 04:00:03] [Information] Already connected to preferred network: HellsGate-5.0G
[2025-06-08 04:00:03] [Information] Waiting 18 minutes before next check...
[2025-06-08 04:18:03] [Information] Currently connected to: HellsGate-5.0G
[2025-06-08 04:18:03] [Information] Already connected to preferred network: HellsGate-5.0G
[2025-06-08 04:18:03] [Information] Waiting 24 minutes before next check...
[2025-06-08 04:42:03] [Information] Currently connected to: HellsGate-5.0G
[2025-06-08 04:42:03] [Information] Already connected to preferred network: HellsGate-5.0G
[2025-06-08 04:42:03] [Information] Waiting 22 minutes before next check...
[2025-06-08 05:04:03] [Information] Currently connected to: HellsGate-5.0G
[2025-06-08 05:04:03] [Information] Already connected to preferred network: HellsGate-5.0G
[2025-06-08 05:04:03] [Information] Waiting 25 minutes before next check...
[2025-06-08 05:29:04] [Information] Currently connected to: HellsGate-5.0G
[2025-06-08 05:29:04] [Information] Already connected to preferred network: HellsGate-5.0G
[2025-06-08 05:29:04] [Information] Waiting 10 minutes before next check...
[2025-06-08 05:39:04] [Information] Currently connected to: HellsGate-5.0G
[2025-06-08 05:39:04] [Information] Already connected to preferred network: HellsGate-5.0G
[2025-06-08 05:39:04] [Information] Waiting 10 minutes before next check...
[2025-06-08 05:49:04] [Information] Currently connected to: HellsGate-5.0G
[2025-06-08 05:49:04] [Information] Already connected to preferred network: HellsGate-5.0G
[2025-06-08 05:49:04] [Information] Waiting 19 minutes before next check...
[2025-06-08 06:08:11] [Information] Currently connected to: HellsGate-5.0G
[2025-06-08 06:08:11] [Information] Already connected to preferred network: HellsGate-5.0G
[2025-06-08 06:08:11] [Information] Waiting 11 minutes before next check...
[2025-06-08 06:19:11] [Information] Currently connected to: HellsGate-5.0G
[2025-06-08 06:19:11] [Information] Already connected to preferred network: HellsGate-5.0G
[2025-06-08 06:19:11] [Information] Waiting 17 minutes before next check...
[2025-06-08 06:36:11] [Information] Currently connected to: HellsGate-5.0G
[2025-06-08 06:36:11] [Information] Already connected to preferred network: HellsGate-5.0G
[2025-06-08 06:36:11] [Information] Waiting 11 minutes before next check...
[2025-06-08 06:47:11] [Information] Currently connected to: HellsGate-5.0G
[2025-06-08 06:47:11] [Information] Already connected to preferred network: HellsGate-5.0G
[2025-06-08 06:47:11] [Information] Waiting 27 minutes before next check...
[2025-06-08 07:14:11] [Information] Currently connected to: HellsGate-5.0G
[2025-06-08 07:14:11] [Information] Already connected to preferred network: HellsGate-5.0G
[2025-06-08 07:14:11] [Information] Waiting 27 minutes before next check...
[2025-06-08 07:41:11] [Information] Currently connected to: HellsGate-5.0G
[2025-06-08 07:41:11] [Information] Already connected to preferred network: HellsGate-5.0G
[2025-06-08 07:41:11] [Information] Waiting 15 minutes before next check...
[2025-06-08 07:56:11] [Information] Currently connected to: HellsGate-5.0G
[2025-06-08 07:56:11] [Information] Already connected to preferred network: HellsGate-5.0G
[2025-06-08 07:56:11] [Information] Waiting 12 minutes before next check...
[2025-06-08 08:08:11] [Information] Currently connected to: HellsGate-5.0G
[2025-06-08 08:08:11] [Information] Already connected to preferred network: HellsGate-5.0G
[2025-06-08 08:08:11] [Information] Waiting 16 minutes before next check...
[2025-06-08 08:24:11] [Information] Currently connected to: HellsGate-5.0G
[2025-06-08 08:24:11] [Information] Already connected to preferred network: HellsGate-5.0G
[2025-06-08 08:24:11] [Information] Waiting 23 minutes before next check...
[2025-06-08 08:47:11] [Information] Currently connected to: HellsGate-5.0G
[2025-06-08 08:47:11] [Information] Already connected to preferred network: HellsGate-5.0G
[2025-06-08 08:47:11] [Information] Waiting 13 minutes before next check...
[2025-06-08 09:00:11] [Information] Currently connected to: HellsGate-5.0G
[2025-06-08 09:00:11] [Information] Already connected to preferred network: HellsGate-5.0G
[2025-06-08 09:00:11] [Information] Waiting 14 minutes before next check...
[2025-06-08 09:14:12] [Information] Currently connected to: HellsGate-5.0G
[2025-06-08 09:14:12] [Information] Already connected to preferred network: HellsGate-5.0G
[2025-06-08 09:14:12] [Information] Waiting 27 minutes before next check...
[2025-06-08 09:41:12] [Information] Currently connected to: HellsGate-5.0G
[2025-06-08 09:41:12] [Information] Already connected to preferred network: HellsGate-5.0G
[2025-06-08 09:41:12] [Information] Waiting 27 minutes before next check...
[2025-06-08 10:08:12] [Information] Currently connected to: HellsGate-5.0G
[2025-06-08 10:08:12] [Information] Already connected to preferred network: HellsGate-5.0G
[2025-06-08 10:08:12] [Information] Waiting 10 minutes before next check...
[2025-06-08 10:18:12] [Information] Currently connected to: HellsGate-5.0G
[2025-06-08 10:18:12] [Information] Already connected to preferred network: HellsGate-5.0G
[2025-06-08 10:18:12] [Information] Waiting 29 minutes before next check...
[2025-06-08 10:47:12] [Information] Currently connected to: HellsGate-5.0G
[2025-06-08 10:47:12] [Information] Already connected to preferred network: HellsGate-5.0G
[2025-06-08 10:47:12] [Information] Waiting 18 minutes before next check...
[2025-06-08 11:05:12] [Information] Currently connected to: HellsGate-5.0G
[2025-06-08 11:05:12] [Information] Already connected to preferred network: HellsGate-5.0G
[2025-06-08 11:05:12] [Information] Waiting 22 minutes before next check...
[2025-06-08 11:27:12] [Information] Currently connected to: HellsGate-5.0G
[2025-06-08 11:27:12] [Information] Already connected to preferred network: HellsGate-5.0G
[2025-06-08 11:27:12] [Information] Waiting 15 minutes before next check...
[2025-06-08 11:42:12] [Information] Currently connected to: HellsGate-5.0G
[2025-06-08 11:42:12] [Information] Already connected to preferred network: HellsGate-5.0G
[2025-06-08 11:42:12] [Information] Waiting 14 minutes before next check...
[2025-06-08 11:56:12] [Information] Currently connected to: HellsGate-5.0G
[2025-06-08 11:56:12] [Information] Already connected to preferred network: HellsGate-5.0G
[2025-06-08 11:56:12] [Information] Waiting 13 minutes before next check...
[2025-06-08 12:09:12] [Information] Currently connected to: HellsGate-5.0G
[2025-06-08 12:09:12] [Information] Already connected to preferred network: HellsGate-5.0G
[2025-06-08 12:09:12] [Information] Waiting 18 minutes before next check...
[2025-06-08 12:27:12] [Information] Currently connected to: HellsGate-5.0G
[2025-06-08 12:27:12] [Information] Already connected to preferred network: HellsGate-5.0G
[2025-06-08 12:27:12] [Information] Waiting 19 minutes before next check...
[2025-06-08 12:46:13] [Information] Currently connected to: HellsGate-5.0G
[2025-06-08 12:46:13] [Information] Already connected to preferred network: HellsGate-5.0G
[2025-06-08 12:46:13] [Information] Waiting 24 minutes before next check...
[2025-06-08 13:10:13] [Information] Currently connected to: HellsGate-5.0G
[2025-06-08 13:10:13] [Information] Already connected to preferred network: HellsGate-5.0G
[2025-06-08 13:10:13] [Information] Waiting 21 minutes before next check...
[2025-06-08 13:31:13] [Information] Currently connected to: HellsGate-5.0G
[2025-06-08 13:31:13] [Information] Already connected to preferred network: HellsGate-5.0G
[2025-06-08 13:31:13] [Information] Waiting 10 minutes before next check...
[2025-06-08 13:41:13] [Information] Currently connected to: HellsGate-5.0G
[2025-06-08 13:41:13] [Information] Already connected to preferred network: HellsGate-5.0G
[2025-06-08 13:41:13] [Information] Waiting 15 minutes before next check...
[2025-06-08 13:56:13] [Information] Currently connected to: HellsGate-5.0G
[2025-06-08 13:56:13] [Information] Already connected to preferred network: HellsGate-5.0G
[2025-06-08 13:56:13] [Information] Waiting 23 minutes before next check...
[2025-06-08 14:19:13] [Information] Currently connected to: HellsGate-5.0G
[2025-06-08 14:19:13] [Information] Already connected to preferred network: HellsGate-5.0G
[2025-06-08 14:19:13] [Information] Waiting 29 minutes before next check...
[2025-06-08 14:48:13] [Information] Currently connected to: HellsGate-5.0G
[2025-06-08 14:48:13] [Information] Already connected to preferred network: HellsGate-5.0G
[2025-06-08 14:48:13] [Information] Waiting 16 minutes before next check...
[2025-06-08 15:04:13] [Information] Currently connected to: HellsGate-5.0G
[2025-06-08 15:04:13] [Information] Already connected to preferred network: HellsGate-5.0G
[2025-06-08 15:04:13] [Information] Waiting 20 minutes before next check...
[2025-06-08 15:24:13] [Information] Currently connected to: HellsGate-5.0G
[2025-06-08 15:24:13] [Information] Already connected to preferred network: HellsGate-5.0G
[2025-06-08 15:24:13] [Information] Waiting 12 minutes before next check...
[2025-06-08 15:36:13] [Information] Currently connected to: HellsGate-5.0G
[2025-06-08 15:36:13] [Information] Already connected to preferred network: HellsGate-5.0G
[2025-06-08 15:36:13] [Information] Waiting 20 minutes before next check...
[2025-06-08 15:56:13] [Information] Currently connected to: Nyati_CPEPro2_2.4G
[2025-06-08 15:56:13] [Information] Already connected to preferred network: Nyati_CPEPro2_2.4G
[2025-06-08 15:56:13] [Information] Waiting 19 minutes before next check...
[2025-06-08 16:15:14] [Information] Currently connected to: Nyati_CPEPro2_2.4G
[2025-06-08 16:15:14] [Information] Already connected to preferred network: Nyati_CPEPro2_2.4G
[2025-06-08 16:15:14] [Information] Waiting 27 minutes before next check...
[2025-06-08 16:42:14] [Information] Currently connected to: Nyati_CPEPro2_2.4G
[2025-06-08 16:42:14] [Information] Already connected to preferred network: Nyati_CPEPro2_2.4G
[2025-06-08 16:42:14] [Information] Waiting 17 minutes before next check...
[2025-06-08 16:59:14] [Information] Currently connected to: Nyati_CPEPro2_2.4G
[2025-06-08 16:59:14] [Information] Already connected to preferred network: Nyati_CPEPro2_2.4G
[2025-06-08 16:59:14] [Information] Waiting 29 minutes before next check...
[2025-06-08 17:28:14] [Information] Currently connected to: Nyati_CPEPro2_2.4G
[2025-06-08 17:28:14] [Information] Already connected to preferred network: Nyati_CPEPro2_2.4G
[2025-06-08 17:28:14] [Information] Waiting 21 minutes before next check...
[2025-06-08 17:49:14] [Information] Currently connected to: Nyati_CPEPro2_2.4G
[2025-06-08 17:49:14] [Information] Already connected to preferred network: Nyati_CPEPro2_2.4G
[2025-06-08 17:49:14] [Information] Waiting 16 minutes before next check...
[2025-06-08 18:05:14] [Information] Currently connected to: Nyati_CPEPro2_2.4G
[2025-06-08 18:05:14] [Information] Already connected to preferred network: Nyati_CPEPro2_2.4G
[2025-06-08 18:05:14] [Information] Waiting 20 minutes before next check...
[2025-06-08 18:25:14] [Information] Currently connected to: Nyati_CPEPro2_2.4G
[2025-06-08 18:25:14] [Information] Already connected to preferred network: Nyati_CPEPro2_2.4G
[2025-06-08 18:25:14] [Information] Waiting 11 minutes before next check...
[2025-06-08 18:36:14] [Information] Currently connected to: Nyati_CPEPro2_2.4G
[2025-06-08 18:36:14] [Information] Already connected to preferred network: Nyati_CPEPro2_2.4G
[2025-06-08 18:36:14] [Information] Waiting 12 minutes before next check...
[2025-06-08 18:48:14] [Information] Currently connected to: Nyati_CPEPro2_2.4G
[2025-06-08 18:48:14] [Information] Already connected to preferred network: Nyati_CPEPro2_2.4G
[2025-06-08 18:48:14] [Information] Waiting 29 minutes before next check...
[2025-06-08 19:17:14] [Information] Currently connected to: Nyati_CPEPro2_2.4G
[2025-06-08 19:17:14] [Information] Already connected to preferred network: Nyati_CPEPro2_2.4G
[2025-06-08 19:17:14] [Information] Waiting 26 minutes before next check...
[2025-06-08 19:43:14] [Information] Currently connected to: Nyati_CPEPro2_2.4G
[2025-06-08 19:43:14] [Information] Already connected to preferred network: Nyati_CPEPro2_2.4G
[2025-06-08 19:43:14] [Information] Waiting 21 minutes before next check...
[2025-06-08 20:04:15] [Information] Currently connected to: Nyati_CPEPro2_2.4G
[2025-06-08 20:04:15] [Information] Already connected to preferred network: Nyati_CPEPro2_2.4G
[2025-06-08 20:04:15] [Information] Waiting 26 minutes before next check...
[2025-06-08 20:30:15] [Information] Currently connected to: Nyati_CPEPro2_2.4G
[2025-06-08 20:30:15] [Information] Already connected to preferred network: Nyati_CPEPro2_2.4G
[2025-06-08 20:30:15] [Information] Waiting 13 minutes before next check...
[2025-06-08 20:43:15] [Information] Currently connected to: Nyati_CPEPro2_2.4G
[2025-06-08 20:43:15] [Information] Already connected to preferred network: Nyati_CPEPro2_2.4G
[2025-06-08 20:43:15] [Information] Waiting 28 minutes before next check...
[2025-06-08 21:11:15] [Information] Currently connected to: Nyati_CPEPro2_2.4G
[2025-06-08 21:11:15] [Information] Already connected to preferred network: Nyati_CPEPro2_2.4G
[2025-06-08 21:11:15] [Information] Waiting 12 minutes before next check...
[2025-06-08 21:23:15] [Information] Currently connected to: Nyati_CPEPro2_2.4G
[2025-06-08 21:23:15] [Information] Already connected to preferred network: Nyati_CPEPro2_2.4G
[2025-06-08 21:23:15] [Information] Waiting 23 minutes before next check...
[2025-06-08 21:46:15] [Information] Currently connected to: Nyati_CPEPro2_2.4G
[2025-06-08 21:46:15] [Information] Already connected to preferred network: Nyati_CPEPro2_2.4G
[2025-06-08 21:46:15] [Information] Waiting 22 minutes before next check...
[2025-06-08 22:08:15] [Information] Currently connected to: Nyati_CPEPro2_2.4G
[2025-06-08 22:08:15] [Information] Already connected to preferred network: Nyati_CPEPro2_2.4G
[2025-06-08 22:08:15] [Information] Waiting 18 minutes before next check...
[2025-06-08 22:26:15] [Information] Currently connected to: Nyati_CPEPro2_2.4G
[2025-06-08 22:26:15] [Information] Already connected to preferred network: Nyati_CPEPro2_2.4G
[2025-06-08 22:26:15] [Information] Waiting 15 minutes before next check...
[2025-06-08 22:41:15] [Information] Currently connected to: Nyati_CPEPro2_2.4G
[2025-06-08 22:41:15] [Information] Already connected to preferred network: Nyati_CPEPro2_2.4G
[2025-06-08 22:41:15] [Information] Waiting 24 minutes before next check...
[2025-06-08 23:05:15] [Information] Currently connected to: Nyati_CPEPro2_2.4G
[2025-06-08 23:05:15] [Information] Already connected to preferred network: Nyati_CPEPro2_2.4G
[2025-06-08 23:05:15] [Information] Waiting 20 minutes before next check...
[2025-06-08 23:25:15] [Information] Currently connected to: Nyati_CPEPro2_2.4G
[2025-06-08 23:25:15] [Information] Already connected to preferred network: Nyati_CPEPro2_2.4G
[2025-06-08 23:25:15] [Information] Waiting 27 minutes before next check...
[2025-06-08 23:52:16] [Information] Currently connected to: Nyati_CPEPro2_2.4G
[2025-06-08 23:52:16] [Information] Already connected to preferred network: Nyati_CPEPro2_2.4G
[2025-06-08 23:52:16] [Information] Waiting 19 minutes before next check...
