[2025-06-14 00:01:11] [INFO] === LOG ROTATED TO NEW DATE: 20250614 ===
[2025-06-14 00:01:11] [DEBUG] === MONITOR CHECK CYCLE ===
[2025-06-14 00:01:11] [DEBUG] Found 5 running PowerShell terminal windows (excluding monitoring window)
[2025-06-14 00:01:11] [INFO] Monitor Status: Running=5, Required=4, Max=7
[2025-06-14 00:01:11] [DEBUG] Window count OK: 5 >= 4 (minimum)
[2025-06-14 00:01:11] [DEBUG] Next monitor check at: 00:10:11
[2025-06-14 00:01:11] [DEBUG] === MONITOR CHECK COMPLETE ===
[2025-06-14 00:10:11] [DEBUG] === MONITOR CHECK CYCLE ===
[2025-06-14 00:10:11] [DEBUG] Found 5 running PowerShell terminal windows (excluding monitoring window)
[2025-06-14 00:10:11] [INFO] Monitor Status: Running=5, Required=4, Max=7
[2025-06-14 00:10:11] [DEBUG] Window count OK: 5 >= 4 (minimum)
[2025-06-14 00:10:11] [DEBUG] Next monitor check at: 00:19:11
[2025-06-14 00:10:11] [DEBUG] === MONITOR CHECK COMPLETE ===
[2025-06-14 00:19:11] [DEBUG] === MONITOR CHECK CYCLE ===
[2025-06-14 00:19:11] [DEBUG] Found 5 running PowerShell terminal windows (excluding monitoring window)
[2025-06-14 00:19:11] [INFO] Monitor Status: Running=5, Required=4, Max=7
[2025-06-14 00:19:11] [DEBUG] Window count OK: 5 >= 4 (minimum)
[2025-06-14 00:19:11] [DEBUG] Next monitor check at: 00:28:11
[2025-06-14 00:19:11] [DEBUG] === MONITOR CHECK COMPLETE ===
[2025-06-14 00:28:11] [DEBUG] === MONITOR CHECK CYCLE ===
[2025-06-14 00:28:12] [DEBUG] Found 5 running PowerShell terminal windows (excluding monitoring window)
[2025-06-14 00:28:12] [INFO] Monitor Status: Running=5, Required=4, Max=7
[2025-06-14 00:28:12] [DEBUG] Window count OK: 5 >= 4 (minimum)
[2025-06-14 00:28:12] [DEBUG] Next monitor check at: 00:37:12
[2025-06-14 00:28:12] [DEBUG] === MONITOR CHECK COMPLETE ===
[2025-06-14 00:37:12] [DEBUG] === MONITOR CHECK CYCLE ===
[2025-06-14 00:37:12] [DEBUG] Found 5 running PowerShell terminal windows (excluding monitoring window)
[2025-06-14 00:37:12] [INFO] Monitor Status: Running=5, Required=4, Max=7
[2025-06-14 00:37:12] [DEBUG] Window count OK: 5 >= 4 (minimum)
[2025-06-14 00:37:12] [DEBUG] Next monitor check at: 00:46:12
[2025-06-14 00:37:12] [DEBUG] === MONITOR CHECK COMPLETE ===
[2025-06-14 00:46:12] [DEBUG] === MONITOR CHECK CYCLE ===
[2025-06-14 00:46:12] [DEBUG] Found 5 running PowerShell terminal windows (excluding monitoring window)
[2025-06-14 00:46:12] [INFO] Monitor Status: Running=5, Required=4, Max=7
[2025-06-14 00:46:12] [DEBUG] Window count OK: 5 >= 4 (minimum)
[2025-06-14 00:46:12] [DEBUG] Next monitor check at: 00:55:12
[2025-06-14 00:46:12] [DEBUG] === MONITOR CHECK COMPLETE ===
[2025-06-14 00:55:12] [DEBUG] === MONITOR CHECK CYCLE ===
[2025-06-14 00:55:12] [DEBUG] Found 5 running PowerShell terminal windows (excluding monitoring window)
[2025-06-14 00:55:12] [INFO] Monitor Status: Running=5, Required=4, Max=7
[2025-06-14 00:55:12] [DEBUG] Window count OK: 5 >= 4 (minimum)
[2025-06-14 00:55:12] [DEBUG] Next monitor check at: 01:04:12
[2025-06-14 00:55:12] [DEBUG] === MONITOR CHECK COMPLETE ===
[2025-06-14 01:04:12] [DEBUG] === MONITOR CHECK CYCLE ===
[2025-06-14 01:04:12] [DEBUG] Found 5 running PowerShell terminal windows (excluding monitoring window)
[2025-06-14 01:04:12] [INFO] Monitor Status: Running=5, Required=4, Max=7
[2025-06-14 01:04:12] [DEBUG] Window count OK: 5 >= 4 (minimum)
[2025-06-14 01:04:12] [DEBUG] Next monitor check at: 01:13:12
[2025-06-14 01:04:12] [DEBUG] === MONITOR CHECK COMPLETE ===
[2025-06-14 01:13:12] [DEBUG] === MONITOR CHECK CYCLE ===
[2025-06-14 01:13:13] [DEBUG] Found 5 running PowerShell terminal windows (excluding monitoring window)
[2025-06-14 01:13:13] [INFO] Monitor Status: Running=5, Required=4, Max=7
[2025-06-14 01:13:13] [DEBUG] Window count OK: 5 >= 4 (minimum)
[2025-06-14 01:13:13] [DEBUG] Next monitor check at: 01:22:13
[2025-06-14 01:13:13] [DEBUG] === MONITOR CHECK COMPLETE ===
[2025-06-14 01:22:13] [DEBUG] === MONITOR CHECK CYCLE ===
[2025-06-14 01:22:13] [DEBUG] Found 5 running PowerShell terminal windows (excluding monitoring window)
[2025-06-14 01:22:13] [INFO] Monitor Status: Running=5, Required=4, Max=7
[2025-06-14 01:22:13] [DEBUG] Window count OK: 5 >= 4 (minimum)
[2025-06-14 01:22:13] [DEBUG] Next monitor check at: 01:31:13
[2025-06-14 01:22:13] [DEBUG] === MONITOR CHECK COMPLETE ===
[2025-06-14 01:31:13] [DEBUG] === MONITOR CHECK CYCLE ===
[2025-06-14 01:31:13] [DEBUG] Found 5 running PowerShell terminal windows (excluding monitoring window)
[2025-06-14 01:31:13] [INFO] Monitor Status: Running=5, Required=4, Max=7
[2025-06-14 01:31:13] [DEBUG] Window count OK: 5 >= 4 (minimum)
[2025-06-14 01:31:13] [DEBUG] Next monitor check at: 01:40:13
[2025-06-14 01:31:13] [DEBUG] === MONITOR CHECK COMPLETE ===
[2025-06-14 01:40:13] [DEBUG] === MONITOR CHECK CYCLE ===
[2025-06-14 01:40:13] [DEBUG] Found 5 running PowerShell terminal windows (excluding monitoring window)
[2025-06-14 01:40:13] [INFO] Monitor Status: Running=5, Required=4, Max=7
[2025-06-14 01:40:13] [DEBUG] Window count OK: 5 >= 4 (minimum)
[2025-06-14 01:40:13] [DEBUG] Next monitor check at: 01:49:13
[2025-06-14 01:40:13] [DEBUG] === MONITOR CHECK COMPLETE ===
[2025-06-14 01:49:13] [DEBUG] === MONITOR CHECK CYCLE ===
[2025-06-14 01:49:13] [DEBUG] Found 5 running PowerShell terminal windows (excluding monitoring window)
[2025-06-14 01:49:13] [INFO] Monitor Status: Running=5, Required=4, Max=7
[2025-06-14 01:49:13] [DEBUG] Window count OK: 5 >= 4 (minimum)
[2025-06-14 01:49:13] [DEBUG] Next monitor check at: 01:58:13
[2025-06-14 01:49:13] [DEBUG] === MONITOR CHECK COMPLETE ===
[2025-06-14 01:58:13] [DEBUG] === MONITOR CHECK CYCLE ===
[2025-06-14 01:58:14] [DEBUG] Found 5 running PowerShell terminal windows (excluding monitoring window)
[2025-06-14 01:58:14] [INFO] Monitor Status: Running=5, Required=4, Max=7
[2025-06-14 01:58:14] [DEBUG] Window count OK: 5 >= 4 (minimum)
[2025-06-14 01:58:14] [DEBUG] Next monitor check at: 02:07:14
[2025-06-14 01:58:14] [DEBUG] === MONITOR CHECK COMPLETE ===
[2025-06-14 02:07:14] [DEBUG] === MONITOR CHECK CYCLE ===
[2025-06-14 02:07:14] [DEBUG] Found 5 running PowerShell terminal windows (excluding monitoring window)
[2025-06-14 02:07:14] [INFO] Monitor Status: Running=5, Required=4, Max=7
[2025-06-14 02:07:14] [DEBUG] Window count OK: 5 >= 4 (minimum)
[2025-06-14 02:07:14] [DEBUG] Next monitor check at: 02:16:14
[2025-06-14 02:07:14] [DEBUG] === MONITOR CHECK COMPLETE ===
[2025-06-14 02:16:14] [DEBUG] === MONITOR CHECK CYCLE ===
[2025-06-14 02:16:14] [DEBUG] Found 5 running PowerShell terminal windows (excluding monitoring window)
[2025-06-14 02:16:14] [INFO] Monitor Status: Running=5, Required=4, Max=7
[2025-06-14 02:16:14] [DEBUG] Window count OK: 5 >= 4 (minimum)
[2025-06-14 02:16:14] [DEBUG] Next monitor check at: 02:25:14
[2025-06-14 02:16:14] [DEBUG] === MONITOR CHECK COMPLETE ===
[2025-06-14 02:25:14] [DEBUG] === MONITOR CHECK CYCLE ===
[2025-06-14 02:25:14] [DEBUG] Found 5 running PowerShell terminal windows (excluding monitoring window)
[2025-06-14 02:25:14] [INFO] Monitor Status: Running=5, Required=4, Max=7
[2025-06-14 02:25:14] [DEBUG] Window count OK: 5 >= 4 (minimum)
[2025-06-14 02:25:14] [DEBUG] Next monitor check at: 02:34:14
[2025-06-14 02:25:14] [DEBUG] === MONITOR CHECK COMPLETE ===
[2025-06-14 02:34:14] [DEBUG] === MONITOR CHECK CYCLE ===
[2025-06-14 02:34:14] [DEBUG] Found 5 running PowerShell terminal windows (excluding monitoring window)
[2025-06-14 02:34:14] [INFO] Monitor Status: Running=5, Required=4, Max=7
[2025-06-14 02:34:14] [DEBUG] Window count OK: 5 >= 4 (minimum)
[2025-06-14 02:34:14] [DEBUG] Next monitor check at: 02:43:14
[2025-06-14 02:34:14] [DEBUG] === MONITOR CHECK COMPLETE ===
[2025-06-14 02:43:14] [DEBUG] === MONITOR CHECK CYCLE ===
[2025-06-14 02:43:14] [DEBUG] Found 4 running PowerShell terminal windows (excluding monitoring window)
[2025-06-14 02:43:14] [INFO] Monitor Status: Running=4, Required=4, Max=7
[2025-06-14 02:43:14] [DEBUG] Window count OK: 4 >= 4 (minimum)
[2025-06-14 02:43:14] [DEBUG] Next monitor check at: 02:52:14
[2025-06-14 02:43:14] [DEBUG] === MONITOR CHECK COMPLETE ===
[2025-06-14 02:52:15] [DEBUG] === MONITOR CHECK CYCLE ===
[2025-06-14 02:52:15] [DEBUG] Found 4 running PowerShell terminal windows (excluding monitoring window)
[2025-06-14 02:52:15] [INFO] Monitor Status: Running=4, Required=4, Max=7
[2025-06-14 02:52:15] [DEBUG] Window count OK: 4 >= 4 (minimum)
[2025-06-14 02:52:15] [DEBUG] Next monitor check at: 03:01:15
[2025-06-14 02:52:15] [DEBUG] === MONITOR CHECK COMPLETE ===
[2025-06-14 03:01:15] [DEBUG] === MONITOR CHECK CYCLE ===
[2025-06-14 03:01:15] [DEBUG] Found 4 running PowerShell terminal windows (excluding monitoring window)
[2025-06-14 03:01:15] [INFO] Monitor Status: Running=4, Required=4, Max=7
[2025-06-14 03:01:15] [DEBUG] Window count OK: 4 >= 4 (minimum)
[2025-06-14 03:01:15] [DEBUG] Next monitor check at: 03:10:15
[2025-06-14 03:01:15] [DEBUG] === MONITOR CHECK COMPLETE ===
[2025-06-14 03:10:15] [DEBUG] === MONITOR CHECK CYCLE ===
[2025-06-14 03:10:15] [DEBUG] Found 4 running PowerShell terminal windows (excluding monitoring window)
[2025-06-14 03:10:15] [INFO] Monitor Status: Running=4, Required=4, Max=7
[2025-06-14 03:10:15] [DEBUG] Window count OK: 4 >= 4 (minimum)
[2025-06-14 03:10:15] [DEBUG] Next monitor check at: 03:19:15
[2025-06-14 03:10:15] [DEBUG] === MONITOR CHECK COMPLETE ===
[2025-06-14 03:19:15] [DEBUG] === MONITOR CHECK CYCLE ===
[2025-06-14 03:19:15] [DEBUG] Found 4 running PowerShell terminal windows (excluding monitoring window)
[2025-06-14 03:19:15] [INFO] Monitor Status: Running=4, Required=4, Max=7
[2025-06-14 03:19:15] [DEBUG] Window count OK: 4 >= 4 (minimum)
[2025-06-14 03:19:15] [DEBUG] Next monitor check at: 03:28:15
[2025-06-14 03:19:15] [DEBUG] === MONITOR CHECK COMPLETE ===
[2025-06-14 03:28:15] [DEBUG] === MONITOR CHECK CYCLE ===
[2025-06-14 03:28:15] [DEBUG] Found 4 running PowerShell terminal windows (excluding monitoring window)
[2025-06-14 03:28:15] [INFO] Monitor Status: Running=4, Required=4, Max=7
[2025-06-14 03:28:15] [DEBUG] Window count OK: 4 >= 4 (minimum)
[2025-06-14 03:28:15] [DEBUG] Next monitor check at: 03:37:15
[2025-06-14 03:28:15] [DEBUG] === MONITOR CHECK COMPLETE ===
[2025-06-14 03:37:15] [DEBUG] === MONITOR CHECK CYCLE ===
[2025-06-14 03:37:16] [DEBUG] Found 4 running PowerShell terminal windows (excluding monitoring window)
[2025-06-14 03:37:16] [INFO] Monitor Status: Running=4, Required=4, Max=7
[2025-06-14 03:37:16] [DEBUG] Window count OK: 4 >= 4 (minimum)
[2025-06-14 03:37:16] [DEBUG] Next monitor check at: 03:46:16
[2025-06-14 03:37:16] [DEBUG] === MONITOR CHECK COMPLETE ===
[2025-06-14 03:46:16] [DEBUG] === MONITOR CHECK CYCLE ===
[2025-06-14 03:46:16] [DEBUG] Found 4 running PowerShell terminal windows (excluding monitoring window)
[2025-06-14 03:46:16] [INFO] Monitor Status: Running=4, Required=4, Max=7
[2025-06-14 03:46:16] [DEBUG] Window count OK: 4 >= 4 (minimum)
[2025-06-14 03:46:16] [DEBUG] Next monitor check at: 03:55:16
[2025-06-14 03:46:16] [DEBUG] === MONITOR CHECK COMPLETE ===
[2025-06-14 03:55:16] [DEBUG] === MONITOR CHECK CYCLE ===
[2025-06-14 03:55:16] [DEBUG] Found 4 running PowerShell terminal windows (excluding monitoring window)
[2025-06-14 03:55:16] [INFO] Monitor Status: Running=4, Required=4, Max=7
[2025-06-14 03:55:16] [DEBUG] Window count OK: 4 >= 4 (minimum)
[2025-06-14 03:55:16] [DEBUG] Next monitor check at: 04:04:16
[2025-06-14 03:55:16] [DEBUG] === MONITOR CHECK COMPLETE ===
[2025-06-14 04:04:17] [DEBUG] === MONITOR CHECK CYCLE ===
[2025-06-14 04:04:17] [DEBUG] Found 4 running PowerShell terminal windows (excluding monitoring window)
[2025-06-14 04:04:17] [INFO] Monitor Status: Running=4, Required=4, Max=7
[2025-06-14 04:04:17] [DEBUG] Window count OK: 4 >= 4 (minimum)
[2025-06-14 04:04:17] [DEBUG] Next monitor check at: 04:13:17
[2025-06-14 04:04:17] [DEBUG] === MONITOR CHECK COMPLETE ===
[2025-06-14 04:13:17] [DEBUG] === MONITOR CHECK CYCLE ===
[2025-06-14 04:13:17] [DEBUG] Found 4 running PowerShell terminal windows (excluding monitoring window)
[2025-06-14 04:13:17] [INFO] Monitor Status: Running=4, Required=4, Max=7
[2025-06-14 04:13:17] [DEBUG] Window count OK: 4 >= 4 (minimum)
[2025-06-14 04:13:17] [DEBUG] Next monitor check at: 04:22:17
[2025-06-14 04:13:17] [DEBUG] === MONITOR CHECK COMPLETE ===
[2025-06-14 04:22:17] [DEBUG] === MONITOR CHECK CYCLE ===
[2025-06-14 04:22:17] [DEBUG] Found 4 running PowerShell terminal windows (excluding monitoring window)
[2025-06-14 04:22:17] [INFO] Monitor Status: Running=4, Required=4, Max=7
[2025-06-14 04:22:17] [DEBUG] Window count OK: 4 >= 4 (minimum)
[2025-06-14 04:22:17] [DEBUG] Next monitor check at: 04:31:17
[2025-06-14 04:22:17] [DEBUG] === MONITOR CHECK COMPLETE ===
[2025-06-14 04:31:17] [DEBUG] === MONITOR CHECK CYCLE ===
[2025-06-14 04:31:17] [DEBUG] Found 4 running PowerShell terminal windows (excluding monitoring window)
[2025-06-14 04:31:17] [INFO] Monitor Status: Running=4, Required=4, Max=7
[2025-06-14 04:31:17] [DEBUG] Window count OK: 4 >= 4 (minimum)
[2025-06-14 04:31:17] [DEBUG] Next monitor check at: 04:40:17
[2025-06-14 04:31:17] [DEBUG] === MONITOR CHECK COMPLETE ===
[2025-06-14 04:40:17] [DEBUG] === MONITOR CHECK CYCLE ===
[2025-06-14 04:40:18] [DEBUG] Found 4 running PowerShell terminal windows (excluding monitoring window)
[2025-06-14 04:40:18] [INFO] Monitor Status: Running=4, Required=4, Max=7
[2025-06-14 04:40:18] [DEBUG] Window count OK: 4 >= 4 (minimum)
[2025-06-14 04:40:18] [DEBUG] Next monitor check at: 04:49:18
[2025-06-14 04:40:18] [DEBUG] === MONITOR CHECK COMPLETE ===
[2025-06-14 15:01:56] [INFO] Configuration loaded from C:\Users\SanyaKhasenye(Sensit\WorkingDir\PowerShell\PwshWindowManager\PwshWindowManager.json
[2025-06-14 15:01:56] [DEBUG] Base path: C:\Users\SanyaKhasenye(Sensit\WorkingDir\PowerShell
[2025-06-14 15:01:56] [DEBUG] Countdown script: C:\Users\SanyaKhasenye(Sensit\WorkingDir\PowerShell\CountDownTimers\Start-Countdown.ps1
[2025-06-14 15:01:56] [DEBUG] Orchestrator directory: C:\Users\SanyaKhasenye(Sensit\WorkingDir\PowerShell\ActivityGenerator.v3
[2025-06-14 15:01:56] [DEBUG] Orchestrator script: C:\Users\SanyaKhasenye(Sensit\WorkingDir\PowerShell\ActivityGenerator.v3\Start-ActivityOrchestrator_v0.1.ps1
[2025-06-14 15:01:56] [DEBUG] Font settings - Name: Consolas, Size: 6, Weight: 400
[2025-06-14 15:01:56] [INFO] === PATH VERIFICATION ===
[2025-06-14 15:01:56] [INFO] SUCCESS: Countdown script found at: C:\Users\SanyaKhasenye(Sensit\WorkingDir\PowerShell\CountDownTimers\Start-Countdown.ps1
[2025-06-14 15:01:56] [INFO] SUCCESS: Orchestrator script found at: C:\Users\SanyaKhasenye(Sensit\WorkingDir\PowerShell\ActivityGenerator.v3\Start-ActivityOrchestrator_v0.1.ps1
[2025-06-14 15:01:56] [INFO] SUCCESS: Orchestrator directory found at: C:\Users\SanyaKhasenye(Sensit\WorkingDir\PowerShell\ActivityGenerator.v3
[2025-06-14 15:01:56] [INFO] SUCCESS: Orchestrator config found at: C:\Users\SanyaKhasenye(Sensit\WorkingDir\PowerShell\ActivityGenerator.v3\ActivityGeneratorConfig.json
[2025-06-14 15:01:56] [INFO] === PATH VERIFICATION COMPLETE ===
[2025-06-14 15:01:56] [INFO] === ENHANCED WINDOW MANAGER STARTING ===
[2025-06-14 15:01:56] [INFO] Script started with PID 7484
[2025-06-14 15:01:56] [DEBUG] Current working directory: C:\Users\SanyaKhasenye(Sensit\WorkingDir\PowerShell\PwshWindowManager
[2025-06-14 15:01:56] [DEBUG] PowerShell version: 5.1.19041.5848
[2025-06-14 15:01:56] [INFO] Logging to: C:\Users\SanyaKhasenye(Sensit\WorkingDir\PowerShell\PwshWindowManager\Logs\2025\06\14\Orchestrator_20250614.log
[2025-06-14 15:01:56] [INFO] Launching 2 initial windows
[2025-06-14 15:01:56] [DEBUG] Generated 2319 seconds for window 1
[2025-06-14 15:01:56] [DEBUG] Preparing to launch window 1 with 2319 second countdown
[2025-06-14 15:01:56] [DEBUG] Could not create shortcut, using direct launch: Cannot invoke method. Method invocation is supported only on core types in this language mode.
[2025-06-14 15:01:56] [INFO] Launched window 1 directly - 2319 second countdown
[2025-06-14 15:01:56] [DEBUG] Window configuration - Size: 80x10, Font: Consolas 6pt
[2025-06-14 15:01:56] [DEBUG] Auto-close timeout: 120 seconds
[2025-06-14 15:01:57] [DEBUG] Generated 26935 seconds for window 2
[2025-06-14 15:01:57] [DEBUG] Preparing to launch window 2 with 26935 second countdown
[2025-06-14 15:01:57] [DEBUG] Could not create shortcut, using direct launch: Cannot invoke method. Method invocation is supported only on core types in this language mode.
[2025-06-14 15:01:57] [INFO] Launched window 2 directly - 26935 second countdown
[2025-06-14 15:01:57] [DEBUG] Window configuration - Size: 80x10, Font: Consolas 6pt
[2025-06-14 15:01:57] [DEBUG] Auto-close timeout: 120 seconds
[2025-06-14 15:01:58] [INFO] === MONITORING STARTING ===
[2025-06-14 15:01:58] [INFO] Monitor settings - Min: 4, Max: 7, Check interval: 540s
[2025-06-14 15:01:58] [INFO] Will add 3 windows when count drops below minimum
[2025-06-14 15:01:58] [INFO] Monitoring mode: Continuous
[2025-06-14 15:01:58] [INFO] Monitoring mode: Continuous - No end time
[2025-06-14 15:01:58] [DEBUG] === MONITOR CHECK CYCLE ===
[2025-06-14 15:01:58] [DEBUG] Found 2 running PowerShell terminal windows (excluding monitoring window)
[2025-06-14 15:01:58] [INFO] Monitor Status: Running=2, Required=4, Max=7
[2025-06-14 15:01:58] [WARN] *** LOW WINDOW COUNT DETECTED ***
[2025-06-14 15:01:58] [WARN] Running: 2, Required: 4, Available slots: 5
[2025-06-14 15:01:58] [WARN] Launching 3 new windows...
[2025-06-14 15:01:58] [INFO] Launching window AUTO_150158_1 with 24250 second countdown
[2025-06-14 15:01:58] [DEBUG] Preparing to launch window AUTO_150158_1 with 24250 second countdown
[2025-06-14 15:01:59] [DEBUG] Could not create shortcut, using direct launch: Cannot invoke method. Method invocation is supported only on core types in this language mode.
[2025-06-14 15:01:59] [INFO] Launched window AUTO_150158_1 directly - 24250 second countdown
[2025-06-14 15:01:59] [DEBUG] Window configuration - Size: 80x10, Font: Consolas 6pt
[2025-06-14 15:01:59] [DEBUG] Auto-close timeout: 120 seconds
[2025-06-14 15:02:02] [INFO] Launching window AUTO_150202_2 with 20303 second countdown
[2025-06-14 15:02:02] [DEBUG] Preparing to launch window AUTO_150202_2 with 20303 second countdown
[2025-06-14 15:02:02] [DEBUG] Could not create shortcut, using direct launch: Cannot invoke method. Method invocation is supported only on core types in this language mode.
[2025-06-14 15:02:02] [INFO] Launched window AUTO_150202_2 directly - 20303 second countdown
[2025-06-14 15:02:02] [DEBUG] Window configuration - Size: 80x10, Font: Consolas 6pt
[2025-06-14 15:02:02] [DEBUG] Auto-close timeout: 120 seconds
[2025-06-14 15:02:05] [INFO] Launching window AUTO_150205_3 with 12704 second countdown
[2025-06-14 15:02:05] [DEBUG] Preparing to launch window AUTO_150205_3 with 12704 second countdown
[2025-06-14 15:02:05] [DEBUG] Could not create shortcut, using direct launch: Cannot invoke method. Method invocation is supported only on core types in this language mode.
[2025-06-14 15:02:05] [INFO] Launched window AUTO_150205_3 directly - 12704 second countdown
[2025-06-14 15:02:05] [DEBUG] Window configuration - Size: 80x10, Font: Consolas 6pt
[2025-06-14 15:02:05] [DEBUG] Auto-close timeout: 120 seconds
[2025-06-14 15:02:08] [INFO] Completed launching 3 replacement windows
[2025-06-14 15:02:08] [DEBUG] Next monitor check at: 15:11:08
[2025-06-14 15:02:08] [DEBUG] === MONITOR CHECK COMPLETE ===
[2025-06-14 15:11:08] [DEBUG] === MONITOR CHECK CYCLE ===
[2025-06-14 15:11:08] [DEBUG] Found 5 running PowerShell terminal windows (excluding monitoring window)
[2025-06-14 15:11:08] [INFO] Monitor Status: Running=5, Required=4, Max=7
[2025-06-14 15:11:08] [DEBUG] Window count OK: 5 >= 4 (minimum)
[2025-06-14 15:11:08] [DEBUG] Next monitor check at: 15:20:08
[2025-06-14 15:11:08] [DEBUG] === MONITOR CHECK COMPLETE ===
