[2025-04-22 17:31:30] [Information] Successfully registered scheduled task
[2025-04-22 17:31:31] [Information] WiFi connection manager started
[2025-04-22 17:31:31] [Warning] No current WiFi connection
[2025-04-22 17:31:31] [Information] Scanning for preferred networks...
[2025-04-22 17:31:31] [Information] Found 8 networks
[2025-04-22 17:31:31] [Information] Attempting to connect to HellsGate-5.0G
[2025-04-22 17:31:37] [Information] Currently connected to: HellsGate-5.0G
[2025-04-22 17:31:37] [Information] Successfully connected to HellsGate-5.0G
[2025-04-22 17:31:37] [Information] Waiting 15 minutes before next check...
[2025-04-22 17:46:37] [Information] Currently connected to: HellsGate-5.0G
[2025-04-22 17:46:37] [Information] Already connected to preferred network: HellsGate-5.0G
[2025-04-22 17:46:37] [Information] Waiting 18 minutes before next check...
[2025-04-22 18:04:37] [Information] Currently connected to: HellsGate-5.0G
[2025-04-22 18:04:37] [Information] Already connected to preferred network: HellsGate-5.0G
[2025-04-22 18:04:37] [Information] Waiting 19 minutes before next check...
[2025-04-22 18:23:37] [Information] Currently connected to: HellsGate-5.0G
[2025-04-22 18:23:37] [Information] Already connected to preferred network: HellsGate-5.0G
[2025-04-22 18:23:37] [Information] Waiting 28 minutes before next check...
[2025-04-22 18:51:37] [Information] Currently connected to: HellsGate-5.0G
[2025-04-22 18:51:37] [Information] Already connected to preferred network: HellsGate-5.0G
[2025-04-22 18:51:37] [Information] Waiting 22 minutes before next check...
[2025-04-22 19:13:37] [Information] Currently connected to: HellsGate-5.0G
[2025-04-22 19:13:37] [Information] Already connected to preferred network: HellsGate-5.0G
[2025-04-22 19:13:37] [Information] Waiting 19 minutes before next check...
[2025-04-22 19:32:37] [Information] Currently connected to: HellsGate-5.0G
[2025-04-22 19:32:37] [Information] Already connected to preferred network: HellsGate-5.0G
[2025-04-22 19:32:37] [Information] Waiting 17 minutes before next check...
[2025-04-22 19:49:37] [Information] Currently connected to: HellsGate-5.0G
[2025-04-22 19:49:37] [Information] Already connected to preferred network: HellsGate-5.0G
[2025-04-22 19:49:37] [Information] Waiting 10 minutes before next check...
[2025-04-22 19:59:37] [Information] Currently connected to: HellsGate-5.0G
[2025-04-22 19:59:37] [Information] Already connected to preferred network: HellsGate-5.0G
[2025-04-22 19:59:37] [Information] Waiting 29 minutes before next check...
[2025-04-22 20:28:38] [Information] Currently connected to: HellsGate-5.0G
[2025-04-22 20:28:38] [Information] Already connected to preferred network: HellsGate-5.0G
[2025-04-22 20:28:38] [Information] Waiting 27 minutes before next check...
[2025-04-22 20:55:38] [Information] Currently connected to: HellsGate-5.0G
[2025-04-22 20:55:38] [Information] Already connected to preferred network: HellsGate-5.0G
[2025-04-22 20:55:38] [Information] Waiting 20 minutes before next check...
[2025-04-22 21:15:38] [Information] Currently connected to: HellsGate-5.0G
[2025-04-22 21:15:38] [Information] Already connected to preferred network: HellsGate-5.0G
[2025-04-22 21:15:38] [Information] Waiting 11 minutes before next check...
[2025-04-22 21:26:38] [Information] Currently connected to: HellsGate-5.0G
[2025-04-22 21:26:38] [Information] Already connected to preferred network: HellsGate-5.0G
[2025-04-22 21:26:38] [Information] Waiting 14 minutes before next check...
[2025-04-22 21:40:38] [Information] Currently connected to: HellsGate-5.0G
[2025-04-22 21:40:38] [Information] Already connected to preferred network: HellsGate-5.0G
[2025-04-22 21:40:38] [Information] Waiting 15 minutes before next check...
[2025-04-22 21:55:38] [Information] Currently connected to: HellsGate-5.0G
[2025-04-22 21:55:38] [Information] Already connected to preferred network: HellsGate-5.0G
[2025-04-22 21:55:38] [Information] Waiting 20 minutes before next check...
[2025-04-22 22:15:38] [Information] Currently connected to: HellsGate-5.0G
[2025-04-22 22:15:38] [Information] Already connected to preferred network: HellsGate-5.0G
[2025-04-22 22:15:38] [Information] Waiting 11 minutes before next check...
[2025-04-22 22:26:38] [Information] Currently connected to: HellsGate-5.0G
[2025-04-22 22:26:38] [Information] Already connected to preferred network: HellsGate-5.0G
[2025-04-22 22:26:38] [Information] Waiting 27 minutes before next check...
[2025-04-22 22:53:38] [Information] Currently connected to: HellsGate-5.0G
[2025-04-22 22:53:38] [Information] Already connected to preferred network: HellsGate-5.0G
[2025-04-22 22:53:38] [Information] Waiting 21 minutes before next check...
[2025-04-22 23:14:38] [Information] Currently connected to: HellsGate-5.0G
[2025-04-22 23:14:38] [Information] Already connected to preferred network: HellsGate-5.0G
[2025-04-22 23:14:38] [Information] Waiting 14 minutes before next check...
[2025-04-22 23:28:38] [Information] Currently connected to: HellsGate-5.0G
[2025-04-22 23:28:38] [Information] Already connected to preferred network: HellsGate-5.0G
[2025-04-22 23:28:38] [Information] Waiting 25 minutes before next check...
[2025-04-22 23:53:38] [Information] Currently connected to: HellsGate-5.0G
[2025-04-22 23:53:38] [Information] Already connected to preferred network: HellsGate-5.0G
[2025-04-22 23:53:38] [Information] Waiting 27 minutes before next check...
