[2025-05-20 17:30:18] [Information] Successfully registered scheduled task
[2025-05-20 17:30:22] [Information] WiFi connection manager started
[2025-05-20 17:30:24] [Warning] No current WiFi connection
[2025-05-20 17:30:24] [Information] Scanning for preferred networks...
[2025-05-20 17:30:25] [Information] Found 12 networks
[2025-05-20 17:30:25] [Information] Attempting to connect to HellsGate-5.0G
[2025-05-20 17:30:30] [Information] Currently connected to: HellsGate-5.0G
[2025-05-20 17:30:30] [Information] Successfully connected to HellsGate-5.0G
[2025-05-20 17:30:30] [Information] Waiting 12 minutes before next check...
[2025-05-20 17:42:30] [Information] Currently connected to: HellsGate-5.0G
[2025-05-20 17:42:30] [Information] Already connected to preferred network: HellsGate-5.0G
[2025-05-20 17:42:30] [Information] Waiting 21 minutes before next check...
[2025-05-20 18:03:31] [Information] Currently connected to: HellsGate-5.0G
[2025-05-20 18:03:31] [Information] Already connected to preferred network: HellsGate-5.0G
[2025-05-20 18:03:31] [Information] Waiting 14 minutes before next check...
[2025-05-20 18:17:31] [Information] Currently connected to: HellsGate-5.0G
[2025-05-20 18:17:31] [Information] Already connected to preferred network: HellsGate-5.0G
[2025-05-20 18:17:31] [Information] Waiting 13 minutes before next check...
[2025-05-20 18:30:31] [Information] Currently connected to: HellsGate-5.0G
[2025-05-20 18:30:31] [Information] Already connected to preferred network: HellsGate-5.0G
[2025-05-20 18:30:31] [Information] Waiting 13 minutes before next check...
[2025-05-20 18:43:31] [Information] Currently connected to: HellsGate-5.0G
[2025-05-20 18:43:31] [Information] Already connected to preferred network: HellsGate-5.0G
[2025-05-20 18:43:31] [Information] Waiting 24 minutes before next check...
[2025-05-20 19:07:31] [Information] Currently connected to: HellsGate-5.0G
[2025-05-20 19:07:31] [Information] Already connected to preferred network: HellsGate-5.0G
[2025-05-20 19:07:31] [Information] Waiting 12 minutes before next check...
[2025-05-20 19:19:31] [Information] Currently connected to: HellsGate-5.0G
[2025-05-20 19:19:31] [Information] Already connected to preferred network: HellsGate-5.0G
[2025-05-20 19:19:31] [Information] Waiting 28 minutes before next check...
[2025-05-20 19:47:31] [Information] Currently connected to: HellsGate-5.0G
[2025-05-20 19:47:31] [Information] Already connected to preferred network: HellsGate-5.0G
[2025-05-20 19:47:31] [Information] Waiting 20 minutes before next check...
[2025-05-20 20:07:31] [Information] Currently connected to: HellsGate-5.0G
[2025-05-20 20:07:31] [Information] Already connected to preferred network: HellsGate-5.0G
[2025-05-20 20:07:31] [Information] Waiting 11 minutes before next check...
[2025-05-20 20:18:31] [Information] Currently connected to: HellsGate-5.0G
[2025-05-20 20:18:31] [Information] Already connected to preferred network: HellsGate-5.0G
[2025-05-20 20:18:31] [Information] Waiting 14 minutes before next check...
[2025-05-20 20:32:31] [Information] Currently connected to: HellsGate-5.0G
[2025-05-20 20:32:31] [Information] Already connected to preferred network: HellsGate-5.0G
[2025-05-20 20:32:31] [Information] Waiting 21 minutes before next check...
[2025-05-20 20:53:31] [Information] Currently connected to: HellsGate-5.0G
[2025-05-20 20:53:31] [Information] Already connected to preferred network: HellsGate-5.0G
[2025-05-20 20:53:31] [Information] Waiting 25 minutes before next check...
[2025-05-20 21:18:32] [Information] Currently connected to: HellsGate-5.0G
[2025-05-20 21:18:32] [Information] Already connected to preferred network: HellsGate-5.0G
[2025-05-20 21:18:32] [Information] Waiting 20 minutes before next check...
[2025-05-20 21:38:32] [Information] Currently connected to: HellsGate-5.0G
[2025-05-20 21:38:32] [Information] Already connected to preferred network: HellsGate-5.0G
[2025-05-20 21:38:32] [Information] Waiting 25 minutes before next check...
[2025-05-20 22:03:32] [Information] Currently connected to: HellsGate-5.0G
[2025-05-20 22:03:32] [Information] Already connected to preferred network: HellsGate-5.0G
[2025-05-20 22:03:32] [Information] Waiting 23 minutes before next check...
[2025-05-20 22:26:32] [Information] Currently connected to: HellsGate-5.0G
[2025-05-20 22:26:32] [Information] Already connected to preferred network: HellsGate-5.0G
[2025-05-20 22:26:32] [Information] Waiting 29 minutes before next check...
[2025-05-20 22:55:32] [Information] Currently connected to: HellsGate-5.0G
[2025-05-20 22:55:32] [Information] Already connected to preferred network: HellsGate-5.0G
[2025-05-20 22:55:32] [Information] Waiting 24 minutes before next check...
[2025-05-20 23:19:32] [Information] Currently connected to: HellsGate-5.0G
[2025-05-20 23:19:32] [Information] Already connected to preferred network: HellsGate-5.0G
[2025-05-20 23:19:32] [Information] Waiting 24 minutes before next check...
[2025-05-20 23:43:32] [Information] Currently connected to: HellsGate-5.0G
[2025-05-20 23:43:32] [Information] Already connected to preferred network: HellsGate-5.0G
[2025-05-20 23:43:32] [Information] Waiting 23 minutes before next check...
