[2025-04-05 00:22:24] [Information] Currently connected to: HellsGate-5.0G
[2025-04-05 00:22:24] [Information] Already connected to preferred network: HellsGate-5.0G
[2025-04-05 00:22:24] [Information] Waiting 21 minutes before next check...
[2025-04-05 00:43:24] [Information] Currently connected to: HellsGate-5.0G
[2025-04-05 00:43:24] [Information] Already connected to preferred network: HellsGate-5.0G
[2025-04-05 00:43:24] [Information] Waiting 14 minutes before next check...
[2025-04-05 00:57:24] [Information] Currently connected to: HellsGate-5.0G
[2025-04-05 00:57:24] [Information] Already connected to preferred network: HellsGate-5.0G
[2025-04-05 00:57:24] [Information] Waiting 10 minutes before next check...
[2025-04-05 01:07:24] [Information] Currently connected to: HellsGate-5.0G
[2025-04-05 01:07:24] [Information] Already connected to preferred network: HellsGate-5.0G
[2025-04-05 01:07:24] [Information] Waiting 23 minutes before next check...
[2025-04-05 01:30:24] [Information] Currently connected to: HellsGate-5.0G
[2025-04-05 01:30:24] [Information] Already connected to preferred network: HellsGate-5.0G
[2025-04-05 01:30:24] [Information] Waiting 28 minutes before next check...
[2025-04-05 01:58:24] [Information] Currently connected to: HellsGate-5.0G
[2025-04-05 01:58:24] [Information] Already connected to preferred network: HellsGate-5.0G
[2025-04-05 01:58:24] [Information] Waiting 23 minutes before next check...
[2025-04-05 02:21:24] [Information] Currently connected to: HellsGate-5.0G
[2025-04-05 02:21:24] [Information] Already connected to preferred network: HellsGate-5.0G
[2025-04-05 02:21:24] [Information] Waiting 23 minutes before next check...
[2025-04-05 02:44:24] [Information] Currently connected to: HellsGate-5.0G
[2025-04-05 02:44:24] [Information] Already connected to preferred network: HellsGate-5.0G
[2025-04-05 02:44:24] [Information] Waiting 13 minutes before next check...
[2025-04-05 02:57:25] [Information] Currently connected to: HellsGate-5.0G
[2025-04-05 02:57:25] [Information] Already connected to preferred network: HellsGate-5.0G
[2025-04-05 02:57:25] [Information] Waiting 26 minutes before next check...
[2025-04-05 03:23:25] [Information] Currently connected to: HellsGate-5.0G
[2025-04-05 03:23:25] [Information] Already connected to preferred network: HellsGate-5.0G
[2025-04-05 03:23:25] [Information] Waiting 12 minutes before next check...
[2025-04-05 03:35:25] [Information] Currently connected to: HellsGate-5.0G
[2025-04-05 03:35:25] [Information] Already connected to preferred network: HellsGate-5.0G
[2025-04-05 03:35:25] [Information] Waiting 17 minutes before next check...
[2025-04-05 03:52:25] [Information] Currently connected to: HellsGate-5.0G
[2025-04-05 03:52:25] [Information] Already connected to preferred network: HellsGate-5.0G
[2025-04-05 03:52:25] [Information] Waiting 28 minutes before next check...
[2025-04-05 04:20:25] [Information] Currently connected to: HellsGate-5.0G
[2025-04-05 04:20:25] [Information] Already connected to preferred network: HellsGate-5.0G
[2025-04-05 04:20:25] [Information] Waiting 18 minutes before next check...
[2025-04-05 04:38:25] [Information] Currently connected to: HellsGate-5.0G
[2025-04-05 04:38:25] [Information] Already connected to preferred network: HellsGate-5.0G
[2025-04-05 04:38:25] [Information] Waiting 12 minutes before next check...
[2025-04-05 04:50:25] [Information] Currently connected to: HellsGate-5.0G
[2025-04-05 04:50:25] [Information] Already connected to preferred network: HellsGate-5.0G
[2025-04-05 04:50:25] [Information] Waiting 28 minutes before next check...
[2025-04-05 05:18:25] [Information] Currently connected to: HellsGate-5.0G
[2025-04-05 05:18:25] [Information] Already connected to preferred network: HellsGate-5.0G
[2025-04-05 05:18:25] [Information] Waiting 28 minutes before next check...
[2025-04-05 05:46:31] [Information] Currently connected to: HellsGate-5.0G
[2025-04-05 05:46:31] [Information] Already connected to preferred network: HellsGate-5.0G
[2025-04-05 05:46:31] [Information] Waiting 22 minutes before next check...
[2025-04-05 06:08:32] [Information] Currently connected to: HellsGate-5.0G
[2025-04-05 06:08:32] [Information] Already connected to preferred network: HellsGate-5.0G
[2025-04-05 06:08:32] [Information] Waiting 21 minutes before next check...
[2025-04-05 06:29:32] [Information] Currently connected to: HellsGate-5.0G
[2025-04-05 06:29:32] [Information] Already connected to preferred network: HellsGate-5.0G
[2025-04-05 06:29:32] [Information] Waiting 17 minutes before next check...
[2025-04-05 06:46:32] [Information] Currently connected to: HellsGate-5.0G
[2025-04-05 06:46:32] [Information] Already connected to preferred network: HellsGate-5.0G
[2025-04-05 06:46:32] [Information] Waiting 20 minutes before next check...
[2025-04-05 07:06:32] [Information] Currently connected to: HellsGate-5.0G
[2025-04-05 07:06:32] [Information] Already connected to preferred network: HellsGate-5.0G
[2025-04-05 07:06:32] [Information] Waiting 13 minutes before next check...
[2025-04-05 07:19:32] [Information] Currently connected to: HellsGate-5.0G
[2025-04-05 07:19:32] [Information] Already connected to preferred network: HellsGate-5.0G
[2025-04-05 07:19:32] [Information] Waiting 24 minutes before next check...
[2025-04-05 07:43:32] [Information] Currently connected to: HellsGate-5.0G
[2025-04-05 07:43:32] [Information] Already connected to preferred network: HellsGate-5.0G
[2025-04-05 07:43:32] [Information] Waiting 25 minutes before next check...
[2025-04-05 08:08:32] [Information] Currently connected to: HellsGate-5.0G
[2025-04-05 08:08:32] [Information] Already connected to preferred network: HellsGate-5.0G
[2025-04-05 08:08:32] [Information] Waiting 19 minutes before next check...
[2025-04-05 08:27:32] [Information] Currently connected to: HellsGate-5.0G
[2025-04-05 08:27:32] [Information] Already connected to preferred network: HellsGate-5.0G
[2025-04-05 08:27:32] [Information] Waiting 18 minutes before next check...
[2025-04-05 08:45:32] [Information] Currently connected to: HellsGate-5.0G
[2025-04-05 08:45:32] [Information] Already connected to preferred network: HellsGate-5.0G
[2025-04-05 08:45:32] [Information] Waiting 19 minutes before next check...
[2025-04-05 09:04:32] [Information] Currently connected to: HellsGate-5.0G
[2025-04-05 09:04:32] [Information] Already connected to preferred network: HellsGate-5.0G
[2025-04-05 09:04:32] [Information] Waiting 16 minutes before next check...
[2025-04-05 09:20:32] [Information] Currently connected to: HellsGate-5.0G
[2025-04-05 09:20:32] [Information] Already connected to preferred network: HellsGate-5.0G
[2025-04-05 09:20:32] [Information] Waiting 25 minutes before next check...
[2025-04-05 09:45:32] [Information] Currently connected to: HellsGate-5.0G
[2025-04-05 09:45:32] [Information] Already connected to preferred network: HellsGate-5.0G
[2025-04-05 09:45:32] [Information] Waiting 28 minutes before next check...
[2025-04-05 10:13:32] [Information] Currently connected to: HellsGate-5.0G
[2025-04-05 10:13:32] [Information] Already connected to preferred network: HellsGate-5.0G
[2025-04-05 10:13:32] [Information] Waiting 18 minutes before next check...
[2025-04-05 10:31:33] [Information] Currently connected to: HellsGate-5.0G
[2025-04-05 10:31:33] [Information] Already connected to preferred network: HellsGate-5.0G
[2025-04-05 10:31:33] [Information] Waiting 14 minutes before next check...
[2025-04-05 10:45:33] [Information] Currently connected to: HellsGate-5.0G
[2025-04-05 10:45:33] [Information] Already connected to preferred network: HellsGate-5.0G
[2025-04-05 10:45:33] [Information] Waiting 25 minutes before next check...
[2025-04-05 11:10:33] [Information] Currently connected to: HellsGate-5.0G
[2025-04-05 11:10:33] [Information] Already connected to preferred network: HellsGate-5.0G
[2025-04-05 11:10:33] [Information] Waiting 21 minutes before next check...
[2025-04-05 11:31:33] [Information] Currently connected to: HellsGate-5.0G
[2025-04-05 11:31:33] [Information] Already connected to preferred network: HellsGate-5.0G
[2025-04-05 11:31:33] [Information] Waiting 21 minutes before next check...
[2025-04-05 11:52:33] [Information] Currently connected to: HellsGate-5.0G
[2025-04-05 11:52:33] [Information] Already connected to preferred network: HellsGate-5.0G
[2025-04-05 11:52:33] [Information] Waiting 18 minutes before next check...
[2025-04-05 12:10:33] [Information] Currently connected to: HellsGate-5.0G
[2025-04-05 12:10:33] [Information] Already connected to preferred network: HellsGate-5.0G
[2025-04-05 12:10:33] [Information] Waiting 29 minutes before next check...
[2025-04-05 12:39:33] [Information] Currently connected to: HellsGate-5.0G
[2025-04-05 12:39:33] [Information] Already connected to preferred network: HellsGate-5.0G
[2025-04-05 12:39:33] [Information] Waiting 18 minutes before next check...
[2025-04-05 12:57:33] [Information] Currently connected to: HellsGate-5.0G
[2025-04-05 12:57:33] [Information] Already connected to preferred network: HellsGate-5.0G
[2025-04-05 12:57:33] [Information] Waiting 29 minutes before next check...
[2025-04-05 13:26:33] [Information] Currently connected to: HellsGate-5.0G
[2025-04-05 13:26:33] [Information] Already connected to preferred network: HellsGate-5.0G
[2025-04-05 13:26:33] [Information] Waiting 29 minutes before next check...
[2025-04-05 13:55:33] [Information] Currently connected to: Merlin Wharf
[2025-04-05 13:55:33] [Information] Already connected to preferred network: Merlin Wharf
[2025-04-05 13:55:33] [Information] Waiting 20 minutes before next check...
[2025-04-05 14:15:33] [Information] Currently connected to: Merlin Wharf
[2025-04-05 14:15:33] [Information] Already connected to preferred network: Merlin Wharf
[2025-04-05 14:15:33] [Information] Waiting 10 minutes before next check...
[2025-04-05 14:25:33] [Information] Currently connected to: Merlin Wharf
[2025-04-05 14:25:33] [Information] Already connected to preferred network: Merlin Wharf
[2025-04-05 14:25:33] [Information] Waiting 13 minutes before next check...
[2025-04-05 14:38:33] [Information] Currently connected to: Merlin Wharf
[2025-04-05 14:38:33] [Information] Already connected to preferred network: Merlin Wharf
[2025-04-05 14:38:33] [Information] Waiting 26 minutes before next check...
[2025-04-05 15:04:34] [Information] Currently connected to: Merlin Wharf
[2025-04-05 15:04:34] [Information] Already connected to preferred network: Merlin Wharf
[2025-04-05 15:04:34] [Information] Waiting 24 minutes before next check...
[2025-04-05 15:28:34] [Information] Currently connected to: Merlin Wharf
[2025-04-05 15:28:34] [Information] Already connected to preferred network: Merlin Wharf
[2025-04-05 15:28:34] [Information] Waiting 17 minutes before next check...
[2025-04-05 15:45:34] [Information] Currently connected to: Merlin Wharf
[2025-04-05 15:45:34] [Information] Already connected to preferred network: Merlin Wharf
[2025-04-05 15:45:34] [Information] Waiting 17 minutes before next check...
[2025-04-05 16:02:34] [Information] Currently connected to: Merlin Wharf
[2025-04-05 16:02:34] [Information] Already connected to preferred network: Merlin Wharf
[2025-04-05 16:02:34] [Information] Waiting 17 minutes before next check...
[2025-04-05 16:19:34] [Information] Currently connected to: Merlin Wharf
[2025-04-05 16:19:34] [Information] Already connected to preferred network: Merlin Wharf
[2025-04-05 16:19:34] [Information] Waiting 28 minutes before next check...
[2025-04-05 16:47:34] [Information] Currently connected to: Merlin Wharf
[2025-04-05 16:47:34] [Information] Already connected to preferred network: Merlin Wharf
[2025-04-05 16:47:34] [Information] Waiting 14 minutes before next check...
[2025-04-05 17:01:34] [Information] Currently connected to: Merlin Wharf
[2025-04-05 17:01:34] [Information] Already connected to preferred network: Merlin Wharf
[2025-04-05 17:01:34] [Information] Waiting 19 minutes before next check...
[2025-04-05 17:20:34] [Information] Currently connected to: Merlin Wharf
[2025-04-05 17:20:34] [Information] Already connected to preferred network: Merlin Wharf
[2025-04-05 17:20:34] [Information] Waiting 27 minutes before next check...
[2025-04-05 17:47:34] [Information] Currently connected to: Merlin Wharf
[2025-04-05 17:47:34] [Information] Already connected to preferred network: Merlin Wharf
[2025-04-05 17:47:34] [Information] Waiting 12 minutes before next check...
[2025-04-05 17:59:34] [Information] Currently connected to: Merlin Wharf
[2025-04-05 17:59:34] [Information] Already connected to preferred network: Merlin Wharf
[2025-04-05 17:59:34] [Information] Waiting 15 minutes before next check...
[2025-04-05 18:14:34] [Information] Currently connected to: Merlin Wharf
[2025-04-05 18:14:34] [Information] Already connected to preferred network: Merlin Wharf
[2025-04-05 18:14:34] [Information] Waiting 12 minutes before next check...
[2025-04-05 18:26:34] [Information] Currently connected to: Merlin Wharf
[2025-04-05 18:26:34] [Information] Already connected to preferred network: Merlin Wharf
[2025-04-05 18:26:34] [Information] Waiting 17 minutes before next check...
[2025-04-05 18:43:34] [Information] Currently connected to: Merlin Wharf
[2025-04-05 18:43:34] [Information] Already connected to preferred network: Merlin Wharf
[2025-04-05 18:43:34] [Information] Waiting 29 minutes before next check...
[2025-04-05 19:12:35] [Information] Currently connected to: Merlin Wharf
[2025-04-05 19:12:35] [Information] Already connected to preferred network: Merlin Wharf
[2025-04-05 19:12:35] [Information] Waiting 14 minutes before next check...
[2025-04-05 19:26:35] [Information] Currently connected to: Merlin Wharf
[2025-04-05 19:26:35] [Information] Already connected to preferred network: Merlin Wharf
[2025-04-05 19:26:35] [Information] Waiting 12 minutes before next check...
[2025-04-05 19:38:35] [Information] Currently connected to: Merlin Wharf
[2025-04-05 19:38:35] [Information] Already connected to preferred network: Merlin Wharf
[2025-04-05 19:38:35] [Information] Waiting 18 minutes before next check...
[2025-04-05 19:56:35] [Information] Currently connected to: Merlin Wharf
[2025-04-05 19:56:35] [Information] Already connected to preferred network: Merlin Wharf
[2025-04-05 19:56:35] [Information] Waiting 25 minutes before next check...
[2025-04-05 20:21:35] [Information] Currently connected to: Merlin Wharf
[2025-04-05 20:21:35] [Information] Already connected to preferred network: Merlin Wharf
[2025-04-05 20:21:35] [Information] Waiting 14 minutes before next check...
[2025-04-05 20:35:35] [Information] Currently connected to: Merlin Wharf
[2025-04-05 20:35:35] [Information] Already connected to preferred network: Merlin Wharf
[2025-04-05 20:35:35] [Information] Waiting 26 minutes before next check...
[2025-04-05 21:01:35] [Information] Currently connected to: Merlin Wharf
[2025-04-05 21:01:35] [Information] Already connected to preferred network: Merlin Wharf
[2025-04-05 21:01:35] [Information] Waiting 20 minutes before next check...
[2025-04-05 21:21:35] [Information] Currently connected to: Merlin Wharf
[2025-04-05 21:21:35] [Information] Already connected to preferred network: Merlin Wharf
[2025-04-05 21:21:35] [Information] Waiting 28 minutes before next check...
[2025-04-05 21:49:35] [Information] Currently connected to: Merlin Wharf
[2025-04-05 21:49:35] [Information] Already connected to preferred network: Merlin Wharf
[2025-04-05 21:49:35] [Information] Waiting 19 minutes before next check...
[2025-04-05 22:08:35] [Information] Currently connected to: Merlin Wharf
[2025-04-05 22:08:35] [Information] Already connected to preferred network: Merlin Wharf
[2025-04-05 22:08:35] [Information] Waiting 27 minutes before next check...
[2025-04-05 22:35:35] [Information] Currently connected to: Merlin Wharf
[2025-04-05 22:35:35] [Information] Already connected to preferred network: Merlin Wharf
[2025-04-05 22:35:35] [Information] Waiting 21 minutes before next check...
[2025-04-05 22:56:35] [Information] Currently connected to: Merlin Wharf
[2025-04-05 22:56:35] [Information] Already connected to preferred network: Merlin Wharf
[2025-04-05 22:56:35] [Information] Waiting 10 minutes before next check...
[2025-04-05 23:06:36] [Information] Currently connected to: Merlin Wharf
[2025-04-05 23:06:36] [Information] Already connected to preferred network: Merlin Wharf
[2025-04-05 23:06:36] [Information] Waiting 18 minutes before next check...
[2025-04-05 23:24:36] [Information] Currently connected to: Merlin Wharf
[2025-04-05 23:24:36] [Information] Already connected to preferred network: Merlin Wharf
[2025-04-05 23:24:36] [Information] Waiting 21 minutes before next check...
[2025-04-05 23:45:36] [Information] Currently connected to: Merlin Wharf
[2025-04-05 23:45:36] [Information] Already connected to preferred network: Merlin Wharf
[2025-04-05 23:45:36] [Information] Waiting 15 minutes before next check...
