[2025-01-12 00:03:21] [Information] Currently connected to: Nyati_CPEPro2_5G
[2025-01-12 00:03:21] [Information] Already connected to preferred network: Nyati_CPEPro2_5G
[2025-01-12 00:03:21] [Information] Waiting 10 minutes before next check...
[2025-01-12 00:13:22] [Information] Currently connected to: Nyati_CPEPro2_5G
[2025-01-12 00:13:22] [Information] Already connected to preferred network: Nyati_CPEPro2_5G
[2025-01-12 00:13:22] [Information] Waiting 11 minutes before next check...
[2025-01-12 00:24:22] [Information] Currently connected to: Nyati_CPEPro2_5G
[2025-01-12 00:24:22] [Information] Already connected to preferred network: Nyati_CPEPro2_5G
[2025-01-12 00:24:22] [Information] Waiting 11 minutes before next check...
[2025-01-12 00:35:22] [Information] Currently connected to: Nyati_CPEPro2_5G
[2025-01-12 00:35:22] [Information] Already connected to preferred network: Nyati_CPEPro2_5G
[2025-01-12 00:35:22] [Information] Waiting 23 minutes before next check...
[2025-01-12 00:58:22] [Information] Currently connected to: Nyati_CPEPro2_5G
[2025-01-12 00:58:22] [Information] Already connected to preferred network: Nyati_CPEPro2_5G
[2025-01-12 00:58:22] [Information] Waiting 19 minutes before next check...
[2025-01-12 01:17:22] [Information] Currently connected to: Nyati_CPEPro2_5G
[2025-01-12 01:17:22] [Information] Already connected to preferred network: Nyati_CPEPro2_5G
[2025-01-12 01:17:22] [Information] Waiting 14 minutes before next check...
[2025-01-12 01:31:22] [Information] Currently connected to: Nyati_CPEPro2_5G
[2025-01-12 01:31:22] [Information] Already connected to preferred network: Nyati_CPEPro2_5G
[2025-01-12 01:31:22] [Information] Waiting 14 minutes before next check...
[2025-01-12 01:45:22] [Information] Currently connected to: Nyati_CPEPro2_5G
[2025-01-12 01:45:22] [Information] Already connected to preferred network: Nyati_CPEPro2_5G
[2025-01-12 01:45:22] [Information] Waiting 22 minutes before next check...
[2025-01-12 02:07:22] [Information] Currently connected to: Nyati_CPEPro2_5G
[2025-01-12 02:07:22] [Information] Already connected to preferred network: Nyati_CPEPro2_5G
[2025-01-12 02:07:22] [Information] Waiting 14 minutes before next check...
[2025-01-12 02:21:22] [Information] Currently connected to: Nyati_CPEPro2_5G
[2025-01-12 02:21:22] [Information] Already connected to preferred network: Nyati_CPEPro2_5G
[2025-01-12 02:21:22] [Information] Waiting 11 minutes before next check...
[2025-01-12 02:32:22] [Information] Currently connected to: Nyati_CPEPro2_5G
[2025-01-12 02:32:22] [Information] Already connected to preferred network: Nyati_CPEPro2_5G
[2025-01-12 02:32:22] [Information] Waiting 24 minutes before next check...
[2025-01-12 02:56:22] [Information] Currently connected to: Nyati_CPEPro2_5G
[2025-01-12 02:56:22] [Information] Already connected to preferred network: Nyati_CPEPro2_5G
[2025-01-12 02:56:22] [Information] Waiting 20 minutes before next check...
[2025-01-12 03:16:22] [Information] Currently connected to: Nyati_CPEPro2_5G
[2025-01-12 03:16:22] [Information] Already connected to preferred network: Nyati_CPEPro2_5G
[2025-01-12 03:16:22] [Information] Waiting 21 minutes before next check...
[2025-01-12 03:37:22] [Information] Currently connected to: Nyati_CPEPro2_5G
[2025-01-12 03:37:22] [Information] Already connected to preferred network: Nyati_CPEPro2_5G
[2025-01-12 03:37:22] [Information] Waiting 28 minutes before next check...
[2025-01-12 04:05:22] [Information] Currently connected to: Nyati_CPEPro2_5G
[2025-01-12 04:05:22] [Information] Already connected to preferred network: Nyati_CPEPro2_5G
[2025-01-12 04:05:22] [Information] Waiting 16 minutes before next check...
[2025-01-12 04:21:23] [Information] Currently connected to: Nyati_CPEPro2_5G
[2025-01-12 04:21:23] [Information] Already connected to preferred network: Nyati_CPEPro2_5G
[2025-01-12 04:21:23] [Information] Waiting 15 minutes before next check...
[2025-01-12 04:36:23] [Information] Currently connected to: Nyati_CPEPro2_5G
[2025-01-12 04:36:23] [Information] Already connected to preferred network: Nyati_CPEPro2_5G
[2025-01-12 04:36:23] [Information] Waiting 28 minutes before next check...
[2025-01-12 05:04:29] [Information] Currently connected to: Nyati_CPEPro2_5G
[2025-01-12 05:04:29] [Information] Already connected to preferred network: Nyati_CPEPro2_5G
[2025-01-12 05:04:29] [Information] Waiting 28 minutes before next check...
[2025-01-12 05:32:29] [Information] Currently connected to: Nyati_CPEPro2_5G
[2025-01-12 05:32:29] [Information] Already connected to preferred network: Nyati_CPEPro2_5G
[2025-01-12 05:32:29] [Information] Waiting 19 minutes before next check...
[2025-01-12 05:51:29] [Information] Currently connected to: Nyati_CPEPro2_5G
[2025-01-12 05:51:30] [Information] Already connected to preferred network: Nyati_CPEPro2_5G
[2025-01-12 05:51:30] [Information] Waiting 22 minutes before next check...
[2025-01-12 06:13:30] [Information] Currently connected to: Nyati_CPEPro2_5G
[2025-01-12 06:13:30] [Information] Already connected to preferred network: Nyati_CPEPro2_5G
[2025-01-12 06:13:30] [Information] Waiting 19 minutes before next check...
[2025-01-12 06:32:30] [Information] Currently connected to: Nyati_CPEPro2_5G
[2025-01-12 06:32:30] [Information] Already connected to preferred network: Nyati_CPEPro2_5G
[2025-01-12 06:32:30] [Information] Waiting 24 minutes before next check...
[2025-01-12 06:56:30] [Information] Currently connected to: Nyati_CPEPro2_5G
[2025-01-12 06:56:30] [Information] Already connected to preferred network: Nyati_CPEPro2_5G
[2025-01-12 06:56:30] [Information] Waiting 19 minutes before next check...
[2025-01-12 07:15:30] [Information] Currently connected to: Nyati_CPEPro2_5G
[2025-01-12 07:15:30] [Information] Already connected to preferred network: Nyati_CPEPro2_5G
[2025-01-12 07:15:30] [Information] Waiting 19 minutes before next check...
[2025-01-12 07:34:30] [Information] Currently connected to: Nyati_CPEPro2_5G
[2025-01-12 07:34:30] [Information] Already connected to preferred network: Nyati_CPEPro2_5G
[2025-01-12 07:34:30] [Information] Waiting 14 minutes before next check...
[2025-01-12 07:48:30] [Information] Currently connected to: Nyati_CPEPro2_5G
[2025-01-12 07:48:30] [Information] Already connected to preferred network: Nyati_CPEPro2_5G
[2025-01-12 07:48:30] [Information] Waiting 15 minutes before next check...
[2025-01-12 08:03:30] [Information] Currently connected to: Nyati_CPEPro2_5G
[2025-01-12 08:03:30] [Information] Already connected to preferred network: Nyati_CPEPro2_5G
[2025-01-12 08:03:30] [Information] Waiting 10 minutes before next check...
[2025-01-12 08:13:30] [Information] Currently connected to: Nyati_CPEPro2_5G
[2025-01-12 08:13:30] [Information] Already connected to preferred network: Nyati_CPEPro2_5G
[2025-01-12 08:13:30] [Information] Waiting 26 minutes before next check...
[2025-01-12 08:39:30] [Information] Currently connected to: Nyati_CPEPro2_5G
[2025-01-12 08:39:30] [Information] Already connected to preferred network: Nyati_CPEPro2_5G
[2025-01-12 08:39:30] [Information] Waiting 17 minutes before next check...
[2025-01-12 08:56:30] [Information] Currently connected to: Nyati_CPEPro2_5G
[2025-01-12 08:56:30] [Information] Already connected to preferred network: Nyati_CPEPro2_5G
[2025-01-12 08:56:30] [Information] Waiting 16 minutes before next check...
[2025-01-12 09:12:30] [Information] Currently connected to: Nyati_CPEPro2_5G
[2025-01-12 09:12:30] [Information] Already connected to preferred network: Nyati_CPEPro2_5G
[2025-01-12 09:12:30] [Information] Waiting 16 minutes before next check...
[2025-01-12 09:28:30] [Information] Currently connected to: Nyati_CPEPro2_5G
[2025-01-12 09:28:30] [Information] Already connected to preferred network: Nyati_CPEPro2_5G
[2025-01-12 09:28:30] [Information] Waiting 26 minutes before next check...
[2025-01-12 09:54:30] [Information] Currently connected to: Nyati_CPEPro2_5G
[2025-01-12 09:54:30] [Information] Already connected to preferred network: Nyati_CPEPro2_5G
[2025-01-12 09:54:30] [Information] Waiting 24 minutes before next check...
[2025-01-12 10:18:31] [Information] Currently connected to: Nyati_CPEPro2_5G
[2025-01-12 10:18:31] [Information] Already connected to preferred network: Nyati_CPEPro2_5G
[2025-01-12 10:18:31] [Information] Waiting 21 minutes before next check...
[2025-01-12 10:39:31] [Information] Currently connected to: Nyati_CPEPro2_5G
[2025-01-12 10:39:31] [Information] Already connected to preferred network: Nyati_CPEPro2_5G
[2025-01-12 10:39:31] [Information] Waiting 15 minutes before next check...
[2025-01-12 10:54:31] [Information] Currently connected to: Nyati_CPEPro2_5G
[2025-01-12 10:54:31] [Information] Already connected to preferred network: Nyati_CPEPro2_5G
[2025-01-12 10:54:31] [Information] Waiting 12 minutes before next check...
[2025-01-12 11:06:31] [Information] Currently connected to: Nyati_CPEPro2_5G
[2025-01-12 11:06:31] [Information] Already connected to preferred network: Nyati_CPEPro2_5G
[2025-01-12 11:06:31] [Information] Waiting 23 minutes before next check...
[2025-01-12 11:29:31] [Information] Currently connected to: Nyati_CPEPro2_5G
[2025-01-12 11:29:31] [Information] Already connected to preferred network: Nyati_CPEPro2_5G
[2025-01-12 11:29:31] [Information] Waiting 24 minutes before next check...
[2025-01-12 11:53:31] [Information] Currently connected to: Nyati_CPEPro2_5G
[2025-01-12 11:53:31] [Information] Already connected to preferred network: Nyati_CPEPro2_5G
[2025-01-12 11:53:31] [Information] Waiting 19 minutes before next check...
[2025-01-12 12:12:31] [Information] Currently connected to: Nyati_CPEPro2_5G
[2025-01-12 12:12:31] [Information] Already connected to preferred network: Nyati_CPEPro2_5G
[2025-01-12 12:12:31] [Information] Waiting 12 minutes before next check...
[2025-01-12 12:24:31] [Information] Currently connected to: Nyati_CPEPro2_5G
[2025-01-12 12:24:31] [Information] Already connected to preferred network: Nyati_CPEPro2_5G
[2025-01-12 12:24:31] [Information] Waiting 21 minutes before next check...
[2025-01-12 12:45:31] [Information] Currently connected to: Nyati_CPEPro2_5G
[2025-01-12 12:45:31] [Information] Already connected to preferred network: Nyati_CPEPro2_5G
[2025-01-12 12:45:31] [Information] Waiting 17 minutes before next check...
[2025-01-12 13:02:31] [Information] Currently connected to: Nyati_CPEPro2_5G
[2025-01-12 13:02:31] [Information] Already connected to preferred network: Nyati_CPEPro2_5G
[2025-01-12 13:02:31] [Information] Waiting 15 minutes before next check...
[2025-01-12 13:17:31] [Information] Currently connected to: Nyati_CPEPro2_5G
[2025-01-12 13:17:31] [Information] Already connected to preferred network: Nyati_CPEPro2_5G
[2025-01-12 13:17:31] [Information] Waiting 27 minutes before next check...
[2025-01-12 13:44:31] [Information] Currently connected to: Nyati_CPEPro2_5G
[2025-01-12 13:44:31] [Information] Already connected to preferred network: Nyati_CPEPro2_5G
[2025-01-12 13:44:31] [Information] Waiting 28 minutes before next check...
[2025-01-12 14:12:31] [Information] Currently connected to: Nyati_CPEPro2_5G
[2025-01-12 14:12:31] [Information] Already connected to preferred network: Nyati_CPEPro2_5G
[2025-01-12 14:12:31] [Information] Waiting 25 minutes before next check...
[2025-01-12 14:37:31] [Information] Currently connected to: Nyati_CPEPro2_5G
[2025-01-12 14:37:31] [Information] Already connected to preferred network: Nyati_CPEPro2_5G
[2025-01-12 14:37:31] [Information] Waiting 16 minutes before next check...
[2025-01-12 14:53:32] [Information] Currently connected to: Nyati_CPEPro2_5G
[2025-01-12 14:53:32] [Information] Already connected to preferred network: Nyati_CPEPro2_5G
[2025-01-12 14:53:32] [Information] Waiting 12 minutes before next check...
[2025-01-12 15:05:32] [Information] Currently connected to: Nyati_CPEPro2_5G
[2025-01-12 15:05:32] [Information] Already connected to preferred network: Nyati_CPEPro2_5G
[2025-01-12 15:05:32] [Information] Waiting 14 minutes before next check...
[2025-01-12 15:19:32] [Information] Currently connected to: Nyati_CPEPro2_5G
[2025-01-12 15:19:32] [Information] Already connected to preferred network: Nyati_CPEPro2_5G
[2025-01-12 15:19:32] [Information] Waiting 11 minutes before next check...
[2025-01-12 15:30:32] [Information] Currently connected to: Nyati_CPEPro2_5G
[2025-01-12 15:30:32] [Information] Already connected to preferred network: Nyati_CPEPro2_5G
[2025-01-12 15:30:32] [Information] Waiting 15 minutes before next check...
[2025-01-12 15:45:32] [Information] Currently connected to: Nyati_CPEPro2_5G
[2025-01-12 15:45:32] [Information] Already connected to preferred network: Nyati_CPEPro2_5G
[2025-01-12 15:45:32] [Information] Waiting 13 minutes before next check...
[2025-01-12 15:58:32] [Information] Currently connected to: Nyati_CPEPro2_5G
[2025-01-12 15:58:32] [Information] Already connected to preferred network: Nyati_CPEPro2_5G
[2025-01-12 15:58:32] [Information] Waiting 17 minutes before next check...
[2025-01-12 16:15:32] [Information] Currently connected to: Nyati_CPEPro2_5G
[2025-01-12 16:15:32] [Information] Already connected to preferred network: Nyati_CPEPro2_5G
[2025-01-12 16:15:32] [Information] Waiting 27 minutes before next check...
[2025-01-12 16:42:32] [Information] Currently connected to: Nyati_CPEPro2_5G
[2025-01-12 16:42:32] [Information] Already connected to preferred network: Nyati_CPEPro2_5G
[2025-01-12 16:42:32] [Information] Waiting 25 minutes before next check...
[2025-01-12 17:07:32] [Information] Currently connected to: Nyati_CPEPro2_5G
[2025-01-12 17:07:32] [Information] Already connected to preferred network: Nyati_CPEPro2_5G
[2025-01-12 17:07:32] [Information] Waiting 22 minutes before next check...
[2025-01-12 17:29:32] [Information] Currently connected to: Nyati_CPEPro2_5G
[2025-01-12 17:29:32] [Information] Already connected to preferred network: Nyati_CPEPro2_5G
[2025-01-12 17:29:32] [Information] Waiting 20 minutes before next check...
[2025-01-12 17:49:32] [Information] Currently connected to: Nyati_CPEPro2_5G
[2025-01-12 17:49:32] [Information] Already connected to preferred network: Nyati_CPEPro2_5G
[2025-01-12 17:49:32] [Information] Waiting 16 minutes before next check...
[2025-01-12 18:05:32] [Information] Currently connected to: Nyati_CPEPro2_5G
[2025-01-12 18:05:32] [Information] Already connected to preferred network: Nyati_CPEPro2_5G
[2025-01-12 18:05:32] [Information] Waiting 21 minutes before next check...
[2025-01-12 18:26:32] [Information] Currently connected to: Nyati_CPEPro2_5G
[2025-01-12 18:26:32] [Information] Already connected to preferred network: Nyati_CPEPro2_5G
[2025-01-12 18:26:32] [Information] Waiting 26 minutes before next check...
[2025-01-12 18:52:32] [Information] Currently connected to: Nyati_CPEPro2_5G
[2025-01-12 18:52:32] [Information] Already connected to preferred network: Nyati_CPEPro2_5G
[2025-01-12 18:52:32] [Information] Waiting 12 minutes before next check...
[2025-01-12 19:04:33] [Information] Currently connected to: Nyati_CPEPro2_5G
[2025-01-12 19:04:33] [Information] Already connected to preferred network: Nyati_CPEPro2_5G
[2025-01-12 19:04:33] [Information] Waiting 13 minutes before next check...
[2025-01-12 19:17:33] [Information] Currently connected to: Nyati_CPEPro2_5G
[2025-01-12 19:17:33] [Information] Already connected to preferred network: Nyati_CPEPro2_5G
[2025-01-12 19:17:33] [Information] Waiting 23 minutes before next check...
[2025-01-12 19:40:33] [Information] Currently connected to: Nyati_CPEPro2_5G
[2025-01-12 19:40:33] [Information] Already connected to preferred network: Nyati_CPEPro2_5G
[2025-01-12 19:40:33] [Information] Waiting 19 minutes before next check...
[2025-01-12 19:59:33] [Information] Currently connected to: Nyati_CPEPro2_5G
[2025-01-12 19:59:33] [Information] Already connected to preferred network: Nyati_CPEPro2_5G
[2025-01-12 19:59:33] [Information] Waiting 14 minutes before next check...
[2025-01-12 20:13:33] [Information] Currently connected to: Nyati_CPEPro2_5G
[2025-01-12 20:13:33] [Information] Already connected to preferred network: Nyati_CPEPro2_5G
[2025-01-12 20:13:33] [Information] Waiting 18 minutes before next check...
[2025-01-12 20:31:33] [Information] Currently connected to: Nyati_CPEPro2_5G
[2025-01-12 20:31:33] [Information] Already connected to preferred network: Nyati_CPEPro2_5G
[2025-01-12 20:31:33] [Information] Waiting 22 minutes before next check...
[2025-01-12 20:53:33] [Information] Currently connected to: Nyati_CPEPro2_5G
[2025-01-12 20:53:33] [Information] Already connected to preferred network: Nyati_CPEPro2_5G
[2025-01-12 20:53:33] [Information] Waiting 17 minutes before next check...
[2025-01-12 21:10:33] [Information] Currently connected to: Nyati_CPEPro2_5G
[2025-01-12 21:10:33] [Information] Already connected to preferred network: Nyati_CPEPro2_5G
[2025-01-12 21:10:33] [Information] Waiting 23 minutes before next check...
[2025-01-12 21:33:33] [Information] Currently connected to: Nyati_CPEPro2_5G
[2025-01-12 21:33:33] [Information] Already connected to preferred network: Nyati_CPEPro2_5G
[2025-01-12 21:33:33] [Information] Waiting 15 minutes before next check...
[2025-01-12 21:48:33] [Information] Currently connected to: Nyati_CPEPro2_5G
[2025-01-12 21:48:33] [Information] Already connected to preferred network: Nyati_CPEPro2_5G
[2025-01-12 21:48:33] [Information] Waiting 17 minutes before next check...
[2025-01-12 22:05:33] [Information] Currently connected to: Nyati_CPEPro2_5G
[2025-01-12 22:05:33] [Information] Already connected to preferred network: Nyati_CPEPro2_5G
[2025-01-12 22:05:33] [Information] Waiting 16 minutes before next check...
[2025-01-12 22:21:33] [Information] Currently connected to: Nyati_CPEPro2_5G
[2025-01-12 22:21:33] [Information] Already connected to preferred network: Nyati_CPEPro2_5G
[2025-01-12 22:21:33] [Information] Waiting 18 minutes before next check...
[2025-01-12 22:39:33] [Information] Currently connected to: Nyati_CPEPro2_5G
[2025-01-12 22:39:33] [Information] Already connected to preferred network: Nyati_CPEPro2_5G
[2025-01-12 22:39:33] [Information] Waiting 21 minutes before next check...
[2025-01-12 23:00:34] [Information] Currently connected to: Nyati_CPEPro2_5G
[2025-01-12 23:00:34] [Information] Already connected to preferred network: Nyati_CPEPro2_5G
[2025-01-12 23:00:34] [Information] Waiting 19 minutes before next check...
[2025-01-12 23:19:34] [Information] Currently connected to: Nyati_CPEPro2_5G
[2025-01-12 23:19:34] [Information] Already connected to preferred network: Nyati_CPEPro2_5G
[2025-01-12 23:19:34] [Information] Waiting 12 minutes before next check...
[2025-01-12 23:31:34] [Information] Currently connected to: Nyati_CPEPro2_5G
[2025-01-12 23:31:34] [Information] Already connected to preferred network: Nyati_CPEPro2_5G
[2025-01-12 23:31:34] [Information] Waiting 11 minutes before next check...
[2025-01-12 23:42:34] [Information] Currently connected to: Serengeti_2.4G
[2025-01-12 23:42:34] [Information] Scanning for preferred networks...
[2025-01-12 23:42:34] [Information] Found 13 networks
[2025-01-12 23:42:34] [Information] Attempting to connect to Nyati_CPEPro2_5G
[2025-01-12 23:42:39] [Information] Currently connected to: Nyati_CPEPro2_5G
[2025-01-12 23:42:39] [Information] Successfully connected to Nyati_CPEPro2_5G
[2025-01-12 23:42:39] [Information] Waiting 24 minutes before next check...
