[2025-01-02 00:05:05] [Information] Currently connected to: Merlin Wharf
[2025-01-02 00:05:05] [Information] Already connected to preferred network: Merlin Wharf
[2025-01-02 00:05:05] [Information] Waiting 24 minutes before next check...
[2025-01-02 00:29:06] [Information] Currently connected to: Merlin Wharf
[2025-01-02 00:29:06] [Information] Already connected to preferred network: Merlin Wharf
[2025-01-02 00:29:06] [Information] Waiting 28 minutes before next check...
[2025-01-02 00:57:06] [Information] Currently connected to: Merlin Wharf
[2025-01-02 00:57:06] [Information] Already connected to preferred network: Merlin Wharf
[2025-01-02 00:57:06] [Information] Waiting 24 minutes before next check...
[2025-01-02 01:21:06] [Information] Currently connected to: Merlin Wharf
[2025-01-02 01:21:06] [Information] Already connected to preferred network: Merlin Wharf
[2025-01-02 01:21:06] [Information] Waiting 18 minutes before next check...
[2025-01-02 01:39:06] [Information] Currently connected to: Merlin Wharf
[2025-01-02 01:39:06] [Information] Already connected to preferred network: Merlin Wharf
[2025-01-02 01:39:06] [Information] Waiting 25 minutes before next check...
[2025-01-02 02:04:06] [Information] Currently connected to: Merlin Wharf
[2025-01-02 02:04:06] [Information] Already connected to preferred network: Merlin Wharf
[2025-01-02 02:04:06] [Information] Waiting 16 minutes before next check...
[2025-01-02 02:20:06] [Information] Currently connected to: Merlin Wharf
[2025-01-02 02:20:06] [Information] Already connected to preferred network: Merlin Wharf
[2025-01-02 02:20:06] [Information] Waiting 20 minutes before next check...
[2025-01-02 02:40:06] [Information] Currently connected to: Merlin Wharf
[2025-01-02 02:40:06] [Information] Already connected to preferred network: Merlin Wharf
[2025-01-02 02:40:06] [Information] Waiting 16 minutes before next check...
[2025-01-02 02:56:06] [Information] Currently connected to: Merlin Wharf
[2025-01-02 02:56:06] [Information] Already connected to preferred network: Merlin Wharf
[2025-01-02 02:56:06] [Information] Waiting 19 minutes before next check...
[2025-01-02 03:15:06] [Information] Currently connected to: Merlin Wharf
[2025-01-02 03:15:06] [Information] Already connected to preferred network: Merlin Wharf
[2025-01-02 03:15:06] [Information] Waiting 18 minutes before next check...
[2025-01-02 03:33:06] [Information] Currently connected to: Merlin Wharf
[2025-01-02 03:33:06] [Information] Already connected to preferred network: Merlin Wharf
[2025-01-02 03:33:06] [Information] Waiting 23 minutes before next check...
[2025-01-02 03:56:06] [Information] Currently connected to: Merlin Wharf
[2025-01-02 03:56:06] [Information] Already connected to preferred network: Merlin Wharf
[2025-01-02 03:56:06] [Information] Waiting 10 minutes before next check...
[2025-01-02 04:06:06] [Information] Currently connected to: Merlin Wharf
[2025-01-02 04:06:06] [Information] Already connected to preferred network: Merlin Wharf
[2025-01-02 04:06:06] [Information] Waiting 19 minutes before next check...
[2025-01-02 04:25:06] [Information] Currently connected to: Merlin Wharf
[2025-01-02 04:25:06] [Information] Already connected to preferred network: Merlin Wharf
[2025-01-02 04:25:06] [Information] Waiting 24 minutes before next check...
[2025-01-02 04:49:07] [Information] Currently connected to: Merlin Wharf
[2025-01-02 04:49:07] [Information] Already connected to preferred network: Merlin Wharf
[2025-01-02 04:49:07] [Information] Waiting 14 minutes before next check...
[2025-01-02 05:03:13] [Information] Currently connected to: Merlin Wharf
[2025-01-02 05:03:13] [Information] Already connected to preferred network: Merlin Wharf
[2025-01-02 05:03:13] [Information] Waiting 14 minutes before next check...
[2025-01-02 05:17:13] [Information] Currently connected to: Merlin Wharf
[2025-01-02 05:17:13] [Information] Already connected to preferred network: Merlin Wharf
[2025-01-02 05:17:13] [Information] Waiting 19 minutes before next check...
[2025-01-02 05:36:14] [Information] Currently connected to: Merlin Wharf
[2025-01-02 05:36:14] [Information] Already connected to preferred network: Merlin Wharf
[2025-01-02 05:36:14] [Information] Waiting 25 minutes before next check...
[2025-01-02 06:01:14] [Information] Currently connected to: Merlin Wharf
[2025-01-02 06:01:14] [Information] Already connected to preferred network: Merlin Wharf
[2025-01-02 06:01:14] [Information] Waiting 10 minutes before next check...
[2025-01-02 06:11:14] [Information] Currently connected to: Merlin Wharf
[2025-01-02 06:11:14] [Information] Already connected to preferred network: Merlin Wharf
[2025-01-02 06:11:14] [Information] Waiting 27 minutes before next check...
[2025-01-02 06:38:14] [Information] Currently connected to: Merlin Wharf
[2025-01-02 06:38:14] [Information] Already connected to preferred network: Merlin Wharf
[2025-01-02 06:38:14] [Information] Waiting 27 minutes before next check...
[2025-01-02 07:05:14] [Information] Currently connected to: Merlin Wharf
[2025-01-02 07:05:14] [Information] Already connected to preferred network: Merlin Wharf
[2025-01-02 07:05:14] [Information] Waiting 19 minutes before next check...
[2025-01-02 07:24:14] [Information] Currently connected to: Merlin Wharf
[2025-01-02 07:24:14] [Information] Already connected to preferred network: Merlin Wharf
[2025-01-02 07:24:14] [Information] Waiting 23 minutes before next check...
[2025-01-02 07:47:14] [Information] Currently connected to: Merlin Wharf
[2025-01-02 07:47:14] [Information] Already connected to preferred network: Merlin Wharf
[2025-01-02 07:47:14] [Information] Waiting 23 minutes before next check...
[2025-01-02 08:10:14] [Information] Currently connected to: Merlin Wharf
[2025-01-02 08:10:14] [Information] Already connected to preferred network: Merlin Wharf
[2025-01-02 08:10:14] [Information] Waiting 23 minutes before next check...
[2025-01-02 08:33:14] [Information] Currently connected to: Merlin Wharf
[2025-01-02 08:33:14] [Information] Already connected to preferred network: Merlin Wharf
[2025-01-02 08:33:14] [Information] Waiting 14 minutes before next check...
[2025-01-02 08:47:14] [Information] Currently connected to: Merlin Wharf
[2025-01-02 08:47:14] [Information] Already connected to preferred network: Merlin Wharf
[2025-01-02 08:47:14] [Information] Waiting 11 minutes before next check...
[2025-01-02 08:58:14] [Information] Currently connected to: Merlin Wharf
[2025-01-02 08:58:14] [Information] Already connected to preferred network: Merlin Wharf
[2025-01-02 08:58:14] [Information] Waiting 15 minutes before next check...
[2025-01-02 09:13:14] [Information] Currently connected to: Merlin Wharf
[2025-01-02 09:13:14] [Information] Already connected to preferred network: Merlin Wharf
[2025-01-02 09:13:14] [Information] Waiting 27 minutes before next check...
[2025-01-02 09:40:14] [Information] Currently connected to: Merlin Wharf
[2025-01-02 09:40:14] [Information] Already connected to preferred network: Merlin Wharf
[2025-01-02 09:40:14] [Information] Waiting 22 minutes before next check...
[2025-01-02 10:02:15] [Information] Currently connected to: Merlin Wharf
[2025-01-02 10:02:15] [Information] Already connected to preferred network: Merlin Wharf
[2025-01-02 10:02:15] [Information] Waiting 29 minutes before next check...
[2025-01-02 10:31:15] [Information] Currently connected to: Merlin Wharf
[2025-01-02 10:31:15] [Information] Already connected to preferred network: Merlin Wharf
[2025-01-02 10:31:15] [Information] Waiting 17 minutes before next check...
[2025-01-02 10:48:15] [Information] Currently connected to: Merlin Wharf
[2025-01-02 10:48:15] [Information] Already connected to preferred network: Merlin Wharf
[2025-01-02 10:48:15] [Information] Waiting 28 minutes before next check...
[2025-01-02 11:16:15] [Information] Currently connected to: Merlin Wharf
[2025-01-02 11:16:15] [Information] Already connected to preferred network: Merlin Wharf
[2025-01-02 11:16:15] [Information] Waiting 14 minutes before next check...
[2025-01-02 11:30:15] [Information] Currently connected to: Merlin Wharf
[2025-01-02 11:30:15] [Information] Already connected to preferred network: Merlin Wharf
[2025-01-02 11:30:15] [Information] Waiting 19 minutes before next check...
[2025-01-02 11:49:15] [Information] Currently connected to: Merlin Wharf
[2025-01-02 11:49:15] [Information] Already connected to preferred network: Merlin Wharf
[2025-01-02 11:49:15] [Information] Waiting 24 minutes before next check...
[2025-01-02 12:13:15] [Information] Currently connected to: Merlin Wharf
[2025-01-02 12:13:15] [Information] Already connected to preferred network: Merlin Wharf
[2025-01-02 12:13:15] [Information] Waiting 16 minutes before next check...
[2025-01-02 12:29:15] [Information] Currently connected to: Merlin Wharf
[2025-01-02 12:29:15] [Information] Already connected to preferred network: Merlin Wharf
[2025-01-02 12:29:15] [Information] Waiting 21 minutes before next check...
[2025-01-02 12:50:15] [Information] Currently connected to: Merlin Wharf
[2025-01-02 12:50:15] [Information] Already connected to preferred network: Merlin Wharf
[2025-01-02 12:50:15] [Information] Waiting 22 minutes before next check...
[2025-01-02 13:12:15] [Information] Currently connected to: Merlin Wharf
[2025-01-02 13:12:15] [Information] Already connected to preferred network: Merlin Wharf
[2025-01-02 13:12:15] [Information] Waiting 23 minutes before next check...
[2025-01-02 13:35:15] [Information] Currently connected to: Merlin Wharf
[2025-01-02 13:35:15] [Information] Already connected to preferred network: Merlin Wharf
[2025-01-02 13:35:15] [Information] Waiting 10 minutes before next check...
[2025-01-02 13:45:15] [Information] Currently connected to: Merlin Wharf
[2025-01-02 13:45:15] [Information] Already connected to preferred network: Merlin Wharf
[2025-01-02 13:45:15] [Information] Waiting 27 minutes before next check...
[2025-01-02 14:12:15] [Information] Currently connected to: Merlin Wharf
[2025-01-02 14:12:15] [Information] Already connected to preferred network: Merlin Wharf
[2025-01-02 14:12:16] [Information] Waiting 18 minutes before next check...
[2025-01-02 14:30:16] [Information] Currently connected to: Merlin Wharf
[2025-01-02 14:30:16] [Information] Already connected to preferred network: Merlin Wharf
[2025-01-02 14:30:16] [Information] Waiting 26 minutes before next check...
[2025-01-02 14:56:16] [Information] Currently connected to: Merlin Wharf
[2025-01-02 14:56:16] [Information] Already connected to preferred network: Merlin Wharf
[2025-01-02 14:56:16] [Information] Waiting 18 minutes before next check...
[2025-01-02 15:14:16] [Information] Currently connected to: Merlin Wharf
[2025-01-02 15:14:16] [Information] Already connected to preferred network: Merlin Wharf
[2025-01-02 15:14:16] [Information] Waiting 12 minutes before next check...
[2025-01-02 15:26:16] [Information] Currently connected to: Merlin Wharf
[2025-01-02 15:26:16] [Information] Already connected to preferred network: Merlin Wharf
[2025-01-02 15:26:16] [Information] Waiting 19 minutes before next check...
[2025-01-02 15:45:16] [Information] Currently connected to: Merlin Wharf
[2025-01-02 15:45:16] [Information] Already connected to preferred network: Merlin Wharf
[2025-01-02 15:45:16] [Information] Waiting 10 minutes before next check...
[2025-01-02 15:55:16] [Information] Currently connected to: Merlin Wharf
[2025-01-02 15:55:16] [Information] Already connected to preferred network: Merlin Wharf
[2025-01-02 15:55:16] [Information] Waiting 12 minutes before next check...
[2025-01-02 16:07:16] [Information] Currently connected to: Merlin Wharf
[2025-01-02 16:07:16] [Information] Already connected to preferred network: Merlin Wharf
[2025-01-02 16:07:16] [Information] Waiting 28 minutes before next check...
[2025-01-02 16:35:16] [Information] Currently connected to: Merlin Wharf
[2025-01-02 16:35:16] [Information] Already connected to preferred network: Merlin Wharf
[2025-01-02 16:35:16] [Information] Waiting 13 minutes before next check...
[2025-01-02 16:48:16] [Warning] No current WiFi connection
[2025-01-02 16:48:16] [Information] Scanning for preferred networks...
[2025-01-02 16:48:16] [Information] Found 5 networks
[2025-01-02 16:48:16] [Information] Attempting to connect to Merlin Wharf
[2025-01-02 16:48:21] [Information] Currently connected to: Merlin Wharf
[2025-01-02 16:48:21] [Information] Successfully connected to Merlin Wharf
[2025-01-02 16:48:21] [Information] Waiting 22 minutes before next check...
[2025-01-02 17:10:22] [Information] Currently connected to: Merlin Wharf
[2025-01-02 17:10:22] [Information] Already connected to preferred network: Merlin Wharf
[2025-01-02 17:10:22] [Information] Waiting 14 minutes before next check...
[2025-01-02 17:24:22] [Information] Currently connected to: Merlin Wharf
[2025-01-02 17:24:22] [Information] Already connected to preferred network: Merlin Wharf
[2025-01-02 17:24:22] [Information] Waiting 26 minutes before next check...
[2025-01-02 17:50:22] [Information] Currently connected to: Merlin Wharf
[2025-01-02 17:50:22] [Information] Already connected to preferred network: Merlin Wharf
[2025-01-02 17:50:22] [Information] Waiting 17 minutes before next check...
[2025-01-02 18:07:22] [Information] Currently connected to: Merlin Wharf
[2025-01-02 18:07:22] [Information] Already connected to preferred network: Merlin Wharf
[2025-01-02 18:07:22] [Information] Waiting 21 minutes before next check...
[2025-01-02 18:28:22] [Information] Currently connected to: Merlin Wharf
[2025-01-02 18:28:22] [Information] Already connected to preferred network: Merlin Wharf
[2025-01-02 18:28:22] [Information] Waiting 12 minutes before next check...
[2025-01-02 18:40:22] [Information] Currently connected to: Merlin Wharf
[2025-01-02 18:40:22] [Information] Already connected to preferred network: Merlin Wharf
[2025-01-02 18:40:22] [Information] Waiting 15 minutes before next check...
[2025-01-02 18:55:22] [Information] Currently connected to: Merlin Wharf
[2025-01-02 18:55:22] [Information] Already connected to preferred network: Merlin Wharf
[2025-01-02 18:55:22] [Information] Waiting 21 minutes before next check...
[2025-01-02 19:16:22] [Information] Currently connected to: Merlin Wharf
[2025-01-02 19:16:22] [Information] Already connected to preferred network: Merlin Wharf
[2025-01-02 19:16:22] [Information] Waiting 24 minutes before next check...
[2025-01-02 19:40:22] [Information] Currently connected to: Merlin Wharf
[2025-01-02 19:40:22] [Information] Already connected to preferred network: Merlin Wharf
[2025-01-02 19:40:22] [Information] Waiting 15 minutes before next check...
[2025-01-02 19:55:22] [Information] Currently connected to: Merlin Wharf
[2025-01-02 19:55:22] [Information] Already connected to preferred network: Merlin Wharf
[2025-01-02 19:55:22] [Information] Waiting 28 minutes before next check...
[2025-01-02 20:23:22] [Information] Currently connected to: Merlin Wharf
[2025-01-02 20:23:22] [Information] Already connected to preferred network: Merlin Wharf
[2025-01-02 20:23:22] [Information] Waiting 11 minutes before next check...
[2025-01-02 20:34:22] [Information] Currently connected to: Merlin Wharf
[2025-01-02 20:34:22] [Information] Already connected to preferred network: Merlin Wharf
[2025-01-02 20:34:22] [Information] Waiting 26 minutes before next check...
[2025-01-02 21:00:22] [Information] Currently connected to: Merlin Wharf
[2025-01-02 21:00:22] [Information] Already connected to preferred network: Merlin Wharf
[2025-01-02 21:00:22] [Information] Waiting 19 minutes before next check...
[2025-01-02 21:19:22] [Information] Currently connected to: Merlin Wharf
[2025-01-02 21:19:22] [Information] Already connected to preferred network: Merlin Wharf
[2025-01-02 21:19:22] [Information] Waiting 10 minutes before next check...
[2025-01-02 21:29:23] [Information] Currently connected to: Merlin Wharf
[2025-01-02 21:29:23] [Information] Already connected to preferred network: Merlin Wharf
[2025-01-02 21:29:23] [Information] Waiting 16 minutes before next check...
[2025-01-02 21:45:23] [Information] Currently connected to: Merlin Wharf
[2025-01-02 21:45:23] [Information] Already connected to preferred network: Merlin Wharf
[2025-01-02 21:45:23] [Information] Waiting 18 minutes before next check...
[2025-01-02 22:03:23] [Information] Currently connected to: Merlin Wharf
[2025-01-02 22:03:23] [Information] Already connected to preferred network: Merlin Wharf
[2025-01-02 22:03:23] [Information] Waiting 10 minutes before next check...
[2025-01-02 22:13:23] [Information] Currently connected to: Merlin Wharf
[2025-01-02 22:13:23] [Information] Already connected to preferred network: Merlin Wharf
[2025-01-02 22:13:23] [Information] Waiting 15 minutes before next check...
[2025-01-02 22:28:23] [Information] Currently connected to: Merlin Wharf
[2025-01-02 22:28:23] [Information] Already connected to preferred network: Merlin Wharf
[2025-01-02 22:28:23] [Information] Waiting 13 minutes before next check...
[2025-01-02 22:41:23] [Information] Currently connected to: Merlin Wharf
[2025-01-02 22:41:23] [Information] Already connected to preferred network: Merlin Wharf
[2025-01-02 22:41:23] [Information] Waiting 11 minutes before next check...
[2025-01-02 22:52:23] [Information] Currently connected to: Merlin Wharf
[2025-01-02 22:52:23] [Information] Already connected to preferred network: Merlin Wharf
[2025-01-02 22:52:23] [Information] Waiting 11 minutes before next check...
[2025-01-02 23:03:23] [Information] Currently connected to: Merlin Wharf
[2025-01-02 23:03:23] [Information] Already connected to preferred network: Merlin Wharf
[2025-01-02 23:03:23] [Information] Waiting 18 minutes before next check...
[2025-01-02 23:21:23] [Information] Currently connected to: Merlin Wharf
[2025-01-02 23:21:23] [Information] Already connected to preferred network: Merlin Wharf
[2025-01-02 23:21:23] [Information] Waiting 14 minutes before next check...
[2025-01-02 23:35:23] [Information] Currently connected to: Merlin Wharf
[2025-01-02 23:35:23] [Information] Already connected to preferred network: Merlin Wharf
[2025-01-02 23:35:23] [Information] Waiting 26 minutes before next check...
