[2025-01-22 06:30:35] [Information] Successfully registered scheduled task
[2025-01-22 06:30:35] [Information] WiFi connection manager started
[2025-01-22 06:30:36] [Information] Currently connected to: HellsGate-5.0G
[2025-01-22 06:30:36] [Information] Already connected to preferred network: HellsGate-5.0G
[2025-01-22 06:30:36] [Information] Waiting 24 minutes before next check...
[2025-01-22 06:54:36] [Information] Currently connected to: HellsGate-5.0G
[2025-01-22 06:54:36] [Information] Already connected to preferred network: HellsGate-5.0G
[2025-01-22 06:54:36] [Information] Waiting 14 minutes before next check...
[2025-01-22 07:08:36] [Information] Currently connected to: HellsGate-5.0G
[2025-01-22 07:08:36] [Information] Already connected to preferred network: HellsGate-5.0G
[2025-01-22 07:08:36] [Information] Waiting 22 minutes before next check...
[2025-01-22 07:30:36] [Information] Currently connected to: HellsGate-5.0G
[2025-01-22 07:30:36] [Information] Already connected to preferred network: HellsGate-5.0G
[2025-01-22 07:30:36] [Information] Waiting 22 minutes before next check...
[2025-01-22 07:52:36] [Information] Currently connected to: HellsGate-5.0G
[2025-01-22 07:52:36] [Information] Already connected to preferred network: HellsGate-5.0G
[2025-01-22 07:52:36] [Information] Waiting 19 minutes before next check...
[2025-01-22 08:11:36] [Information] Currently connected to: HellsGate-5.0G
[2025-01-22 08:11:36] [Information] Already connected to preferred network: HellsGate-5.0G
[2025-01-22 08:11:36] [Information] Waiting 25 minutes before next check...
[2025-01-22 08:36:36] [Information] Currently connected to: HellsGate-5.0G
[2025-01-22 08:36:36] [Information] Already connected to preferred network: HellsGate-5.0G
[2025-01-22 08:36:36] [Information] Waiting 22 minutes before next check...
[2025-01-22 08:58:36] [Information] Currently connected to: HellsGate-5.0G
[2025-01-22 08:58:36] [Information] Already connected to preferred network: HellsGate-5.0G
[2025-01-22 08:58:36] [Information] Waiting 24 minutes before next check...
[2025-01-22 09:22:36] [Information] Currently connected to: HellsGate-5.0G
[2025-01-22 09:22:36] [Information] Already connected to preferred network: HellsGate-5.0G
[2025-01-22 09:22:36] [Information] Waiting 11 minutes before next check...
[2025-01-22 09:33:36] [Information] Currently connected to: HellsGate-5.0G
[2025-01-22 09:33:36] [Information] Already connected to preferred network: HellsGate-5.0G
[2025-01-22 09:33:36] [Information] Waiting 25 minutes before next check...
[2025-01-22 09:58:37] [Information] Currently connected to: HellsGate-5.0G
[2025-01-22 09:58:37] [Information] Already connected to preferred network: HellsGate-5.0G
[2025-01-22 09:58:37] [Information] Waiting 22 minutes before next check...
[2025-01-22 10:20:37] [Information] Currently connected to: HellsGate-5.0G
[2025-01-22 10:20:37] [Information] Already connected to preferred network: HellsGate-5.0G
[2025-01-22 10:20:37] [Information] Waiting 25 minutes before next check...
[2025-01-22 10:45:37] [Information] Currently connected to: HellsGate-5.0G
[2025-01-22 10:45:37] [Information] Already connected to preferred network: HellsGate-5.0G
[2025-01-22 10:45:37] [Information] Waiting 11 minutes before next check...
[2025-01-22 10:56:37] [Information] Currently connected to: HellsGate-5.0G
[2025-01-22 10:56:37] [Information] Already connected to preferred network: HellsGate-5.0G
[2025-01-22 10:56:37] [Information] Waiting 28 minutes before next check...
[2025-01-22 11:24:37] [Information] Currently connected to: HellsGate-5.0G
[2025-01-22 11:24:37] [Information] Already connected to preferred network: HellsGate-5.0G
[2025-01-22 11:24:37] [Information] Waiting 18 minutes before next check...
[2025-01-22 11:42:37] [Information] Currently connected to: HellsGate-5.0G
[2025-01-22 11:42:37] [Information] Already connected to preferred network: HellsGate-5.0G
[2025-01-22 11:42:37] [Information] Waiting 12 minutes before next check...
[2025-01-22 11:54:37] [Information] Currently connected to: HellsGate-5.0G
[2025-01-22 11:54:37] [Information] Already connected to preferred network: HellsGate-5.0G
[2025-01-22 11:54:37] [Information] Waiting 26 minutes before next check...
[2025-01-22 12:20:37] [Information] Currently connected to: HellsGate-5.0G
[2025-01-22 12:20:37] [Information] Already connected to preferred network: HellsGate-5.0G
[2025-01-22 12:20:37] [Information] Waiting 17 minutes before next check...
[2025-01-22 12:37:37] [Information] Currently connected to: HellsGate-5.0G
[2025-01-22 12:37:37] [Information] Already connected to preferred network: HellsGate-5.0G
[2025-01-22 12:37:37] [Information] Waiting 10 minutes before next check...
[2025-01-22 12:47:37] [Information] Currently connected to: HellsGate-5.0G
[2025-01-22 12:47:37] [Information] Already connected to preferred network: HellsGate-5.0G
[2025-01-22 12:47:37] [Information] Waiting 23 minutes before next check...
[2025-01-22 13:10:37] [Information] Currently connected to: HellsGate-5.0G
[2025-01-22 13:10:37] [Information] Already connected to preferred network: HellsGate-5.0G
[2025-01-22 13:10:37] [Information] Waiting 28 minutes before next check...
[2025-01-22 13:38:38] [Information] Currently connected to: HellsGate-5.0G
[2025-01-22 13:38:38] [Information] Already connected to preferred network: HellsGate-5.0G
[2025-01-22 13:38:38] [Information] Waiting 22 minutes before next check...
[2025-01-22 14:00:38] [Information] Currently connected to: HellsGate-5.0G
[2025-01-22 14:00:38] [Information] Already connected to preferred network: HellsGate-5.0G
[2025-01-22 14:00:38] [Information] Waiting 13 minutes before next check...
[2025-01-22 14:13:38] [Information] Currently connected to: HellsGate-5.0G
[2025-01-22 14:13:38] [Information] Already connected to preferred network: HellsGate-5.0G
[2025-01-22 14:13:38] [Information] Waiting 21 minutes before next check...
[2025-01-22 14:34:38] [Information] Currently connected to: HellsGate-5.0G
[2025-01-22 14:34:38] [Information] Already connected to preferred network: HellsGate-5.0G
[2025-01-22 14:34:38] [Information] Waiting 22 minutes before next check...
[2025-01-22 14:56:38] [Information] Currently connected to: HellsGate-5.0G
[2025-01-22 14:56:38] [Information] Already connected to preferred network: HellsGate-5.0G
[2025-01-22 14:56:38] [Information] Waiting 29 minutes before next check...
[2025-01-22 15:25:38] [Information] Currently connected to: HellsGate-5.0G
[2025-01-22 15:25:38] [Information] Already connected to preferred network: HellsGate-5.0G
[2025-01-22 15:25:38] [Information] Waiting 29 minutes before next check...
[2025-01-22 15:54:38] [Information] Currently connected to: HellsGate-5.0G
[2025-01-22 15:54:38] [Information] Already connected to preferred network: HellsGate-5.0G
[2025-01-22 15:54:38] [Information] Waiting 18 minutes before next check...
[2025-01-22 16:12:38] [Information] Currently connected to: HellsGate-5.0G
[2025-01-22 16:12:38] [Information] Already connected to preferred network: HellsGate-5.0G
[2025-01-22 16:12:38] [Information] Waiting 19 minutes before next check...
[2025-01-22 16:31:38] [Information] Currently connected to: HellsGate-5.0G
[2025-01-22 16:31:38] [Information] Already connected to preferred network: HellsGate-5.0G
[2025-01-22 16:31:38] [Information] Waiting 19 minutes before next check...
[2025-01-22 16:50:38] [Information] Currently connected to: HellsGate-5.0G
[2025-01-22 16:50:38] [Information] Already connected to preferred network: HellsGate-5.0G
[2025-01-22 16:50:38] [Information] Waiting 16 minutes before next check...
[2025-01-22 17:06:38] [Information] Currently connected to: HellsGate-5.0G
[2025-01-22 17:06:38] [Information] Already connected to preferred network: HellsGate-5.0G
[2025-01-22 17:06:38] [Information] Waiting 25 minutes before next check...
[2025-01-22 17:31:39] [Information] Currently connected to: HellsGate-5.0G
[2025-01-22 17:31:39] [Information] Already connected to preferred network: HellsGate-5.0G
[2025-01-22 17:31:39] [Information] Waiting 15 minutes before next check...
[2025-01-22 17:46:39] [Information] Currently connected to: HellsGate-5.0G
[2025-01-22 17:46:39] [Information] Already connected to preferred network: HellsGate-5.0G
[2025-01-22 17:46:39] [Information] Waiting 20 minutes before next check...
[2025-01-22 18:06:39] [Information] Currently connected to: HellsGate-5.0G
[2025-01-22 18:06:39] [Information] Already connected to preferred network: HellsGate-5.0G
[2025-01-22 18:06:39] [Information] Waiting 25 minutes before next check...
[2025-01-22 18:31:39] [Information] Currently connected to: HellsGate-5.0G
[2025-01-22 18:31:39] [Information] Already connected to preferred network: HellsGate-5.0G
[2025-01-22 18:31:39] [Information] Waiting 24 minutes before next check...
[2025-01-22 18:55:39] [Information] Currently connected to: HellsGate-5.0G
[2025-01-22 18:55:39] [Information] Already connected to preferred network: HellsGate-5.0G
[2025-01-22 18:55:39] [Information] Waiting 20 minutes before next check...
[2025-01-22 19:15:39] [Information] Currently connected to: HellsGate-5.0G
[2025-01-22 19:15:39] [Information] Already connected to preferred network: HellsGate-5.0G
[2025-01-22 19:15:39] [Information] Waiting 11 minutes before next check...
[2025-01-22 19:26:39] [Information] Currently connected to: HellsGate-5.0G
[2025-01-22 19:26:39] [Information] Already connected to preferred network: HellsGate-5.0G
[2025-01-22 19:26:39] [Information] Waiting 22 minutes before next check...
[2025-01-22 19:48:39] [Information] Currently connected to: HellsGate-5.0G
[2025-01-22 19:48:39] [Information] Already connected to preferred network: HellsGate-5.0G
[2025-01-22 19:48:39] [Information] Waiting 27 minutes before next check...
[2025-01-22 20:15:39] [Information] Currently connected to: HellsGate-5.0G
[2025-01-22 20:15:39] [Information] Already connected to preferred network: HellsGate-5.0G
[2025-01-22 20:15:39] [Information] Waiting 23 minutes before next check...
[2025-01-22 20:38:39] [Information] Currently connected to: HellsGate-5.0G
[2025-01-22 20:38:39] [Information] Already connected to preferred network: HellsGate-5.0G
[2025-01-22 20:38:39] [Information] Waiting 17 minutes before next check...
[2025-01-22 20:55:39] [Information] Currently connected to: HellsGate-5.0G
[2025-01-22 20:55:39] [Information] Already connected to preferred network: HellsGate-5.0G
[2025-01-22 20:55:39] [Information] Waiting 25 minutes before next check...
[2025-01-22 21:20:40] [Information] Currently connected to: HellsGate-5.0G
[2025-01-22 21:20:40] [Information] Already connected to preferred network: HellsGate-5.0G
[2025-01-22 21:20:40] [Information] Waiting 11 minutes before next check...
[2025-01-22 21:31:40] [Information] Currently connected to: HellsGate-5.0G
[2025-01-22 21:31:40] [Information] Already connected to preferred network: HellsGate-5.0G
[2025-01-22 21:31:40] [Information] Waiting 15 minutes before next check...
[2025-01-22 21:46:40] [Information] Currently connected to: HellsGate-5.0G
[2025-01-22 21:46:40] [Information] Already connected to preferred network: HellsGate-5.0G
[2025-01-22 21:46:40] [Information] Waiting 23 minutes before next check...
[2025-01-22 22:09:40] [Information] Currently connected to: HellsGate-5.0G
[2025-01-22 22:09:40] [Information] Already connected to preferred network: HellsGate-5.0G
[2025-01-22 22:09:40] [Information] Waiting 12 minutes before next check...
[2025-01-22 22:21:40] [Information] Currently connected to: HellsGate-5.0G
[2025-01-22 22:21:40] [Information] Already connected to preferred network: HellsGate-5.0G
[2025-01-22 22:21:40] [Information] Waiting 22 minutes before next check...
[2025-01-22 22:43:40] [Information] Currently connected to: HellsGate-5.0G
[2025-01-22 22:43:40] [Information] Already connected to preferred network: HellsGate-5.0G
[2025-01-22 22:43:40] [Information] Waiting 24 minutes before next check...
[2025-01-22 23:07:40] [Information] Currently connected to: HellsGate-5.0G
[2025-01-22 23:07:40] [Information] Already connected to preferred network: HellsGate-5.0G
[2025-01-22 23:07:40] [Information] Waiting 29 minutes before next check...
[2025-01-22 23:36:40] [Information] Currently connected to: HellsGate-5.0G
[2025-01-22 23:36:40] [Information] Already connected to preferred network: HellsGate-5.0G
[2025-01-22 23:36:40] [Information] Waiting 20 minutes before next check...
[2025-01-22 23:56:40] [Information] Currently connected to: HellsGate-5.0G
[2025-01-22 23:56:40] [Information] Already connected to preferred network: HellsGate-5.0G
[2025-01-22 23:56:40] [Information] Waiting 21 minutes before next check...
