[2025-01-22 00:09:05] [Information] Currently connected to: HellsGate-5.0G
[2025-01-22 00:09:05] [Information] Already connected to preferred network: HellsGate-5.0G
[2025-01-22 00:09:05] [Information] Waiting 29 minutes before next check...
[2025-01-22 00:38:05] [Information] Currently connected to: HellsGate-5.0G
[2025-01-22 00:38:05] [Information] Already connected to preferred network: HellsGate-5.0G
[2025-01-22 00:38:05] [Information] Waiting 12 minutes before next check...
[2025-01-22 00:50:05] [Information] Currently connected to: HellsGate-5.0G
[2025-01-22 00:50:05] [Information] Already connected to preferred network: HellsGate-5.0G
[2025-01-22 00:50:05] [Information] Waiting 18 minutes before next check...
[2025-01-22 01:08:05] [Information] Currently connected to: HellsGate-5.0G
[2025-01-22 01:08:05] [Information] Already connected to preferred network: HellsGate-5.0G
[2025-01-22 01:08:05] [Information] Waiting 14 minutes before next check...
[2025-01-22 01:22:05] [Information] Currently connected to: HellsGate-5.0G
[2025-01-22 01:22:05] [Information] Already connected to preferred network: HellsGate-5.0G
[2025-01-22 01:22:05] [Information] Waiting 19 minutes before next check...
[2025-01-22 01:41:05] [Information] Currently connected to: HellsGate-5.0G
[2025-01-22 01:41:05] [Information] Already connected to preferred network: HellsGate-5.0G
[2025-01-22 01:41:05] [Information] Waiting 28 minutes before next check...
[2025-01-22 02:09:05] [Information] Currently connected to: HellsGate-5.0G
[2025-01-22 02:09:05] [Information] Already connected to preferred network: HellsGate-5.0G
[2025-01-22 02:09:05] [Information] Waiting 19 minutes before next check...
[2025-01-22 02:28:05] [Information] Currently connected to: HellsGate-5.0G
[2025-01-22 02:28:05] [Information] Already connected to preferred network: HellsGate-5.0G
[2025-01-22 02:28:05] [Information] Waiting 20 minutes before next check...
[2025-01-22 02:48:05] [Information] Currently connected to: HellsGate-5.0G
[2025-01-22 02:48:05] [Information] Already connected to preferred network: HellsGate-5.0G
[2025-01-22 02:48:05] [Information] Waiting 23 minutes before next check...
[2025-01-22 03:11:05] [Information] Currently connected to: Merlin Wharf
[2025-01-22 03:11:05] [Information] Already connected to preferred network: Merlin Wharf
[2025-01-22 03:11:05] [Information] Waiting 13 minutes before next check...
[2025-01-22 03:24:05] [Information] Currently connected to: Merlin Wharf
[2025-01-22 03:24:05] [Information] Already connected to preferred network: Merlin Wharf
[2025-01-22 03:24:05] [Information] Waiting 23 minutes before next check...
[2025-01-22 03:47:06] [Information] Currently connected to: Merlin Wharf
[2025-01-22 03:47:06] [Information] Already connected to preferred network: Merlin Wharf
[2025-01-22 03:47:06] [Information] Waiting 10 minutes before next check...
[2025-01-22 03:57:06] [Information] Currently connected to: Merlin Wharf
[2025-01-22 03:57:06] [Information] Already connected to preferred network: Merlin Wharf
[2025-01-22 03:57:06] [Information] Waiting 12 minutes before next check...
[2025-01-22 04:09:06] [Information] Currently connected to: Merlin Wharf
[2025-01-22 04:09:06] [Information] Already connected to preferred network: Merlin Wharf
[2025-01-22 04:09:06] [Information] Waiting 15 minutes before next check...
[2025-01-22 04:24:06] [Information] Currently connected to: Merlin Wharf
[2025-01-22 04:24:06] [Information] Already connected to preferred network: Merlin Wharf
[2025-01-22 04:24:06] [Information] Waiting 25 minutes before next check...
[2025-01-22 04:49:06] [Information] Currently connected to: Merlin Wharf
[2025-01-22 04:49:06] [Information] Already connected to preferred network: Merlin Wharf
[2025-01-22 04:49:06] [Information] Waiting 16 minutes before next check...
[2025-01-22 05:05:06] [Information] Currently connected to: Merlin Wharf
[2025-01-22 05:05:06] [Information] Already connected to preferred network: Merlin Wharf
[2025-01-22 05:05:06] [Information] Waiting 19 minutes before next check...
[2025-01-22 05:24:06] [Information] Currently connected to: Merlin Wharf
[2025-01-22 05:24:06] [Information] Already connected to preferred network: Merlin Wharf
[2025-01-22 05:24:06] [Information] Waiting 20 minutes before next check...
[2025-01-22 05:44:06] [Information] Currently connected to: Merlin Wharf
[2025-01-22 05:44:06] [Information] Already connected to preferred network: Merlin Wharf
[2025-01-22 05:44:06] [Information] Waiting 19 minutes before next check...
[2025-01-22 06:03:06] [Information] Currently connected to: Merlin Wharf
[2025-01-22 06:03:06] [Information] Already connected to preferred network: Merlin Wharf
[2025-01-22 06:03:06] [Information] Waiting 15 minutes before next check...
[2025-01-22 06:18:06] [Information] Currently connected to: Merlin Wharf
[2025-01-22 06:18:06] [Information] Already connected to preferred network: Merlin Wharf
[2025-01-22 06:18:06] [Information] Waiting 22 minutes before next check...
