[2025-02-15 00:16:11] [Information] Successfully registered scheduled task
[2025-02-15 00:16:12] [Information] WiFi connection manager started
[2025-02-15 00:16:13] [Warning] No current WiFi connection
[2025-02-15 00:16:13] [Information] Scanning for preferred networks...
[2025-02-15 00:16:13] [Information] Found 5 networks
[2025-02-15 00:16:13] [Information] Attempting to connect to HellsGate-5.0G
[2025-02-15 00:16:18] [Information] Currently connected to: Merlin Wharf
[2025-02-15 00:16:18] [Warning] Failed to connect to HellsGate-5.0G
[2025-02-15 00:16:18] [Information] Attempting to connect to HellsGate-2.4G
[2025-02-15 00:16:23] [Information] Currently connected to: HellsGate-2.4G
[2025-02-15 00:16:23] [Information] Successfully connected to HellsGate-2.4G
[2025-02-15 00:16:23] [Information] Waiting 27 minutes before next check...
[2025-02-15 00:43:23] [Information] Currently connected to: HellsGate-2.4G
[2025-02-15 00:43:23] [Information] Already connected to preferred network: HellsGate-2.4G
[2025-02-15 00:43:23] [Information] Waiting 10 minutes before next check...
[2025-02-15 00:53:23] [Information] Currently connected to: HellsGate-2.4G
[2025-02-15 00:53:23] [Information] Already connected to preferred network: HellsGate-2.4G
[2025-02-15 00:53:23] [Information] Waiting 23 minutes before next check...
[2025-02-15 01:16:24] [Information] Currently connected to: HellsGate-2.4G
[2025-02-15 01:16:24] [Information] Already connected to preferred network: HellsGate-2.4G
[2025-02-15 01:16:24] [Information] Waiting 22 minutes before next check...
[2025-02-15 01:38:24] [Information] Currently connected to: HellsGate-2.4G
[2025-02-15 01:38:24] [Information] Already connected to preferred network: HellsGate-2.4G
[2025-02-15 01:38:24] [Information] Waiting 18 minutes before next check...
[2025-02-15 01:56:24] [Information] Currently connected to: HellsGate-2.4G
[2025-02-15 01:56:24] [Information] Already connected to preferred network: HellsGate-2.4G
[2025-02-15 01:56:24] [Information] Waiting 10 minutes before next check...
[2025-02-15 02:06:24] [Information] Currently connected to: HellsGate-2.4G
[2025-02-15 02:06:24] [Information] Already connected to preferred network: HellsGate-2.4G
[2025-02-15 02:06:24] [Information] Waiting 16 minutes before next check...
[2025-02-15 02:22:24] [Information] Currently connected to: HellsGate-2.4G
[2025-02-15 02:22:24] [Information] Already connected to preferred network: HellsGate-2.4G
[2025-02-15 02:22:24] [Information] Waiting 22 minutes before next check...
[2025-02-15 02:44:24] [Information] Currently connected to: HellsGate-2.4G
[2025-02-15 02:44:24] [Information] Already connected to preferred network: HellsGate-2.4G
[2025-02-15 02:44:24] [Information] Waiting 24 minutes before next check...
[2025-02-15 03:08:24] [Information] Currently connected to: HellsGate-2.4G
[2025-02-15 03:08:24] [Information] Already connected to preferred network: HellsGate-2.4G
[2025-02-15 03:08:24] [Information] Waiting 17 minutes before next check...
[2025-02-15 03:25:24] [Information] Currently connected to: HellsGate-2.4G
[2025-02-15 03:25:24] [Information] Already connected to preferred network: HellsGate-2.4G
[2025-02-15 03:25:24] [Information] Waiting 21 minutes before next check...
[2025-02-15 03:46:24] [Information] Currently connected to: HellsGate-2.4G
[2025-02-15 03:46:24] [Information] Already connected to preferred network: HellsGate-2.4G
[2025-02-15 03:46:24] [Information] Waiting 27 minutes before next check...
[2025-02-15 04:13:24] [Information] Currently connected to: HellsGate-2.4G
[2025-02-15 04:13:24] [Information] Already connected to preferred network: HellsGate-2.4G
[2025-02-15 04:13:24] [Information] Waiting 18 minutes before next check...
[2025-02-15 04:31:24] [Information] Currently connected to: HellsGate-2.4G
[2025-02-15 04:31:24] [Information] Already connected to preferred network: HellsGate-2.4G
[2025-02-15 04:31:24] [Information] Waiting 19 minutes before next check...
[2025-02-15 04:50:24] [Information] Currently connected to: HellsGate-2.4G
[2025-02-15 04:50:24] [Information] Already connected to preferred network: HellsGate-2.4G
[2025-02-15 04:50:24] [Information] Waiting 10 minutes before next check...
[2025-02-15 05:00:24] [Information] Currently connected to: HellsGate-2.4G
[2025-02-15 05:00:24] [Information] Already connected to preferred network: HellsGate-2.4G
[2025-02-15 05:00:24] [Information] Waiting 27 minutes before next check...
[2025-02-15 05:27:25] [Information] Currently connected to: HellsGate-2.4G
[2025-02-15 05:27:25] [Information] Already connected to preferred network: HellsGate-2.4G
[2025-02-15 05:27:25] [Information] Waiting 22 minutes before next check...
[2025-02-15 05:49:25] [Information] Currently connected to: HellsGate-2.4G
[2025-02-15 05:49:25] [Information] Already connected to preferred network: HellsGate-2.4G
[2025-02-15 05:49:25] [Information] Waiting 10 minutes before next check...
[2025-02-15 05:59:25] [Information] Currently connected to: HellsGate-2.4G
[2025-02-15 05:59:25] [Information] Already connected to preferred network: HellsGate-2.4G
[2025-02-15 05:59:25] [Information] Waiting 13 minutes before next check...
[2025-02-15 06:12:25] [Information] Currently connected to: HellsGate-2.4G
[2025-02-15 06:12:25] [Information] Already connected to preferred network: HellsGate-2.4G
[2025-02-15 06:12:25] [Information] Waiting 18 minutes before next check...
[2025-02-15 06:30:25] [Information] Currently connected to: HellsGate-2.4G
[2025-02-15 06:30:25] [Information] Already connected to preferred network: HellsGate-2.4G
[2025-02-15 06:30:25] [Information] Waiting 22 minutes before next check...
[2025-02-15 06:52:25] [Information] Currently connected to: HellsGate-2.4G
[2025-02-15 06:52:25] [Information] Already connected to preferred network: HellsGate-2.4G
[2025-02-15 06:52:25] [Information] Waiting 12 minutes before next check...
[2025-02-15 07:04:25] [Information] Currently connected to: HellsGate-2.4G
[2025-02-15 07:04:25] [Information] Already connected to preferred network: HellsGate-2.4G
[2025-02-15 07:04:25] [Information] Waiting 22 minutes before next check...
[2025-02-15 07:26:25] [Information] Currently connected to: HellsGate-2.4G
[2025-02-15 07:26:25] [Information] Already connected to preferred network: HellsGate-2.4G
[2025-02-15 07:26:25] [Information] Waiting 19 minutes before next check...
[2025-02-15 07:45:25] [Information] Currently connected to: HellsGate-2.4G
[2025-02-15 07:45:25] [Information] Already connected to preferred network: HellsGate-2.4G
[2025-02-15 07:45:25] [Information] Waiting 20 minutes before next check...
[2025-02-15 08:05:25] [Information] Currently connected to: HellsGate-2.4G
[2025-02-15 08:05:25] [Information] Already connected to preferred network: HellsGate-2.4G
[2025-02-15 08:05:25] [Information] Waiting 28 minutes before next check...
[2025-02-15 08:33:25] [Information] Currently connected to: HellsGate-2.4G
[2025-02-15 08:33:25] [Information] Already connected to preferred network: HellsGate-2.4G
[2025-02-15 08:33:25] [Information] Waiting 20 minutes before next check...
[2025-02-15 08:53:25] [Information] Currently connected to: HellsGate-2.4G
[2025-02-15 08:53:25] [Information] Already connected to preferred network: HellsGate-2.4G
[2025-02-15 08:53:25] [Information] Waiting 22 minutes before next check...
[2025-02-15 09:15:25] [Information] Currently connected to: HellsGate-2.4G
[2025-02-15 09:15:25] [Information] Already connected to preferred network: HellsGate-2.4G
[2025-02-15 09:15:25] [Information] Waiting 10 minutes before next check...
[2025-02-15 09:25:26] [Information] Currently connected to: HellsGate-2.4G
[2025-02-15 09:25:26] [Information] Already connected to preferred network: HellsGate-2.4G
[2025-02-15 09:25:26] [Information] Waiting 12 minutes before next check...
[2025-02-15 09:37:26] [Information] Currently connected to: HellsGate-2.4G
[2025-02-15 09:37:26] [Information] Already connected to preferred network: HellsGate-2.4G
[2025-02-15 09:37:26] [Information] Waiting 11 minutes before next check...
[2025-02-15 09:48:26] [Information] Currently connected to: HellsGate-2.4G
[2025-02-15 09:48:26] [Information] Already connected to preferred network: HellsGate-2.4G
[2025-02-15 09:48:26] [Information] Waiting 21 minutes before next check...
[2025-02-15 10:09:26] [Information] Currently connected to: HellsGate-2.4G
[2025-02-15 10:09:26] [Information] Already connected to preferred network: HellsGate-2.4G
[2025-02-15 10:09:26] [Information] Waiting 16 minutes before next check...
[2025-02-15 10:25:26] [Information] Currently connected to: HellsGate-2.4G
[2025-02-15 10:25:26] [Information] Already connected to preferred network: HellsGate-2.4G
[2025-02-15 10:25:26] [Information] Waiting 12 minutes before next check...
[2025-02-15 10:37:26] [Information] Currently connected to: HellsGate-2.4G
[2025-02-15 10:37:26] [Information] Already connected to preferred network: HellsGate-2.4G
[2025-02-15 10:37:26] [Information] Waiting 26 minutes before next check...
[2025-02-15 11:03:26] [Information] Currently connected to: HellsGate-2.4G
[2025-02-15 11:03:26] [Information] Already connected to preferred network: HellsGate-2.4G
[2025-02-15 11:03:26] [Information] Waiting 10 minutes before next check...
[2025-02-15 11:13:26] [Information] Currently connected to: HellsGate-2.4G
[2025-02-15 11:13:26] [Information] Already connected to preferred network: HellsGate-2.4G
[2025-02-15 11:13:26] [Information] Waiting 21 minutes before next check...
[2025-02-15 11:34:26] [Information] Currently connected to: HellsGate-2.4G
[2025-02-15 11:34:26] [Information] Already connected to preferred network: HellsGate-2.4G
[2025-02-15 11:34:26] [Information] Waiting 21 minutes before next check...
[2025-02-15 11:55:26] [Information] Currently connected to: HellsGate-2.4G
[2025-02-15 11:55:26] [Information] Already connected to preferred network: HellsGate-2.4G
[2025-02-15 11:55:26] [Information] Waiting 29 minutes before next check...
[2025-02-15 12:24:26] [Information] Currently connected to: HellsGate-2.4G
[2025-02-15 12:24:26] [Information] Already connected to preferred network: HellsGate-2.4G
[2025-02-15 12:24:26] [Information] Waiting 26 minutes before next check...
[2025-02-15 12:50:26] [Information] Currently connected to: HellsGate-2.4G
[2025-02-15 12:50:26] [Information] Already connected to preferred network: HellsGate-2.4G
[2025-02-15 12:50:26] [Information] Waiting 29 minutes before next check...
[2025-02-15 13:19:26] [Information] Currently connected to: HellsGate-2.4G
[2025-02-15 13:19:26] [Information] Already connected to preferred network: HellsGate-2.4G
[2025-02-15 13:19:26] [Information] Waiting 28 minutes before next check...
[2025-02-15 13:47:26] [Information] Currently connected to: HellsGate-2.4G
[2025-02-15 13:47:26] [Information] Already connected to preferred network: HellsGate-2.4G
[2025-02-15 13:47:26] [Information] Waiting 11 minutes before next check...
[2025-02-15 13:58:27] [Information] Currently connected to: HellsGate-2.4G
[2025-02-15 13:58:27] [Information] Already connected to preferred network: HellsGate-2.4G
[2025-02-15 13:58:27] [Information] Waiting 12 minutes before next check...
[2025-02-15 14:10:27] [Information] Currently connected to: HellsGate-2.4G
[2025-02-15 14:10:27] [Information] Already connected to preferred network: HellsGate-2.4G
[2025-02-15 14:10:27] [Information] Waiting 19 minutes before next check...
[2025-02-15 14:29:27] [Information] Currently connected to: HellsGate-2.4G
[2025-02-15 14:29:27] [Information] Already connected to preferred network: HellsGate-2.4G
[2025-02-15 14:29:27] [Information] Waiting 11 minutes before next check...
[2025-02-15 14:40:27] [Information] Currently connected to: HellsGate-2.4G
[2025-02-15 14:40:27] [Information] Already connected to preferred network: HellsGate-2.4G
[2025-02-15 14:40:27] [Information] Waiting 27 minutes before next check...
[2025-02-15 15:07:27] [Information] Currently connected to: HellsGate-2.4G
[2025-02-15 15:07:27] [Information] Already connected to preferred network: HellsGate-2.4G
[2025-02-15 15:07:27] [Information] Waiting 18 minutes before next check...
[2025-02-15 15:25:27] [Information] Currently connected to: HellsGate-2.4G
[2025-02-15 15:25:27] [Information] Already connected to preferred network: HellsGate-2.4G
[2025-02-15 15:25:27] [Information] Waiting 11 minutes before next check...
[2025-02-15 15:36:27] [Information] Currently connected to: HellsGate-2.4G
[2025-02-15 15:36:27] [Information] Already connected to preferred network: HellsGate-2.4G
[2025-02-15 15:36:27] [Information] Waiting 21 minutes before next check...
[2025-02-15 15:57:27] [Information] Currently connected to: HellsGate-2.4G
[2025-02-15 15:57:27] [Information] Already connected to preferred network: HellsGate-2.4G
[2025-02-15 15:57:27] [Information] Waiting 26 minutes before next check...
[2025-02-15 16:23:27] [Information] Currently connected to: HellsGate-2.4G
[2025-02-15 16:23:27] [Information] Already connected to preferred network: HellsGate-2.4G
[2025-02-15 16:23:27] [Information] Waiting 19 minutes before next check...
[2025-02-15 16:42:27] [Information] Currently connected to: HellsGate-2.4G
[2025-02-15 16:42:27] [Information] Already connected to preferred network: HellsGate-2.4G
[2025-02-15 16:42:27] [Information] Waiting 18 minutes before next check...
[2025-02-15 17:00:27] [Information] Currently connected to: HellsGate-2.4G
[2025-02-15 17:00:27] [Information] Already connected to preferred network: HellsGate-2.4G
[2025-02-15 17:00:27] [Information] Waiting 13 minutes before next check...
[2025-02-15 17:13:27] [Information] Currently connected to: HellsGate-2.4G
[2025-02-15 17:13:27] [Information] Already connected to preferred network: HellsGate-2.4G
[2025-02-15 17:13:27] [Information] Waiting 24 minutes before next check...
[2025-02-15 17:37:27] [Information] Currently connected to: HellsGate-2.4G
[2025-02-15 17:37:27] [Information] Already connected to preferred network: HellsGate-2.4G
[2025-02-15 17:37:27] [Information] Waiting 22 minutes before next check...
[2025-02-15 17:59:27] [Information] Currently connected to: HellsGate-2.4G
[2025-02-15 17:59:27] [Information] Already connected to preferred network: HellsGate-2.4G
[2025-02-15 17:59:27] [Information] Waiting 14 minutes before next check...
[2025-02-15 18:13:28] [Information] Currently connected to: HellsGate-2.4G
[2025-02-15 18:13:28] [Information] Already connected to preferred network: HellsGate-2.4G
[2025-02-15 18:13:28] [Information] Waiting 28 minutes before next check...
[2025-02-15 18:41:28] [Information] Currently connected to: HellsGate-2.4G
[2025-02-15 18:41:28] [Information] Already connected to preferred network: HellsGate-2.4G
[2025-02-15 18:41:28] [Information] Waiting 21 minutes before next check...
[2025-02-15 19:02:28] [Information] Currently connected to: HellsGate-2.4G
[2025-02-15 19:02:28] [Information] Already connected to preferred network: HellsGate-2.4G
[2025-02-15 19:02:28] [Information] Waiting 23 minutes before next check...
[2025-02-15 19:25:28] [Information] Currently connected to: HellsGate-2.4G
[2025-02-15 19:25:28] [Information] Already connected to preferred network: HellsGate-2.4G
[2025-02-15 19:25:28] [Information] Waiting 21 minutes before next check...
[2025-02-15 19:46:28] [Information] Currently connected to: HellsGate-2.4G
[2025-02-15 19:46:28] [Information] Already connected to preferred network: HellsGate-2.4G
[2025-02-15 19:46:28] [Information] Waiting 17 minutes before next check...
[2025-02-15 20:03:28] [Information] Currently connected to: HellsGate-2.4G
[2025-02-15 20:03:28] [Information] Already connected to preferred network: HellsGate-2.4G
[2025-02-15 20:03:28] [Information] Waiting 12 minutes before next check...
[2025-02-15 20:15:28] [Information] Currently connected to: HellsGate-2.4G
[2025-02-15 20:15:28] [Information] Already connected to preferred network: HellsGate-2.4G
[2025-02-15 20:15:28] [Information] Waiting 25 minutes before next check...
[2025-02-15 20:40:28] [Information] Currently connected to: HellsGate-2.4G
[2025-02-15 20:40:28] [Information] Already connected to preferred network: HellsGate-2.4G
[2025-02-15 20:40:28] [Information] Waiting 16 minutes before next check...
[2025-02-15 20:56:28] [Information] Currently connected to: HellsGate-2.4G
[2025-02-15 20:56:28] [Information] Already connected to preferred network: HellsGate-2.4G
[2025-02-15 20:56:28] [Information] Waiting 12 minutes before next check...
[2025-02-15 21:08:28] [Information] Currently connected to: HellsGate-2.4G
[2025-02-15 21:08:28] [Information] Already connected to preferred network: HellsGate-2.4G
[2025-02-15 21:08:28] [Information] Waiting 14 minutes before next check...
[2025-02-15 21:22:28] [Information] Currently connected to: HellsGate-2.4G
[2025-02-15 21:22:28] [Information] Already connected to preferred network: HellsGate-2.4G
[2025-02-15 21:22:28] [Information] Waiting 21 minutes before next check...
[2025-02-15 21:43:28] [Information] Currently connected to: HellsGate-2.4G
[2025-02-15 21:43:28] [Information] Already connected to preferred network: HellsGate-2.4G
[2025-02-15 21:43:28] [Information] Waiting 23 minutes before next check...
[2025-02-15 22:06:28] [Warning] No current WiFi connection
[2025-02-15 22:06:28] [Information] Scanning for preferred networks...
[2025-02-15 22:06:28] [Information] Found 5 networks
[2025-02-15 22:06:28] [Information] Attempting to connect to HellsGate-5.0G
[2025-02-15 22:06:34] [Information] Currently connected to: HellsGate-5.0G
[2025-02-15 22:06:34] [Information] Successfully connected to HellsGate-5.0G
[2025-02-15 22:06:34] [Information] Waiting 13 minutes before next check...
[2025-02-15 22:19:34] [Information] Currently connected to: HellsGate-5.0G
[2025-02-15 22:19:34] [Information] Already connected to preferred network: HellsGate-5.0G
[2025-02-15 22:19:34] [Information] Waiting 16 minutes before next check...
[2025-02-15 22:35:34] [Information] Currently connected to: HellsGate-5.0G
[2025-02-15 22:35:34] [Information] Already connected to preferred network: HellsGate-5.0G
[2025-02-15 22:35:34] [Information] Waiting 15 minutes before next check...
[2025-02-15 22:50:34] [Information] Currently connected to: HellsGate-5.0G
[2025-02-15 22:50:34] [Information] Already connected to preferred network: HellsGate-5.0G
[2025-02-15 22:50:34] [Information] Waiting 17 minutes before next check...
[2025-02-15 23:07:34] [Information] Currently connected to: HellsGate-5.0G
[2025-02-15 23:07:34] [Information] Already connected to preferred network: HellsGate-5.0G
[2025-02-15 23:07:34] [Information] Waiting 27 minutes before next check...
[2025-02-15 23:34:34] [Information] Currently connected to: HellsGate-5.0G
[2025-02-15 23:34:34] [Information] Already connected to preferred network: HellsGate-5.0G
[2025-02-15 23:34:34] [Information] Waiting 19 minutes before next check...
[2025-02-15 23:53:34] [Information] Currently connected to: HellsGate-5.0G
[2025-02-15 23:53:34] [Information] Already connected to preferred network: HellsGate-5.0G
[2025-02-15 23:53:34] [Information] Waiting 21 minutes before next check...
