[2025-01-08 01:07:37] [INFO] Starting Activity Generator Orchestrator (Instance ID: yourn-2025-Jan-08-0107)
[2025-01-08 01:07:37] [INFO] Total planned iterations: 6
[2025-01-08 01:07:37] [INFO] Starting iteration 1
[2025-01-08 01:07:37] [INFO] Using wait times - Min: 14, Max: 2000
[2025-01-08 01:07:37] [INFO] Generated wait time: 363 ms
[2025-01-08 01:07:47] [INFO] Starting Activity Generator Orchestrator (Instance ID: curtal-2025-Jan-08-0107)
[2025-01-08 01:07:47] [INFO] Total planned iterations: 6
[2025-01-08 01:07:47] [INFO] Starting iteration 1
[2025-01-08 01:07:47] [INFO] Using wait times - Min: 14, Max: 2000
[2025-01-08 01:07:47] [INFO] Generated wait time: 1557 ms
[2025-01-08 01:38:28] [INFO] Starting Activity Generator Orchestrator (Instance ID: axoplasm-2025-Jan-08-0138)
[2025-01-08 01:38:28] [INFO] Total planned iterations: 6
[2025-01-08 01:38:28] [INFO] Starting iteration 1
[2025-01-08 01:38:28] [INFO] Using wait times - Min: 14, Max: 2000
[2025-01-08 01:38:28] [INFO] Generated wait time: 1889 ms
[2025-01-08 01:38:35] [INFO] Starting Activity Generator Orchestrator (Instance ID: polyclinics-2025-Jan-08-0138)
[2025-01-08 01:38:35] [INFO] Total planned iterations: 6
[2025-01-08 01:38:35] [INFO] Starting iteration 1
[2025-01-08 01:38:35] [INFO] Using wait times - Min: 14, Max: 2000
[2025-01-08 01:38:35] [INFO] Generated wait time: 1067 ms
[2025-01-08 01:38:38] [INFO] Starting Activity Generator Orchestrator (Instance ID: harbor-2025-Jan-08-0138)
[2025-01-08 01:38:38] [INFO] Total planned iterations: 6
[2025-01-08 01:38:38] [INFO] Starting iteration 1
[2025-01-08 01:38:38] [INFO] Using wait times - Min: 14, Max: 2000
[2025-01-08 01:38:38] [INFO] Generated wait time: 1771 ms
[2025-01-08 01:38:42] [INFO] Starting Activity Generator Orchestrator (Instance ID: interlending-2025-Jan-08-0138)
[2025-01-08 01:38:42] [INFO] Total planned iterations: 6
[2025-01-08 01:38:42] [INFO] Starting iteration 1
[2025-01-08 01:38:42] [INFO] Using wait times - Min: 14, Max: 2000
[2025-01-08 01:38:42] [INFO] Generated wait time: 948 ms
[2025-01-08 01:38:46] [INFO] Starting Activity Generator Orchestrator (Instance ID: overaction-2025-Jan-08-0138)
[2025-01-08 01:38:46] [INFO] Total planned iterations: 6
[2025-01-08 01:38:46] [INFO] Starting iteration 1
[2025-01-08 01:38:46] [INFO] Using wait times - Min: 14, Max: 2000
[2025-01-08 01:38:46] [INFO] Generated wait time: 348 ms
[2025-01-08 01:38:49] [INFO] Starting Activity Generator Orchestrator (Instance ID: cheering-2025-Jan-08-0138)
[2025-01-08 01:38:49] [INFO] Total planned iterations: 6
[2025-01-08 01:38:49] [INFO] Starting iteration 1
[2025-01-08 01:38:49] [INFO] Using wait times - Min: 14, Max: 2000
[2025-01-08 01:38:49] [INFO] Generated wait time: 59 ms
[2025-01-08 01:47:01] [INFO] Starting Activity Generator Orchestrator (Instance ID: intendeds-2025-Jan-08-0147)
[2025-01-08 01:47:01] [INFO] Total planned iterations: 6
[2025-01-08 01:47:01] [INFO] Starting iteration 1
[2025-01-08 01:47:01] [INFO] Using wait times - Min: 14, Max: 2000
[2025-01-08 01:47:01] [INFO] Generated wait time: 464 ms
[2025-01-08 01:54:52] [INFO] Starting Activity Generator Orchestrator (Instance ID: bilharzia-2025-Jan-08-0154)
[2025-01-08 01:54:52] [INFO] Total planned iterations: 6
[2025-01-08 01:54:52] [INFO] Starting iteration 1
[2025-01-08 01:54:52] [INFO] Using wait times - Min: 14, Max: 2000
[2025-01-08 01:54:52] [INFO] Generated wait time: 1697 ms
[2025-01-08 01:55:19] [INFO] Starting Activity Generator Orchestrator (Instance ID: reutilizations-2025-Jan-08-0155)
[2025-01-08 01:55:19] [INFO] Total planned iterations: 6
[2025-01-08 01:55:19] [INFO] Starting iteration 1
[2025-01-08 01:55:19] [INFO] Using wait times - Min: 14, Max: 2000
[2025-01-08 01:55:19] [INFO] Generated wait time: 211 ms
[2025-01-08 07:09:34] [SUCCESS] Iteration 1 completed successfully (Duration: 19855.50 seconds)
[2025-01-08 07:09:34] [INFO] Iteration Statistics:
  Iteration: 1
  MaxWait: 2000
  MinWait: 14
  Duration: 19855.50 seconds
  GeneratedWait: 1771
  EndTime: 2025-01-08 07:09:34
  StartTime: 2025-01-08 01:38:38
[2025-01-08 07:09:34] [INFO] Starting iteration 2
[2025-01-08 07:09:34] [INFO] Using wait times - Min: 370, Max: 13000
[2025-01-08 07:09:34] [INFO] Generated wait time: 9402 ms
[2025-01-08 07:13:26] [SUCCESS] Iteration 1 completed successfully (Duration: 20077.22 seconds)
[2025-01-08 07:13:26] [INFO] Iteration Statistics:
  Iteration: 1
  MaxWait: 2000
  MinWait: 14
  Duration: 20077.22 seconds
  GeneratedWait: 59
  EndTime: 2025-01-08 07:13:26
  StartTime: 2025-01-08 01:38:49
[2025-01-08 07:13:26] [INFO] Starting iteration 2
[2025-01-08 07:13:26] [INFO] Using wait times - Min: 370, Max: 13000
[2025-01-08 07:13:26] [INFO] Generated wait time: 9384 ms
[2025-01-08 07:20:09] [SUCCESS] Iteration 1 completed successfully (Duration: 20483.42 seconds)
[2025-01-08 07:20:09] [INFO] Iteration Statistics:
  Iteration: 1
  MaxWait: 2000
  MinWait: 14
  Duration: 20483.42 seconds
  GeneratedWait: 348
  EndTime: 2025-01-08 07:20:09
  StartTime: 2025-01-08 01:38:46
[2025-01-08 07:20:09] [INFO] Starting iteration 2
[2025-01-08 07:20:09] [INFO] Using wait times - Min: 370, Max: 13000
[2025-01-08 07:20:09] [INFO] Generated wait time: 2548 ms
[2025-01-08 07:25:10] [SUCCESS] Iteration 1 completed successfully (Duration: 20794.79 seconds)
[2025-01-08 07:25:10] [INFO] Iteration Statistics:
  Iteration: 1
  MaxWait: 2000
  MinWait: 14
  Duration: 20794.79 seconds
  GeneratedWait: 1067
  EndTime: 2025-01-08 07:25:10
  StartTime: 2025-01-08 01:38:35
[2025-01-08 07:25:10] [INFO] Starting iteration 2
[2025-01-08 07:25:10] [INFO] Using wait times - Min: 370, Max: 13000
[2025-01-08 07:25:10] [INFO] Generated wait time: 992 ms
[2025-01-08 07:25:38] [SUCCESS] Iteration 1 completed successfully (Duration: 20815.95 seconds)
[2025-01-08 07:25:38] [INFO] Iteration Statistics:
  Iteration: 1
  MaxWait: 2000
  MinWait: 14
  Duration: 20815.95 seconds
  GeneratedWait: 948
  EndTime: 2025-01-08 07:25:38
  StartTime: 2025-01-08 01:38:42
[2025-01-08 07:25:38] [INFO] Starting iteration 2
[2025-01-08 07:25:38] [INFO] Using wait times - Min: 370, Max: 13000
[2025-01-08 07:25:38] [INFO] Generated wait time: 1247 ms
[2025-01-08 07:30:05] [SUCCESS] Iteration 1 completed successfully (Duration: 21097.07 seconds)
[2025-01-08 07:30:05] [INFO] Iteration Statistics:
  Iteration: 1
  MaxWait: 2000
  MinWait: 14
  Duration: 21097.07 seconds
  GeneratedWait: 1889
  EndTime: 2025-01-08 07:30:05
  StartTime: 2025-01-08 01:38:28
[2025-01-08 07:30:05] [INFO] Starting iteration 2
[2025-01-08 07:30:05] [INFO] Using wait times - Min: 370, Max: 13000
[2025-01-08 07:30:05] [INFO] Generated wait time: 12189 ms
[2025-01-08 07:33:43] [SUCCESS] Iteration 1 completed successfully (Duration: 20304.39 seconds)
[2025-01-08 07:33:43] [INFO] Iteration Statistics:
  Iteration: 1
  MaxWait: 2000
  MinWait: 14
  Duration: 20304.39 seconds
  GeneratedWait: 211
  EndTime: 2025-01-08 07:33:43
  StartTime: 2025-01-08 01:55:19
[2025-01-08 07:33:43] [INFO] Starting iteration 2
[2025-01-08 07:33:43] [INFO] Using wait times - Min: 370, Max: 13000
[2025-01-08 07:33:43] [INFO] Generated wait time: 8874 ms
[2025-01-08 07:34:27] [SUCCESS] Iteration 1 completed successfully (Duration: 20845.54 seconds)
[2025-01-08 07:34:27] [INFO] Iteration Statistics:
  Iteration: 1
  MaxWait: 2000
  MinWait: 14
  Duration: 20845.54 seconds
  GeneratedWait: 464
  EndTime: 2025-01-08 07:34:27
  StartTime: 2025-01-08 01:47:01
[2025-01-08 07:34:27] [INFO] Starting iteration 2
[2025-01-08 07:34:27] [INFO] Using wait times - Min: 370, Max: 13000
[2025-01-08 07:34:27] [INFO] Generated wait time: 10730 ms
[2025-01-08 07:52:48] [SUCCESS] Iteration 1 completed successfully (Duration: 21475.80 seconds)
[2025-01-08 07:52:48] [INFO] Iteration Statistics:
  Iteration: 1
  MaxWait: 2000
  MinWait: 14
  Duration: 21475.80 seconds
  GeneratedWait: 1697
  EndTime: 2025-01-08 07:52:48
  StartTime: 2025-01-08 01:54:52
[2025-01-08 07:52:48] [INFO] Starting iteration 2
[2025-01-08 07:52:48] [INFO] Using wait times - Min: 370, Max: 13000
[2025-01-08 07:52:48] [INFO] Generated wait time: 2506 ms
[2025-01-08 10:36:54] [INFO] Starting Activity Generator Orchestrator (Instance ID: randomly-2025-Jan-08-1036)
[2025-01-08 10:36:54] [INFO] Total planned iterations: 6
[2025-01-08 10:36:54] [INFO] Starting iteration 1
[2025-01-08 10:36:54] [INFO] Using wait times - Min: 14, Max: 2000
[2025-01-08 10:36:54] [INFO] Generated wait time: 176 ms
[2025-01-08 10:37:35] [INFO] Starting Activity Generator Orchestrator (Instance ID: causatives-2025-Jan-08-1037)
[2025-01-08 10:37:35] [INFO] Total planned iterations: 6
[2025-01-08 10:37:35] [INFO] Starting iteration 1
[2025-01-08 10:37:35] [INFO] Using wait times - Min: 14, Max: 2000
[2025-01-08 10:37:35] [INFO] Generated wait time: 895 ms
[2025-01-08 10:38:02] [INFO] Starting Activity Generator Orchestrator (Instance ID: psychoneurosis-2025-Jan-08-1038)
[2025-01-08 10:38:02] [INFO] Total planned iterations: 6
[2025-01-08 10:38:02] [INFO] Starting iteration 1
[2025-01-08 10:38:02] [INFO] Using wait times - Min: 14, Max: 2000
[2025-01-08 10:38:02] [INFO] Generated wait time: 1039 ms
[2025-01-08 12:22:37] [INFO] Starting Activity Generator Orchestrator (Instance ID: grapevine-2025-Jan-08-1222)
[2025-01-08 12:22:37] [INFO] Total planned iterations: 6
[2025-01-08 12:22:37] [INFO] Starting iteration 1
[2025-01-08 12:22:37] [INFO] Using wait times - Min: 14, Max: 2000
[2025-01-08 12:22:37] [INFO] Generated wait time: 256 ms
[2025-01-08 13:38:21] [SUCCESS] Iteration 2 completed successfully (Duration: 22363.45 seconds)
[2025-01-08 13:38:21] [INFO] Iteration Statistics:
  Iteration: 2
  MaxWait: 13000
  MinWait: 370
  Duration: 22363.45 seconds
  GeneratedWait: 1247
  EndTime: 2025-01-08 13:38:21
  StartTime: 2025-01-08 07:25:38
[2025-01-08 13:38:21] [INFO] Starting iteration 3
[2025-01-08 13:38:21] [INFO] Using wait times - Min: 170, Max: 1500
[2025-01-08 13:38:21] [INFO] Generated wait time: 649 ms
[2025-01-08 13:48:07] [SUCCESS] Iteration 2 completed successfully (Duration: 23680.53 seconds)
[2025-01-08 13:48:07] [INFO] Iteration Statistics:
  Iteration: 2
  MaxWait: 13000
  MinWait: 370
  Duration: 23680.53 seconds
  GeneratedWait: 9384
  EndTime: 2025-01-08 13:48:07
  StartTime: 2025-01-08 07:13:26
[2025-01-08 13:48:07] [INFO] Starting iteration 3
[2025-01-08 13:48:07] [INFO] Using wait times - Min: 170, Max: 1500
[2025-01-08 13:48:07] [INFO] Generated wait time: 1008 ms
[2025-01-08 14:05:53] [SUCCESS] Iteration 2 completed successfully (Duration: 23529.75 seconds)
[2025-01-08 14:05:53] [INFO] Iteration Statistics:
  Iteration: 2
  MaxWait: 13000
  MinWait: 370
  Duration: 23529.75 seconds
  GeneratedWait: 8874
  EndTime: 2025-01-08 14:05:53
  StartTime: 2025-01-08 07:33:43
[2025-01-08 14:05:53] [INFO] Starting iteration 3
[2025-01-08 14:05:53] [INFO] Using wait times - Min: 170, Max: 1500
[2025-01-08 14:05:53] [INFO] Generated wait time: 219 ms
[2025-01-08 14:13:20] [SUCCESS] Iteration 2 completed successfully (Duration: 22832.67 seconds)
[2025-01-08 14:13:20] [INFO] Iteration Statistics:
  Iteration: 2
  MaxWait: 13000
  MinWait: 370
  Duration: 22832.67 seconds
  GeneratedWait: 2506
  EndTime: 2025-01-08 14:13:20
  StartTime: 2025-01-08 07:52:48
[2025-01-08 14:13:20] [INFO] Starting iteration 3
[2025-01-08 14:13:21] [INFO] Using wait times - Min: 170, Max: 1500
[2025-01-08 14:13:21] [INFO] Generated wait time: 199 ms
[2025-01-08 14:19:15] [SUCCESS] Iteration 2 completed successfully (Duration: 25780.91 seconds)
[2025-01-08 14:19:15] [INFO] Iteration Statistics:
  Iteration: 2
  MaxWait: 13000
  MinWait: 370
  Duration: 25780.91 seconds
  GeneratedWait: 9402
  EndTime: 2025-01-08 14:19:15
  StartTime: 2025-01-08 07:09:34
[2025-01-08 14:19:15] [INFO] Starting iteration 3
[2025-01-08 14:19:15] [INFO] Using wait times - Min: 170, Max: 1500
[2025-01-08 14:19:15] [INFO] Generated wait time: 976 ms
[2025-01-08 14:47:37] [SUCCESS] Iteration 2 completed successfully (Duration: 26848.05 seconds)
[2025-01-08 14:47:37] [INFO] Iteration Statistics:
  Iteration: 2
  MaxWait: 13000
  MinWait: 370
  Duration: 26848.05 seconds
  GeneratedWait: 2548
  EndTime: 2025-01-08 14:47:37
  StartTime: 2025-01-08 07:20:09
[2025-01-08 14:47:37] [INFO] Starting iteration 3
[2025-01-08 14:47:37] [INFO] Using wait times - Min: 170, Max: 1500
[2025-01-08 14:47:37] [INFO] Generated wait time: 306 ms
[2025-01-08 14:59:55] [SUCCESS] Iteration 2 completed successfully (Duration: 26990.27 seconds)
[2025-01-08 14:59:56] [INFO] Iteration Statistics:
  Iteration: 2
  MaxWait: 13000
  MinWait: 370
  Duration: 26990.27 seconds
  GeneratedWait: 12189
  EndTime: 2025-01-08 14:59:55
  StartTime: 2025-01-08 07:30:05
[2025-01-08 14:59:56] [INFO] Starting iteration 3
[2025-01-08 14:59:56] [INFO] Using wait times - Min: 170, Max: 1500
[2025-01-08 14:59:56] [INFO] Generated wait time: 736 ms
[2025-01-08 15:46:28] [SUCCESS] Iteration 2 completed successfully (Duration: 30077.88 seconds)
[2025-01-08 15:46:28] [INFO] Iteration Statistics:
  Iteration: 2
  MaxWait: 13000
  MinWait: 370
  Duration: 30077.88 seconds
  GeneratedWait: 992
  EndTime: 2025-01-08 15:46:28
  StartTime: 2025-01-08 07:25:10
[2025-01-08 15:46:28] [INFO] Starting iteration 3
[2025-01-08 15:46:28] [INFO] Using wait times - Min: 170, Max: 1500
[2025-01-08 15:46:28] [INFO] Generated wait time: 920 ms
[2025-01-08 15:47:33] [SUCCESS] Iteration 2 completed successfully (Duration: 29586.23 seconds)
[2025-01-08 15:47:33] [INFO] Iteration Statistics:
  Iteration: 2
  MaxWait: 13000
  MinWait: 370
  Duration: 29586.23 seconds
  GeneratedWait: 10730
  EndTime: 2025-01-08 15:47:33
  StartTime: 2025-01-08 07:34:27
[2025-01-08 15:47:33] [INFO] Starting iteration 3
[2025-01-08 15:47:33] [INFO] Using wait times - Min: 170, Max: 1500
[2025-01-08 15:47:33] [INFO] Generated wait time: 695 ms
[2025-01-08 16:00:20] [SUCCESS] Iteration 1 completed successfully (Duration: 19338.37 seconds)
[2025-01-08 16:00:20] [INFO] Iteration Statistics:
  Iteration: 1
  MaxWait: 2000
  MinWait: 14
  Duration: 19338.37 seconds
  GeneratedWait: 1039
  EndTime: 2025-01-08 16:00:20
  StartTime: 2025-01-08 10:38:02
[2025-01-08 16:00:20] [INFO] Starting iteration 2
[2025-01-08 16:00:20] [INFO] Using wait times - Min: 370, Max: 13000
[2025-01-08 16:00:20] [INFO] Generated wait time: 11230 ms
[2025-01-08 16:19:16] [SUCCESS] Iteration 1 completed successfully (Duration: 20542.12 seconds)
[2025-01-08 16:19:16] [INFO] Iteration Statistics:
  Iteration: 1
  MaxWait: 2000
  MinWait: 14
  Duration: 20542.12 seconds
  GeneratedWait: 176
  EndTime: 2025-01-08 16:19:16
  StartTime: 2025-01-08 10:36:54
[2025-01-08 16:19:16] [INFO] Starting iteration 2
[2025-01-08 16:19:16] [INFO] Using wait times - Min: 370, Max: 13000
[2025-01-08 16:19:16] [INFO] Generated wait time: 7540 ms
[2025-01-08 16:47:17] [SUCCESS] Iteration 1 completed successfully (Duration: 22182.26 seconds)
[2025-01-08 16:47:17] [INFO] Iteration Statistics:
  Iteration: 1
  MaxWait: 2000
  MinWait: 14
  Duration: 22182.26 seconds
  GeneratedWait: 895
  EndTime: 2025-01-08 16:47:17
  StartTime: 2025-01-08 10:37:35
[2025-01-08 16:47:17] [INFO] Starting iteration 2
[2025-01-08 16:47:17] [INFO] Using wait times - Min: 370, Max: 13000
[2025-01-08 16:47:17] [INFO] Generated wait time: 9904 ms
[2025-01-08 18:03:12] [SUCCESS] Iteration 1 completed successfully (Duration: 20435.63 seconds)
[2025-01-08 18:03:12] [INFO] Iteration Statistics:
  Iteration: 1
  MaxWait: 2000
  MinWait: 14
  Duration: 20435.63 seconds
  GeneratedWait: 256
  EndTime: 2025-01-08 18:03:12
  StartTime: 2025-01-08 12:22:37
[2025-01-08 18:03:12] [INFO] Starting iteration 2
[2025-01-08 18:03:12] [INFO] Using wait times - Min: 370, Max: 13000
[2025-01-08 18:03:12] [INFO] Generated wait time: 10089 ms
[2025-01-08 19:11:05] [SUCCESS] Iteration 3 completed successfully (Duration: 19378.32 seconds)
[2025-01-08 19:11:05] [INFO] Iteration Statistics:
  Iteration: 3
  MaxWait: 1500
  MinWait: 170
  Duration: 19378.32 seconds
  GeneratedWait: 1008
  EndTime: 2025-01-08 19:11:05
  StartTime: 2025-01-08 13:48:07
[2025-01-08 19:11:05] [INFO] Starting iteration 4
[2025-01-08 19:11:05] [INFO] Using wait times - Min: 1470, Max: 30000
[2025-01-08 19:11:05] [INFO] Generated wait time: 26552 ms
[2025-01-08 19:13:58] [SUCCESS] Iteration 3 completed successfully (Duration: 20136.85 seconds)
[2025-01-08 19:13:58] [INFO] Iteration Statistics:
  Iteration: 3
  MaxWait: 1500
  MinWait: 170
  Duration: 20136.85 seconds
  GeneratedWait: 649
  EndTime: 2025-01-08 19:13:58
  StartTime: 2025-01-08 13:38:21
[2025-01-08 19:13:58] [INFO] Starting iteration 4
[2025-01-08 19:13:58] [INFO] Using wait times - Min: 1470, Max: 30000
[2025-01-08 19:13:58] [INFO] Generated wait time: 28821 ms
[2025-01-08 19:47:47] [SUCCESS] Iteration 3 completed successfully (Duration: 20514.31 seconds)
[2025-01-08 19:47:47] [INFO] Iteration Statistics:
  Iteration: 3
  MaxWait: 1500
  MinWait: 170
  Duration: 20514.31 seconds
  GeneratedWait: 219
  EndTime: 2025-01-08 19:47:47
  StartTime: 2025-01-08 14:05:53
[2025-01-08 19:47:47] [INFO] Starting iteration 4
[2025-01-08 19:47:47] [INFO] Using wait times - Min: 1470, Max: 30000
[2025-01-08 19:47:47] [INFO] Generated wait time: 9007 ms
[2025-01-08 20:06:20] [SUCCESS] Iteration 3 completed successfully (Duration: 21179.43 seconds)
[2025-01-08 20:06:20] [INFO] Iteration Statistics:
  Iteration: 3
  MaxWait: 1500
  MinWait: 170
  Duration: 21179.43 seconds
  GeneratedWait: 199
  EndTime: 2025-01-08 20:06:20
  StartTime: 2025-01-08 14:13:20
[2025-01-08 20:06:20] [INFO] Starting iteration 4
[2025-01-08 20:06:20] [INFO] Using wait times - Min: 1470, Max: 30000
[2025-01-08 20:06:20] [INFO] Generated wait time: 19143 ms
[2025-01-08 20:07:56] [SUCCESS] Iteration 3 completed successfully (Duration: 20921.31 seconds)
[2025-01-08 20:07:56] [INFO] Iteration Statistics:
  Iteration: 3
  MaxWait: 1500
  MinWait: 170
  Duration: 20921.31 seconds
  GeneratedWait: 976
  EndTime: 2025-01-08 20:07:56
  StartTime: 2025-01-08 14:19:15
[2025-01-08 20:07:56] [INFO] Starting iteration 4
[2025-01-08 20:07:56] [INFO] Using wait times - Min: 1470, Max: 30000
[2025-01-08 20:07:56] [INFO] Generated wait time: 7791 ms
[2025-01-08 20:17:01] [SUCCESS] Iteration 3 completed successfully (Duration: 19763.73 seconds)
[2025-01-08 20:17:01] [INFO] Iteration Statistics:
  Iteration: 3
  MaxWait: 1500
  MinWait: 170
  Duration: 19763.73 seconds
  GeneratedWait: 306
  EndTime: 2025-01-08 20:17:01
  StartTime: 2025-01-08 14:47:37
[2025-01-08 20:17:01] [INFO] Starting iteration 4
[2025-01-08 20:17:01] [INFO] Using wait times - Min: 1470, Max: 30000
[2025-01-08 20:17:01] [INFO] Generated wait time: 24502 ms
[2025-01-08 20:37:56] [SUCCESS] Iteration 3 completed successfully (Duration: 20280.33 seconds)
[2025-01-08 20:37:56] [INFO] Iteration Statistics:
  Iteration: 3
  MaxWait: 1500
  MinWait: 170
  Duration: 20280.33 seconds
  GeneratedWait: 736
  EndTime: 2025-01-08 20:37:56
  StartTime: 2025-01-08 14:59:56
[2025-01-08 20:37:56] [INFO] Starting iteration 4
[2025-01-08 20:37:56] [INFO] Using wait times - Min: 1470, Max: 30000
[2025-01-08 20:37:56] [INFO] Generated wait time: 4074 ms
[2025-01-08 21:07:05] [SUCCESS] Iteration 3 completed successfully (Duration: 19172.10 seconds)
[2025-01-08 21:07:05] [INFO] Iteration Statistics:
  Iteration: 3
  MaxWait: 1500
  MinWait: 170
  Duration: 19172.10 seconds
  GeneratedWait: 695
  EndTime: 2025-01-08 21:07:05
  StartTime: 2025-01-08 15:47:33
[2025-01-08 21:07:05] [INFO] Starting iteration 4
[2025-01-08 21:07:05] [INFO] Using wait times - Min: 1470, Max: 30000
[2025-01-08 21:07:05] [INFO] Generated wait time: 1886 ms
[2025-01-08 21:31:39] [SUCCESS] Iteration 3 completed successfully (Duration: 20711.59 seconds)
[2025-01-08 21:31:39] [INFO] Iteration Statistics:
  Iteration: 3
  MaxWait: 1500
  MinWait: 170
  Duration: 20711.59 seconds
  GeneratedWait: 920
  EndTime: 2025-01-08 21:31:39
  StartTime: 2025-01-08 15:46:28
[2025-01-08 21:31:39] [INFO] Starting iteration 4
[2025-01-08 21:31:39] [INFO] Using wait times - Min: 1470, Max: 30000
[2025-01-08 21:31:39] [INFO] Generated wait time: 26300 ms
[2025-01-08 22:10:54] [SUCCESS] Iteration 2 completed successfully (Duration: 21098.12 seconds)
[2025-01-08 22:10:54] [INFO] Iteration Statistics:
  Iteration: 2
  MaxWait: 13000
  MinWait: 370
  Duration: 21098.12 seconds
  GeneratedWait: 7540
  EndTime: 2025-01-08 22:10:54
  StartTime: 2025-01-08 16:19:16
[2025-01-08 22:10:54] [INFO] Starting iteration 3
[2025-01-08 22:10:54] [INFO] Using wait times - Min: 170, Max: 1500
[2025-01-08 22:10:54] [INFO] Generated wait time: 561 ms
[2025-01-08 22:27:53] [SUCCESS] Iteration 2 completed successfully (Duration: 20436.02 seconds)
[2025-01-08 22:27:53] [INFO] Iteration Statistics:
  Iteration: 2
  MaxWait: 13000
  MinWait: 370
  Duration: 20436.02 seconds
  GeneratedWait: 9904
  EndTime: 2025-01-08 22:27:53
  StartTime: 2025-01-08 16:47:17
[2025-01-08 22:27:53] [INFO] Starting iteration 3
[2025-01-08 22:27:53] [INFO] Using wait times - Min: 170, Max: 1500
[2025-01-08 22:27:53] [INFO] Generated wait time: 1495 ms
[2025-01-08 23:51:10] [SUCCESS] Iteration 2 completed successfully (Duration: 28249.77 seconds)
[2025-01-08 23:51:10] [INFO] Iteration Statistics:
  Iteration: 2
  MaxWait: 13000
  MinWait: 370
  Duration: 28249.77 seconds
  GeneratedWait: 11230
  EndTime: 2025-01-08 23:51:10
  StartTime: 2025-01-08 16:00:20
[2025-01-08 23:51:10] [INFO] Starting iteration 3
[2025-01-08 23:51:10] [INFO] Using wait times - Min: 170, Max: 1500
[2025-01-08 23:51:10] [INFO] Generated wait time: 1453 ms
[2025-01-09 01:02:40] [SUCCESS] Iteration 2 completed successfully (Duration: 25167.94 seconds)
[2025-01-09 01:02:40] [INFO] Iteration Statistics:
  Iteration: 2
  MaxWait: 13000
  MinWait: 370
  Duration: 25167.94 seconds
  GeneratedWait: 10089
  EndTime: 2025-01-09 01:02:40
  StartTime: 2025-01-08 18:03:12
[2025-01-09 01:02:40] [INFO] Starting iteration 3
[2025-01-09 01:02:40] [INFO] Using wait times - Min: 170, Max: 1500
[2025-01-09 01:02:40] [INFO] Generated wait time: 615 ms
[2025-01-09 01:24:26] [SUCCESS] Iteration 4 completed successfully (Duration: 22228.00 seconds)
[2025-01-09 01:24:26] [INFO] Iteration Statistics:
  Iteration: 4
  MaxWait: 30000
  MinWait: 1470
  Duration: 22228.00 seconds
  GeneratedWait: 28821
  EndTime: 2025-01-09 01:24:26
  StartTime: 2025-01-08 19:13:58
[2025-01-09 01:24:26] [INFO] Starting iteration 5
[2025-01-09 01:24:26] [INFO] Using wait times - Min: 370, Max: 13000
[2025-01-09 01:24:26] [INFO] Generated wait time: 8591 ms
[2025-01-09 03:51:27] [SUCCESS] Iteration 3 completed successfully (Duration: 20432.97 seconds)
[2025-01-09 03:51:27] [INFO] Iteration Statistics:
  Iteration: 3
  MaxWait: 1500
  MinWait: 170
  Duration: 20432.97 seconds
  GeneratedWait: 561
  EndTime: 2025-01-09 03:51:27
  StartTime: 2025-01-08 22:10:54
[2025-01-09 03:51:27] [INFO] Starting iteration 4
[2025-01-09 03:51:27] [INFO] Using wait times - Min: 1470, Max: 30000
[2025-01-09 03:51:27] [INFO] Generated wait time: 16775 ms
[2025-01-09 04:18:32] [SUCCESS] Iteration 3 completed successfully (Duration: 21038.92 seconds)
[2025-01-09 04:18:32] [INFO] Iteration Statistics:
  Iteration: 3
  MaxWait: 1500
  MinWait: 170
  Duration: 21038.92 seconds
  GeneratedWait: 1495
  EndTime: 2025-01-09 04:18:32
  StartTime: 2025-01-08 22:27:53
[2025-01-09 04:18:32] [INFO] Starting iteration 4
[2025-01-09 04:18:32] [INFO] Using wait times - Min: 1470, Max: 30000
[2025-01-09 04:18:32] [INFO] Generated wait time: 26752 ms
[2025-01-09 05:21:44] [SUCCESS] Iteration 3 completed successfully (Duration: 19833.77 seconds)
[2025-01-09 05:21:44] [INFO] Iteration Statistics:
  Iteration: 3
  MaxWait: 1500
  MinWait: 170
  Duration: 19833.77 seconds
  GeneratedWait: 1453
  EndTime: 2025-01-09 05:21:44
  StartTime: 2025-01-08 23:51:10
[2025-01-09 05:21:44] [INFO] Starting iteration 4
[2025-01-09 05:21:44] [INFO] Using wait times - Min: 1470, Max: 30000
[2025-01-09 05:21:44] [INFO] Generated wait time: 6669 ms
[2025-01-09 05:37:11] [SUCCESS] Iteration 4 completed successfully (Duration: 30605.62 seconds)
[2025-01-09 05:37:11] [INFO] Iteration Statistics:
  Iteration: 4
  MaxWait: 30000
  MinWait: 1470
  Duration: 30605.62 seconds
  GeneratedWait: 1886
  EndTime: 2025-01-09 05:37:11
  StartTime: 2025-01-08 21:07:05
[2025-01-09 05:37:11] [INFO] Starting iteration 5
[2025-01-09 05:37:11] [INFO] Using wait times - Min: 370, Max: 13000
[2025-01-09 05:37:11] [INFO] Generated wait time: 6577 ms
[2025-01-09 06:41:13] [SUCCESS] Iteration 3 completed successfully (Duration: 20312.62 seconds)
[2025-01-09 06:41:13] [INFO] Iteration Statistics:
  Iteration: 3
  MaxWait: 1500
  MinWait: 170
  Duration: 20312.62 seconds
  GeneratedWait: 615
  EndTime: 2025-01-09 06:41:13
  StartTime: 2025-01-09 01:02:40
[2025-01-09 06:41:13] [INFO] Starting iteration 4
[2025-01-09 06:41:13] [INFO] Using wait times - Min: 1470, Max: 30000
[2025-01-09 06:41:13] [INFO] Generated wait time: 21115 ms
[2025-01-09 07:04:44] [SUCCESS] Iteration 5 completed successfully (Duration: 20418.08 seconds)
[2025-01-09 07:04:44] [INFO] Iteration Statistics:
  Iteration: 5
  MaxWait: 13000
  MinWait: 370
  Duration: 20418.08 seconds
  GeneratedWait: 8591
  EndTime: 2025-01-09 07:04:44
  StartTime: 2025-01-09 01:24:26
[2025-01-09 07:04:44] [INFO] Starting iteration 6
[2025-01-09 07:04:44] [INFO] Using wait times - Min: 170, Max: 1500
[2025-01-09 07:04:44] [INFO] Generated wait time: 354 ms
[2025-01-09 07:32:49] [SUCCESS] Iteration 4 completed successfully (Duration: 41188.72 seconds)
[2025-01-09 07:32:49] [INFO] Iteration Statistics:
  Iteration: 4
  MaxWait: 30000
  MinWait: 1470
  Duration: 41188.72 seconds
  GeneratedWait: 19143
  EndTime: 2025-01-09 07:32:49
  StartTime: 2025-01-08 20:06:20
[2025-01-09 07:32:49] [INFO] Starting iteration 5
[2025-01-09 07:32:49] [INFO] Using wait times - Min: 370, Max: 13000
[2025-01-09 07:32:49] [INFO] Generated wait time: 2402 ms
[2025-01-09 07:55:07] [SUCCESS] Iteration 4 completed successfully (Duration: 42430.69 seconds)
[2025-01-09 07:55:07] [INFO] Iteration Statistics:
  Iteration: 4
  MaxWait: 30000
  MinWait: 1470
  Duration: 42430.69 seconds
  GeneratedWait: 7791
  EndTime: 2025-01-09 07:55:07
  StartTime: 2025-01-08 20:07:56
[2025-01-09 07:55:07] [INFO] Starting iteration 5
[2025-01-09 07:55:07] [INFO] Using wait times - Min: 370, Max: 13000
[2025-01-09 07:55:07] [INFO] Generated wait time: 6239 ms
[2025-01-09 08:28:51] [SUCCESS] Iteration 4 completed successfully (Duration: 39431.99 seconds)
[2025-01-09 08:28:51] [INFO] Iteration Statistics:
  Iteration: 4
  MaxWait: 30000
  MinWait: 1470
  Duration: 39431.99 seconds
  GeneratedWait: 26300
  EndTime: 2025-01-09 08:28:51
  StartTime: 2025-01-08 21:31:39
[2025-01-09 08:28:51] [INFO] Starting iteration 5
[2025-01-09 08:28:51] [INFO] Using wait times - Min: 370, Max: 13000
[2025-01-09 08:28:51] [INFO] Generated wait time: 2058 ms
[2025-01-09 08:41:02] [SUCCESS] Iteration 4 completed successfully (Duration: 48596.40 seconds)
[2025-01-09 08:41:02] [INFO] Iteration Statistics:
  Iteration: 4
  MaxWait: 30000
  MinWait: 1470
  Duration: 48596.40 seconds
  GeneratedWait: 26552
  EndTime: 2025-01-09 08:41:02
  StartTime: 2025-01-08 19:11:05
[2025-01-09 08:41:02] [INFO] Starting iteration 5
[2025-01-09 08:41:02] [INFO] Using wait times - Min: 370, Max: 13000
[2025-01-09 08:41:02] [INFO] Generated wait time: 3075 ms
[2025-01-09 08:57:47] [SUCCESS] Iteration 4 completed successfully (Duration: 47399.55 seconds)
[2025-01-09 08:57:47] [INFO] Iteration Statistics:
  Iteration: 4
  MaxWait: 30000
  MinWait: 1470
  Duration: 47399.55 seconds
  GeneratedWait: 9007
  EndTime: 2025-01-09 08:57:47
  StartTime: 2025-01-08 19:47:47
[2025-01-09 08:57:47] [INFO] Starting iteration 5
[2025-01-09 08:57:47] [INFO] Using wait times - Min: 370, Max: 13000
[2025-01-09 08:57:47] [INFO] Generated wait time: 1344 ms
[2025-01-09 09:04:10] [SUCCESS] Iteration 4 completed successfully (Duration: 44774.49 seconds)
[2025-01-09 09:04:10] [INFO] Iteration Statistics:
  Iteration: 4
  MaxWait: 30000
  MinWait: 1470
  Duration: 44774.49 seconds
  GeneratedWait: 4074
  EndTime: 2025-01-09 09:04:10
  StartTime: 2025-01-08 20:37:56
[2025-01-09 09:04:10] [INFO] Starting iteration 5
[2025-01-09 09:04:10] [INFO] Using wait times - Min: 370, Max: 13000
[2025-01-09 09:04:10] [INFO] Generated wait time: 3198 ms
[2025-01-09 09:53:17] [SUCCESS] Iteration 4 completed successfully (Duration: 48976.32 seconds)
[2025-01-09 09:53:17] [INFO] Iteration Statistics:
  Iteration: 4
  MaxWait: 30000
  MinWait: 1470
  Duration: 48976.32 seconds
  GeneratedWait: 24502
  EndTime: 2025-01-09 09:53:17
  StartTime: 2025-01-08 20:17:01
[2025-01-09 09:53:17] [INFO] Starting iteration 5
[2025-01-09 09:53:17] [INFO] Using wait times - Min: 370, Max: 13000
[2025-01-09 09:53:17] [INFO] Generated wait time: 12602 ms
[2025-01-09 15:04:39] [SUCCESS] Iteration 4 completed successfully (Duration: 30205.58 seconds)
[2025-01-09 15:04:39] [INFO] Iteration Statistics:
  Iteration: 4
  MaxWait: 30000
  MinWait: 1470
  Duration: 30205.58 seconds
  GeneratedWait: 21115
  EndTime: 2025-01-09 15:04:39
  StartTime: 2025-01-09 06:41:13
[2025-01-09 15:04:39] [INFO] Starting iteration 5
[2025-01-09 15:04:39] [INFO] Using wait times - Min: 370, Max: 13000
[2025-01-09 15:04:39] [INFO] Generated wait time: 11188 ms
[2025-01-09 15:05:12] [SUCCESS] Iteration 5 completed successfully (Duration: 22044.74 seconds)
[2025-01-09 15:05:12] [INFO] Iteration Statistics:
  Iteration: 5
  MaxWait: 13000
  MinWait: 370
  Duration: 22044.74 seconds
  GeneratedWait: 1344
  EndTime: 2025-01-09 15:05:12
  StartTime: 2025-01-09 08:57:47
[2025-01-09 15:05:12] [INFO] Starting iteration 6
[2025-01-09 15:05:12] [INFO] Using wait times - Min: 170, Max: 1500
[2025-01-09 15:05:12] [INFO] Generated wait time: 320 ms
[2025-01-09 15:08:19] [SUCCESS] Iteration 5 completed successfully (Duration: 34267.95 seconds)
[2025-01-09 15:08:19] [INFO] Iteration Statistics:
  Iteration: 5
  MaxWait: 13000
  MinWait: 370
  Duration: 34267.95 seconds
  GeneratedWait: 6577
  EndTime: 2025-01-09 15:08:19
  StartTime: 2025-01-09 05:37:11
[2025-01-09 15:08:19] [INFO] Starting iteration 6
[2025-01-09 15:08:19] [INFO] Using wait times - Min: 170, Max: 1500
[2025-01-09 15:08:19] [INFO] Generated wait time: 1089 ms
[2025-01-09 15:09:59] [SUCCESS] Iteration 5 completed successfully (Duration: 24067.80 seconds)
[2025-01-09 15:09:59] [INFO] Iteration Statistics:
  Iteration: 5
  MaxWait: 13000
  MinWait: 370
  Duration: 24067.80 seconds
  GeneratedWait: 2058
  EndTime: 2025-01-09 15:09:59
  StartTime: 2025-01-09 08:28:51
[2025-01-09 15:09:59] [INFO] Starting iteration 6
[2025-01-09 15:09:59] [INFO] Using wait times - Min: 170, Max: 1500
[2025-01-09 15:09:59] [INFO] Generated wait time: 591 ms
[2025-01-09 15:13:08] [SUCCESS] Iteration 6 completed successfully (Duration: 29303.88 seconds)
[2025-01-09 15:13:08] [INFO] Iteration Statistics:
  Iteration: 6
  MaxWait: 1500
  MinWait: 170
  Duration: 29303.88 seconds
  GeneratedWait: 354
  EndTime: 2025-01-09 15:13:08
  StartTime: 2025-01-09 07:04:44
[2025-01-09 15:13:08] [SUCCESS] All iterations completed successfully
[2025-01-09 15:13:08] [SUCCESS] Final Summary:
  Start Time: 2025-01-08 01:38:42
  End Time: 2025-01-09 15:13:08
  Instance ID: interlending-2025-Jan-08-0138
  Total Iterations: 6
  Total Duration: 2254.44 minutes
  Average Duration: 375.74 minutes per iteration
[2025-01-09 15:15:40] [SUCCESS] Iteration 4 completed successfully (Duration: 39427.69 seconds)
[2025-01-09 15:15:40] [INFO] Iteration Statistics:
  Iteration: 4
  MaxWait: 30000
  MinWait: 1470
  Duration: 39427.69 seconds
  GeneratedWait: 26752
  EndTime: 2025-01-09 15:15:40
  StartTime: 2025-01-09 04:18:32
[2025-01-09 15:15:40] [INFO] Starting iteration 5
[2025-01-09 15:15:40] [INFO] Using wait times - Min: 370, Max: 13000
[2025-01-09 15:15:40] [INFO] Generated wait time: 1531 ms
[2025-01-09 15:17:10] [SUCCESS] Iteration 4 completed successfully (Duration: 41142.56 seconds)
[2025-01-09 15:17:10] [INFO] Iteration Statistics:
  Iteration: 4
  MaxWait: 30000
  MinWait: 1470
  Duration: 41142.56 seconds
  GeneratedWait: 16775
  EndTime: 2025-01-09 15:17:10
  StartTime: 2025-01-09 03:51:27
[2025-01-09 15:17:10] [INFO] Starting iteration 5
[2025-01-09 15:17:10] [INFO] Using wait times - Min: 370, Max: 13000
[2025-01-09 15:17:10] [INFO] Generated wait time: 9565 ms
[2025-01-09 15:17:53] [SUCCESS] Iteration 5 completed successfully (Duration: 22422.26 seconds)
[2025-01-09 15:17:53] [INFO] Iteration Statistics:
  Iteration: 5
  MaxWait: 13000
  MinWait: 370
  Duration: 22422.26 seconds
  GeneratedWait: 3198
  EndTime: 2025-01-09 15:17:53
  StartTime: 2025-01-09 09:04:10
[2025-01-09 15:17:53] [INFO] Starting iteration 6
[2025-01-09 15:17:53] [INFO] Using wait times - Min: 170, Max: 1500
[2025-01-09 15:17:53] [INFO] Generated wait time: 1347 ms
[2025-01-09 15:34:10] [SUCCESS] Iteration 5 completed successfully (Duration: 20452.66 seconds)
[2025-01-09 15:34:10] [INFO] Iteration Statistics:
  Iteration: 5
  MaxWait: 13000
  MinWait: 370
  Duration: 20452.66 seconds
  GeneratedWait: 12602
  EndTime: 2025-01-09 15:34:10
  StartTime: 2025-01-09 09:53:17
[2025-01-09 15:34:10] [INFO] Starting iteration 6
[2025-01-09 15:34:10] [INFO] Using wait times - Min: 170, Max: 1500
[2025-01-09 15:34:10] [INFO] Generated wait time: 922 ms
[2025-01-09 15:40:29] [SUCCESS] Iteration 5 completed successfully (Duration: 25166.89 seconds)
[2025-01-09 15:40:29] [INFO] Iteration Statistics:
  Iteration: 5
  MaxWait: 13000
  MinWait: 370
  Duration: 25166.89 seconds
  GeneratedWait: 3075
  EndTime: 2025-01-09 15:40:29
  StartTime: 2025-01-09 08:41:02
[2025-01-09 15:40:29] [INFO] Starting iteration 6
[2025-01-09 15:40:29] [INFO] Using wait times - Min: 170, Max: 1500
[2025-01-09 15:40:29] [INFO] Generated wait time: 751 ms
[2025-01-09 15:48:00] [SUCCESS] Iteration 5 completed successfully (Duration: 29710.83 seconds)
[2025-01-09 15:48:00] [INFO] Iteration Statistics:
  Iteration: 5
  MaxWait: 13000
  MinWait: 370
  Duration: 29710.83 seconds
  GeneratedWait: 2402
  EndTime: 2025-01-09 15:48:00
  StartTime: 2025-01-09 07:32:49
[2025-01-09 15:48:00] [INFO] Starting iteration 6
[2025-01-09 15:48:00] [INFO] Using wait times - Min: 170, Max: 1500
[2025-01-09 15:48:00] [INFO] Generated wait time: 917 ms
[2025-01-09 16:58:44] [SUCCESS] Iteration 5 completed successfully (Duration: 32616.78 seconds)
[2025-01-09 16:58:44] [INFO] Iteration Statistics:
  Iteration: 5
  MaxWait: 13000
  MinWait: 370
  Duration: 32616.78 seconds
  GeneratedWait: 6239
  EndTime: 2025-01-09 16:58:44
  StartTime: 2025-01-09 07:55:07
[2025-01-09 16:58:44] [INFO] Starting iteration 6
[2025-01-09 16:58:44] [INFO] Using wait times - Min: 170, Max: 1500
[2025-01-09 16:58:44] [INFO] Generated wait time: 1092 ms
[2025-01-09 20:55:55] [SUCCESS] Iteration 6 completed successfully (Duration: 20755.81 seconds)
[2025-01-09 20:55:55] [INFO] Iteration Statistics:
  Iteration: 6
  MaxWait: 1500
  MinWait: 170
  Duration: 20755.81 seconds
  GeneratedWait: 591
  EndTime: 2025-01-09 20:55:55
  StartTime: 2025-01-09 15:09:59
[2025-01-09 20:55:55] [SUCCESS] All iterations completed successfully
[2025-01-09 20:55:55] [SUCCESS] Final Summary:
  Start Time: 2025-01-08 01:38:35
  End Time: 2025-01-09 20:55:55
  Instance ID: polyclinics-2025-Jan-08-0138
  Total Iterations: 6
  Total Duration: 2597.34 minutes
  Average Duration: 432.89 minutes per iteration
[2025-01-09 20:58:33] [SUCCESS] Iteration 6 completed successfully (Duration: 21201.15 seconds)
[2025-01-09 20:58:33] [INFO] Iteration Statistics:
  Iteration: 6
  MaxWait: 1500
  MinWait: 170
  Duration: 21201.15 seconds
  GeneratedWait: 320
  EndTime: 2025-01-09 20:58:33
  StartTime: 2025-01-09 15:05:12
[2025-01-09 20:58:33] [SUCCESS] All iterations completed successfully
[2025-01-09 20:58:33] [SUCCESS] Final Summary:
  Start Time: 2025-01-08 01:55:19
  End Time: 2025-01-09 20:58:33
  Instance ID: reutilizations-2025-Jan-08-0155
  Total Iterations: 6
  Total Duration: 2583.24 minutes
  Average Duration: 430.54 minutes per iteration
[2025-01-09 20:59:36] [SUCCESS] Iteration 6 completed successfully (Duration: 20502.83 seconds)
[2025-01-09 20:59:36] [INFO] Iteration Statistics:
  Iteration: 6
  MaxWait: 1500
  MinWait: 170
  Duration: 20502.83 seconds
  GeneratedWait: 1347
  EndTime: 2025-01-09 20:59:36
  StartTime: 2025-01-09 15:17:53
[2025-01-09 20:59:36] [SUCCESS] All iterations completed successfully
[2025-01-09 20:59:36] [SUCCESS] Final Summary:
  Start Time: 2025-01-08 01:38:28
  End Time: 2025-01-09 20:59:36
  Instance ID: axoplasm-2025-Jan-08-0138
  Total Iterations: 6
  Total Duration: 2601.13 minutes
  Average Duration: 433.52 minutes per iteration
[2025-01-09 21:03:15] [SUCCESS] Iteration 6 completed successfully (Duration: 21296.48 seconds)
[2025-01-09 21:03:15] [INFO] Iteration Statistics:
  Iteration: 6
  MaxWait: 1500
  MinWait: 170
  Duration: 21296.48 seconds
  GeneratedWait: 1089
  EndTime: 2025-01-09 21:03:15
  StartTime: 2025-01-09 15:08:19
[2025-01-09 21:03:15] [SUCCESS] All iterations completed successfully
[2025-01-09 21:03:15] [SUCCESS] Final Summary:
  Start Time: 2025-01-08 01:47:01
  End Time: 2025-01-09 21:03:15
  Instance ID: intendeds-2025-Jan-08-0147
  Total Iterations: 6
  Total Duration: 2596.24 minutes
  Average Duration: 432.71 minutes per iteration
[2025-01-09 21:17:53] [SUCCESS] Iteration 6 completed successfully (Duration: 20623.16 seconds)
[2025-01-09 21:17:53] [INFO] Iteration Statistics:
  Iteration: 6
  MaxWait: 1500
  MinWait: 170
  Duration: 20623.16 seconds
  GeneratedWait: 922
  EndTime: 2025-01-09 21:17:53
  StartTime: 2025-01-09 15:34:10
[2025-01-09 21:17:53] [SUCCESS] All iterations completed successfully
[2025-01-09 21:17:53] [SUCCESS] Final Summary:
  Start Time: 2025-01-08 01:38:46
  End Time: 2025-01-09 21:17:53
  Instance ID: overaction-2025-Jan-08-0138
  Total Iterations: 6
  Total Duration: 2619.13 minutes
  Average Duration: 436.52 minutes per iteration
[2025-01-09 21:19:13] [SUCCESS] Iteration 6 completed successfully (Duration: 20324.64 seconds)
[2025-01-09 21:19:13] [INFO] Iteration Statistics:
  Iteration: 6
  MaxWait: 1500
  MinWait: 170
  Duration: 20324.64 seconds
  GeneratedWait: 751
  EndTime: 2025-01-09 21:19:13
  StartTime: 2025-01-09 15:40:29
[2025-01-09 21:19:14] [SUCCESS] All iterations completed successfully
[2025-01-09 21:19:14] [SUCCESS] Final Summary:
  Start Time: 2025-01-08 01:38:49
  End Time: 2025-01-09 21:19:13
  Instance ID: cheering-2025-Jan-08-0138
  Total Iterations: 6
  Total Duration: 2620.41 minutes
  Average Duration: 436.73 minutes per iteration
[2025-01-09 21:23:47] [SUCCESS] Iteration 6 completed successfully (Duration: 20147.64 seconds)
[2025-01-09 21:23:47] [INFO] Iteration Statistics:
  Iteration: 6
  MaxWait: 1500
  MinWait: 170
  Duration: 20147.64 seconds
  GeneratedWait: 917
  EndTime: 2025-01-09 21:23:47
  StartTime: 2025-01-09 15:48:00
[2025-01-09 21:23:47] [SUCCESS] All iterations completed successfully
[2025-01-09 21:23:47] [SUCCESS] Final Summary:
  Start Time: 2025-01-08 01:54:52
  End Time: 2025-01-09 21:23:47
  Instance ID: bilharzia-2025-Jan-08-0154
  Total Iterations: 6
  Total Duration: 2608.93 minutes
  Average Duration: 434.82 minutes per iteration
[2025-01-09 22:02:32] [SUCCESS] Iteration 5 completed successfully (Duration: 24322.21 seconds)
[2025-01-09 22:02:32] [INFO] Iteration Statistics:
  Iteration: 5
  MaxWait: 13000
  MinWait: 370
  Duration: 24322.21 seconds
  GeneratedWait: 9565
  EndTime: 2025-01-09 22:02:32
  StartTime: 2025-01-09 15:17:10
[2025-01-09 22:02:32] [INFO] Starting iteration 6
[2025-01-09 22:02:32] [INFO] Using wait times - Min: 170, Max: 1500
[2025-01-09 22:02:32] [INFO] Generated wait time: 1148 ms
[2025-01-09 22:34:21] [SUCCESS] Iteration 6 completed successfully (Duration: 20137.78 seconds)
[2025-01-09 22:34:21] [INFO] Iteration Statistics:
  Iteration: 6
  MaxWait: 1500
  MinWait: 170
  Duration: 20137.78 seconds
  GeneratedWait: 1092
  EndTime: 2025-01-09 22:34:21
  StartTime: 2025-01-09 16:58:44
[2025-01-09 22:34:21] [SUCCESS] All iterations completed successfully
[2025-01-09 22:34:21] [SUCCESS] Final Summary:
  Start Time: 2025-01-08 01:38:38
  End Time: 2025-01-09 22:34:21
  Instance ID: harbor-2025-Jan-08-0138
  Total Iterations: 6
  Total Duration: 2695.73 minutes
  Average Duration: 449.29 minutes per iteration
[2025-01-09 22:58:16] [SUCCESS] Iteration 5 completed successfully (Duration: 27755.56 seconds)
[2025-01-09 22:58:16] [INFO] Iteration Statistics:
  Iteration: 5
  MaxWait: 13000
  MinWait: 370
  Duration: 27755.56 seconds
  GeneratedWait: 1531
  EndTime: 2025-01-09 22:58:16
  StartTime: 2025-01-09 15:15:40
[2025-01-09 22:58:16] [INFO] Starting iteration 6
[2025-01-09 22:58:16] [INFO] Using wait times - Min: 170, Max: 1500
[2025-01-09 22:58:16] [INFO] Generated wait time: 366 ms
[2025-01-09 23:54:22] [SUCCESS] Iteration 5 completed successfully (Duration: 31783.07 seconds)
[2025-01-09 23:54:22] [INFO] Iteration Statistics:
  Iteration: 5
  MaxWait: 13000
  MinWait: 370
  Duration: 31783.07 seconds
  GeneratedWait: 11188
  EndTime: 2025-01-09 23:54:22
  StartTime: 2025-01-09 15:04:39
[2025-01-09 23:54:22] [INFO] Starting iteration 6
[2025-01-09 23:54:22] [INFO] Using wait times - Min: 170, Max: 1500
[2025-01-09 23:54:22] [INFO] Generated wait time: 820 ms
[2025-01-09 20:49:28] [SUCCESS] Iteration 4 completed successfully (Duration: 55663.79 seconds)
[2025-01-10 00:42:37] [INFO] Iteration Statistics:
  Iteration: 4
  MaxWait: 30000
  MinWait: 1470
  Duration: 55663.79 seconds
  GeneratedWait: 6669
  EndTime: 2025-01-09 20:49:28
  StartTime: 2025-01-09 05:21:44
[2025-01-10 00:42:37] [INFO] Starting iteration 5
[2025-01-10 00:42:37] [INFO] Using wait times - Min: 370, Max: 13000
[2025-01-10 00:42:37] [INFO] Generated wait time: 10748 ms
[2025-01-10 03:36:11] [SUCCESS] Iteration 6 completed successfully (Duration: 20019.23 seconds)
[2025-01-10 03:36:11] [INFO] Iteration Statistics:
  Iteration: 6
  MaxWait: 1500
  MinWait: 170
  Duration: 20019.23 seconds
  GeneratedWait: 1148
  EndTime: 2025-01-10 03:36:11
  StartTime: 2025-01-09 22:02:32
[2025-01-10 03:36:11] [SUCCESS] All iterations completed successfully
[2025-01-10 03:36:11] [SUCCESS] Final Summary:
  Start Time: 2025-01-08 10:36:54
  End Time: 2025-01-10 03:36:11
  Instance ID: randomly-2025-Jan-08-1036
  Total Iterations: 6
  Total Duration: 2459.29 minutes
  Average Duration: 409.88 minutes per iteration
[2025-01-10 04:19:47] [SUCCESS] Iteration 6 completed successfully (Duration: 19291.77 seconds)
[2025-01-10 04:19:47] [INFO] Iteration Statistics:
  Iteration: 6
  MaxWait: 1500
  MinWait: 170
  Duration: 19291.77 seconds
  GeneratedWait: 366
  EndTime: 2025-01-10 04:19:47
  StartTime: 2025-01-09 22:58:16
[2025-01-10 04:19:47] [SUCCESS] All iterations completed successfully
[2025-01-10 04:19:47] [SUCCESS] Final Summary:
  Start Time: 2025-01-08 10:37:35
  End Time: 2025-01-10 04:19:47
  Instance ID: causatives-2025-Jan-08-1037
  Total Iterations: 6
  Total Duration: 2502.21 minutes
  Average Duration: 417.04 minutes per iteration
[2025-01-10 05:42:09] [SUCCESS] Iteration 6 completed successfully (Duration: 20867.11 seconds)
[2025-01-10 05:42:09] [INFO] Iteration Statistics:
  Iteration: 6
  MaxWait: 1500
  MinWait: 170
  Duration: 20867.11 seconds
  GeneratedWait: 820
  EndTime: 2025-01-10 05:42:09
  StartTime: 2025-01-09 23:54:22
[2025-01-10 05:42:09] [SUCCESS] All iterations completed successfully
[2025-01-10 05:42:09] [SUCCESS] Final Summary:
  Start Time: 2025-01-08 12:22:37
  End Time: 2025-01-10 05:42:09
  Instance ID: grapevine-2025-Jan-08-1222
  Total Iterations: 6
  Total Duration: 2479.54 minutes
  Average Duration: 413.26 minutes per iteration
[2025-01-10 08:32:02] [SUCCESS] Iteration 5 completed successfully (Duration: 28164.49 seconds)
[2025-01-10 08:32:02] [INFO] Iteration Statistics:
  Iteration: 5
  MaxWait: 13000
  MinWait: 370
  Duration: 28164.49 seconds
  GeneratedWait: 10748
  EndTime: 2025-01-10 08:32:02
  StartTime: 2025-01-10 00:42:37
[2025-01-10 08:32:02] [INFO] Starting iteration 6
[2025-01-10 08:32:02] [INFO] Using wait times - Min: 170, Max: 1500
[2025-01-10 08:32:02] [INFO] Generated wait time: 808 ms
[2025-01-10 14:06:26] [SUCCESS] Iteration 6 completed successfully (Duration: 20064.16 seconds)
[2025-01-10 14:06:26] [INFO] Iteration Statistics:
  Iteration: 6
  MaxWait: 1500
  MinWait: 170
  Duration: 20064.16 seconds
  GeneratedWait: 808
  EndTime: 2025-01-10 14:06:26
  StartTime: 2025-01-10 08:32:02
[2025-01-10 14:06:26] [SUCCESS] All iterations completed successfully
[2025-01-10 14:06:26] [SUCCESS] Final Summary:
  Start Time: 2025-01-08 10:38:02
  End Time: 2025-01-10 14:06:26
  Instance ID: psychoneurosis-2025-Jan-08-1038
  Total Iterations: 6
  Total Duration: 3088.41 minutes
  Average Duration: 514.73 minutes per iteration
