[2024-12-11 03:45:35] [Information] Successfully registered scheduled task
[2024-12-11 03:45:35] [Information] WiFi connection manager started
[2024-12-11 03:45:36] [Warning] No current WiFi connection
[2024-12-11 03:45:36] [Information] Scanning for preferred networks...
[2024-12-11 03:45:36] [Information] Found 5 networks
[2024-12-11 03:45:36] [Information] Attempting to connect to Merlin Wharf
[2024-12-11 03:45:41] [Information] Currently connected to: Merlin Wharf
[2024-12-11 03:45:41] [Information] Successfully connected to Merlin Wharf
[2024-12-11 03:45:41] [Information] Waiting 26 minutes before next check...
[2024-12-11 04:11:41] [Information] Currently connected to: Merlin Wharf
[2024-12-11 04:11:41] [Information] Already connected to preferred network: Merlin Wharf
[2024-12-11 04:11:41] [Information] Waiting 16 minutes before next check...
[2024-12-11 04:27:41] [Information] Currently connected to: Merlin Wharf
[2024-12-11 04:27:41] [Information] Already connected to preferred network: Merlin Wharf
[2024-12-11 04:27:41] [Information] Waiting 19 minutes before next check...
[2024-12-11 04:46:42] [Information] Currently connected to: Merlin Wharf
[2024-12-11 04:46:42] [Information] Already connected to preferred network: Merlin Wharf
[2024-12-11 04:46:42] [Information] Waiting 19 minutes before next check...
[2024-12-11 05:05:42] [Information] Currently connected to: Merlin Wharf
[2024-12-11 05:05:42] [Information] Already connected to preferred network: Merlin Wharf
[2024-12-11 05:05:42] [Information] Waiting 18 minutes before next check...
[2024-12-11 05:23:42] [Information] Currently connected to: Merlin Wharf
[2024-12-11 05:23:42] [Information] Already connected to preferred network: Merlin Wharf
[2024-12-11 05:23:42] [Information] Waiting 18 minutes before next check...
[2024-12-11 05:41:42] [Information] Currently connected to: Merlin Wharf
[2024-12-11 05:41:42] [Information] Already connected to preferred network: Merlin Wharf
[2024-12-11 05:41:42] [Information] Waiting 23 minutes before next check...
[2024-12-11 06:04:42] [Information] Currently connected to: Merlin Wharf
[2024-12-11 06:04:42] [Information] Already connected to preferred network: Merlin Wharf
[2024-12-11 06:04:42] [Information] Waiting 23 minutes before next check...
[2024-12-11 06:27:42] [Information] Currently connected to: Merlin Wharf
[2024-12-11 06:27:42] [Information] Already connected to preferred network: Merlin Wharf
[2024-12-11 06:27:42] [Information] Waiting 17 minutes before next check...
[2024-12-11 06:44:42] [Information] Currently connected to: Merlin Wharf
[2024-12-11 06:44:42] [Information] Already connected to preferred network: Merlin Wharf
[2024-12-11 06:44:42] [Information] Waiting 14 minutes before next check...
[2024-12-11 06:58:42] [Information] Currently connected to: Merlin Wharf
[2024-12-11 06:58:42] [Information] Already connected to preferred network: Merlin Wharf
[2024-12-11 06:58:42] [Information] Waiting 22 minutes before next check...
[2024-12-11 07:20:42] [Information] Currently connected to: Merlin Wharf
[2024-12-11 07:20:42] [Information] Already connected to preferred network: Merlin Wharf
[2024-12-11 07:20:42] [Information] Waiting 23 minutes before next check...
[2024-12-11 07:43:42] [Information] Currently connected to: Merlin Wharf
[2024-12-11 07:43:42] [Information] Already connected to preferred network: Merlin Wharf
[2024-12-11 07:43:42] [Information] Waiting 18 minutes before next check...
[2024-12-11 08:01:42] [Information] Currently connected to: Merlin Wharf
[2024-12-11 08:01:42] [Information] Already connected to preferred network: Merlin Wharf
[2024-12-11 08:01:42] [Information] Waiting 12 minutes before next check...
[2024-12-11 08:13:42] [Information] Currently connected to: Merlin Wharf
[2024-12-11 08:13:42] [Information] Already connected to preferred network: Merlin Wharf
[2024-12-11 08:13:42] [Information] Waiting 18 minutes before next check...
[2024-12-11 08:31:42] [Information] Currently connected to: Merlin Wharf
[2024-12-11 08:31:42] [Information] Already connected to preferred network: Merlin Wharf
[2024-12-11 08:31:42] [Information] Waiting 29 minutes before next check...
[2024-12-11 09:00:42] [Information] Currently connected to: Merlin Wharf
[2024-12-11 09:00:42] [Information] Already connected to preferred network: Merlin Wharf
[2024-12-11 09:00:42] [Information] Waiting 23 minutes before next check...
[2024-12-11 09:23:42] [Information] Currently connected to: Merlin Wharf
[2024-12-11 09:23:42] [Information] Already connected to preferred network: Merlin Wharf
[2024-12-11 09:23:42] [Information] Waiting 19 minutes before next check...
[2024-12-11 09:42:43] [Information] Currently connected to: Merlin Wharf
[2024-12-11 09:42:43] [Information] Already connected to preferred network: Merlin Wharf
[2024-12-11 09:42:43] [Information] Waiting 28 minutes before next check...
[2024-12-11 10:10:43] [Information] Currently connected to: Merlin Wharf
[2024-12-11 10:10:43] [Information] Already connected to preferred network: Merlin Wharf
[2024-12-11 10:10:43] [Information] Waiting 27 minutes before next check...
[2024-12-11 10:37:43] [Information] Currently connected to: Merlin Wharf
[2024-12-11 10:37:43] [Information] Already connected to preferred network: Merlin Wharf
[2024-12-11 10:37:43] [Information] Waiting 17 minutes before next check...
[2024-12-11 10:54:43] [Information] Currently connected to: Merlin Wharf
[2024-12-11 10:54:43] [Information] Already connected to preferred network: Merlin Wharf
[2024-12-11 10:54:43] [Information] Waiting 13 minutes before next check...
[2024-12-11 11:07:43] [Information] Currently connected to: Merlin Wharf
[2024-12-11 11:07:43] [Information] Already connected to preferred network: Merlin Wharf
[2024-12-11 11:07:43] [Information] Waiting 23 minutes before next check...
[2024-12-11 11:30:43] [Information] Currently connected to: Merlin Wharf
[2024-12-11 11:30:43] [Information] Already connected to preferred network: Merlin Wharf
[2024-12-11 11:30:43] [Information] Waiting 29 minutes before next check...
[2024-12-11 11:59:43] [Information] Currently connected to: Merlin Wharf
[2024-12-11 11:59:43] [Information] Already connected to preferred network: Merlin Wharf
[2024-12-11 11:59:43] [Information] Waiting 27 minutes before next check...
[2024-12-11 12:26:43] [Information] Currently connected to: Merlin Wharf
[2024-12-11 12:26:43] [Information] Already connected to preferred network: Merlin Wharf
[2024-12-11 12:26:43] [Information] Waiting 19 minutes before next check...
[2024-12-11 12:45:43] [Information] Currently connected to: Merlin Wharf
[2024-12-11 12:45:43] [Information] Already connected to preferred network: Merlin Wharf
[2024-12-11 12:45:43] [Information] Waiting 10 minutes before next check...
[2024-12-11 12:55:43] [Information] Currently connected to: Merlin Wharf
[2024-12-11 12:55:43] [Information] Already connected to preferred network: Merlin Wharf
[2024-12-11 12:55:43] [Information] Waiting 24 minutes before next check...
[2024-12-11 13:19:43] [Information] Currently connected to: Merlin Wharf
[2024-12-11 13:19:43] [Information] Already connected to preferred network: Merlin Wharf
[2024-12-11 13:19:43] [Information] Waiting 25 minutes before next check...
[2024-12-11 13:44:43] [Information] Currently connected to: Merlin Wharf
[2024-12-11 13:44:43] [Information] Already connected to preferred network: Merlin Wharf
[2024-12-11 13:44:43] [Information] Waiting 14 minutes before next check...
[2024-12-11 13:58:43] [Information] Currently connected to: Merlin Wharf
[2024-12-11 13:58:43] [Information] Already connected to preferred network: Merlin Wharf
[2024-12-11 13:58:43] [Information] Waiting 21 minutes before next check...
[2024-12-11 14:19:43] [Information] Currently connected to: Merlin Wharf
[2024-12-11 14:19:43] [Information] Already connected to preferred network: Merlin Wharf
[2024-12-11 14:19:43] [Information] Waiting 15 minutes before next check...
[2024-12-11 14:34:43] [Information] Currently connected to: Merlin Wharf
[2024-12-11 14:34:43] [Information] Already connected to preferred network: Merlin Wharf
[2024-12-11 14:34:43] [Information] Waiting 24 minutes before next check...
[2024-12-11 14:58:44] [Information] Currently connected to: Merlin Wharf
[2024-12-11 14:58:44] [Information] Already connected to preferred network: Merlin Wharf
[2024-12-11 14:58:44] [Information] Waiting 25 minutes before next check...
[2024-12-11 15:23:44] [Information] Currently connected to: Merlin Wharf
[2024-12-11 15:23:44] [Information] Already connected to preferred network: Merlin Wharf
[2024-12-11 15:23:44] [Information] Waiting 11 minutes before next check...
[2024-12-11 15:34:44] [Information] Currently connected to: Merlin Wharf
[2024-12-11 15:34:44] [Information] Already connected to preferred network: Merlin Wharf
[2024-12-11 15:34:44] [Information] Waiting 29 minutes before next check...
[2024-12-11 16:03:44] [Information] Currently connected to: Merlin Wharf
[2024-12-11 16:03:44] [Information] Already connected to preferred network: Merlin Wharf
[2024-12-11 16:03:44] [Information] Waiting 28 minutes before next check...
[2024-12-11 16:31:44] [Information] Currently connected to: Merlin Wharf
[2024-12-11 16:31:44] [Information] Already connected to preferred network: Merlin Wharf
[2024-12-11 16:31:44] [Information] Waiting 28 minutes before next check...
[2024-12-11 16:59:44] [Information] Currently connected to: Merlin Wharf
[2024-12-11 16:59:44] [Information] Already connected to preferred network: Merlin Wharf
[2024-12-11 16:59:44] [Information] Waiting 15 minutes before next check...
[2024-12-11 17:14:44] [Information] Currently connected to: Merlin Wharf
[2024-12-11 17:14:44] [Information] Already connected to preferred network: Merlin Wharf
[2024-12-11 17:14:44] [Information] Waiting 11 minutes before next check...
[2024-12-11 17:25:44] [Information] Currently connected to: Merlin Wharf
[2024-12-11 17:25:44] [Information] Already connected to preferred network: Merlin Wharf
[2024-12-11 17:25:44] [Information] Waiting 21 minutes before next check...
[2024-12-11 17:46:44] [Information] Currently connected to: Merlin Wharf
[2024-12-11 17:46:44] [Information] Already connected to preferred network: Merlin Wharf
[2024-12-11 17:46:44] [Information] Waiting 23 minutes before next check...
[2024-12-11 18:09:44] [Information] Currently connected to: Merlin Wharf
[2024-12-11 18:09:44] [Information] Already connected to preferred network: Merlin Wharf
[2024-12-11 18:09:44] [Information] Waiting 28 minutes before next check...
[2024-12-11 18:37:44] [Information] Currently connected to: Merlin Wharf
[2024-12-11 18:37:44] [Information] Already connected to preferred network: Merlin Wharf
[2024-12-11 18:37:44] [Information] Waiting 26 minutes before next check...
[2024-12-11 19:03:44] [Information] Currently connected to: Merlin Wharf
[2024-12-11 19:03:44] [Information] Already connected to preferred network: Merlin Wharf
[2024-12-11 19:03:44] [Information] Waiting 20 minutes before next check...
[2024-12-11 19:23:44] [Information] Currently connected to: Merlin Wharf
[2024-12-11 19:23:44] [Information] Already connected to preferred network: Merlin Wharf
[2024-12-11 19:23:44] [Information] Waiting 14 minutes before next check...
[2024-12-11 19:37:44] [Information] Currently connected to: Merlin Wharf
[2024-12-11 19:37:44] [Information] Already connected to preferred network: Merlin Wharf
[2024-12-11 19:37:44] [Information] Waiting 13 minutes before next check...
[2024-12-11 19:50:44] [Information] Currently connected to: Merlin Wharf
[2024-12-11 19:50:44] [Information] Already connected to preferred network: Merlin Wharf
[2024-12-11 19:50:44] [Information] Waiting 12 minutes before next check...
[2024-12-11 20:02:45] [Information] Currently connected to: Merlin Wharf
[2024-12-11 20:02:45] [Information] Already connected to preferred network: Merlin Wharf
[2024-12-11 20:02:45] [Information] Waiting 28 minutes before next check...
[2024-12-11 20:30:45] [Information] Currently connected to: Merlin Wharf
[2024-12-11 20:30:45] [Information] Already connected to preferred network: Merlin Wharf
[2024-12-11 20:30:45] [Information] Waiting 16 minutes before next check...
[2024-12-11 20:46:45] [Information] Currently connected to: Merlin Wharf
[2024-12-11 20:46:45] [Information] Already connected to preferred network: Merlin Wharf
[2024-12-11 20:46:45] [Information] Waiting 29 minutes before next check...
[2024-12-11 21:15:45] [Information] Currently connected to: Merlin Wharf
[2024-12-11 21:15:45] [Information] Already connected to preferred network: Merlin Wharf
[2024-12-11 21:15:45] [Information] Waiting 25 minutes before next check...
[2024-12-11 21:40:45] [Information] Currently connected to: Merlin Wharf
[2024-12-11 21:40:45] [Information] Already connected to preferred network: Merlin Wharf
[2024-12-11 21:40:45] [Information] Waiting 13 minutes before next check...
[2024-12-11 21:53:45] [Information] Currently connected to: Merlin Wharf
[2024-12-11 21:53:45] [Information] Already connected to preferred network: Merlin Wharf
[2024-12-11 21:53:45] [Information] Waiting 20 minutes before next check...
[2024-12-11 22:13:45] [Information] Currently connected to: Merlin Wharf
[2024-12-11 22:13:45] [Information] Already connected to preferred network: Merlin Wharf
[2024-12-11 22:13:45] [Information] Waiting 25 minutes before next check...
[2024-12-11 22:38:45] [Information] Currently connected to: Merlin Wharf
[2024-12-11 22:38:45] [Information] Already connected to preferred network: Merlin Wharf
[2024-12-11 22:38:45] [Information] Waiting 14 minutes before next check...
[2024-12-11 22:52:45] [Information] Currently connected to: Merlin Wharf
[2024-12-11 22:52:45] [Information] Already connected to preferred network: Merlin Wharf
[2024-12-11 22:52:45] [Information] Waiting 21 minutes before next check...
[2024-12-11 23:13:45] [Information] Currently connected to: Merlin Wharf
[2024-12-11 23:13:45] [Information] Already connected to preferred network: Merlin Wharf
[2024-12-11 23:13:45] [Information] Waiting 13 minutes before next check...
[2024-12-11 23:26:45] [Information] Currently connected to: Merlin Wharf
[2024-12-11 23:26:45] [Information] Already connected to preferred network: Merlin Wharf
[2024-12-11 23:26:45] [Information] Waiting 21 minutes before next check...
[2024-12-11 23:47:45] [Information] Currently connected to: Merlin Wharf
[2024-12-11 23:47:45] [Information] Already connected to preferred network: Merlin Wharf
[2024-12-11 23:47:45] [Information] Waiting 26 minutes before next check...
