[2025-06-15 09:01:56] [INFO] === LOG ROTATED TO NEW DATE: 20250615 ===
[2025-06-15 09:01:56] [DEBUG] === MONITOR CHECK CYCLE ===
[2025-06-15 09:01:56] [DEBUG] Found 5 running PowerShell terminal windows (excluding monitoring window)
[2025-06-15 09:01:56] [INFO] Monitor Status: Running=5, Required=4, Max=7
[2025-06-15 09:01:56] [DEBUG] Window count OK: 5 >= 4 (minimum)
[2025-06-15 09:01:56] [DEBUG] Next monitor check at: 09:10:56
[2025-06-15 09:01:56] [DEBUG] === MONITOR CHECK COMPLETE ===
[2025-06-15 09:10:56] [DEBUG] === MONITOR CHECK CYCLE ===
[2025-06-15 09:10:56] [DEBUG] Found 5 running PowerShell terminal windows (excluding monitoring window)
[2025-06-15 09:10:56] [INFO] Monitor Status: Running=5, Required=4, Max=7
[2025-06-15 09:10:56] [DEBUG] Window count OK: 5 >= 4 (minimum)
[2025-06-15 09:10:56] [DEBUG] Next monitor check at: 09:19:56
[2025-06-15 09:10:56] [DEBUG] === MONITOR CHECK COMPLETE ===
[2025-06-15 09:19:56] [DEBUG] === MONITOR CHECK CYCLE ===
[2025-06-15 09:19:57] [DEBUG] Found 3 running PowerShell terminal windows (excluding monitoring window)
[2025-06-15 09:19:57] [INFO] Monitor Status: Running=3, Required=4, Max=7
[2025-06-15 09:19:57] [WARN] *** LOW WINDOW COUNT DETECTED ***
[2025-06-15 09:19:57] [WARN] Running: 3, Required: 4, Available slots: 4
[2025-06-15 09:19:57] [WARN] Launching 3 new windows...
[2025-06-15 09:19:57] [INFO] Launching window AUTO_091957_1 with 23478 second countdown
[2025-06-15 09:19:57] [DEBUG] Preparing to launch window AUTO_091957_1 with 23478 second countdown
[2025-06-15 09:19:57] [DEBUG] Could not create shortcut, using direct launch: Cannot invoke method. Method invocation is supported only on core types in this language mode.
[2025-06-15 09:19:57] [INFO] Launched window AUTO_091957_1 directly - 23478 second countdown
[2025-06-15 09:19:57] [DEBUG] Window configuration - Size: 80x10, Font: Consolas 6pt
[2025-06-15 09:19:57] [DEBUG] Auto-close timeout: 120 seconds
[2025-06-15 09:20:00] [INFO] Launching window AUTO_092000_2 with 26387 second countdown
[2025-06-15 09:20:00] [DEBUG] Preparing to launch window AUTO_092000_2 with 26387 second countdown
[2025-06-15 09:20:00] [DEBUG] Could not create shortcut, using direct launch: Cannot invoke method. Method invocation is supported only on core types in this language mode.
[2025-06-15 09:20:00] [INFO] Launched window AUTO_092000_2 directly - 26387 second countdown
[2025-06-15 09:20:00] [DEBUG] Window configuration - Size: 80x10, Font: Consolas 6pt
[2025-06-15 09:20:00] [DEBUG] Auto-close timeout: 120 seconds
[2025-06-15 09:20:03] [INFO] Launching window AUTO_092003_3 with 22992 second countdown
[2025-06-15 09:20:03] [DEBUG] Preparing to launch window AUTO_092003_3 with 22992 second countdown
[2025-06-15 09:20:03] [DEBUG] Could not create shortcut, using direct launch: Cannot invoke method. Method invocation is supported only on core types in this language mode.
[2025-06-15 09:20:03] [INFO] Launched window AUTO_092003_3 directly - 22992 second countdown
[2025-06-15 09:20:03] [DEBUG] Window configuration - Size: 80x10, Font: Consolas 6pt
[2025-06-15 09:20:03] [DEBUG] Auto-close timeout: 120 seconds
[2025-06-15 09:20:06] [INFO] Completed launching 3 replacement windows
[2025-06-15 09:20:06] [DEBUG] Next monitor check at: 09:29:06
[2025-06-15 09:20:06] [DEBUG] === MONITOR CHECK COMPLETE ===
[2025-06-15 09:29:06] [DEBUG] === MONITOR CHECK CYCLE ===
[2025-06-15 09:29:06] [DEBUG] Found 3 running PowerShell terminal windows (excluding monitoring window)
[2025-06-15 09:29:06] [INFO] Monitor Status: Running=3, Required=4, Max=7
[2025-06-15 09:29:06] [WARN] *** LOW WINDOW COUNT DETECTED ***
[2025-06-15 09:29:06] [WARN] Running: 3, Required: 4, Available slots: 4
[2025-06-15 09:29:06] [WARN] Launching 3 new windows...
[2025-06-15 09:29:06] [INFO] Launching window AUTO_092906_1 with 13838 second countdown
[2025-06-15 09:29:06] [DEBUG] Preparing to launch window AUTO_092906_1 with 13838 second countdown
[2025-06-15 09:29:06] [DEBUG] Could not create shortcut, using direct launch: Cannot invoke method. Method invocation is supported only on core types in this language mode.
[2025-06-15 09:29:06] [INFO] Launched window AUTO_092906_1 directly - 13838 second countdown
[2025-06-15 09:29:06] [DEBUG] Window configuration - Size: 80x10, Font: Consolas 6pt
[2025-06-15 09:29:06] [DEBUG] Auto-close timeout: 120 seconds
[2025-06-15 09:29:09] [INFO] Launching window AUTO_092909_2 with 20600 second countdown
[2025-06-15 09:29:09] [DEBUG] Preparing to launch window AUTO_092909_2 with 20600 second countdown
[2025-06-15 09:29:09] [DEBUG] Could not create shortcut, using direct launch: Cannot invoke method. Method invocation is supported only on core types in this language mode.
[2025-06-15 09:29:09] [INFO] Launched window AUTO_092909_2 directly - 20600 second countdown
[2025-06-15 09:29:09] [DEBUG] Window configuration - Size: 80x10, Font: Consolas 6pt
[2025-06-15 09:29:09] [DEBUG] Auto-close timeout: 120 seconds
[2025-06-15 09:29:12] [INFO] Launching window AUTO_092912_3 with 1778 second countdown
[2025-06-15 09:29:12] [DEBUG] Preparing to launch window AUTO_092912_3 with 1778 second countdown
[2025-06-15 09:29:12] [DEBUG] Could not create shortcut, using direct launch: Cannot invoke method. Method invocation is supported only on core types in this language mode.
[2025-06-15 09:29:12] [INFO] Launched window AUTO_092912_3 directly - 1778 second countdown
[2025-06-15 09:29:12] [DEBUG] Window configuration - Size: 80x10, Font: Consolas 6pt
[2025-06-15 09:29:12] [DEBUG] Auto-close timeout: 120 seconds
[2025-06-15 09:29:15] [INFO] Completed launching 3 replacement windows
[2025-06-15 09:29:15] [DEBUG] Next monitor check at: 09:38:15
[2025-06-15 09:29:15] [DEBUG] === MONITOR CHECK COMPLETE ===
[2025-06-15 09:38:15] [DEBUG] === MONITOR CHECK CYCLE ===
[2025-06-15 09:38:15] [DEBUG] Found 3 running PowerShell terminal windows (excluding monitoring window)
[2025-06-15 09:38:15] [INFO] Monitor Status: Running=3, Required=4, Max=7
[2025-06-15 09:38:15] [WARN] *** LOW WINDOW COUNT DETECTED ***
[2025-06-15 09:38:15] [WARN] Running: 3, Required: 4, Available slots: 4
[2025-06-15 09:38:15] [WARN] Launching 3 new windows...
[2025-06-15 09:38:15] [INFO] Launching window AUTO_093815_1 with 15503 second countdown
[2025-06-15 09:38:15] [DEBUG] Preparing to launch window AUTO_093815_1 with 15503 second countdown
[2025-06-15 09:38:15] [DEBUG] Could not create shortcut, using direct launch: Cannot invoke method. Method invocation is supported only on core types in this language mode.
[2025-06-15 09:38:15] [INFO] Launched window AUTO_093815_1 directly - 15503 second countdown
[2025-06-15 09:38:15] [DEBUG] Window configuration - Size: 80x10, Font: Consolas 6pt
[2025-06-15 09:38:15] [DEBUG] Auto-close timeout: 120 seconds
[2025-06-15 09:38:18] [INFO] Launching window AUTO_093818_2 with 3526 second countdown
[2025-06-15 09:38:18] [DEBUG] Preparing to launch window AUTO_093818_2 with 3526 second countdown
[2025-06-15 09:38:18] [DEBUG] Could not create shortcut, using direct launch: Cannot invoke method. Method invocation is supported only on core types in this language mode.
[2025-06-15 09:38:18] [INFO] Launched window AUTO_093818_2 directly - 3526 second countdown
[2025-06-15 09:38:18] [DEBUG] Window configuration - Size: 80x10, Font: Consolas 6pt
[2025-06-15 09:38:18] [DEBUG] Auto-close timeout: 120 seconds
[2025-06-15 09:38:21] [INFO] Launching window AUTO_093821_3 with 24611 second countdown
[2025-06-15 09:38:21] [DEBUG] Preparing to launch window AUTO_093821_3 with 24611 second countdown
[2025-06-15 09:38:21] [DEBUG] Could not create shortcut, using direct launch: Cannot invoke method. Method invocation is supported only on core types in this language mode.
[2025-06-15 09:38:21] [INFO] Launched window AUTO_093821_3 directly - 24611 second countdown
[2025-06-15 09:38:21] [DEBUG] Window configuration - Size: 80x10, Font: Consolas 6pt
[2025-06-15 09:38:21] [DEBUG] Auto-close timeout: 120 seconds
[2025-06-15 09:38:24] [INFO] Completed launching 3 replacement windows
[2025-06-15 09:38:24] [DEBUG] Next monitor check at: 09:47:24
[2025-06-15 09:38:24] [DEBUG] === MONITOR CHECK COMPLETE ===
[2025-06-15 09:47:25] [DEBUG] === MONITOR CHECK CYCLE ===
[2025-06-15 09:47:25] [DEBUG] Found 5 running PowerShell terminal windows (excluding monitoring window)
[2025-06-15 09:47:25] [INFO] Monitor Status: Running=5, Required=4, Max=7
[2025-06-15 09:47:25] [DEBUG] Window count OK: 5 >= 4 (minimum)
[2025-06-15 09:47:25] [DEBUG] Next monitor check at: 09:56:25
[2025-06-15 09:47:25] [DEBUG] === MONITOR CHECK COMPLETE ===
[2025-06-15 09:56:25] [DEBUG] === MONITOR CHECK CYCLE ===
[2025-06-15 09:56:25] [DEBUG] Found 5 running PowerShell terminal windows (excluding monitoring window)
[2025-06-15 09:56:25] [INFO] Monitor Status: Running=5, Required=4, Max=7
[2025-06-15 09:56:25] [DEBUG] Window count OK: 5 >= 4 (minimum)
[2025-06-15 09:56:25] [DEBUG] Next monitor check at: 10:05:25
[2025-06-15 09:56:25] [DEBUG] === MONITOR CHECK COMPLETE ===
[2025-06-15 10:05:25] [DEBUG] === MONITOR CHECK CYCLE ===
[2025-06-15 10:05:25] [DEBUG] Found 5 running PowerShell terminal windows (excluding monitoring window)
[2025-06-15 10:05:25] [INFO] Monitor Status: Running=5, Required=4, Max=7
[2025-06-15 10:05:25] [DEBUG] Window count OK: 5 >= 4 (minimum)
[2025-06-15 10:05:25] [DEBUG] Next monitor check at: 10:14:25
[2025-06-15 10:05:25] [DEBUG] === MONITOR CHECK COMPLETE ===
[2025-06-15 10:14:25] [DEBUG] === MONITOR CHECK CYCLE ===
[2025-06-15 10:14:25] [DEBUG] Found 5 running PowerShell terminal windows (excluding monitoring window)
[2025-06-15 10:14:25] [INFO] Monitor Status: Running=5, Required=4, Max=7
[2025-06-15 10:14:25] [DEBUG] Window count OK: 5 >= 4 (minimum)
[2025-06-15 10:14:25] [DEBUG] Next monitor check at: 10:23:25
[2025-06-15 10:14:25] [DEBUG] === MONITOR CHECK COMPLETE ===
[2025-06-15 10:23:25] [DEBUG] === MONITOR CHECK CYCLE ===
[2025-06-15 10:23:25] [DEBUG] Found 5 running PowerShell terminal windows (excluding monitoring window)
[2025-06-15 10:23:25] [INFO] Monitor Status: Running=5, Required=4, Max=7
[2025-06-15 10:23:25] [DEBUG] Window count OK: 5 >= 4 (minimum)
[2025-06-15 10:23:25] [DEBUG] Next monitor check at: 10:32:25
[2025-06-15 10:23:25] [DEBUG] === MONITOR CHECK COMPLETE ===
[2025-06-15 10:32:25] [DEBUG] === MONITOR CHECK CYCLE ===
[2025-06-15 10:32:25] [DEBUG] Found 5 running PowerShell terminal windows (excluding monitoring window)
[2025-06-15 10:32:25] [INFO] Monitor Status: Running=5, Required=4, Max=7
[2025-06-15 10:32:25] [DEBUG] Window count OK: 5 >= 4 (minimum)
[2025-06-15 10:32:25] [DEBUG] Next monitor check at: 10:41:25
[2025-06-15 10:32:25] [DEBUG] === MONITOR CHECK COMPLETE ===
[2025-06-15 10:41:25] [DEBUG] === MONITOR CHECK CYCLE ===
[2025-06-15 10:41:25] [DEBUG] Found 5 running PowerShell terminal windows (excluding monitoring window)
[2025-06-15 10:41:25] [INFO] Monitor Status: Running=5, Required=4, Max=7
[2025-06-15 10:41:25] [DEBUG] Window count OK: 5 >= 4 (minimum)
[2025-06-15 10:41:25] [DEBUG] Next monitor check at: 10:50:25
[2025-06-15 10:41:25] [DEBUG] === MONITOR CHECK COMPLETE ===
[2025-06-15 10:50:25] [DEBUG] === MONITOR CHECK CYCLE ===
[2025-06-15 10:50:26] [DEBUG] Found 5 running PowerShell terminal windows (excluding monitoring window)
[2025-06-15 10:50:26] [INFO] Monitor Status: Running=5, Required=4, Max=7
[2025-06-15 10:50:26] [DEBUG] Window count OK: 5 >= 4 (minimum)
[2025-06-15 10:50:26] [DEBUG] Next monitor check at: 10:59:26
[2025-06-15 10:50:26] [DEBUG] === MONITOR CHECK COMPLETE ===
[2025-06-15 10:59:26] [DEBUG] === MONITOR CHECK CYCLE ===
[2025-06-15 10:59:26] [DEBUG] Found 5 running PowerShell terminal windows (excluding monitoring window)
[2025-06-15 10:59:26] [INFO] Monitor Status: Running=5, Required=4, Max=7
[2025-06-15 10:59:26] [DEBUG] Window count OK: 5 >= 4 (minimum)
[2025-06-15 10:59:26] [DEBUG] Next monitor check at: 11:08:26
[2025-06-15 10:59:26] [DEBUG] === MONITOR CHECK COMPLETE ===
[2025-06-15 11:08:26] [DEBUG] === MONITOR CHECK CYCLE ===
[2025-06-15 11:08:26] [DEBUG] Found 5 running PowerShell terminal windows (excluding monitoring window)
[2025-06-15 11:08:26] [INFO] Monitor Status: Running=5, Required=4, Max=7
[2025-06-15 11:08:26] [DEBUG] Window count OK: 5 >= 4 (minimum)
[2025-06-15 11:08:26] [DEBUG] Next monitor check at: 11:17:26
[2025-06-15 11:08:26] [DEBUG] === MONITOR CHECK COMPLETE ===
[2025-06-15 11:17:26] [DEBUG] === MONITOR CHECK CYCLE ===
[2025-06-15 11:17:26] [DEBUG] Found 5 running PowerShell terminal windows (excluding monitoring window)
[2025-06-15 11:17:26] [INFO] Monitor Status: Running=5, Required=4, Max=7
[2025-06-15 11:17:26] [DEBUG] Window count OK: 5 >= 4 (minimum)
[2025-06-15 11:17:26] [DEBUG] Next monitor check at: 11:26:26
[2025-06-15 11:17:26] [DEBUG] === MONITOR CHECK COMPLETE ===
[2025-06-15 11:26:26] [DEBUG] === MONITOR CHECK CYCLE ===
[2025-06-15 11:26:26] [DEBUG] Found 5 running PowerShell terminal windows (excluding monitoring window)
[2025-06-15 11:26:26] [INFO] Monitor Status: Running=5, Required=4, Max=7
[2025-06-15 11:26:26] [DEBUG] Window count OK: 5 >= 4 (minimum)
[2025-06-15 11:26:26] [DEBUG] Next monitor check at: 11:35:26
[2025-06-15 11:26:26] [DEBUG] === MONITOR CHECK COMPLETE ===
[2025-06-15 11:35:26] [DEBUG] === MONITOR CHECK CYCLE ===
[2025-06-15 11:35:26] [DEBUG] Found 5 running PowerShell terminal windows (excluding monitoring window)
[2025-06-15 11:35:26] [INFO] Monitor Status: Running=5, Required=4, Max=7
[2025-06-15 11:35:26] [DEBUG] Window count OK: 5 >= 4 (minimum)
[2025-06-15 11:35:26] [DEBUG] Next monitor check at: 11:44:26
[2025-06-15 11:35:26] [DEBUG] === MONITOR CHECK COMPLETE ===
[2025-06-15 11:44:26] [DEBUG] === MONITOR CHECK CYCLE ===
[2025-06-15 11:44:26] [DEBUG] Found 5 running PowerShell terminal windows (excluding monitoring window)
[2025-06-15 11:44:26] [INFO] Monitor Status: Running=5, Required=4, Max=7
[2025-06-15 11:44:26] [DEBUG] Window count OK: 5 >= 4 (minimum)
[2025-06-15 11:44:26] [DEBUG] Next monitor check at: 11:53:26
[2025-06-15 11:44:26] [DEBUG] === MONITOR CHECK COMPLETE ===
[2025-06-15 11:53:26] [DEBUG] === MONITOR CHECK CYCLE ===
[2025-06-15 11:53:26] [DEBUG] Found 5 running PowerShell terminal windows (excluding monitoring window)
[2025-06-15 11:53:26] [INFO] Monitor Status: Running=5, Required=4, Max=7
[2025-06-15 11:53:26] [DEBUG] Window count OK: 5 >= 4 (minimum)
[2025-06-15 11:53:26] [DEBUG] Next monitor check at: 12:02:26
[2025-06-15 11:53:26] [DEBUG] === MONITOR CHECK COMPLETE ===
[2025-06-15 12:02:26] [DEBUG] === MONITOR CHECK CYCLE ===
[2025-06-15 12:02:26] [DEBUG] Found 5 running PowerShell terminal windows (excluding monitoring window)
[2025-06-15 12:02:26] [INFO] Monitor Status: Running=5, Required=4, Max=7
[2025-06-15 12:02:26] [DEBUG] Window count OK: 5 >= 4 (minimum)
[2025-06-15 12:02:26] [DEBUG] Next monitor check at: 12:11:26
[2025-06-15 12:02:26] [DEBUG] === MONITOR CHECK COMPLETE ===
[2025-06-15 12:11:26] [DEBUG] === MONITOR CHECK CYCLE ===
[2025-06-15 12:11:27] [DEBUG] Found 5 running PowerShell terminal windows (excluding monitoring window)
[2025-06-15 12:11:27] [INFO] Monitor Status: Running=5, Required=4, Max=7
[2025-06-15 12:11:27] [DEBUG] Window count OK: 5 >= 4 (minimum)
[2025-06-15 12:11:27] [DEBUG] Next monitor check at: 12:20:27
[2025-06-15 12:11:27] [DEBUG] === MONITOR CHECK COMPLETE ===
[2025-06-15 12:20:27] [DEBUG] === MONITOR CHECK CYCLE ===
[2025-06-15 12:20:27] [DEBUG] Found 5 running PowerShell terminal windows (excluding monitoring window)
[2025-06-15 12:20:27] [INFO] Monitor Status: Running=5, Required=4, Max=7
[2025-06-15 12:20:27] [DEBUG] Window count OK: 5 >= 4 (minimum)
[2025-06-15 12:20:27] [DEBUG] Next monitor check at: 12:29:27
[2025-06-15 12:20:27] [DEBUG] === MONITOR CHECK COMPLETE ===
[2025-06-15 12:29:27] [DEBUG] === MONITOR CHECK CYCLE ===
[2025-06-15 12:29:27] [DEBUG] Found 6 running PowerShell terminal windows (excluding monitoring window)
[2025-06-15 12:29:27] [INFO] Monitor Status: Running=6, Required=4, Max=7
[2025-06-15 12:29:27] [DEBUG] Window count OK: 6 >= 4 (minimum)
[2025-06-15 12:29:27] [DEBUG] Next monitor check at: 12:38:27
[2025-06-15 12:29:27] [DEBUG] === MONITOR CHECK COMPLETE ===
[2025-06-15 12:36:09] [INFO] === ENHANCED WINDOW MANAGER ENDED ===
[2025-06-15 12:36:09] [INFO] Script execution ended
[2025-06-15 12:36:12] [INFO] Configuration loaded from C:\Users\SanyaKhasenye(Sensit\WorkingDir\PowerShell\PwshWindowManager\PwshWindowManager.json
[2025-06-15 12:36:12] [DEBUG] Base path: C:\Users\SanyaKhasenye(Sensit\WorkingDir\PowerShell
[2025-06-15 12:36:12] [DEBUG] Countdown script: C:\Users\SanyaKhasenye(Sensit\WorkingDir\PowerShell\CountDownTimers\Start-Countdown.ps1
[2025-06-15 12:36:12] [DEBUG] Orchestrator directory: C:\Users\SanyaKhasenye(Sensit\WorkingDir\PowerShell\ActivityGenerator.v3
[2025-06-15 12:36:12] [DEBUG] Orchestrator script: C:\Users\SanyaKhasenye(Sensit\WorkingDir\PowerShell\ActivityGenerator.v3\Start-ActivityOrchestrator_v0.1.ps1
[2025-06-15 12:36:12] [DEBUG] Font settings - Name: Consolas, Size: 6, Weight: 400
[2025-06-15 12:36:12] [INFO] === PATH VERIFICATION ===
[2025-06-15 12:36:12] [INFO] SUCCESS: Countdown script found at: C:\Users\SanyaKhasenye(Sensit\WorkingDir\PowerShell\CountDownTimers\Start-Countdown.ps1
[2025-06-15 12:36:12] [INFO] SUCCESS: Orchestrator script found at: C:\Users\SanyaKhasenye(Sensit\WorkingDir\PowerShell\ActivityGenerator.v3\Start-ActivityOrchestrator_v0.1.ps1
[2025-06-15 12:36:12] [INFO] SUCCESS: Orchestrator directory found at: C:\Users\SanyaKhasenye(Sensit\WorkingDir\PowerShell\ActivityGenerator.v3
[2025-06-15 12:36:12] [INFO] SUCCESS: Orchestrator config found at: C:\Users\SanyaKhasenye(Sensit\WorkingDir\PowerShell\ActivityGenerator.v3\ActivityGeneratorConfig.json
[2025-06-15 12:36:12] [INFO] === PATH VERIFICATION COMPLETE ===
[2025-06-15 12:36:12] [INFO] === ENHANCED WINDOW MANAGER STARTING ===
[2025-06-15 12:36:12] [INFO] Script started with PID 11736
[2025-06-15 12:36:12] [DEBUG] Current working directory: C:\Users\SanyaKhasenye(Sensit\WorkingDir\PowerShell\PwshWindowManager
[2025-06-15 12:36:12] [DEBUG] PowerShell version: 5.1.19041.5848
[2025-06-15 12:36:12] [INFO] Logging to: C:\Users\SanyaKhasenye(Sensit\WorkingDir\PowerShell\PwshWindowManager\Logs\2025\06\15\Orchestrator_20250615.log
[2025-06-15 12:36:12] [INFO] Launching 2 initial windows
[2025-06-15 12:36:12] [DEBUG] Generated 12920 seconds for window 1
[2025-06-15 12:36:12] [DEBUG] Preparing to launch window 1 with 12920 second countdown
[2025-06-15 12:36:12] [DEBUG] Creating temporary script: C:\Users\SANYAK~1\AppData\Local\Temp\OrchestratorWindow_1.ps1
[2025-06-15 12:36:12] [DEBUG] Auto-close timeout: 120 seconds
[2025-06-15 12:36:12] [INFO] Launched window 1 - 12920 second countdown
[2025-06-15 12:36:13] [DEBUG] Generated 8133 seconds for window 2
[2025-06-15 12:36:13] [DEBUG] Preparing to launch window 2 with 8133 second countdown
[2025-06-15 12:36:13] [DEBUG] Creating temporary script: C:\Users\SANYAK~1\AppData\Local\Temp\OrchestratorWindow_2.ps1
[2025-06-15 12:36:13] [DEBUG] Auto-close timeout: 120 seconds
[2025-06-15 12:36:13] [INFO] Launched window 2 - 8133 second countdown
[2025-06-15 12:36:14] [INFO] === MONITORING STARTING ===
[2025-06-15 12:36:14] [INFO] Monitor settings - Min: 4, Max: 7, Check interval: 540s
[2025-06-15 12:36:14] [INFO] Will add 3 windows when count drops below minimum
[2025-06-15 12:36:14] [INFO] Monitoring mode: Continuous
[2025-06-15 12:36:14] [INFO] Monitoring mode: Continuous - No end time
[2025-06-15 12:36:14] [DEBUG] === MONITOR CHECK CYCLE ===
[2025-06-15 12:36:14] [DEBUG] Found 5 running PowerShell terminal windows (excluding monitoring window)
[2025-06-15 12:36:14] [INFO] Monitor Status: Running=5, Required=4, Max=7
[2025-06-15 12:36:14] [DEBUG] Window count OK: 5 >= 4 (minimum)
[2025-06-15 12:36:14] [DEBUG] Next monitor check at: 12:45:14
[2025-06-15 12:36:14] [DEBUG] === MONITOR CHECK COMPLETE ===
[2025-06-15 12:45:14] [DEBUG] === MONITOR CHECK CYCLE ===
[2025-06-15 12:45:15] [DEBUG] Found 6 running PowerShell terminal windows (excluding monitoring window)
[2025-06-15 12:45:15] [INFO] Monitor Status: Running=6, Required=4, Max=7
[2025-06-15 12:45:15] [DEBUG] Window count OK: 6 >= 4 (minimum)
[2025-06-15 12:45:15] [DEBUG] Next monitor check at: 12:54:15
[2025-06-15 12:45:15] [DEBUG] === MONITOR CHECK COMPLETE ===
[2025-06-15 12:54:15] [DEBUG] === MONITOR CHECK CYCLE ===
[2025-06-15 12:54:15] [DEBUG] Found 6 running PowerShell terminal windows (excluding monitoring window)
[2025-06-15 12:54:15] [INFO] Monitor Status: Running=6, Required=4, Max=7
[2025-06-15 12:54:15] [DEBUG] Window count OK: 6 >= 4 (minimum)
[2025-06-15 12:54:15] [DEBUG] Next monitor check at: 13:03:15
[2025-06-15 12:54:15] [DEBUG] === MONITOR CHECK COMPLETE ===
[2025-06-15 13:03:15] [DEBUG] === MONITOR CHECK CYCLE ===
[2025-06-15 13:03:15] [DEBUG] Found 8 running PowerShell terminal windows (excluding monitoring window)
[2025-06-15 13:03:15] [INFO] Monitor Status: Running=8, Required=4, Max=7
[2025-06-15 13:03:15] [DEBUG] Window count OK: 8 >= 4 (minimum)
[2025-06-15 13:03:15] [DEBUG] Next monitor check at: 13:12:15
[2025-06-15 13:03:15] [DEBUG] === MONITOR CHECK COMPLETE ===
[2025-06-15 13:12:15] [DEBUG] === MONITOR CHECK CYCLE ===
[2025-06-15 13:12:15] [DEBUG] Found 8 running PowerShell terminal windows (excluding monitoring window)
[2025-06-15 13:12:15] [INFO] Monitor Status: Running=8, Required=4, Max=7
[2025-06-15 13:12:15] [DEBUG] Window count OK: 8 >= 4 (minimum)
[2025-06-15 13:12:15] [DEBUG] Next monitor check at: 13:21:15
[2025-06-15 13:12:15] [DEBUG] === MONITOR CHECK COMPLETE ===
[2025-06-15 13:21:15] [DEBUG] === MONITOR CHECK CYCLE ===
[2025-06-15 13:21:15] [DEBUG] Found 8 running PowerShell terminal windows (excluding monitoring window)
[2025-06-15 13:21:15] [INFO] Monitor Status: Running=8, Required=4, Max=7
[2025-06-15 13:21:15] [DEBUG] Window count OK: 8 >= 4 (minimum)
[2025-06-15 13:21:15] [DEBUG] Next monitor check at: 13:30:15
[2025-06-15 13:21:15] [DEBUG] === MONITOR CHECK COMPLETE ===
[2025-06-15 13:30:15] [DEBUG] === MONITOR CHECK CYCLE ===
[2025-06-15 13:30:16] [DEBUG] Found 8 running PowerShell terminal windows (excluding monitoring window)
[2025-06-15 13:30:16] [INFO] Monitor Status: Running=8, Required=4, Max=7
[2025-06-15 13:30:16] [DEBUG] Window count OK: 8 >= 4 (minimum)
[2025-06-15 13:30:16] [DEBUG] Next monitor check at: 13:39:16
[2025-06-15 13:30:16] [DEBUG] === MONITOR CHECK COMPLETE ===
[2025-06-15 13:39:16] [DEBUG] === MONITOR CHECK CYCLE ===
[2025-06-15 13:39:16] [DEBUG] Found 8 running PowerShell terminal windows (excluding monitoring window)
[2025-06-15 13:39:16] [INFO] Monitor Status: Running=8, Required=4, Max=7
[2025-06-15 13:39:16] [DEBUG] Window count OK: 8 >= 4 (minimum)
[2025-06-15 13:39:16] [DEBUG] Next monitor check at: 13:48:16
[2025-06-15 13:39:16] [DEBUG] === MONITOR CHECK COMPLETE ===
[2025-06-15 13:48:16] [DEBUG] === MONITOR CHECK CYCLE ===
[2025-06-15 13:48:16] [DEBUG] Found 8 running PowerShell terminal windows (excluding monitoring window)
[2025-06-15 13:48:16] [INFO] Monitor Status: Running=8, Required=4, Max=7
[2025-06-15 13:48:16] [DEBUG] Window count OK: 8 >= 4 (minimum)
[2025-06-15 13:48:16] [DEBUG] Next monitor check at: 13:57:16
[2025-06-15 13:48:16] [DEBUG] === MONITOR CHECK COMPLETE ===
[2025-06-15 13:57:16] [DEBUG] === MONITOR CHECK CYCLE ===
[2025-06-15 13:57:16] [DEBUG] Found 8 running PowerShell terminal windows (excluding monitoring window)
[2025-06-15 13:57:16] [INFO] Monitor Status: Running=8, Required=4, Max=7
[2025-06-15 13:57:16] [DEBUG] Window count OK: 8 >= 4 (minimum)
[2025-06-15 13:57:16] [DEBUG] Next monitor check at: 14:06:16
[2025-06-15 13:57:16] [DEBUG] === MONITOR CHECK COMPLETE ===
[2025-06-15 14:06:16] [DEBUG] === MONITOR CHECK CYCLE ===
[2025-06-15 14:06:16] [DEBUG] Found 8 running PowerShell terminal windows (excluding monitoring window)
[2025-06-15 14:06:16] [INFO] Monitor Status: Running=8, Required=4, Max=7
[2025-06-15 14:06:16] [DEBUG] Window count OK: 8 >= 4 (minimum)
[2025-06-15 14:06:16] [DEBUG] Next monitor check at: 14:15:16
[2025-06-15 14:06:16] [DEBUG] === MONITOR CHECK COMPLETE ===
[2025-06-15 14:15:16] [DEBUG] === MONITOR CHECK CYCLE ===
[2025-06-15 14:15:16] [DEBUG] Found 8 running PowerShell terminal windows (excluding monitoring window)
[2025-06-15 14:15:16] [INFO] Monitor Status: Running=8, Required=4, Max=7
[2025-06-15 14:15:16] [DEBUG] Window count OK: 8 >= 4 (minimum)
[2025-06-15 14:15:16] [DEBUG] Next monitor check at: 14:24:16
[2025-06-15 14:15:16] [DEBUG] === MONITOR CHECK COMPLETE ===
[2025-06-15 14:24:16] [DEBUG] === MONITOR CHECK CYCLE ===
[2025-06-15 14:24:16] [DEBUG] Found 8 running PowerShell terminal windows (excluding monitoring window)
[2025-06-15 14:24:16] [INFO] Monitor Status: Running=8, Required=4, Max=7
[2025-06-15 14:24:16] [DEBUG] Window count OK: 8 >= 4 (minimum)
[2025-06-15 14:24:16] [DEBUG] Next monitor check at: 14:33:16
[2025-06-15 14:24:16] [DEBUG] === MONITOR CHECK COMPLETE ===
[2025-06-15 14:33:16] [DEBUG] === MONITOR CHECK CYCLE ===
[2025-06-15 14:33:16] [DEBUG] Found 8 running PowerShell terminal windows (excluding monitoring window)
[2025-06-15 14:33:16] [INFO] Monitor Status: Running=8, Required=4, Max=7
[2025-06-15 14:33:16] [DEBUG] Window count OK: 8 >= 4 (minimum)
[2025-06-15 14:33:16] [DEBUG] Next monitor check at: 14:42:16
[2025-06-15 14:33:16] [DEBUG] === MONITOR CHECK COMPLETE ===
[2025-06-15 14:42:16] [DEBUG] === MONITOR CHECK CYCLE ===
[2025-06-15 14:42:16] [DEBUG] Found 8 running PowerShell terminal windows (excluding monitoring window)
[2025-06-15 14:42:16] [INFO] Monitor Status: Running=8, Required=4, Max=7
[2025-06-15 14:42:16] [DEBUG] Window count OK: 8 >= 4 (minimum)
[2025-06-15 14:42:16] [DEBUG] Next monitor check at: 14:51:16
[2025-06-15 14:42:17] [DEBUG] === MONITOR CHECK COMPLETE ===
[2025-06-15 14:51:17] [DEBUG] === MONITOR CHECK CYCLE ===
[2025-06-15 14:51:17] [DEBUG] Found 8 running PowerShell terminal windows (excluding monitoring window)
[2025-06-15 14:51:17] [INFO] Monitor Status: Running=8, Required=4, Max=7
[2025-06-15 14:51:17] [DEBUG] Window count OK: 8 >= 4 (minimum)
[2025-06-15 14:51:17] [DEBUG] Next monitor check at: 15:00:17
[2025-06-15 14:51:17] [DEBUG] === MONITOR CHECK COMPLETE ===
[2025-06-15 15:00:17] [DEBUG] === MONITOR CHECK CYCLE ===
[2025-06-15 15:00:17] [DEBUG] Found 8 running PowerShell terminal windows (excluding monitoring window)
[2025-06-15 15:00:17] [INFO] Monitor Status: Running=8, Required=4, Max=7
[2025-06-15 15:00:17] [DEBUG] Window count OK: 8 >= 4 (minimum)
[2025-06-15 15:00:17] [DEBUG] Next monitor check at: 15:09:17
[2025-06-15 15:00:17] [DEBUG] === MONITOR CHECK COMPLETE ===
[2025-06-15 15:09:17] [DEBUG] === MONITOR CHECK CYCLE ===
[2025-06-15 15:09:17] [DEBUG] Found 8 running PowerShell terminal windows (excluding monitoring window)
[2025-06-15 15:09:17] [INFO] Monitor Status: Running=8, Required=4, Max=7
[2025-06-15 15:09:17] [DEBUG] Window count OK: 8 >= 4 (minimum)
[2025-06-15 15:09:17] [DEBUG] Next monitor check at: 15:18:17
[2025-06-15 15:09:17] [DEBUG] === MONITOR CHECK COMPLETE ===
[2025-06-15 15:18:17] [DEBUG] === MONITOR CHECK CYCLE ===
[2025-06-15 15:18:17] [DEBUG] Found 8 running PowerShell terminal windows (excluding monitoring window)
[2025-06-15 15:18:17] [INFO] Monitor Status: Running=8, Required=4, Max=7
[2025-06-15 15:18:17] [DEBUG] Window count OK: 8 >= 4 (minimum)
[2025-06-15 15:18:17] [DEBUG] Next monitor check at: 15:27:17
[2025-06-15 15:18:17] [DEBUG] === MONITOR CHECK COMPLETE ===
[2025-06-15 15:27:17] [DEBUG] === MONITOR CHECK CYCLE ===
[2025-06-15 15:27:17] [DEBUG] Found 8 running PowerShell terminal windows (excluding monitoring window)
[2025-06-15 15:27:17] [INFO] Monitor Status: Running=8, Required=4, Max=7
[2025-06-15 15:27:17] [DEBUG] Window count OK: 8 >= 4 (minimum)
[2025-06-15 15:27:17] [DEBUG] Next monitor check at: 15:36:17
[2025-06-15 15:27:17] [DEBUG] === MONITOR CHECK COMPLETE ===
[2025-06-15 15:36:17] [DEBUG] === MONITOR CHECK CYCLE ===
[2025-06-15 15:36:17] [DEBUG] Found 8 running PowerShell terminal windows (excluding monitoring window)
[2025-06-15 15:36:17] [INFO] Monitor Status: Running=8, Required=4, Max=7
[2025-06-15 15:36:17] [DEBUG] Window count OK: 8 >= 4 (minimum)
[2025-06-15 15:36:17] [DEBUG] Next monitor check at: 15:45:17
[2025-06-15 15:36:17] [DEBUG] === MONITOR CHECK COMPLETE ===
[2025-06-15 15:45:17] [DEBUG] === MONITOR CHECK CYCLE ===
[2025-06-15 15:45:17] [DEBUG] Found 8 running PowerShell terminal windows (excluding monitoring window)
[2025-06-15 15:45:17] [INFO] Monitor Status: Running=8, Required=4, Max=7
[2025-06-15 15:45:17] [DEBUG] Window count OK: 8 >= 4 (minimum)
[2025-06-15 15:45:17] [DEBUG] Next monitor check at: 15:54:17
[2025-06-15 15:45:17] [DEBUG] === MONITOR CHECK COMPLETE ===
[2025-06-15 15:54:17] [DEBUG] === MONITOR CHECK CYCLE ===
[2025-06-15 15:54:17] [DEBUG] Found 8 running PowerShell terminal windows (excluding monitoring window)
[2025-06-15 15:54:17] [INFO] Monitor Status: Running=8, Required=4, Max=7
[2025-06-15 15:54:17] [DEBUG] Window count OK: 8 >= 4 (minimum)
[2025-06-15 15:54:17] [DEBUG] Next monitor check at: 16:03:17
[2025-06-15 15:54:17] [DEBUG] === MONITOR CHECK COMPLETE ===
[2025-06-15 16:03:17] [DEBUG] === MONITOR CHECK CYCLE ===
[2025-06-15 16:03:18] [DEBUG] Found 8 running PowerShell terminal windows (excluding monitoring window)
[2025-06-15 16:03:18] [INFO] Monitor Status: Running=8, Required=4, Max=7
[2025-06-15 16:03:18] [DEBUG] Window count OK: 8 >= 4 (minimum)
[2025-06-15 16:03:18] [DEBUG] Next monitor check at: 16:12:18
[2025-06-15 16:03:18] [DEBUG] === MONITOR CHECK COMPLETE ===
[2025-06-15 16:12:18] [DEBUG] === MONITOR CHECK CYCLE ===
[2025-06-15 16:12:18] [DEBUG] Found 8 running PowerShell terminal windows (excluding monitoring window)
[2025-06-15 16:12:18] [INFO] Monitor Status: Running=8, Required=4, Max=7
[2025-06-15 16:12:18] [DEBUG] Window count OK: 8 >= 4 (minimum)
[2025-06-15 16:12:18] [DEBUG] Next monitor check at: 16:21:18
[2025-06-15 16:12:18] [DEBUG] === MONITOR CHECK COMPLETE ===
[2025-06-15 16:21:18] [DEBUG] === MONITOR CHECK CYCLE ===
[2025-06-15 16:21:18] [DEBUG] Found 8 running PowerShell terminal windows (excluding monitoring window)
[2025-06-15 16:21:18] [INFO] Monitor Status: Running=8, Required=4, Max=7
[2025-06-15 16:21:18] [DEBUG] Window count OK: 8 >= 4 (minimum)
[2025-06-15 16:21:18] [DEBUG] Next monitor check at: 16:30:18
[2025-06-15 16:21:18] [DEBUG] === MONITOR CHECK COMPLETE ===
[2025-06-15 16:30:18] [DEBUG] === MONITOR CHECK CYCLE ===
[2025-06-15 16:30:18] [DEBUG] Found 8 running PowerShell terminal windows (excluding monitoring window)
[2025-06-15 16:30:18] [INFO] Monitor Status: Running=8, Required=4, Max=7
[2025-06-15 16:30:18] [DEBUG] Window count OK: 8 >= 4 (minimum)
[2025-06-15 16:30:18] [DEBUG] Next monitor check at: 16:39:18
[2025-06-15 16:30:18] [DEBUG] === MONITOR CHECK COMPLETE ===
[2025-06-15 16:39:18] [DEBUG] === MONITOR CHECK CYCLE ===
[2025-06-15 16:39:18] [DEBUG] Found 8 running PowerShell terminal windows (excluding monitoring window)
[2025-06-15 16:39:18] [INFO] Monitor Status: Running=8, Required=4, Max=7
[2025-06-15 16:39:18] [DEBUG] Window count OK: 8 >= 4 (minimum)
[2025-06-15 16:39:18] [DEBUG] Next monitor check at: 16:48:18
[2025-06-15 16:39:18] [DEBUG] === MONITOR CHECK COMPLETE ===
[2025-06-15 16:48:18] [DEBUG] === MONITOR CHECK CYCLE ===
[2025-06-15 16:48:18] [DEBUG] Found 8 running PowerShell terminal windows (excluding monitoring window)
[2025-06-15 16:48:18] [INFO] Monitor Status: Running=8, Required=4, Max=7
[2025-06-15 16:48:18] [DEBUG] Window count OK: 8 >= 4 (minimum)
[2025-06-15 16:48:18] [DEBUG] Next monitor check at: 16:57:18
[2025-06-15 16:48:18] [DEBUG] === MONITOR CHECK COMPLETE ===
[2025-06-15 16:57:18] [DEBUG] === MONITOR CHECK CYCLE ===
[2025-06-15 16:57:18] [DEBUG] Found 8 running PowerShell terminal windows (excluding monitoring window)
[2025-06-15 16:57:18] [INFO] Monitor Status: Running=8, Required=4, Max=7
[2025-06-15 16:57:18] [DEBUG] Window count OK: 8 >= 4 (minimum)
[2025-06-15 16:57:18] [DEBUG] Next monitor check at: 17:06:18
[2025-06-15 16:57:18] [DEBUG] === MONITOR CHECK COMPLETE ===
[2025-06-15 17:06:18] [DEBUG] === MONITOR CHECK CYCLE ===
[2025-06-15 17:06:18] [DEBUG] Found 8 running PowerShell terminal windows (excluding monitoring window)
[2025-06-15 17:06:18] [INFO] Monitor Status: Running=8, Required=4, Max=7
[2025-06-15 17:06:18] [DEBUG] Window count OK: 8 >= 4 (minimum)
[2025-06-15 17:06:18] [DEBUG] Next monitor check at: 17:15:18
[2025-06-15 17:06:18] [DEBUG] === MONITOR CHECK COMPLETE ===
[2025-06-15 17:15:18] [DEBUG] === MONITOR CHECK CYCLE ===
[2025-06-15 17:15:19] [DEBUG] Found 8 running PowerShell terminal windows (excluding monitoring window)
[2025-06-15 17:15:19] [INFO] Monitor Status: Running=8, Required=4, Max=7
[2025-06-15 17:15:19] [DEBUG] Window count OK: 8 >= 4 (minimum)
[2025-06-15 17:15:19] [DEBUG] Next monitor check at: 17:24:19
[2025-06-15 17:15:19] [DEBUG] === MONITOR CHECK COMPLETE ===
[2025-06-15 17:24:19] [DEBUG] === MONITOR CHECK CYCLE ===
[2025-06-15 17:24:19] [DEBUG] Found 8 running PowerShell terminal windows (excluding monitoring window)
[2025-06-15 17:24:19] [INFO] Monitor Status: Running=8, Required=4, Max=7
[2025-06-15 17:24:19] [DEBUG] Window count OK: 8 >= 4 (minimum)
[2025-06-15 17:24:19] [DEBUG] Next monitor check at: 17:33:19
[2025-06-15 17:24:19] [DEBUG] === MONITOR CHECK COMPLETE ===
[2025-06-15 17:33:19] [DEBUG] === MONITOR CHECK CYCLE ===
[2025-06-15 17:33:19] [DEBUG] Found 8 running PowerShell terminal windows (excluding monitoring window)
[2025-06-15 17:33:19] [INFO] Monitor Status: Running=8, Required=4, Max=7
[2025-06-15 17:33:19] [DEBUG] Window count OK: 8 >= 4 (minimum)
[2025-06-15 17:33:19] [DEBUG] Next monitor check at: 17:42:19
[2025-06-15 17:33:19] [DEBUG] === MONITOR CHECK COMPLETE ===
[2025-06-15 17:42:19] [DEBUG] === MONITOR CHECK CYCLE ===
[2025-06-15 17:42:19] [DEBUG] Found 8 running PowerShell terminal windows (excluding monitoring window)
[2025-06-15 17:42:19] [INFO] Monitor Status: Running=8, Required=4, Max=7
[2025-06-15 17:42:19] [DEBUG] Window count OK: 8 >= 4 (minimum)
[2025-06-15 17:42:19] [DEBUG] Next monitor check at: 17:51:19
[2025-06-15 17:42:19] [DEBUG] === MONITOR CHECK COMPLETE ===
[2025-06-15 17:51:19] [DEBUG] === MONITOR CHECK CYCLE ===
[2025-06-15 17:51:19] [DEBUG] Found 8 running PowerShell terminal windows (excluding monitoring window)
[2025-06-15 17:51:19] [INFO] Monitor Status: Running=8, Required=4, Max=7
[2025-06-15 17:51:19] [DEBUG] Window count OK: 8 >= 4 (minimum)
[2025-06-15 17:51:19] [DEBUG] Next monitor check at: 18:00:19
[2025-06-15 17:51:19] [DEBUG] === MONITOR CHECK COMPLETE ===
[2025-06-15 18:00:19] [DEBUG] === MONITOR CHECK CYCLE ===
[2025-06-15 18:00:19] [DEBUG] Found 8 running PowerShell terminal windows (excluding monitoring window)
[2025-06-15 18:00:19] [INFO] Monitor Status: Running=8, Required=4, Max=7
[2025-06-15 18:00:19] [DEBUG] Window count OK: 8 >= 4 (minimum)
[2025-06-15 18:00:19] [DEBUG] Next monitor check at: 18:09:19
[2025-06-15 18:00:19] [DEBUG] === MONITOR CHECK COMPLETE ===
[2025-06-15 18:09:19] [DEBUG] === MONITOR CHECK CYCLE ===
[2025-06-15 18:09:19] [DEBUG] Found 8 running PowerShell terminal windows (excluding monitoring window)
[2025-06-15 18:09:19] [INFO] Monitor Status: Running=8, Required=4, Max=7
[2025-06-15 18:09:19] [DEBUG] Window count OK: 8 >= 4 (minimum)
[2025-06-15 18:09:19] [DEBUG] Next monitor check at: 18:18:19
[2025-06-15 18:09:19] [DEBUG] === MONITOR CHECK COMPLETE ===
[2025-06-15 18:18:19] [DEBUG] === MONITOR CHECK CYCLE ===
[2025-06-15 18:18:19] [DEBUG] Found 8 running PowerShell terminal windows (excluding monitoring window)
[2025-06-15 18:18:19] [INFO] Monitor Status: Running=8, Required=4, Max=7
[2025-06-15 18:18:19] [DEBUG] Window count OK: 8 >= 4 (minimum)
[2025-06-15 18:18:19] [DEBUG] Next monitor check at: 18:27:19
[2025-06-15 18:18:19] [DEBUG] === MONITOR CHECK COMPLETE ===
[2025-06-15 18:27:20] [DEBUG] === MONITOR CHECK CYCLE ===
[2025-06-15 18:27:20] [DEBUG] Found 8 running PowerShell terminal windows (excluding monitoring window)
[2025-06-15 18:27:20] [INFO] Monitor Status: Running=8, Required=4, Max=7
[2025-06-15 18:27:20] [DEBUG] Window count OK: 8 >= 4 (minimum)
[2025-06-15 18:27:20] [DEBUG] Next monitor check at: 18:36:20
[2025-06-15 18:27:20] [DEBUG] === MONITOR CHECK COMPLETE ===
[2025-06-15 18:36:20] [DEBUG] === MONITOR CHECK CYCLE ===
[2025-06-15 18:36:20] [DEBUG] Found 8 running PowerShell terminal windows (excluding monitoring window)
[2025-06-15 18:36:20] [INFO] Monitor Status: Running=8, Required=4, Max=7
[2025-06-15 18:36:20] [DEBUG] Window count OK: 8 >= 4 (minimum)
[2025-06-15 18:36:20] [DEBUG] Next monitor check at: 18:45:20
[2025-06-15 18:36:20] [DEBUG] === MONITOR CHECK COMPLETE ===
[2025-06-15 18:45:20] [DEBUG] === MONITOR CHECK CYCLE ===
[2025-06-15 18:45:20] [DEBUG] Found 8 running PowerShell terminal windows (excluding monitoring window)
[2025-06-15 18:45:20] [INFO] Monitor Status: Running=8, Required=4, Max=7
[2025-06-15 18:45:20] [DEBUG] Window count OK: 8 >= 4 (minimum)
[2025-06-15 18:45:20] [DEBUG] Next monitor check at: 18:54:20
[2025-06-15 18:45:20] [DEBUG] === MONITOR CHECK COMPLETE ===
[2025-06-15 18:54:20] [DEBUG] === MONITOR CHECK CYCLE ===
[2025-06-15 18:54:20] [DEBUG] Found 8 running PowerShell terminal windows (excluding monitoring window)
[2025-06-15 18:54:20] [INFO] Monitor Status: Running=8, Required=4, Max=7
[2025-06-15 18:54:20] [DEBUG] Window count OK: 8 >= 4 (minimum)
[2025-06-15 18:54:20] [DEBUG] Next monitor check at: 19:03:20
[2025-06-15 18:54:20] [DEBUG] === MONITOR CHECK COMPLETE ===
[2025-06-15 19:03:20] [DEBUG] === MONITOR CHECK CYCLE ===
[2025-06-15 19:03:20] [DEBUG] Found 8 running PowerShell terminal windows (excluding monitoring window)
[2025-06-15 19:03:20] [INFO] Monitor Status: Running=8, Required=4, Max=7
[2025-06-15 19:03:20] [DEBUG] Window count OK: 8 >= 4 (minimum)
[2025-06-15 19:03:20] [DEBUG] Next monitor check at: 19:12:20
[2025-06-15 19:03:20] [DEBUG] === MONITOR CHECK COMPLETE ===
[2025-06-15 19:12:20] [DEBUG] === MONITOR CHECK CYCLE ===
[2025-06-15 19:12:20] [DEBUG] Found 8 running PowerShell terminal windows (excluding monitoring window)
[2025-06-15 19:12:20] [INFO] Monitor Status: Running=8, Required=4, Max=7
[2025-06-15 19:12:20] [DEBUG] Window count OK: 8 >= 4 (minimum)
[2025-06-15 19:12:20] [DEBUG] Next monitor check at: 19:21:20
[2025-06-15 19:12:20] [DEBUG] === MONITOR CHECK COMPLETE ===
[2025-06-15 19:21:20] [DEBUG] === MONITOR CHECK CYCLE ===
[2025-06-15 19:21:20] [DEBUG] Found 8 running PowerShell terminal windows (excluding monitoring window)
[2025-06-15 19:21:20] [INFO] Monitor Status: Running=8, Required=4, Max=7
[2025-06-15 19:21:20] [DEBUG] Window count OK: 8 >= 4 (minimum)
[2025-06-15 19:21:20] [DEBUG] Next monitor check at: 19:30:20
[2025-06-15 19:21:20] [DEBUG] === MONITOR CHECK COMPLETE ===
[2025-06-15 19:30:20] [DEBUG] === MONITOR CHECK CYCLE ===
[2025-06-15 19:30:21] [DEBUG] Found 8 running PowerShell terminal windows (excluding monitoring window)
[2025-06-15 19:30:21] [INFO] Monitor Status: Running=8, Required=4, Max=7
[2025-06-15 19:30:21] [DEBUG] Window count OK: 8 >= 4 (minimum)
[2025-06-15 19:30:21] [DEBUG] Next monitor check at: 19:39:21
[2025-06-15 19:30:21] [DEBUG] === MONITOR CHECK COMPLETE ===
[2025-06-15 19:39:21] [DEBUG] === MONITOR CHECK CYCLE ===
[2025-06-15 19:39:21] [DEBUG] Found 8 running PowerShell terminal windows (excluding monitoring window)
[2025-06-15 19:39:21] [INFO] Monitor Status: Running=8, Required=4, Max=7
[2025-06-15 19:39:21] [DEBUG] Window count OK: 8 >= 4 (minimum)
[2025-06-15 19:39:21] [DEBUG] Next monitor check at: 19:48:21
[2025-06-15 19:39:21] [DEBUG] === MONITOR CHECK COMPLETE ===
[2025-06-15 19:48:21] [DEBUG] === MONITOR CHECK CYCLE ===
[2025-06-15 19:48:21] [DEBUG] Found 8 running PowerShell terminal windows (excluding monitoring window)
[2025-06-15 19:48:21] [INFO] Monitor Status: Running=8, Required=4, Max=7
[2025-06-15 19:48:21] [DEBUG] Window count OK: 8 >= 4 (minimum)
[2025-06-15 19:48:21] [DEBUG] Next monitor check at: 19:57:21
[2025-06-15 19:48:21] [DEBUG] === MONITOR CHECK COMPLETE ===
[2025-06-15 19:57:21] [DEBUG] === MONITOR CHECK CYCLE ===
[2025-06-15 19:57:21] [DEBUG] Found 8 running PowerShell terminal windows (excluding monitoring window)
[2025-06-15 19:57:21] [INFO] Monitor Status: Running=8, Required=4, Max=7
[2025-06-15 19:57:21] [DEBUG] Window count OK: 8 >= 4 (minimum)
[2025-06-15 19:57:21] [DEBUG] Next monitor check at: 20:06:21
[2025-06-15 19:57:21] [DEBUG] === MONITOR CHECK COMPLETE ===
[2025-06-15 20:06:21] [DEBUG] === MONITOR CHECK CYCLE ===
[2025-06-15 20:06:21] [DEBUG] Found 8 running PowerShell terminal windows (excluding monitoring window)
[2025-06-15 20:06:21] [INFO] Monitor Status: Running=8, Required=4, Max=7
[2025-06-15 20:06:21] [DEBUG] Window count OK: 8 >= 4 (minimum)
[2025-06-15 20:06:21] [DEBUG] Next monitor check at: 20:15:21
[2025-06-15 20:06:21] [DEBUG] === MONITOR CHECK COMPLETE ===
[2025-06-15 20:15:21] [DEBUG] === MONITOR CHECK CYCLE ===
[2025-06-15 20:15:21] [DEBUG] Found 8 running PowerShell terminal windows (excluding monitoring window)
[2025-06-15 20:15:21] [INFO] Monitor Status: Running=8, Required=4, Max=7
[2025-06-15 20:15:21] [DEBUG] Window count OK: 8 >= 4 (minimum)
[2025-06-15 20:15:21] [DEBUG] Next monitor check at: 20:24:21
[2025-06-15 20:15:21] [DEBUG] === MONITOR CHECK COMPLETE ===
[2025-06-15 20:24:21] [DEBUG] === MONITOR CHECK CYCLE ===
[2025-06-15 20:24:21] [DEBUG] Found 8 running PowerShell terminal windows (excluding monitoring window)
[2025-06-15 20:24:21] [INFO] Monitor Status: Running=8, Required=4, Max=7
[2025-06-15 20:24:21] [DEBUG] Window count OK: 8 >= 4 (minimum)
[2025-06-15 20:24:21] [DEBUG] Next monitor check at: 20:33:21
[2025-06-15 20:24:21] [DEBUG] === MONITOR CHECK COMPLETE ===
[2025-06-15 20:33:21] [DEBUG] === MONITOR CHECK CYCLE ===
[2025-06-15 20:33:21] [DEBUG] Found 8 running PowerShell terminal windows (excluding monitoring window)
[2025-06-15 20:33:21] [INFO] Monitor Status: Running=8, Required=4, Max=7
[2025-06-15 20:33:21] [DEBUG] Window count OK: 8 >= 4 (minimum)
[2025-06-15 20:33:21] [DEBUG] Next monitor check at: 20:42:21
[2025-06-15 20:33:21] [DEBUG] === MONITOR CHECK COMPLETE ===
[2025-06-15 20:42:21] [DEBUG] === MONITOR CHECK CYCLE ===
[2025-06-15 20:42:21] [DEBUG] Found 8 running PowerShell terminal windows (excluding monitoring window)
[2025-06-15 20:42:21] [INFO] Monitor Status: Running=8, Required=4, Max=7
[2025-06-15 20:42:21] [DEBUG] Window count OK: 8 >= 4 (minimum)
[2025-06-15 20:42:21] [DEBUG] Next monitor check at: 20:51:21
[2025-06-15 20:42:21] [DEBUG] === MONITOR CHECK COMPLETE ===
[2025-06-15 20:51:21] [DEBUG] === MONITOR CHECK CYCLE ===
[2025-06-15 20:51:22] [DEBUG] Found 8 running PowerShell terminal windows (excluding monitoring window)
[2025-06-15 20:51:22] [INFO] Monitor Status: Running=8, Required=4, Max=7
[2025-06-15 20:51:22] [DEBUG] Window count OK: 8 >= 4 (minimum)
[2025-06-15 20:51:22] [DEBUG] Next monitor check at: 21:00:22
[2025-06-15 20:51:22] [DEBUG] === MONITOR CHECK COMPLETE ===
[2025-06-15 21:00:22] [DEBUG] === MONITOR CHECK CYCLE ===
[2025-06-15 21:00:22] [DEBUG] Found 8 running PowerShell terminal windows (excluding monitoring window)
[2025-06-15 21:00:22] [INFO] Monitor Status: Running=8, Required=4, Max=7
[2025-06-15 21:00:22] [DEBUG] Window count OK: 8 >= 4 (minimum)
[2025-06-15 21:00:22] [DEBUG] Next monitor check at: 21:09:22
[2025-06-15 21:00:22] [DEBUG] === MONITOR CHECK COMPLETE ===
[2025-06-15 21:09:22] [DEBUG] === MONITOR CHECK CYCLE ===
[2025-06-15 21:09:22] [DEBUG] Found 8 running PowerShell terminal windows (excluding monitoring window)
[2025-06-15 21:09:22] [INFO] Monitor Status: Running=8, Required=4, Max=7
[2025-06-15 21:09:22] [DEBUG] Window count OK: 8 >= 4 (minimum)
[2025-06-15 21:09:22] [DEBUG] Next monitor check at: 21:18:22
[2025-06-15 21:09:22] [DEBUG] === MONITOR CHECK COMPLETE ===
[2025-06-15 21:18:22] [DEBUG] === MONITOR CHECK CYCLE ===
[2025-06-15 21:18:22] [DEBUG] Found 8 running PowerShell terminal windows (excluding monitoring window)
[2025-06-15 21:18:22] [INFO] Monitor Status: Running=8, Required=4, Max=7
[2025-06-15 21:18:22] [DEBUG] Window count OK: 8 >= 4 (minimum)
[2025-06-15 21:18:22] [DEBUG] Next monitor check at: 21:27:22
[2025-06-15 21:18:22] [DEBUG] === MONITOR CHECK COMPLETE ===
[2025-06-15 21:27:22] [DEBUG] === MONITOR CHECK CYCLE ===
[2025-06-15 21:27:22] [DEBUG] Found 8 running PowerShell terminal windows (excluding monitoring window)
[2025-06-15 21:27:22] [INFO] Monitor Status: Running=8, Required=4, Max=7
[2025-06-15 21:27:22] [DEBUG] Window count OK: 8 >= 4 (minimum)
[2025-06-15 21:27:22] [DEBUG] Next monitor check at: 21:36:22
[2025-06-15 21:27:22] [DEBUG] === MONITOR CHECK COMPLETE ===
[2025-06-15 21:36:22] [DEBUG] === MONITOR CHECK CYCLE ===
[2025-06-15 21:36:22] [DEBUG] Found 8 running PowerShell terminal windows (excluding monitoring window)
[2025-06-15 21:36:22] [INFO] Monitor Status: Running=8, Required=4, Max=7
[2025-06-15 21:36:22] [DEBUG] Window count OK: 8 >= 4 (minimum)
[2025-06-15 21:36:22] [DEBUG] Next monitor check at: 21:45:22
[2025-06-15 21:36:22] [DEBUG] === MONITOR CHECK COMPLETE ===
[2025-06-15 21:45:22] [DEBUG] === MONITOR CHECK CYCLE ===
[2025-06-15 21:45:22] [DEBUG] Found 8 running PowerShell terminal windows (excluding monitoring window)
[2025-06-15 21:45:22] [INFO] Monitor Status: Running=8, Required=4, Max=7
[2025-06-15 21:45:22] [DEBUG] Window count OK: 8 >= 4 (minimum)
[2025-06-15 21:45:22] [DEBUG] Next monitor check at: 21:54:22
[2025-06-15 21:45:22] [DEBUG] === MONITOR CHECK COMPLETE ===
[2025-06-15 21:54:22] [DEBUG] === MONITOR CHECK CYCLE ===
[2025-06-15 21:54:23] [DEBUG] Found 8 running PowerShell terminal windows (excluding monitoring window)
[2025-06-15 21:54:23] [INFO] Monitor Status: Running=8, Required=4, Max=7
[2025-06-15 21:54:23] [DEBUG] Window count OK: 8 >= 4 (minimum)
[2025-06-15 21:54:23] [DEBUG] Next monitor check at: 22:03:23
[2025-06-15 21:54:23] [DEBUG] === MONITOR CHECK COMPLETE ===
[2025-06-15 22:03:23] [DEBUG] === MONITOR CHECK CYCLE ===
[2025-06-15 22:03:23] [DEBUG] Found 8 running PowerShell terminal windows (excluding monitoring window)
[2025-06-15 22:03:23] [INFO] Monitor Status: Running=8, Required=4, Max=7
[2025-06-15 22:03:23] [DEBUG] Window count OK: 8 >= 4 (minimum)
[2025-06-15 22:03:23] [DEBUG] Next monitor check at: 22:12:23
[2025-06-15 22:03:23] [DEBUG] === MONITOR CHECK COMPLETE ===
[2025-06-15 22:12:23] [DEBUG] === MONITOR CHECK CYCLE ===
[2025-06-15 22:12:23] [DEBUG] Found 8 running PowerShell terminal windows (excluding monitoring window)
[2025-06-15 22:12:23] [INFO] Monitor Status: Running=8, Required=4, Max=7
[2025-06-15 22:12:23] [DEBUG] Window count OK: 8 >= 4 (minimum)
[2025-06-15 22:12:23] [DEBUG] Next monitor check at: 22:21:23
[2025-06-15 22:12:23] [DEBUG] === MONITOR CHECK COMPLETE ===
[2025-06-15 22:21:23] [DEBUG] === MONITOR CHECK CYCLE ===
[2025-06-15 22:21:23] [DEBUG] Found 8 running PowerShell terminal windows (excluding monitoring window)
[2025-06-15 22:21:23] [INFO] Monitor Status: Running=8, Required=4, Max=7
[2025-06-15 22:21:23] [DEBUG] Window count OK: 8 >= 4 (minimum)
[2025-06-15 22:21:23] [DEBUG] Next monitor check at: 22:30:23
[2025-06-15 22:21:23] [DEBUG] === MONITOR CHECK COMPLETE ===
[2025-06-15 22:30:23] [DEBUG] === MONITOR CHECK CYCLE ===
[2025-06-15 22:30:23] [DEBUG] Found 8 running PowerShell terminal windows (excluding monitoring window)
[2025-06-15 22:30:23] [INFO] Monitor Status: Running=8, Required=4, Max=7
[2025-06-15 22:30:23] [DEBUG] Window count OK: 8 >= 4 (minimum)
[2025-06-15 22:30:23] [DEBUG] Next monitor check at: 22:39:23
[2025-06-15 22:30:23] [DEBUG] === MONITOR CHECK COMPLETE ===
[2025-06-15 22:39:23] [DEBUG] === MONITOR CHECK CYCLE ===
[2025-06-15 22:39:23] [DEBUG] Found 8 running PowerShell terminal windows (excluding monitoring window)
[2025-06-15 22:39:23] [INFO] Monitor Status: Running=8, Required=4, Max=7
[2025-06-15 22:39:23] [DEBUG] Window count OK: 8 >= 4 (minimum)
[2025-06-15 22:39:23] [DEBUG] Next monitor check at: 22:48:23
[2025-06-15 22:39:23] [DEBUG] === MONITOR CHECK COMPLETE ===
[2025-06-15 22:48:23] [DEBUG] === MONITOR CHECK CYCLE ===
[2025-06-15 22:48:23] [DEBUG] Found 8 running PowerShell terminal windows (excluding monitoring window)
[2025-06-15 22:48:23] [INFO] Monitor Status: Running=8, Required=4, Max=7
[2025-06-15 22:48:23] [DEBUG] Window count OK: 8 >= 4 (minimum)
[2025-06-15 22:48:23] [DEBUG] Next monitor check at: 22:57:23
[2025-06-15 22:48:23] [DEBUG] === MONITOR CHECK COMPLETE ===
[2025-06-15 22:57:23] [DEBUG] === MONITOR CHECK CYCLE ===
[2025-06-15 22:57:23] [DEBUG] Found 8 running PowerShell terminal windows (excluding monitoring window)
[2025-06-15 22:57:23] [INFO] Monitor Status: Running=8, Required=4, Max=7
[2025-06-15 22:57:23] [DEBUG] Window count OK: 8 >= 4 (minimum)
[2025-06-15 22:57:23] [DEBUG] Next monitor check at: 23:06:23
[2025-06-15 22:57:23] [DEBUG] === MONITOR CHECK COMPLETE ===
[2025-06-15 23:06:23] [DEBUG] === MONITOR CHECK CYCLE ===
[2025-06-15 23:06:24] [DEBUG] Found 8 running PowerShell terminal windows (excluding monitoring window)
[2025-06-15 23:06:24] [INFO] Monitor Status: Running=8, Required=4, Max=7
[2025-06-15 23:06:24] [DEBUG] Window count OK: 8 >= 4 (minimum)
[2025-06-15 23:06:24] [DEBUG] Next monitor check at: 23:15:24
[2025-06-15 23:06:24] [DEBUG] === MONITOR CHECK COMPLETE ===
[2025-06-15 23:15:24] [DEBUG] === MONITOR CHECK CYCLE ===
[2025-06-15 23:15:24] [DEBUG] Found 8 running PowerShell terminal windows (excluding monitoring window)
[2025-06-15 23:15:24] [INFO] Monitor Status: Running=8, Required=4, Max=7
[2025-06-15 23:15:24] [DEBUG] Window count OK: 8 >= 4 (minimum)
[2025-06-15 23:15:24] [DEBUG] Next monitor check at: 23:24:24
[2025-06-15 23:15:24] [DEBUG] === MONITOR CHECK COMPLETE ===
[2025-06-15 23:24:24] [DEBUG] === MONITOR CHECK CYCLE ===
[2025-06-15 23:24:24] [DEBUG] Found 8 running PowerShell terminal windows (excluding monitoring window)
[2025-06-15 23:24:24] [INFO] Monitor Status: Running=8, Required=4, Max=7
[2025-06-15 23:24:24] [DEBUG] Window count OK: 8 >= 4 (minimum)
[2025-06-15 23:24:24] [DEBUG] Next monitor check at: 23:33:24
[2025-06-15 23:24:24] [DEBUG] === MONITOR CHECK COMPLETE ===
[2025-06-15 23:33:24] [DEBUG] === MONITOR CHECK CYCLE ===
[2025-06-15 23:33:24] [DEBUG] Found 7 running PowerShell terminal windows (excluding monitoring window)
[2025-06-15 23:33:24] [INFO] Monitor Status: Running=7, Required=4, Max=7
[2025-06-15 23:33:24] [DEBUG] Window count OK: 7 >= 4 (minimum)
[2025-06-15 23:33:24] [DEBUG] Next monitor check at: 23:42:24
[2025-06-15 23:33:24] [DEBUG] === MONITOR CHECK COMPLETE ===
[2025-06-15 23:42:24] [DEBUG] === MONITOR CHECK CYCLE ===
[2025-06-15 23:42:24] [DEBUG] Found 6 running PowerShell terminal windows (excluding monitoring window)
[2025-06-15 23:42:24] [INFO] Monitor Status: Running=6, Required=4, Max=7
[2025-06-15 23:42:24] [DEBUG] Window count OK: 6 >= 4 (minimum)
[2025-06-15 23:42:24] [DEBUG] Next monitor check at: 23:51:24
[2025-06-15 23:42:24] [DEBUG] === MONITOR CHECK COMPLETE ===
[2025-06-15 23:51:24] [DEBUG] === MONITOR CHECK CYCLE ===
[2025-06-15 23:51:24] [DEBUG] Found 6 running PowerShell terminal windows (excluding monitoring window)
[2025-06-15 23:51:24] [INFO] Monitor Status: Running=6, Required=4, Max=7
[2025-06-15 23:51:24] [DEBUG] Window count OK: 6 >= 4 (minimum)
[2025-06-15 23:51:24] [DEBUG] Next monitor check at: 00:00:24
[2025-06-15 23:51:24] [DEBUG] === MONITOR CHECK COMPLETE ===
