[2025-06-13 00:09:03] [Information] Currently connected to: HellsGate-5.0G
[2025-06-13 00:09:03] [Information] Already connected to preferred network: HellsGate-5.0G
[2025-06-13 00:09:03] [Information] Waiting 10 minutes before next check...
[2025-06-13 00:19:03] [Information] Currently connected to: HellsGate-5.0G
[2025-06-13 00:19:03] [Information] Already connected to preferred network: HellsGate-5.0G
[2025-06-13 00:19:03] [Information] Waiting 25 minutes before next check...
[2025-06-13 00:44:03] [Information] Currently connected to: HellsGate-5.0G
[2025-06-13 00:44:03] [Information] Already connected to preferred network: HellsGate-5.0G
[2025-06-13 00:44:03] [Information] Waiting 28 minutes before next check...
[2025-06-13 01:12:03] [Information] Currently connected to: HellsGate-5.0G
[2025-06-13 01:12:03] [Information] Already connected to preferred network: HellsGate-5.0G
[2025-06-13 01:12:03] [Information] Waiting 22 minutes before next check...
[2025-06-13 01:34:03] [Information] Currently connected to: HellsGate-5.0G
[2025-06-13 01:34:03] [Information] Already connected to preferred network: HellsGate-5.0G
[2025-06-13 01:34:03] [Information] Waiting 13 minutes before next check...
[2025-06-13 01:47:04] [Information] Currently connected to: HellsGate-5.0G
[2025-06-13 01:47:04] [Information] Already connected to preferred network: HellsGate-5.0G
[2025-06-13 01:47:04] [Information] Waiting 15 minutes before next check...
[2025-06-13 02:02:04] [Information] Currently connected to: HellsGate-5.0G
[2025-06-13 02:02:04] [Information] Already connected to preferred network: HellsGate-5.0G
[2025-06-13 02:02:04] [Information] Waiting 17 minutes before next check...
[2025-06-13 02:19:04] [Information] Currently connected to: HellsGate-5.0G
[2025-06-13 02:19:04] [Information] Already connected to preferred network: HellsGate-5.0G
[2025-06-13 02:19:04] [Information] Waiting 23 minutes before next check...
[2025-06-13 02:42:04] [Information] Currently connected to: HellsGate-5.0G
[2025-06-13 02:42:04] [Information] Already connected to preferred network: HellsGate-5.0G
[2025-06-13 02:42:04] [Information] Waiting 18 minutes before next check...
[2025-06-13 03:00:04] [Information] Currently connected to: HellsGate-5.0G
[2025-06-13 03:00:04] [Information] Already connected to preferred network: HellsGate-5.0G
[2025-06-13 03:00:04] [Information] Waiting 22 minutes before next check...
[2025-06-13 03:22:04] [Information] Currently connected to: HellsGate-5.0G
[2025-06-13 03:22:04] [Information] Already connected to preferred network: HellsGate-5.0G
[2025-06-13 03:22:04] [Information] Waiting 27 minutes before next check...
[2025-06-13 03:49:04] [Information] Currently connected to: HellsGate-5.0G
[2025-06-13 03:49:04] [Information] Already connected to preferred network: HellsGate-5.0G
[2025-06-13 03:49:04] [Information] Waiting 12 minutes before next check...
[2025-06-13 04:01:04] [Information] Currently connected to: HellsGate-5.0G
[2025-06-13 04:01:04] [Information] Already connected to preferred network: HellsGate-5.0G
[2025-06-13 04:01:04] [Information] Waiting 26 minutes before next check...
[2025-06-13 04:27:04] [Information] Currently connected to: HellsGate-5.0G
[2025-06-13 04:27:04] [Information] Already connected to preferred network: HellsGate-5.0G
[2025-06-13 04:27:04] [Information] Waiting 12 minutes before next check...
[2025-06-13 04:39:04] [Information] Currently connected to: HellsGate-5.0G
[2025-06-13 04:39:04] [Information] Already connected to preferred network: HellsGate-5.0G
[2025-06-13 04:39:04] [Information] Waiting 24 minutes before next check...
[2025-06-13 05:03:04] [Information] Currently connected to: HellsGate-5.0G
[2025-06-13 05:03:04] [Information] Already connected to preferred network: HellsGate-5.0G
[2025-06-13 05:03:04] [Information] Waiting 18 minutes before next check...
[2025-06-13 05:21:05] [Information] Currently connected to: HellsGate-5.0G
[2025-06-13 05:21:05] [Information] Already connected to preferred network: HellsGate-5.0G
[2025-06-13 05:21:05] [Information] Waiting 11 minutes before next check...
[2025-06-13 05:32:05] [Information] Currently connected to: HellsGate-5.0G
[2025-06-13 05:32:05] [Information] Already connected to preferred network: HellsGate-5.0G
[2025-06-13 05:32:05] [Information] Waiting 27 minutes before next check...
[2025-06-13 05:59:05] [Information] Currently connected to: HellsGate-5.0G
[2025-06-13 05:59:05] [Information] Already connected to preferred network: HellsGate-5.0G
[2025-06-13 05:59:05] [Information] Waiting 20 minutes before next check...
[2025-06-13 06:19:05] [Information] Currently connected to: HellsGate-5.0G
[2025-06-13 06:19:05] [Information] Already connected to preferred network: HellsGate-5.0G
[2025-06-13 06:19:05] [Information] Waiting 15 minutes before next check...
[2025-06-13 06:34:05] [Information] Currently connected to: HellsGate-5.0G
[2025-06-13 06:34:05] [Information] Already connected to preferred network: HellsGate-5.0G
[2025-06-13 06:34:05] [Information] Waiting 18 minutes before next check...
[2025-06-13 06:52:12] [Information] Currently connected to: HellsGate-5.0G
[2025-06-13 06:52:12] [Information] Already connected to preferred network: HellsGate-5.0G
[2025-06-13 06:52:12] [Information] Waiting 13 minutes before next check...
[2025-06-13 07:05:12] [Information] Currently connected to: HellsGate-5.0G
[2025-06-13 07:05:12] [Information] Already connected to preferred network: HellsGate-5.0G
[2025-06-13 07:05:12] [Information] Waiting 14 minutes before next check...
[2025-06-13 07:19:12] [Information] Currently connected to: HellsGate-5.0G
[2025-06-13 07:19:12] [Information] Already connected to preferred network: HellsGate-5.0G
[2025-06-13 07:19:12] [Information] Waiting 13 minutes before next check...
[2025-06-13 07:32:12] [Information] Currently connected to: HellsGate-5.0G
[2025-06-13 07:32:12] [Information] Already connected to preferred network: HellsGate-5.0G
[2025-06-13 07:32:12] [Information] Waiting 15 minutes before next check...
[2025-06-13 07:47:12] [Information] Currently connected to: HellsGate-5.0G
[2025-06-13 07:47:12] [Information] Already connected to preferred network: HellsGate-5.0G
[2025-06-13 07:47:12] [Information] Waiting 27 minutes before next check...
[2025-06-13 08:14:12] [Information] Currently connected to: HellsGate-5.0G
[2025-06-13 08:14:12] [Information] Already connected to preferred network: HellsGate-5.0G
[2025-06-13 08:14:12] [Information] Waiting 20 minutes before next check...
[2025-06-13 08:34:12] [Information] Currently connected to: HellsGate-5.0G
[2025-06-13 08:34:12] [Information] Already connected to preferred network: HellsGate-5.0G
[2025-06-13 08:34:12] [Information] Waiting 26 minutes before next check...
[2025-06-13 09:00:12] [Information] Currently connected to: HellsGate-5.0G
[2025-06-13 09:00:12] [Information] Already connected to preferred network: HellsGate-5.0G
[2025-06-13 09:00:12] [Information] Waiting 28 minutes before next check...
[2025-06-13 09:28:12] [Information] Currently connected to: HellsGate-5.0G
[2025-06-13 09:28:12] [Information] Already connected to preferred network: HellsGate-5.0G
[2025-06-13 09:28:12] [Information] Waiting 18 minutes before next check...
[2025-06-13 09:46:12] [Information] Currently connected to: HellsGate-5.0G
[2025-06-13 09:46:12] [Information] Already connected to preferred network: HellsGate-5.0G
[2025-06-13 09:46:13] [Information] Waiting 11 minutes before next check...
[2025-06-13 09:57:13] [Information] Currently connected to: HellsGate-5.0G
[2025-06-13 09:57:13] [Information] Already connected to preferred network: HellsGate-5.0G
[2025-06-13 09:57:13] [Information] Waiting 11 minutes before next check...
[2025-06-13 10:08:13] [Information] Currently connected to: HellsGate-5.0G
[2025-06-13 10:08:13] [Information] Already connected to preferred network: HellsGate-5.0G
[2025-06-13 10:08:13] [Information] Waiting 23 minutes before next check...
[2025-06-13 10:31:13] [Information] Currently connected to: HellsGate-5.0G
[2025-06-13 10:31:13] [Information] Already connected to preferred network: HellsGate-5.0G
[2025-06-13 10:31:13] [Information] Waiting 18 minutes before next check...
[2025-06-13 10:49:13] [Information] Currently connected to: HellsGate-5.0G
[2025-06-13 10:49:13] [Information] Already connected to preferred network: HellsGate-5.0G
[2025-06-13 10:49:13] [Information] Waiting 29 minutes before next check...
[2025-06-13 11:18:13] [Information] Currently connected to: HellsGate-5.0G
[2025-06-13 11:18:13] [Information] Already connected to preferred network: HellsGate-5.0G
[2025-06-13 11:18:13] [Information] Waiting 26 minutes before next check...
[2025-06-13 11:44:13] [Information] Currently connected to: HellsGate-5.0G
[2025-06-13 11:44:13] [Information] Already connected to preferred network: HellsGate-5.0G
[2025-06-13 11:44:13] [Information] Waiting 21 minutes before next check...
[2025-06-13 12:05:13] [Information] Currently connected to: HellsGate-5.0G
[2025-06-13 12:05:13] [Information] Already connected to preferred network: HellsGate-5.0G
[2025-06-13 12:05:13] [Information] Waiting 12 minutes before next check...
[2025-06-13 12:17:13] [Information] Currently connected to: HellsGate-5.0G
[2025-06-13 12:17:13] [Information] Already connected to preferred network: HellsGate-5.0G
[2025-06-13 12:17:13] [Information] Waiting 17 minutes before next check...
[2025-06-13 12:34:13] [Information] Currently connected to: HellsGate-5.0G
[2025-06-13 12:34:13] [Information] Already connected to preferred network: HellsGate-5.0G
[2025-06-13 12:34:13] [Information] Waiting 15 minutes before next check...
[2025-06-13 12:49:13] [Information] Currently connected to: HellsGate-5.0G
[2025-06-13 12:49:13] [Information] Already connected to preferred network: HellsGate-5.0G
[2025-06-13 12:49:13] [Information] Waiting 22 minutes before next check...
[2025-06-13 13:11:13] [Information] Currently connected to: HellsGate-5.0G
[2025-06-13 13:11:13] [Information] Already connected to preferred network: HellsGate-5.0G
[2025-06-13 13:11:13] [Information] Waiting 14 minutes before next check...
[2025-06-13 13:25:14] [Information] Currently connected to: HellsGate-5.0G
[2025-06-13 13:25:14] [Information] Already connected to preferred network: HellsGate-5.0G
[2025-06-13 13:25:14] [Information] Waiting 11 minutes before next check...
[2025-06-13 13:36:14] [Information] Currently connected to: HellsGate-5.0G
[2025-06-13 13:36:14] [Information] Already connected to preferred network: HellsGate-5.0G
[2025-06-13 13:36:14] [Information] Waiting 28 minutes before next check...
[2025-06-13 14:04:14] [Information] Currently connected to: HellsGate-5.0G
[2025-06-13 14:04:14] [Information] Already connected to preferred network: HellsGate-5.0G
[2025-06-13 14:04:14] [Information] Waiting 17 minutes before next check...
[2025-06-13 14:21:14] [Information] Currently connected to: HellsGate-5.0G
[2025-06-13 14:21:14] [Information] Already connected to preferred network: HellsGate-5.0G
[2025-06-13 14:21:14] [Information] Waiting 29 minutes before next check...
[2025-06-13 14:50:14] [Information] Currently connected to: HellsGate-5.0G
[2025-06-13 14:50:14] [Information] Already connected to preferred network: HellsGate-5.0G
[2025-06-13 14:50:14] [Information] Waiting 13 minutes before next check...
[2025-06-13 15:03:14] [Information] Currently connected to: HellsGate-5.0G
[2025-06-13 15:03:14] [Information] Already connected to preferred network: HellsGate-5.0G
[2025-06-13 15:03:14] [Information] Waiting 29 minutes before next check...
[2025-06-13 15:32:14] [Information] Currently connected to: HellsGate-5.0G
[2025-06-13 15:32:14] [Information] Already connected to preferred network: HellsGate-5.0G
[2025-06-13 15:32:14] [Information] Waiting 26 minutes before next check...
[2025-06-13 15:58:14] [Information] Currently connected to: HellsGate-5.0G
[2025-06-13 15:58:14] [Information] Already connected to preferred network: HellsGate-5.0G
[2025-06-13 15:58:14] [Information] Waiting 20 minutes before next check...
[2025-06-13 16:18:14] [Information] Currently connected to: HellsGate-5.0G
[2025-06-13 16:18:14] [Information] Already connected to preferred network: HellsGate-5.0G
[2025-06-13 16:18:14] [Information] Waiting 18 minutes before next check...
[2025-06-13 16:36:14] [Information] Currently connected to: HellsGate-5.0G
[2025-06-13 16:36:14] [Information] Already connected to preferred network: HellsGate-5.0G
[2025-06-13 16:36:14] [Information] Waiting 16 minutes before next check...
[2025-06-13 16:52:14] [Information] Currently connected to: HellsGate-5.0G
[2025-06-13 16:52:14] [Information] Already connected to preferred network: HellsGate-5.0G
[2025-06-13 16:52:14] [Information] Waiting 19 minutes before next check...
[2025-06-13 17:11:14] [Information] Currently connected to: HellsGate-5.0G
[2025-06-13 17:11:15] [Information] Already connected to preferred network: HellsGate-5.0G
[2025-06-13 17:11:15] [Information] Waiting 24 minutes before next check...
[2025-06-13 17:35:15] [Information] Currently connected to: HellsGate-5.0G
[2025-06-13 17:35:15] [Information] Already connected to preferred network: HellsGate-5.0G
[2025-06-13 17:35:15] [Information] Waiting 18 minutes before next check...
[2025-06-13 17:53:15] [Information] Currently connected to: HellsGate-5.0G
[2025-06-13 17:53:15] [Information] Already connected to preferred network: HellsGate-5.0G
[2025-06-13 17:53:15] [Information] Waiting 13 minutes before next check...
[2025-06-13 18:06:15] [Information] Currently connected to: HellsGate-5.0G
[2025-06-13 18:06:15] [Information] Already connected to preferred network: HellsGate-5.0G
[2025-06-13 18:06:15] [Information] Waiting 18 minutes before next check...
[2025-06-13 18:24:15] [Information] Currently connected to: HellsGate-5.0G
[2025-06-13 18:24:15] [Information] Already connected to preferred network: HellsGate-5.0G
[2025-06-13 18:24:15] [Information] Waiting 20 minutes before next check...
[2025-06-13 18:44:15] [Information] Currently connected to: HellsGate-5.0G
[2025-06-13 18:44:15] [Information] Already connected to preferred network: HellsGate-5.0G
[2025-06-13 18:44:15] [Information] Waiting 28 minutes before next check...
[2025-06-13 19:12:15] [Information] Currently connected to: HellsGate-5.0G
[2025-06-13 19:12:15] [Information] Already connected to preferred network: HellsGate-5.0G
[2025-06-13 19:12:15] [Information] Waiting 22 minutes before next check...
[2025-06-13 19:34:15] [Information] Currently connected to: HellsGate-5.0G
[2025-06-13 19:34:15] [Information] Already connected to preferred network: HellsGate-5.0G
[2025-06-13 19:34:15] [Information] Waiting 23 minutes before next check...
[2025-06-13 19:57:15] [Information] Currently connected to: HellsGate-5.0G
[2025-06-13 19:57:15] [Information] Already connected to preferred network: HellsGate-5.0G
[2025-06-13 19:57:15] [Information] Waiting 15 minutes before next check...
[2025-06-13 20:12:15] [Information] Currently connected to: HellsGate-5.0G
[2025-06-13 20:12:15] [Information] Already connected to preferred network: HellsGate-5.0G
[2025-06-13 20:12:15] [Information] Waiting 22 minutes before next check...
[2025-06-13 20:34:15] [Information] Currently connected to: HellsGate-5.0G
[2025-06-13 20:34:15] [Information] Already connected to preferred network: HellsGate-5.0G
[2025-06-13 20:34:15] [Information] Waiting 21 minutes before next check...
[2025-06-13 20:55:15] [Information] Currently connected to: HellsGate-5.0G
[2025-06-13 20:55:15] [Information] Already connected to preferred network: HellsGate-5.0G
[2025-06-13 20:55:15] [Information] Waiting 16 minutes before next check...
[2025-06-13 21:11:16] [Information] Currently connected to: HellsGate-5.0G
[2025-06-13 21:11:16] [Information] Already connected to preferred network: HellsGate-5.0G
[2025-06-13 21:11:16] [Information] Waiting 21 minutes before next check...
[2025-06-13 21:32:16] [Information] Currently connected to: HellsGate-5.0G
[2025-06-13 21:32:16] [Information] Already connected to preferred network: HellsGate-5.0G
[2025-06-13 21:32:16] [Information] Waiting 27 minutes before next check...
[2025-06-13 21:59:16] [Information] Currently connected to: HellsGate-5.0G
[2025-06-13 21:59:16] [Information] Already connected to preferred network: HellsGate-5.0G
[2025-06-13 21:59:16] [Information] Waiting 23 minutes before next check...
[2025-06-13 22:22:16] [Information] Currently connected to: HellsGate-5.0G
[2025-06-13 22:22:16] [Information] Already connected to preferred network: HellsGate-5.0G
[2025-06-13 22:22:16] [Information] Waiting 18 minutes before next check...
[2025-06-13 22:40:16] [Information] Currently connected to: Nyati_CPEPro2_2.4G
[2025-06-13 22:40:16] [Information] Already connected to preferred network: Nyati_CPEPro2_2.4G
[2025-06-13 22:40:16] [Information] Waiting 19 minutes before next check...
[2025-06-13 22:59:16] [Information] Currently connected to: Nyati_CPEPro2_2.4G
[2025-06-13 22:59:16] [Information] Already connected to preferred network: Nyati_CPEPro2_2.4G
[2025-06-13 22:59:16] [Information] Waiting 17 minutes before next check...
[2025-06-13 23:16:16] [Information] Currently connected to: Nyati_CPEPro2_2.4G
[2025-06-13 23:16:16] [Information] Already connected to preferred network: Nyati_CPEPro2_2.4G
[2025-06-13 23:16:16] [Information] Waiting 17 minutes before next check...
[2025-06-13 23:33:16] [Information] Currently connected to: Nyati_CPEPro2_2.4G
[2025-06-13 23:33:16] [Information] Already connected to preferred network: Nyati_CPEPro2_2.4G
[2025-06-13 23:33:16] [Information] Waiting 25 minutes before next check...
[2025-06-13 23:58:16] [Information] Currently connected to: Nyati_CPEPro2_2.4G
[2025-06-13 23:58:16] [Information] Already connected to preferred network: Nyati_CPEPro2_2.4G
[2025-06-13 23:58:16] [Information] Waiting 18 minutes before next check...
