[2025-03-05 00:07:41] [Information] Currently connected to: HellsGate-5.0G
[2025-03-05 00:07:41] [Information] Already connected to preferred network: HellsGate-5.0G
[2025-03-05 00:07:41] [Information] Waiting 18 minutes before next check...
[2025-03-05 00:25:41] [Information] Currently connected to: HellsGate-5.0G
[2025-03-05 00:25:41] [Information] Already connected to preferred network: HellsGate-5.0G
[2025-03-05 00:25:41] [Information] Waiting 12 minutes before next check...
[2025-03-05 00:37:41] [Information] Currently connected to: HellsGate-5.0G
[2025-03-05 00:37:41] [Information] Already connected to preferred network: HellsGate-5.0G
[2025-03-05 00:37:41] [Information] Waiting 13 minutes before next check...
[2025-03-05 00:50:41] [Information] Currently connected to: HellsGate-5.0G
[2025-03-05 00:50:41] [Information] Already connected to preferred network: HellsGate-5.0G
[2025-03-05 00:50:41] [Information] Waiting 26 minutes before next check...
[2025-03-05 01:16:41] [Information] Currently connected to: HellsGate-5.0G
[2025-03-05 01:16:41] [Information] Already connected to preferred network: HellsGate-5.0G
[2025-03-05 01:16:41] [Information] Waiting 21 minutes before next check...
[2025-03-05 01:37:41] [Information] Currently connected to: HellsGate-5.0G
[2025-03-05 01:37:41] [Information] Already connected to preferred network: HellsGate-5.0G
[2025-03-05 01:37:41] [Information] Waiting 28 minutes before next check...
[2025-03-05 02:05:41] [Information] Currently connected to: HellsGate-5.0G
[2025-03-05 02:05:41] [Information] Already connected to preferred network: HellsGate-5.0G
[2025-03-05 02:05:41] [Information] Waiting 19 minutes before next check...
[2025-03-05 02:24:41] [Information] Currently connected to: HellsGate-5.0G
[2025-03-05 02:24:41] [Information] Already connected to preferred network: HellsGate-5.0G
[2025-03-05 02:24:41] [Information] Waiting 14 minutes before next check...
[2025-03-05 02:38:41] [Information] Currently connected to: HellsGate-5.0G
[2025-03-05 02:38:41] [Information] Already connected to preferred network: HellsGate-5.0G
[2025-03-05 02:38:41] [Information] Waiting 16 minutes before next check...
[2025-03-05 02:54:41] [Information] Currently connected to: HellsGate-5.0G
[2025-03-05 02:54:41] [Information] Already connected to preferred network: HellsGate-5.0G
[2025-03-05 02:54:41] [Information] Waiting 11 minutes before next check...
[2025-03-05 03:05:41] [Information] Currently connected to: HellsGate-5.0G
[2025-03-05 03:05:41] [Information] Already connected to preferred network: HellsGate-5.0G
[2025-03-05 03:05:41] [Information] Waiting 12 minutes before next check...
[2025-03-05 03:17:42] [Information] Currently connected to: HellsGate-5.0G
[2025-03-05 03:17:42] [Information] Already connected to preferred network: HellsGate-5.0G
[2025-03-05 03:17:42] [Information] Waiting 19 minutes before next check...
[2025-03-05 03:36:42] [Information] Currently connected to: HellsGate-5.0G
[2025-03-05 03:36:42] [Information] Already connected to preferred network: HellsGate-5.0G
[2025-03-05 03:36:42] [Information] Waiting 16 minutes before next check...
[2025-03-05 03:52:42] [Information] Currently connected to: HellsGate-5.0G
[2025-03-05 03:52:42] [Information] Already connected to preferred network: HellsGate-5.0G
[2025-03-05 03:52:42] [Information] Waiting 15 minutes before next check...
[2025-03-05 04:07:42] [Information] Currently connected to: HellsGate-5.0G
[2025-03-05 04:07:42] [Information] Already connected to preferred network: HellsGate-5.0G
[2025-03-05 04:07:42] [Information] Waiting 24 minutes before next check...
[2025-03-05 04:31:42] [Information] Currently connected to: HellsGate-5.0G
[2025-03-05 04:31:42] [Information] Already connected to preferred network: HellsGate-5.0G
[2025-03-05 04:31:42] [Information] Waiting 28 minutes before next check...
[2025-03-05 04:59:49] [Information] Currently connected to: HellsGate-5.0G
[2025-03-05 04:59:49] [Information] Already connected to preferred network: HellsGate-5.0G
[2025-03-05 04:59:49] [Information] Waiting 20 minutes before next check...
[2025-03-05 05:19:49] [Information] Currently connected to: HellsGate-5.0G
[2025-03-05 05:19:49] [Information] Already connected to preferred network: HellsGate-5.0G
[2025-03-05 05:19:49] [Information] Waiting 20 minutes before next check...
[2025-03-05 05:39:49] [Information] Currently connected to: HellsGate-5.0G
[2025-03-05 05:39:49] [Information] Already connected to preferred network: HellsGate-5.0G
[2025-03-05 05:39:49] [Information] Waiting 24 minutes before next check...
[2025-03-05 06:03:49] [Information] Currently connected to: HellsGate-5.0G
[2025-03-05 06:03:49] [Information] Already connected to preferred network: HellsGate-5.0G
[2025-03-05 06:03:49] [Information] Waiting 26 minutes before next check...
[2025-03-05 06:29:49] [Information] Currently connected to: HellsGate-5.0G
[2025-03-05 06:29:49] [Information] Already connected to preferred network: HellsGate-5.0G
[2025-03-05 06:29:49] [Information] Waiting 28 minutes before next check...
[2025-03-05 06:57:49] [Information] Currently connected to: HellsGate-5.0G
[2025-03-05 06:57:49] [Information] Already connected to preferred network: HellsGate-5.0G
[2025-03-05 06:57:49] [Information] Waiting 28 minutes before next check...
[2025-03-05 07:25:49] [Information] Currently connected to: HellsGate-5.0G
[2025-03-05 07:25:49] [Information] Already connected to preferred network: HellsGate-5.0G
[2025-03-05 07:25:49] [Information] Waiting 22 minutes before next check...
[2025-03-05 07:47:49] [Information] Currently connected to: HellsGate-5.0G
[2025-03-05 07:47:49] [Information] Already connected to preferred network: HellsGate-5.0G
[2025-03-05 07:47:49] [Information] Waiting 10 minutes before next check...
[2025-03-05 07:57:50] [Information] Currently connected to: HellsGate-5.0G
[2025-03-05 07:57:50] [Information] Already connected to preferred network: HellsGate-5.0G
[2025-03-05 07:57:50] [Information] Waiting 11 minutes before next check...
[2025-03-05 08:08:50] [Information] Currently connected to: HellsGate-5.0G
[2025-03-05 08:08:50] [Information] Already connected to preferred network: HellsGate-5.0G
[2025-03-05 08:08:50] [Information] Waiting 16 minutes before next check...
[2025-03-05 08:24:50] [Information] Currently connected to: HellsGate-5.0G
[2025-03-05 08:24:50] [Information] Already connected to preferred network: HellsGate-5.0G
[2025-03-05 08:24:50] [Information] Waiting 18 minutes before next check...
[2025-03-05 08:42:50] [Information] Currently connected to: HellsGate-5.0G
[2025-03-05 08:42:50] [Information] Already connected to preferred network: HellsGate-5.0G
[2025-03-05 08:42:50] [Information] Waiting 22 minutes before next check...
[2025-03-05 09:04:50] [Information] Currently connected to: HellsGate-5.0G
[2025-03-05 09:04:50] [Information] Already connected to preferred network: HellsGate-5.0G
[2025-03-05 09:04:50] [Information] Waiting 24 minutes before next check...
[2025-03-05 09:28:50] [Information] Currently connected to: HellsGate-5.0G
[2025-03-05 09:28:50] [Information] Already connected to preferred network: HellsGate-5.0G
[2025-03-05 09:28:50] [Information] Waiting 18 minutes before next check...
[2025-03-05 09:46:50] [Information] Currently connected to: HellsGate-5.0G
[2025-03-05 09:46:50] [Information] Already connected to preferred network: HellsGate-5.0G
[2025-03-05 09:46:50] [Information] Waiting 15 minutes before next check...
[2025-03-05 10:01:50] [Information] Currently connected to: HellsGate-5.0G
[2025-03-05 10:01:50] [Information] Already connected to preferred network: HellsGate-5.0G
[2025-03-05 10:01:50] [Information] Waiting 16 minutes before next check...
[2025-03-05 10:17:50] [Information] Currently connected to: HellsGate-5.0G
[2025-03-05 10:17:50] [Information] Already connected to preferred network: HellsGate-5.0G
[2025-03-05 10:17:50] [Information] Waiting 13 minutes before next check...
[2025-03-05 10:30:50] [Information] Currently connected to: HellsGate-5.0G
[2025-03-05 10:30:50] [Information] Already connected to preferred network: HellsGate-5.0G
[2025-03-05 10:30:50] [Information] Waiting 11 minutes before next check...
[2025-03-05 10:41:50] [Information] Currently connected to: HellsGate-5.0G
[2025-03-05 10:41:50] [Information] Already connected to preferred network: HellsGate-5.0G
[2025-03-05 10:41:50] [Information] Waiting 27 minutes before next check...
[2025-03-05 11:08:50] [Information] Currently connected to: HellsGate-5.0G
[2025-03-05 11:08:50] [Information] Already connected to preferred network: HellsGate-5.0G
[2025-03-05 11:08:50] [Information] Waiting 11 minutes before next check...
[2025-03-05 11:19:50] [Information] Currently connected to: HellsGate-5.0G
[2025-03-05 11:19:50] [Information] Already connected to preferred network: HellsGate-5.0G
[2025-03-05 11:19:50] [Information] Waiting 28 minutes before next check...
[2025-03-05 11:47:50] [Information] Currently connected to: HellsGate-5.0G
[2025-03-05 11:47:50] [Information] Already connected to preferred network: HellsGate-5.0G
[2025-03-05 11:47:50] [Information] Waiting 29 minutes before next check...
[2025-03-05 12:16:51] [Information] Currently connected to: HellsGate-5.0G
[2025-03-05 12:16:51] [Information] Already connected to preferred network: HellsGate-5.0G
[2025-03-05 12:16:51] [Information] Waiting 25 minutes before next check...
[2025-03-05 12:41:51] [Information] Currently connected to: HellsGate-5.0G
[2025-03-05 12:41:51] [Information] Already connected to preferred network: HellsGate-5.0G
[2025-03-05 12:41:51] [Information] Waiting 18 minutes before next check...
[2025-03-05 12:59:51] [Information] Currently connected to: HellsGate-5.0G
[2025-03-05 12:59:51] [Information] Already connected to preferred network: HellsGate-5.0G
[2025-03-05 12:59:51] [Information] Waiting 23 minutes before next check...
[2025-03-05 13:22:51] [Information] Currently connected to: HellsGate-5.0G
[2025-03-05 13:22:51] [Information] Already connected to preferred network: HellsGate-5.0G
[2025-03-05 13:22:51] [Information] Waiting 17 minutes before next check...
[2025-03-05 13:39:51] [Information] Currently connected to: HellsGate-5.0G
[2025-03-05 13:39:51] [Information] Already connected to preferred network: HellsGate-5.0G
[2025-03-05 13:39:51] [Information] Waiting 23 minutes before next check...
[2025-03-05 14:02:51] [Information] Currently connected to: HellsGate-5.0G
[2025-03-05 14:02:51] [Information] Already connected to preferred network: HellsGate-5.0G
[2025-03-05 14:02:51] [Information] Waiting 29 minutes before next check...
[2025-03-05 14:31:51] [Information] Currently connected to: HellsGate-5.0G
[2025-03-05 14:31:51] [Information] Already connected to preferred network: HellsGate-5.0G
[2025-03-05 14:31:51] [Information] Waiting 13 minutes before next check...
[2025-03-05 14:44:51] [Information] Currently connected to: HellsGate-5.0G
[2025-03-05 14:44:51] [Information] Already connected to preferred network: HellsGate-5.0G
[2025-03-05 14:44:51] [Information] Waiting 13 minutes before next check...
[2025-03-05 14:57:51] [Information] Currently connected to: HellsGate-5.0G
[2025-03-05 14:57:51] [Information] Already connected to preferred network: HellsGate-5.0G
[2025-03-05 14:57:51] [Information] Waiting 26 minutes before next check...
[2025-03-05 15:23:51] [Information] Currently connected to: HellsGate-5.0G
[2025-03-05 15:23:51] [Information] Already connected to preferred network: HellsGate-5.0G
[2025-03-05 15:23:51] [Information] Waiting 16 minutes before next check...
[2025-03-05 15:39:51] [Information] Currently connected to: HellsGate-5.0G
[2025-03-05 15:39:51] [Information] Already connected to preferred network: HellsGate-5.0G
[2025-03-05 15:39:51] [Information] Waiting 28 minutes before next check...
[2025-03-05 16:07:51] [Information] Currently connected to: HellsGate-5.0G
[2025-03-05 16:07:51] [Information] Already connected to preferred network: HellsGate-5.0G
[2025-03-05 16:07:51] [Information] Waiting 18 minutes before next check...
[2025-03-05 16:25:51] [Information] Currently connected to: HellsGate-5.0G
[2025-03-05 16:25:51] [Information] Already connected to preferred network: HellsGate-5.0G
[2025-03-05 16:25:51] [Information] Waiting 21 minutes before next check...
[2025-03-05 16:46:52] [Information] Currently connected to: HellsGate-5.0G
[2025-03-05 16:46:52] [Information] Already connected to preferred network: HellsGate-5.0G
[2025-03-05 16:46:52] [Information] Waiting 12 minutes before next check...
[2025-03-05 16:58:52] [Information] Currently connected to: HellsGate-5.0G
[2025-03-05 16:58:52] [Information] Already connected to preferred network: HellsGate-5.0G
[2025-03-05 16:58:52] [Information] Waiting 19 minutes before next check...
[2025-03-05 17:17:52] [Information] Currently connected to: HellsGate-5.0G
[2025-03-05 17:17:52] [Information] Already connected to preferred network: HellsGate-5.0G
[2025-03-05 17:17:52] [Information] Waiting 14 minutes before next check...
[2025-03-05 17:31:52] [Information] Currently connected to: HellsGate-5.0G
[2025-03-05 17:31:52] [Information] Already connected to preferred network: HellsGate-5.0G
[2025-03-05 17:31:52] [Information] Waiting 11 minutes before next check...
[2025-03-05 17:42:52] [Information] Currently connected to: HellsGate-5.0G
[2025-03-05 17:42:52] [Information] Already connected to preferred network: HellsGate-5.0G
[2025-03-05 17:42:52] [Information] Waiting 20 minutes before next check...
[2025-03-05 18:02:52] [Information] Currently connected to: HellsGate-5.0G
[2025-03-05 18:02:52] [Information] Already connected to preferred network: HellsGate-5.0G
[2025-03-05 18:02:52] [Information] Waiting 20 minutes before next check...
[2025-03-05 18:22:52] [Information] Currently connected to: HellsGate-5.0G
[2025-03-05 18:22:52] [Information] Already connected to preferred network: HellsGate-5.0G
[2025-03-05 18:22:52] [Information] Waiting 11 minutes before next check...
[2025-03-05 18:33:52] [Information] Currently connected to: HellsGate-5.0G
[2025-03-05 18:33:52] [Information] Already connected to preferred network: HellsGate-5.0G
[2025-03-05 18:33:52] [Information] Waiting 19 minutes before next check...
[2025-03-05 18:52:52] [Information] Currently connected to: HellsGate-5.0G
[2025-03-05 18:52:52] [Information] Already connected to preferred network: HellsGate-5.0G
[2025-03-05 18:52:52] [Information] Waiting 24 minutes before next check...
[2025-03-05 19:16:52] [Information] Currently connected to: Merlin Wharf
[2025-03-05 19:16:52] [Information] Already connected to preferred network: Merlin Wharf
[2025-03-05 19:16:52] [Information] Waiting 26 minutes before next check...
[2025-03-05 19:42:52] [Information] Currently connected to: Merlin Wharf
[2025-03-05 19:42:52] [Information] Already connected to preferred network: Merlin Wharf
[2025-03-05 19:42:52] [Information] Waiting 13 minutes before next check...
[2025-03-05 19:55:52] [Information] Currently connected to: Merlin Wharf
[2025-03-05 19:55:52] [Information] Already connected to preferred network: Merlin Wharf
[2025-03-05 19:55:52] [Information] Waiting 19 minutes before next check...
[2025-03-05 20:14:52] [Information] Currently connected to: Merlin Wharf
[2025-03-05 20:14:52] [Information] Already connected to preferred network: Merlin Wharf
[2025-03-05 20:14:52] [Information] Waiting 20 minutes before next check...
[2025-03-05 20:34:52] [Information] Currently connected to: Merlin Wharf
[2025-03-05 20:34:52] [Information] Already connected to preferred network: Merlin Wharf
[2025-03-05 20:34:52] [Information] Waiting 27 minutes before next check...
[2025-03-05 21:01:53] [Information] Currently connected to: Merlin Wharf
[2025-03-05 21:01:53] [Information] Already connected to preferred network: Merlin Wharf
[2025-03-05 21:01:53] [Information] Waiting 21 minutes before next check...
[2025-03-05 21:22:53] [Information] Currently connected to: Merlin Wharf
[2025-03-05 21:22:53] [Information] Already connected to preferred network: Merlin Wharf
[2025-03-05 21:22:53] [Information] Waiting 13 minutes before next check...
[2025-03-05 21:35:53] [Information] Currently connected to: Merlin Wharf
[2025-03-05 21:35:53] [Information] Already connected to preferred network: Merlin Wharf
[2025-03-05 21:35:53] [Information] Waiting 21 minutes before next check...
[2025-03-05 21:56:53] [Information] Currently connected to: Merlin Wharf
[2025-03-05 21:56:53] [Information] Already connected to preferred network: Merlin Wharf
[2025-03-05 21:56:53] [Information] Waiting 10 minutes before next check...
[2025-03-05 22:06:53] [Information] Currently connected to: Merlin Wharf
[2025-03-05 22:06:53] [Information] Already connected to preferred network: Merlin Wharf
[2025-03-05 22:06:53] [Information] Waiting 22 minutes before next check...
[2025-03-05 22:28:53] [Information] Currently connected to: Merlin Wharf
[2025-03-05 22:28:53] [Information] Already connected to preferred network: Merlin Wharf
[2025-03-05 22:28:53] [Information] Waiting 12 minutes before next check...
[2025-03-05 22:40:53] [Information] Currently connected to: Merlin Wharf
[2025-03-05 22:40:53] [Information] Already connected to preferred network: Merlin Wharf
[2025-03-05 22:40:53] [Information] Waiting 28 minutes before next check...
[2025-03-05 23:08:53] [Information] Currently connected to: Merlin Wharf
[2025-03-05 23:08:53] [Information] Already connected to preferred network: Merlin Wharf
[2025-03-05 23:08:53] [Information] Waiting 23 minutes before next check...
[2025-03-05 23:31:53] [Information] Currently connected to: Merlin Wharf
[2025-03-05 23:31:53] [Information] Already connected to preferred network: Merlin Wharf
[2025-03-05 23:31:53] [Information] Waiting 12 minutes before next check...
[2025-03-05 23:43:53] [Information] Currently connected to: Merlin Wharf
[2025-03-05 23:43:53] [Information] Already connected to preferred network: Merlin Wharf
[2025-03-05 23:43:53] [Information] Waiting 11 minutes before next check...
[2025-03-05 23:54:53] [Information] Currently connected to: Merlin Wharf
[2025-03-05 23:54:53] [Information] Already connected to preferred network: Merlin Wharf
[2025-03-05 23:54:53] [Information] Waiting 27 minutes before next check...
