[2025-06-14 17:31:17] [Information] Successfully registered scheduled task
[2025-06-14 17:31:18] [Information] WiFi connection manager started
[2025-06-14 17:31:19] [Warning] No current WiFi connection
[2025-06-14 17:31:19] [Information] Scanning for preferred networks...
[2025-06-14 17:31:19] [Information] Found 11 networks
[2025-06-14 17:31:19] [Information] Attempting to connect to HellsGate-5.0G
[2025-06-14 17:31:25] [Information] Currently connected to: HellsGate-5.0G
[2025-06-14 17:31:25] [Information] Successfully connected to HellsGate-5.0G
[2025-06-14 17:31:25] [Information] Waiting 19 minutes before next check...
[2025-06-14 17:50:25] [Information] Currently connected to: HellsGate-5.0G
[2025-06-14 17:50:25] [Information] Already connected to preferred network: HellsGate-5.0G
[2025-06-14 17:50:25] [Information] Waiting 12 minutes before next check...
[2025-06-14 18:02:25] [Information] Currently connected to: HellsGate-5.0G
[2025-06-14 18:02:25] [Information] Already connected to preferred network: HellsGate-5.0G
[2025-06-14 18:02:25] [Information] Waiting 23 minutes before next check...
[2025-06-14 18:25:25] [Information] Currently connected to: HellsGate-5.0G
[2025-06-14 18:25:25] [Information] Already connected to preferred network: HellsGate-5.0G
[2025-06-14 18:25:25] [Information] Waiting 23 minutes before next check...
[2025-06-14 18:48:25] [Information] Currently connected to: HellsGate-5.0G
[2025-06-14 18:48:25] [Information] Already connected to preferred network: HellsGate-5.0G
[2025-06-14 18:48:25] [Information] Waiting 24 minutes before next check...
[2025-06-14 19:12:25] [Information] Currently connected to: HellsGate-5.0G
[2025-06-14 19:12:25] [Information] Already connected to preferred network: HellsGate-5.0G
[2025-06-14 19:12:25] [Information] Waiting 18 minutes before next check...
[2025-06-14 19:30:25] [Information] Currently connected to: HellsGate-5.0G
[2025-06-14 19:30:25] [Information] Already connected to preferred network: HellsGate-5.0G
[2025-06-14 19:30:25] [Information] Waiting 27 minutes before next check...
[2025-06-14 19:57:26] [Information] Currently connected to: HellsGate-5.0G
[2025-06-14 19:57:26] [Information] Already connected to preferred network: HellsGate-5.0G
[2025-06-14 19:57:26] [Information] Waiting 26 minutes before next check...
[2025-06-14 20:23:26] [Information] Currently connected to: HellsGate-5.0G
[2025-06-14 20:23:26] [Information] Already connected to preferred network: HellsGate-5.0G
[2025-06-14 20:23:26] [Information] Waiting 23 minutes before next check...
[2025-06-14 20:46:26] [Information] Currently connected to: HellsGate-5.0G
[2025-06-14 20:46:26] [Information] Already connected to preferred network: HellsGate-5.0G
[2025-06-14 20:46:26] [Information] Waiting 15 minutes before next check...
[2025-06-14 21:01:26] [Information] Currently connected to: HellsGate-5.0G
[2025-06-14 21:01:26] [Information] Already connected to preferred network: HellsGate-5.0G
[2025-06-14 21:01:26] [Information] Waiting 24 minutes before next check...
[2025-06-14 21:25:26] [Information] Currently connected to: HellsGate-5.0G
[2025-06-14 21:25:26] [Information] Already connected to preferred network: HellsGate-5.0G
[2025-06-14 21:25:26] [Information] Waiting 26 minutes before next check...
[2025-06-14 21:51:26] [Information] Currently connected to: HellsGate-5.0G
[2025-06-14 21:51:26] [Information] Already connected to preferred network: HellsGate-5.0G
[2025-06-14 21:51:26] [Information] Waiting 25 minutes before next check...
[2025-06-14 22:16:26] [Information] Currently connected to: HellsGate-5.0G
[2025-06-14 22:16:26] [Information] Already connected to preferred network: HellsGate-5.0G
[2025-06-14 22:16:26] [Information] Waiting 25 minutes before next check...
[2025-06-14 22:41:26] [Information] Currently connected to: HellsGate-5.0G
[2025-06-14 22:41:26] [Information] Already connected to preferred network: HellsGate-5.0G
[2025-06-14 22:41:26] [Information] Waiting 29 minutes before next check...
[2025-06-14 23:10:26] [Information] Currently connected to: HellsGate-5.0G
[2025-06-14 23:10:26] [Information] Already connected to preferred network: HellsGate-5.0G
[2025-06-14 23:10:26] [Information] Waiting 28 minutes before next check...
[2025-06-14 23:38:26] [Information] Currently connected to: HellsGate-5.0G
[2025-06-14 23:38:26] [Information] Already connected to preferred network: HellsGate-5.0G
[2025-06-14 23:38:26] [Information] Waiting 28 minutes before next check...
