[2025-06-14 00:16:16] [Information] Currently connected to: Nyati_CPEPro2_2.4G
[2025-06-14 00:16:16] [Information] Already connected to preferred network: Nyati_CPEPro2_2.4G
[2025-06-14 00:16:16] [Information] Waiting 19 minutes before next check...
[2025-06-14 00:35:16] [Information] Currently connected to: Nyati_CPEPro2_2.4G
[2025-06-14 00:35:16] [Information] Already connected to preferred network: Nyati_CPEPro2_2.4G
[2025-06-14 00:35:16] [Information] Waiting 15 minutes before next check...
[2025-06-14 00:50:16] [Information] Currently connected to: Nyati_CPEPro2_2.4G
[2025-06-14 00:50:16] [Information] Already connected to preferred network: Nyati_CPEPro2_2.4G
[2025-06-14 00:50:16] [Information] Waiting 24 minutes before next check...
[2025-06-14 01:14:17] [Information] Currently connected to: Nyati_CPEPro2_2.4G
[2025-06-14 01:14:17] [Information] Already connected to preferred network: Nyati_CPEPro2_2.4G
[2025-06-14 01:14:17] [Information] Waiting 26 minutes before next check...
[2025-06-14 01:40:17] [Information] Currently connected to: Nyati_CPEPro2_2.4G
[2025-06-14 01:40:17] [Information] Already connected to preferred network: Nyati_CPEPro2_2.4G
[2025-06-14 01:40:17] [Information] Waiting 21 minutes before next check...
[2025-06-14 02:01:17] [Information] Currently connected to: Nyati_CPEPro2_2.4G
[2025-06-14 02:01:17] [Information] Already connected to preferred network: Nyati_CPEPro2_2.4G
[2025-06-14 02:01:17] [Information] Waiting 18 minutes before next check...
[2025-06-14 02:19:17] [Information] Currently connected to: Nyati_CPEPro2_2.4G
[2025-06-14 02:19:17] [Information] Already connected to preferred network: Nyati_CPEPro2_2.4G
[2025-06-14 02:19:17] [Information] Waiting 17 minutes before next check...
[2025-06-14 02:36:17] [Information] Currently connected to: Nyati_CPEPro2_2.4G
[2025-06-14 02:36:17] [Information] Already connected to preferred network: Nyati_CPEPro2_2.4G
[2025-06-14 02:36:17] [Information] Waiting 14 minutes before next check...
[2025-06-14 02:50:17] [Information] Currently connected to: Nyati_CPEPro2_2.4G
[2025-06-14 02:50:17] [Information] Already connected to preferred network: Nyati_CPEPro2_2.4G
[2025-06-14 02:50:17] [Information] Waiting 24 minutes before next check...
[2025-06-14 03:14:17] [Information] Currently connected to: Nyati_CPEPro2_2.4G
[2025-06-14 03:14:17] [Information] Already connected to preferred network: Nyati_CPEPro2_2.4G
[2025-06-14 03:14:17] [Information] Waiting 14 minutes before next check...
[2025-06-14 03:28:17] [Information] Currently connected to: Nyati_CPEPro2_2.4G
[2025-06-14 03:28:17] [Information] Already connected to preferred network: Nyati_CPEPro2_2.4G
[2025-06-14 03:28:17] [Information] Waiting 21 minutes before next check...
[2025-06-14 03:49:17] [Information] Currently connected to: Nyati_CPEPro2_2.4G
[2025-06-14 03:49:17] [Information] Already connected to preferred network: Nyati_CPEPro2_2.4G
[2025-06-14 03:49:17] [Information] Waiting 24 minutes before next check...
[2025-06-14 04:13:17] [Information] Currently connected to: Nyati_CPEPro2_2.4G
[2025-06-14 04:13:17] [Information] Already connected to preferred network: Nyati_CPEPro2_2.4G
[2025-06-14 04:13:17] [Information] Waiting 19 minutes before next check...
[2025-06-14 04:32:17] [Information] Currently connected to: Nyati_CPEPro2_2.4G
[2025-06-14 04:32:17] [Information] Already connected to preferred network: Nyati_CPEPro2_2.4G
[2025-06-14 04:32:17] [Information] Waiting 22 minutes before next check...
[2025-06-14 04:54:18] [Information] Currently connected to: Nyati_CPEPro2_2.4G
[2025-06-14 04:54:18] [Information] Already connected to preferred network: Nyati_CPEPro2_2.4G
[2025-06-14 04:54:18] [Information] Waiting 24 minutes before next check...
[2025-06-14 05:18:18] [Information] Currently connected to: Nyati_CPEPro2_2.4G
[2025-06-14 05:18:18] [Information] Already connected to preferred network: Nyati_CPEPro2_2.4G
[2025-06-14 05:18:18] [Information] Waiting 11 minutes before next check...
[2025-06-14 05:29:18] [Information] Currently connected to: Nyati_CPEPro2_2.4G
[2025-06-14 05:29:18] [Information] Already connected to preferred network: Nyati_CPEPro2_2.4G
[2025-06-14 05:29:18] [Information] Waiting 26 minutes before next check...
[2025-06-14 05:55:18] [Information] Currently connected to: Nyati_CPEPro2_2.4G
[2025-06-14 05:55:18] [Information] Already connected to preferred network: Nyati_CPEPro2_2.4G
[2025-06-14 05:55:18] [Information] Waiting 26 minutes before next check...
[2025-06-14 06:21:18] [Information] Currently connected to: Nyati_CPEPro2_2.4G
[2025-06-14 06:21:18] [Information] Already connected to preferred network: Nyati_CPEPro2_2.4G
[2025-06-14 06:21:18] [Information] Waiting 21 minutes before next check...
[2025-06-14 06:42:25] [Information] Currently connected to: Nyati_CPEPro2_2.4G
[2025-06-14 06:42:25] [Information] Already connected to preferred network: Nyati_CPEPro2_2.4G
[2025-06-14 06:42:25] [Information] Waiting 26 minutes before next check...
[2025-06-14 07:08:25] [Information] Currently connected to: Nyati_CPEPro2_2.4G
[2025-06-14 07:08:25] [Information] Already connected to preferred network: Nyati_CPEPro2_2.4G
[2025-06-14 07:08:25] [Information] Waiting 13 minutes before next check...
[2025-06-14 07:21:25] [Information] Currently connected to: Nyati_CPEPro2_2.4G
[2025-06-14 07:21:25] [Information] Already connected to preferred network: Nyati_CPEPro2_2.4G
[2025-06-14 07:21:25] [Information] Waiting 21 minutes before next check...
[2025-06-14 07:42:25] [Information] Currently connected to: Nyati_CPEPro2_2.4G
[2025-06-14 07:42:25] [Information] Already connected to preferred network: Nyati_CPEPro2_2.4G
[2025-06-14 07:42:25] [Information] Waiting 27 minutes before next check...
[2025-06-14 08:09:25] [Information] Currently connected to: Nyati_CPEPro2_2.4G
[2025-06-14 08:09:25] [Information] Already connected to preferred network: Nyati_CPEPro2_2.4G
[2025-06-14 08:09:25] [Information] Waiting 28 minutes before next check...
[2025-06-14 08:37:25] [Information] Currently connected to: Nyati_CPEPro2_2.4G
[2025-06-14 08:37:25] [Information] Already connected to preferred network: Nyati_CPEPro2_2.4G
[2025-06-14 08:37:25] [Information] Waiting 16 minutes before next check...
[2025-06-14 08:53:25] [Information] Currently connected to: Nyati_CPEPro2_2.4G
[2025-06-14 08:53:25] [Information] Already connected to preferred network: Nyati_CPEPro2_2.4G
[2025-06-14 08:53:25] [Information] Waiting 28 minutes before next check...
[2025-06-14 09:21:25] [Information] Currently connected to: Nyati_CPEPro2_2.4G
[2025-06-14 09:21:25] [Information] Already connected to preferred network: Nyati_CPEPro2_2.4G
[2025-06-14 09:21:25] [Information] Waiting 19 minutes before next check...
[2025-06-14 09:40:26] [Information] Currently connected to: Nyati_CPEPro2_2.4G
[2025-06-14 09:40:26] [Information] Already connected to preferred network: Nyati_CPEPro2_2.4G
[2025-06-14 09:40:26] [Information] Waiting 18 minutes before next check...
[2025-06-14 09:58:26] [Information] Currently connected to: Nyati_CPEPro2_2.4G
[2025-06-14 09:58:26] [Information] Already connected to preferred network: Nyati_CPEPro2_2.4G
[2025-06-14 09:58:26] [Information] Waiting 29 minutes before next check...
[2025-06-14 10:27:26] [Information] Currently connected to: Nyati_CPEPro2_2.4G
[2025-06-14 10:27:26] [Information] Already connected to preferred network: Nyati_CPEPro2_2.4G
[2025-06-14 10:27:26] [Information] Waiting 13 minutes before next check...
[2025-06-14 10:40:26] [Information] Currently connected to: Nyati_CPEPro2_2.4G
[2025-06-14 10:40:26] [Information] Already connected to preferred network: Nyati_CPEPro2_2.4G
[2025-06-14 10:40:26] [Information] Waiting 21 minutes before next check...
[2025-06-14 11:01:26] [Information] Currently connected to: Nyati_CPEPro2_2.4G
[2025-06-14 11:01:26] [Information] Already connected to preferred network: Nyati_CPEPro2_2.4G
[2025-06-14 11:01:26] [Information] Waiting 29 minutes before next check...
[2025-06-14 11:30:26] [Information] Currently connected to: Nyati_CPEPro2_5G
[2025-06-14 11:30:26] [Information] Already connected to preferred network: Nyati_CPEPro2_5G
[2025-06-14 11:30:26] [Information] Waiting 24 minutes before next check...
[2025-06-14 11:54:26] [Information] Currently connected to: Nyati_CPEPro2_5G
[2025-06-14 11:54:26] [Information] Already connected to preferred network: Nyati_CPEPro2_5G
[2025-06-14 11:54:26] [Information] Waiting 16 minutes before next check...
[2025-06-14 12:10:26] [Information] Currently connected to: Nyati_CPEPro2_5G
[2025-06-14 12:10:26] [Information] Already connected to preferred network: Nyati_CPEPro2_5G
[2025-06-14 12:10:26] [Information] Waiting 14 minutes before next check...
[2025-06-14 12:24:26] [Information] Currently connected to: Nyati_CPEPro2_5G
[2025-06-14 12:24:26] [Information] Already connected to preferred network: Nyati_CPEPro2_5G
[2025-06-14 12:24:26] [Information] Waiting 13 minutes before next check...
[2025-06-14 12:37:26] [Information] Currently connected to: Nyati_CPEPro2_5G
[2025-06-14 12:37:26] [Information] Already connected to preferred network: Nyati_CPEPro2_5G
[2025-06-14 12:37:26] [Information] Waiting 22 minutes before next check...
[2025-06-14 12:59:26] [Information] Currently connected to: Nyati_CPEPro2_5G
[2025-06-14 12:59:26] [Information] Already connected to preferred network: Nyati_CPEPro2_5G
[2025-06-14 12:59:26] [Information] Waiting 29 minutes before next check...
[2025-06-14 13:28:27] [Information] Currently connected to: Nyati_CPEPro2_5G
[2025-06-14 13:28:27] [Information] Already connected to preferred network: Nyati_CPEPro2_5G
[2025-06-14 13:28:27] [Information] Waiting 27 minutes before next check...
[2025-06-14 13:55:27] [Information] Currently connected to: Nyati_CPEPro2_5G
[2025-06-14 13:55:27] [Information] Already connected to preferred network: Nyati_CPEPro2_5G
[2025-06-14 13:55:27] [Information] Waiting 15 minutes before next check...
[2025-06-14 14:10:27] [Information] Currently connected to: Nyati_CPEPro2_5G
[2025-06-14 14:10:27] [Information] Already connected to preferred network: Nyati_CPEPro2_5G
[2025-06-14 14:10:27] [Information] Waiting 16 minutes before next check...
[2025-06-14 14:26:27] [Information] Currently connected to: Nyati_CPEPro2_5G
[2025-06-14 14:26:27] [Information] Already connected to preferred network: Nyati_CPEPro2_5G
[2025-06-14 14:26:27] [Information] Waiting 29 minutes before next check...
[2025-06-14 14:55:27] [Information] Currently connected to: Nyati_CPEPro2_5G
[2025-06-14 14:55:27] [Information] Already connected to preferred network: Nyati_CPEPro2_5G
[2025-06-14 14:55:27] [Information] Waiting 27 minutes before next check...
[2025-06-14 15:22:27] [Information] Currently connected to: Nyati_CPEPro2_5G
[2025-06-14 15:22:27] [Information] Already connected to preferred network: Nyati_CPEPro2_5G
[2025-06-14 15:22:27] [Information] Waiting 14 minutes before next check...
[2025-06-14 15:36:27] [Information] Currently connected to: Nyati_CPEPro2_5G
[2025-06-14 15:36:27] [Information] Already connected to preferred network: Nyati_CPEPro2_5G
[2025-06-14 15:36:27] [Information] Waiting 24 minutes before next check...
[2025-06-14 16:00:27] [Information] Currently connected to: Nyati_CPEPro2_5G
[2025-06-14 16:00:27] [Information] Already connected to preferred network: Nyati_CPEPro2_5G
[2025-06-14 16:00:27] [Information] Waiting 20 minutes before next check...
[2025-06-14 16:20:27] [Warning] No current WiFi connection
[2025-06-14 16:20:27] [Information] Scanning for preferred networks...
[2025-06-14 16:20:27] [Information] Found 11 networks
[2025-06-14 16:20:27] [Information] Attempting to connect to HellsGate-5.0G
[2025-06-14 16:20:33] [Information] Currently connected to: HellsGate-5.0G
[2025-06-14 16:20:33] [Information] Successfully connected to HellsGate-5.0G
[2025-06-14 16:20:33] [Information] Waiting 14 minutes before next check...
[2025-06-14 16:34:33] [Information] Currently connected to: HellsGate-5.0G
[2025-06-14 16:34:33] [Information] Already connected to preferred network: HellsGate-5.0G
[2025-06-14 16:34:33] [Information] Waiting 21 minutes before next check...
[2025-06-14 16:55:33] [Information] Currently connected to: HellsGate-5.0G
[2025-06-14 16:55:33] [Information] Already connected to preferred network: HellsGate-5.0G
[2025-06-14 16:55:33] [Information] Waiting 19 minutes before next check...
[2025-06-14 17:14:33] [Information] Currently connected to: HellsGate-5.0G
[2025-06-14 17:14:33] [Information] Already connected to preferred network: HellsGate-5.0G
[2025-06-14 17:14:33] [Information] Waiting 14 minutes before next check...
[2025-06-14 17:28:33] [Information] Currently connected to: HellsGate-5.0G
[2025-06-14 17:28:33] [Information] Already connected to preferred network: HellsGate-5.0G
[2025-06-14 17:28:33] [Information] Waiting 12 minutes before next check...
