[2025-06-01 00:06:05] [Information] Currently connected to: Nyati_CPEPro2_2.4G
[2025-06-01 00:06:05] [Information] Already connected to preferred network: Nyati_CPEPro2_2.4G
[2025-06-01 00:06:05] [Information] Waiting 18 minutes before next check...
[2025-06-01 00:24:05] [Information] Currently connected to: Nyati_CPEPro2_2.4G
[2025-06-01 00:24:05] [Information] Already connected to preferred network: Nyati_CPEPro2_2.4G
[2025-06-01 00:24:05] [Information] Waiting 20 minutes before next check...
[2025-06-01 00:44:05] [Information] Currently connected to: Nyati_CPEPro2_2.4G
[2025-06-01 00:44:05] [Information] Already connected to preferred network: Nyati_CPEPro2_2.4G
[2025-06-01 00:44:05] [Information] Waiting 13 minutes before next check...
[2025-06-01 00:57:06] [Information] Currently connected to: Nyati_CPEPro2_2.4G
[2025-06-01 00:57:06] [Information] Already connected to preferred network: Nyati_CPEPro2_2.4G
[2025-06-01 00:57:06] [Information] Waiting 10 minutes before next check...
[2025-06-01 01:07:06] [Warning] No current WiFi connection
[2025-06-01 01:07:06] [Information] Scanning for preferred networks...
[2025-06-01 01:07:06] [Information] Found 12 networks
[2025-06-01 01:07:06] [Information] Attempting to connect to HellsGate-5.0G
[2025-06-01 01:07:11] [Information] Currently connected to: HellsGate-5.0G
[2025-06-01 01:07:11] [Information] Successfully connected to HellsGate-5.0G
[2025-06-01 01:07:11] [Information] Waiting 16 minutes before next check...
[2025-06-01 01:23:11] [Information] Currently connected to: HellsGate-5.0G
[2025-06-01 01:23:11] [Information] Already connected to preferred network: HellsGate-5.0G
[2025-06-01 01:23:11] [Information] Waiting 18 minutes before next check...
[2025-06-01 01:41:11] [Information] Currently connected to: HellsGate-5.0G
[2025-06-01 01:41:11] [Information] Already connected to preferred network: HellsGate-5.0G
[2025-06-01 01:41:11] [Information] Waiting 14 minutes before next check...
[2025-06-01 01:55:11] [Information] Currently connected to: HellsGate-5.0G
[2025-06-01 01:55:11] [Information] Already connected to preferred network: HellsGate-5.0G
[2025-06-01 01:55:11] [Information] Waiting 26 minutes before next check...
[2025-06-01 02:21:11] [Information] Currently connected to: HellsGate-5.0G
[2025-06-01 02:21:11] [Information] Already connected to preferred network: HellsGate-5.0G
[2025-06-01 02:21:11] [Information] Waiting 27 minutes before next check...
[2025-06-01 02:48:11] [Information] Currently connected to: HellsGate-5.0G
[2025-06-01 02:48:11] [Information] Already connected to preferred network: HellsGate-5.0G
[2025-06-01 02:48:11] [Information] Waiting 18 minutes before next check...
[2025-06-01 03:06:11] [Information] Currently connected to: HellsGate-5.0G
[2025-06-01 03:06:11] [Information] Already connected to preferred network: HellsGate-5.0G
[2025-06-01 03:06:11] [Information] Waiting 16 minutes before next check...
[2025-06-01 03:22:11] [Information] Currently connected to: HellsGate-5.0G
[2025-06-01 03:22:12] [Information] Already connected to preferred network: HellsGate-5.0G
[2025-06-01 03:22:12] [Information] Waiting 27 minutes before next check...
[2025-06-01 03:49:12] [Information] Currently connected to: HellsGate-5.0G
[2025-06-01 03:49:12] [Information] Already connected to preferred network: HellsGate-5.0G
[2025-06-01 03:49:12] [Information] Waiting 16 minutes before next check...
[2025-06-01 04:05:12] [Information] Currently connected to: HellsGate-5.0G
[2025-06-01 04:05:12] [Information] Already connected to preferred network: HellsGate-5.0G
[2025-06-01 04:05:12] [Information] Waiting 27 minutes before next check...
[2025-06-01 04:32:12] [Information] Currently connected to: HellsGate-5.0G
[2025-06-01 04:32:12] [Information] Already connected to preferred network: HellsGate-5.0G
[2025-06-01 04:32:12] [Information] Waiting 17 minutes before next check...
[2025-06-01 04:49:12] [Information] Currently connected to: HellsGate-5.0G
[2025-06-01 04:49:12] [Information] Already connected to preferred network: HellsGate-5.0G
[2025-06-01 04:49:12] [Information] Waiting 22 minutes before next check...
[2025-06-01 05:11:12] [Information] Currently connected to: HellsGate-5.0G
[2025-06-01 05:11:12] [Information] Already connected to preferred network: HellsGate-5.0G
[2025-06-01 05:11:12] [Information] Waiting 28 minutes before next check...
[2025-06-01 05:39:12] [Information] Currently connected to: HellsGate-5.0G
[2025-06-01 05:39:12] [Information] Already connected to preferred network: HellsGate-5.0G
[2025-06-01 05:39:12] [Information] Waiting 11 minutes before next check...
[2025-06-01 05:50:12] [Information] Currently connected to: HellsGate-5.0G
[2025-06-01 05:50:12] [Information] Already connected to preferred network: HellsGate-5.0G
[2025-06-01 05:50:12] [Information] Waiting 10 minutes before next check...
[2025-06-01 06:00:12] [Information] Currently connected to: HellsGate-5.0G
[2025-06-01 06:00:12] [Information] Already connected to preferred network: HellsGate-5.0G
[2025-06-01 06:00:12] [Information] Waiting 20 minutes before next check...
[2025-06-01 06:20:12] [Information] Currently connected to: HellsGate-5.0G
[2025-06-01 06:20:12] [Information] Already connected to preferred network: HellsGate-5.0G
[2025-06-01 06:20:12] [Information] Waiting 24 minutes before next check...
[2025-06-01 06:44:19] [Information] Currently connected to: HellsGate-5.0G
[2025-06-01 06:44:19] [Information] Already connected to preferred network: HellsGate-5.0G
[2025-06-01 06:44:19] [Information] Waiting 18 minutes before next check...
[2025-06-01 07:02:20] [Information] Currently connected to: HellsGate-5.0G
[2025-06-01 07:02:20] [Information] Already connected to preferred network: HellsGate-5.0G
[2025-06-01 07:02:20] [Information] Waiting 17 minutes before next check...
[2025-06-01 07:19:20] [Information] Currently connected to: HellsGate-5.0G
[2025-06-01 07:19:20] [Information] Already connected to preferred network: HellsGate-5.0G
[2025-06-01 07:19:20] [Information] Waiting 22 minutes before next check...
[2025-06-01 07:41:20] [Information] Currently connected to: HellsGate-5.0G
[2025-06-01 07:41:20] [Information] Already connected to preferred network: HellsGate-5.0G
[2025-06-01 07:41:20] [Information] Waiting 12 minutes before next check...
[2025-06-01 07:53:20] [Information] Currently connected to: HellsGate-5.0G
[2025-06-01 07:53:20] [Information] Already connected to preferred network: HellsGate-5.0G
[2025-06-01 07:53:20] [Information] Waiting 10 minutes before next check...
[2025-06-01 08:03:20] [Information] Currently connected to: HellsGate-5.0G
[2025-06-01 08:03:20] [Information] Already connected to preferred network: HellsGate-5.0G
[2025-06-01 08:03:20] [Information] Waiting 12 minutes before next check...
[2025-06-01 08:15:20] [Information] Currently connected to: HellsGate-5.0G
[2025-06-01 08:15:20] [Information] Already connected to preferred network: HellsGate-5.0G
[2025-06-01 08:15:20] [Information] Waiting 25 minutes before next check...
[2025-06-01 08:40:20] [Information] Currently connected to: HellsGate-5.0G
[2025-06-01 08:40:20] [Information] Already connected to preferred network: HellsGate-5.0G
[2025-06-01 08:40:20] [Information] Waiting 22 minutes before next check...
[2025-06-01 09:02:20] [Information] Currently connected to: HellsGate-5.0G
[2025-06-01 09:02:20] [Information] Already connected to preferred network: HellsGate-5.0G
[2025-06-01 09:02:20] [Information] Waiting 23 minutes before next check...
[2025-06-01 09:25:20] [Information] Currently connected to: HellsGate-5.0G
[2025-06-01 09:25:20] [Information] Already connected to preferred network: HellsGate-5.0G
[2025-06-01 09:25:20] [Information] Waiting 21 minutes before next check...
[2025-06-01 09:46:20] [Information] Currently connected to: HellsGate-5.0G
[2025-06-01 09:46:20] [Information] Already connected to preferred network: HellsGate-5.0G
[2025-06-01 09:46:20] [Information] Waiting 20 minutes before next check...
[2025-06-01 10:06:20] [Information] Currently connected to: HellsGate-5.0G
[2025-06-01 10:06:20] [Information] Already connected to preferred network: HellsGate-5.0G
[2025-06-01 10:06:20] [Information] Waiting 16 minutes before next check...
[2025-06-01 10:22:20] [Information] Currently connected to: HellsGate-5.0G
[2025-06-01 10:22:20] [Information] Already connected to preferred network: HellsGate-5.0G
[2025-06-01 10:22:20] [Information] Waiting 13 minutes before next check...
[2025-06-01 10:35:21] [Information] Currently connected to: HellsGate-5.0G
[2025-06-01 10:35:21] [Information] Already connected to preferred network: HellsGate-5.0G
[2025-06-01 10:35:21] [Information] Waiting 28 minutes before next check...
[2025-06-01 11:03:21] [Information] Currently connected to: HellsGate-5.0G
[2025-06-01 11:03:21] [Information] Already connected to preferred network: HellsGate-5.0G
[2025-06-01 11:03:21] [Information] Waiting 13 minutes before next check...
[2025-06-01 11:16:21] [Information] Currently connected to: HellsGate-5.0G
[2025-06-01 11:16:21] [Information] Already connected to preferred network: HellsGate-5.0G
[2025-06-01 11:16:21] [Information] Waiting 10 minutes before next check...
[2025-06-01 11:26:21] [Information] Currently connected to: HellsGate-5.0G
[2025-06-01 11:26:21] [Information] Already connected to preferred network: HellsGate-5.0G
[2025-06-01 11:26:21] [Information] Waiting 12 minutes before next check...
[2025-06-01 11:38:21] [Information] Currently connected to: HellsGate-5.0G
[2025-06-01 11:38:21] [Information] Already connected to preferred network: HellsGate-5.0G
[2025-06-01 11:38:21] [Information] Waiting 10 minutes before next check...
[2025-06-01 11:48:21] [Information] Currently connected to: HellsGate-5.0G
[2025-06-01 11:48:21] [Information] Already connected to preferred network: HellsGate-5.0G
[2025-06-01 11:48:21] [Information] Waiting 14 minutes before next check...
[2025-06-01 12:02:21] [Information] Currently connected to: HellsGate-5.0G
[2025-06-01 12:02:21] [Information] Already connected to preferred network: HellsGate-5.0G
[2025-06-01 12:02:21] [Information] Waiting 27 minutes before next check...
[2025-06-01 12:29:21] [Information] Currently connected to: HellsGate-5.0G
[2025-06-01 12:29:21] [Information] Already connected to preferred network: HellsGate-5.0G
[2025-06-01 12:29:21] [Information] Waiting 18 minutes before next check...
[2025-06-01 12:47:21] [Information] Currently connected to: HellsGate-5.0G
[2025-06-01 12:47:21] [Information] Already connected to preferred network: HellsGate-5.0G
[2025-06-01 12:47:21] [Information] Waiting 10 minutes before next check...
[2025-06-01 12:57:21] [Information] Currently connected to: HellsGate-5.0G
[2025-06-01 12:57:21] [Information] Already connected to preferred network: HellsGate-5.0G
[2025-06-01 12:57:21] [Information] Waiting 17 minutes before next check...
[2025-06-01 13:14:21] [Information] Currently connected to: HellsGate-5.0G
[2025-06-01 13:14:21] [Information] Already connected to preferred network: HellsGate-5.0G
[2025-06-01 13:14:21] [Information] Waiting 10 minutes before next check...
[2025-06-01 13:24:22] [Information] Currently connected to: HellsGate-5.0G
[2025-06-01 13:24:22] [Information] Already connected to preferred network: HellsGate-5.0G
[2025-06-01 13:24:22] [Information] Waiting 10 minutes before next check...
[2025-06-01 13:34:22] [Information] Currently connected to: HellsGate-5.0G
[2025-06-01 13:34:22] [Information] Already connected to preferred network: HellsGate-5.0G
[2025-06-01 13:34:22] [Information] Waiting 21 minutes before next check...
[2025-06-01 13:55:22] [Information] Currently connected to: HellsGate-5.0G
[2025-06-01 13:55:22] [Information] Already connected to preferred network: HellsGate-5.0G
[2025-06-01 13:55:22] [Information] Waiting 15 minutes before next check...
[2025-06-01 14:10:22] [Information] Currently connected to: HellsGate-5.0G
[2025-06-01 14:10:22] [Information] Already connected to preferred network: HellsGate-5.0G
[2025-06-01 14:10:22] [Information] Waiting 24 minutes before next check...
[2025-06-01 14:34:22] [Information] Currently connected to: HellsGate-5.0G
[2025-06-01 14:34:22] [Information] Already connected to preferred network: HellsGate-5.0G
[2025-06-01 14:34:22] [Information] Waiting 19 minutes before next check...
[2025-06-01 14:53:22] [Information] Currently connected to: HellsGate-5.0G
[2025-06-01 14:53:22] [Information] Already connected to preferred network: HellsGate-5.0G
[2025-06-01 14:53:22] [Information] Waiting 20 minutes before next check...
[2025-06-01 15:13:22] [Information] Currently connected to: HellsGate-5.0G
[2025-06-01 15:13:22] [Information] Already connected to preferred network: HellsGate-5.0G
[2025-06-01 15:13:22] [Information] Waiting 27 minutes before next check...
[2025-06-01 15:40:22] [Information] Currently connected to: HellsGate-5.0G
[2025-06-01 15:40:22] [Information] Already connected to preferred network: HellsGate-5.0G
[2025-06-01 15:40:22] [Information] Waiting 25 minutes before next check...
[2025-06-01 16:05:22] [Information] Currently connected to: HellsGate-5.0G
[2025-06-01 16:05:22] [Information] Already connected to preferred network: HellsGate-5.0G
[2025-06-01 16:05:22] [Information] Waiting 27 minutes before next check...
[2025-06-01 16:32:22] [Information] Currently connected to: HellsGate-5.0G
[2025-06-01 16:32:22] [Information] Already connected to preferred network: HellsGate-5.0G
[2025-06-01 16:32:22] [Information] Waiting 11 minutes before next check...
[2025-06-01 16:43:22] [Information] Currently connected to: HellsGate-5.0G
[2025-06-01 16:43:22] [Information] Already connected to preferred network: HellsGate-5.0G
[2025-06-01 16:43:22] [Information] Waiting 20 minutes before next check...
[2025-06-01 17:03:23] [Information] Currently connected to: HellsGate-5.0G
[2025-06-01 17:03:23] [Information] Already connected to preferred network: HellsGate-5.0G
[2025-06-01 17:03:23] [Information] Waiting 16 minutes before next check...
[2025-06-01 17:19:23] [Information] Currently connected to: HellsGate-5.0G
[2025-06-01 17:19:23] [Information] Already connected to preferred network: HellsGate-5.0G
[2025-06-01 17:19:23] [Information] Waiting 27 minutes before next check...
[2025-06-01 17:46:23] [Information] Currently connected to: HellsGate-5.0G
[2025-06-01 17:46:23] [Information] Already connected to preferred network: HellsGate-5.0G
[2025-06-01 17:46:23] [Information] Waiting 13 minutes before next check...
[2025-06-01 17:59:23] [Information] Currently connected to: HellsGate-5.0G
[2025-06-01 17:59:23] [Information] Already connected to preferred network: HellsGate-5.0G
[2025-06-01 17:59:23] [Information] Waiting 16 minutes before next check...
[2025-06-01 18:15:23] [Information] Currently connected to: HellsGate-5.0G
[2025-06-01 18:15:23] [Information] Already connected to preferred network: HellsGate-5.0G
[2025-06-01 18:15:23] [Information] Waiting 28 minutes before next check...
[2025-06-01 18:43:23] [Information] Currently connected to: HellsGate-5.0G
[2025-06-01 18:43:23] [Information] Already connected to preferred network: HellsGate-5.0G
[2025-06-01 18:43:23] [Information] Waiting 13 minutes before next check...
[2025-06-01 18:56:23] [Information] Currently connected to: HellsGate-5.0G
[2025-06-01 18:56:23] [Information] Already connected to preferred network: HellsGate-5.0G
[2025-06-01 18:56:23] [Information] Waiting 16 minutes before next check...
[2025-06-01 19:12:23] [Information] Currently connected to: HellsGate-5.0G
[2025-06-01 19:12:23] [Information] Already connected to preferred network: HellsGate-5.0G
[2025-06-01 19:12:23] [Information] Waiting 27 minutes before next check...
[2025-06-01 19:39:23] [Information] Currently connected to: HellsGate-5.0G
[2025-06-01 19:39:23] [Information] Already connected to preferred network: HellsGate-5.0G
[2025-06-01 19:39:23] [Information] Waiting 25 minutes before next check...
[2025-06-01 20:04:23] [Information] Currently connected to: HellsGate-5.0G
[2025-06-01 20:04:23] [Information] Already connected to preferred network: HellsGate-5.0G
[2025-06-01 20:04:23] [Information] Waiting 18 minutes before next check...
[2025-06-01 20:22:23] [Information] Currently connected to: HellsGate-5.0G
[2025-06-01 20:22:23] [Information] Already connected to preferred network: HellsGate-5.0G
[2025-06-01 20:22:23] [Information] Waiting 15 minutes before next check...
[2025-06-01 20:37:24] [Information] Currently connected to: HellsGate-5.0G
[2025-06-01 20:37:24] [Information] Already connected to preferred network: HellsGate-5.0G
[2025-06-01 20:37:24] [Information] Waiting 19 minutes before next check...
[2025-06-01 20:56:24] [Information] Currently connected to: HellsGate-5.0G
[2025-06-01 20:56:24] [Information] Already connected to preferred network: HellsGate-5.0G
[2025-06-01 20:56:24] [Information] Waiting 28 minutes before next check...
[2025-06-01 21:24:24] [Information] Currently connected to: HellsGate-5.0G
[2025-06-01 21:24:24] [Information] Already connected to preferred network: HellsGate-5.0G
[2025-06-01 21:24:24] [Information] Waiting 20 minutes before next check...
[2025-06-01 21:44:24] [Information] Currently connected to: HellsGate-5.0G
[2025-06-01 21:44:24] [Information] Already connected to preferred network: HellsGate-5.0G
[2025-06-01 21:44:24] [Information] Waiting 28 minutes before next check...
[2025-06-01 22:12:24] [Information] Currently connected to: Nyati_CPEPro2_2.4G
[2025-06-01 22:12:24] [Information] Already connected to preferred network: Nyati_CPEPro2_2.4G
[2025-06-01 22:12:24] [Information] Waiting 11 minutes before next check...
[2025-06-01 22:23:24] [Information] Currently connected to: Nyati_CPEPro2_2.4G
[2025-06-01 22:23:24] [Information] Already connected to preferred network: Nyati_CPEPro2_2.4G
[2025-06-01 22:23:24] [Information] Waiting 16 minutes before next check...
[2025-06-01 22:39:24] [Information] Currently connected to: Nyati_CPEPro2_2.4G
[2025-06-01 22:39:24] [Information] Already connected to preferred network: Nyati_CPEPro2_2.4G
[2025-06-01 22:39:24] [Information] Waiting 14 minutes before next check...
[2025-06-01 22:53:24] [Information] Currently connected to: Nyati_CPEPro2_2.4G
[2025-06-01 22:53:24] [Information] Already connected to preferred network: Nyati_CPEPro2_2.4G
[2025-06-01 22:53:24] [Information] Waiting 15 minutes before next check...
[2025-06-01 23:08:24] [Information] Currently connected to: Nyati_CPEPro2_2.4G
[2025-06-01 23:08:24] [Information] Already connected to preferred network: Nyati_CPEPro2_2.4G
[2025-06-01 23:08:24] [Information] Waiting 11 minutes before next check...
[2025-06-01 23:19:24] [Information] Currently connected to: Nyati_CPEPro2_2.4G
[2025-06-01 23:19:24] [Information] Already connected to preferred network: Nyati_CPEPro2_2.4G
[2025-06-01 23:19:24] [Information] Waiting 18 minutes before next check...
[2025-06-01 23:37:24] [Information] Currently connected to: Nyati_CPEPro2_2.4G
[2025-06-01 23:37:24] [Information] Already connected to preferred network: Nyati_CPEPro2_2.4G
[2025-06-01 23:37:24] [Information] Waiting 26 minutes before next check...
