[2025-05-06 17:31:01] [Information] Successfully registered scheduled task
[2025-05-06 17:31:02] [Information] WiFi connection manager started
[2025-05-06 17:31:03] [Warning] No current WiFi connection
[2025-05-06 17:31:03] [Information] Scanning for preferred networks...
[2025-05-06 17:31:03] [Information] Found 12 networks
[2025-05-06 17:31:03] [Information] Attempting to connect to HellsGate-5.0G
[2025-05-06 17:31:08] [Information] Currently connected to: HellsGate-5.0G
[2025-05-06 17:31:08] [Information] Successfully connected to HellsGate-5.0G
[2025-05-06 17:31:08] [Information] Waiting 16 minutes before next check...
[2025-05-06 17:47:08] [Information] Currently connected to: HellsGate-5.0G
[2025-05-06 17:47:08] [Information] Already connected to preferred network: HellsGate-5.0G
[2025-05-06 17:47:08] [Information] Waiting 19 minutes before next check...
[2025-05-06 18:06:08] [Information] Currently connected to: HellsGate-5.0G
[2025-05-06 18:06:08] [Information] Already connected to preferred network: HellsGate-5.0G
[2025-05-06 18:06:08] [Information] Waiting 19 minutes before next check...
[2025-05-06 18:25:08] [Information] Currently connected to: HellsGate-5.0G
[2025-05-06 18:25:08] [Information] Already connected to preferred network: HellsGate-5.0G
[2025-05-06 18:25:08] [Information] Waiting 18 minutes before next check...
[2025-05-06 18:43:09] [Information] Currently connected to: HellsGate-5.0G
[2025-05-06 18:43:09] [Information] Already connected to preferred network: HellsGate-5.0G
[2025-05-06 18:43:09] [Information] Waiting 28 minutes before next check...
[2025-05-06 19:11:09] [Information] Currently connected to: HellsGate-5.0G
[2025-05-06 19:11:09] [Information] Already connected to preferred network: HellsGate-5.0G
[2025-05-06 19:11:09] [Information] Waiting 18 minutes before next check...
[2025-05-06 19:29:09] [Information] Currently connected to: HellsGate-5.0G
[2025-05-06 19:29:09] [Information] Already connected to preferred network: HellsGate-5.0G
[2025-05-06 19:29:09] [Information] Waiting 20 minutes before next check...
[2025-05-06 19:49:09] [Information] Currently connected to: HellsGate-5.0G
[2025-05-06 19:49:09] [Information] Already connected to preferred network: HellsGate-5.0G
[2025-05-06 19:49:09] [Information] Waiting 20 minutes before next check...
[2025-05-06 20:09:09] [Information] Currently connected to: HellsGate-5.0G
[2025-05-06 20:09:09] [Information] Already connected to preferred network: HellsGate-5.0G
[2025-05-06 20:09:09] [Information] Waiting 27 minutes before next check...
[2025-05-06 20:36:09] [Information] Currently connected to: HellsGate-5.0G
[2025-05-06 20:36:09] [Information] Already connected to preferred network: HellsGate-5.0G
[2025-05-06 20:36:09] [Information] Waiting 25 minutes before next check...
[2025-05-06 21:01:09] [Information] Currently connected to: HellsGate-5.0G
[2025-05-06 21:01:09] [Information] Already connected to preferred network: HellsGate-5.0G
[2025-05-06 21:01:09] [Information] Waiting 24 minutes before next check...
[2025-05-06 21:25:09] [Information] Currently connected to: HellsGate-5.0G
[2025-05-06 21:25:09] [Information] Already connected to preferred network: HellsGate-5.0G
[2025-05-06 21:25:09] [Information] Waiting 24 minutes before next check...
[2025-05-06 21:49:09] [Information] Currently connected to: HellsGate-5.0G
[2025-05-06 21:49:09] [Information] Already connected to preferred network: HellsGate-5.0G
[2025-05-06 21:49:09] [Information] Waiting 28 minutes before next check...
[2025-05-06 22:17:09] [Information] Currently connected to: HellsGate-5.0G
[2025-05-06 22:17:09] [Information] Already connected to preferred network: HellsGate-5.0G
[2025-05-06 22:17:09] [Information] Waiting 19 minutes before next check...
[2025-05-06 22:36:09] [Information] Currently connected to: HellsGate-5.0G
[2025-05-06 22:36:09] [Information] Already connected to preferred network: HellsGate-5.0G
[2025-05-06 22:36:09] [Information] Waiting 27 minutes before next check...
[2025-05-06 23:03:10] [Information] Currently connected to: HellsGate-5.0G
[2025-05-06 23:03:10] [Information] Already connected to preferred network: HellsGate-5.0G
[2025-05-06 23:03:10] [Information] Waiting 21 minutes before next check...
[2025-05-06 23:24:10] [Information] Currently connected to: HellsGate-5.0G
[2025-05-06 23:24:10] [Information] Already connected to preferred network: HellsGate-5.0G
[2025-05-06 23:24:10] [Information] Waiting 22 minutes before next check...
[2025-05-06 23:46:10] [Information] Currently connected to: HellsGate-5.0G
[2025-05-06 23:46:10] [Information] Already connected to preferred network: HellsGate-5.0G
[2025-05-06 23:46:10] [Information] Waiting 10 minutes before next check...
[2025-05-06 23:56:10] [Information] Currently connected to: HellsGate-5.0G
[2025-05-06 23:56:10] [Information] Already connected to preferred network: HellsGate-5.0G
[2025-05-06 23:56:10] [Information] Waiting 29 minutes before next check...
