[2025-05-17 00:04:09] [Information] Currently connected to: Nyati_CPEPro2_5G
[2025-05-17 00:04:09] [Information] Already connected to preferred network: Nyati_CPEPro2_5G
[2025-05-17 00:04:09] [Information] Waiting 14 minutes before next check...
[2025-05-17 00:18:09] [Information] Currently connected to: Nyati_CPEPro2_5G
[2025-05-17 00:18:09] [Information] Already connected to preferred network: Nyati_CPEPro2_5G
[2025-05-17 00:18:09] [Information] Waiting 23 minutes before next check...
[2025-05-17 00:41:09] [Information] Currently connected to: Nyati_CPEPro2_5G
[2025-05-17 00:41:09] [Information] Already connected to preferred network: Nyati_CPEPro2_5G
[2025-05-17 00:41:09] [Information] Waiting 18 minutes before next check...
[2025-05-17 00:59:09] [Information] Currently connected to: Nyati_CPEPro2_5G
[2025-05-17 00:59:09] [Information] Already connected to preferred network: Nyati_CPEPro2_5G
[2025-05-17 00:59:09] [Information] Waiting 16 minutes before next check...
[2025-05-17 01:15:09] [Information] Currently connected to: Nyati_CPEPro2_5G
[2025-05-17 01:15:09] [Information] Already connected to preferred network: Nyati_CPEPro2_5G
[2025-05-17 01:15:09] [Information] Waiting 29 minutes before next check...
[2025-05-17 01:44:09] [Information] Currently connected to: Nyati_CPEPro2_5G
[2025-05-17 01:44:09] [Information] Already connected to preferred network: Nyati_CPEPro2_5G
[2025-05-17 01:44:09] [Information] Waiting 21 minutes before next check...
[2025-05-17 02:05:09] [Warning] No current WiFi connection
[2025-05-17 02:05:09] [Information] Scanning for preferred networks...
[2025-05-17 02:05:09] [Information] Found 12 networks
[2025-05-17 02:05:09] [Information] Attempting to connect to HellsGate-5.0G
[2025-05-17 02:05:15] [Information] Currently connected to: HellsGate-5.0G
[2025-05-17 02:05:15] [Information] Successfully connected to HellsGate-5.0G
[2025-05-17 02:05:15] [Information] Waiting 25 minutes before next check...
[2025-05-17 02:30:15] [Information] Currently connected to: HellsGate-5.0G
[2025-05-17 02:30:15] [Information] Already connected to preferred network: HellsGate-5.0G
[2025-05-17 02:30:15] [Information] Waiting 22 minutes before next check...
[2025-05-17 02:52:15] [Information] Currently connected to: HellsGate-5.0G
[2025-05-17 02:52:15] [Information] Already connected to preferred network: HellsGate-5.0G
[2025-05-17 02:52:15] [Information] Waiting 21 minutes before next check...
[2025-05-17 03:13:15] [Information] Currently connected to: HellsGate-5.0G
[2025-05-17 03:13:15] [Information] Already connected to preferred network: HellsGate-5.0G
[2025-05-17 03:13:15] [Information] Waiting 10 minutes before next check...
[2025-05-17 03:23:15] [Information] Currently connected to: HellsGate-5.0G
[2025-05-17 03:23:15] [Information] Already connected to preferred network: HellsGate-5.0G
[2025-05-17 03:23:15] [Information] Waiting 16 minutes before next check...
[2025-05-17 03:39:15] [Information] Currently connected to: Nyati_CPEPro2_5G
[2025-05-17 03:39:15] [Information] Already connected to preferred network: Nyati_CPEPro2_5G
[2025-05-17 03:39:15] [Information] Waiting 16 minutes before next check...
[2025-05-17 03:55:15] [Information] Currently connected to: Nyati_CPEPro2_5G
[2025-05-17 03:55:15] [Information] Already connected to preferred network: Nyati_CPEPro2_5G
[2025-05-17 03:55:15] [Information] Waiting 26 minutes before next check...
[2025-05-17 04:21:15] [Information] Currently connected to: Nyati_CPEPro2_5G
[2025-05-17 04:21:15] [Information] Already connected to preferred network: Nyati_CPEPro2_5G
[2025-05-17 04:21:15] [Information] Waiting 28 minutes before next check...
[2025-05-17 04:49:15] [Information] Currently connected to: Nyati_CPEPro2_5G
[2025-05-17 04:49:15] [Information] Already connected to preferred network: Nyati_CPEPro2_5G
[2025-05-17 04:49:15] [Information] Waiting 25 minutes before next check...
[2025-05-17 05:14:15] [Information] Currently connected to: Nyati_CPEPro2_5G
[2025-05-17 05:14:15] [Information] Already connected to preferred network: Nyati_CPEPro2_5G
[2025-05-17 05:14:15] [Information] Waiting 18 minutes before next check...
[2025-05-17 05:32:22] [Information] Currently connected to: Nyati_CPEPro2_5G
[2025-05-17 05:32:22] [Information] Already connected to preferred network: Nyati_CPEPro2_5G
[2025-05-17 05:32:22] [Information] Waiting 20 minutes before next check...
[2025-05-17 05:52:22] [Information] Currently connected to: Nyati_CPEPro2_5G
[2025-05-17 05:52:22] [Information] Already connected to preferred network: Nyati_CPEPro2_5G
[2025-05-17 05:52:22] [Information] Waiting 24 minutes before next check...
[2025-05-17 06:16:22] [Information] Currently connected to: Nyati_CPEPro2_5G
[2025-05-17 06:16:22] [Information] Already connected to preferred network: Nyati_CPEPro2_5G
[2025-05-17 06:16:22] [Information] Waiting 24 minutes before next check...
[2025-05-17 06:40:22] [Information] Currently connected to: Nyati_CPEPro2_5G
[2025-05-17 06:40:22] [Information] Already connected to preferred network: Nyati_CPEPro2_5G
[2025-05-17 06:40:22] [Information] Waiting 16 minutes before next check...
[2025-05-17 06:56:22] [Information] Currently connected to: Nyati_CPEPro2_5G
[2025-05-17 06:56:22] [Information] Already connected to preferred network: Nyati_CPEPro2_5G
[2025-05-17 06:56:22] [Information] Waiting 29 minutes before next check...
[2025-05-17 07:25:22] [Information] Currently connected to: Nyati_CPEPro2_5G
[2025-05-17 07:25:22] [Information] Already connected to preferred network: Nyati_CPEPro2_5G
[2025-05-17 07:25:22] [Information] Waiting 20 minutes before next check...
[2025-05-17 07:45:22] [Information] Currently connected to: Nyati_CPEPro2_5G
[2025-05-17 07:45:22] [Information] Already connected to preferred network: Nyati_CPEPro2_5G
[2025-05-17 07:45:22] [Information] Waiting 28 minutes before next check...
[2025-05-17 08:13:22] [Information] Currently connected to: Nyati_CPEPro2_5G
[2025-05-17 08:13:22] [Information] Already connected to preferred network: Nyati_CPEPro2_5G
[2025-05-17 08:13:22] [Information] Waiting 12 minutes before next check...
[2025-05-17 08:25:22] [Information] Currently connected to: Nyati_CPEPro2_5G
[2025-05-17 08:25:22] [Information] Already connected to preferred network: Nyati_CPEPro2_5G
[2025-05-17 08:25:22] [Information] Waiting 28 minutes before next check...
[2025-05-17 08:53:22] [Information] Currently connected to: Nyati_CPEPro2_5G
[2025-05-17 08:53:22] [Information] Already connected to preferred network: Nyati_CPEPro2_5G
[2025-05-17 08:53:22] [Information] Waiting 10 minutes before next check...
[2025-05-17 09:03:22] [Information] Currently connected to: Nyati_CPEPro2_5G
[2025-05-17 09:03:22] [Information] Already connected to preferred network: Nyati_CPEPro2_5G
[2025-05-17 09:03:22] [Information] Waiting 23 minutes before next check...
[2025-05-17 09:26:22] [Information] Currently connected to: Nyati_CPEPro2_5G
[2025-05-17 09:26:22] [Information] Already connected to preferred network: Nyati_CPEPro2_5G
[2025-05-17 09:26:22] [Information] Waiting 22 minutes before next check...
[2025-05-17 09:48:23] [Information] Currently connected to: Nyati_CPEPro2_5G
[2025-05-17 09:48:23] [Information] Already connected to preferred network: Nyati_CPEPro2_5G
[2025-05-17 09:48:23] [Information] Waiting 26 minutes before next check...
[2025-05-17 10:14:23] [Information] Currently connected to: Nyati_CPEPro2_5G
[2025-05-17 10:14:23] [Information] Already connected to preferred network: Nyati_CPEPro2_5G
[2025-05-17 10:14:23] [Information] Waiting 19 minutes before next check...
[2025-05-17 10:33:23] [Information] Currently connected to: Nyati_CPEPro2_5G
[2025-05-17 10:33:23] [Information] Already connected to preferred network: Nyati_CPEPro2_5G
[2025-05-17 10:33:23] [Information] Waiting 11 minutes before next check...
[2025-05-17 10:44:23] [Information] Currently connected to: Nyati_CPEPro2_5G
[2025-05-17 10:44:23] [Information] Already connected to preferred network: Nyati_CPEPro2_5G
[2025-05-17 10:44:23] [Information] Waiting 16 minutes before next check...
[2025-05-17 11:00:23] [Information] Currently connected to: Nyati_CPEPro2_5G
[2025-05-17 11:00:23] [Information] Already connected to preferred network: Nyati_CPEPro2_5G
[2025-05-17 11:00:23] [Information] Waiting 23 minutes before next check...
[2025-05-17 11:23:23] [Information] Currently connected to: Nyati_CPEPro2_5G
[2025-05-17 11:23:23] [Information] Already connected to preferred network: Nyati_CPEPro2_5G
[2025-05-17 11:23:23] [Information] Waiting 26 minutes before next check...
[2025-05-17 11:49:23] [Information] Currently connected to: Nyati_CPEPro2_5G
[2025-05-17 11:49:23] [Information] Already connected to preferred network: Nyati_CPEPro2_5G
[2025-05-17 11:49:23] [Information] Waiting 12 minutes before next check...
[2025-05-17 12:01:23] [Information] Currently connected to: Nyati_CPEPro2_5G
[2025-05-17 12:01:23] [Information] Already connected to preferred network: Nyati_CPEPro2_5G
[2025-05-17 12:01:23] [Information] Waiting 12 minutes before next check...
[2025-05-17 12:13:23] [Information] Currently connected to: Nyati_CPEPro2_5G
[2025-05-17 12:13:23] [Information] Already connected to preferred network: Nyati_CPEPro2_5G
[2025-05-17 12:13:23] [Information] Waiting 10 minutes before next check...
[2025-05-17 12:23:23] [Information] Currently connected to: Nyati_CPEPro2_5G
[2025-05-17 12:23:23] [Information] Already connected to preferred network: Nyati_CPEPro2_5G
[2025-05-17 12:23:23] [Information] Waiting 18 minutes before next check...
[2025-05-17 12:41:23] [Information] Currently connected to: Nyati_CPEPro2_5G
[2025-05-17 12:41:23] [Information] Already connected to preferred network: Nyati_CPEPro2_5G
[2025-05-17 12:41:23] [Information] Waiting 17 minutes before next check...
[2025-05-17 12:58:23] [Information] Currently connected to: Nyati_CPEPro2_5G
[2025-05-17 12:58:23] [Information] Already connected to preferred network: Nyati_CPEPro2_5G
[2025-05-17 12:58:23] [Information] Waiting 16 minutes before next check...
[2025-05-17 13:14:24] [Information] Currently connected to: Nyati_CPEPro2_5G
[2025-05-17 13:14:24] [Information] Already connected to preferred network: Nyati_CPEPro2_5G
[2025-05-17 13:14:24] [Information] Waiting 19 minutes before next check...
[2025-05-17 13:33:24] [Information] Currently connected to: Nyati_CPEPro2_5G
[2025-05-17 13:33:24] [Information] Already connected to preferred network: Nyati_CPEPro2_5G
[2025-05-17 13:33:24] [Information] Waiting 17 minutes before next check...
[2025-05-17 13:50:24] [Information] Currently connected to: Nyati_CPEPro2_5G
[2025-05-17 13:50:24] [Information] Already connected to preferred network: Nyati_CPEPro2_5G
[2025-05-17 13:50:24] [Information] Waiting 26 minutes before next check...
[2025-05-17 14:16:24] [Information] Currently connected to: Nyati_CPEPro2_5G
[2025-05-17 14:16:24] [Information] Already connected to preferred network: Nyati_CPEPro2_5G
[2025-05-17 14:16:24] [Information] Waiting 14 minutes before next check...
[2025-05-17 14:30:24] [Information] Currently connected to: Nyati_CPEPro2_5G
[2025-05-17 14:30:24] [Information] Already connected to preferred network: Nyati_CPEPro2_5G
[2025-05-17 14:30:24] [Information] Waiting 27 minutes before next check...
[2025-05-17 14:57:24] [Information] Currently connected to: Nyati_CPEPro2_5G
[2025-05-17 14:57:24] [Information] Already connected to preferred network: Nyati_CPEPro2_5G
[2025-05-17 14:57:24] [Information] Waiting 25 minutes before next check...
[2025-05-17 15:22:24] [Information] Currently connected to: Nyati_CPEPro2_5G
[2025-05-17 15:22:24] [Information] Already connected to preferred network: Nyati_CPEPro2_5G
[2025-05-17 15:22:24] [Information] Waiting 10 minutes before next check...
[2025-05-17 15:32:24] [Information] Currently connected to: Nyati_CPEPro2_5G
[2025-05-17 15:32:24] [Information] Already connected to preferred network: Nyati_CPEPro2_5G
[2025-05-17 15:32:24] [Information] Waiting 21 minutes before next check...
[2025-05-17 15:53:24] [Information] Currently connected to: Nyati_CPEPro2_5G
[2025-05-17 15:53:24] [Information] Already connected to preferred network: Nyati_CPEPro2_5G
[2025-05-17 15:53:24] [Information] Waiting 15 minutes before next check...
[2025-05-17 16:08:24] [Information] Currently connected to: Nyati_CPEPro2_5G
[2025-05-17 16:08:24] [Information] Already connected to preferred network: Nyati_CPEPro2_5G
[2025-05-17 16:08:24] [Information] Waiting 23 minutes before next check...
[2025-05-17 16:31:24] [Information] Currently connected to: Nyati_CPEPro2_5G
[2025-05-17 16:31:24] [Information] Already connected to preferred network: Nyati_CPEPro2_5G
[2025-05-17 16:31:24] [Information] Waiting 13 minutes before next check...
[2025-05-17 16:44:25] [Information] Currently connected to: Nyati_CPEPro2_5G
[2025-05-17 16:44:25] [Information] Already connected to preferred network: Nyati_CPEPro2_5G
[2025-05-17 16:44:25] [Information] Waiting 10 minutes before next check...
[2025-05-17 16:54:25] [Information] Currently connected to: Nyati_CPEPro2_5G
[2025-05-17 16:54:25] [Information] Already connected to preferred network: Nyati_CPEPro2_5G
[2025-05-17 16:54:25] [Information] Waiting 25 minutes before next check...
[2025-05-17 17:19:25] [Information] Currently connected to: Nyati_CPEPro2_5G
[2025-05-17 17:19:25] [Information] Already connected to preferred network: Nyati_CPEPro2_5G
[2025-05-17 17:19:25] [Information] Waiting 19 minutes before next check...
[2025-05-17 17:38:25] [Information] Currently connected to: Nyati_CPEPro2_5G
[2025-05-17 17:38:25] [Information] Already connected to preferred network: Nyati_CPEPro2_5G
[2025-05-17 17:38:25] [Information] Waiting 22 minutes before next check...
[2025-05-17 18:00:25] [Information] Currently connected to: Nyati_CPEPro2_5G
[2025-05-17 18:00:25] [Information] Already connected to preferred network: Nyati_CPEPro2_5G
[2025-05-17 18:00:25] [Information] Waiting 26 minutes before next check...
[2025-05-17 18:26:25] [Information] Currently connected to: Nyati_CPEPro2_5G
[2025-05-17 18:26:25] [Information] Already connected to preferred network: Nyati_CPEPro2_5G
[2025-05-17 18:26:25] [Information] Waiting 11 minutes before next check...
[2025-05-17 18:37:25] [Information] Currently connected to: Nyati_CPEPro2_5G
[2025-05-17 18:37:25] [Information] Already connected to preferred network: Nyati_CPEPro2_5G
[2025-05-17 18:37:25] [Information] Waiting 28 minutes before next check...
[2025-05-17 19:05:25] [Information] Currently connected to: Nyati_CPEPro2_5G
[2025-05-17 19:05:25] [Information] Already connected to preferred network: Nyati_CPEPro2_5G
[2025-05-17 19:05:25] [Information] Waiting 21 minutes before next check...
[2025-05-17 19:26:25] [Information] Currently connected to: Nyati_CPEPro2_5G
[2025-05-17 19:26:25] [Information] Already connected to preferred network: Nyati_CPEPro2_5G
[2025-05-17 19:26:25] [Information] Waiting 27 minutes before next check...
[2025-05-17 19:53:25] [Information] Currently connected to: Nyati_CPEPro2_5G
[2025-05-17 19:53:25] [Information] Already connected to preferred network: Nyati_CPEPro2_5G
[2025-05-17 19:53:25] [Information] Waiting 22 minutes before next check...
[2025-05-17 20:15:25] [Information] Currently connected to: Nyati_CPEPro2_5G
[2025-05-17 20:15:25] [Information] Already connected to preferred network: Nyati_CPEPro2_5G
[2025-05-17 20:15:25] [Information] Waiting 28 minutes before next check...
[2025-05-17 20:43:26] [Information] Currently connected to: Nyati_CPEPro2_5G
[2025-05-17 20:43:26] [Information] Already connected to preferred network: Nyati_CPEPro2_5G
[2025-05-17 20:43:26] [Information] Waiting 29 minutes before next check...
[2025-05-17 21:12:26] [Information] Currently connected to: Nyati_CPEPro2_5G
[2025-05-17 21:12:26] [Information] Already connected to preferred network: Nyati_CPEPro2_5G
[2025-05-17 21:12:26] [Information] Waiting 11 minutes before next check...
[2025-05-17 21:23:26] [Information] Currently connected to: Nyati_CPEPro2_5G
[2025-05-17 21:23:26] [Information] Already connected to preferred network: Nyati_CPEPro2_5G
[2025-05-17 21:23:26] [Information] Waiting 20 minutes before next check...
[2025-05-17 21:43:26] [Information] Currently connected to: Nyati_CPEPro2_5G
[2025-05-17 21:43:26] [Information] Already connected to preferred network: Nyati_CPEPro2_5G
[2025-05-17 21:43:26] [Information] Waiting 24 minutes before next check...
[2025-05-17 22:07:26] [Information] Currently connected to: Nyati_CPEPro2_5G
[2025-05-17 22:07:26] [Information] Already connected to preferred network: Nyati_CPEPro2_5G
[2025-05-17 22:07:26] [Information] Waiting 24 minutes before next check...
[2025-05-17 22:31:26] [Information] Currently connected to: Nyati_CPEPro2_5G
[2025-05-17 22:31:26] [Information] Already connected to preferred network: Nyati_CPEPro2_5G
[2025-05-17 22:31:26] [Information] Waiting 29 minutes before next check...
[2025-05-17 23:00:26] [Information] Currently connected to: Nyati_CPEPro2_5G
[2025-05-17 23:00:26] [Information] Already connected to preferred network: Nyati_CPEPro2_5G
[2025-05-17 23:00:26] [Information] Waiting 18 minutes before next check...
[2025-05-17 23:18:26] [Information] Currently connected to: Nyati_CPEPro2_5G
[2025-05-17 23:18:26] [Information] Already connected to preferred network: Nyati_CPEPro2_5G
[2025-05-17 23:18:26] [Information] Waiting 23 minutes before next check...
[2025-05-17 23:41:26] [Information] Currently connected to: Nyati_CPEPro2_5G
[2025-05-17 23:41:26] [Information] Already connected to preferred network: Nyati_CPEPro2_5G
[2025-05-17 23:41:26] [Information] Waiting 14 minutes before next check...
[2025-05-17 23:55:26] [Information] Currently connected to: Nyati_CPEPro2_5G
[2025-05-17 23:55:26] [Information] Already connected to preferred network: Nyati_CPEPro2_5G
[2025-05-17 23:55:26] [Information] Waiting 24 minutes before next check...
