[2025-01-03 23:12:09] [INFO] Starting Activity Generator Orchestrator (Instance ID: unadeptly-2025-Jan-03-2312)
[2025-01-03 23:12:09] [INFO] Total planned iterations: 6
[2025-01-03 23:12:09] [INFO] Starting iteration 1
[2025-01-03 23:12:09] [INFO] Using wait times - Min: 14, Max: 2000
[2025-01-03 23:12:09] [INFO] Generated wait time: 557 ms
[2025-01-03 23:13:30] [INFO] Starting Activity Generator Orchestrator (Instance ID: aurora-2025-Jan-03-2313)
[2025-01-03 23:13:30] [INFO] Total planned iterations: 6
[2025-01-03 23:13:30] [INFO] Starting iteration 1
[2025-01-03 23:13:30] [INFO] Using wait times - Min: 14, Max: 2000
[2025-01-03 23:13:30] [INFO] Generated wait time: 1501 ms
[2025-01-03 23:18:02] [INFO] Starting Activity Generator Orchestrator (Instance ID: harbor-2025-Jan-03-2318)
[2025-01-03 23:18:02] [INFO] Total planned iterations: 6
[2025-01-03 23:18:02] [INFO] Starting iteration 1
[2025-01-03 23:18:02] [INFO] Using wait times - Min: 14, Max: 2000
[2025-01-03 23:18:02] [INFO] Generated wait time: 677 ms
[2025-01-04 04:41:28] [SUCCESS] Iteration 1 completed successfully (Duration: 19759.42 seconds)
[2025-01-04 04:41:28] [INFO] Iteration Statistics:
  Iteration: 1
  MaxWait: 2000
  MinWait: 14
  Duration: 19759.42 seconds
  GeneratedWait: 557
  EndTime: 2025-01-04 04:41:28
  StartTime: 2025-01-03 23:12:09
[2025-01-04 04:41:28] [INFO] Starting iteration 2
[2025-01-04 04:41:28] [INFO] Using wait times - Min: 370, Max: 13000
[2025-01-04 04:41:28] [INFO] Generated wait time: 10468 ms
[2025-01-04 04:55:05] [SUCCESS] Iteration 1 completed successfully (Duration: 20222.69 seconds)
[2025-01-04 04:55:05] [INFO] Iteration Statistics:
  Iteration: 1
  MaxWait: 2000
  MinWait: 14
  Duration: 20222.69 seconds
  GeneratedWait: 677
  EndTime: 2025-01-04 04:55:05
  StartTime: 2025-01-03 23:18:02
[2025-01-04 04:55:05] [INFO] Starting iteration 2
[2025-01-04 04:55:05] [INFO] Using wait times - Min: 370, Max: 13000
[2025-01-04 04:55:05] [INFO] Generated wait time: 9184 ms
[2025-01-04 05:04:43] [SUCCESS] Iteration 1 completed successfully (Duration: 21072.48 seconds)
[2025-01-04 05:04:43] [INFO] Iteration Statistics:
  Iteration: 1
  MaxWait: 2000
  MinWait: 14
  Duration: 21072.48 seconds
  GeneratedWait: 1501
  EndTime: 2025-01-04 05:04:43
  StartTime: 2025-01-03 23:13:30
[2025-01-04 05:04:43] [INFO] Starting iteration 2
[2025-01-04 05:04:43] [INFO] Using wait times - Min: 370, Max: 13000
[2025-01-04 05:04:43] [INFO] Generated wait time: 1856 ms
[2025-01-04 11:47:12] [SUCCESS] Iteration 2 completed successfully (Duration: 25544.16 seconds)
[2025-01-04 11:47:13] [INFO] Iteration Statistics:
  Iteration: 2
  MaxWait: 13000
  MinWait: 370
  Duration: 25544.16 seconds
  GeneratedWait: 10468
  EndTime: 2025-01-04 11:47:12
  StartTime: 2025-01-04 04:41:28
[2025-01-04 11:47:13] [INFO] Starting iteration 3
[2025-01-04 11:47:13] [INFO] Using wait times - Min: 170, Max: 1500
[2025-01-04 11:47:13] [INFO] Generated wait time: 300 ms
[2025-01-04 13:06:35] [SUCCESS] Iteration 2 completed successfully (Duration: 29490.42 seconds)
[2025-01-04 13:06:35] [INFO] Iteration Statistics:
  Iteration: 2
  MaxWait: 13000
  MinWait: 370
  Duration: 29490.42 seconds
  GeneratedWait: 9184
  EndTime: 2025-01-04 13:06:35
  StartTime: 2025-01-04 04:55:05
[2025-01-04 13:06:35] [INFO] Starting iteration 3
[2025-01-04 13:06:35] [INFO] Using wait times - Min: 170, Max: 1500
[2025-01-04 13:06:35] [INFO] Generated wait time: 1251 ms
[2025-01-04 14:07:37] [SUCCESS] Iteration 2 completed successfully (Duration: 32574.09 seconds)
[2025-01-04 14:07:37] [INFO] Iteration Statistics:
  Iteration: 2
  MaxWait: 13000
  MinWait: 370
  Duration: 32574.09 seconds
  GeneratedWait: 1856
  EndTime: 2025-01-04 14:07:37
  StartTime: 2025-01-04 05:04:43
[2025-01-04 14:07:37] [INFO] Starting iteration 3
[2025-01-04 14:07:37] [INFO] Using wait times - Min: 170, Max: 1500
[2025-01-04 14:07:37] [INFO] Generated wait time: 911 ms
[2025-01-04 17:17:27] [SUCCESS] Iteration 3 completed successfully (Duration: 19814.08 seconds)
[2025-01-04 17:17:27] [INFO] Iteration Statistics:
  Iteration: 3
  MaxWait: 1500
  MinWait: 170
  Duration: 19814.08 seconds
  GeneratedWait: 300
  EndTime: 2025-01-04 17:17:27
  StartTime: 2025-01-04 11:47:13
[2025-01-04 17:17:27] [INFO] Starting iteration 4
[2025-01-04 17:17:27] [INFO] Using wait times - Min: 1470, Max: 30000
[2025-01-04 17:17:27] [INFO] Generated wait time: 23005 ms
[2025-01-04 18:38:06] [SUCCESS] Iteration 3 completed successfully (Duration: 19891.03 seconds)
[2025-01-04 18:38:06] [INFO] Iteration Statistics:
  Iteration: 3
  MaxWait: 1500
  MinWait: 170
  Duration: 19891.03 seconds
  GeneratedWait: 1251
  EndTime: 2025-01-04 18:38:06
  StartTime: 2025-01-04 13:06:35
[2025-01-04 18:38:07] [INFO] Starting iteration 4
[2025-01-04 18:38:07] [INFO] Using wait times - Min: 1470, Max: 30000
[2025-01-04 18:38:07] [INFO] Generated wait time: 22744 ms
[2025-01-04 19:53:06] [SUCCESS] Iteration 3 completed successfully (Duration: 20729.00 seconds)
[2025-01-04 19:53:06] [INFO] Iteration Statistics:
  Iteration: 3
  MaxWait: 1500
  MinWait: 170
  Duration: 20729.00 seconds
  GeneratedWait: 911
  EndTime: 2025-01-04 19:53:06
  StartTime: 2025-01-04 14:07:37
[2025-01-04 19:53:06] [INFO] Starting iteration 4
[2025-01-04 19:53:06] [INFO] Using wait times - Min: 1470, Max: 30000
[2025-01-04 19:53:06] [INFO] Generated wait time: 20592 ms
[2025-01-05 03:13:19] [SUCCESS] Iteration 4 completed successfully (Duration: 30912.00 seconds)
[2025-01-05 03:13:19] [INFO] Iteration Statistics:
  Iteration: 4
  MaxWait: 30000
  MinWait: 1470
  Duration: 30912.00 seconds
  GeneratedWait: 22744
  EndTime: 2025-01-05 03:13:18
  StartTime: 2025-01-04 18:38:06
[2025-01-05 03:13:19] [INFO] Starting iteration 5
[2025-01-05 03:13:19] [INFO] Using wait times - Min: 370, Max: 13000
[2025-01-05 03:13:19] [INFO] Generated wait time: 2296 ms
[2025-01-05 03:35:19] [SUCCESS] Iteration 4 completed successfully (Duration: 37072.55 seconds)
[2025-01-05 03:35:19] [INFO] Iteration Statistics:
  Iteration: 4
  MaxWait: 30000
  MinWait: 1470
  Duration: 37072.55 seconds
  GeneratedWait: 23005
  EndTime: 2025-01-05 03:35:19
  StartTime: 2025-01-04 17:17:27
[2025-01-05 03:35:19] [INFO] Starting iteration 5
[2025-01-05 03:35:19] [INFO] Using wait times - Min: 370, Max: 13000
[2025-01-05 03:35:19] [INFO] Generated wait time: 772 ms
[2025-01-05 03:45:31] [SUCCESS] Iteration 4 completed successfully (Duration: 28344.44 seconds)
[2025-01-05 03:45:31] [INFO] Iteration Statistics:
  Iteration: 4
  MaxWait: 30000
  MinWait: 1470
  Duration: 28344.44 seconds
  GeneratedWait: 20592
  EndTime: 2025-01-05 03:45:31
  StartTime: 2025-01-04 19:53:06
[2025-01-05 03:45:31] [INFO] Starting iteration 5
[2025-01-05 03:45:31] [INFO] Using wait times - Min: 370, Max: 13000
[2025-01-05 03:45:31] [INFO] Generated wait time: 5091 ms
[2025-01-05 10:13:58] [SUCCESS] Iteration 5 completed successfully (Duration: 23918.53 seconds)
[2025-01-05 10:13:58] [INFO] Iteration Statistics:
  Iteration: 5
  MaxWait: 13000
  MinWait: 370
  Duration: 23918.53 seconds
  GeneratedWait: 772
  EndTime: 2025-01-05 10:13:58
  StartTime: 2025-01-05 03:35:19
[2025-01-05 10:13:58] [INFO] Starting iteration 6
[2025-01-05 10:13:58] [INFO] Using wait times - Min: 170, Max: 1500
[2025-01-05 10:13:58] [INFO] Generated wait time: 759 ms
[2025-01-05 11:51:51] [SUCCESS] Iteration 5 completed successfully (Duration: 31112.62 seconds)
[2025-01-05 11:51:51] [INFO] Iteration Statistics:
  Iteration: 5
  MaxWait: 13000
  MinWait: 370
  Duration: 31112.62 seconds
  GeneratedWait: 2296
  EndTime: 2025-01-05 11:51:51
  StartTime: 2025-01-05 03:13:19
[2025-01-05 11:51:51] [INFO] Starting iteration 6
[2025-01-05 11:51:51] [INFO] Using wait times - Min: 170, Max: 1500
[2025-01-05 11:51:51] [INFO] Generated wait time: 1049 ms
[2025-01-05 12:08:48] [SUCCESS] Iteration 5 completed successfully (Duration: 30196.89 seconds)
[2025-01-05 12:08:48] [INFO] Iteration Statistics:
  Iteration: 5
  MaxWait: 13000
  MinWait: 370
  Duration: 30196.89 seconds
  GeneratedWait: 5091
  EndTime: 2025-01-05 12:08:48
  StartTime: 2025-01-05 03:45:31
[2025-01-05 12:08:48] [INFO] Starting iteration 6
[2025-01-05 12:08:48] [INFO] Using wait times - Min: 170, Max: 1500
[2025-01-05 12:08:48] [INFO] Generated wait time: 616 ms
[2025-01-05 15:55:57] [SUCCESS] Iteration 6 completed successfully (Duration: 20518.71 seconds)
[2025-01-05 15:55:57] [INFO] Iteration Statistics:
  Iteration: 6
  MaxWait: 1500
  MinWait: 170
  Duration: 20518.71 seconds
  GeneratedWait: 759
  EndTime: 2025-01-05 15:55:57
  StartTime: 2025-01-05 10:13:58
[2025-01-05 15:55:57] [SUCCESS] All iterations completed successfully
[2025-01-05 15:55:57] [SUCCESS] Final Summary:
  Start Time: 2025-01-03 23:12:09
  End Time: 2025-01-05 15:55:57
  Instance ID: unadeptly-2025-Jan-03-2312
  Total Iterations: 6
  Total Duration: 2443.80 minutes
  Average Duration: 407.30 minutes per iteration
[2025-01-05 17:23:33] [SUCCESS] Iteration 6 completed successfully (Duration: 19901.61 seconds)
[2025-01-05 17:23:33] [INFO] Iteration Statistics:
  Iteration: 6
  MaxWait: 1500
  MinWait: 170
  Duration: 19901.61 seconds
  GeneratedWait: 1049
  EndTime: 2025-01-05 17:23:33
  StartTime: 2025-01-05 11:51:51
[2025-01-05 17:23:33] [SUCCESS] All iterations completed successfully
[2025-01-05 17:23:33] [SUCCESS] Final Summary:
  Start Time: 2025-01-03 23:18:02
  End Time: 2025-01-05 17:23:33
  Instance ID: harbor-2025-Jan-03-2318
  Total Iterations: 6
  Total Duration: 2525.52 minutes
  Average Duration: 420.92 minutes per iteration
[2025-01-05 17:58:39] [SUCCESS] Iteration 6 completed successfully (Duration: 20991.10 seconds)
[2025-01-05 17:58:39] [INFO] Iteration Statistics:
  Iteration: 6
  MaxWait: 1500
  MinWait: 170
  Duration: 20991.10 seconds
  GeneratedWait: 616
  EndTime: 2025-01-05 17:58:39
  StartTime: 2025-01-05 12:08:48
[2025-01-05 17:58:39] [SUCCESS] All iterations completed successfully
[2025-01-05 17:58:39] [SUCCESS] Final Summary:
  Start Time: 2025-01-03 23:13:30
  End Time: 2025-01-05 17:58:39
  Instance ID: aurora-2025-Jan-03-2313
  Total Iterations: 6
  Total Duration: 2565.14 minutes
  Average Duration: 427.52 minutes per iteration
