[2025-03-17 00:05:24] [Information] Currently connected to: HellsGate-5.0G
[2025-03-17 00:05:24] [Information] Already connected to preferred network: HellsGate-5.0G
[2025-03-17 00:05:24] [Information] Waiting 13 minutes before next check...
[2025-03-17 00:18:24] [Warning] No current WiFi connection
[2025-03-17 00:18:24] [Information] Scanning for preferred networks...
[2025-03-17 00:18:24] [Information] Found 6 networks
[2025-03-17 00:18:24] [Information] Attempting to connect to HellsGate-5.0G
[2025-03-17 00:18:29] [Information] Currently connected to: HellsGate-5.0G
[2025-03-17 00:18:29] [Information] Successfully connected to HellsGate-5.0G
[2025-03-17 00:18:29] [Information] Waiting 26 minutes before next check...
[2025-03-17 00:44:29] [Information] Currently connected to: HellsGate-5.0G
[2025-03-17 00:44:29] [Information] Already connected to preferred network: HellsGate-5.0G
[2025-03-17 00:44:29] [Information] Waiting 15 minutes before next check...
[2025-03-17 00:59:29] [Information] Currently connected to: HellsGate-5.0G
[2025-03-17 00:59:29] [Information] Already connected to preferred network: HellsGate-5.0G
[2025-03-17 00:59:29] [Information] Waiting 29 minutes before next check...
[2025-03-17 01:28:29] [Information] Currently connected to: HellsGate-5.0G
[2025-03-17 01:28:29] [Information] Already connected to preferred network: HellsGate-5.0G
[2025-03-17 01:28:29] [Information] Waiting 16 minutes before next check...
[2025-03-17 01:44:29] [Information] Currently connected to: HellsGate-5.0G
[2025-03-17 01:44:29] [Information] Already connected to preferred network: HellsGate-5.0G
[2025-03-17 01:44:29] [Information] Waiting 20 minutes before next check...
[2025-03-17 02:04:29] [Information] Currently connected to: HellsGate-5.0G
[2025-03-17 02:04:29] [Information] Already connected to preferred network: HellsGate-5.0G
[2025-03-17 02:04:29] [Information] Waiting 25 minutes before next check...
[2025-03-17 02:29:29] [Information] Currently connected to: HellsGate-5.0G
[2025-03-17 02:29:29] [Information] Already connected to preferred network: HellsGate-5.0G
[2025-03-17 02:29:29] [Information] Waiting 11 minutes before next check...
[2025-03-17 02:40:29] [Information] Currently connected to: HellsGate-5.0G
[2025-03-17 02:40:29] [Information] Already connected to preferred network: HellsGate-5.0G
[2025-03-17 02:40:29] [Information] Waiting 24 minutes before next check...
[2025-03-17 03:04:29] [Information] Currently connected to: HellsGate-5.0G
[2025-03-17 03:04:29] [Information] Already connected to preferred network: HellsGate-5.0G
[2025-03-17 03:04:29] [Information] Waiting 23 minutes before next check...
[2025-03-17 03:27:30] [Information] Currently connected to: HellsGate-5.0G
[2025-03-17 03:27:30] [Information] Already connected to preferred network: HellsGate-5.0G
[2025-03-17 03:27:30] [Information] Waiting 22 minutes before next check...
[2025-03-17 03:49:30] [Information] Currently connected to: HellsGate-5.0G
[2025-03-17 03:49:30] [Information] Already connected to preferred network: HellsGate-5.0G
[2025-03-17 03:49:30] [Information] Waiting 29 minutes before next check...
[2025-03-17 04:18:30] [Information] Currently connected to: HellsGate-5.0G
[2025-03-17 04:18:30] [Information] Already connected to preferred network: HellsGate-5.0G
[2025-03-17 04:18:30] [Information] Waiting 14 minutes before next check...
[2025-03-17 04:32:30] [Information] Currently connected to: HellsGate-5.0G
[2025-03-17 04:32:30] [Information] Already connected to preferred network: HellsGate-5.0G
[2025-03-17 04:32:30] [Information] Waiting 27 minutes before next check...
[2025-03-17 04:59:36] [Information] Currently connected to: HellsGate-5.0G
[2025-03-17 04:59:36] [Information] Already connected to preferred network: HellsGate-5.0G
[2025-03-17 04:59:36] [Information] Waiting 20 minutes before next check...
[2025-03-17 05:19:36] [Information] Currently connected to: HellsGate-5.0G
[2025-03-17 05:19:36] [Information] Already connected to preferred network: HellsGate-5.0G
[2025-03-17 05:19:36] [Information] Waiting 11 minutes before next check...
[2025-03-17 05:30:36] [Information] Currently connected to: HellsGate-5.0G
[2025-03-17 05:30:36] [Information] Already connected to preferred network: HellsGate-5.0G
[2025-03-17 05:30:36] [Information] Waiting 29 minutes before next check...
[2025-03-17 05:59:37] [Information] Currently connected to: HellsGate-5.0G
[2025-03-17 05:59:37] [Information] Already connected to preferred network: HellsGate-5.0G
[2025-03-17 05:59:37] [Information] Waiting 27 minutes before next check...
[2025-03-17 06:26:37] [Information] Currently connected to: HellsGate-5.0G
[2025-03-17 06:26:37] [Information] Already connected to preferred network: HellsGate-5.0G
[2025-03-17 06:26:37] [Information] Waiting 22 minutes before next check...
[2025-03-17 06:48:37] [Information] Currently connected to: HellsGate-5.0G
[2025-03-17 06:48:37] [Information] Already connected to preferred network: HellsGate-5.0G
[2025-03-17 06:48:37] [Information] Waiting 29 minutes before next check...
[2025-03-17 07:17:37] [Information] Currently connected to: HellsGate-5.0G
[2025-03-17 07:17:37] [Information] Already connected to preferred network: HellsGate-5.0G
[2025-03-17 07:17:37] [Information] Waiting 11 minutes before next check...
[2025-03-17 07:28:37] [Information] Currently connected to: HellsGate-5.0G
[2025-03-17 07:28:37] [Information] Already connected to preferred network: HellsGate-5.0G
[2025-03-17 07:28:37] [Information] Waiting 12 minutes before next check...
[2025-03-17 07:40:37] [Information] Currently connected to: HellsGate-5.0G
[2025-03-17 07:40:37] [Information] Already connected to preferred network: HellsGate-5.0G
[2025-03-17 07:40:37] [Information] Waiting 22 minutes before next check...
[2025-03-17 08:02:37] [Information] Currently connected to: HellsGate-5.0G
[2025-03-17 08:02:37] [Information] Already connected to preferred network: HellsGate-5.0G
[2025-03-17 08:02:37] [Information] Waiting 26 minutes before next check...
[2025-03-17 08:28:37] [Information] Currently connected to: HellsGate-5.0G
[2025-03-17 08:28:37] [Information] Already connected to preferred network: HellsGate-5.0G
[2025-03-17 08:28:37] [Information] Waiting 19 minutes before next check...
[2025-03-17 08:47:37] [Information] Currently connected to: HellsGate-5.0G
[2025-03-17 08:47:37] [Information] Already connected to preferred network: HellsGate-5.0G
[2025-03-17 08:47:37] [Information] Waiting 13 minutes before next check...
[2025-03-17 09:00:37] [Information] Currently connected to: HellsGate-5.0G
[2025-03-17 09:00:37] [Information] Already connected to preferred network: HellsGate-5.0G
[2025-03-17 09:00:37] [Information] Waiting 26 minutes before next check...
[2025-03-17 09:26:37] [Information] Currently connected to: HellsGate-5.0G
[2025-03-17 09:26:37] [Information] Already connected to preferred network: HellsGate-5.0G
[2025-03-17 09:26:37] [Information] Waiting 24 minutes before next check...
[2025-03-17 09:50:37] [Information] Currently connected to: HellsGate-5.0G
[2025-03-17 09:50:37] [Information] Already connected to preferred network: HellsGate-5.0G
[2025-03-17 09:50:37] [Information] Waiting 21 minutes before next check...
[2025-03-17 10:11:37] [Information] Currently connected to: HellsGate-5.0G
[2025-03-17 10:11:37] [Information] Already connected to preferred network: HellsGate-5.0G
[2025-03-17 10:11:37] [Information] Waiting 20 minutes before next check...
[2025-03-17 10:31:37] [Information] Currently connected to: HellsGate-5.0G
[2025-03-17 10:31:37] [Information] Already connected to preferred network: HellsGate-5.0G
[2025-03-17 10:31:37] [Information] Waiting 15 minutes before next check...
[2025-03-17 10:46:38] [Information] Currently connected to: HellsGate-5.0G
[2025-03-17 10:46:38] [Information] Already connected to preferred network: HellsGate-5.0G
[2025-03-17 10:46:38] [Information] Waiting 14 minutes before next check...
[2025-03-17 11:00:38] [Information] Currently connected to: HellsGate-5.0G
[2025-03-17 11:00:38] [Information] Already connected to preferred network: HellsGate-5.0G
[2025-03-17 11:00:38] [Information] Waiting 20 minutes before next check...
[2025-03-17 11:20:38] [Information] Currently connected to: HellsGate-5.0G
[2025-03-17 11:20:38] [Information] Already connected to preferred network: HellsGate-5.0G
[2025-03-17 11:20:38] [Information] Waiting 13 minutes before next check...
[2025-03-17 11:33:38] [Information] Currently connected to: HellsGate-5.0G
[2025-03-17 11:33:38] [Information] Already connected to preferred network: HellsGate-5.0G
[2025-03-17 11:33:38] [Information] Waiting 21 minutes before next check...
[2025-03-17 11:54:38] [Information] Currently connected to: HellsGate-5.0G
[2025-03-17 11:54:38] [Information] Already connected to preferred network: HellsGate-5.0G
[2025-03-17 11:54:38] [Information] Waiting 19 minutes before next check...
[2025-03-17 12:13:38] [Information] Currently connected to: HellsGate-5.0G
[2025-03-17 12:13:38] [Information] Already connected to preferred network: HellsGate-5.0G
[2025-03-17 12:13:38] [Information] Waiting 21 minutes before next check...
[2025-03-17 12:34:38] [Information] Currently connected to: HellsGate-5.0G
[2025-03-17 12:34:38] [Information] Already connected to preferred network: HellsGate-5.0G
[2025-03-17 12:34:38] [Information] Waiting 15 minutes before next check...
[2025-03-17 12:49:38] [Information] Currently connected to: HellsGate-5.0G
[2025-03-17 12:49:38] [Information] Already connected to preferred network: HellsGate-5.0G
[2025-03-17 12:49:38] [Information] Waiting 14 minutes before next check...
[2025-03-17 13:03:38] [Information] Currently connected to: HellsGate-5.0G
[2025-03-17 13:03:38] [Information] Already connected to preferred network: HellsGate-5.0G
[2025-03-17 13:03:38] [Information] Waiting 17 minutes before next check...
[2025-03-17 13:20:38] [Information] Currently connected to: HellsGate-5.0G
[2025-03-17 13:20:38] [Information] Already connected to preferred network: HellsGate-5.0G
[2025-03-17 13:20:38] [Information] Waiting 13 minutes before next check...
[2025-03-17 13:33:38] [Information] Currently connected to: HellsGate-5.0G
[2025-03-17 13:33:38] [Information] Already connected to preferred network: HellsGate-5.0G
[2025-03-17 13:33:38] [Information] Waiting 19 minutes before next check...
[2025-03-17 13:52:38] [Information] Currently connected to: HellsGate-5.0G
[2025-03-17 13:52:38] [Information] Already connected to preferred network: HellsGate-5.0G
[2025-03-17 13:52:38] [Information] Waiting 24 minutes before next check...
[2025-03-17 14:16:38] [Information] Currently connected to: HellsGate-5.0G
[2025-03-17 14:16:38] [Information] Already connected to preferred network: HellsGate-5.0G
[2025-03-17 14:16:38] [Information] Waiting 20 minutes before next check...
[2025-03-17 14:36:38] [Information] Currently connected to: HellsGate-5.0G
[2025-03-17 14:36:38] [Information] Already connected to preferred network: HellsGate-5.0G
[2025-03-17 14:36:38] [Information] Waiting 20 minutes before next check...
[2025-03-17 14:56:39] [Information] Currently connected to: HellsGate-5.0G
[2025-03-17 14:56:39] [Information] Already connected to preferred network: HellsGate-5.0G
[2025-03-17 14:56:39] [Information] Waiting 23 minutes before next check...
[2025-03-17 15:19:39] [Information] Currently connected to: HellsGate-5.0G
[2025-03-17 15:19:39] [Information] Already connected to preferred network: HellsGate-5.0G
[2025-03-17 15:19:39] [Information] Waiting 10 minutes before next check...
[2025-03-17 15:29:39] [Information] Currently connected to: HellsGate-5.0G
[2025-03-17 15:29:39] [Information] Already connected to preferred network: HellsGate-5.0G
[2025-03-17 15:29:39] [Information] Waiting 21 minutes before next check...
[2025-03-17 15:50:39] [Information] Currently connected to: HellsGate-5.0G
[2025-03-17 15:50:39] [Information] Already connected to preferred network: HellsGate-5.0G
[2025-03-17 15:50:39] [Information] Waiting 13 minutes before next check...
[2025-03-17 16:03:39] [Information] Currently connected to: HellsGate-5.0G
[2025-03-17 16:03:39] [Information] Already connected to preferred network: HellsGate-5.0G
[2025-03-17 16:03:39] [Information] Waiting 13 minutes before next check...
[2025-03-17 16:16:39] [Information] Currently connected to: HellsGate-5.0G
[2025-03-17 16:16:39] [Information] Already connected to preferred network: HellsGate-5.0G
[2025-03-17 16:16:39] [Information] Waiting 15 minutes before next check...
[2025-03-17 16:31:39] [Information] Currently connected to: HellsGate-5.0G
[2025-03-17 16:31:39] [Information] Already connected to preferred network: HellsGate-5.0G
[2025-03-17 16:31:39] [Information] Waiting 28 minutes before next check...
[2025-03-17 16:59:39] [Information] Currently connected to: HellsGate-5.0G
[2025-03-17 16:59:39] [Information] Already connected to preferred network: HellsGate-5.0G
[2025-03-17 16:59:39] [Information] Waiting 16 minutes before next check...
[2025-03-17 17:15:39] [Information] Currently connected to: HellsGate-5.0G
[2025-03-17 17:15:39] [Information] Already connected to preferred network: HellsGate-5.0G
[2025-03-17 17:15:39] [Information] Waiting 18 minutes before next check...
[2025-03-17 17:33:39] [Information] Currently connected to: HellsGate-5.0G
[2025-03-17 17:33:39] [Information] Already connected to preferred network: HellsGate-5.0G
[2025-03-17 17:33:39] [Information] Waiting 13 minutes before next check...
[2025-03-17 17:46:39] [Information] Currently connected to: HellsGate-5.0G
[2025-03-17 17:46:39] [Information] Already connected to preferred network: HellsGate-5.0G
[2025-03-17 17:46:39] [Information] Waiting 26 minutes before next check...
[2025-03-17 18:12:39] [Information] Currently connected to: HellsGate-5.0G
[2025-03-17 18:12:39] [Information] Already connected to preferred network: HellsGate-5.0G
[2025-03-17 18:12:39] [Information] Waiting 19 minutes before next check...
[2025-03-17 18:31:39] [Information] Currently connected to: HellsGate-5.0G
[2025-03-17 18:31:39] [Information] Already connected to preferred network: HellsGate-5.0G
[2025-03-17 18:31:39] [Information] Waiting 23 minutes before next check...
[2025-03-17 18:54:40] [Information] Currently connected to: HellsGate-5.0G
[2025-03-17 18:54:40] [Information] Already connected to preferred network: HellsGate-5.0G
[2025-03-17 18:54:40] [Information] Waiting 27 minutes before next check...
[2025-03-17 19:21:40] [Information] Currently connected to: HellsGate-5.0G
[2025-03-17 19:21:40] [Information] Already connected to preferred network: HellsGate-5.0G
[2025-03-17 19:21:40] [Information] Waiting 28 minutes before next check...
[2025-03-17 19:49:40] [Information] Currently connected to: HellsGate-5.0G
[2025-03-17 19:49:40] [Information] Already connected to preferred network: HellsGate-5.0G
[2025-03-17 19:49:40] [Information] Waiting 15 minutes before next check...
[2025-03-17 20:04:40] [Information] Currently connected to: HellsGate-5.0G
[2025-03-17 20:04:40] [Information] Already connected to preferred network: HellsGate-5.0G
[2025-03-17 20:04:40] [Information] Waiting 20 minutes before next check...
[2025-03-17 20:24:40] [Information] Currently connected to: HellsGate-5.0G
[2025-03-17 20:24:40] [Information] Already connected to preferred network: HellsGate-5.0G
[2025-03-17 20:24:40] [Information] Waiting 22 minutes before next check...
[2025-03-17 20:46:40] [Information] Currently connected to: HellsGate-5.0G
[2025-03-17 20:46:40] [Information] Already connected to preferred network: HellsGate-5.0G
[2025-03-17 20:46:40] [Information] Waiting 15 minutes before next check...
[2025-03-17 21:01:40] [Information] Currently connected to: HellsGate-5.0G
[2025-03-17 21:01:40] [Information] Already connected to preferred network: HellsGate-5.0G
[2025-03-17 21:01:40] [Information] Waiting 19 minutes before next check...
[2025-03-17 21:20:40] [Information] Currently connected to: HellsGate-5.0G
[2025-03-17 21:20:40] [Information] Already connected to preferred network: HellsGate-5.0G
[2025-03-17 21:20:40] [Information] Waiting 15 minutes before next check...
[2025-03-17 21:35:40] [Information] Currently connected to: HellsGate-5.0G
[2025-03-17 21:35:40] [Information] Already connected to preferred network: HellsGate-5.0G
[2025-03-17 21:35:40] [Information] Waiting 24 minutes before next check...
[2025-03-17 21:59:40] [Information] Currently connected to: HellsGate-5.0G
[2025-03-17 21:59:40] [Information] Already connected to preferred network: HellsGate-5.0G
[2025-03-17 21:59:40] [Information] Waiting 28 minutes before next check...
[2025-03-17 22:27:40] [Information] Currently connected to: HellsGate-5.0G
[2025-03-17 22:27:40] [Information] Already connected to preferred network: HellsGate-5.0G
[2025-03-17 22:27:40] [Information] Waiting 20 minutes before next check...
[2025-03-17 22:47:40] [Information] Currently connected to: HellsGate-5.0G
[2025-03-17 22:47:40] [Information] Already connected to preferred network: HellsGate-5.0G
[2025-03-17 22:47:40] [Information] Waiting 17 minutes before next check...
[2025-03-17 23:04:40] [Information] Currently connected to: HellsGate-5.0G
[2025-03-17 23:04:40] [Information] Already connected to preferred network: HellsGate-5.0G
[2025-03-17 23:04:40] [Information] Waiting 26 minutes before next check...
[2025-03-17 23:30:41] [Information] Currently connected to: HellsGate-5.0G
[2025-03-17 23:30:41] [Information] Already connected to preferred network: HellsGate-5.0G
[2025-03-17 23:30:41] [Information] Waiting 27 minutes before next check...
[2025-03-17 23:57:41] [Information] Currently connected to: HellsGate-5.0G
[2025-03-17 23:57:41] [Information] Already connected to preferred network: HellsGate-5.0G
[2025-03-17 23:57:41] [Information] Waiting 13 minutes before next check...
