[2025-01-07 00:52:02] [INFO] Starting Activity Generator Orchestrator (Instance ID: meadow-2025-Jan-07-0052)
[2025-01-07 00:52:02] [INFO] Total planned iterations: 6
[2025-01-07 00:52:02] [INFO] Starting iteration 1
[2025-01-07 00:52:02] [INFO] Using wait times - Min: 14, Max: 2000
[2025-01-07 00:52:02] [INFO] Generated wait time: 1830 ms
[2025-01-07 06:46:04] [SUCCESS] Iteration 1 completed successfully (Duration: 21241.66 seconds)
[2025-01-07 06:46:04] [INFO] Iteration Statistics:
  Iteration: 1
  MaxWait: 2000
  MinWait: 14
  Duration: 21241.66 seconds
  GeneratedWait: 1830
  EndTime: 2025-01-07 06:46:04
  StartTime: 2025-01-07 00:52:02
[2025-01-07 06:46:04] [INFO] Starting iteration 2
[2025-01-07 06:46:04] [INFO] Using wait times - Min: 370, Max: 13000
[2025-01-07 06:46:04] [INFO] Generated wait time: 1439 ms
[2025-01-07 14:16:08] [SUCCESS] Iteration 2 completed successfully (Duration: 27003.45 seconds)
[2025-01-07 14:16:08] [INFO] Iteration Statistics:
  Iteration: 2
  MaxWait: 13000
  MinWait: 370
  Duration: 27003.45 seconds
  GeneratedWait: 1439
  EndTime: 2025-01-07 14:16:08
  StartTime: 2025-01-07 06:46:04
[2025-01-07 14:16:08] [INFO] Starting iteration 3
[2025-01-07 14:16:08] [INFO] Using wait times - Min: 170, Max: 1500
[2025-01-07 14:16:08] [INFO] Generated wait time: 465 ms
[2025-01-07 19:38:06] [SUCCESS] Iteration 3 completed successfully (Duration: 19318.51 seconds)
[2025-01-07 19:38:06] [INFO] Iteration Statistics:
  Iteration: 3
  MaxWait: 1500
  MinWait: 170
  Duration: 19318.51 seconds
  GeneratedWait: 465
  EndTime: 2025-01-07 19:38:06
  StartTime: 2025-01-07 14:16:08
[2025-01-07 19:38:06] [INFO] Starting iteration 4
[2025-01-07 19:38:06] [INFO] Using wait times - Min: 1470, Max: 30000
[2025-01-07 19:38:06] [INFO] Generated wait time: 20740 ms
[2025-01-08 06:44:13] [SUCCESS] Iteration 4 completed successfully (Duration: 39966.86 seconds)
[2025-01-08 06:44:13] [INFO] Iteration Statistics:
  Iteration: 4
  MaxWait: 30000
  MinWait: 1470
  Duration: 39966.86 seconds
  GeneratedWait: 20740
  EndTime: 2025-01-08 06:44:13
  StartTime: 2025-01-07 19:38:06
[2025-01-08 06:44:13] [INFO] Starting iteration 5
[2025-01-08 06:44:13] [INFO] Using wait times - Min: 370, Max: 13000
[2025-01-08 06:44:13] [INFO] Generated wait time: 8234 ms
[2025-01-08 15:43:59] [SUCCESS] Iteration 5 completed successfully (Duration: 32385.86 seconds)
[2025-01-08 15:43:59] [INFO] Iteration Statistics:
  Iteration: 5
  MaxWait: 13000
  MinWait: 370
  Duration: 32385.86 seconds
  GeneratedWait: 8234
  EndTime: 2025-01-08 15:43:59
  StartTime: 2025-01-08 06:44:13
[2025-01-08 15:43:59] [INFO] Starting iteration 6
[2025-01-08 15:43:59] [INFO] Using wait times - Min: 170, Max: 1500
[2025-01-08 15:43:59] [INFO] Generated wait time: 671 ms
[2025-01-08 21:32:59] [SUCCESS] Iteration 6 completed successfully (Duration: 20940.05 seconds)
[2025-01-08 21:32:59] [INFO] Iteration Statistics:
  Iteration: 6
  MaxWait: 1500
  MinWait: 170
  Duration: 20940.05 seconds
  GeneratedWait: 671
  EndTime: 2025-01-08 21:32:59
  StartTime: 2025-01-08 15:43:59
[2025-01-08 21:32:59] [SUCCESS] All iterations completed successfully
[2025-01-08 21:32:59] [SUCCESS] Final Summary:
  Start Time: 2025-01-07 00:52:02
  End Time: 2025-01-08 21:32:59
  Instance ID: meadow-2025-Jan-07-0052
  Total Iterations: 6
  Total Duration: 2680.95 minutes
  Average Duration: 446.82 minutes per iteration
