[2025-02-20 00:23:34] [Information] Currently connected to: HellsGate-5.0G
[2025-02-20 00:23:34] [Information] Already connected to preferred network: HellsGate-5.0G
[2025-02-20 00:23:34] [Information] Waiting 15 minutes before next check...
[2025-02-20 00:38:34] [Information] Currently connected to: HellsGate-5.0G
[2025-02-20 00:38:34] [Information] Already connected to preferred network: HellsGate-5.0G
[2025-02-20 00:38:34] [Information] Waiting 26 minutes before next check...
[2025-02-20 01:04:34] [Information] Currently connected to: HellsGate-5.0G
[2025-02-20 01:04:34] [Information] Already connected to preferred network: HellsGate-5.0G
[2025-02-20 01:04:34] [Information] Waiting 14 minutes before next check...
[2025-02-20 01:18:34] [Information] Currently connected to: HellsGate-5.0G
[2025-02-20 01:18:34] [Information] Already connected to preferred network: HellsGate-5.0G
[2025-02-20 01:18:34] [Information] Waiting 15 minutes before next check...
[2025-02-20 01:33:34] [Information] Currently connected to: HellsGate-5.0G
[2025-02-20 01:33:34] [Information] Already connected to preferred network: HellsGate-5.0G
[2025-02-20 01:33:34] [Information] Waiting 15 minutes before next check...
[2025-02-20 01:48:34] [Information] Currently connected to: HellsGate-5.0G
[2025-02-20 01:48:34] [Information] Already connected to preferred network: HellsGate-5.0G
[2025-02-20 01:48:34] [Information] Waiting 13 minutes before next check...
[2025-02-20 02:01:35] [Information] Currently connected to: HellsGate-5.0G
[2025-02-20 02:01:35] [Information] Already connected to preferred network: HellsGate-5.0G
[2025-02-20 02:01:35] [Information] Waiting 11 minutes before next check...
[2025-02-20 02:12:35] [Information] Currently connected to: HellsGate-5.0G
[2025-02-20 02:12:35] [Information] Already connected to preferred network: HellsGate-5.0G
[2025-02-20 02:12:35] [Information] Waiting 10 minutes before next check...
[2025-02-20 02:22:35] [Information] Currently connected to: HellsGate-5.0G
[2025-02-20 02:22:35] [Information] Already connected to preferred network: HellsGate-5.0G
[2025-02-20 02:22:35] [Information] Waiting 17 minutes before next check...
[2025-02-20 02:39:35] [Information] Currently connected to: HellsGate-5.0G
[2025-02-20 02:39:35] [Information] Already connected to preferred network: HellsGate-5.0G
[2025-02-20 02:39:35] [Information] Waiting 23 minutes before next check...
[2025-02-20 03:02:35] [Information] Currently connected to: HellsGate-5.0G
[2025-02-20 03:02:35] [Information] Already connected to preferred network: HellsGate-5.0G
[2025-02-20 03:02:35] [Information] Waiting 26 minutes before next check...
[2025-02-20 03:28:35] [Information] Currently connected to: HellsGate-5.0G
[2025-02-20 03:28:35] [Information] Already connected to preferred network: HellsGate-5.0G
[2025-02-20 03:28:35] [Information] Waiting 25 minutes before next check...
[2025-02-20 03:53:35] [Information] Currently connected to: HellsGate-5.0G
[2025-02-20 03:53:35] [Information] Already connected to preferred network: HellsGate-5.0G
[2025-02-20 03:53:35] [Information] Waiting 23 minutes before next check...
[2025-02-20 04:16:35] [Information] Currently connected to: HellsGate-5.0G
[2025-02-20 04:16:35] [Information] Already connected to preferred network: HellsGate-5.0G
[2025-02-20 04:16:35] [Information] Waiting 29 minutes before next check...
[2025-02-20 04:45:35] [Information] Currently connected to: HellsGate-5.0G
[2025-02-20 04:45:35] [Information] Already connected to preferred network: HellsGate-5.0G
[2025-02-20 04:45:35] [Information] Waiting 15 minutes before next check...
[2025-02-20 05:00:35] [Information] Currently connected to: HellsGate-5.0G
[2025-02-20 05:00:35] [Information] Already connected to preferred network: HellsGate-5.0G
[2025-02-20 05:00:35] [Information] Waiting 21 minutes before next check...
[2025-02-20 05:21:35] [Information] Currently connected to: HellsGate-5.0G
[2025-02-20 05:21:35] [Information] Already connected to preferred network: HellsGate-5.0G
[2025-02-20 05:21:35] [Information] Waiting 15 minutes before next check...
[2025-02-20 05:36:42] [Information] Currently connected to: HellsGate-5.0G
[2025-02-20 05:36:42] [Information] Already connected to preferred network: HellsGate-5.0G
[2025-02-20 05:36:42] [Information] Waiting 24 minutes before next check...
[2025-02-20 06:00:42] [Information] Currently connected to: HellsGate-5.0G
[2025-02-20 06:00:42] [Information] Already connected to preferred network: HellsGate-5.0G
[2025-02-20 06:00:42] [Information] Waiting 12 minutes before next check...
[2025-02-20 06:12:42] [Information] Currently connected to: HellsGate-5.0G
[2025-02-20 06:12:42] [Information] Already connected to preferred network: HellsGate-5.0G
[2025-02-20 06:12:42] [Information] Waiting 19 minutes before next check...
[2025-02-20 06:31:42] [Information] Currently connected to: HellsGate-5.0G
[2025-02-20 06:31:42] [Information] Already connected to preferred network: HellsGate-5.0G
[2025-02-20 06:31:42] [Information] Waiting 25 minutes before next check...
[2025-02-20 06:56:42] [Information] Currently connected to: HellsGate-5.0G
[2025-02-20 06:56:42] [Information] Already connected to preferred network: HellsGate-5.0G
[2025-02-20 06:56:42] [Information] Waiting 20 minutes before next check...
[2025-02-20 07:16:42] [Information] Currently connected to: HellsGate-5.0G
[2025-02-20 07:16:42] [Information] Already connected to preferred network: HellsGate-5.0G
[2025-02-20 07:16:42] [Information] Waiting 16 minutes before next check...
[2025-02-20 07:32:42] [Information] Currently connected to: HellsGate-5.0G
[2025-02-20 07:32:43] [Information] Already connected to preferred network: HellsGate-5.0G
[2025-02-20 07:32:43] [Information] Waiting 25 minutes before next check...
[2025-02-20 07:57:43] [Information] Currently connected to: HellsGate-5.0G
[2025-02-20 07:57:43] [Information] Already connected to preferred network: HellsGate-5.0G
[2025-02-20 07:57:43] [Information] Waiting 14 minutes before next check...
[2025-02-20 08:11:43] [Information] Currently connected to: HellsGate-5.0G
[2025-02-20 08:11:43] [Information] Already connected to preferred network: HellsGate-5.0G
[2025-02-20 08:11:43] [Information] Waiting 15 minutes before next check...
[2025-02-20 08:26:43] [Information] Currently connected to: HellsGate-5.0G
[2025-02-20 08:26:43] [Information] Already connected to preferred network: HellsGate-5.0G
[2025-02-20 08:26:43] [Information] Waiting 21 minutes before next check...
[2025-02-20 08:47:43] [Information] Currently connected to: HellsGate-5.0G
[2025-02-20 08:47:43] [Information] Already connected to preferred network: HellsGate-5.0G
[2025-02-20 08:47:43] [Information] Waiting 28 minutes before next check...
[2025-02-20 09:15:43] [Information] Currently connected to: HellsGate-5.0G
[2025-02-20 09:15:43] [Information] Already connected to preferred network: HellsGate-5.0G
[2025-02-20 09:15:43] [Information] Waiting 27 minutes before next check...
[2025-02-20 09:42:43] [Information] Currently connected to: HellsGate-5.0G
[2025-02-20 09:42:43] [Information] Already connected to preferred network: HellsGate-5.0G
[2025-02-20 09:42:43] [Information] Waiting 21 minutes before next check...
[2025-02-20 10:03:43] [Information] Currently connected to: HellsGate-5.0G
[2025-02-20 10:03:43] [Information] Already connected to preferred network: HellsGate-5.0G
[2025-02-20 10:03:43] [Information] Waiting 15 minutes before next check...
[2025-02-20 10:18:43] [Information] Currently connected to: HellsGate-5.0G
[2025-02-20 10:18:43] [Information] Already connected to preferred network: HellsGate-5.0G
[2025-02-20 10:18:43] [Information] Waiting 16 minutes before next check...
[2025-02-20 10:34:43] [Information] Currently connected to: HellsGate-5.0G
[2025-02-20 10:34:43] [Information] Already connected to preferred network: HellsGate-5.0G
[2025-02-20 10:34:43] [Information] Waiting 27 minutes before next check...
[2025-02-20 11:01:43] [Information] Currently connected to: HellsGate-5.0G
[2025-02-20 11:01:43] [Information] Already connected to preferred network: HellsGate-5.0G
[2025-02-20 11:01:43] [Information] Waiting 29 minutes before next check...
[2025-02-20 11:30:43] [Information] Currently connected to: HellsGate-5.0G
[2025-02-20 11:30:43] [Information] Already connected to preferred network: HellsGate-5.0G
[2025-02-20 11:30:43] [Information] Waiting 18 minutes before next check...
[2025-02-20 11:48:43] [Information] Currently connected to: HellsGate-5.0G
[2025-02-20 11:48:43] [Information] Already connected to preferred network: HellsGate-5.0G
[2025-02-20 11:48:43] [Information] Waiting 29 minutes before next check...
[2025-02-20 12:17:43] [Information] Currently connected to: HellsGate-5.0G
[2025-02-20 12:17:43] [Information] Already connected to preferred network: HellsGate-5.0G
[2025-02-20 12:17:43] [Information] Waiting 24 minutes before next check...
[2025-02-20 12:41:44] [Information] Currently connected to: HellsGate-5.0G
[2025-02-20 12:41:44] [Information] Already connected to preferred network: HellsGate-5.0G
[2025-02-20 12:41:44] [Information] Waiting 18 minutes before next check...
[2025-02-20 12:59:44] [Information] Currently connected to: HellsGate-5.0G
[2025-02-20 12:59:44] [Information] Already connected to preferred network: HellsGate-5.0G
[2025-02-20 12:59:44] [Information] Waiting 10 minutes before next check...
[2025-02-20 13:09:44] [Information] Currently connected to: HellsGate-5.0G
[2025-02-20 13:09:44] [Information] Already connected to preferred network: HellsGate-5.0G
[2025-02-20 13:09:44] [Information] Waiting 28 minutes before next check...
[2025-02-20 13:37:44] [Information] Currently connected to: HellsGate-5.0G
[2025-02-20 13:37:44] [Information] Already connected to preferred network: HellsGate-5.0G
[2025-02-20 13:37:44] [Information] Waiting 10 minutes before next check...
[2025-02-20 13:47:44] [Information] Currently connected to: HellsGate-5.0G
[2025-02-20 13:47:44] [Information] Already connected to preferred network: HellsGate-5.0G
[2025-02-20 13:47:44] [Information] Waiting 11 minutes before next check...
[2025-02-20 13:58:44] [Information] Currently connected to: HellsGate-5.0G
[2025-02-20 13:58:44] [Information] Already connected to preferred network: HellsGate-5.0G
[2025-02-20 13:58:44] [Information] Waiting 20 minutes before next check...
[2025-02-20 14:18:44] [Information] Currently connected to: HellsGate-5.0G
[2025-02-20 14:18:44] [Information] Already connected to preferred network: HellsGate-5.0G
[2025-02-20 14:18:44] [Information] Waiting 26 minutes before next check...
[2025-02-20 14:44:44] [Information] Currently connected to: HellsGate-5.0G
[2025-02-20 14:44:44] [Information] Already connected to preferred network: HellsGate-5.0G
[2025-02-20 14:44:44] [Information] Waiting 29 minutes before next check...
[2025-02-20 15:13:44] [Information] Currently connected to: HellsGate-5.0G
[2025-02-20 15:13:44] [Information] Already connected to preferred network: HellsGate-5.0G
[2025-02-20 15:13:44] [Information] Waiting 20 minutes before next check...
[2025-02-20 15:33:44] [Information] Currently connected to: HellsGate-5.0G
[2025-02-20 15:33:44] [Information] Already connected to preferred network: HellsGate-5.0G
[2025-02-20 15:33:44] [Information] Waiting 18 minutes before next check...
[2025-02-20 15:51:44] [Information] Currently connected to: HellsGate-5.0G
[2025-02-20 15:51:44] [Information] Already connected to preferred network: HellsGate-5.0G
[2025-02-20 15:51:44] [Information] Waiting 10 minutes before next check...
[2025-02-20 16:01:44] [Information] Currently connected to: HellsGate-5.0G
[2025-02-20 16:01:44] [Information] Already connected to preferred network: HellsGate-5.0G
[2025-02-20 16:01:44] [Information] Waiting 17 minutes before next check...
[2025-02-20 16:18:44] [Information] Currently connected to: HellsGate-5.0G
[2025-02-20 16:18:44] [Information] Already connected to preferred network: HellsGate-5.0G
[2025-02-20 16:18:44] [Information] Waiting 23 minutes before next check...
[2025-02-20 16:41:44] [Information] Currently connected to: HellsGate-5.0G
[2025-02-20 16:41:44] [Information] Already connected to preferred network: HellsGate-5.0G
[2025-02-20 16:41:44] [Information] Waiting 12 minutes before next check...
[2025-02-20 16:53:45] [Information] Currently connected to: HellsGate-5.0G
[2025-02-20 16:53:45] [Information] Already connected to preferred network: HellsGate-5.0G
[2025-02-20 16:53:45] [Information] Waiting 18 minutes before next check...
[2025-02-20 17:11:45] [Information] Currently connected to: HellsGate-5.0G
[2025-02-20 17:11:45] [Information] Already connected to preferred network: HellsGate-5.0G
[2025-02-20 17:11:45] [Information] Waiting 15 minutes before next check...
[2025-02-20 17:26:45] [Information] Currently connected to: HellsGate-5.0G
[2025-02-20 17:26:45] [Information] Already connected to preferred network: HellsGate-5.0G
[2025-02-20 17:26:45] [Information] Waiting 23 minutes before next check...
[2025-02-20 17:49:45] [Information] Currently connected to: HellsGate-5.0G
[2025-02-20 17:49:45] [Information] Already connected to preferred network: HellsGate-5.0G
[2025-02-20 17:49:45] [Information] Waiting 20 minutes before next check...
[2025-02-20 18:09:45] [Information] Currently connected to: HellsGate-5.0G
[2025-02-20 18:09:45] [Information] Already connected to preferred network: HellsGate-5.0G
[2025-02-20 18:09:45] [Information] Waiting 10 minutes before next check...
[2025-02-20 18:19:45] [Information] Currently connected to: HellsGate-5.0G
[2025-02-20 18:19:45] [Information] Already connected to preferred network: HellsGate-5.0G
[2025-02-20 18:19:45] [Information] Waiting 22 minutes before next check...
[2025-02-20 18:41:45] [Information] Currently connected to: HellsGate-5.0G
[2025-02-20 18:41:45] [Information] Already connected to preferred network: HellsGate-5.0G
[2025-02-20 18:41:45] [Information] Waiting 15 minutes before next check...
[2025-02-20 18:56:45] [Information] Currently connected to: HellsGate-5.0G
[2025-02-20 18:56:45] [Information] Already connected to preferred network: HellsGate-5.0G
[2025-02-20 18:56:45] [Information] Waiting 20 minutes before next check...
[2025-02-20 19:16:45] [Information] Currently connected to: HellsGate-5.0G
[2025-02-20 19:16:45] [Information] Already connected to preferred network: HellsGate-5.0G
[2025-02-20 19:16:45] [Information] Waiting 21 minutes before next check...
[2025-02-20 19:37:45] [Information] Currently connected to: HellsGate-5.0G
[2025-02-20 19:37:45] [Information] Already connected to preferred network: HellsGate-5.0G
[2025-02-20 19:37:45] [Information] Waiting 23 minutes before next check...
[2025-02-20 20:00:45] [Information] Currently connected to: HellsGate-5.0G
[2025-02-20 20:00:45] [Information] Already connected to preferred network: HellsGate-5.0G
[2025-02-20 20:00:45] [Information] Waiting 19 minutes before next check...
[2025-02-20 20:19:45] [Information] Currently connected to: HellsGate-5.0G
[2025-02-20 20:19:45] [Information] Already connected to preferred network: HellsGate-5.0G
[2025-02-20 20:19:45] [Information] Waiting 18 minutes before next check...
[2025-02-20 20:37:45] [Information] Currently connected to: HellsGate-5.0G
[2025-02-20 20:37:45] [Information] Already connected to preferred network: HellsGate-5.0G
[2025-02-20 20:37:45] [Information] Waiting 10 minutes before next check...
[2025-02-20 20:47:45] [Information] Currently connected to: HellsGate-5.0G
[2025-02-20 20:47:45] [Information] Already connected to preferred network: HellsGate-5.0G
[2025-02-20 20:47:45] [Information] Waiting 12 minutes before next check...
[2025-02-20 20:59:46] [Information] Currently connected to: HellsGate-5.0G
[2025-02-20 20:59:46] [Information] Already connected to preferred network: HellsGate-5.0G
[2025-02-20 20:59:46] [Information] Waiting 11 minutes before next check...
[2025-02-20 21:10:46] [Information] Currently connected to: HellsGate-5.0G
[2025-02-20 21:10:46] [Information] Already connected to preferred network: HellsGate-5.0G
[2025-02-20 21:10:46] [Information] Waiting 29 minutes before next check...
[2025-02-20 21:39:46] [Information] Currently connected to: Merlin Wharf
[2025-02-20 21:39:46] [Information] Already connected to preferred network: Merlin Wharf
[2025-02-20 21:39:46] [Information] Waiting 24 minutes before next check...
[2025-02-20 22:03:46] [Information] Currently connected to: Merlin Wharf
[2025-02-20 22:03:46] [Information] Already connected to preferred network: Merlin Wharf
[2025-02-20 22:03:46] [Information] Waiting 12 minutes before next check...
[2025-02-20 22:15:46] [Information] Currently connected to: Merlin Wharf
[2025-02-20 22:15:46] [Information] Already connected to preferred network: Merlin Wharf
[2025-02-20 22:15:46] [Information] Waiting 17 minutes before next check...
[2025-02-20 22:32:46] [Information] Currently connected to: Merlin Wharf
[2025-02-20 22:32:46] [Information] Already connected to preferred network: Merlin Wharf
[2025-02-20 22:32:46] [Information] Waiting 10 minutes before next check...
[2025-02-20 22:42:46] [Information] Currently connected to: Merlin Wharf
[2025-02-20 22:42:46] [Information] Already connected to preferred network: Merlin Wharf
[2025-02-20 22:42:46] [Information] Waiting 26 minutes before next check...
[2025-02-20 23:08:46] [Information] Currently connected to: Merlin Wharf
[2025-02-20 23:08:46] [Information] Already connected to preferred network: Merlin Wharf
[2025-02-20 23:08:46] [Information] Waiting 21 minutes before next check...
[2025-02-20 23:29:46] [Information] Currently connected to: Merlin Wharf
[2025-02-20 23:29:46] [Information] Already connected to preferred network: Merlin Wharf
[2025-02-20 23:29:46] [Information] Waiting 25 minutes before next check...
[2025-02-20 23:54:46] [Information] Currently connected to: Merlin Wharf
[2025-02-20 23:54:46] [Information] Already connected to preferred network: Merlin Wharf
[2025-02-20 23:54:46] [Information] Waiting 27 minutes before next check...
