[2025-06-07 00:06:44] [Information] Currently connected to: Merlin Wharf
[2025-06-07 00:06:44] [Information] Already connected to preferred network: Merlin Wharf
[2025-06-07 00:06:44] [Information] Waiting 20 minutes before next check...
[2025-06-07 00:26:44] [Information] Currently connected to: Merlin Wharf
[2025-06-07 00:26:44] [Information] Already connected to preferred network: Merlin Wharf
[2025-06-07 00:26:44] [Information] Waiting 12 minutes before next check...
[2025-06-07 00:38:44] [Information] Currently connected to: Merlin Wharf
[2025-06-07 00:38:44] [Information] Already connected to preferred network: Merlin Wharf
[2025-06-07 00:38:44] [Information] Waiting 24 minutes before next check...
[2025-06-07 01:02:44] [Information] Currently connected to: Merlin Wharf
[2025-06-07 01:02:44] [Information] Already connected to preferred network: Merlin Wharf
[2025-06-07 01:02:44] [Information] Waiting 26 minutes before next check...
[2025-06-07 01:28:44] [Information] Currently connected to: Merlin Wharf
[2025-06-07 01:28:44] [Information] Already connected to preferred network: Merlin Wharf
[2025-06-07 01:28:44] [Information] Waiting 29 minutes before next check...
[2025-06-07 01:57:44] [Information] Currently connected to: Merlin Wharf
[2025-06-07 01:57:44] [Information] Already connected to preferred network: Merlin Wharf
[2025-06-07 01:57:44] [Information] Waiting 10 minutes before next check...
[2025-06-07 02:07:44] [Information] Currently connected to: Merlin Wharf
[2025-06-07 02:07:44] [Information] Already connected to preferred network: Merlin Wharf
[2025-06-07 02:07:44] [Information] Waiting 12 minutes before next check...
[2025-06-07 02:19:44] [Information] Currently connected to: Merlin Wharf
[2025-06-07 02:19:44] [Information] Already connected to preferred network: Merlin Wharf
[2025-06-07 02:19:44] [Information] Waiting 18 minutes before next check...
[2025-06-07 02:37:44] [Information] Currently connected to: Merlin Wharf
[2025-06-07 02:37:44] [Information] Already connected to preferred network: Merlin Wharf
[2025-06-07 02:37:44] [Information] Waiting 23 minutes before next check...
[2025-06-07 03:00:44] [Information] Currently connected to: Merlin Wharf
[2025-06-07 03:00:44] [Information] Already connected to preferred network: Merlin Wharf
[2025-06-07 03:00:44] [Information] Waiting 22 minutes before next check...
[2025-06-07 03:22:45] [Information] Currently connected to: Merlin Wharf
[2025-06-07 03:22:45] [Information] Already connected to preferred network: Merlin Wharf
[2025-06-07 03:22:45] [Information] Waiting 17 minutes before next check...
[2025-06-07 03:39:45] [Information] Currently connected to: Merlin Wharf
[2025-06-07 03:39:45] [Information] Already connected to preferred network: Merlin Wharf
[2025-06-07 03:39:45] [Information] Waiting 17 minutes before next check...
[2025-06-07 03:56:45] [Information] Currently connected to: Merlin Wharf
[2025-06-07 03:56:45] [Information] Already connected to preferred network: Merlin Wharf
[2025-06-07 03:56:45] [Information] Waiting 28 minutes before next check...
[2025-06-07 04:24:45] [Information] Currently connected to: Merlin Wharf
[2025-06-07 04:24:45] [Information] Already connected to preferred network: Merlin Wharf
[2025-06-07 04:24:45] [Information] Waiting 11 minutes before next check...
[2025-06-07 04:35:45] [Information] Currently connected to: Merlin Wharf
[2025-06-07 04:35:45] [Information] Already connected to preferred network: Merlin Wharf
[2025-06-07 04:35:45] [Information] Waiting 25 minutes before next check...
[2025-06-07 05:00:45] [Information] Currently connected to: Merlin Wharf
[2025-06-07 05:00:45] [Information] Already connected to preferred network: Merlin Wharf
[2025-06-07 05:00:45] [Information] Waiting 12 minutes before next check...
[2025-06-07 05:12:45] [Information] Currently connected to: Merlin Wharf
[2025-06-07 05:12:45] [Information] Already connected to preferred network: Merlin Wharf
[2025-06-07 05:12:45] [Information] Waiting 20 minutes before next check...
[2025-06-07 05:32:45] [Information] Currently connected to: Merlin Wharf
[2025-06-07 05:32:45] [Information] Already connected to preferred network: Merlin Wharf
[2025-06-07 05:32:45] [Information] Waiting 22 minutes before next check...
[2025-06-07 05:54:52] [Information] Currently connected to: Merlin Wharf
[2025-06-07 05:54:52] [Information] Already connected to preferred network: Merlin Wharf
[2025-06-07 05:54:52] [Information] Waiting 15 minutes before next check...
[2025-06-07 06:09:52] [Information] Currently connected to: Merlin Wharf
[2025-06-07 06:09:52] [Information] Already connected to preferred network: Merlin Wharf
[2025-06-07 06:09:52] [Information] Waiting 23 minutes before next check...
[2025-06-07 06:32:52] [Information] Currently connected to: Merlin Wharf
[2025-06-07 06:32:52] [Information] Already connected to preferred network: Merlin Wharf
[2025-06-07 06:32:52] [Information] Waiting 20 minutes before next check...
[2025-06-07 06:52:52] [Information] Currently connected to: Merlin Wharf
[2025-06-07 06:52:52] [Information] Already connected to preferred network: Merlin Wharf
[2025-06-07 06:52:52] [Information] Waiting 24 minutes before next check...
[2025-06-07 07:16:52] [Information] Currently connected to: Merlin Wharf
[2025-06-07 07:16:52] [Information] Already connected to preferred network: Merlin Wharf
[2025-06-07 07:16:52] [Information] Waiting 27 minutes before next check...
[2025-06-07 07:43:53] [Information] Currently connected to: Merlin Wharf
[2025-06-07 07:43:53] [Information] Already connected to preferred network: Merlin Wharf
[2025-06-07 07:43:53] [Information] Waiting 27 minutes before next check...
[2025-06-07 08:10:53] [Information] Currently connected to: Merlin Wharf
[2025-06-07 08:10:53] [Information] Already connected to preferred network: Merlin Wharf
[2025-06-07 08:10:53] [Information] Waiting 21 minutes before next check...
[2025-06-07 08:31:53] [Information] Currently connected to: Merlin Wharf
[2025-06-07 08:31:53] [Information] Already connected to preferred network: Merlin Wharf
[2025-06-07 08:31:53] [Information] Waiting 28 minutes before next check...
[2025-06-07 08:59:53] [Information] Currently connected to: Merlin Wharf
[2025-06-07 08:59:53] [Information] Already connected to preferred network: Merlin Wharf
[2025-06-07 08:59:53] [Information] Waiting 24 minutes before next check...
[2025-06-07 09:23:53] [Information] Currently connected to: Merlin Wharf
[2025-06-07 09:23:53] [Information] Already connected to preferred network: Merlin Wharf
[2025-06-07 09:23:53] [Information] Waiting 18 minutes before next check...
[2025-06-07 09:41:53] [Information] Currently connected to: Merlin Wharf
[2025-06-07 09:41:53] [Information] Already connected to preferred network: Merlin Wharf
[2025-06-07 09:41:53] [Information] Waiting 11 minutes before next check...
[2025-06-07 09:52:53] [Information] Currently connected to: Merlin Wharf
[2025-06-07 09:52:53] [Information] Already connected to preferred network: Merlin Wharf
[2025-06-07 09:52:53] [Information] Waiting 16 minutes before next check...
[2025-06-07 10:08:53] [Information] Currently connected to: Merlin Wharf
[2025-06-07 10:08:53] [Information] Already connected to preferred network: Merlin Wharf
[2025-06-07 10:08:53] [Information] Waiting 12 minutes before next check...
[2025-06-07 10:20:53] [Information] Currently connected to: Merlin Wharf
[2025-06-07 10:20:53] [Information] Already connected to preferred network: Merlin Wharf
[2025-06-07 10:20:53] [Information] Waiting 19 minutes before next check...
[2025-06-07 10:39:53] [Information] Currently connected to: Merlin Wharf
[2025-06-07 10:39:53] [Information] Already connected to preferred network: Merlin Wharf
[2025-06-07 10:39:53] [Information] Waiting 17 minutes before next check...
[2025-06-07 10:56:53] [Information] Currently connected to: Merlin Wharf
[2025-06-07 10:56:53] [Information] Already connected to preferred network: Merlin Wharf
[2025-06-07 10:56:53] [Information] Waiting 15 minutes before next check...
[2025-06-07 11:11:54] [Information] Currently connected to: Merlin Wharf
[2025-06-07 11:11:54] [Information] Already connected to preferred network: Merlin Wharf
[2025-06-07 11:11:54] [Information] Waiting 28 minutes before next check...
[2025-06-07 11:39:54] [Information] Currently connected to: Merlin Wharf
[2025-06-07 11:39:54] [Information] Already connected to preferred network: Merlin Wharf
[2025-06-07 11:39:54] [Information] Waiting 24 minutes before next check...
[2025-06-07 12:03:54] [Information] Currently connected to: Merlin Wharf
[2025-06-07 12:03:54] [Information] Already connected to preferred network: Merlin Wharf
[2025-06-07 12:03:54] [Information] Waiting 23 minutes before next check...
[2025-06-07 12:26:54] [Information] Currently connected to: Merlin Wharf
[2025-06-07 12:26:54] [Information] Already connected to preferred network: Merlin Wharf
[2025-06-07 12:26:54] [Information] Waiting 11 minutes before next check...
[2025-06-07 12:37:54] [Information] Currently connected to: Merlin Wharf
[2025-06-07 12:37:54] [Information] Already connected to preferred network: Merlin Wharf
[2025-06-07 12:37:54] [Information] Waiting 15 minutes before next check...
[2025-06-07 12:52:54] [Information] Currently connected to: Merlin Wharf
[2025-06-07 12:52:54] [Information] Already connected to preferred network: Merlin Wharf
[2025-06-07 12:52:54] [Information] Waiting 10 minutes before next check...
[2025-06-07 13:02:54] [Information] Currently connected to: Merlin Wharf
[2025-06-07 13:02:54] [Information] Already connected to preferred network: Merlin Wharf
[2025-06-07 13:02:54] [Information] Waiting 14 minutes before next check...
[2025-06-07 13:16:54] [Information] Currently connected to: Merlin Wharf
[2025-06-07 13:16:54] [Information] Already connected to preferred network: Merlin Wharf
[2025-06-07 13:16:54] [Information] Waiting 22 minutes before next check...
[2025-06-07 13:38:54] [Information] Currently connected to: Merlin Wharf
[2025-06-07 13:38:54] [Information] Already connected to preferred network: Merlin Wharf
[2025-06-07 13:38:54] [Information] Waiting 13 minutes before next check...
[2025-06-07 13:51:54] [Information] Currently connected to: Merlin Wharf
[2025-06-07 13:51:54] [Information] Already connected to preferred network: Merlin Wharf
[2025-06-07 13:51:54] [Information] Waiting 17 minutes before next check...
[2025-06-07 14:08:54] [Information] Currently connected to: Merlin Wharf
[2025-06-07 14:08:54] [Information] Already connected to preferred network: Merlin Wharf
[2025-06-07 14:08:54] [Information] Waiting 22 minutes before next check...
[2025-06-07 14:30:55] [Information] Currently connected to: Merlin Wharf
[2025-06-07 14:30:55] [Information] Already connected to preferred network: Merlin Wharf
[2025-06-07 14:30:55] [Information] Waiting 29 minutes before next check...
[2025-06-07 14:59:55] [Information] Currently connected to: Merlin Wharf
[2025-06-07 14:59:55] [Information] Already connected to preferred network: Merlin Wharf
[2025-06-07 14:59:55] [Information] Waiting 19 minutes before next check...
[2025-06-07 15:18:55] [Information] Currently connected to: Merlin Wharf
[2025-06-07 15:18:55] [Information] Already connected to preferred network: Merlin Wharf
[2025-06-07 15:18:55] [Information] Waiting 23 minutes before next check...
[2025-06-07 15:41:55] [Information] Currently connected to: Merlin Wharf
[2025-06-07 15:41:55] [Information] Already connected to preferred network: Merlin Wharf
[2025-06-07 15:41:55] [Information] Waiting 13 minutes before next check...
[2025-06-07 15:54:55] [Information] Currently connected to: Merlin Wharf
[2025-06-07 15:54:55] [Information] Already connected to preferred network: Merlin Wharf
[2025-06-07 15:54:55] [Information] Waiting 21 minutes before next check...
[2025-06-07 16:15:55] [Information] Currently connected to: Merlin Wharf
[2025-06-07 16:15:55] [Information] Already connected to preferred network: Merlin Wharf
[2025-06-07 16:15:55] [Information] Waiting 17 minutes before next check...
[2025-06-07 16:32:55] [Information] Currently connected to: Merlin Wharf
[2025-06-07 16:32:55] [Information] Already connected to preferred network: Merlin Wharf
[2025-06-07 16:32:55] [Information] Waiting 10 minutes before next check...
[2025-06-07 16:42:55] [Information] Currently connected to: Merlin Wharf
[2025-06-07 16:42:55] [Information] Already connected to preferred network: Merlin Wharf
[2025-06-07 16:42:55] [Information] Waiting 13 minutes before next check...
[2025-06-07 16:55:55] [Information] Currently connected to: Merlin Wharf
[2025-06-07 16:55:55] [Information] Already connected to preferred network: Merlin Wharf
[2025-06-07 16:55:55] [Information] Waiting 29 minutes before next check...
[2025-06-07 17:24:55] [Information] Currently connected to: Merlin Wharf
[2025-06-07 17:24:55] [Information] Already connected to preferred network: Merlin Wharf
[2025-06-07 17:24:55] [Information] Waiting 17 minutes before next check...
[2025-06-07 17:41:55] [Information] Currently connected to: Merlin Wharf
[2025-06-07 17:41:55] [Information] Already connected to preferred network: Merlin Wharf
[2025-06-07 17:41:55] [Information] Waiting 27 minutes before next check...
[2025-06-07 18:08:56] [Information] Currently connected to: Merlin Wharf
[2025-06-07 18:08:56] [Information] Already connected to preferred network: Merlin Wharf
[2025-06-07 18:08:56] [Information] Waiting 19 minutes before next check...
[2025-06-07 18:27:56] [Information] Currently connected to: Merlin Wharf
[2025-06-07 18:27:56] [Information] Already connected to preferred network: Merlin Wharf
[2025-06-07 18:27:56] [Information] Waiting 25 minutes before next check...
[2025-06-07 18:52:56] [Information] Currently connected to: Merlin Wharf
[2025-06-07 18:52:56] [Information] Already connected to preferred network: Merlin Wharf
[2025-06-07 18:52:56] [Information] Waiting 20 minutes before next check...
[2025-06-07 19:12:56] [Information] Currently connected to: Merlin Wharf
[2025-06-07 19:12:56] [Information] Already connected to preferred network: Merlin Wharf
[2025-06-07 19:12:56] [Information] Waiting 19 minutes before next check...
[2025-06-07 19:31:56] [Information] Currently connected to: Nyati_CPEPro2_5G
[2025-06-07 19:31:56] [Information] Already connected to preferred network: Nyati_CPEPro2_5G
[2025-06-07 19:31:56] [Information] Waiting 27 minutes before next check...
[2025-06-07 19:58:56] [Information] Currently connected to: Nyati_CPEPro2_5G
[2025-06-07 19:58:56] [Information] Already connected to preferred network: Nyati_CPEPro2_5G
[2025-06-07 19:58:56] [Information] Waiting 24 minutes before next check...
[2025-06-07 20:22:56] [Information] Currently connected to: Nyati_CPEPro2_5G
[2025-06-07 20:22:56] [Information] Already connected to preferred network: Nyati_CPEPro2_5G
[2025-06-07 20:22:56] [Information] Waiting 23 minutes before next check...
[2025-06-07 20:45:56] [Information] Currently connected to: Nyati_CPEPro2_5G
[2025-06-07 20:45:56] [Information] Already connected to preferred network: Nyati_CPEPro2_5G
[2025-06-07 20:45:56] [Information] Waiting 18 minutes before next check...
[2025-06-07 21:03:56] [Information] Currently connected to: Nyati_CPEPro2_5G
[2025-06-07 21:03:56] [Information] Already connected to preferred network: Nyati_CPEPro2_5G
[2025-06-07 21:03:56] [Information] Waiting 20 minutes before next check...
[2025-06-07 21:23:56] [Information] Currently connected to: Nyati_CPEPro2_5G
[2025-06-07 21:23:56] [Information] Already connected to preferred network: Nyati_CPEPro2_5G
[2025-06-07 21:23:56] [Information] Waiting 27 minutes before next check...
[2025-06-07 21:50:56] [Information] Currently connected to: Nyati_CPEPro2_5G
[2025-06-07 21:50:56] [Information] Already connected to preferred network: Nyati_CPEPro2_5G
[2025-06-07 21:50:56] [Information] Waiting 21 minutes before next check...
[2025-06-07 22:11:56] [Information] Currently connected to: Nyati_CPEPro2_5G
[2025-06-07 22:11:56] [Information] Already connected to preferred network: Nyati_CPEPro2_5G
[2025-06-07 22:11:56] [Information] Waiting 27 minutes before next check...
[2025-06-07 22:38:57] [Information] Currently connected to: Nyati_CPEPro2_5G
[2025-06-07 22:38:57] [Information] Already connected to preferred network: Nyati_CPEPro2_5G
[2025-06-07 22:38:57] [Information] Waiting 12 minutes before next check...
[2025-06-07 22:50:57] [Information] Currently connected to: Nyati_CPEPro2_5G
[2025-06-07 22:50:57] [Information] Already connected to preferred network: Nyati_CPEPro2_5G
[2025-06-07 22:50:57] [Information] Waiting 22 minutes before next check...
[2025-06-07 23:12:57] [Information] Currently connected to: Nyati_CPEPro2_5G
[2025-06-07 23:12:57] [Information] Already connected to preferred network: Nyati_CPEPro2_5G
[2025-06-07 23:12:57] [Information] Waiting 19 minutes before next check...
[2025-06-07 23:31:57] [Information] Currently connected to: Nyati_CPEPro2_5G
[2025-06-07 23:31:57] [Information] Already connected to preferred network: Nyati_CPEPro2_5G
[2025-06-07 23:31:57] [Information] Waiting 26 minutes before next check...
[2025-06-07 23:57:57] [Information] Currently connected to: Nyati_CPEPro2_5G
[2025-06-07 23:57:57] [Information] Already connected to preferred network: Nyati_CPEPro2_5G
[2025-06-07 23:57:57] [Information] Waiting 29 minutes before next check...
