[2025-04-12 01:46:35] [Information] Successfully registered scheduled task
[2025-04-12 01:46:35] [Information] WiFi connection manager started
[2025-04-12 01:46:36] [Warning] No current WiFi connection
[2025-04-12 01:46:36] [Information] Scanning for preferred networks...
[2025-04-12 01:46:36] [Information] Found 9 networks
[2025-04-12 01:46:36] [Information] Attempting to connect to HellsGate-5.0G
[2025-04-12 01:46:41] [Information] Currently connected to: HellsGate-5.0G
[2025-04-12 01:46:41] [Information] Successfully connected to HellsGate-5.0G
[2025-04-12 01:46:41] [Information] Waiting 21 minutes before next check...
[2025-04-12 02:07:41] [Information] Currently connected to: HellsGate-5.0G
[2025-04-12 02:07:41] [Information] Already connected to preferred network: HellsGate-5.0G
[2025-04-12 02:07:41] [Information] Waiting 21 minutes before next check...
[2025-04-12 02:28:41] [Information] Currently connected to: HellsGate-5.0G
[2025-04-12 02:28:41] [Information] Already connected to preferred network: HellsGate-5.0G
[2025-04-12 02:28:41] [Information] Waiting 17 minutes before next check...
[2025-04-12 02:45:41] [Information] Currently connected to: HellsGate-5.0G
[2025-04-12 02:45:41] [Information] Already connected to preferred network: HellsGate-5.0G
[2025-04-12 02:45:41] [Information] Waiting 27 minutes before next check...
[2025-04-12 03:12:41] [Information] Currently connected to: HellsGate-5.0G
[2025-04-12 03:12:41] [Information] Already connected to preferred network: HellsGate-5.0G
[2025-04-12 03:12:41] [Information] Waiting 16 minutes before next check...
[2025-04-12 03:28:41] [Information] Currently connected to: HellsGate-5.0G
[2025-04-12 03:28:41] [Information] Already connected to preferred network: HellsGate-5.0G
[2025-04-12 03:28:41] [Information] Waiting 25 minutes before next check...
[2025-04-12 03:53:41] [Information] Currently connected to: HellsGate-5.0G
[2025-04-12 03:53:41] [Information] Already connected to preferred network: HellsGate-5.0G
[2025-04-12 03:53:41] [Information] Waiting 24 minutes before next check...
[2025-04-12 04:17:42] [Information] Currently connected to: HellsGate-5.0G
[2025-04-12 04:17:42] [Information] Already connected to preferred network: HellsGate-5.0G
[2025-04-12 04:17:42] [Information] Waiting 20 minutes before next check...
[2025-04-12 04:37:42] [Information] Currently connected to: HellsGate-5.0G
[2025-04-12 04:37:42] [Information] Already connected to preferred network: HellsGate-5.0G
[2025-04-12 04:37:42] [Information] Waiting 22 minutes before next check...
[2025-04-12 04:59:42] [Information] Currently connected to: HellsGate-5.0G
[2025-04-12 04:59:42] [Information] Already connected to preferred network: HellsGate-5.0G
[2025-04-12 04:59:42] [Information] Waiting 22 minutes before next check...
[2025-04-12 05:21:42] [Information] Currently connected to: HellsGate-5.0G
[2025-04-12 05:21:42] [Information] Already connected to preferred network: HellsGate-5.0G
[2025-04-12 05:21:42] [Information] Waiting 29 minutes before next check...
[2025-04-12 05:50:42] [Information] Currently connected to: HellsGate-5.0G
[2025-04-12 05:50:42] [Information] Already connected to preferred network: HellsGate-5.0G
[2025-04-12 05:50:42] [Information] Waiting 13 minutes before next check...
[2025-04-12 06:03:42] [Information] Currently connected to: HellsGate-5.0G
[2025-04-12 06:03:42] [Information] Already connected to preferred network: HellsGate-5.0G
[2025-04-12 06:03:42] [Information] Waiting 25 minutes before next check...
[2025-04-12 06:28:42] [Information] Currently connected to: HellsGate-5.0G
[2025-04-12 06:28:42] [Information] Already connected to preferred network: HellsGate-5.0G
[2025-04-12 06:28:42] [Information] Waiting 11 minutes before next check...
[2025-04-12 06:39:42] [Information] Currently connected to: HellsGate-5.0G
[2025-04-12 06:39:42] [Information] Already connected to preferred network: HellsGate-5.0G
[2025-04-12 06:39:42] [Information] Waiting 29 minutes before next check...
[2025-04-12 07:08:42] [Information] Currently connected to: HellsGate-5.0G
[2025-04-12 07:08:42] [Information] Already connected to preferred network: HellsGate-5.0G
[2025-04-12 07:08:42] [Information] Waiting 11 minutes before next check...
[2025-04-12 07:19:42] [Information] Currently connected to: HellsGate-5.0G
[2025-04-12 07:19:42] [Information] Already connected to preferred network: HellsGate-5.0G
[2025-04-12 07:19:42] [Information] Waiting 22 minutes before next check...
[2025-04-12 07:41:42] [Information] Currently connected to: HellsGate-5.0G
[2025-04-12 07:41:42] [Information] Already connected to preferred network: HellsGate-5.0G
[2025-04-12 07:41:42] [Information] Waiting 19 minutes before next check...
[2025-04-12 08:00:42] [Information] Currently connected to: HellsGate-5.0G
[2025-04-12 08:00:42] [Information] Already connected to preferred network: HellsGate-5.0G
[2025-04-12 08:00:42] [Information] Waiting 17 minutes before next check...
[2025-04-12 08:17:43] [Information] Currently connected to: HellsGate-5.0G
[2025-04-12 08:17:43] [Information] Already connected to preferred network: HellsGate-5.0G
[2025-04-12 08:17:43] [Information] Waiting 10 minutes before next check...
[2025-04-12 08:27:43] [Information] Currently connected to: HellsGate-5.0G
[2025-04-12 08:27:43] [Information] Already connected to preferred network: HellsGate-5.0G
[2025-04-12 08:27:43] [Information] Waiting 12 minutes before next check...
[2025-04-12 08:39:43] [Information] Currently connected to: HellsGate-5.0G
[2025-04-12 08:39:43] [Information] Already connected to preferred network: HellsGate-5.0G
[2025-04-12 08:39:43] [Information] Waiting 14 minutes before next check...
[2025-04-12 08:53:43] [Information] Currently connected to: HellsGate-5.0G
[2025-04-12 08:53:43] [Information] Already connected to preferred network: HellsGate-5.0G
[2025-04-12 08:53:43] [Information] Waiting 22 minutes before next check...
[2025-04-12 09:15:43] [Information] Currently connected to: HellsGate-5.0G
[2025-04-12 09:15:43] [Information] Already connected to preferred network: HellsGate-5.0G
[2025-04-12 09:15:43] [Information] Waiting 26 minutes before next check...
[2025-04-12 09:41:43] [Information] Currently connected to: HellsGate-5.0G
[2025-04-12 09:41:43] [Information] Already connected to preferred network: HellsGate-5.0G
[2025-04-12 09:41:43] [Information] Waiting 24 minutes before next check...
[2025-04-12 10:05:43] [Information] Currently connected to: HellsGate-5.0G
[2025-04-12 10:05:43] [Information] Already connected to preferred network: HellsGate-5.0G
[2025-04-12 10:05:43] [Information] Waiting 19 minutes before next check...
[2025-04-12 10:24:43] [Information] Currently connected to: HellsGate-5.0G
[2025-04-12 10:24:43] [Information] Already connected to preferred network: HellsGate-5.0G
[2025-04-12 10:24:43] [Information] Waiting 13 minutes before next check...
[2025-04-12 10:37:43] [Information] Currently connected to: HellsGate-5.0G
[2025-04-12 10:37:43] [Information] Already connected to preferred network: HellsGate-5.0G
[2025-04-12 10:37:43] [Information] Waiting 10 minutes before next check...
[2025-04-12 10:47:43] [Information] Currently connected to: HellsGate-5.0G
[2025-04-12 10:47:43] [Information] Already connected to preferred network: HellsGate-5.0G
[2025-04-12 10:47:43] [Information] Waiting 27 minutes before next check...
[2025-04-12 11:14:43] [Information] Currently connected to: HellsGate-5.0G
[2025-04-12 11:14:43] [Information] Already connected to preferred network: HellsGate-5.0G
[2025-04-12 11:14:43] [Information] Waiting 26 minutes before next check...
[2025-04-12 11:40:43] [Information] Currently connected to: HellsGate-5.0G
[2025-04-12 11:40:43] [Information] Already connected to preferred network: HellsGate-5.0G
[2025-04-12 11:40:43] [Information] Waiting 29 minutes before next check...
[2025-04-12 12:09:44] [Information] Currently connected to: HellsGate-5.0G
[2025-04-12 12:09:44] [Information] Already connected to preferred network: HellsGate-5.0G
[2025-04-12 12:09:44] [Information] Waiting 17 minutes before next check...
[2025-04-12 12:26:44] [Information] Currently connected to: HellsGate-5.0G
[2025-04-12 12:26:44] [Information] Already connected to preferred network: HellsGate-5.0G
[2025-04-12 12:26:44] [Information] Waiting 18 minutes before next check...
[2025-04-12 12:44:44] [Information] Currently connected to: HellsGate-5.0G
[2025-04-12 12:44:44] [Information] Already connected to preferred network: HellsGate-5.0G
[2025-04-12 12:44:44] [Information] Waiting 10 minutes before next check...
[2025-04-12 12:54:44] [Information] Currently connected to: HellsGate-5.0G
[2025-04-12 12:54:44] [Information] Already connected to preferred network: HellsGate-5.0G
[2025-04-12 12:54:44] [Information] Waiting 25 minutes before next check...
[2025-04-12 13:19:44] [Information] Currently connected to: HellsGate-5.0G
[2025-04-12 13:19:44] [Information] Already connected to preferred network: HellsGate-5.0G
[2025-04-12 13:19:44] [Information] Waiting 19 minutes before next check...
[2025-04-12 13:38:44] [Information] Currently connected to: HellsGate-5.0G
[2025-04-12 13:38:44] [Information] Already connected to preferred network: HellsGate-5.0G
[2025-04-12 13:38:44] [Information] Waiting 19 minutes before next check...
[2025-04-12 13:57:44] [Information] Currently connected to: HellsGate-5.0G
[2025-04-12 13:57:44] [Information] Already connected to preferred network: HellsGate-5.0G
[2025-04-12 13:57:44] [Information] Waiting 22 minutes before next check...
[2025-04-12 14:19:44] [Information] Currently connected to: HellsGate-5.0G
[2025-04-12 14:19:44] [Information] Already connected to preferred network: HellsGate-5.0G
[2025-04-12 14:19:44] [Information] Waiting 15 minutes before next check...
[2025-04-12 14:34:44] [Information] Currently connected to: HellsGate-5.0G
[2025-04-12 14:34:44] [Information] Already connected to preferred network: HellsGate-5.0G
[2025-04-12 14:34:44] [Information] Waiting 12 minutes before next check...
[2025-04-12 14:46:44] [Information] Currently connected to: HellsGate-5.0G
[2025-04-12 14:46:44] [Information] Already connected to preferred network: HellsGate-5.0G
[2025-04-12 14:46:44] [Information] Waiting 26 minutes before next check...
[2025-04-12 15:12:44] [Information] Currently connected to: HellsGate-5.0G
[2025-04-12 15:12:44] [Information] Already connected to preferred network: HellsGate-5.0G
[2025-04-12 15:12:44] [Information] Waiting 17 minutes before next check...
[2025-04-12 15:29:44] [Information] Currently connected to: HellsGate-5.0G
[2025-04-12 15:29:44] [Information] Already connected to preferred network: HellsGate-5.0G
[2025-04-12 15:29:44] [Information] Waiting 20 minutes before next check...
[2025-04-12 15:49:44] [Information] Currently connected to: HellsGate-5.0G
[2025-04-12 15:49:44] [Information] Already connected to preferred network: HellsGate-5.0G
[2025-04-12 15:49:44] [Information] Waiting 12 minutes before next check...
[2025-04-12 16:01:45] [Information] Currently connected to: HellsGate-5.0G
[2025-04-12 16:01:45] [Information] Already connected to preferred network: HellsGate-5.0G
[2025-04-12 16:01:45] [Information] Waiting 23 minutes before next check...
[2025-04-12 16:24:45] [Information] Currently connected to: HellsGate-5.0G
[2025-04-12 16:24:45] [Information] Already connected to preferred network: HellsGate-5.0G
[2025-04-12 16:24:45] [Information] Waiting 20 minutes before next check...
[2025-04-12 16:44:45] [Information] Currently connected to: HellsGate-5.0G
[2025-04-12 16:44:45] [Information] Already connected to preferred network: HellsGate-5.0G
[2025-04-12 16:44:45] [Information] Waiting 15 minutes before next check...
[2025-04-12 16:59:45] [Information] Currently connected to: HellsGate-5.0G
[2025-04-12 16:59:45] [Information] Already connected to preferred network: HellsGate-5.0G
[2025-04-12 16:59:45] [Information] Waiting 11 minutes before next check...
[2025-04-12 17:10:45] [Information] Currently connected to: HellsGate-5.0G
[2025-04-12 17:10:45] [Information] Already connected to preferred network: HellsGate-5.0G
[2025-04-12 17:10:45] [Information] Waiting 29 minutes before next check...
[2025-04-12 17:39:45] [Information] Currently connected to: HellsGate-5.0G
[2025-04-12 17:39:45] [Information] Already connected to preferred network: HellsGate-5.0G
[2025-04-12 17:39:45] [Information] Waiting 24 minutes before next check...
[2025-04-12 18:03:45] [Information] Currently connected to: HellsGate-5.0G
[2025-04-12 18:03:45] [Information] Already connected to preferred network: HellsGate-5.0G
[2025-04-12 18:03:45] [Information] Waiting 29 minutes before next check...
[2025-04-12 18:32:45] [Information] Currently connected to: HellsGate-5.0G
[2025-04-12 18:32:45] [Information] Already connected to preferred network: HellsGate-5.0G
[2025-04-12 18:32:45] [Information] Waiting 27 minutes before next check...
[2025-04-12 18:59:45] [Information] Currently connected to: HellsGate-5.0G
[2025-04-12 18:59:45] [Information] Already connected to preferred network: HellsGate-5.0G
[2025-04-12 18:59:45] [Information] Waiting 18 minutes before next check...
[2025-04-12 19:17:45] [Information] Currently connected to: HellsGate-5.0G
[2025-04-12 19:17:45] [Information] Already connected to preferred network: HellsGate-5.0G
[2025-04-12 19:17:45] [Information] Waiting 11 minutes before next check...
[2025-04-12 19:28:45] [Information] Currently connected to: HellsGate-5.0G
[2025-04-12 19:28:45] [Information] Already connected to preferred network: HellsGate-5.0G
[2025-04-12 19:28:45] [Information] Waiting 26 minutes before next check...
[2025-04-12 19:54:45] [Information] Currently connected to: HellsGate-5.0G
[2025-04-12 19:54:45] [Information] Already connected to preferred network: HellsGate-5.0G
[2025-04-12 19:54:45] [Information] Waiting 13 minutes before next check...
[2025-04-12 20:07:45] [Information] Currently connected to: HellsGate-5.0G
[2025-04-12 20:07:45] [Information] Already connected to preferred network: HellsGate-5.0G
[2025-04-12 20:07:45] [Information] Waiting 17 minutes before next check...
[2025-04-12 20:24:45] [Information] Currently connected to: HellsGate-5.0G
[2025-04-12 20:24:45] [Information] Already connected to preferred network: HellsGate-5.0G
[2025-04-12 20:24:46] [Information] Waiting 10 minutes before next check...
[2025-04-12 20:34:46] [Information] Currently connected to: HellsGate-5.0G
[2025-04-12 20:34:46] [Information] Already connected to preferred network: HellsGate-5.0G
[2025-04-12 20:34:46] [Information] Waiting 28 minutes before next check...
[2025-04-12 21:02:46] [Information] Currently connected to: HellsGate-5.0G
[2025-04-12 21:02:46] [Information] Already connected to preferred network: HellsGate-5.0G
[2025-04-12 21:02:46] [Information] Waiting 16 minutes before next check...
[2025-04-12 21:18:46] [Information] Currently connected to: HellsGate-5.0G
[2025-04-12 21:18:46] [Information] Already connected to preferred network: HellsGate-5.0G
[2025-04-12 21:18:46] [Information] Waiting 15 minutes before next check...
[2025-04-12 21:33:46] [Information] Currently connected to: HellsGate-5.0G
[2025-04-12 21:33:46] [Information] Already connected to preferred network: HellsGate-5.0G
[2025-04-12 21:33:46] [Information] Waiting 23 minutes before next check...
[2025-04-12 21:56:46] [Information] Currently connected to: HellsGate-5.0G
[2025-04-12 21:56:46] [Information] Already connected to preferred network: HellsGate-5.0G
[2025-04-12 21:56:46] [Information] Waiting 12 minutes before next check...
[2025-04-12 22:08:46] [Information] Currently connected to: HellsGate-5.0G
[2025-04-12 22:08:46] [Information] Already connected to preferred network: HellsGate-5.0G
[2025-04-12 22:08:46] [Information] Waiting 20 minutes before next check...
[2025-04-12 22:28:46] [Information] Currently connected to: HellsGate-5.0G
[2025-04-12 22:28:46] [Information] Already connected to preferred network: HellsGate-5.0G
[2025-04-12 22:28:46] [Information] Waiting 14 minutes before next check...
[2025-04-12 22:42:46] [Information] Currently connected to: HellsGate-5.0G
[2025-04-12 22:42:46] [Information] Already connected to preferred network: HellsGate-5.0G
[2025-04-12 22:42:46] [Information] Waiting 26 minutes before next check...
[2025-04-12 23:08:46] [Information] Currently connected to: HellsGate-5.0G
[2025-04-12 23:08:46] [Information] Already connected to preferred network: HellsGate-5.0G
[2025-04-12 23:08:46] [Information] Waiting 20 minutes before next check...
[2025-04-12 23:28:46] [Information] Currently connected to: HellsGate-5.0G
[2025-04-12 23:28:46] [Information] Already connected to preferred network: HellsGate-5.0G
[2025-04-12 23:28:46] [Information] Waiting 18 minutes before next check...
[2025-04-12 23:46:46] [Information] Currently connected to: HellsGate-5.0G
[2025-04-12 23:46:46] [Information] Already connected to preferred network: HellsGate-5.0G
[2025-04-12 23:46:46] [Information] Waiting 11 minutes before next check...
[2025-04-12 23:57:46] [Information] Currently connected to: HellsGate-5.0G
[2025-04-12 23:57:46] [Information] Already connected to preferred network: HellsGate-5.0G
[2025-04-12 23:57:46] [Information] Waiting 10 minutes before next check...
