[2025-03-04 00:08:23] [Information] Currently connected to: HellsGate-5.0G
[2025-03-04 00:08:23] [Information] Already connected to preferred network: HellsGate-5.0G
[2025-03-04 00:08:23] [Information] Waiting 25 minutes before next check...
[2025-03-04 00:33:23] [Information] Currently connected to: HellsGate-5.0G
[2025-03-04 00:33:23] [Information] Already connected to preferred network: HellsGate-5.0G
[2025-03-04 00:33:23] [Information] Waiting 18 minutes before next check...
[2025-03-04 00:51:23] [Information] Currently connected to: HellsGate-5.0G
[2025-03-04 00:51:23] [Information] Already connected to preferred network: HellsGate-5.0G
[2025-03-04 00:51:23] [Information] Waiting 11 minutes before next check...
[2025-03-04 01:02:23] [Information] Currently connected to: HellsGate-5.0G
[2025-03-04 01:02:23] [Information] Already connected to preferred network: HellsGate-5.0G
[2025-03-04 01:02:23] [Information] Waiting 19 minutes before next check...
[2025-03-04 01:21:23] [Information] Currently connected to: HellsGate-5.0G
[2025-03-04 01:21:23] [Information] Already connected to preferred network: HellsGate-5.0G
[2025-03-04 01:21:23] [Information] Waiting 13 minutes before next check...
[2025-03-04 01:34:24] [Information] Currently connected to: HellsGate-5.0G
[2025-03-04 01:34:24] [Information] Already connected to preferred network: HellsGate-5.0G
[2025-03-04 01:34:24] [Information] Waiting 22 minutes before next check...
[2025-03-04 01:56:24] [Information] Currently connected to: HellsGate-5.0G
[2025-03-04 01:56:24] [Information] Already connected to preferred network: HellsGate-5.0G
[2025-03-04 01:56:24] [Information] Waiting 10 minutes before next check...
[2025-03-04 02:06:24] [Information] Currently connected to: HellsGate-5.0G
[2025-03-04 02:06:24] [Information] Already connected to preferred network: HellsGate-5.0G
[2025-03-04 02:06:24] [Information] Waiting 22 minutes before next check...
[2025-03-04 02:28:24] [Information] Currently connected to: HellsGate-5.0G
[2025-03-04 02:28:24] [Information] Already connected to preferred network: HellsGate-5.0G
[2025-03-04 02:28:24] [Information] Waiting 27 minutes before next check...
[2025-03-04 02:55:24] [Information] Currently connected to: HellsGate-5.0G
[2025-03-04 02:55:24] [Information] Already connected to preferred network: HellsGate-5.0G
[2025-03-04 02:55:24] [Information] Waiting 29 minutes before next check...
[2025-03-04 03:24:24] [Information] Currently connected to: HellsGate-5.0G
[2025-03-04 03:24:24] [Information] Already connected to preferred network: HellsGate-5.0G
[2025-03-04 03:24:24] [Information] Waiting 25 minutes before next check...
[2025-03-04 03:49:24] [Information] Currently connected to: HellsGate-5.0G
[2025-03-04 03:49:24] [Information] Already connected to preferred network: HellsGate-5.0G
[2025-03-04 03:49:24] [Information] Waiting 20 minutes before next check...
[2025-03-04 04:09:24] [Information] Currently connected to: HellsGate-5.0G
[2025-03-04 04:09:24] [Information] Already connected to preferred network: HellsGate-5.0G
[2025-03-04 04:09:24] [Information] Waiting 24 minutes before next check...
[2025-03-04 04:33:24] [Information] Currently connected to: HellsGate-5.0G
[2025-03-04 04:33:24] [Information] Already connected to preferred network: HellsGate-5.0G
[2025-03-04 04:33:24] [Information] Waiting 19 minutes before next check...
[2025-03-04 04:52:31] [Information] Currently connected to: HellsGate-5.0G
[2025-03-04 04:52:31] [Information] Already connected to preferred network: HellsGate-5.0G
[2025-03-04 04:52:31] [Information] Waiting 27 minutes before next check...
[2025-03-04 05:19:31] [Information] Currently connected to: HellsGate-5.0G
[2025-03-04 05:19:31] [Information] Already connected to preferred network: HellsGate-5.0G
[2025-03-04 05:19:31] [Information] Waiting 11 minutes before next check...
[2025-03-04 05:30:31] [Information] Currently connected to: HellsGate-5.0G
[2025-03-04 05:30:31] [Information] Already connected to preferred network: HellsGate-5.0G
[2025-03-04 05:30:31] [Information] Waiting 24 minutes before next check...
[2025-03-04 05:54:31] [Information] Currently connected to: HellsGate-5.0G
[2025-03-04 05:54:31] [Information] Already connected to preferred network: HellsGate-5.0G
[2025-03-04 05:54:31] [Information] Waiting 26 minutes before next check...
[2025-03-04 06:20:32] [Information] Currently connected to: HellsGate-5.0G
[2025-03-04 06:20:32] [Information] Already connected to preferred network: HellsGate-5.0G
[2025-03-04 06:20:32] [Information] Waiting 16 minutes before next check...
[2025-03-04 06:36:32] [Information] Currently connected to: HellsGate-5.0G
[2025-03-04 06:36:32] [Information] Already connected to preferred network: HellsGate-5.0G
[2025-03-04 06:36:32] [Information] Waiting 16 minutes before next check...
[2025-03-04 06:52:32] [Information] Currently connected to: HellsGate-5.0G
[2025-03-04 06:52:32] [Information] Already connected to preferred network: HellsGate-5.0G
[2025-03-04 06:52:32] [Information] Waiting 18 minutes before next check...
[2025-03-04 07:10:32] [Information] Currently connected to: HellsGate-5.0G
[2025-03-04 07:10:32] [Information] Already connected to preferred network: HellsGate-5.0G
[2025-03-04 07:10:32] [Information] Waiting 22 minutes before next check...
[2025-03-04 07:32:32] [Information] Currently connected to: HellsGate-5.0G
[2025-03-04 07:32:32] [Information] Already connected to preferred network: HellsGate-5.0G
[2025-03-04 07:32:32] [Information] Waiting 12 minutes before next check...
[2025-03-04 07:44:32] [Information] Currently connected to: HellsGate-5.0G
[2025-03-04 07:44:32] [Information] Already connected to preferred network: HellsGate-5.0G
[2025-03-04 07:44:32] [Information] Waiting 12 minutes before next check...
[2025-03-04 07:56:32] [Information] Currently connected to: HellsGate-5.0G
[2025-03-04 07:56:32] [Information] Already connected to preferred network: HellsGate-5.0G
[2025-03-04 07:56:32] [Information] Waiting 19 minutes before next check...
[2025-03-04 08:15:32] [Information] Currently connected to: HellsGate-5.0G
[2025-03-04 08:15:32] [Information] Already connected to preferred network: HellsGate-5.0G
[2025-03-04 08:15:32] [Information] Waiting 22 minutes before next check...
[2025-03-04 08:37:32] [Information] Currently connected to: HellsGate-5.0G
[2025-03-04 08:37:32] [Information] Already connected to preferred network: HellsGate-5.0G
[2025-03-04 08:37:32] [Information] Waiting 22 minutes before next check...
[2025-03-04 08:59:32] [Information] Currently connected to: HellsGate-5.0G
[2025-03-04 08:59:32] [Information] Already connected to preferred network: HellsGate-5.0G
[2025-03-04 08:59:32] [Information] Waiting 19 minutes before next check...
[2025-03-04 09:18:32] [Information] Currently connected to: HellsGate-5.0G
[2025-03-04 09:18:32] [Information] Already connected to preferred network: HellsGate-5.0G
[2025-03-04 09:18:32] [Information] Waiting 26 minutes before next check...
[2025-03-04 09:44:32] [Information] Currently connected to: HellsGate-5.0G
[2025-03-04 09:44:32] [Information] Already connected to preferred network: HellsGate-5.0G
[2025-03-04 09:44:32] [Information] Waiting 12 minutes before next check...
[2025-03-04 09:56:32] [Information] Currently connected to: HellsGate-5.0G
[2025-03-04 09:56:32] [Information] Already connected to preferred network: HellsGate-5.0G
[2025-03-04 09:56:32] [Information] Waiting 13 minutes before next check...
[2025-03-04 10:09:32] [Information] Currently connected to: HellsGate-5.0G
[2025-03-04 10:09:32] [Information] Already connected to preferred network: HellsGate-5.0G
[2025-03-04 10:09:32] [Information] Waiting 24 minutes before next check...
[2025-03-04 10:33:33] [Information] Currently connected to: HellsGate-5.0G
[2025-03-04 10:33:33] [Information] Already connected to preferred network: HellsGate-5.0G
[2025-03-04 10:33:33] [Information] Waiting 10 minutes before next check...
[2025-03-04 10:43:33] [Information] Currently connected to: HellsGate-5.0G
[2025-03-04 10:43:33] [Information] Already connected to preferred network: HellsGate-5.0G
[2025-03-04 10:43:33] [Information] Waiting 19 minutes before next check...
[2025-03-04 11:02:33] [Information] Currently connected to: HellsGate-5.0G
[2025-03-04 11:02:33] [Information] Already connected to preferred network: HellsGate-5.0G
[2025-03-04 11:02:33] [Information] Waiting 29 minutes before next check...
[2025-03-04 11:31:33] [Information] Currently connected to: HellsGate-5.0G
[2025-03-04 11:31:33] [Information] Already connected to preferred network: HellsGate-5.0G
[2025-03-04 11:31:33] [Information] Waiting 27 minutes before next check...
[2025-03-04 11:58:33] [Information] Currently connected to: HellsGate-5.0G
[2025-03-04 11:58:33] [Information] Already connected to preferred network: HellsGate-5.0G
[2025-03-04 11:58:33] [Information] Waiting 26 minutes before next check...
[2025-03-04 12:24:33] [Information] Currently connected to: HellsGate-5.0G
[2025-03-04 12:24:33] [Information] Already connected to preferred network: HellsGate-5.0G
[2025-03-04 12:24:33] [Information] Waiting 18 minutes before next check...
[2025-03-04 12:42:33] [Information] Currently connected to: HellsGate-5.0G
[2025-03-04 12:42:33] [Information] Already connected to preferred network: HellsGate-5.0G
[2025-03-04 12:42:33] [Information] Waiting 29 minutes before next check...
[2025-03-04 13:11:33] [Information] Currently connected to: HellsGate-5.0G
[2025-03-04 13:11:33] [Information] Already connected to preferred network: HellsGate-5.0G
[2025-03-04 13:11:33] [Information] Waiting 18 minutes before next check...
[2025-03-04 13:29:33] [Information] Currently connected to: HellsGate-5.0G
[2025-03-04 13:29:33] [Information] Already connected to preferred network: HellsGate-5.0G
[2025-03-04 13:29:33] [Information] Waiting 27 minutes before next check...
[2025-03-04 13:56:33] [Information] Currently connected to: HellsGate-5.0G
[2025-03-04 13:56:33] [Information] Already connected to preferred network: HellsGate-5.0G
[2025-03-04 13:56:33] [Information] Waiting 11 minutes before next check...
[2025-03-04 14:07:33] [Information] Currently connected to: HellsGate-5.0G
[2025-03-04 14:07:33] [Information] Already connected to preferred network: HellsGate-5.0G
[2025-03-04 14:07:33] [Information] Waiting 10 minutes before next check...
[2025-03-04 14:17:33] [Information] Currently connected to: HellsGate-5.0G
[2025-03-04 14:17:33] [Information] Already connected to preferred network: HellsGate-5.0G
[2025-03-04 14:17:33] [Information] Waiting 29 minutes before next check...
[2025-03-04 14:46:33] [Information] Currently connected to: HellsGate-5.0G
[2025-03-04 14:46:33] [Information] Already connected to preferred network: HellsGate-5.0G
[2025-03-04 14:46:33] [Information] Waiting 11 minutes before next check...
[2025-03-04 14:57:33] [Information] Currently connected to: HellsGate-5.0G
[2025-03-04 14:57:33] [Information] Already connected to preferred network: HellsGate-5.0G
[2025-03-04 14:57:33] [Information] Waiting 27 minutes before next check...
[2025-03-04 15:24:34] [Information] Currently connected to: HellsGate-5.0G
[2025-03-04 15:24:34] [Information] Already connected to preferred network: HellsGate-5.0G
[2025-03-04 15:24:34] [Information] Waiting 15 minutes before next check...
[2025-03-04 15:39:34] [Information] Currently connected to: HellsGate-5.0G
[2025-03-04 15:39:34] [Information] Already connected to preferred network: HellsGate-5.0G
[2025-03-04 15:39:34] [Information] Waiting 16 minutes before next check...
[2025-03-04 15:55:34] [Information] Currently connected to: HellsGate-5.0G
[2025-03-04 15:55:34] [Information] Already connected to preferred network: HellsGate-5.0G
[2025-03-04 15:55:34] [Information] Waiting 12 minutes before next check...
[2025-03-04 16:07:34] [Information] Currently connected to: HellsGate-5.0G
[2025-03-04 16:07:34] [Information] Already connected to preferred network: HellsGate-5.0G
[2025-03-04 16:07:34] [Information] Waiting 12 minutes before next check...
[2025-03-04 16:19:34] [Information] Currently connected to: HellsGate-5.0G
[2025-03-04 16:19:34] [Information] Already connected to preferred network: HellsGate-5.0G
[2025-03-04 16:19:34] [Information] Waiting 11 minutes before next check...
[2025-03-04 16:30:34] [Information] Currently connected to: HellsGate-5.0G
[2025-03-04 16:30:34] [Information] Already connected to preferred network: HellsGate-5.0G
[2025-03-04 16:30:34] [Information] Waiting 21 minutes before next check...
[2025-03-04 16:51:34] [Information] Currently connected to: HellsGate-5.0G
[2025-03-04 16:51:34] [Information] Already connected to preferred network: HellsGate-5.0G
[2025-03-04 16:51:34] [Information] Waiting 13 minutes before next check...
[2025-03-04 17:04:34] [Information] Currently connected to: HellsGate-5.0G
[2025-03-04 17:04:34] [Information] Already connected to preferred network: HellsGate-5.0G
[2025-03-04 17:04:34] [Information] Waiting 14 minutes before next check...
[2025-03-04 17:18:34] [Information] Currently connected to: HellsGate-5.0G
[2025-03-04 17:18:34] [Information] Already connected to preferred network: HellsGate-5.0G
[2025-03-04 17:18:34] [Information] Waiting 14 minutes before next check...
[2025-03-04 17:32:34] [Information] Currently connected to: HellsGate-5.0G
[2025-03-04 17:32:34] [Information] Already connected to preferred network: HellsGate-5.0G
[2025-03-04 17:32:34] [Information] Waiting 24 minutes before next check...
[2025-03-04 17:56:34] [Information] Currently connected to: HellsGate-5.0G
[2025-03-04 17:56:34] [Information] Already connected to preferred network: HellsGate-5.0G
[2025-03-04 17:56:34] [Information] Waiting 25 minutes before next check...
[2025-03-04 18:21:34] [Information] Currently connected to: HellsGate-5.0G
[2025-03-04 18:21:34] [Information] Already connected to preferred network: HellsGate-5.0G
[2025-03-04 18:21:34] [Information] Waiting 19 minutes before next check...
[2025-03-04 18:40:34] [Information] Currently connected to: HellsGate-5.0G
[2025-03-04 18:40:34] [Information] Already connected to preferred network: HellsGate-5.0G
[2025-03-04 18:40:34] [Information] Waiting 20 minutes before next check...
[2025-03-04 19:00:34] [Information] Currently connected to: HellsGate-5.0G
[2025-03-04 19:00:34] [Information] Already connected to preferred network: HellsGate-5.0G
[2025-03-04 19:00:34] [Information] Waiting 21 minutes before next check...
[2025-03-04 19:21:35] [Information] Currently connected to: HellsGate-5.0G
[2025-03-04 19:21:35] [Information] Already connected to preferred network: HellsGate-5.0G
[2025-03-04 19:21:35] [Information] Waiting 19 minutes before next check...
[2025-03-04 19:40:35] [Information] Currently connected to: HellsGate-5.0G
[2025-03-04 19:40:35] [Information] Already connected to preferred network: HellsGate-5.0G
[2025-03-04 19:40:35] [Information] Waiting 28 minutes before next check...
[2025-03-04 20:08:35] [Information] Currently connected to: HellsGate-5.0G
[2025-03-04 20:08:35] [Information] Already connected to preferred network: HellsGate-5.0G
[2025-03-04 20:08:35] [Information] Waiting 19 minutes before next check...
[2025-03-04 20:27:35] [Information] Currently connected to: HellsGate-5.0G
[2025-03-04 20:27:35] [Information] Already connected to preferred network: HellsGate-5.0G
[2025-03-04 20:27:35] [Information] Waiting 21 minutes before next check...
[2025-03-04 20:48:35] [Information] Currently connected to: HellsGate-5.0G
[2025-03-04 20:48:35] [Information] Already connected to preferred network: HellsGate-5.0G
[2025-03-04 20:48:35] [Information] Waiting 16 minutes before next check...
[2025-03-04 21:04:35] [Information] Currently connected to: HellsGate-5.0G
[2025-03-04 21:04:35] [Information] Already connected to preferred network: HellsGate-5.0G
[2025-03-04 21:04:35] [Information] Waiting 24 minutes before next check...
[2025-03-04 21:28:35] [Information] Currently connected to: HellsGate-5.0G
[2025-03-04 21:28:35] [Information] Already connected to preferred network: HellsGate-5.0G
[2025-03-04 21:28:35] [Information] Waiting 29 minutes before next check...
[2025-03-04 21:57:35] [Information] Currently connected to: HellsGate-5.0G
[2025-03-04 21:57:35] [Information] Already connected to preferred network: HellsGate-5.0G
[2025-03-04 21:57:35] [Information] Waiting 23 minutes before next check...
[2025-03-04 22:20:35] [Information] Currently connected to: HellsGate-5.0G
[2025-03-04 22:20:35] [Information] Already connected to preferred network: HellsGate-5.0G
[2025-03-04 22:20:35] [Information] Waiting 10 minutes before next check...
[2025-03-04 22:30:35] [Warning] No current WiFi connection
[2025-03-04 22:30:35] [Information] Scanning for preferred networks...
[2025-03-04 22:30:35] [Information] Found 5 networks
[2025-03-04 22:30:35] [Information] Attempting to connect to HellsGate-5.0G
[2025-03-04 22:30:40] [Information] Currently connected to: HellsGate-5.0G
[2025-03-04 22:30:40] [Information] Successfully connected to HellsGate-5.0G
[2025-03-04 22:30:40] [Information] Waiting 25 minutes before next check...
[2025-03-04 22:55:41] [Information] Currently connected to: HellsGate-5.0G
[2025-03-04 22:55:41] [Information] Already connected to preferred network: HellsGate-5.0G
[2025-03-04 22:55:41] [Information] Waiting 21 minutes before next check...
[2025-03-04 23:16:41] [Information] Currently connected to: HellsGate-5.0G
[2025-03-04 23:16:41] [Information] Already connected to preferred network: HellsGate-5.0G
[2025-03-04 23:16:41] [Information] Waiting 29 minutes before next check...
[2025-03-04 23:45:41] [Information] Currently connected to: HellsGate-5.0G
[2025-03-04 23:45:41] [Information] Already connected to preferred network: HellsGate-5.0G
[2025-03-04 23:45:41] [Information] Waiting 22 minutes before next check...
