[2025-06-10 03:30:13] [Information] Successfully registered scheduled task
[2025-06-10 03:30:14] [Information] WiFi connection manager started
[2025-06-10 03:30:14] [Warning] No current WiFi connection
[2025-06-10 03:30:14] [Information] Scanning for preferred networks...
[2025-06-10 03:30:14] [Information] Found 10 networks
[2025-06-10 03:30:14] [Information] Attempting to connect to HellsGate-5.0G
[2025-06-10 03:30:20] [Information] Currently connected to: HellsGate-5.0G
[2025-06-10 03:30:20] [Information] Successfully connected to HellsGate-5.0G
[2025-06-10 03:30:20] [Information] Waiting 22 minutes before next check...
[2025-06-10 03:52:20] [Information] Currently connected to: HellsGate-5.0G
[2025-06-10 03:52:20] [Information] Already connected to preferred network: HellsGate-5.0G
[2025-06-10 03:52:20] [Information] Waiting 20 minutes before next check...
[2025-06-10 04:12:20] [Information] Currently connected to: HellsGate-5.0G
[2025-06-10 04:12:20] [Information] Already connected to preferred network: HellsGate-5.0G
[2025-06-10 04:12:20] [Information] Waiting 10 minutes before next check...
[2025-06-10 04:22:20] [Information] Currently connected to: HellsGate-5.0G
[2025-06-10 04:22:20] [Information] Already connected to preferred network: HellsGate-5.0G
[2025-06-10 04:22:20] [Information] Waiting 19 minutes before next check...
[2025-06-10 04:41:20] [Information] Currently connected to: HellsGate-5.0G
[2025-06-10 04:41:20] [Information] Already connected to preferred network: HellsGate-5.0G
[2025-06-10 04:41:20] [Information] Waiting 29 minutes before next check...
[2025-06-10 05:10:20] [Information] Currently connected to: HellsGate-5.0G
[2025-06-10 05:10:20] [Information] Already connected to preferred network: HellsGate-5.0G
[2025-06-10 05:10:20] [Information] Waiting 25 minutes before next check...
[2025-06-10 05:35:20] [Information] Currently connected to: HellsGate-5.0G
[2025-06-10 05:35:20] [Information] Already connected to preferred network: HellsGate-5.0G
[2025-06-10 05:35:20] [Information] Waiting 11 minutes before next check...
[2025-06-10 05:46:20] [Information] Currently connected to: HellsGate-5.0G
[2025-06-10 05:46:20] [Information] Already connected to preferred network: HellsGate-5.0G
[2025-06-10 05:46:20] [Information] Waiting 26 minutes before next check...
[2025-06-10 06:12:20] [Information] Currently connected to: HellsGate-5.0G
[2025-06-10 06:12:20] [Information] Already connected to preferred network: HellsGate-5.0G
[2025-06-10 06:12:20] [Information] Waiting 21 minutes before next check...
[2025-06-10 06:33:20] [Information] Currently connected to: HellsGate-5.0G
[2025-06-10 06:33:20] [Information] Already connected to preferred network: HellsGate-5.0G
[2025-06-10 06:33:20] [Information] Waiting 21 minutes before next check...
[2025-06-10 06:54:21] [Information] Currently connected to: HellsGate-5.0G
[2025-06-10 06:54:21] [Information] Already connected to preferred network: HellsGate-5.0G
[2025-06-10 06:54:21] [Information] Waiting 25 minutes before next check...
[2025-06-10 07:19:21] [Information] Currently connected to: HellsGate-5.0G
[2025-06-10 07:19:21] [Information] Already connected to preferred network: HellsGate-5.0G
[2025-06-10 07:19:21] [Information] Waiting 11 minutes before next check...
[2025-06-10 07:30:21] [Information] Currently connected to: HellsGate-5.0G
[2025-06-10 07:30:21] [Information] Already connected to preferred network: HellsGate-5.0G
[2025-06-10 07:30:21] [Information] Waiting 18 minutes before next check...
[2025-06-10 07:48:21] [Information] Currently connected to: HellsGate-5.0G
[2025-06-10 07:48:21] [Information] Already connected to preferred network: HellsGate-5.0G
[2025-06-10 07:48:21] [Information] Waiting 15 minutes before next check...
[2025-06-10 08:03:21] [Information] Currently connected to: HellsGate-5.0G
[2025-06-10 08:03:21] [Information] Already connected to preferred network: HellsGate-5.0G
[2025-06-10 08:03:21] [Information] Waiting 17 minutes before next check...
[2025-06-10 08:20:21] [Information] Currently connected to: HellsGate-5.0G
[2025-06-10 08:20:21] [Information] Already connected to preferred network: HellsGate-5.0G
[2025-06-10 08:20:21] [Information] Waiting 11 minutes before next check...
[2025-06-10 08:31:21] [Information] Currently connected to: HellsGate-5.0G
[2025-06-10 08:31:21] [Information] Already connected to preferred network: HellsGate-5.0G
[2025-06-10 08:31:21] [Information] Waiting 12 minutes before next check...
[2025-06-10 08:43:21] [Information] Currently connected to: HellsGate-5.0G
[2025-06-10 08:43:21] [Information] Already connected to preferred network: HellsGate-5.0G
[2025-06-10 08:43:21] [Information] Waiting 23 minutes before next check...
[2025-06-10 09:06:21] [Information] Currently connected to: HellsGate-5.0G
[2025-06-10 09:06:21] [Information] Already connected to preferred network: HellsGate-5.0G
[2025-06-10 09:06:21] [Information] Waiting 10 minutes before next check...
[2025-06-10 09:16:21] [Information] Currently connected to: HellsGate-5.0G
[2025-06-10 09:16:21] [Information] Already connected to preferred network: HellsGate-5.0G
[2025-06-10 09:16:21] [Information] Waiting 23 minutes before next check...
[2025-06-10 09:39:21] [Information] Currently connected to: HellsGate-5.0G
[2025-06-10 09:39:21] [Information] Already connected to preferred network: HellsGate-5.0G
[2025-06-10 09:39:21] [Information] Waiting 10 minutes before next check...
[2025-06-10 09:49:21] [Information] Currently connected to: HellsGate-5.0G
[2025-06-10 09:49:21] [Information] Already connected to preferred network: HellsGate-5.0G
[2025-06-10 09:49:21] [Information] Waiting 17 minutes before next check...
[2025-06-10 10:06:22] [Information] Currently connected to: HellsGate-5.0G
[2025-06-10 10:06:22] [Information] Already connected to preferred network: HellsGate-5.0G
[2025-06-10 10:06:22] [Information] Waiting 20 minutes before next check...
[2025-06-10 10:26:22] [Information] Currently connected to: HellsGate-5.0G
[2025-06-10 10:26:22] [Information] Already connected to preferred network: HellsGate-5.0G
[2025-06-10 10:26:22] [Information] Waiting 11 minutes before next check...
[2025-06-10 10:37:22] [Information] Currently connected to: HellsGate-5.0G
[2025-06-10 10:37:22] [Information] Already connected to preferred network: HellsGate-5.0G
[2025-06-10 10:37:22] [Information] Waiting 13 minutes before next check...
[2025-06-10 10:50:22] [Information] Currently connected to: HellsGate-5.0G
[2025-06-10 10:50:22] [Information] Already connected to preferred network: HellsGate-5.0G
[2025-06-10 10:50:22] [Information] Waiting 21 minutes before next check...
[2025-06-10 11:11:22] [Information] Currently connected to: HellsGate-5.0G
[2025-06-10 11:11:22] [Information] Already connected to preferred network: HellsGate-5.0G
[2025-06-10 11:11:22] [Information] Waiting 28 minutes before next check...
[2025-06-10 11:39:22] [Information] Currently connected to: HellsGate-5.0G
[2025-06-10 11:39:22] [Information] Already connected to preferred network: HellsGate-5.0G
[2025-06-10 11:39:22] [Information] Waiting 18 minutes before next check...
[2025-06-10 11:57:22] [Information] Currently connected to: HellsGate-5.0G
[2025-06-10 11:57:22] [Information] Already connected to preferred network: HellsGate-5.0G
[2025-06-10 11:57:22] [Information] Waiting 23 minutes before next check...
[2025-06-10 12:20:22] [Information] Currently connected to: HellsGate-5.0G
[2025-06-10 12:20:22] [Information] Already connected to preferred network: HellsGate-5.0G
[2025-06-10 12:20:22] [Information] Waiting 24 minutes before next check...
[2025-06-10 12:44:22] [Information] Currently connected to: HellsGate-5.0G
[2025-06-10 12:44:22] [Information] Already connected to preferred network: HellsGate-5.0G
[2025-06-10 12:44:22] [Information] Waiting 14 minutes before next check...
[2025-06-10 12:58:22] [Information] Currently connected to: HellsGate-5.0G
[2025-06-10 12:58:22] [Information] Already connected to preferred network: HellsGate-5.0G
[2025-06-10 12:58:22] [Information] Waiting 28 minutes before next check...
[2025-06-10 13:26:22] [Information] Currently connected to: HellsGate-5.0G
[2025-06-10 13:26:22] [Information] Already connected to preferred network: HellsGate-5.0G
[2025-06-10 13:26:22] [Information] Waiting 19 minutes before next check...
[2025-06-10 13:45:22] [Information] Currently connected to: HellsGate-5.0G
[2025-06-10 13:45:22] [Information] Already connected to preferred network: HellsGate-5.0G
[2025-06-10 13:45:23] [Information] Waiting 24 minutes before next check...
[2025-06-10 14:09:23] [Information] Currently connected to: HellsGate-5.0G
[2025-06-10 14:09:23] [Information] Already connected to preferred network: HellsGate-5.0G
[2025-06-10 14:09:23] [Information] Waiting 25 minutes before next check...
[2025-06-10 14:34:23] [Information] Currently connected to: HellsGate-5.0G
[2025-06-10 14:34:23] [Information] Already connected to preferred network: HellsGate-5.0G
[2025-06-10 14:34:23] [Information] Waiting 18 minutes before next check...
[2025-06-10 14:52:23] [Information] Currently connected to: HellsGate-5.0G
[2025-06-10 14:52:23] [Information] Already connected to preferred network: HellsGate-5.0G
[2025-06-10 14:52:23] [Information] Waiting 26 minutes before next check...
[2025-06-10 15:18:23] [Information] Currently connected to: HellsGate-5.0G
[2025-06-10 15:18:23] [Information] Already connected to preferred network: HellsGate-5.0G
[2025-06-10 15:18:23] [Information] Waiting 21 minutes before next check...
[2025-06-10 15:39:23] [Information] Currently connected to: HellsGate-5.0G
[2025-06-10 15:39:23] [Information] Already connected to preferred network: HellsGate-5.0G
[2025-06-10 15:39:23] [Information] Waiting 17 minutes before next check...
[2025-06-10 15:56:23] [Information] Currently connected to: HellsGate-5.0G
[2025-06-10 15:56:23] [Information] Already connected to preferred network: HellsGate-5.0G
[2025-06-10 15:56:23] [Information] Waiting 25 minutes before next check...
[2025-06-10 16:21:23] [Information] Currently connected to: HellsGate-5.0G
[2025-06-10 16:21:23] [Information] Already connected to preferred network: HellsGate-5.0G
[2025-06-10 16:21:23] [Information] Waiting 19 minutes before next check...
[2025-06-10 16:40:23] [Information] Currently connected to: HellsGate-5.0G
[2025-06-10 16:40:23] [Information] Already connected to preferred network: HellsGate-5.0G
[2025-06-10 16:40:23] [Information] Waiting 11 minutes before next check...
[2025-06-10 16:51:23] [Information] Currently connected to: HellsGate-5.0G
[2025-06-10 16:51:23] [Information] Already connected to preferred network: HellsGate-5.0G
[2025-06-10 16:51:23] [Information] Waiting 18 minutes before next check...
[2025-06-10 17:09:23] [Information] Currently connected to: HellsGate-5.0G
[2025-06-10 17:09:23] [Information] Already connected to preferred network: HellsGate-5.0G
[2025-06-10 17:09:23] [Information] Waiting 29 minutes before next check...
[2025-06-10 17:38:23] [Information] Currently connected to: HellsGate-5.0G
[2025-06-10 17:38:23] [Information] Already connected to preferred network: HellsGate-5.0G
[2025-06-10 17:38:23] [Information] Waiting 12 minutes before next check...
[2025-06-10 17:50:24] [Information] Currently connected to: HellsGate-5.0G
[2025-06-10 17:50:24] [Information] Already connected to preferred network: HellsGate-5.0G
[2025-06-10 17:50:24] [Information] Waiting 28 minutes before next check...
[2025-06-10 18:18:24] [Information] Currently connected to: HellsGate-5.0G
[2025-06-10 18:18:24] [Information] Already connected to preferred network: HellsGate-5.0G
[2025-06-10 18:18:24] [Information] Waiting 18 minutes before next check...
[2025-06-10 18:36:24] [Information] Currently connected to: HellsGate-5.0G
[2025-06-10 18:36:24] [Information] Already connected to preferred network: HellsGate-5.0G
[2025-06-10 18:36:24] [Information] Waiting 12 minutes before next check...
[2025-06-10 18:48:24] [Information] Currently connected to: HellsGate-5.0G
[2025-06-10 18:48:24] [Information] Already connected to preferred network: HellsGate-5.0G
[2025-06-10 18:48:24] [Information] Waiting 12 minutes before next check...
[2025-06-10 19:00:24] [Information] Currently connected to: HellsGate-5.0G
[2025-06-10 19:00:24] [Information] Already connected to preferred network: HellsGate-5.0G
[2025-06-10 19:00:24] [Information] Waiting 19 minutes before next check...
[2025-06-10 19:19:24] [Information] Currently connected to: HellsGate-5.0G
[2025-06-10 19:19:24] [Information] Already connected to preferred network: HellsGate-5.0G
[2025-06-10 19:19:24] [Information] Waiting 15 minutes before next check...
[2025-06-10 19:34:24] [Information] Currently connected to: HellsGate-5.0G
[2025-06-10 19:34:24] [Information] Already connected to preferred network: HellsGate-5.0G
[2025-06-10 19:34:24] [Information] Waiting 16 minutes before next check...
[2025-06-10 19:50:24] [Information] Currently connected to: HellsGate-5.0G
[2025-06-10 19:50:24] [Information] Already connected to preferred network: HellsGate-5.0G
[2025-06-10 19:50:24] [Information] Waiting 18 minutes before next check...
[2025-06-10 20:08:24] [Information] Currently connected to: HellsGate-5.0G
[2025-06-10 20:08:24] [Information] Already connected to preferred network: HellsGate-5.0G
[2025-06-10 20:08:24] [Information] Waiting 17 minutes before next check...
[2025-06-10 20:25:24] [Information] Currently connected to: HellsGate-5.0G
[2025-06-10 20:25:24] [Information] Already connected to preferred network: HellsGate-5.0G
[2025-06-10 20:25:24] [Information] Waiting 26 minutes before next check...
[2025-06-10 20:51:24] [Information] Currently connected to: HellsGate-5.0G
[2025-06-10 20:51:24] [Information] Already connected to preferred network: HellsGate-5.0G
[2025-06-10 20:51:24] [Information] Waiting 19 minutes before next check...
[2025-06-10 21:10:24] [Information] Currently connected to: HellsGate-5.0G
[2025-06-10 21:10:24] [Information] Already connected to preferred network: HellsGate-5.0G
[2025-06-10 21:10:24] [Information] Waiting 17 minutes before next check...
[2025-06-10 21:27:25] [Information] Currently connected to: HellsGate-5.0G
[2025-06-10 21:27:25] [Information] Already connected to preferred network: HellsGate-5.0G
[2025-06-10 21:27:25] [Information] Waiting 26 minutes before next check...
[2025-06-10 21:53:25] [Information] Currently connected to: HellsGate-5.0G
[2025-06-10 21:53:25] [Information] Already connected to preferred network: HellsGate-5.0G
[2025-06-10 21:53:25] [Information] Waiting 17 minutes before next check...
[2025-06-10 22:10:25] [Information] Currently connected to: HellsGate-5.0G
[2025-06-10 22:10:25] [Information] Already connected to preferred network: HellsGate-5.0G
[2025-06-10 22:10:25] [Information] Waiting 17 minutes before next check...
[2025-06-10 22:27:25] [Information] Currently connected to: HellsGate-5.0G
[2025-06-10 22:27:25] [Information] Already connected to preferred network: HellsGate-5.0G
[2025-06-10 22:27:25] [Information] Waiting 25 minutes before next check...
[2025-06-10 22:52:25] [Information] Currently connected to: HellsGate-5.0G
[2025-06-10 22:52:25] [Information] Already connected to preferred network: HellsGate-5.0G
[2025-06-10 22:52:25] [Information] Waiting 13 minutes before next check...
[2025-06-10 23:05:25] [Information] Currently connected to: HellsGate-5.0G
[2025-06-10 23:05:25] [Information] Already connected to preferred network: HellsGate-5.0G
[2025-06-10 23:05:25] [Information] Waiting 10 minutes before next check...
[2025-06-10 23:15:25] [Information] Currently connected to: Nyati_CPEPro2_2.4G
[2025-06-10 23:15:25] [Information] Already connected to preferred network: Nyati_CPEPro2_2.4G
[2025-06-10 23:15:25] [Information] Waiting 26 minutes before next check...
[2025-06-10 23:41:25] [Information] Currently connected to: Nyati_CPEPro2_2.4G
[2025-06-10 23:41:25] [Information] Already connected to preferred network: Nyati_CPEPro2_2.4G
[2025-06-10 23:41:25] [Information] Waiting 15 minutes before next check...
[2025-06-10 23:56:25] [Information] Currently connected to: Nyati_CPEPro2_2.4G
[2025-06-10 23:56:25] [Information] Already connected to preferred network: Nyati_CPEPro2_2.4G
[2025-06-10 23:56:25] [Information] Waiting 10 minutes before next check...
