[2025-06-16 00:01:12] [INFO] === LOG ROTATED TO NEW DATE: 20250616 ===
[2025-06-16 00:01:12] [DEBUG] === MONITOR CHECK CYCLE ===
[2025-06-16 00:01:12] [DEBUG] Found 6 running PowerShell terminal windows (excluding monitoring window)
[2025-06-16 00:01:12] [INFO] Monitor Status: Running=6, Required=4, Max=7
[2025-06-16 00:01:12] [DEBUG] Window count OK: 6 >= 4 (minimum)
[2025-06-16 00:01:12] [DEBUG] Next monitor check at: 00:10:12
[2025-06-16 00:01:12] [DEBUG] === MONITOR CHECK COMPLETE ===
[2025-06-16 00:10:12] [DEBUG] === MONITOR CHECK CYCLE ===
[2025-06-16 00:10:12] [DEBUG] Found 6 running PowerShell terminal windows (excluding monitoring window)
[2025-06-16 00:10:12] [INFO] Monitor Status: Running=6, Required=4, Max=7
[2025-06-16 00:10:12] [DEBUG] Window count OK: 6 >= 4 (minimum)
[2025-06-16 00:10:12] [DEBUG] Next monitor check at: 00:19:12
[2025-06-16 00:10:12] [DEBUG] === MONITOR CHECK COMPLETE ===
[2025-06-16 00:19:12] [DEBUG] === MONITOR CHECK CYCLE ===
[2025-06-16 00:19:12] [DEBUG] Found 6 running PowerShell terminal windows (excluding monitoring window)
[2025-06-16 00:19:12] [INFO] Monitor Status: Running=6, Required=4, Max=7
[2025-06-16 00:19:12] [DEBUG] Window count OK: 6 >= 4 (minimum)
[2025-06-16 00:19:12] [DEBUG] Next monitor check at: 00:28:12
[2025-06-16 00:19:12] [DEBUG] === MONITOR CHECK COMPLETE ===
[2025-06-16 00:28:12] [DEBUG] === MONITOR CHECK CYCLE ===
[2025-06-16 00:28:12] [DEBUG] Found 6 running PowerShell terminal windows (excluding monitoring window)
[2025-06-16 00:28:12] [INFO] Monitor Status: Running=6, Required=4, Max=7
[2025-06-16 00:28:12] [DEBUG] Window count OK: 6 >= 4 (minimum)
[2025-06-16 00:28:12] [DEBUG] Next monitor check at: 00:37:12
[2025-06-16 00:28:12] [DEBUG] === MONITOR CHECK COMPLETE ===
[2025-06-16 00:37:12] [DEBUG] === MONITOR CHECK CYCLE ===
[2025-06-16 00:37:12] [DEBUG] Found 6 running PowerShell terminal windows (excluding monitoring window)
[2025-06-16 00:37:12] [INFO] Monitor Status: Running=6, Required=4, Max=7
[2025-06-16 00:37:12] [DEBUG] Window count OK: 6 >= 4 (minimum)
[2025-06-16 00:37:12] [DEBUG] Next monitor check at: 00:46:12
[2025-06-16 00:37:12] [DEBUG] === MONITOR CHECK COMPLETE ===
[2025-06-16 00:46:12] [DEBUG] === MONITOR CHECK CYCLE ===
[2025-06-16 00:46:12] [DEBUG] Found 6 running PowerShell terminal windows (excluding monitoring window)
[2025-06-16 00:46:12] [INFO] Monitor Status: Running=6, Required=4, Max=7
[2025-06-16 00:46:13] [DEBUG] Window count OK: 6 >= 4 (minimum)
[2025-06-16 00:46:13] [DEBUG] Next monitor check at: 00:55:13
[2025-06-16 00:46:13] [DEBUG] === MONITOR CHECK COMPLETE ===
[2025-06-16 00:55:13] [DEBUG] === MONITOR CHECK CYCLE ===
[2025-06-16 00:55:13] [DEBUG] Found 6 running PowerShell terminal windows (excluding monitoring window)
[2025-06-16 00:55:13] [INFO] Monitor Status: Running=6, Required=4, Max=7
[2025-06-16 00:55:13] [DEBUG] Window count OK: 6 >= 4 (minimum)
[2025-06-16 00:55:13] [DEBUG] Next monitor check at: 01:04:13
[2025-06-16 00:55:13] [DEBUG] === MONITOR CHECK COMPLETE ===
[2025-06-16 01:04:13] [DEBUG] === MONITOR CHECK CYCLE ===
[2025-06-16 01:04:13] [DEBUG] Found 6 running PowerShell terminal windows (excluding monitoring window)
[2025-06-16 01:04:13] [INFO] Monitor Status: Running=6, Required=4, Max=7
[2025-06-16 01:04:13] [DEBUG] Window count OK: 6 >= 4 (minimum)
[2025-06-16 01:04:13] [DEBUG] Next monitor check at: 01:13:13
[2025-06-16 01:04:13] [DEBUG] === MONITOR CHECK COMPLETE ===
[2025-06-16 01:13:13] [DEBUG] === MONITOR CHECK CYCLE ===
[2025-06-16 01:13:13] [DEBUG] Found 5 running PowerShell terminal windows (excluding monitoring window)
[2025-06-16 01:13:13] [INFO] Monitor Status: Running=5, Required=4, Max=7
[2025-06-16 01:13:13] [DEBUG] Window count OK: 5 >= 4 (minimum)
[2025-06-16 01:13:13] [DEBUG] Next monitor check at: 01:22:13
[2025-06-16 01:13:13] [DEBUG] === MONITOR CHECK COMPLETE ===
[2025-06-16 01:22:13] [DEBUG] === MONITOR CHECK CYCLE ===
[2025-06-16 01:22:13] [DEBUG] Found 5 running PowerShell terminal windows (excluding monitoring window)
[2025-06-16 01:22:13] [INFO] Monitor Status: Running=5, Required=4, Max=7
[2025-06-16 01:22:13] [DEBUG] Window count OK: 5 >= 4 (minimum)
[2025-06-16 01:22:13] [DEBUG] Next monitor check at: 01:31:13
[2025-06-16 01:22:13] [DEBUG] === MONITOR CHECK COMPLETE ===
[2025-06-16 01:31:13] [DEBUG] === MONITOR CHECK CYCLE ===
[2025-06-16 01:31:13] [DEBUG] Found 5 running PowerShell terminal windows (excluding monitoring window)
[2025-06-16 01:31:13] [INFO] Monitor Status: Running=5, Required=4, Max=7
[2025-06-16 01:31:13] [DEBUG] Window count OK: 5 >= 4 (minimum)
[2025-06-16 01:31:13] [DEBUG] Next monitor check at: 01:40:13
[2025-06-16 01:31:13] [DEBUG] === MONITOR CHECK COMPLETE ===
[2025-06-16 01:40:13] [DEBUG] === MONITOR CHECK CYCLE ===
[2025-06-16 01:40:13] [DEBUG] Found 4 running PowerShell terminal windows (excluding monitoring window)
[2025-06-16 01:40:13] [INFO] Monitor Status: Running=4, Required=4, Max=7
[2025-06-16 01:40:13] [DEBUG] Window count OK: 4 >= 4 (minimum)
[2025-06-16 01:40:13] [DEBUG] Next monitor check at: 01:49:13
[2025-06-16 01:40:13] [DEBUG] === MONITOR CHECK COMPLETE ===
[2025-06-16 01:49:13] [DEBUG] === MONITOR CHECK CYCLE ===
[2025-06-16 01:49:13] [DEBUG] Found 4 running PowerShell terminal windows (excluding monitoring window)
[2025-06-16 01:49:13] [INFO] Monitor Status: Running=4, Required=4, Max=7
[2025-06-16 01:49:13] [DEBUG] Window count OK: 4 >= 4 (minimum)
[2025-06-16 01:49:13] [DEBUG] Next monitor check at: 01:58:13
[2025-06-16 01:49:13] [DEBUG] === MONITOR CHECK COMPLETE ===
[2025-06-16 01:58:13] [DEBUG] === MONITOR CHECK CYCLE ===
[2025-06-16 01:58:13] [DEBUG] Found 4 running PowerShell terminal windows (excluding monitoring window)
[2025-06-16 01:58:13] [INFO] Monitor Status: Running=4, Required=4, Max=7
[2025-06-16 01:58:13] [DEBUG] Window count OK: 4 >= 4 (minimum)
[2025-06-16 01:58:13] [DEBUG] Next monitor check at: 02:07:13
[2025-06-16 01:58:13] [DEBUG] === MONITOR CHECK COMPLETE ===
[2025-06-16 02:07:13] [DEBUG] === MONITOR CHECK CYCLE ===
[2025-06-16 02:07:14] [DEBUG] Found 4 running PowerShell terminal windows (excluding monitoring window)
[2025-06-16 02:07:14] [INFO] Monitor Status: Running=4, Required=4, Max=7
[2025-06-16 02:07:14] [DEBUG] Window count OK: 4 >= 4 (minimum)
[2025-06-16 02:07:14] [DEBUG] Next monitor check at: 02:16:14
[2025-06-16 02:07:14] [DEBUG] === MONITOR CHECK COMPLETE ===
[2025-06-16 02:16:14] [DEBUG] === MONITOR CHECK CYCLE ===
[2025-06-16 02:16:14] [DEBUG] Found 4 running PowerShell terminal windows (excluding monitoring window)
[2025-06-16 02:16:14] [INFO] Monitor Status: Running=4, Required=4, Max=7
[2025-06-16 02:16:14] [DEBUG] Window count OK: 4 >= 4 (minimum)
[2025-06-16 02:16:14] [DEBUG] Next monitor check at: 02:25:14
[2025-06-16 02:16:14] [DEBUG] === MONITOR CHECK COMPLETE ===
[2025-06-16 02:25:14] [DEBUG] === MONITOR CHECK CYCLE ===
[2025-06-16 02:25:14] [DEBUG] Found 4 running PowerShell terminal windows (excluding monitoring window)
[2025-06-16 02:25:14] [INFO] Monitor Status: Running=4, Required=4, Max=7
[2025-06-16 02:25:14] [DEBUG] Window count OK: 4 >= 4 (minimum)
[2025-06-16 02:25:14] [DEBUG] Next monitor check at: 02:34:14
[2025-06-16 02:25:14] [DEBUG] === MONITOR CHECK COMPLETE ===
[2025-06-16 02:34:14] [DEBUG] === MONITOR CHECK CYCLE ===
[2025-06-16 02:34:14] [DEBUG] Found 4 running PowerShell terminal windows (excluding monitoring window)
[2025-06-16 02:34:14] [INFO] Monitor Status: Running=4, Required=4, Max=7
[2025-06-16 02:34:14] [DEBUG] Window count OK: 4 >= 4 (minimum)
[2025-06-16 02:34:14] [DEBUG] Next monitor check at: 02:43:14
[2025-06-16 02:34:14] [DEBUG] === MONITOR CHECK COMPLETE ===
[2025-06-16 02:43:14] [DEBUG] === MONITOR CHECK CYCLE ===
[2025-06-16 02:43:14] [DEBUG] Found 4 running PowerShell terminal windows (excluding monitoring window)
[2025-06-16 02:43:14] [INFO] Monitor Status: Running=4, Required=4, Max=7
[2025-06-16 02:43:14] [DEBUG] Window count OK: 4 >= 4 (minimum)
[2025-06-16 02:43:14] [DEBUG] Next monitor check at: 02:52:14
[2025-06-16 02:43:14] [DEBUG] === MONITOR CHECK COMPLETE ===
[2025-06-16 02:52:14] [DEBUG] === MONITOR CHECK CYCLE ===
[2025-06-16 02:52:14] [DEBUG] Found 4 running PowerShell terminal windows (excluding monitoring window)
[2025-06-16 02:52:14] [INFO] Monitor Status: Running=4, Required=4, Max=7
[2025-06-16 02:52:14] [DEBUG] Window count OK: 4 >= 4 (minimum)
[2025-06-16 02:52:14] [DEBUG] Next monitor check at: 03:01:14
[2025-06-16 02:52:14] [DEBUG] === MONITOR CHECK COMPLETE ===
[2025-06-16 03:01:14] [DEBUG] === MONITOR CHECK CYCLE ===
[2025-06-16 03:01:14] [DEBUG] Found 6 running PowerShell terminal windows (excluding monitoring window)
[2025-06-16 03:01:14] [INFO] Monitor Status: Running=6, Required=4, Max=7
[2025-06-16 03:01:14] [DEBUG] Window count OK: 6 >= 4 (minimum)
[2025-06-16 03:01:14] [DEBUG] Next monitor check at: 03:10:14
[2025-06-16 03:01:14] [DEBUG] === MONITOR CHECK COMPLETE ===
[2025-06-16 03:10:14] [DEBUG] === MONITOR CHECK CYCLE ===
[2025-06-16 03:10:14] [DEBUG] Found 6 running PowerShell terminal windows (excluding monitoring window)
[2025-06-16 03:10:14] [INFO] Monitor Status: Running=6, Required=4, Max=7
[2025-06-16 03:10:14] [DEBUG] Window count OK: 6 >= 4 (minimum)
[2025-06-16 03:10:14] [DEBUG] Next monitor check at: 03:19:14
[2025-06-16 03:10:14] [DEBUG] === MONITOR CHECK COMPLETE ===
[2025-06-16 03:19:14] [DEBUG] === MONITOR CHECK CYCLE ===
[2025-06-16 03:19:15] [DEBUG] Found 6 running PowerShell terminal windows (excluding monitoring window)
[2025-06-16 03:19:15] [INFO] Monitor Status: Running=6, Required=4, Max=7
[2025-06-16 03:19:15] [DEBUG] Window count OK: 6 >= 4 (minimum)
[2025-06-16 03:19:15] [DEBUG] Next monitor check at: 03:28:15
[2025-06-16 03:19:15] [DEBUG] === MONITOR CHECK COMPLETE ===
[2025-06-16 03:28:15] [DEBUG] === MONITOR CHECK CYCLE ===
[2025-06-16 03:28:15] [DEBUG] Found 6 running PowerShell terminal windows (excluding monitoring window)
[2025-06-16 03:28:15] [INFO] Monitor Status: Running=6, Required=4, Max=7
[2025-06-16 03:28:15] [DEBUG] Window count OK: 6 >= 4 (minimum)
[2025-06-16 03:28:15] [DEBUG] Next monitor check at: 03:37:15
[2025-06-16 03:28:15] [DEBUG] === MONITOR CHECK COMPLETE ===
[2025-06-16 03:37:15] [DEBUG] === MONITOR CHECK CYCLE ===
[2025-06-16 03:37:15] [DEBUG] Found 6 running PowerShell terminal windows (excluding monitoring window)
[2025-06-16 03:37:15] [INFO] Monitor Status: Running=6, Required=4, Max=7
[2025-06-16 03:37:15] [DEBUG] Window count OK: 6 >= 4 (minimum)
[2025-06-16 03:37:15] [DEBUG] Next monitor check at: 03:46:15
[2025-06-16 03:37:15] [DEBUG] === MONITOR CHECK COMPLETE ===
[2025-06-16 03:46:15] [DEBUG] === MONITOR CHECK CYCLE ===
[2025-06-16 03:46:15] [DEBUG] Found 6 running PowerShell terminal windows (excluding monitoring window)
[2025-06-16 03:46:15] [INFO] Monitor Status: Running=6, Required=4, Max=7
[2025-06-16 03:46:15] [DEBUG] Window count OK: 6 >= 4 (minimum)
[2025-06-16 03:46:15] [DEBUG] Next monitor check at: 03:55:15
[2025-06-16 03:46:15] [DEBUG] === MONITOR CHECK COMPLETE ===
[2025-06-16 03:55:15] [DEBUG] === MONITOR CHECK CYCLE ===
[2025-06-16 03:55:15] [DEBUG] Found 6 running PowerShell terminal windows (excluding monitoring window)
[2025-06-16 03:55:15] [INFO] Monitor Status: Running=6, Required=4, Max=7
[2025-06-16 03:55:15] [DEBUG] Window count OK: 6 >= 4 (minimum)
[2025-06-16 03:55:15] [DEBUG] Next monitor check at: 04:04:15
[2025-06-16 03:55:15] [DEBUG] === MONITOR CHECK COMPLETE ===
[2025-06-16 04:04:15] [DEBUG] === MONITOR CHECK CYCLE ===
[2025-06-16 04:04:15] [DEBUG] Found 5 running PowerShell terminal windows (excluding monitoring window)
[2025-06-16 04:04:15] [INFO] Monitor Status: Running=5, Required=4, Max=7
[2025-06-16 04:04:15] [DEBUG] Window count OK: 5 >= 4 (minimum)
[2025-06-16 04:04:15] [DEBUG] Next monitor check at: 04:13:15
[2025-06-16 04:04:15] [DEBUG] === MONITOR CHECK COMPLETE ===
[2025-06-16 04:13:15] [DEBUG] === MONITOR CHECK CYCLE ===
[2025-06-16 04:13:15] [DEBUG] Found 5 running PowerShell terminal windows (excluding monitoring window)
[2025-06-16 04:13:15] [INFO] Monitor Status: Running=5, Required=4, Max=7
[2025-06-16 04:13:15] [DEBUG] Window count OK: 5 >= 4 (minimum)
[2025-06-16 04:13:15] [DEBUG] Next monitor check at: 04:22:15
[2025-06-16 04:13:15] [DEBUG] === MONITOR CHECK COMPLETE ===
[2025-06-16 04:22:15] [DEBUG] === MONITOR CHECK CYCLE ===
[2025-06-16 04:22:16] [DEBUG] Found 5 running PowerShell terminal windows (excluding monitoring window)
[2025-06-16 04:22:16] [INFO] Monitor Status: Running=5, Required=4, Max=7
[2025-06-16 04:22:16] [DEBUG] Window count OK: 5 >= 4 (minimum)
[2025-06-16 04:22:16] [DEBUG] Next monitor check at: 04:31:16
[2025-06-16 04:22:16] [DEBUG] === MONITOR CHECK COMPLETE ===
[2025-06-16 04:31:16] [DEBUG] === MONITOR CHECK CYCLE ===
[2025-06-16 04:31:16] [DEBUG] Found 5 running PowerShell terminal windows (excluding monitoring window)
[2025-06-16 04:31:16] [INFO] Monitor Status: Running=5, Required=4, Max=7
[2025-06-16 04:31:16] [DEBUG] Window count OK: 5 >= 4 (minimum)
[2025-06-16 04:31:16] [DEBUG] Next monitor check at: 04:40:16
[2025-06-16 04:31:16] [DEBUG] === MONITOR CHECK COMPLETE ===
[2025-06-16 04:40:16] [DEBUG] === MONITOR CHECK CYCLE ===
[2025-06-16 04:40:16] [DEBUG] Found 5 running PowerShell terminal windows (excluding monitoring window)
[2025-06-16 04:40:16] [INFO] Monitor Status: Running=5, Required=4, Max=7
[2025-06-16 04:40:16] [DEBUG] Window count OK: 5 >= 4 (minimum)
[2025-06-16 04:40:16] [DEBUG] Next monitor check at: 04:49:16
[2025-06-16 04:40:16] [DEBUG] === MONITOR CHECK COMPLETE ===
[2025-06-16 04:49:16] [DEBUG] === MONITOR CHECK CYCLE ===
[2025-06-16 04:49:16] [DEBUG] Found 5 running PowerShell terminal windows (excluding monitoring window)
[2025-06-16 04:49:16] [INFO] Monitor Status: Running=5, Required=4, Max=7
[2025-06-16 04:49:16] [DEBUG] Window count OK: 5 >= 4 (minimum)
[2025-06-16 04:49:16] [DEBUG] Next monitor check at: 04:58:16
[2025-06-16 04:49:16] [DEBUG] === MONITOR CHECK COMPLETE ===
[2025-06-16 04:58:16] [DEBUG] === MONITOR CHECK CYCLE ===
[2025-06-16 04:58:16] [DEBUG] Found 5 running PowerShell terminal windows (excluding monitoring window)
[2025-06-16 04:58:16] [INFO] Monitor Status: Running=5, Required=4, Max=7
[2025-06-16 04:58:16] [DEBUG] Window count OK: 5 >= 4 (minimum)
[2025-06-16 04:58:16] [DEBUG] Next monitor check at: 05:07:16
[2025-06-16 04:58:16] [DEBUG] === MONITOR CHECK COMPLETE ===
[2025-06-16 05:07:16] [DEBUG] === MONITOR CHECK CYCLE ===
[2025-06-16 05:07:16] [DEBUG] Found 5 running PowerShell terminal windows (excluding monitoring window)
[2025-06-16 05:07:16] [INFO] Monitor Status: Running=5, Required=4, Max=7
[2025-06-16 05:07:16] [DEBUG] Window count OK: 5 >= 4 (minimum)
[2025-06-16 05:07:16] [DEBUG] Next monitor check at: 05:16:16
[2025-06-16 05:07:16] [DEBUG] === MONITOR CHECK COMPLETE ===
[2025-06-16 05:16:16] [DEBUG] === MONITOR CHECK CYCLE ===
[2025-06-16 05:16:16] [DEBUG] Found 5 running PowerShell terminal windows (excluding monitoring window)
[2025-06-16 05:16:16] [INFO] Monitor Status: Running=5, Required=4, Max=7
[2025-06-16 05:16:16] [DEBUG] Window count OK: 5 >= 4 (minimum)
[2025-06-16 05:16:16] [DEBUG] Next monitor check at: 05:25:16
[2025-06-16 05:16:16] [DEBUG] === MONITOR CHECK COMPLETE ===
[2025-06-16 05:25:16] [DEBUG] === MONITOR CHECK CYCLE ===
[2025-06-16 05:25:16] [DEBUG] Found 5 running PowerShell terminal windows (excluding monitoring window)
[2025-06-16 05:25:16] [INFO] Monitor Status: Running=5, Required=4, Max=7
[2025-06-16 05:25:16] [DEBUG] Window count OK: 5 >= 4 (minimum)
[2025-06-16 05:25:16] [DEBUG] Next monitor check at: 05:34:16
[2025-06-16 05:25:16] [DEBUG] === MONITOR CHECK COMPLETE ===
[2025-06-16 05:34:16] [DEBUG] === MONITOR CHECK CYCLE ===
[2025-06-16 05:34:17] [DEBUG] Found 5 running PowerShell terminal windows (excluding monitoring window)
[2025-06-16 05:34:17] [INFO] Monitor Status: Running=5, Required=4, Max=7
[2025-06-16 05:34:17] [DEBUG] Window count OK: 5 >= 4 (minimum)
[2025-06-16 05:34:17] [DEBUG] Next monitor check at: 05:43:17
[2025-06-16 05:34:17] [DEBUG] === MONITOR CHECK COMPLETE ===
[2025-06-16 05:43:17] [DEBUG] === MONITOR CHECK CYCLE ===
[2025-06-16 05:43:17] [DEBUG] Found 5 running PowerShell terminal windows (excluding monitoring window)
[2025-06-16 05:43:17] [INFO] Monitor Status: Running=5, Required=4, Max=7
[2025-06-16 05:43:17] [DEBUG] Window count OK: 5 >= 4 (minimum)
[2025-06-16 05:43:17] [DEBUG] Next monitor check at: 05:52:17
[2025-06-16 05:43:17] [DEBUG] === MONITOR CHECK COMPLETE ===
[2025-06-16 05:52:17] [DEBUG] === MONITOR CHECK CYCLE ===
[2025-06-16 05:52:17] [DEBUG] Found 5 running PowerShell terminal windows (excluding monitoring window)
[2025-06-16 05:52:17] [INFO] Monitor Status: Running=5, Required=4, Max=7
[2025-06-16 05:52:17] [DEBUG] Window count OK: 5 >= 4 (minimum)
[2025-06-16 05:52:17] [DEBUG] Next monitor check at: 06:01:17
[2025-06-16 05:52:17] [DEBUG] === MONITOR CHECK COMPLETE ===
[2025-06-16 06:01:17] [DEBUG] === MONITOR CHECK CYCLE ===
[2025-06-16 06:01:17] [DEBUG] Found 5 running PowerShell terminal windows (excluding monitoring window)
[2025-06-16 06:01:17] [INFO] Monitor Status: Running=5, Required=4, Max=7
[2025-06-16 06:01:17] [DEBUG] Window count OK: 5 >= 4 (minimum)
[2025-06-16 06:01:17] [DEBUG] Next monitor check at: 06:10:17
[2025-06-16 06:01:17] [DEBUG] === MONITOR CHECK COMPLETE ===
[2025-06-16 06:10:17] [DEBUG] === MONITOR CHECK CYCLE ===
[2025-06-16 06:10:17] [DEBUG] Found 5 running PowerShell terminal windows (excluding monitoring window)
[2025-06-16 06:10:17] [INFO] Monitor Status: Running=5, Required=4, Max=7
[2025-06-16 06:10:17] [DEBUG] Window count OK: 5 >= 4 (minimum)
[2025-06-16 06:10:17] [DEBUG] Next monitor check at: 06:19:17
[2025-06-16 06:10:17] [DEBUG] === MONITOR CHECK COMPLETE ===
[2025-06-16 06:19:17] [DEBUG] === MONITOR CHECK CYCLE ===
[2025-06-16 06:19:17] [DEBUG] Found 5 running PowerShell terminal windows (excluding monitoring window)
[2025-06-16 06:19:17] [INFO] Monitor Status: Running=5, Required=4, Max=7
[2025-06-16 06:19:17] [DEBUG] Window count OK: 5 >= 4 (minimum)
[2025-06-16 06:19:17] [DEBUG] Next monitor check at: 06:28:17
[2025-06-16 06:19:17] [DEBUG] === MONITOR CHECK COMPLETE ===
[2025-06-16 06:28:17] [DEBUG] === MONITOR CHECK CYCLE ===
[2025-06-16 06:28:17] [DEBUG] Found 5 running PowerShell terminal windows (excluding monitoring window)
[2025-06-16 06:28:17] [INFO] Monitor Status: Running=5, Required=4, Max=7
[2025-06-16 06:28:17] [DEBUG] Window count OK: 5 >= 4 (minimum)
[2025-06-16 06:28:17] [DEBUG] Next monitor check at: 06:37:17
[2025-06-16 06:28:17] [DEBUG] === MONITOR CHECK COMPLETE ===
[2025-06-16 06:37:17] [DEBUG] === MONITOR CHECK CYCLE ===
[2025-06-16 06:37:17] [DEBUG] Found 5 running PowerShell terminal windows (excluding monitoring window)
[2025-06-16 06:37:17] [INFO] Monitor Status: Running=5, Required=4, Max=7
[2025-06-16 06:37:17] [DEBUG] Window count OK: 5 >= 4 (minimum)
[2025-06-16 06:37:17] [DEBUG] Next monitor check at: 06:46:17
[2025-06-16 06:37:17] [DEBUG] === MONITOR CHECK COMPLETE ===
[2025-06-16 06:46:17] [DEBUG] === MONITOR CHECK CYCLE ===
[2025-06-16 06:46:17] [DEBUG] Found 5 running PowerShell terminal windows (excluding monitoring window)
[2025-06-16 06:46:17] [INFO] Monitor Status: Running=5, Required=4, Max=7
[2025-06-16 06:46:17] [DEBUG] Window count OK: 5 >= 4 (minimum)
[2025-06-16 06:46:17] [DEBUG] Next monitor check at: 06:55:17
[2025-06-16 06:46:17] [DEBUG] === MONITOR CHECK COMPLETE ===
[2025-06-16 06:55:17] [DEBUG] === MONITOR CHECK CYCLE ===
[2025-06-16 06:55:18] [DEBUG] Found 5 running PowerShell terminal windows (excluding monitoring window)
[2025-06-16 06:55:18] [INFO] Monitor Status: Running=5, Required=4, Max=7
[2025-06-16 06:55:18] [DEBUG] Window count OK: 5 >= 4 (minimum)
[2025-06-16 06:55:18] [DEBUG] Next monitor check at: 07:04:18
[2025-06-16 06:55:18] [DEBUG] === MONITOR CHECK COMPLETE ===
[2025-06-16 07:04:18] [DEBUG] === MONITOR CHECK CYCLE ===
[2025-06-16 07:04:18] [DEBUG] Found 5 running PowerShell terminal windows (excluding monitoring window)
[2025-06-16 07:04:18] [INFO] Monitor Status: Running=5, Required=4, Max=7
[2025-06-16 07:04:18] [DEBUG] Window count OK: 5 >= 4 (minimum)
[2025-06-16 07:04:18] [DEBUG] Next monitor check at: 07:13:18
[2025-06-16 07:04:18] [DEBUG] === MONITOR CHECK COMPLETE ===
[2025-06-16 07:13:18] [DEBUG] === MONITOR CHECK CYCLE ===
[2025-06-16 07:13:18] [DEBUG] Found 5 running PowerShell terminal windows (excluding monitoring window)
[2025-06-16 07:13:18] [INFO] Monitor Status: Running=5, Required=4, Max=7
[2025-06-16 07:13:18] [DEBUG] Window count OK: 5 >= 4 (minimum)
[2025-06-16 07:13:18] [DEBUG] Next monitor check at: 07:22:18
[2025-06-16 07:13:18] [DEBUG] === MONITOR CHECK COMPLETE ===
[2025-06-16 07:22:18] [DEBUG] === MONITOR CHECK CYCLE ===
[2025-06-16 07:22:18] [DEBUG] Found 5 running PowerShell terminal windows (excluding monitoring window)
[2025-06-16 07:22:18] [INFO] Monitor Status: Running=5, Required=4, Max=7
[2025-06-16 07:22:18] [DEBUG] Window count OK: 5 >= 4 (minimum)
[2025-06-16 07:22:18] [DEBUG] Next monitor check at: 07:31:18
[2025-06-16 07:22:18] [DEBUG] === MONITOR CHECK COMPLETE ===
[2025-06-16 07:31:18] [DEBUG] === MONITOR CHECK CYCLE ===
[2025-06-16 07:31:18] [DEBUG] Found 5 running PowerShell terminal windows (excluding monitoring window)
[2025-06-16 07:31:18] [INFO] Monitor Status: Running=5, Required=4, Max=7
[2025-06-16 07:31:18] [DEBUG] Window count OK: 5 >= 4 (minimum)
[2025-06-16 07:31:18] [DEBUG] Next monitor check at: 07:40:18
[2025-06-16 07:31:18] [DEBUG] === MONITOR CHECK COMPLETE ===
[2025-06-16 07:40:18] [DEBUG] === MONITOR CHECK CYCLE ===
[2025-06-16 07:40:18] [DEBUG] Found 5 running PowerShell terminal windows (excluding monitoring window)
[2025-06-16 07:40:18] [INFO] Monitor Status: Running=5, Required=4, Max=7
[2025-06-16 07:40:18] [DEBUG] Window count OK: 5 >= 4 (minimum)
[2025-06-16 07:40:18] [DEBUG] Next monitor check at: 07:49:18
[2025-06-16 07:40:18] [DEBUG] === MONITOR CHECK COMPLETE ===
[2025-06-16 07:49:18] [DEBUG] === MONITOR CHECK CYCLE ===
[2025-06-16 07:49:18] [DEBUG] Found 5 running PowerShell terminal windows (excluding monitoring window)
[2025-06-16 07:49:18] [INFO] Monitor Status: Running=5, Required=4, Max=7
[2025-06-16 07:49:18] [DEBUG] Window count OK: 5 >= 4 (minimum)
[2025-06-16 07:49:18] [DEBUG] Next monitor check at: 07:58:18
[2025-06-16 07:49:18] [DEBUG] === MONITOR CHECK COMPLETE ===
[2025-06-16 07:58:18] [DEBUG] === MONITOR CHECK CYCLE ===
[2025-06-16 07:58:18] [DEBUG] Found 5 running PowerShell terminal windows (excluding monitoring window)
[2025-06-16 07:58:18] [INFO] Monitor Status: Running=5, Required=4, Max=7
[2025-06-16 07:58:18] [DEBUG] Window count OK: 5 >= 4 (minimum)
[2025-06-16 07:58:18] [DEBUG] Next monitor check at: 08:07:18
[2025-06-16 07:58:18] [DEBUG] === MONITOR CHECK COMPLETE ===
[2025-06-16 08:07:18] [DEBUG] === MONITOR CHECK CYCLE ===
[2025-06-16 08:07:18] [DEBUG] Found 5 running PowerShell terminal windows (excluding monitoring window)
[2025-06-16 08:07:18] [INFO] Monitor Status: Running=5, Required=4, Max=7
[2025-06-16 08:07:18] [DEBUG] Window count OK: 5 >= 4 (minimum)
[2025-06-16 08:07:18] [DEBUG] Next monitor check at: 08:16:18
[2025-06-16 08:07:18] [DEBUG] === MONITOR CHECK COMPLETE ===
[2025-06-16 08:16:19] [DEBUG] === MONITOR CHECK CYCLE ===
[2025-06-16 08:16:19] [DEBUG] Found 5 running PowerShell terminal windows (excluding monitoring window)
[2025-06-16 08:16:19] [INFO] Monitor Status: Running=5, Required=4, Max=7
[2025-06-16 08:16:19] [DEBUG] Window count OK: 5 >= 4 (minimum)
[2025-06-16 08:16:19] [DEBUG] Next monitor check at: 08:25:19
[2025-06-16 08:16:19] [DEBUG] === MONITOR CHECK COMPLETE ===
[2025-06-16 08:25:19] [DEBUG] === MONITOR CHECK CYCLE ===
[2025-06-16 08:25:19] [DEBUG] Found 5 running PowerShell terminal windows (excluding monitoring window)
[2025-06-16 08:25:19] [INFO] Monitor Status: Running=5, Required=4, Max=7
[2025-06-16 08:25:19] [DEBUG] Window count OK: 5 >= 4 (minimum)
[2025-06-16 08:25:19] [DEBUG] Next monitor check at: 08:34:19
[2025-06-16 08:25:19] [DEBUG] === MONITOR CHECK COMPLETE ===
[2025-06-16 08:34:19] [DEBUG] === MONITOR CHECK CYCLE ===
[2025-06-16 08:34:19] [DEBUG] Found 5 running PowerShell terminal windows (excluding monitoring window)
[2025-06-16 08:34:19] [INFO] Monitor Status: Running=5, Required=4, Max=7
[2025-06-16 08:34:19] [DEBUG] Window count OK: 5 >= 4 (minimum)
[2025-06-16 08:34:19] [DEBUG] Next monitor check at: 08:43:19
[2025-06-16 08:34:19] [DEBUG] === MONITOR CHECK COMPLETE ===
[2025-06-16 08:43:19] [DEBUG] === MONITOR CHECK CYCLE ===
[2025-06-16 08:43:19] [DEBUG] Found 5 running PowerShell terminal windows (excluding monitoring window)
[2025-06-16 08:43:19] [INFO] Monitor Status: Running=5, Required=4, Max=7
[2025-06-16 08:43:19] [DEBUG] Window count OK: 5 >= 4 (minimum)
[2025-06-16 08:43:19] [DEBUG] Next monitor check at: 08:52:19
[2025-06-16 08:43:19] [DEBUG] === MONITOR CHECK COMPLETE ===
[2025-06-16 09:21:27] [INFO] === ENHANCED STANDALONE WINDOW MONITOR STARTING ===
[2025-06-16 09:21:27] [INFO] Monitor PID: 17556
[2025-06-16 09:21:27] [INFO] Configuration file: C:\Users\SanyaKhasenye(Sensit\WorkingDir\PowerShell\PwshWindowManager\.\PwshWindowManager.json
[2025-06-16 09:21:27] [INFO] Logging to: C:\Users\SanyaKhasenye(Sensit\WorkingDir\PowerShell\PwshWindowManager\Logs\2025\06\16\StandaloneMonitor_20250616.log
[2025-06-16 09:21:27] [INFO] Configuration loaded from C:\Users\SanyaKhasenye(Sensit\WorkingDir\PowerShell\PwshWindowManager\.\PwshWindowManager.json
[2025-06-16 09:21:27] [INFO] === PATH VERIFICATION ===
[2025-06-16 09:21:27] [DEBUG] Base path: C:\Users\SanyaKhasenye(Sensit\WorkingDir\PowerShell
[2025-06-16 09:21:27] [DEBUG] Countdown script: C:\Users\SanyaKhasenye(Sensit\WorkingDir\PowerShell\CountDownTimers\Start-Countdown.ps1
[2025-06-16 09:21:27] [DEBUG] Orchestrator directory: C:\Users\SanyaKhasenye(Sensit\WorkingDir\PowerShell\ActivityGenerator.v3
[2025-06-16 09:21:27] [DEBUG] Orchestrator script: C:\Users\SanyaKhasenye(Sensit\WorkingDir\PowerShell\ActivityGenerator.v3\Start-ActivityOrchestrator_v0.1.ps1
[2025-06-16 09:21:27] [INFO] SUCCESS: Countdown script found
[2025-06-16 09:21:27] [INFO] SUCCESS: Orchestrator script found
[2025-06-16 09:21:27] [INFO] SUCCESS: Orchestrator directory found
[2025-06-16 09:21:27] [INFO] === PATH VERIFICATION COMPLETE ===
[2025-06-16 09:21:27] [INFO] === ENHANCED STANDALONE MONITORING STARTED ===
[2025-06-16 09:21:27] [INFO] Monitor settings - Min: 4, Max: 7, Check interval: 540s
[2025-06-16 09:21:27] [INFO] Will add 3 windows when count drops below minimum
[2025-06-16 09:21:27] [INFO] Monitoring mode: Continuous
[2025-06-16 09:21:27] [INFO] Press Ctrl+C to stop monitoring
[2025-06-16 09:21:27] [INFO] Monitoring mode: Continuous - No end time
[2025-06-16 09:21:27] [DEBUG] === MONITOR CHECK CYCLE ===
[2025-06-16 09:21:27] [DEBUG] Found 1 running PowerShell terminal windows (excluding monitoring window)
[2025-06-16 09:21:27] [INFO] Monitor Status: Running=1, Required=4, Max=7
[2025-06-16 09:21:27] [WARN] *** LOW WINDOW COUNT DETECTED ***
[2025-06-16 09:21:27] [WARN] Running: 1, Required: 4, Available slots: 6
[2025-06-16 09:21:27] [WARN] Launching 3 new windows...
[2025-06-16 09:21:27] [INFO] Launching window MONITOR_092127_1 with 27837 second countdown
[2025-06-16 09:21:27] [DEBUG] Preparing to launch window MONITOR_092127_1 with 27837 second countdown
[2025-06-16 09:21:27] [DEBUG] Creating temporary script: C:\Users\SANYAK~1\AppData\Local\Temp\OrchestratorWindow_MONITOR_092127_1.ps1
[2025-06-16 09:21:27] [DEBUG] Auto-close timeout: 120 seconds
[2025-06-16 09:21:27] [INFO] Launched window MONITOR_092127_1 - 27837 second countdown
[2025-06-16 09:21:30] [INFO] Launching window MONITOR_092130_2 with 19552 second countdown
[2025-06-16 09:21:30] [DEBUG] Preparing to launch window MONITOR_092130_2 with 19552 second countdown
[2025-06-16 09:21:30] [DEBUG] Creating temporary script: C:\Users\SANYAK~1\AppData\Local\Temp\OrchestratorWindow_MONITOR_092130_2.ps1
[2025-06-16 09:21:30] [DEBUG] Auto-close timeout: 120 seconds
[2025-06-16 09:21:30] [INFO] Launched window MONITOR_092130_2 - 19552 second countdown
[2025-06-16 09:21:33] [INFO] Launching window MONITOR_092133_3 with 24286 second countdown
[2025-06-16 09:21:33] [DEBUG] Preparing to launch window MONITOR_092133_3 with 24286 second countdown
[2025-06-16 09:21:33] [DEBUG] Creating temporary script: C:\Users\SANYAK~1\AppData\Local\Temp\OrchestratorWindow_MONITOR_092133_3.ps1
[2025-06-16 09:21:33] [DEBUG] Auto-close timeout: 120 seconds
[2025-06-16 09:21:33] [INFO] Launched window MONITOR_092133_3 - 24286 second countdown
[2025-06-16 09:21:36] [INFO] Completed launching 3 replacement windows
[2025-06-16 09:21:36] [DEBUG] Next monitor check at: 09:30:36
[2025-06-16 09:21:36] [DEBUG] === MONITOR CHECK COMPLETE ===
[2025-06-16 09:30:36] [DEBUG] === MONITOR CHECK CYCLE ===
[2025-06-16 09:30:36] [DEBUG] Found 2 running PowerShell terminal windows (excluding monitoring window)
[2025-06-16 09:30:36] [INFO] Monitor Status: Running=2, Required=4, Max=7
[2025-06-16 09:30:36] [WARN] *** LOW WINDOW COUNT DETECTED ***
[2025-06-16 09:30:36] [WARN] Running: 2, Required: 4, Available slots: 5
[2025-06-16 09:30:36] [WARN] Launching 3 new windows...
[2025-06-16 09:30:36] [INFO] Launching window MONITOR_093036_1 with 11937 second countdown
[2025-06-16 09:30:36] [DEBUG] Preparing to launch window MONITOR_093036_1 with 11937 second countdown
[2025-06-16 09:30:36] [DEBUG] Creating temporary script: C:\Users\SANYAK~1\AppData\Local\Temp\OrchestratorWindow_MONITOR_093036_1.ps1
[2025-06-16 09:30:36] [DEBUG] Auto-close timeout: 120 seconds
[2025-06-16 09:30:36] [INFO] Launched window MONITOR_093036_1 - 11937 second countdown
[2025-06-16 09:30:39] [INFO] Launching window MONITOR_093039_2 with 12278 second countdown
[2025-06-16 09:30:39] [DEBUG] Preparing to launch window MONITOR_093039_2 with 12278 second countdown
[2025-06-16 09:30:39] [DEBUG] Creating temporary script: C:\Users\SANYAK~1\AppData\Local\Temp\OrchestratorWindow_MONITOR_093039_2.ps1
[2025-06-16 09:30:39] [DEBUG] Auto-close timeout: 120 seconds
[2025-06-16 09:30:39] [INFO] Launched window MONITOR_093039_2 - 12278 second countdown
[2025-06-16 09:30:42] [INFO] Launching window MONITOR_093042_3 with 23902 second countdown
[2025-06-16 09:30:42] [DEBUG] Preparing to launch window MONITOR_093042_3 with 23902 second countdown
[2025-06-16 09:30:42] [DEBUG] Creating temporary script: C:\Users\SANYAK~1\AppData\Local\Temp\OrchestratorWindow_MONITOR_093042_3.ps1
[2025-06-16 09:30:42] [DEBUG] Auto-close timeout: 120 seconds
[2025-06-16 09:30:43] [INFO] Launched window MONITOR_093042_3 - 23902 second countdown
[2025-06-16 09:30:46] [INFO] Completed launching 3 replacement windows
[2025-06-16 09:30:46] [DEBUG] Next monitor check at: 09:39:46
[2025-06-16 09:30:46] [DEBUG] === MONITOR CHECK COMPLETE ===
[2025-06-16 09:39:46] [DEBUG] === MONITOR CHECK CYCLE ===
[2025-06-16 09:39:46] [DEBUG] Found 1 running PowerShell terminal windows (excluding monitoring window)
[2025-06-16 09:39:46] [INFO] Monitor Status: Running=1, Required=4, Max=7
[2025-06-16 09:39:46] [WARN] *** LOW WINDOW COUNT DETECTED ***
[2025-06-16 09:39:46] [WARN] Running: 1, Required: 4, Available slots: 6
[2025-06-16 09:39:46] [WARN] Launching 3 new windows...
[2025-06-16 09:39:46] [INFO] Launching window MONITOR_093946_1 with 14014 second countdown
[2025-06-16 09:39:46] [DEBUG] Preparing to launch window MONITOR_093946_1 with 14014 second countdown
[2025-06-16 09:39:46] [DEBUG] Creating temporary script: C:\Users\SANYAK~1\AppData\Local\Temp\OrchestratorWindow_MONITOR_093946_1.ps1
[2025-06-16 09:39:46] [DEBUG] Auto-close timeout: 120 seconds
[2025-06-16 09:39:46] [INFO] Launched window MONITOR_093946_1 - 14014 second countdown
[2025-06-16 09:39:49] [INFO] Launching window MONITOR_093949_2 with 3024 second countdown
[2025-06-16 09:39:49] [DEBUG] Preparing to launch window MONITOR_093949_2 with 3024 second countdown
[2025-06-16 09:39:49] [DEBUG] Creating temporary script: C:\Users\SANYAK~1\AppData\Local\Temp\OrchestratorWindow_MONITOR_093949_2.ps1
[2025-06-16 09:39:49] [DEBUG] Auto-close timeout: 120 seconds
[2025-06-16 09:39:49] [INFO] Launched window MONITOR_093949_2 - 3024 second countdown
[2025-06-16 09:39:52] [INFO] Launching window MONITOR_093952_3 with 6540 second countdown
[2025-06-16 09:39:52] [DEBUG] Preparing to launch window MONITOR_093952_3 with 6540 second countdown
[2025-06-16 09:39:52] [DEBUG] Creating temporary script: C:\Users\SANYAK~1\AppData\Local\Temp\OrchestratorWindow_MONITOR_093952_3.ps1
[2025-06-16 09:39:52] [DEBUG] Auto-close timeout: 120 seconds
[2025-06-16 09:39:52] [INFO] Launched window MONITOR_093952_3 - 6540 second countdown
[2025-06-16 09:39:55] [INFO] Completed launching 3 replacement windows
[2025-06-16 09:39:55] [DEBUG] Next monitor check at: 09:48:55
[2025-06-16 09:39:55] [DEBUG] === MONITOR CHECK COMPLETE ===
[2025-06-16 09:48:55] [DEBUG] === MONITOR CHECK CYCLE ===
[2025-06-16 09:48:55] [DEBUG] Found 4 running PowerShell terminal windows (excluding monitoring window)
[2025-06-16 09:48:55] [INFO] Monitor Status: Running=4, Required=4, Max=7
[2025-06-16 09:48:55] [DEBUG] Window count OK: 4 >= 4 (minimum)
[2025-06-16 09:48:55] [DEBUG] Next monitor check at: 09:57:55
[2025-06-16 09:48:55] [DEBUG] === MONITOR CHECK COMPLETE ===
[2025-06-16 09:57:55] [DEBUG] === MONITOR CHECK CYCLE ===
[2025-06-16 09:57:55] [DEBUG] Found 4 running PowerShell terminal windows (excluding monitoring window)
[2025-06-16 09:57:55] [INFO] Monitor Status: Running=4, Required=4, Max=7
[2025-06-16 09:57:55] [DEBUG] Window count OK: 4 >= 4 (minimum)
[2025-06-16 09:57:55] [DEBUG] Next monitor check at: 10:06:55
[2025-06-16 09:57:55] [DEBUG] === MONITOR CHECK COMPLETE ===
[2025-06-16 10:06:55] [DEBUG] === MONITOR CHECK CYCLE ===
[2025-06-16 10:06:55] [DEBUG] Found 4 running PowerShell terminal windows (excluding monitoring window)
[2025-06-16 10:06:55] [INFO] Monitor Status: Running=4, Required=4, Max=7
[2025-06-16 10:06:55] [DEBUG] Window count OK: 4 >= 4 (minimum)
[2025-06-16 10:06:55] [DEBUG] Next monitor check at: 10:15:55
[2025-06-16 10:06:55] [DEBUG] === MONITOR CHECK COMPLETE ===
[2025-06-16 10:15:55] [DEBUG] === MONITOR CHECK CYCLE ===
[2025-06-16 10:15:55] [DEBUG] Found 6 running PowerShell terminal windows (excluding monitoring window)
[2025-06-16 10:15:55] [INFO] Monitor Status: Running=6, Required=4, Max=7
[2025-06-16 10:15:55] [DEBUG] Window count OK: 6 >= 4 (minimum)
[2025-06-16 10:15:55] [DEBUG] Next monitor check at: 10:24:55
[2025-06-16 10:15:55] [DEBUG] === MONITOR CHECK COMPLETE ===
[2025-06-16 10:24:55] [DEBUG] === MONITOR CHECK CYCLE ===
[2025-06-16 10:24:56] [DEBUG] Found 6 running PowerShell terminal windows (excluding monitoring window)
[2025-06-16 10:24:56] [INFO] Monitor Status: Running=6, Required=4, Max=7
[2025-06-16 10:24:56] [DEBUG] Window count OK: 6 >= 4 (minimum)
[2025-06-16 10:24:56] [DEBUG] Next monitor check at: 10:33:56
[2025-06-16 10:24:56] [DEBUG] === MONITOR CHECK COMPLETE ===
[2025-06-16 10:33:56] [DEBUG] === MONITOR CHECK CYCLE ===
[2025-06-16 10:33:56] [DEBUG] Found 6 running PowerShell terminal windows (excluding monitoring window)
[2025-06-16 10:33:56] [INFO] Monitor Status: Running=6, Required=4, Max=7
[2025-06-16 10:33:56] [DEBUG] Window count OK: 6 >= 4 (minimum)
[2025-06-16 10:33:56] [DEBUG] Next monitor check at: 10:42:56
[2025-06-16 10:33:56] [DEBUG] === MONITOR CHECK COMPLETE ===
[2025-06-16 10:42:56] [DEBUG] === MONITOR CHECK CYCLE ===
[2025-06-16 10:42:56] [DEBUG] Found 6 running PowerShell terminal windows (excluding monitoring window)
[2025-06-16 10:42:56] [INFO] Monitor Status: Running=6, Required=4, Max=7
[2025-06-16 10:42:56] [DEBUG] Window count OK: 6 >= 4 (minimum)
[2025-06-16 10:42:56] [DEBUG] Next monitor check at: 10:51:56
[2025-06-16 10:42:56] [DEBUG] === MONITOR CHECK COMPLETE ===
[2025-06-16 10:46:43] [INFO] === ENHANCED STANDALONE MONITORING ENDED ===
[2025-06-16 11:12:59] [INFO] === ENHANCED STANDALONE WINDOW MONITOR STARTING ===
[2025-06-16 11:12:59] [INFO] Monitor PID: 1828
[2025-06-16 11:12:59] [INFO] Configuration file: C:\Users\SanyaKhasenye(Sensit\WorkingDir\PowerShell\PwshWindowManager\.\PwshWindowManager.json
[2025-06-16 11:12:59] [INFO] Logging to: C:\Users\SanyaKhasenye(Sensit\WorkingDir\PowerShell\PwshWindowManager\Logs\2025\06\16\StandaloneMonitor_20250616.log
[2025-06-16 11:12:59] [INFO] Configuration loaded from C:\Users\SanyaKhasenye(Sensit\WorkingDir\PowerShell\PwshWindowManager\.\PwshWindowManager.json
[2025-06-16 11:12:59] [INFO] Window Configuration:
[2025-06-16 11:12:59] [INFO]   - Size: 100 x 14
[2025-06-16 11:12:59] [INFO]   - Color: 0A
[2025-06-16 11:12:59] [INFO]   - Font: Consolas 6pt (weight: 400)
[2025-06-16 11:12:59] [INFO]   - Auto-close: 120s (NoExit: False)
[2025-06-16 11:12:59] [INFO] === PATH VERIFICATION ===
[2025-06-16 11:12:59] [DEBUG] Base path: C:\Users\SanyaKhasenye(Sensit\WorkingDir\PowerShell
[2025-06-16 11:12:59] [DEBUG] Countdown script: C:\Users\SanyaKhasenye(Sensit\WorkingDir\PowerShell\CountDownTimers\Start-Countdown.ps1
[2025-06-16 11:12:59] [DEBUG] Orchestrator directory: C:\Users\SanyaKhasenye(Sensit\WorkingDir\PowerShell\ActivityGenerator.v3
[2025-06-16 11:12:59] [DEBUG] Orchestrator script: C:\Users\SanyaKhasenye(Sensit\WorkingDir\PowerShell\ActivityGenerator.v3\Start-ActivityOrchestrator_v0.1.ps1
[2025-06-16 11:12:59] [INFO] SUCCESS: Countdown script found
[2025-06-16 11:12:59] [INFO] SUCCESS: Orchestrator script found
[2025-06-16 11:13:00] [INFO] SUCCESS: Orchestrator directory found
[2025-06-16 11:13:00] [INFO] SUCCESS: Orchestrator config found
[2025-06-16 11:13:00] [INFO] === PATH VERIFICATION COMPLETE ===
[2025-06-16 11:13:00] [INFO] === ENHANCED STANDALONE MONITORING STARTED ===
[2025-06-16 11:13:00] [INFO] Monitor settings - Min: 4, Max: 7, Check interval: 540s
[2025-06-16 11:13:00] [INFO] Will add 3 windows when count drops below minimum
[2025-06-16 11:13:00] [INFO] Monitoring mode: Continuous
[2025-06-16 11:13:00] [INFO] Press Ctrl+C to stop monitoring
[2025-06-16 11:13:00] [INFO] Monitoring mode: Continuous - No end time
[2025-06-16 11:13:00] [DEBUG] === MONITOR CHECK CYCLE ===
[2025-06-16 11:13:00] [DEBUG] Found 6 running PowerShell terminal windows (excluding monitoring window)
[2025-06-16 11:13:00] [INFO] Monitor Status: Running=6, Required=4, Max=7
[2025-06-16 11:13:00] [DEBUG] Window count OK: 6 >= 4 (minimum)
[2025-06-16 11:13:00] [DEBUG] Next monitor check at: 11:22:00
[2025-06-16 11:13:00] [DEBUG] === MONITOR CHECK COMPLETE ===
[2025-06-16 11:13:53] [INFO] === ENHANCED STANDALONE MONITORING ENDED ===
[2025-06-16 11:13:55] [INFO] === ENHANCED STANDALONE WINDOW MONITOR STARTING ===
[2025-06-16 11:13:55] [INFO] Monitor PID: 8424
[2025-06-16 11:13:55] [INFO] Configuration file: C:\Users\SanyaKhasenye(Sensit\WorkingDir\PowerShell\PwshWindowManager\.\PwshWindowManager.json
[2025-06-16 11:13:55] [INFO] Logging to: C:\Users\SanyaKhasenye(Sensit\WorkingDir\PowerShell\PwshWindowManager\Logs\2025\06\16\StandaloneMonitor_20250616.log
[2025-06-16 11:13:55] [INFO] Configuration loaded from C:\Users\SanyaKhasenye(Sensit\WorkingDir\PowerShell\PwshWindowManager\.\PwshWindowManager.json
[2025-06-16 11:13:55] [INFO] Window Configuration:
[2025-06-16 11:13:55] [INFO]   - Size: 100 x 14
[2025-06-16 11:13:55] [INFO]   - Color: 0A
[2025-06-16 11:13:55] [INFO]   - Font: Consolas 6pt (weight: 400)
[2025-06-16 11:13:55] [INFO]   - Auto-close: 120s (NoExit: False)
[2025-06-16 11:13:55] [INFO] === PATH VERIFICATION ===
[2025-06-16 11:13:55] [DEBUG] Base path: C:\Users\SanyaKhasenye(Sensit\WorkingDir\PowerShell
[2025-06-16 11:13:55] [DEBUG] Countdown script: C:\Users\SanyaKhasenye(Sensit\WorkingDir\PowerShell\CountDownTimers\Start-Countdown.ps1
[2025-06-16 11:13:55] [DEBUG] Orchestrator directory: C:\Users\SanyaKhasenye(Sensit\WorkingDir\PowerShell\ActivityGenerator.v3
[2025-06-16 11:13:55] [DEBUG] Orchestrator script: C:\Users\SanyaKhasenye(Sensit\WorkingDir\PowerShell\ActivityGenerator.v3\Start-ActivityOrchestrator_v0.1.ps1
[2025-06-16 11:13:55] [INFO] SUCCESS: Countdown script found
[2025-06-16 11:13:55] [INFO] SUCCESS: Orchestrator script found
[2025-06-16 11:13:55] [INFO] SUCCESS: Orchestrator directory found
[2025-06-16 11:13:55] [INFO] SUCCESS: Orchestrator config found
[2025-06-16 11:13:55] [INFO] === PATH VERIFICATION COMPLETE ===
[2025-06-16 11:13:55] [INFO] === ENHANCED STANDALONE MONITORING STARTED ===
[2025-06-16 11:13:55] [INFO] Monitor settings - Min: 4, Max: 7, Check interval: 540s
[2025-06-16 11:13:55] [INFO] Will add 3 windows when count drops below minimum
[2025-06-16 11:13:55] [INFO] Monitoring mode: Continuous
[2025-06-16 11:13:55] [INFO] Press Ctrl+C to stop monitoring
[2025-06-16 11:13:55] [INFO] Monitoring mode: Continuous - No end time
[2025-06-16 11:13:55] [DEBUG] === MONITOR CHECK CYCLE ===
[2025-06-16 11:13:55] [DEBUG] Found 3 running PowerShell terminal windows (excluding monitoring window)
[2025-06-16 11:13:55] [INFO] Monitor Status: Running=3, Required=4, Max=7
[2025-06-16 11:13:55] [WARN] *** LOW WINDOW COUNT DETECTED ***
[2025-06-16 11:13:55] [WARN] Running: 3, Required: 4, Available slots: 4
[2025-06-16 11:13:55] [WARN] Launching 3 new windows...
[2025-06-16 11:13:55] [INFO] Launching window MONITOR_111355_1 with 2345 second countdown
[2025-06-16 11:13:55] [DEBUG] Preparing to launch window MONITOR_111355_1 with 2345 second countdown
[2025-06-16 11:13:56] [DEBUG] Creating temporary script: C:\Users\SANYAK~1\AppData\Local\Temp\OrchestratorWindow_MONITOR_111355_1.ps1
[2025-06-16 11:13:56] [DEBUG] Window settings - Size: 100x14, Color: 0A
[2025-06-16 11:13:56] [DEBUG] Font settings - Name: Consolas, Size: 6, Weight: 400
[2025-06-16 11:13:56] [DEBUG] Auto-close timeout: 120 seconds
[2025-06-16 11:13:56] [INFO] Launched window MONITOR_111355_1 - 2345 second countdown
[2025-06-16 11:13:59] [INFO] Launching window MONITOR_111359_2 with 11243 second countdown
[2025-06-16 11:13:59] [DEBUG] Preparing to launch window MONITOR_111359_2 with 11243 second countdown
[2025-06-16 11:13:59] [DEBUG] Creating temporary script: C:\Users\SANYAK~1\AppData\Local\Temp\OrchestratorWindow_MONITOR_111359_2.ps1
[2025-06-16 11:13:59] [DEBUG] Window settings - Size: 100x14, Color: 0A
[2025-06-16 11:13:59] [DEBUG] Font settings - Name: Consolas, Size: 6, Weight: 400
[2025-06-16 11:13:59] [DEBUG] Auto-close timeout: 120 seconds
[2025-06-16 11:13:59] [INFO] Launched window MONITOR_111359_2 - 11243 second countdown
[2025-06-16 11:14:02] [INFO] Launching window MONITOR_111402_3 with 18752 second countdown
[2025-06-16 11:14:02] [DEBUG] Preparing to launch window MONITOR_111402_3 with 18752 second countdown
[2025-06-16 11:14:02] [DEBUG] Creating temporary script: C:\Users\SANYAK~1\AppData\Local\Temp\OrchestratorWindow_MONITOR_111402_3.ps1
[2025-06-16 11:14:02] [DEBUG] Window settings - Size: 100x14, Color: 0A
[2025-06-16 11:14:02] [DEBUG] Font settings - Name: Consolas, Size: 6, Weight: 400
[2025-06-16 11:14:02] [DEBUG] Auto-close timeout: 120 seconds
[2025-06-16 11:14:02] [INFO] Launched window MONITOR_111402_3 - 18752 second countdown
[2025-06-16 11:14:05] [INFO] Completed launching 3 replacement windows
[2025-06-16 11:14:05] [DEBUG] Next monitor check at: 11:23:05
[2025-06-16 11:14:05] [DEBUG] === MONITOR CHECK COMPLETE ===
[2025-06-16 11:23:05] [DEBUG] === MONITOR CHECK CYCLE ===
[2025-06-16 11:23:05] [DEBUG] Found 7 running PowerShell terminal windows (excluding monitoring window)
[2025-06-16 11:23:05] [INFO] Monitor Status: Running=7, Required=4, Max=7
[2025-06-16 11:23:05] [DEBUG] Window count OK: 7 >= 4 (minimum)
[2025-06-16 11:23:05] [DEBUG] Next monitor check at: 11:32:05
[2025-06-16 11:23:05] [DEBUG] === MONITOR CHECK COMPLETE ===
[2025-06-16 11:32:05] [DEBUG] === MONITOR CHECK CYCLE ===
[2025-06-16 11:32:05] [DEBUG] Found 7 running PowerShell terminal windows (excluding monitoring window)
[2025-06-16 11:32:05] [INFO] Monitor Status: Running=7, Required=4, Max=7
[2025-06-16 11:32:05] [DEBUG] Window count OK: 7 >= 4 (minimum)
[2025-06-16 11:32:05] [DEBUG] Next monitor check at: 11:41:05
[2025-06-16 11:32:05] [DEBUG] === MONITOR CHECK COMPLETE ===
[2025-06-16 11:41:06] [DEBUG] === MONITOR CHECK CYCLE ===
[2025-06-16 11:41:06] [DEBUG] Found 7 running PowerShell terminal windows (excluding monitoring window)
[2025-06-16 11:41:06] [INFO] Monitor Status: Running=7, Required=4, Max=7
[2025-06-16 11:41:06] [DEBUG] Window count OK: 7 >= 4 (minimum)
[2025-06-16 11:41:06] [DEBUG] Next monitor check at: 11:50:06
[2025-06-16 11:41:06] [DEBUG] === MONITOR CHECK COMPLETE ===
[2025-06-16 11:50:06] [DEBUG] === MONITOR CHECK CYCLE ===
[2025-06-16 11:50:06] [DEBUG] Found 7 running PowerShell terminal windows (excluding monitoring window)
[2025-06-16 11:50:06] [INFO] Monitor Status: Running=7, Required=4, Max=7
[2025-06-16 11:50:06] [DEBUG] Window count OK: 7 >= 4 (minimum)
[2025-06-16 11:50:06] [DEBUG] Next monitor check at: 11:59:06
[2025-06-16 11:50:06] [DEBUG] === MONITOR CHECK COMPLETE ===
[2025-06-16 11:59:06] [DEBUG] === MONITOR CHECK CYCLE ===
[2025-06-16 11:59:06] [DEBUG] Found 7 running PowerShell terminal windows (excluding monitoring window)
[2025-06-16 11:59:06] [INFO] Monitor Status: Running=7, Required=4, Max=7
[2025-06-16 11:59:06] [DEBUG] Window count OK: 7 >= 4 (minimum)
[2025-06-16 11:59:06] [DEBUG] Next monitor check at: 12:08:06
[2025-06-16 11:59:06] [DEBUG] === MONITOR CHECK COMPLETE ===
[2025-06-16 12:08:06] [DEBUG] === MONITOR CHECK CYCLE ===
[2025-06-16 12:08:06] [DEBUG] Found 7 running PowerShell terminal windows (excluding monitoring window)
[2025-06-16 12:08:06] [INFO] Monitor Status: Running=7, Required=4, Max=7
[2025-06-16 12:08:06] [DEBUG] Window count OK: 7 >= 4 (minimum)
[2025-06-16 12:08:06] [DEBUG] Next monitor check at: 12:17:06
[2025-06-16 12:08:06] [DEBUG] === MONITOR CHECK COMPLETE ===
[2025-06-16 12:17:06] [DEBUG] === MONITOR CHECK CYCLE ===
[2025-06-16 12:17:06] [DEBUG] Found 7 running PowerShell terminal windows (excluding monitoring window)
[2025-06-16 12:17:06] [INFO] Monitor Status: Running=7, Required=4, Max=7
[2025-06-16 12:17:06] [DEBUG] Window count OK: 7 >= 4 (minimum)
[2025-06-16 12:17:06] [DEBUG] Next monitor check at: 12:26:06
[2025-06-16 12:17:06] [DEBUG] === MONITOR CHECK COMPLETE ===
[2025-06-16 12:26:06] [DEBUG] === MONITOR CHECK CYCLE ===
[2025-06-16 12:26:06] [DEBUG] Found 7 running PowerShell terminal windows (excluding monitoring window)
[2025-06-16 12:26:06] [INFO] Monitor Status: Running=7, Required=4, Max=7
[2025-06-16 12:26:06] [DEBUG] Window count OK: 7 >= 4 (minimum)
[2025-06-16 12:26:06] [DEBUG] Next monitor check at: 12:35:06
[2025-06-16 12:26:06] [DEBUG] === MONITOR CHECK COMPLETE ===
[2025-06-16 12:35:06] [DEBUG] === MONITOR CHECK CYCLE ===
[2025-06-16 12:35:06] [DEBUG] Found 7 running PowerShell terminal windows (excluding monitoring window)
[2025-06-16 12:35:06] [INFO] Monitor Status: Running=7, Required=4, Max=7
[2025-06-16 12:35:06] [DEBUG] Window count OK: 7 >= 4 (minimum)
[2025-06-16 12:35:06] [DEBUG] Next monitor check at: 12:44:06
[2025-06-16 12:35:07] [DEBUG] === MONITOR CHECK COMPLETE ===
[2025-06-16 12:44:07] [DEBUG] === MONITOR CHECK CYCLE ===
[2025-06-16 12:44:07] [DEBUG] Found 7 running PowerShell terminal windows (excluding monitoring window)
[2025-06-16 12:44:07] [INFO] Monitor Status: Running=7, Required=4, Max=7
[2025-06-16 12:44:07] [DEBUG] Window count OK: 7 >= 4 (minimum)
[2025-06-16 12:44:07] [DEBUG] Next monitor check at: 12:53:07
[2025-06-16 12:44:07] [DEBUG] === MONITOR CHECK COMPLETE ===
[2025-06-16 12:53:07] [DEBUG] === MONITOR CHECK CYCLE ===
[2025-06-16 12:53:07] [DEBUG] Found 7 running PowerShell terminal windows (excluding monitoring window)
[2025-06-16 12:53:07] [INFO] Monitor Status: Running=7, Required=4, Max=7
[2025-06-16 12:53:07] [DEBUG] Window count OK: 7 >= 4 (minimum)
[2025-06-16 12:53:07] [DEBUG] Next monitor check at: 13:02:07
[2025-06-16 12:53:07] [DEBUG] === MONITOR CHECK COMPLETE ===
[2025-06-16 13:02:07] [DEBUG] === MONITOR CHECK CYCLE ===
[2025-06-16 13:02:07] [DEBUG] Found 7 running PowerShell terminal windows (excluding monitoring window)
[2025-06-16 13:02:07] [INFO] Monitor Status: Running=7, Required=4, Max=7
[2025-06-16 13:02:07] [DEBUG] Window count OK: 7 >= 4 (minimum)
[2025-06-16 13:02:07] [DEBUG] Next monitor check at: 13:11:07
[2025-06-16 13:02:07] [DEBUG] === MONITOR CHECK COMPLETE ===
[2025-06-16 13:11:07] [DEBUG] === MONITOR CHECK CYCLE ===
[2025-06-16 13:11:07] [DEBUG] Found 9 running PowerShell terminal windows (excluding monitoring window)
[2025-06-16 13:11:07] [INFO] Monitor Status: Running=9, Required=4, Max=7
[2025-06-16 13:11:07] [DEBUG] Window count OK: 9 >= 4 (minimum)
[2025-06-16 13:11:07] [DEBUG] Next monitor check at: 13:20:07
[2025-06-16 13:11:07] [DEBUG] === MONITOR CHECK COMPLETE ===
[2025-06-16 13:20:07] [DEBUG] === MONITOR CHECK CYCLE ===
[2025-06-16 13:20:07] [DEBUG] Found 9 running PowerShell terminal windows (excluding monitoring window)
[2025-06-16 13:20:07] [INFO] Monitor Status: Running=9, Required=4, Max=7
[2025-06-16 13:20:07] [DEBUG] Window count OK: 9 >= 4 (minimum)
[2025-06-16 13:20:07] [DEBUG] Next monitor check at: 13:29:07
[2025-06-16 13:20:07] [DEBUG] === MONITOR CHECK COMPLETE ===
[2025-06-16 13:21:20] [INFO] === ENHANCED STANDALONE MONITORING ENDED ===
[2025-06-16 17:40:56] [INFO] === ENHANCED STANDALONE WINDOW MONITOR STARTING ===
[2025-06-16 17:40:56] [INFO] Monitor PID: 19044
[2025-06-16 17:40:56] [INFO] Configuration file: C:\Users\SanyaKhasenye(Sensit\WorkingDir\PowerShell\PwshWindowManager\.\PwshWindowManager.json
[2025-06-16 17:40:56] [INFO] Logging to: C:\Users\SanyaKhasenye(Sensit\WorkingDir\PowerShell\PwshWindowManager\Logs\2025\06\16\StandaloneMonitor_20250616.log
[2025-06-16 17:40:56] [INFO] Configuration loaded from C:\Users\SanyaKhasenye(Sensit\WorkingDir\PowerShell\PwshWindowManager\.\PwshWindowManager.json
[2025-06-16 17:40:56] [INFO] Window Configuration:
[2025-06-16 17:40:56] [INFO]   - Size: 100 x 14
[2025-06-16 17:40:56] [INFO]   - Color: 0A
[2025-06-16 17:40:56] [INFO]   - Font: Consolas 6pt (weight: 400)
[2025-06-16 17:40:56] [INFO]   - Auto-close: 120s (NoExit: False)
[2025-06-16 17:40:56] [INFO] === PATH VERIFICATION ===
[2025-06-16 17:40:56] [DEBUG] Base path: C:\Users\SanyaKhasenye(Sensit\WorkingDir\PowerShell
[2025-06-16 17:40:56] [DEBUG] Countdown script: C:\Users\SanyaKhasenye(Sensit\WorkingDir\PowerShell\CountDownTimers\Start-Countdown.ps1
[2025-06-16 17:40:56] [DEBUG] Orchestrator directory: C:\Users\SanyaKhasenye(Sensit\WorkingDir\PowerShell\ActivityGenerator.v3
[2025-06-16 17:40:56] [DEBUG] Orchestrator script: C:\Users\SanyaKhasenye(Sensit\WorkingDir\PowerShell\ActivityGenerator.v3\Start-ActivityOrchestrator_v0.1.ps1
[2025-06-16 17:40:56] [INFO] SUCCESS: Countdown script found
[2025-06-16 17:40:56] [INFO] SUCCESS: Orchestrator script found
[2025-06-16 17:40:56] [INFO] SUCCESS: Orchestrator directory found
[2025-06-16 17:40:56] [INFO] SUCCESS: Orchestrator config found
[2025-06-16 17:40:56] [INFO] === PATH VERIFICATION COMPLETE ===
[2025-06-16 17:40:56] [INFO] === ENHANCED STANDALONE MONITORING STARTED ===
[2025-06-16 17:40:56] [INFO] Monitor settings - Min: 4, Max: 7, Check interval: 540s
[2025-06-16 17:40:56] [INFO] Will add 3 windows when count drops below minimum
[2025-06-16 17:40:56] [INFO] Monitoring mode: Continuous
[2025-06-16 17:40:56] [INFO] Press Ctrl+C to stop monitoring
[2025-06-16 17:40:56] [INFO] Monitoring mode: Continuous - No end time
[2025-06-16 17:40:56] [DEBUG] === MONITOR CHECK CYCLE ===
[2025-06-16 17:40:56] [DEBUG] Found 11 running PowerShell terminal windows (excluding monitoring window)
[2025-06-16 17:40:56] [INFO] Monitor Status: Running=11, Required=4, Max=7
[2025-06-16 17:40:56] [DEBUG] Window count OK: 11 >= 4 (minimum)
[2025-06-16 17:40:56] [DEBUG] Next monitor check at: 17:49:56
[2025-06-16 17:40:56] [DEBUG] === MONITOR CHECK COMPLETE ===
[2025-06-16 17:49:56] [DEBUG] === MONITOR CHECK CYCLE ===
[2025-06-16 17:49:56] [DEBUG] Found 11 running PowerShell terminal windows (excluding monitoring window)
[2025-06-16 17:49:56] [INFO] Monitor Status: Running=11, Required=4, Max=7
[2025-06-16 17:49:56] [DEBUG] Window count OK: 11 >= 4 (minimum)
[2025-06-16 17:49:56] [DEBUG] Next monitor check at: 17:58:56
[2025-06-16 17:49:56] [DEBUG] === MONITOR CHECK COMPLETE ===
[2025-06-16 17:58:56] [DEBUG] === MONITOR CHECK CYCLE ===
[2025-06-16 17:58:56] [DEBUG] Found 11 running PowerShell terminal windows (excluding monitoring window)
[2025-06-16 17:58:56] [INFO] Monitor Status: Running=11, Required=4, Max=7
[2025-06-16 17:58:56] [DEBUG] Window count OK: 11 >= 4 (minimum)
[2025-06-16 17:58:56] [DEBUG] Next monitor check at: 18:07:56
[2025-06-16 17:58:56] [DEBUG] === MONITOR CHECK COMPLETE ===
[2025-06-16 18:07:56] [DEBUG] === MONITOR CHECK CYCLE ===
[2025-06-16 18:07:57] [DEBUG] Found 11 running PowerShell terminal windows (excluding monitoring window)
[2025-06-16 18:07:57] [INFO] Monitor Status: Running=11, Required=4, Max=7
[2025-06-16 18:07:57] [DEBUG] Window count OK: 11 >= 4 (minimum)
[2025-06-16 18:07:57] [DEBUG] Next monitor check at: 18:16:57
[2025-06-16 18:07:57] [DEBUG] === MONITOR CHECK COMPLETE ===
[2025-06-16 18:16:57] [DEBUG] === MONITOR CHECK CYCLE ===
[2025-06-16 18:16:57] [DEBUG] Found 11 running PowerShell terminal windows (excluding monitoring window)
[2025-06-16 18:16:57] [INFO] Monitor Status: Running=11, Required=4, Max=7
[2025-06-16 18:16:57] [DEBUG] Window count OK: 11 >= 4 (minimum)
[2025-06-16 18:16:57] [DEBUG] Next monitor check at: 18:25:57
[2025-06-16 18:16:57] [DEBUG] === MONITOR CHECK COMPLETE ===
[2025-06-16 18:25:57] [DEBUG] === MONITOR CHECK CYCLE ===
[2025-06-16 18:25:57] [DEBUG] Found 11 running PowerShell terminal windows (excluding monitoring window)
[2025-06-16 18:25:57] [INFO] Monitor Status: Running=11, Required=4, Max=7
[2025-06-16 18:25:57] [DEBUG] Window count OK: 11 >= 4 (minimum)
[2025-06-16 18:25:57] [DEBUG] Next monitor check at: 18:34:57
[2025-06-16 18:25:57] [DEBUG] === MONITOR CHECK COMPLETE ===
[2025-06-16 18:34:57] [DEBUG] === MONITOR CHECK CYCLE ===
[2025-06-16 18:34:57] [DEBUG] Found 11 running PowerShell terminal windows (excluding monitoring window)
[2025-06-16 18:34:57] [INFO] Monitor Status: Running=11, Required=4, Max=7
[2025-06-16 18:34:57] [DEBUG] Window count OK: 11 >= 4 (minimum)
[2025-06-16 18:34:57] [DEBUG] Next monitor check at: 18:43:57
[2025-06-16 18:34:57] [DEBUG] === MONITOR CHECK COMPLETE ===
[2025-06-16 18:43:57] [DEBUG] === MONITOR CHECK CYCLE ===
[2025-06-16 18:43:57] [DEBUG] Found 11 running PowerShell terminal windows (excluding monitoring window)
[2025-06-16 18:43:57] [INFO] Monitor Status: Running=11, Required=4, Max=7
[2025-06-16 18:43:57] [DEBUG] Window count OK: 11 >= 4 (minimum)
[2025-06-16 18:43:57] [DEBUG] Next monitor check at: 18:52:57
[2025-06-16 18:43:57] [DEBUG] === MONITOR CHECK COMPLETE ===
[2025-06-16 18:52:57] [DEBUG] === MONITOR CHECK CYCLE ===
[2025-06-16 18:52:57] [DEBUG] Found 11 running PowerShell terminal windows (excluding monitoring window)
[2025-06-16 18:52:57] [INFO] Monitor Status: Running=11, Required=4, Max=7
[2025-06-16 18:52:57] [DEBUG] Window count OK: 11 >= 4 (minimum)
[2025-06-16 18:52:57] [DEBUG] Next monitor check at: 19:01:57
[2025-06-16 18:52:57] [DEBUG] === MONITOR CHECK COMPLETE ===
[2025-06-16 19:01:57] [DEBUG] === MONITOR CHECK CYCLE ===
[2025-06-16 19:01:57] [DEBUG] Found 11 running PowerShell terminal windows (excluding monitoring window)
[2025-06-16 19:01:57] [INFO] Monitor Status: Running=11, Required=4, Max=7
[2025-06-16 19:01:57] [DEBUG] Window count OK: 11 >= 4 (minimum)
[2025-06-16 19:01:57] [DEBUG] Next monitor check at: 19:10:57
[2025-06-16 19:01:57] [DEBUG] === MONITOR CHECK COMPLETE ===
[2025-06-16 19:10:57] [DEBUG] === MONITOR CHECK CYCLE ===
[2025-06-16 19:10:57] [DEBUG] Found 11 running PowerShell terminal windows (excluding monitoring window)
[2025-06-16 19:10:57] [INFO] Monitor Status: Running=11, Required=4, Max=7
[2025-06-16 19:10:57] [DEBUG] Window count OK: 11 >= 4 (minimum)
[2025-06-16 19:10:57] [DEBUG] Next monitor check at: 19:19:57
[2025-06-16 19:10:57] [DEBUG] === MONITOR CHECK COMPLETE ===
[2025-06-16 19:19:57] [DEBUG] === MONITOR CHECK CYCLE ===
[2025-06-16 19:19:58] [DEBUG] Found 11 running PowerShell terminal windows (excluding monitoring window)
[2025-06-16 19:19:58] [INFO] Monitor Status: Running=11, Required=4, Max=7
[2025-06-16 19:19:58] [DEBUG] Window count OK: 11 >= 4 (minimum)
[2025-06-16 19:19:58] [DEBUG] Next monitor check at: 19:28:58
[2025-06-16 19:19:58] [DEBUG] === MONITOR CHECK COMPLETE ===
[2025-06-16 19:28:58] [DEBUG] === MONITOR CHECK CYCLE ===
[2025-06-16 19:28:58] [DEBUG] Found 11 running PowerShell terminal windows (excluding monitoring window)
[2025-06-16 19:28:58] [INFO] Monitor Status: Running=11, Required=4, Max=7
[2025-06-16 19:28:58] [DEBUG] Window count OK: 11 >= 4 (minimum)
[2025-06-16 19:28:58] [DEBUG] Next monitor check at: 19:37:58
[2025-06-16 19:28:58] [DEBUG] === MONITOR CHECK COMPLETE ===
[2025-06-16 19:37:58] [DEBUG] === MONITOR CHECK CYCLE ===
[2025-06-16 19:37:58] [DEBUG] Found 11 running PowerShell terminal windows (excluding monitoring window)
[2025-06-16 19:37:58] [INFO] Monitor Status: Running=11, Required=4, Max=7
[2025-06-16 19:37:58] [DEBUG] Window count OK: 11 >= 4 (minimum)
[2025-06-16 19:37:58] [DEBUG] Next monitor check at: 19:46:58
[2025-06-16 19:37:58] [DEBUG] === MONITOR CHECK COMPLETE ===
[2025-06-16 19:46:58] [DEBUG] === MONITOR CHECK CYCLE ===
[2025-06-16 19:46:58] [DEBUG] Found 11 running PowerShell terminal windows (excluding monitoring window)
[2025-06-16 19:46:58] [INFO] Monitor Status: Running=11, Required=4, Max=7
[2025-06-16 19:46:58] [DEBUG] Window count OK: 11 >= 4 (minimum)
[2025-06-16 19:46:58] [DEBUG] Next monitor check at: 19:55:58
[2025-06-16 19:46:58] [DEBUG] === MONITOR CHECK COMPLETE ===
[2025-06-16 19:55:58] [DEBUG] === MONITOR CHECK CYCLE ===
[2025-06-16 19:55:58] [DEBUG] Found 11 running PowerShell terminal windows (excluding monitoring window)
[2025-06-16 19:55:58] [INFO] Monitor Status: Running=11, Required=4, Max=7
[2025-06-16 19:55:58] [DEBUG] Window count OK: 11 >= 4 (minimum)
[2025-06-16 19:55:58] [DEBUG] Next monitor check at: 20:04:58
[2025-06-16 19:55:58] [DEBUG] === MONITOR CHECK COMPLETE ===
[2025-06-16 20:04:58] [DEBUG] === MONITOR CHECK CYCLE ===
[2025-06-16 20:04:58] [DEBUG] Found 11 running PowerShell terminal windows (excluding monitoring window)
[2025-06-16 20:04:58] [INFO] Monitor Status: Running=11, Required=4, Max=7
[2025-06-16 20:04:58] [DEBUG] Window count OK: 11 >= 4 (minimum)
[2025-06-16 20:04:58] [DEBUG] Next monitor check at: 20:13:58
[2025-06-16 20:04:58] [DEBUG] === MONITOR CHECK COMPLETE ===
[2025-06-16 20:13:58] [DEBUG] === MONITOR CHECK CYCLE ===
[2025-06-16 20:13:58] [DEBUG] Found 11 running PowerShell terminal windows (excluding monitoring window)
[2025-06-16 20:13:58] [INFO] Monitor Status: Running=11, Required=4, Max=7
[2025-06-16 20:13:58] [DEBUG] Window count OK: 11 >= 4 (minimum)
[2025-06-16 20:13:58] [DEBUG] Next monitor check at: 20:22:58
[2025-06-16 20:13:58] [DEBUG] === MONITOR CHECK COMPLETE ===
[2025-06-16 20:22:58] [DEBUG] === MONITOR CHECK CYCLE ===
[2025-06-16 20:22:58] [DEBUG] Found 11 running PowerShell terminal windows (excluding monitoring window)
[2025-06-16 20:22:59] [INFO] Monitor Status: Running=11, Required=4, Max=7
[2025-06-16 20:22:59] [DEBUG] Window count OK: 11 >= 4 (minimum)
[2025-06-16 20:22:59] [DEBUG] Next monitor check at: 20:31:59
[2025-06-16 20:22:59] [DEBUG] === MONITOR CHECK COMPLETE ===
[2025-06-16 20:31:59] [DEBUG] === MONITOR CHECK CYCLE ===
[2025-06-16 20:31:59] [DEBUG] Found 11 running PowerShell terminal windows (excluding monitoring window)
[2025-06-16 20:31:59] [INFO] Monitor Status: Running=11, Required=4, Max=7
[2025-06-16 20:31:59] [DEBUG] Window count OK: 11 >= 4 (minimum)
[2025-06-16 20:31:59] [DEBUG] Next monitor check at: 20:40:59
[2025-06-16 20:31:59] [DEBUG] === MONITOR CHECK COMPLETE ===
[2025-06-16 20:40:59] [DEBUG] === MONITOR CHECK CYCLE ===
[2025-06-16 20:40:59] [DEBUG] Found 11 running PowerShell terminal windows (excluding monitoring window)
[2025-06-16 20:40:59] [INFO] Monitor Status: Running=11, Required=4, Max=7
[2025-06-16 20:40:59] [DEBUG] Window count OK: 11 >= 4 (minimum)
[2025-06-16 20:40:59] [DEBUG] Next monitor check at: 20:49:59
[2025-06-16 20:40:59] [DEBUG] === MONITOR CHECK COMPLETE ===
[2025-06-16 20:49:59] [DEBUG] === MONITOR CHECK CYCLE ===
[2025-06-16 20:49:59] [DEBUG] Found 11 running PowerShell terminal windows (excluding monitoring window)
[2025-06-16 20:49:59] [INFO] Monitor Status: Running=11, Required=4, Max=7
[2025-06-16 20:49:59] [DEBUG] Window count OK: 11 >= 4 (minimum)
[2025-06-16 20:49:59] [DEBUG] Next monitor check at: 20:58:59
[2025-06-16 20:49:59] [DEBUG] === MONITOR CHECK COMPLETE ===
[2025-06-16 20:58:59] [DEBUG] === MONITOR CHECK CYCLE ===
[2025-06-16 20:58:59] [DEBUG] Found 11 running PowerShell terminal windows (excluding monitoring window)
[2025-06-16 20:58:59] [INFO] Monitor Status: Running=11, Required=4, Max=7
[2025-06-16 20:58:59] [DEBUG] Window count OK: 11 >= 4 (minimum)
[2025-06-16 20:58:59] [DEBUG] Next monitor check at: 21:07:59
[2025-06-16 20:58:59] [DEBUG] === MONITOR CHECK COMPLETE ===
[2025-06-16 21:07:59] [DEBUG] === MONITOR CHECK CYCLE ===
[2025-06-16 21:07:59] [DEBUG] Found 11 running PowerShell terminal windows (excluding monitoring window)
[2025-06-16 21:07:59] [INFO] Monitor Status: Running=11, Required=4, Max=7
[2025-06-16 21:07:59] [DEBUG] Window count OK: 11 >= 4 (minimum)
[2025-06-16 21:07:59] [DEBUG] Next monitor check at: 21:16:59
[2025-06-16 21:07:59] [DEBUG] === MONITOR CHECK COMPLETE ===
[2025-06-16 21:16:59] [DEBUG] === MONITOR CHECK CYCLE ===
[2025-06-16 21:16:59] [DEBUG] Found 11 running PowerShell terminal windows (excluding monitoring window)
[2025-06-16 21:16:59] [INFO] Monitor Status: Running=11, Required=4, Max=7
[2025-06-16 21:16:59] [DEBUG] Window count OK: 11 >= 4 (minimum)
[2025-06-16 21:16:59] [DEBUG] Next monitor check at: 21:25:59
[2025-06-16 21:16:59] [DEBUG] === MONITOR CHECK COMPLETE ===
[2025-06-16 21:25:59] [DEBUG] === MONITOR CHECK CYCLE ===
[2025-06-16 21:26:00] [DEBUG] Found 11 running PowerShell terminal windows (excluding monitoring window)
[2025-06-16 21:26:00] [INFO] Monitor Status: Running=11, Required=4, Max=7
[2025-06-16 21:26:00] [DEBUG] Window count OK: 11 >= 4 (minimum)
[2025-06-16 21:26:00] [DEBUG] Next monitor check at: 21:35:00
[2025-06-16 21:26:00] [DEBUG] === MONITOR CHECK COMPLETE ===
[2025-06-16 21:35:00] [DEBUG] === MONITOR CHECK CYCLE ===
[2025-06-16 21:35:00] [DEBUG] Found 11 running PowerShell terminal windows (excluding monitoring window)
[2025-06-16 21:35:00] [INFO] Monitor Status: Running=11, Required=4, Max=7
[2025-06-16 21:35:00] [DEBUG] Window count OK: 11 >= 4 (minimum)
[2025-06-16 21:35:00] [DEBUG] Next monitor check at: 21:44:00
[2025-06-16 21:35:00] [DEBUG] === MONITOR CHECK COMPLETE ===
[2025-06-16 21:44:00] [DEBUG] === MONITOR CHECK CYCLE ===
[2025-06-16 21:44:01] [DEBUG] Found 11 running PowerShell terminal windows (excluding monitoring window)
[2025-06-16 21:44:01] [INFO] Monitor Status: Running=11, Required=4, Max=7
[2025-06-16 21:44:01] [DEBUG] Window count OK: 11 >= 4 (minimum)
[2025-06-16 21:44:01] [DEBUG] Next monitor check at: 21:53:01
[2025-06-16 21:44:01] [DEBUG] === MONITOR CHECK COMPLETE ===
[2025-06-16 21:53:01] [DEBUG] === MONITOR CHECK CYCLE ===
[2025-06-16 21:53:01] [DEBUG] Found 11 running PowerShell terminal windows (excluding monitoring window)
[2025-06-16 21:53:01] [INFO] Monitor Status: Running=11, Required=4, Max=7
[2025-06-16 21:53:01] [DEBUG] Window count OK: 11 >= 4 (minimum)
[2025-06-16 21:53:01] [DEBUG] Next monitor check at: 22:02:01
[2025-06-16 21:53:01] [DEBUG] === MONITOR CHECK COMPLETE ===
[2025-06-16 22:02:01] [DEBUG] === MONITOR CHECK CYCLE ===
[2025-06-16 22:02:01] [DEBUG] Found 10 running PowerShell terminal windows (excluding monitoring window)
[2025-06-16 22:02:01] [INFO] Monitor Status: Running=10, Required=4, Max=7
[2025-06-16 22:02:01] [DEBUG] Window count OK: 10 >= 4 (minimum)
[2025-06-16 22:02:01] [DEBUG] Next monitor check at: 22:11:01
[2025-06-16 22:02:01] [DEBUG] === MONITOR CHECK COMPLETE ===
[2025-06-16 22:11:01] [DEBUG] === MONITOR CHECK CYCLE ===
[2025-06-16 22:11:01] [DEBUG] Found 10 running PowerShell terminal windows (excluding monitoring window)
[2025-06-16 22:11:01] [INFO] Monitor Status: Running=10, Required=4, Max=7
[2025-06-16 22:11:01] [DEBUG] Window count OK: 10 >= 4 (minimum)
[2025-06-16 22:11:01] [DEBUG] Next monitor check at: 22:20:01
[2025-06-16 22:11:01] [DEBUG] === MONITOR CHECK COMPLETE ===
[2025-06-16 22:20:01] [DEBUG] === MONITOR CHECK CYCLE ===
[2025-06-16 22:20:02] [DEBUG] Found 10 running PowerShell terminal windows (excluding monitoring window)
[2025-06-16 22:20:02] [INFO] Monitor Status: Running=10, Required=4, Max=7
[2025-06-16 22:20:02] [DEBUG] Window count OK: 10 >= 4 (minimum)
[2025-06-16 22:20:02] [DEBUG] Next monitor check at: 22:29:02
[2025-06-16 22:20:02] [DEBUG] === MONITOR CHECK COMPLETE ===
[2025-06-16 22:29:02] [DEBUG] === MONITOR CHECK CYCLE ===
[2025-06-16 22:29:02] [DEBUG] Found 10 running PowerShell terminal windows (excluding monitoring window)
[2025-06-16 22:29:02] [INFO] Monitor Status: Running=10, Required=4, Max=7
[2025-06-16 22:29:02] [DEBUG] Window count OK: 10 >= 4 (minimum)
[2025-06-16 22:29:02] [DEBUG] Next monitor check at: 22:38:02
[2025-06-16 22:29:02] [DEBUG] === MONITOR CHECK COMPLETE ===
[2025-06-16 22:38:02] [DEBUG] === MONITOR CHECK CYCLE ===
[2025-06-16 22:38:02] [DEBUG] Found 9 running PowerShell terminal windows (excluding monitoring window)
[2025-06-16 22:38:02] [INFO] Monitor Status: Running=9, Required=4, Max=7
[2025-06-16 22:38:02] [DEBUG] Window count OK: 9 >= 4 (minimum)
[2025-06-16 22:38:02] [DEBUG] Next monitor check at: 22:47:02
[2025-06-16 22:38:02] [DEBUG] === MONITOR CHECK COMPLETE ===
[2025-06-16 22:47:02] [DEBUG] === MONITOR CHECK CYCLE ===
[2025-06-16 22:47:02] [DEBUG] Found 9 running PowerShell terminal windows (excluding monitoring window)
[2025-06-16 22:47:02] [INFO] Monitor Status: Running=9, Required=4, Max=7
[2025-06-16 22:47:02] [DEBUG] Window count OK: 9 >= 4 (minimum)
[2025-06-16 22:47:02] [DEBUG] Next monitor check at: 22:56:02
[2025-06-16 22:47:02] [DEBUG] === MONITOR CHECK COMPLETE ===
[2025-06-16 22:56:02] [DEBUG] === MONITOR CHECK CYCLE ===
[2025-06-16 22:56:02] [DEBUG] Found 9 running PowerShell terminal windows (excluding monitoring window)
[2025-06-16 22:56:02] [INFO] Monitor Status: Running=9, Required=4, Max=7
[2025-06-16 22:56:02] [DEBUG] Window count OK: 9 >= 4 (minimum)
[2025-06-16 22:56:02] [DEBUG] Next monitor check at: 23:05:02
[2025-06-16 22:56:02] [DEBUG] === MONITOR CHECK COMPLETE ===
[2025-06-16 23:05:02] [DEBUG] === MONITOR CHECK CYCLE ===
[2025-06-16 23:05:02] [DEBUG] Found 9 running PowerShell terminal windows (excluding monitoring window)
[2025-06-16 23:05:02] [INFO] Monitor Status: Running=9, Required=4, Max=7
[2025-06-16 23:05:02] [DEBUG] Window count OK: 9 >= 4 (minimum)
[2025-06-16 23:05:02] [DEBUG] Next monitor check at: 23:14:02
[2025-06-16 23:05:02] [DEBUG] === MONITOR CHECK COMPLETE ===
[2025-06-16 23:14:02] [DEBUG] === MONITOR CHECK CYCLE ===
[2025-06-16 23:14:02] [DEBUG] Found 9 running PowerShell terminal windows (excluding monitoring window)
[2025-06-16 23:14:02] [INFO] Monitor Status: Running=9, Required=4, Max=7
[2025-06-16 23:14:02] [DEBUG] Window count OK: 9 >= 4 (minimum)
[2025-06-16 23:14:02] [DEBUG] Next monitor check at: 23:23:02
[2025-06-16 23:14:02] [DEBUG] === MONITOR CHECK COMPLETE ===
[2025-06-16 23:23:02] [DEBUG] === MONITOR CHECK CYCLE ===
[2025-06-16 23:23:02] [DEBUG] Found 9 running PowerShell terminal windows (excluding monitoring window)
[2025-06-16 23:23:02] [INFO] Monitor Status: Running=9, Required=4, Max=7
[2025-06-16 23:23:02] [DEBUG] Window count OK: 9 >= 4 (minimum)
[2025-06-16 23:23:02] [DEBUG] Next monitor check at: 23:32:02
[2025-06-16 23:23:02] [DEBUG] === MONITOR CHECK COMPLETE ===
[2025-06-16 23:32:02] [DEBUG] === MONITOR CHECK CYCLE ===
[2025-06-16 23:32:03] [DEBUG] Found 9 running PowerShell terminal windows (excluding monitoring window)
[2025-06-16 23:32:03] [INFO] Monitor Status: Running=9, Required=4, Max=7
[2025-06-16 23:32:03] [DEBUG] Window count OK: 9 >= 4 (minimum)
[2025-06-16 23:32:03] [DEBUG] Next monitor check at: 23:41:03
[2025-06-16 23:32:03] [DEBUG] === MONITOR CHECK COMPLETE ===
[2025-06-16 23:41:03] [DEBUG] === MONITOR CHECK CYCLE ===
[2025-06-16 23:41:03] [DEBUG] Found 9 running PowerShell terminal windows (excluding monitoring window)
[2025-06-16 23:41:03] [INFO] Monitor Status: Running=9, Required=4, Max=7
[2025-06-16 23:41:03] [DEBUG] Window count OK: 9 >= 4 (minimum)
[2025-06-16 23:41:03] [DEBUG] Next monitor check at: 23:50:03
[2025-06-16 23:41:03] [DEBUG] === MONITOR CHECK COMPLETE ===
[2025-06-16 23:50:03] [DEBUG] === MONITOR CHECK CYCLE ===
[2025-06-16 23:50:03] [DEBUG] Found 9 running PowerShell terminal windows (excluding monitoring window)
[2025-06-16 23:50:03] [INFO] Monitor Status: Running=9, Required=4, Max=7
[2025-06-16 23:50:03] [DEBUG] Window count OK: 9 >= 4 (minimum)
[2025-06-16 23:50:03] [DEBUG] Next monitor check at: 23:59:03
[2025-06-16 23:50:03] [DEBUG] === MONITOR CHECK COMPLETE ===
[2025-06-16 23:59:03] [DEBUG] === MONITOR CHECK CYCLE ===
[2025-06-16 23:59:03] [DEBUG] Found 9 running PowerShell terminal windows (excluding monitoring window)
[2025-06-16 23:59:03] [INFO] Monitor Status: Running=9, Required=4, Max=7
[2025-06-16 23:59:03] [DEBUG] Window count OK: 9 >= 4 (minimum)
[2025-06-16 23:59:03] [DEBUG] Next monitor check at: 00:08:03
[2025-06-16 23:59:03] [DEBUG] === MONITOR CHECK COMPLETE ===
