[2025-04-14 00:17:59] [Information] Currently connected to: HellsGate-5.0G
[2025-04-14 00:17:59] [Information] Already connected to preferred network: HellsGate-5.0G
[2025-04-14 00:17:59] [Information] Waiting 13 minutes before next check...
[2025-04-14 00:30:59] [Information] Currently connected to: HellsGate-5.0G
[2025-04-14 00:30:59] [Information] Already connected to preferred network: HellsGate-5.0G
[2025-04-14 00:30:59] [Information] Waiting 27 minutes before next check...
[2025-04-14 00:57:59] [Information] Currently connected to: HellsGate-5.0G
[2025-04-14 00:57:59] [Information] Already connected to preferred network: HellsGate-5.0G
[2025-04-14 00:57:59] [Information] Waiting 18 minutes before next check...
[2025-04-14 01:16:00] [Information] Currently connected to: HellsGate-5.0G
[2025-04-14 01:16:00] [Information] Already connected to preferred network: HellsGate-5.0G
[2025-04-14 01:16:00] [Information] Waiting 11 minutes before next check...
[2025-04-14 01:27:00] [Information] Currently connected to: HellsGate-5.0G
[2025-04-14 01:27:00] [Information] Already connected to preferred network: HellsGate-5.0G
[2025-04-14 01:27:00] [Information] Waiting 24 minutes before next check...
[2025-04-14 01:51:00] [Information] Currently connected to: HellsGate-5.0G
[2025-04-14 01:51:00] [Information] Already connected to preferred network: HellsGate-5.0G
[2025-04-14 01:51:00] [Information] Waiting 14 minutes before next check...
[2025-04-14 02:05:00] [Information] Currently connected to: HellsGate-5.0G
[2025-04-14 02:05:00] [Information] Already connected to preferred network: HellsGate-5.0G
[2025-04-14 02:05:00] [Information] Waiting 24 minutes before next check...
[2025-04-14 02:29:00] [Information] Currently connected to: HellsGate-5.0G
[2025-04-14 02:29:00] [Information] Already connected to preferred network: HellsGate-5.0G
[2025-04-14 02:29:00] [Information] Waiting 12 minutes before next check...
[2025-04-14 02:41:00] [Information] Currently connected to: HellsGate-5.0G
[2025-04-14 02:41:00] [Information] Already connected to preferred network: HellsGate-5.0G
[2025-04-14 02:41:00] [Information] Waiting 11 minutes before next check...
[2025-04-14 02:52:00] [Warning] No current WiFi connection
[2025-04-14 02:52:00] [Information] Scanning for preferred networks...
[2025-04-14 02:52:00] [Information] Found 8 networks
[2025-04-14 02:52:00] [Information] Attempting to connect to HellsGate-5.0G
[2025-04-14 02:52:05] [Information] Currently connected to: HellsGate-5.0G
[2025-04-14 02:52:05] [Information] Successfully connected to HellsGate-5.0G
[2025-04-14 02:52:05] [Information] Waiting 11 minutes before next check...
[2025-04-14 03:03:05] [Information] Currently connected to: HellsGate-5.0G
[2025-04-14 03:03:05] [Information] Already connected to preferred network: HellsGate-5.0G
[2025-04-14 03:03:05] [Information] Waiting 22 minutes before next check...
[2025-04-14 03:25:06] [Information] Currently connected to: HellsGate-5.0G
[2025-04-14 03:25:06] [Information] Already connected to preferred network: HellsGate-5.0G
[2025-04-14 03:25:06] [Information] Waiting 13 minutes before next check...
[2025-04-14 03:38:06] [Information] Currently connected to: HellsGate-5.0G
[2025-04-14 03:38:06] [Information] Already connected to preferred network: HellsGate-5.0G
[2025-04-14 03:38:06] [Information] Waiting 27 minutes before next check...
[2025-04-14 04:05:06] [Information] Currently connected to: HellsGate-5.0G
[2025-04-14 04:05:06] [Information] Already connected to preferred network: HellsGate-5.0G
[2025-04-14 04:05:06] [Information] Waiting 17 minutes before next check...
[2025-04-14 04:22:06] [Information] Currently connected to: HellsGate-5.0G
[2025-04-14 04:22:06] [Information] Already connected to preferred network: HellsGate-5.0G
[2025-04-14 04:22:06] [Information] Waiting 12 minutes before next check...
[2025-04-14 04:34:06] [Information] Currently connected to: HellsGate-5.0G
[2025-04-14 04:34:06] [Information] Already connected to preferred network: HellsGate-5.0G
[2025-04-14 04:34:06] [Information] Waiting 28 minutes before next check...
[2025-04-14 05:02:06] [Information] Currently connected to: HellsGate-5.0G
[2025-04-14 05:02:06] [Information] Already connected to preferred network: HellsGate-5.0G
[2025-04-14 05:02:06] [Information] Waiting 21 minutes before next check...
[2025-04-14 05:23:06] [Information] Currently connected to: HellsGate-5.0G
[2025-04-14 05:23:06] [Information] Already connected to preferred network: HellsGate-5.0G
[2025-04-14 05:23:06] [Information] Waiting 23 minutes before next check...
[2025-04-14 05:46:06] [Information] Currently connected to: HellsGate-5.0G
[2025-04-14 05:46:06] [Information] Already connected to preferred network: HellsGate-5.0G
[2025-04-14 05:46:06] [Information] Waiting 14 minutes before next check...
[2025-04-14 06:00:06] [Information] Currently connected to: HellsGate-5.0G
[2025-04-14 06:00:06] [Information] Already connected to preferred network: HellsGate-5.0G
[2025-04-14 06:00:06] [Information] Waiting 21 minutes before next check...
[2025-04-14 06:21:06] [Information] Currently connected to: HellsGate-5.0G
[2025-04-14 06:21:06] [Information] Already connected to preferred network: HellsGate-5.0G
[2025-04-14 06:21:06] [Information] Waiting 20 minutes before next check...
[2025-04-14 06:41:06] [Information] Currently connected to: HellsGate-5.0G
[2025-04-14 06:41:06] [Information] Already connected to preferred network: HellsGate-5.0G
[2025-04-14 06:41:06] [Information] Waiting 14 minutes before next check...
[2025-04-14 06:55:13] [Information] Currently connected to: HellsGate-5.0G
[2025-04-14 06:55:13] [Information] Already connected to preferred network: HellsGate-5.0G
[2025-04-14 06:55:13] [Information] Waiting 26 minutes before next check...
[2025-04-14 07:21:13] [Information] Currently connected to: HellsGate-5.0G
[2025-04-14 07:21:13] [Information] Already connected to preferred network: HellsGate-5.0G
[2025-04-14 07:21:13] [Information] Waiting 24 minutes before next check...
[2025-04-14 07:45:13] [Information] Currently connected to: HellsGate-5.0G
[2025-04-14 07:45:13] [Information] Already connected to preferred network: HellsGate-5.0G
[2025-04-14 07:45:13] [Information] Waiting 17 minutes before next check...
[2025-04-14 08:02:13] [Information] Currently connected to: HellsGate-5.0G
[2025-04-14 08:02:13] [Information] Already connected to preferred network: HellsGate-5.0G
[2025-04-14 08:02:13] [Information] Waiting 14 minutes before next check...
[2025-04-14 08:16:13] [Information] Currently connected to: HellsGate-5.0G
[2025-04-14 08:16:13] [Information] Already connected to preferred network: HellsGate-5.0G
[2025-04-14 08:16:14] [Information] Waiting 15 minutes before next check...
[2025-04-14 08:31:14] [Information] Currently connected to: HellsGate-5.0G
[2025-04-14 08:31:14] [Information] Already connected to preferred network: HellsGate-5.0G
[2025-04-14 08:31:14] [Information] Waiting 20 minutes before next check...
[2025-04-14 08:51:14] [Information] Currently connected to: HellsGate-5.0G
[2025-04-14 08:51:14] [Information] Already connected to preferred network: HellsGate-5.0G
[2025-04-14 08:51:14] [Information] Waiting 22 minutes before next check...
[2025-04-14 09:13:14] [Information] Currently connected to: HellsGate-5.0G
[2025-04-14 09:13:14] [Information] Already connected to preferred network: HellsGate-5.0G
[2025-04-14 09:13:14] [Information] Waiting 16 minutes before next check...
[2025-04-14 09:29:14] [Information] Currently connected to: HellsGate-5.0G
[2025-04-14 09:29:14] [Information] Already connected to preferred network: HellsGate-5.0G
[2025-04-14 09:29:14] [Information] Waiting 13 minutes before next check...
[2025-04-14 09:42:14] [Information] Currently connected to: HellsGate-5.0G
[2025-04-14 09:42:14] [Information] Already connected to preferred network: HellsGate-5.0G
[2025-04-14 09:42:14] [Information] Waiting 13 minutes before next check...
[2025-04-14 09:55:14] [Information] Currently connected to: HellsGate-5.0G
[2025-04-14 09:55:14] [Information] Already connected to preferred network: HellsGate-5.0G
[2025-04-14 09:55:14] [Information] Waiting 14 minutes before next check...
[2025-04-14 10:09:14] [Information] Currently connected to: HellsGate-5.0G
[2025-04-14 10:09:14] [Information] Already connected to preferred network: HellsGate-5.0G
[2025-04-14 10:09:14] [Information] Waiting 17 minutes before next check...
[2025-04-14 10:26:14] [Information] Currently connected to: HellsGate-5.0G
[2025-04-14 10:26:14] [Information] Already connected to preferred network: HellsGate-5.0G
[2025-04-14 10:26:14] [Information] Waiting 11 minutes before next check...
[2025-04-14 10:37:14] [Information] Currently connected to: HellsGate-5.0G
[2025-04-14 10:37:14] [Information] Already connected to preferred network: HellsGate-5.0G
[2025-04-14 10:37:14] [Information] Waiting 24 minutes before next check...
[2025-04-14 11:01:14] [Information] Currently connected to: HellsGate-5.0G
[2025-04-14 11:01:14] [Information] Already connected to preferred network: HellsGate-5.0G
[2025-04-14 11:01:14] [Information] Waiting 14 minutes before next check...
[2025-04-14 11:15:14] [Information] Currently connected to: HellsGate-5.0G
[2025-04-14 11:15:14] [Information] Already connected to preferred network: HellsGate-5.0G
[2025-04-14 11:15:14] [Information] Waiting 16 minutes before next check...
[2025-04-14 11:31:15] [Information] Currently connected to: HellsGate-5.0G
[2025-04-14 11:31:15] [Information] Already connected to preferred network: HellsGate-5.0G
[2025-04-14 11:31:15] [Information] Waiting 27 minutes before next check...
[2025-04-14 11:58:15] [Information] Currently connected to: HellsGate-5.0G
[2025-04-14 11:58:15] [Information] Already connected to preferred network: HellsGate-5.0G
[2025-04-14 11:58:15] [Information] Waiting 16 minutes before next check...
[2025-04-14 12:14:15] [Information] Currently connected to: HellsGate-5.0G
[2025-04-14 12:14:15] [Information] Already connected to preferred network: HellsGate-5.0G
[2025-04-14 12:14:15] [Information] Waiting 27 minutes before next check...
[2025-04-14 12:41:15] [Information] Currently connected to: HellsGate-5.0G
[2025-04-14 12:41:15] [Information] Already connected to preferred network: HellsGate-5.0G
[2025-04-14 12:41:15] [Information] Waiting 17 minutes before next check...
[2025-04-14 12:58:15] [Information] Currently connected to: HellsGate-5.0G
[2025-04-14 12:58:15] [Information] Already connected to preferred network: HellsGate-5.0G
[2025-04-14 12:58:15] [Information] Waiting 10 minutes before next check...
[2025-04-14 13:08:15] [Information] Currently connected to: HellsGate-5.0G
[2025-04-14 13:08:15] [Information] Already connected to preferred network: HellsGate-5.0G
[2025-04-14 13:08:15] [Information] Waiting 28 minutes before next check...
[2025-04-14 13:36:15] [Information] Currently connected to: HellsGate-5.0G
[2025-04-14 13:36:15] [Information] Already connected to preferred network: HellsGate-5.0G
[2025-04-14 13:36:15] [Information] Waiting 18 minutes before next check...
[2025-04-14 13:54:15] [Information] Currently connected to: HellsGate-5.0G
[2025-04-14 13:54:15] [Information] Already connected to preferred network: HellsGate-5.0G
[2025-04-14 13:54:15] [Information] Waiting 23 minutes before next check...
[2025-04-14 14:17:15] [Information] Currently connected to: HellsGate-5.0G
[2025-04-14 14:17:15] [Information] Already connected to preferred network: HellsGate-5.0G
[2025-04-14 14:17:15] [Information] Waiting 27 minutes before next check...
[2025-04-14 14:44:15] [Information] Currently connected to: HellsGate-5.0G
[2025-04-14 14:44:15] [Information] Already connected to preferred network: HellsGate-5.0G
[2025-04-14 14:44:15] [Information] Waiting 11 minutes before next check...
[2025-04-14 14:55:15] [Information] Currently connected to: HellsGate-5.0G
[2025-04-14 14:55:15] [Information] Already connected to preferred network: HellsGate-5.0G
[2025-04-14 14:55:15] [Information] Waiting 27 minutes before next check...
[2025-04-14 15:22:15] [Information] Currently connected to: HellsGate-5.0G
[2025-04-14 15:22:15] [Information] Already connected to preferred network: HellsGate-5.0G
[2025-04-14 15:22:15] [Information] Waiting 26 minutes before next check...
[2025-04-14 15:48:16] [Information] Currently connected to: HellsGate-5.0G
[2025-04-14 15:48:16] [Information] Already connected to preferred network: HellsGate-5.0G
[2025-04-14 15:48:16] [Information] Waiting 17 minutes before next check...
[2025-04-14 16:05:16] [Information] Currently connected to: HellsGate-5.0G
[2025-04-14 16:05:16] [Information] Already connected to preferred network: HellsGate-5.0G
[2025-04-14 16:05:16] [Information] Waiting 15 minutes before next check...
[2025-04-14 16:20:16] [Information] Currently connected to: HellsGate-5.0G
[2025-04-14 16:20:16] [Information] Already connected to preferred network: HellsGate-5.0G
[2025-04-14 16:20:16] [Information] Waiting 23 minutes before next check...
[2025-04-14 16:43:16] [Information] Currently connected to: HellsGate-5.0G
[2025-04-14 16:43:16] [Information] Already connected to preferred network: HellsGate-5.0G
[2025-04-14 16:43:16] [Information] Waiting 28 minutes before next check...
[2025-04-14 17:11:16] [Information] Currently connected to: HellsGate-5.0G
[2025-04-14 17:11:16] [Information] Already connected to preferred network: HellsGate-5.0G
[2025-04-14 17:11:16] [Information] Waiting 17 minutes before next check...
[2025-04-14 17:28:16] [Information] Currently connected to: HellsGate-5.0G
[2025-04-14 17:28:16] [Information] Already connected to preferred network: HellsGate-5.0G
[2025-04-14 17:28:16] [Information] Waiting 13 minutes before next check...
[2025-04-14 17:41:16] [Information] Currently connected to: HellsGate-5.0G
[2025-04-14 17:41:16] [Information] Already connected to preferred network: HellsGate-5.0G
[2025-04-14 17:41:16] [Information] Waiting 17 minutes before next check...
[2025-04-14 17:58:16] [Information] Currently connected to: HellsGate-5.0G
[2025-04-14 17:58:16] [Information] Already connected to preferred network: HellsGate-5.0G
[2025-04-14 17:58:16] [Information] Waiting 19 minutes before next check...
[2025-04-14 18:17:16] [Information] Currently connected to: HellsGate-5.0G
[2025-04-14 18:17:16] [Information] Already connected to preferred network: HellsGate-5.0G
[2025-04-14 18:17:16] [Information] Waiting 22 minutes before next check...
[2025-04-14 18:39:16] [Information] Currently connected to: HellsGate-5.0G
[2025-04-14 18:39:16] [Information] Already connected to preferred network: HellsGate-5.0G
[2025-04-14 18:39:16] [Information] Waiting 12 minutes before next check...
[2025-04-14 18:51:16] [Information] Currently connected to: HellsGate-5.0G
[2025-04-14 18:51:16] [Information] Already connected to preferred network: HellsGate-5.0G
[2025-04-14 18:51:16] [Information] Waiting 11 minutes before next check...
[2025-04-14 19:02:17] [Information] Currently connected to: HellsGate-5.0G
[2025-04-14 19:02:17] [Information] Already connected to preferred network: HellsGate-5.0G
[2025-04-14 19:02:17] [Information] Waiting 28 minutes before next check...
[2025-04-14 19:30:17] [Information] Currently connected to: HellsGate-5.0G
[2025-04-14 19:30:17] [Information] Already connected to preferred network: HellsGate-5.0G
[2025-04-14 19:30:17] [Information] Waiting 19 minutes before next check...
[2025-04-14 19:49:17] [Information] Currently connected to: HellsGate-5.0G
[2025-04-14 19:49:17] [Information] Already connected to preferred network: HellsGate-5.0G
[2025-04-14 19:49:17] [Information] Waiting 14 minutes before next check...
[2025-04-14 20:03:17] [Information] Currently connected to: HellsGate-5.0G
[2025-04-14 20:03:17] [Information] Already connected to preferred network: HellsGate-5.0G
[2025-04-14 20:03:17] [Information] Waiting 19 minutes before next check...
[2025-04-14 20:22:17] [Information] Currently connected to: HellsGate-5.0G
[2025-04-14 20:22:17] [Information] Already connected to preferred network: HellsGate-5.0G
[2025-04-14 20:22:17] [Information] Waiting 29 minutes before next check...
[2025-04-14 20:51:17] [Information] Currently connected to: HellsGate-5.0G
[2025-04-14 20:51:17] [Information] Already connected to preferred network: HellsGate-5.0G
[2025-04-14 20:51:17] [Information] Waiting 23 minutes before next check...
[2025-04-14 21:14:17] [Information] Currently connected to: HellsGate-5.0G
[2025-04-14 21:14:17] [Information] Already connected to preferred network: HellsGate-5.0G
[2025-04-14 21:14:17] [Information] Waiting 21 minutes before next check...
[2025-04-14 21:35:17] [Information] Currently connected to: HellsGate-5.0G
[2025-04-14 21:35:17] [Information] Already connected to preferred network: HellsGate-5.0G
[2025-04-14 21:35:17] [Information] Waiting 19 minutes before next check...
[2025-04-14 21:54:17] [Information] Currently connected to: HellsGate-5.0G
[2025-04-14 21:54:17] [Information] Already connected to preferred network: HellsGate-5.0G
[2025-04-14 21:54:17] [Information] Waiting 12 minutes before next check...
[2025-04-14 22:06:17] [Information] Currently connected to: HellsGate-5.0G
[2025-04-14 22:06:17] [Information] Already connected to preferred network: HellsGate-5.0G
[2025-04-14 22:06:17] [Information] Waiting 11 minutes before next check...
[2025-04-14 22:17:18] [Information] Currently connected to: HellsGate-5.0G
[2025-04-14 22:17:18] [Information] Already connected to preferred network: HellsGate-5.0G
[2025-04-14 22:17:18] [Information] Waiting 14 minutes before next check...
[2025-04-14 22:31:18] [Information] Currently connected to: HellsGate-5.0G
[2025-04-14 22:31:18] [Information] Already connected to preferred network: HellsGate-5.0G
[2025-04-14 22:31:18] [Information] Waiting 28 minutes before next check...
[2025-04-14 22:59:18] [Information] Currently connected to: HellsGate-5.0G
[2025-04-14 22:59:18] [Information] Already connected to preferred network: HellsGate-5.0G
[2025-04-14 22:59:18] [Information] Waiting 21 minutes before next check...
[2025-04-14 23:20:18] [Information] Currently connected to: HellsGate-5.0G
[2025-04-14 23:20:18] [Information] Already connected to preferred network: HellsGate-5.0G
[2025-04-14 23:20:18] [Information] Waiting 13 minutes before next check...
[2025-04-14 23:33:18] [Information] Currently connected to: HellsGate-5.0G
[2025-04-14 23:33:18] [Information] Already connected to preferred network: HellsGate-5.0G
[2025-04-14 23:33:18] [Information] Waiting 21 minutes before next check...
[2025-04-14 23:54:18] [Information] Currently connected to: HellsGate-5.0G
[2025-04-14 23:54:18] [Information] Already connected to preferred network: HellsGate-5.0G
[2025-04-14 23:54:18] [Information] Waiting 18 minutes before next check...
