[2025-05-02 00:09:45] [Information] Currently connected to: Merlin Wharf
[2025-05-02 00:09:45] [Information] Already connected to preferred network: Merlin Wharf
[2025-05-02 00:09:45] [Information] Waiting 26 minutes before next check...
[2025-05-02 00:35:45] [Information] Currently connected to: Merlin Wharf
[2025-05-02 00:35:45] [Information] Already connected to preferred network: Merlin Wharf
[2025-05-02 00:35:45] [Information] Waiting 28 minutes before next check...
[2025-05-02 01:03:45] [Information] Currently connected to: Merlin Wharf
[2025-05-02 01:03:45] [Information] Already connected to preferred network: Merlin Wharf
[2025-05-02 01:03:45] [Information] Waiting 12 minutes before next check...
[2025-05-02 01:15:45] [Information] Currently connected to: Merlin Wharf
[2025-05-02 01:15:45] [Information] Already connected to preferred network: Merlin Wharf
[2025-05-02 01:15:45] [Information] Waiting 27 minutes before next check...
[2025-05-02 01:42:46] [Information] Currently connected to: Merlin Wharf
[2025-05-02 01:42:46] [Information] Already connected to preferred network: Merlin Wharf
[2025-05-02 01:42:46] [Information] Waiting 24 minutes before next check...
[2025-05-02 02:06:46] [Information] Currently connected to: Merlin Wharf
[2025-05-02 02:06:46] [Information] Already connected to preferred network: Merlin Wharf
[2025-05-02 02:06:46] [Information] Waiting 15 minutes before next check...
[2025-05-02 02:21:46] [Information] Currently connected to: Merlin Wharf
[2025-05-02 02:21:46] [Information] Already connected to preferred network: Merlin Wharf
[2025-05-02 02:21:46] [Information] Waiting 22 minutes before next check...
[2025-05-02 02:43:46] [Information] Currently connected to: Merlin Wharf
[2025-05-02 02:43:46] [Information] Already connected to preferred network: Merlin Wharf
[2025-05-02 02:43:46] [Information] Waiting 20 minutes before next check...
[2025-05-02 03:03:46] [Information] Currently connected to: Merlin Wharf
[2025-05-02 03:03:46] [Information] Already connected to preferred network: Merlin Wharf
[2025-05-02 03:03:46] [Information] Waiting 22 minutes before next check...
[2025-05-02 03:25:46] [Warning] No current WiFi connection
[2025-05-02 03:25:46] [Information] Scanning for preferred networks...
[2025-05-02 03:25:46] [Information] Found 11 networks
[2025-05-02 03:25:46] [Information] Attempting to connect to HellsGate-5.0G
[2025-05-02 03:25:51] [Information] Currently connected to: HellsGate-5.0G
[2025-05-02 03:25:51] [Information] Successfully connected to HellsGate-5.0G
[2025-05-02 03:25:51] [Information] Waiting 13 minutes before next check...
[2025-05-02 03:38:51] [Information] Currently connected to: HellsGate-5.0G
[2025-05-02 03:38:51] [Information] Already connected to preferred network: HellsGate-5.0G
[2025-05-02 03:38:51] [Information] Waiting 13 minutes before next check...
[2025-05-02 03:51:51] [Information] Currently connected to: HellsGate-5.0G
[2025-05-02 03:51:51] [Information] Already connected to preferred network: HellsGate-5.0G
[2025-05-02 03:51:51] [Information] Waiting 20 minutes before next check...
[2025-05-02 04:11:52] [Information] Currently connected to: HellsGate-5.0G
[2025-05-02 04:11:52] [Information] Already connected to preferred network: HellsGate-5.0G
[2025-05-02 04:11:52] [Information] Waiting 22 minutes before next check...
[2025-05-02 04:33:52] [Information] Currently connected to: HellsGate-5.0G
[2025-05-02 04:33:52] [Information] Already connected to preferred network: HellsGate-5.0G
[2025-05-02 04:33:52] [Information] Waiting 25 minutes before next check...
[2025-05-02 04:58:52] [Information] Currently connected to: HellsGate-5.0G
[2025-05-02 04:58:52] [Information] Already connected to preferred network: HellsGate-5.0G
[2025-05-02 04:58:52] [Information] Waiting 12 minutes before next check...
[2025-05-02 05:10:52] [Information] Currently connected to: HellsGate-5.0G
[2025-05-02 05:10:52] [Information] Already connected to preferred network: HellsGate-5.0G
[2025-05-02 05:10:52] [Information] Waiting 28 minutes before next check...
[2025-05-02 05:38:52] [Information] Currently connected to: HellsGate-5.0G
[2025-05-02 05:38:52] [Information] Already connected to preferred network: HellsGate-5.0G
[2025-05-02 05:38:52] [Information] Waiting 15 minutes before next check...
[2025-05-02 05:53:52] [Information] Currently connected to: HellsGate-5.0G
[2025-05-02 05:53:52] [Information] Already connected to preferred network: HellsGate-5.0G
[2025-05-02 05:53:52] [Information] Waiting 19 minutes before next check...
[2025-05-02 06:12:52] [Information] Currently connected to: HellsGate-5.0G
[2025-05-02 06:12:52] [Information] Already connected to preferred network: HellsGate-5.0G
[2025-05-02 06:12:52] [Information] Waiting 27 minutes before next check...
[2025-05-02 06:39:59] [Information] Currently connected to: HellsGate-5.0G
[2025-05-02 06:39:59] [Information] Already connected to preferred network: HellsGate-5.0G
[2025-05-02 06:39:59] [Information] Waiting 13 minutes before next check...
[2025-05-02 06:52:59] [Information] Currently connected to: HellsGate-5.0G
[2025-05-02 06:52:59] [Information] Already connected to preferred network: HellsGate-5.0G
[2025-05-02 06:52:59] [Information] Waiting 24 minutes before next check...
[2025-05-02 07:16:59] [Information] Currently connected to: HellsGate-5.0G
[2025-05-02 07:16:59] [Information] Already connected to preferred network: HellsGate-5.0G
[2025-05-02 07:16:59] [Information] Waiting 12 minutes before next check...
[2025-05-02 07:28:59] [Information] Currently connected to: HellsGate-5.0G
[2025-05-02 07:28:59] [Information] Already connected to preferred network: HellsGate-5.0G
[2025-05-02 07:28:59] [Information] Waiting 18 minutes before next check...
[2025-05-02 07:46:59] [Information] Currently connected to: HellsGate-5.0G
[2025-05-02 07:46:59] [Information] Already connected to preferred network: HellsGate-5.0G
[2025-05-02 07:46:59] [Information] Waiting 16 minutes before next check...
[2025-05-02 08:02:59] [Information] Currently connected to: HellsGate-5.0G
[2025-05-02 08:02:59] [Information] Already connected to preferred network: HellsGate-5.0G
[2025-05-02 08:02:59] [Information] Waiting 15 minutes before next check...
[2025-05-02 08:17:59] [Information] Currently connected to: HellsGate-5.0G
[2025-05-02 08:17:59] [Information] Already connected to preferred network: HellsGate-5.0G
[2025-05-02 08:17:59] [Information] Waiting 24 minutes before next check...
[2025-05-02 08:42:00] [Information] Currently connected to: HellsGate-5.0G
[2025-05-02 08:42:00] [Information] Already connected to preferred network: HellsGate-5.0G
[2025-05-02 08:42:00] [Information] Waiting 19 minutes before next check...
[2025-05-02 09:01:00] [Information] Currently connected to: HellsGate-5.0G
[2025-05-02 09:01:00] [Information] Already connected to preferred network: HellsGate-5.0G
[2025-05-02 09:01:00] [Information] Waiting 15 minutes before next check...
[2025-05-02 09:16:00] [Information] Currently connected to: HellsGate-5.0G
[2025-05-02 09:16:00] [Information] Already connected to preferred network: HellsGate-5.0G
[2025-05-02 09:16:00] [Information] Waiting 15 minutes before next check...
[2025-05-02 09:31:00] [Information] Currently connected to: HellsGate-5.0G
[2025-05-02 09:31:00] [Information] Already connected to preferred network: HellsGate-5.0G
[2025-05-02 09:31:00] [Information] Waiting 18 minutes before next check...
[2025-05-02 09:49:00] [Information] Currently connected to: HellsGate-5.0G
[2025-05-02 09:49:00] [Information] Already connected to preferred network: HellsGate-5.0G
[2025-05-02 09:49:00] [Information] Waiting 28 minutes before next check...
[2025-05-02 10:17:00] [Information] Currently connected to: HellsGate-5.0G
[2025-05-02 10:17:00] [Information] Already connected to preferred network: HellsGate-5.0G
[2025-05-02 10:17:00] [Information] Waiting 26 minutes before next check...
[2025-05-02 10:43:00] [Information] Currently connected to: HellsGate-5.0G
[2025-05-02 10:43:00] [Information] Already connected to preferred network: HellsGate-5.0G
[2025-05-02 10:43:00] [Information] Waiting 21 minutes before next check...
[2025-05-02 11:04:00] [Information] Currently connected to: HellsGate-5.0G
[2025-05-02 11:04:00] [Information] Already connected to preferred network: HellsGate-5.0G
[2025-05-02 11:04:00] [Information] Waiting 26 minutes before next check...
[2025-05-02 11:30:00] [Information] Currently connected to: HellsGate-5.0G
[2025-05-02 11:30:00] [Information] Already connected to preferred network: HellsGate-5.0G
[2025-05-02 11:30:00] [Information] Waiting 18 minutes before next check...
[2025-05-02 11:48:00] [Information] Currently connected to: HellsGate-5.0G
[2025-05-02 11:48:00] [Information] Already connected to preferred network: HellsGate-5.0G
[2025-05-02 11:48:00] [Information] Waiting 28 minutes before next check...
[2025-05-02 12:16:00] [Information] Currently connected to: HellsGate-5.0G
[2025-05-02 12:16:00] [Information] Already connected to preferred network: HellsGate-5.0G
[2025-05-02 12:16:00] [Information] Waiting 29 minutes before next check...
[2025-05-02 12:45:00] [Information] Currently connected to: HellsGate-5.0G
[2025-05-02 12:45:00] [Information] Already connected to preferred network: HellsGate-5.0G
[2025-05-02 12:45:00] [Information] Waiting 18 minutes before next check...
[2025-05-02 13:03:01] [Information] Currently connected to: HellsGate-5.0G
[2025-05-02 13:03:01] [Information] Already connected to preferred network: HellsGate-5.0G
[2025-05-02 13:03:01] [Information] Waiting 28 minutes before next check...
[2025-05-02 13:31:01] [Information] Currently connected to: HellsGate-5.0G
[2025-05-02 13:31:01] [Information] Already connected to preferred network: HellsGate-5.0G
[2025-05-02 13:31:01] [Information] Waiting 20 minutes before next check...
[2025-05-02 13:51:01] [Information] Currently connected to: HellsGate-5.0G
[2025-05-02 13:51:01] [Information] Already connected to preferred network: HellsGate-5.0G
[2025-05-02 13:51:01] [Information] Waiting 15 minutes before next check...
[2025-05-02 14:06:01] [Information] Currently connected to: HellsGate-5.0G
[2025-05-02 14:06:01] [Information] Already connected to preferred network: HellsGate-5.0G
[2025-05-02 14:06:01] [Information] Waiting 22 minutes before next check...
[2025-05-02 14:28:01] [Information] Currently connected to: HellsGate-5.0G
[2025-05-02 14:28:01] [Information] Already connected to preferred network: HellsGate-5.0G
[2025-05-02 14:28:01] [Information] Waiting 29 minutes before next check...
[2025-05-02 14:57:01] [Information] Currently connected to: HellsGate-5.0G
[2025-05-02 14:57:01] [Information] Already connected to preferred network: HellsGate-5.0G
[2025-05-02 14:57:01] [Information] Waiting 28 minutes before next check...
[2025-05-02 15:25:01] [Information] Currently connected to: HellsGate-5.0G
[2025-05-02 15:25:01] [Information] Already connected to preferred network: HellsGate-5.0G
[2025-05-02 15:25:01] [Information] Waiting 14 minutes before next check...
[2025-05-02 15:39:01] [Information] Currently connected to: HellsGate-5.0G
[2025-05-02 15:39:01] [Information] Already connected to preferred network: HellsGate-5.0G
[2025-05-02 15:39:01] [Information] Waiting 10 minutes before next check...
[2025-05-02 15:49:01] [Information] Currently connected to: HellsGate-5.0G
[2025-05-02 15:49:01] [Information] Already connected to preferred network: HellsGate-5.0G
[2025-05-02 15:49:01] [Information] Waiting 12 minutes before next check...
[2025-05-02 16:01:01] [Information] Currently connected to: HellsGate-5.0G
[2025-05-02 16:01:01] [Information] Already connected to preferred network: HellsGate-5.0G
[2025-05-02 16:01:01] [Information] Waiting 22 minutes before next check...
[2025-05-02 16:23:01] [Information] Currently connected to: HellsGate-5.0G
[2025-05-02 16:23:01] [Information] Already connected to preferred network: HellsGate-5.0G
[2025-05-02 16:23:01] [Information] Waiting 22 minutes before next check...
[2025-05-02 16:45:02] [Information] Currently connected to: HellsGate-5.0G
[2025-05-02 16:45:02] [Information] Already connected to preferred network: HellsGate-5.0G
[2025-05-02 16:45:02] [Information] Waiting 17 minutes before next check...
[2025-05-02 17:02:02] [Information] Currently connected to: HellsGate-5.0G
[2025-05-02 17:02:02] [Information] Already connected to preferred network: HellsGate-5.0G
[2025-05-02 17:02:02] [Information] Waiting 13 minutes before next check...
[2025-05-02 17:15:02] [Information] Currently connected to: HellsGate-5.0G
[2025-05-02 17:15:02] [Information] Already connected to preferred network: HellsGate-5.0G
[2025-05-02 17:15:02] [Information] Waiting 20 minutes before next check...
[2025-05-02 17:35:02] [Information] Currently connected to: HellsGate-5.0G
[2025-05-02 17:35:02] [Information] Already connected to preferred network: HellsGate-5.0G
[2025-05-02 17:35:02] [Information] Waiting 27 minutes before next check...
[2025-05-02 18:02:02] [Information] Currently connected to: HellsGate-5.0G
[2025-05-02 18:02:02] [Information] Already connected to preferred network: HellsGate-5.0G
[2025-05-02 18:02:02] [Information] Waiting 29 minutes before next check...
[2025-05-02 18:31:02] [Information] Currently connected to: HellsGate-5.0G
[2025-05-02 18:31:02] [Information] Already connected to preferred network: HellsGate-5.0G
[2025-05-02 18:31:02] [Information] Waiting 23 minutes before next check...
[2025-05-02 18:54:02] [Information] Currently connected to: HellsGate-5.0G
[2025-05-02 18:54:02] [Information] Already connected to preferred network: HellsGate-5.0G
[2025-05-02 18:54:02] [Information] Waiting 16 minutes before next check...
[2025-05-02 19:10:02] [Information] Currently connected to: HellsGate-5.0G
[2025-05-02 19:10:02] [Information] Already connected to preferred network: HellsGate-5.0G
[2025-05-02 19:10:02] [Information] Waiting 12 minutes before next check...
[2025-05-02 19:22:02] [Information] Currently connected to: HellsGate-5.0G
[2025-05-02 19:22:02] [Information] Already connected to preferred network: HellsGate-5.0G
[2025-05-02 19:22:02] [Information] Waiting 20 minutes before next check...
[2025-05-02 19:42:02] [Information] Currently connected to: HellsGate-5.0G
[2025-05-02 19:42:02] [Information] Already connected to preferred network: HellsGate-5.0G
[2025-05-02 19:42:02] [Information] Waiting 14 minutes before next check...
[2025-05-02 19:56:02] [Information] Currently connected to: HellsGate-5.0G
[2025-05-02 19:56:02] [Information] Already connected to preferred network: HellsGate-5.0G
[2025-05-02 19:56:02] [Information] Waiting 11 minutes before next check...
[2025-05-02 20:07:02] [Information] Currently connected to: HellsGate-5.0G
[2025-05-02 20:07:02] [Information] Already connected to preferred network: HellsGate-5.0G
[2025-05-02 20:07:02] [Information] Waiting 27 minutes before next check...
[2025-05-02 20:34:03] [Information] Currently connected to: HellsGate-5.0G
[2025-05-02 20:34:03] [Information] Already connected to preferred network: HellsGate-5.0G
[2025-05-02 20:34:03] [Information] Waiting 16 minutes before next check...
[2025-05-02 20:50:03] [Information] Currently connected to: HellsGate-5.0G
[2025-05-02 20:50:03] [Information] Already connected to preferred network: HellsGate-5.0G
[2025-05-02 20:50:03] [Information] Waiting 20 minutes before next check...
[2025-05-02 21:10:03] [Information] Currently connected to: HellsGate-5.0G
[2025-05-02 21:10:03] [Information] Already connected to preferred network: HellsGate-5.0G
[2025-05-02 21:10:03] [Information] Waiting 10 minutes before next check...
[2025-05-02 21:20:03] [Information] Currently connected to: HellsGate-5.0G
[2025-05-02 21:20:03] [Information] Already connected to preferred network: HellsGate-5.0G
[2025-05-02 21:20:03] [Information] Waiting 21 minutes before next check...
[2025-05-02 21:41:03] [Information] Currently connected to: HellsGate-5.0G
[2025-05-02 21:41:03] [Information] Already connected to preferred network: HellsGate-5.0G
[2025-05-02 21:41:03] [Information] Waiting 12 minutes before next check...
[2025-05-02 21:53:03] [Information] Currently connected to: HellsGate-5.0G
[2025-05-02 21:53:03] [Information] Already connected to preferred network: HellsGate-5.0G
[2025-05-02 21:53:03] [Information] Waiting 17 minutes before next check...
[2025-05-02 22:10:03] [Information] Currently connected to: HellsGate-5.0G
[2025-05-02 22:10:03] [Information] Already connected to preferred network: HellsGate-5.0G
[2025-05-02 22:10:03] [Information] Waiting 28 minutes before next check...
[2025-05-02 22:38:03] [Information] Currently connected to: HellsGate-5.0G
[2025-05-02 22:38:03] [Information] Already connected to preferred network: HellsGate-5.0G
[2025-05-02 22:38:03] [Information] Waiting 12 minutes before next check...
[2025-05-02 22:50:03] [Information] Currently connected to: HellsGate-5.0G
[2025-05-02 22:50:03] [Information] Already connected to preferred network: HellsGate-5.0G
[2025-05-02 22:50:03] [Information] Waiting 13 minutes before next check...
[2025-05-02 23:03:03] [Information] Currently connected to: HellsGate-5.0G
[2025-05-02 23:03:03] [Information] Already connected to preferred network: HellsGate-5.0G
[2025-05-02 23:03:03] [Information] Waiting 16 minutes before next check...
[2025-05-02 23:19:03] [Information] Currently connected to: HellsGate-5.0G
[2025-05-02 23:19:03] [Information] Already connected to preferred network: HellsGate-5.0G
[2025-05-02 23:19:03] [Information] Waiting 23 minutes before next check...
[2025-05-02 23:42:03] [Information] Currently connected to: HellsGate-5.0G
[2025-05-02 23:42:03] [Information] Already connected to preferred network: HellsGate-5.0G
[2025-05-02 23:42:03] [Information] Waiting 26 minutes before next check...
