[2025-04-27 00:14:23] [Information] Currently connected to: Nyati_CPEPro2_2.4G
[2025-04-27 00:14:23] [Information] Already connected to preferred network: Nyati_CPEPro2_2.4G
[2025-04-27 00:14:23] [Information] Waiting 13 minutes before next check...
[2025-04-27 00:27:23] [Information] Currently connected to: Nyati_CPEPro2_2.4G
[2025-04-27 00:27:23] [Information] Already connected to preferred network: Nyati_CPEPro2_2.4G
[2025-04-27 00:27:23] [Information] Waiting 26 minutes before next check...
[2025-04-27 00:53:23] [Information] Currently connected to: Nyati_CPEPro2_2.4G
[2025-04-27 00:53:23] [Information] Already connected to preferred network: Nyati_CPEPro2_2.4G
[2025-04-27 00:53:23] [Information] Waiting 12 minutes before next check...
[2025-04-27 01:05:23] [Information] Currently connected to: Nyati_CPEPro2_2.4G
[2025-04-27 01:05:23] [Information] Already connected to preferred network: Nyati_CPEPro2_2.4G
[2025-04-27 01:05:23] [Information] Waiting 12 minutes before next check...
[2025-04-27 01:17:23] [Information] Currently connected to: Nyati_CPEPro2_2.4G
[2025-04-27 01:17:23] [Information] Already connected to preferred network: Nyati_CPEPro2_2.4G
[2025-04-27 01:17:23] [Information] Waiting 18 minutes before next check...
[2025-04-27 01:35:24] [Information] Currently connected to: Nyati_CPEPro2_2.4G
[2025-04-27 01:35:24] [Information] Already connected to preferred network: Nyati_CPEPro2_2.4G
[2025-04-27 01:35:24] [Information] Waiting 17 minutes before next check...
[2025-04-27 01:52:24] [Information] Currently connected to: Nyati_CPEPro2_2.4G
[2025-04-27 01:52:24] [Information] Already connected to preferred network: Nyati_CPEPro2_2.4G
[2025-04-27 01:52:24] [Information] Waiting 27 minutes before next check...
[2025-04-27 02:19:24] [Information] Currently connected to: Nyati_CPEPro2_2.4G
[2025-04-27 02:19:24] [Information] Already connected to preferred network: Nyati_CPEPro2_2.4G
[2025-04-27 02:19:24] [Information] Waiting 11 minutes before next check...
[2025-04-27 02:30:24] [Information] Currently connected to: Nyati_CPEPro2_2.4G
[2025-04-27 02:30:24] [Information] Already connected to preferred network: Nyati_CPEPro2_2.4G
[2025-04-27 02:30:24] [Information] Waiting 10 minutes before next check...
[2025-04-27 02:40:24] [Information] Currently connected to: Nyati_CPEPro2_2.4G
[2025-04-27 02:40:24] [Information] Already connected to preferred network: Nyati_CPEPro2_2.4G
[2025-04-27 02:40:24] [Information] Waiting 27 minutes before next check...
[2025-04-27 03:07:24] [Information] Currently connected to: Nyati_CPEPro2_2.4G
[2025-04-27 03:07:24] [Information] Already connected to preferred network: Nyati_CPEPro2_2.4G
[2025-04-27 03:07:24] [Information] Waiting 12 minutes before next check...
[2025-04-27 03:19:24] [Information] Currently connected to: Nyati_CPEPro2_2.4G
[2025-04-27 03:19:24] [Information] Already connected to preferred network: Nyati_CPEPro2_2.4G
[2025-04-27 03:19:24] [Information] Waiting 15 minutes before next check...
[2025-04-27 03:34:24] [Information] Currently connected to: Nyati_CPEPro2_2.4G
[2025-04-27 03:34:24] [Information] Already connected to preferred network: Nyati_CPEPro2_2.4G
[2025-04-27 03:34:24] [Information] Waiting 26 minutes before next check...
[2025-04-27 04:00:24] [Information] Currently connected to: Nyati_CPEPro2_2.4G
[2025-04-27 04:00:24] [Information] Already connected to preferred network: Nyati_CPEPro2_2.4G
[2025-04-27 04:00:24] [Information] Waiting 19 minutes before next check...
[2025-04-27 04:19:24] [Information] Currently connected to: Nyati_CPEPro2_2.4G
[2025-04-27 04:19:24] [Information] Already connected to preferred network: Nyati_CPEPro2_2.4G
[2025-04-27 04:19:24] [Information] Waiting 26 minutes before next check...
[2025-04-27 04:45:24] [Information] Currently connected to: Nyati_CPEPro2_2.4G
[2025-04-27 04:45:24] [Information] Already connected to preferred network: Nyati_CPEPro2_2.4G
[2025-04-27 04:45:24] [Information] Waiting 18 minutes before next check...
[2025-04-27 05:03:24] [Information] Currently connected to: Nyati_CPEPro2_2.4G
[2025-04-27 05:03:24] [Information] Already connected to preferred network: Nyati_CPEPro2_2.4G
[2025-04-27 05:03:24] [Information] Waiting 22 minutes before next check...
[2025-04-27 05:25:25] [Information] Currently connected to: Nyati_CPEPro2_2.4G
[2025-04-27 05:25:25] [Information] Already connected to preferred network: Nyati_CPEPro2_2.4G
[2025-04-27 05:25:25] [Information] Waiting 11 minutes before next check...
[2025-04-27 05:36:25] [Information] Currently connected to: Nyati_CPEPro2_2.4G
[2025-04-27 05:36:25] [Information] Already connected to preferred network: Nyati_CPEPro2_2.4G
[2025-04-27 05:36:25] [Information] Waiting 14 minutes before next check...
[2025-04-27 05:50:25] [Information] Currently connected to: Nyati_CPEPro2_2.4G
[2025-04-27 05:50:25] [Information] Already connected to preferred network: Nyati_CPEPro2_2.4G
[2025-04-27 05:50:25] [Information] Waiting 14 minutes before next check...
[2025-04-27 06:04:25] [Information] Currently connected to: Nyati_CPEPro2_2.4G
[2025-04-27 06:04:25] [Information] Already connected to preferred network: Nyati_CPEPro2_2.4G
[2025-04-27 06:04:25] [Information] Waiting 29 minutes before next check...
[2025-04-27 06:33:25] [Information] Currently connected to: Nyati_CPEPro2_2.4G
[2025-04-27 06:33:25] [Information] Already connected to preferred network: Nyati_CPEPro2_2.4G
[2025-04-27 06:33:25] [Information] Waiting 21 minutes before next check...
[2025-04-27 06:54:25] [Information] Currently connected to: Nyati_CPEPro2_2.4G
[2025-04-27 06:54:25] [Information] Already connected to preferred network: Nyati_CPEPro2_2.4G
[2025-04-27 06:54:25] [Information] Waiting 23 minutes before next check...
[2025-04-27 07:17:25] [Information] Currently connected to: Nyati_CPEPro2_2.4G
[2025-04-27 07:17:25] [Information] Already connected to preferred network: Nyati_CPEPro2_2.4G
[2025-04-27 07:17:25] [Information] Waiting 26 minutes before next check...
[2025-04-27 07:43:25] [Information] Currently connected to: Nyati_CPEPro2_2.4G
[2025-04-27 07:43:25] [Information] Already connected to preferred network: Nyati_CPEPro2_2.4G
[2025-04-27 07:43:25] [Information] Waiting 25 minutes before next check...
[2025-04-27 08:08:25] [Information] Currently connected to: Nyati_CPEPro2_2.4G
[2025-04-27 08:08:25] [Information] Already connected to preferred network: Nyati_CPEPro2_2.4G
[2025-04-27 08:08:25] [Information] Waiting 21 minutes before next check...
[2025-04-27 08:29:25] [Information] Currently connected to: Nyati_CPEPro2_2.4G
[2025-04-27 08:29:25] [Information] Already connected to preferred network: Nyati_CPEPro2_2.4G
[2025-04-27 08:29:25] [Information] Waiting 21 minutes before next check...
[2025-04-27 08:50:25] [Information] Currently connected to: Nyati_CPEPro2_2.4G
[2025-04-27 08:50:25] [Information] Already connected to preferred network: Nyati_CPEPro2_2.4G
[2025-04-27 08:50:25] [Information] Waiting 14 minutes before next check...
[2025-04-27 09:04:25] [Information] Currently connected to: Nyati_CPEPro2_2.4G
[2025-04-27 09:04:25] [Information] Already connected to preferred network: Nyati_CPEPro2_2.4G
[2025-04-27 09:04:25] [Information] Waiting 24 minutes before next check...
[2025-04-27 09:28:26] [Information] Currently connected to: Nyati_CPEPro2_2.4G
[2025-04-27 09:28:26] [Information] Already connected to preferred network: Nyati_CPEPro2_2.4G
[2025-04-27 09:28:26] [Information] Waiting 20 minutes before next check...
[2025-04-27 09:48:26] [Information] Currently connected to: Nyati_CPEPro2_2.4G
[2025-04-27 09:48:26] [Information] Already connected to preferred network: Nyati_CPEPro2_2.4G
[2025-04-27 09:48:26] [Information] Waiting 17 minutes before next check...
[2025-04-27 10:05:26] [Information] Currently connected to: Nyati_CPEPro2_2.4G
[2025-04-27 10:05:26] [Information] Already connected to preferred network: Nyati_CPEPro2_2.4G
[2025-04-27 10:05:26] [Information] Waiting 27 minutes before next check...
[2025-04-27 10:32:26] [Information] Currently connected to: Nyati_CPEPro2_2.4G
[2025-04-27 10:32:26] [Information] Already connected to preferred network: Nyati_CPEPro2_2.4G
[2025-04-27 10:32:26] [Information] Waiting 26 minutes before next check...
[2025-04-27 10:58:26] [Information] Currently connected to: Nyati_CPEPro2_2.4G
[2025-04-27 10:58:26] [Information] Already connected to preferred network: Nyati_CPEPro2_2.4G
[2025-04-27 10:58:26] [Information] Waiting 22 minutes before next check...
[2025-04-27 11:20:26] [Information] Currently connected to: Nyati_CPEPro2_2.4G
[2025-04-27 11:20:26] [Information] Already connected to preferred network: Nyati_CPEPro2_2.4G
[2025-04-27 11:20:26] [Information] Waiting 17 minutes before next check...
[2025-04-27 11:37:26] [Information] Currently connected to: Nyati_CPEPro2_2.4G
[2025-04-27 11:37:26] [Information] Already connected to preferred network: Nyati_CPEPro2_2.4G
[2025-04-27 11:37:26] [Information] Waiting 14 minutes before next check...
[2025-04-27 11:51:26] [Information] Currently connected to: Nyati_CPEPro2_2.4G
[2025-04-27 11:51:26] [Information] Already connected to preferred network: Nyati_CPEPro2_2.4G
[2025-04-27 11:51:26] [Information] Waiting 25 minutes before next check...
[2025-04-27 12:16:26] [Information] Currently connected to: Nyati_CPEPro2_2.4G
[2025-04-27 12:16:26] [Information] Already connected to preferred network: Nyati_CPEPro2_2.4G
[2025-04-27 12:16:26] [Information] Waiting 20 minutes before next check...
[2025-04-27 12:36:26] [Information] Currently connected to: Nyati_CPEPro2_2.4G
[2025-04-27 12:36:26] [Information] Already connected to preferred network: Nyati_CPEPro2_2.4G
[2025-04-27 12:36:26] [Information] Waiting 19 minutes before next check...
[2025-04-27 12:55:26] [Information] Currently connected to: Nyati_CPEPro2_2.4G
[2025-04-27 12:55:26] [Information] Already connected to preferred network: Nyati_CPEPro2_2.4G
[2025-04-27 12:55:26] [Information] Waiting 21 minutes before next check...
[2025-04-27 13:16:26] [Information] Currently connected to: Nyati_CPEPro2_2.4G
[2025-04-27 13:16:26] [Information] Already connected to preferred network: Nyati_CPEPro2_2.4G
[2025-04-27 13:16:26] [Information] Waiting 22 minutes before next check...
[2025-04-27 13:38:27] [Information] Currently connected to: Nyati_CPEPro2_2.4G
[2025-04-27 13:38:27] [Information] Already connected to preferred network: Nyati_CPEPro2_2.4G
[2025-04-27 13:38:27] [Information] Waiting 22 minutes before next check...
[2025-04-27 14:00:27] [Information] Currently connected to: Nyati_CPEPro2_2.4G
[2025-04-27 14:00:27] [Information] Already connected to preferred network: Nyati_CPEPro2_2.4G
[2025-04-27 14:00:27] [Information] Waiting 29 minutes before next check...
[2025-04-27 14:29:27] [Information] Currently connected to: Nyati_CPEPro2_2.4G
[2025-04-27 14:29:27] [Information] Already connected to preferred network: Nyati_CPEPro2_2.4G
[2025-04-27 14:29:27] [Information] Waiting 12 minutes before next check...
[2025-04-27 14:41:27] [Information] Currently connected to: Nyati_CPEPro2_2.4G
[2025-04-27 14:41:27] [Information] Already connected to preferred network: Nyati_CPEPro2_2.4G
[2025-04-27 14:41:27] [Information] Waiting 22 minutes before next check...
[2025-04-27 15:03:27] [Information] Currently connected to: Nyati_CPEPro2_2.4G
[2025-04-27 15:03:27] [Information] Already connected to preferred network: Nyati_CPEPro2_2.4G
[2025-04-27 15:03:27] [Information] Waiting 20 minutes before next check...
[2025-04-27 15:23:27] [Information] Currently connected to: Nyati_CPEPro2_2.4G
[2025-04-27 15:23:27] [Information] Already connected to preferred network: Nyati_CPEPro2_2.4G
[2025-04-27 15:23:27] [Information] Waiting 27 minutes before next check...
[2025-04-27 15:50:27] [Information] Currently connected to: Nyati_CPEPro2_2.4G
[2025-04-27 15:50:27] [Information] Already connected to preferred network: Nyati_CPEPro2_2.4G
[2025-04-27 15:50:27] [Information] Waiting 16 minutes before next check...
[2025-04-27 16:06:27] [Information] Currently connected to: Nyati_CPEPro2_2.4G
[2025-04-27 16:06:27] [Information] Already connected to preferred network: Nyati_CPEPro2_2.4G
[2025-04-27 16:06:27] [Information] Waiting 28 minutes before next check...
[2025-04-27 16:34:27] [Information] Currently connected to: Nyati_CPEPro2_2.4G
[2025-04-27 16:34:27] [Information] Already connected to preferred network: Nyati_CPEPro2_2.4G
[2025-04-27 16:34:27] [Information] Waiting 14 minutes before next check...
[2025-04-27 16:48:27] [Information] Currently connected to: Nyati_CPEPro2_2.4G
[2025-04-27 16:48:27] [Information] Already connected to preferred network: Nyati_CPEPro2_2.4G
[2025-04-27 16:48:27] [Information] Waiting 19 minutes before next check...
[2025-04-27 17:07:27] [Information] Currently connected to: Nyati_CPEPro2_2.4G
[2025-04-27 17:07:27] [Information] Already connected to preferred network: Nyati_CPEPro2_2.4G
[2025-04-27 17:07:27] [Information] Waiting 27 minutes before next check...
[2025-04-27 17:34:28] [Information] Currently connected to: Nyati_CPEPro2_2.4G
[2025-04-27 17:34:28] [Information] Already connected to preferred network: Nyati_CPEPro2_2.4G
[2025-04-27 17:34:28] [Information] Waiting 26 minutes before next check...
[2025-04-27 18:00:28] [Warning] No current WiFi connection
[2025-04-27 18:00:28] [Information] Scanning for preferred networks...
[2025-04-27 18:00:28] [Information] Found 15 networks
[2025-04-27 18:00:28] [Information] Attempting to connect to HellsGate-5.0G
[2025-04-27 18:00:33] [Information] Currently connected to: HellsGate-5.0G
[2025-04-27 18:00:33] [Information] Successfully connected to HellsGate-5.0G
[2025-04-27 18:00:33] [Information] Waiting 11 minutes before next check...
[2025-04-27 18:11:33] [Information] Currently connected to: HellsGate-5.0G
[2025-04-27 18:11:33] [Information] Already connected to preferred network: HellsGate-5.0G
[2025-04-27 18:11:33] [Information] Waiting 29 minutes before next check...
[2025-04-27 18:40:33] [Information] Currently connected to: HellsGate-5.0G
[2025-04-27 18:40:33] [Information] Already connected to preferred network: HellsGate-5.0G
[2025-04-27 18:40:33] [Information] Waiting 22 minutes before next check...
[2025-04-27 19:02:33] [Information] Currently connected to: Nyati_CPEPro2_2.4G
[2025-04-27 19:02:33] [Information] Already connected to preferred network: Nyati_CPEPro2_2.4G
[2025-04-27 19:02:33] [Information] Waiting 29 minutes before next check...
[2025-04-27 19:31:33] [Information] Currently connected to: Nyati_CPEPro2_2.4G
[2025-04-27 19:31:33] [Information] Already connected to preferred network: Nyati_CPEPro2_2.4G
[2025-04-27 19:31:33] [Information] Waiting 18 minutes before next check...
[2025-04-27 19:49:33] [Information] Currently connected to: Nyati_CPEPro2_2.4G
[2025-04-27 19:49:33] [Information] Already connected to preferred network: Nyati_CPEPro2_2.4G
[2025-04-27 19:49:33] [Information] Waiting 29 minutes before next check...
[2025-04-27 20:18:33] [Information] Currently connected to: Nyati_CPEPro2_2.4G
[2025-04-27 20:18:33] [Information] Already connected to preferred network: Nyati_CPEPro2_2.4G
[2025-04-27 20:18:33] [Information] Waiting 18 minutes before next check...
[2025-04-27 20:36:33] [Information] Currently connected to: Nyati_CPEPro2_2.4G
[2025-04-27 20:36:33] [Information] Already connected to preferred network: Nyati_CPEPro2_2.4G
[2025-04-27 20:36:33] [Information] Waiting 21 minutes before next check...
[2025-04-27 20:57:34] [Information] Currently connected to: Nyati_CPEPro2_2.4G
[2025-04-27 20:57:34] [Information] Already connected to preferred network: Nyati_CPEPro2_2.4G
[2025-04-27 20:57:34] [Information] Waiting 18 minutes before next check...
[2025-04-27 21:15:34] [Information] Currently connected to: Nyati_CPEPro2_2.4G
[2025-04-27 21:15:34] [Information] Already connected to preferred network: Nyati_CPEPro2_2.4G
[2025-04-27 21:15:34] [Information] Waiting 29 minutes before next check...
[2025-04-27 21:44:34] [Information] Currently connected to: Nyati_CPEPro2_2.4G
[2025-04-27 21:44:34] [Information] Already connected to preferred network: Nyati_CPEPro2_2.4G
[2025-04-27 21:44:34] [Information] Waiting 15 minutes before next check...
[2025-04-27 21:59:34] [Information] Currently connected to: Nyati_CPEPro2_2.4G
[2025-04-27 21:59:34] [Information] Already connected to preferred network: Nyati_CPEPro2_2.4G
[2025-04-27 21:59:34] [Information] Waiting 22 minutes before next check...
[2025-04-27 22:21:34] [Information] Currently connected to: Nyati_CPEPro2_2.4G
[2025-04-27 22:21:34] [Information] Already connected to preferred network: Nyati_CPEPro2_2.4G
[2025-04-27 22:21:34] [Information] Waiting 28 minutes before next check...
[2025-04-27 22:49:34] [Information] Currently connected to: Nyati_CPEPro2_2.4G
[2025-04-27 22:49:34] [Information] Already connected to preferred network: Nyati_CPEPro2_2.4G
[2025-04-27 22:49:34] [Information] Waiting 25 minutes before next check...
[2025-04-27 23:14:34] [Information] Currently connected to: Nyati_CPEPro2_2.4G
[2025-04-27 23:14:34] [Information] Already connected to preferred network: Nyati_CPEPro2_2.4G
[2025-04-27 23:14:34] [Information] Waiting 25 minutes before next check...
[2025-04-27 23:39:34] [Information] Currently connected to: Nyati_CPEPro2_2.4G
[2025-04-27 23:39:34] [Information] Already connected to preferred network: Nyati_CPEPro2_2.4G
[2025-04-27 23:39:34] [Information] Waiting 16 minutes before next check...
[2025-04-27 23:55:34] [Information] Currently connected to: Nyati_CPEPro2_2.4G
[2025-04-27 23:55:34] [Information] Already connected to preferred network: Nyati_CPEPro2_2.4G
[2025-04-27 23:55:34] [Information] Waiting 29 minutes before next check...
