[2025-04-28 00:24:34] [Information] Currently connected to: Nyati_CPEPro2_2.4G
[2025-04-28 00:24:34] [Information] Already connected to preferred network: Nyati_CPEPro2_2.4G
[2025-04-28 00:24:34] [Information] Waiting 26 minutes before next check...
[2025-04-28 00:50:34] [Information] Currently connected to: Nyati_CPEPro2_2.4G
[2025-04-28 00:50:34] [Information] Already connected to preferred network: Nyati_CPEPro2_2.4G
[2025-04-28 00:50:34] [Information] Waiting 20 minutes before next check...
[2025-04-28 01:10:34] [Information] Currently connected to: Nyati_CPEPro2_2.4G
[2025-04-28 01:10:34] [Information] Already connected to preferred network: Nyati_CPEPro2_2.4G
[2025-04-28 01:10:34] [Information] Waiting 14 minutes before next check...
[2025-04-28 01:24:35] [Information] Currently connected to: Nyati_CPEPro2_2.4G
[2025-04-28 01:24:35] [Information] Already connected to preferred network: Nyati_CPEPro2_2.4G
[2025-04-28 01:24:35] [Information] Waiting 13 minutes before next check...
[2025-04-28 01:37:35] [Information] Currently connected to: Nyati_CPEPro2_2.4G
[2025-04-28 01:37:35] [Information] Already connected to preferred network: Nyati_CPEPro2_2.4G
[2025-04-28 01:37:35] [Information] Waiting 22 minutes before next check...
[2025-04-28 01:59:35] [Information] Currently connected to: Nyati_CPEPro2_2.4G
[2025-04-28 01:59:35] [Information] Already connected to preferred network: Nyati_CPEPro2_2.4G
[2025-04-28 01:59:35] [Information] Waiting 16 minutes before next check...
[2025-04-28 02:15:35] [Information] Currently connected to: Nyati_CPEPro2_2.4G
[2025-04-28 02:15:35] [Information] Already connected to preferred network: Nyati_CPEPro2_2.4G
[2025-04-28 02:15:35] [Information] Waiting 25 minutes before next check...
[2025-04-28 02:40:35] [Information] Currently connected to: Nyati_CPEPro2_2.4G
[2025-04-28 02:40:35] [Information] Already connected to preferred network: Nyati_CPEPro2_2.4G
[2025-04-28 02:40:35] [Information] Waiting 24 minutes before next check...
[2025-04-28 03:04:35] [Information] Currently connected to: Nyati_CPEPro2_2.4G
[2025-04-28 03:04:35] [Information] Already connected to preferred network: Nyati_CPEPro2_2.4G
[2025-04-28 03:04:35] [Information] Waiting 27 minutes before next check...
[2025-04-28 03:31:35] [Information] Currently connected to: Nyati_CPEPro2_2.4G
[2025-04-28 03:31:35] [Information] Already connected to preferred network: Nyati_CPEPro2_2.4G
[2025-04-28 03:31:35] [Information] Waiting 17 minutes before next check...
[2025-04-28 03:48:35] [Information] Currently connected to: Nyati_CPEPro2_2.4G
[2025-04-28 03:48:35] [Information] Already connected to preferred network: Nyati_CPEPro2_2.4G
[2025-04-28 03:48:35] [Information] Waiting 20 minutes before next check...
[2025-04-28 04:08:35] [Information] Currently connected to: Nyati_CPEPro2_2.4G
[2025-04-28 04:08:35] [Information] Already connected to preferred network: Nyati_CPEPro2_2.4G
[2025-04-28 04:08:35] [Information] Waiting 16 minutes before next check...
[2025-04-28 04:24:35] [Information] Currently connected to: Nyati_CPEPro2_2.4G
[2025-04-28 04:24:35] [Information] Already connected to preferred network: Nyati_CPEPro2_2.4G
[2025-04-28 04:24:35] [Information] Waiting 18 minutes before next check...
[2025-04-28 04:42:35] [Information] Currently connected to: Nyati_CPEPro2_2.4G
[2025-04-28 04:42:35] [Information] Already connected to preferred network: Nyati_CPEPro2_2.4G
[2025-04-28 04:42:35] [Information] Waiting 23 minutes before next check...
[2025-04-28 05:05:35] [Information] Currently connected to: Nyati_CPEPro2_2.4G
[2025-04-28 05:05:36] [Information] Already connected to preferred network: Nyati_CPEPro2_2.4G
[2025-04-28 05:05:36] [Information] Waiting 19 minutes before next check...
[2025-04-28 05:24:36] [Information] Currently connected to: Nyati_CPEPro2_2.4G
[2025-04-28 05:24:36] [Information] Already connected to preferred network: Nyati_CPEPro2_2.4G
[2025-04-28 05:24:36] [Information] Waiting 16 minutes before next check...
[2025-04-28 05:40:36] [Information] Currently connected to: Nyati_CPEPro2_2.4G
[2025-04-28 05:40:36] [Information] Already connected to preferred network: Nyati_CPEPro2_2.4G
[2025-04-28 05:40:36] [Information] Waiting 25 minutes before next check...
[2025-04-28 06:05:36] [Information] Currently connected to: Nyati_CPEPro2_2.4G
[2025-04-28 06:05:36] [Information] Already connected to preferred network: Nyati_CPEPro2_2.4G
[2025-04-28 06:05:36] [Information] Waiting 20 minutes before next check...
[2025-04-28 06:25:36] [Information] Currently connected to: Nyati_CPEPro2_2.4G
[2025-04-28 06:25:36] [Information] Already connected to preferred network: Nyati_CPEPro2_2.4G
[2025-04-28 06:25:36] [Information] Waiting 19 minutes before next check...
[2025-04-28 06:44:36] [Information] Currently connected to: Nyati_CPEPro2_2.4G
[2025-04-28 06:44:36] [Information] Already connected to preferred network: Nyati_CPEPro2_2.4G
[2025-04-28 06:44:36] [Information] Waiting 25 minutes before next check...
[2025-04-28 07:09:36] [Information] Currently connected to: Nyati_CPEPro2_2.4G
[2025-04-28 07:09:36] [Information] Already connected to preferred network: Nyati_CPEPro2_2.4G
[2025-04-28 07:09:36] [Information] Waiting 20 minutes before next check...
[2025-04-28 07:29:36] [Information] Currently connected to: Nyati_CPEPro2_2.4G
[2025-04-28 07:29:36] [Information] Already connected to preferred network: Nyati_CPEPro2_2.4G
[2025-04-28 07:29:36] [Information] Waiting 25 minutes before next check...
[2025-04-28 07:54:36] [Information] Currently connected to: Nyati_CPEPro2_2.4G
[2025-04-28 07:54:36] [Information] Already connected to preferred network: Nyati_CPEPro2_2.4G
[2025-04-28 07:54:36] [Information] Waiting 19 minutes before next check...
[2025-04-28 08:13:36] [Information] Currently connected to: Nyati_CPEPro2_2.4G
[2025-04-28 08:13:36] [Information] Already connected to preferred network: Nyati_CPEPro2_2.4G
[2025-04-28 08:13:36] [Information] Waiting 19 minutes before next check...
[2025-04-28 08:32:36] [Information] Currently connected to: Nyati_CPEPro2_2.4G
[2025-04-28 08:32:36] [Information] Already connected to preferred network: Nyati_CPEPro2_2.4G
[2025-04-28 08:32:36] [Information] Waiting 26 minutes before next check...
[2025-04-28 08:58:36] [Information] Currently connected to: Nyati_CPEPro2_2.4G
[2025-04-28 08:58:36] [Information] Already connected to preferred network: Nyati_CPEPro2_2.4G
[2025-04-28 08:58:36] [Information] Waiting 22 minutes before next check...
[2025-04-28 09:20:37] [Information] Currently connected to: Nyati_CPEPro2_2.4G
[2025-04-28 09:20:37] [Information] Already connected to preferred network: Nyati_CPEPro2_2.4G
[2025-04-28 09:20:37] [Information] Waiting 12 minutes before next check...
[2025-04-28 09:32:37] [Information] Currently connected to: Nyati_CPEPro2_2.4G
[2025-04-28 09:32:37] [Information] Already connected to preferred network: Nyati_CPEPro2_2.4G
[2025-04-28 09:32:37] [Information] Waiting 27 minutes before next check...
[2025-04-28 09:59:37] [Information] Currently connected to: Nyati_CPEPro2_2.4G
[2025-04-28 09:59:37] [Information] Already connected to preferred network: Nyati_CPEPro2_2.4G
[2025-04-28 09:59:37] [Information] Waiting 17 minutes before next check...
[2025-04-28 10:16:37] [Information] Currently connected to: Nyati_CPEPro2_2.4G
[2025-04-28 10:16:37] [Information] Already connected to preferred network: Nyati_CPEPro2_2.4G
[2025-04-28 10:16:37] [Information] Waiting 24 minutes before next check...
[2025-04-28 10:40:37] [Information] Currently connected to: Nyati_CPEPro2_2.4G
[2025-04-28 10:40:37] [Information] Already connected to preferred network: Nyati_CPEPro2_2.4G
[2025-04-28 10:40:37] [Information] Waiting 27 minutes before next check...
[2025-04-28 11:07:37] [Information] Currently connected to: Nyati_CPEPro2_2.4G
[2025-04-28 11:07:37] [Information] Already connected to preferred network: Nyati_CPEPro2_2.4G
[2025-04-28 11:07:37] [Information] Waiting 24 minutes before next check...
[2025-04-28 11:31:37] [Information] Currently connected to: Nyati_CPEPro2_2.4G
[2025-04-28 11:31:37] [Information] Already connected to preferred network: Nyati_CPEPro2_2.4G
[2025-04-28 11:31:37] [Information] Waiting 25 minutes before next check...
[2025-04-28 11:56:37] [Information] Currently connected to: Nyati_CPEPro2_2.4G
[2025-04-28 11:56:37] [Information] Already connected to preferred network: Nyati_CPEPro2_2.4G
[2025-04-28 11:56:37] [Information] Waiting 21 minutes before next check...
[2025-04-28 12:17:37] [Information] Currently connected to: Nyati_CPEPro2_2.4G
[2025-04-28 12:17:37] [Information] Already connected to preferred network: Nyati_CPEPro2_2.4G
[2025-04-28 12:17:37] [Information] Waiting 26 minutes before next check...
[2025-04-28 12:43:37] [Information] Currently connected to: Nyati_CPEPro2_2.4G
[2025-04-28 12:43:37] [Information] Already connected to preferred network: Nyati_CPEPro2_2.4G
[2025-04-28 12:43:37] [Information] Waiting 14 minutes before next check...
[2025-04-28 12:57:37] [Information] Currently connected to: Nyati_CPEPro2_2.4G
[2025-04-28 12:57:37] [Information] Already connected to preferred network: Nyati_CPEPro2_2.4G
[2025-04-28 12:57:37] [Information] Waiting 26 minutes before next check...
[2025-04-28 13:23:37] [Information] Currently connected to: Nyati_CPEPro2_2.4G
[2025-04-28 13:23:37] [Information] Already connected to preferred network: Nyati_CPEPro2_2.4G
[2025-04-28 13:23:37] [Information] Waiting 13 minutes before next check...
[2025-04-28 13:36:38] [Information] Currently connected to: Nyati_CPEPro2_2.4G
[2025-04-28 13:36:38] [Information] Already connected to preferred network: Nyati_CPEPro2_2.4G
[2025-04-28 13:36:38] [Information] Waiting 28 minutes before next check...
[2025-04-28 14:04:38] [Information] Currently connected to: Nyati_CPEPro2_2.4G
[2025-04-28 14:04:38] [Information] Already connected to preferred network: Nyati_CPEPro2_2.4G
[2025-04-28 14:04:38] [Information] Waiting 16 minutes before next check...
[2025-04-28 14:20:38] [Information] Currently connected to: Nyati_CPEPro2_2.4G
[2025-04-28 14:20:38] [Information] Already connected to preferred network: Nyati_CPEPro2_2.4G
[2025-04-28 14:20:38] [Information] Waiting 18 minutes before next check...
[2025-04-28 14:38:38] [Information] Currently connected to: Nyati_CPEPro2_2.4G
[2025-04-28 14:38:38] [Information] Already connected to preferred network: Nyati_CPEPro2_2.4G
[2025-04-28 14:38:38] [Information] Waiting 21 minutes before next check...
[2025-04-28 14:59:38] [Information] Currently connected to: Nyati_CPEPro2_2.4G
[2025-04-28 14:59:38] [Information] Already connected to preferred network: Nyati_CPEPro2_2.4G
[2025-04-28 14:59:38] [Information] Waiting 20 minutes before next check...
[2025-04-28 15:19:38] [Information] Currently connected to: Nyati_CPEPro2_2.4G
[2025-04-28 15:19:38] [Information] Already connected to preferred network: Nyati_CPEPro2_2.4G
[2025-04-28 15:19:38] [Information] Waiting 25 minutes before next check...
[2025-04-28 15:44:38] [Information] Currently connected to: Nyati_CPEPro2_2.4G
[2025-04-28 15:44:38] [Information] Already connected to preferred network: Nyati_CPEPro2_2.4G
[2025-04-28 15:44:38] [Information] Waiting 28 minutes before next check...
[2025-04-28 16:12:38] [Information] Currently connected to: Nyati_CPEPro2_2.4G
[2025-04-28 16:12:38] [Information] Already connected to preferred network: Nyati_CPEPro2_2.4G
[2025-04-28 16:12:38] [Information] Waiting 16 minutes before next check...
[2025-04-28 16:28:38] [Information] Currently connected to: Nyati_CPEPro2_2.4G
[2025-04-28 16:28:38] [Information] Already connected to preferred network: Nyati_CPEPro2_2.4G
[2025-04-28 16:28:38] [Information] Waiting 27 minutes before next check...
[2025-04-28 16:55:38] [Information] Currently connected to: Nyati_CPEPro2_2.4G
[2025-04-28 16:55:38] [Information] Already connected to preferred network: Nyati_CPEPro2_2.4G
[2025-04-28 16:55:38] [Information] Waiting 22 minutes before next check...
[2025-04-28 17:17:38] [Information] Currently connected to: Nyati_CPEPro2_2.4G
[2025-04-28 17:17:38] [Information] Already connected to preferred network: Nyati_CPEPro2_2.4G
[2025-04-28 17:17:38] [Information] Waiting 13 minutes before next check...
[2025-04-28 17:30:56] [Information] Currently connected to: Nyati_CPEPro2_2.4G
[2025-04-28 17:30:56] [Information] Already connected to preferred network: Nyati_CPEPro2_2.4G
[2025-04-28 17:30:56] [Information] Waiting 24 minutes before next check...
[2025-04-28 17:54:56] [Information] Currently connected to: Nyati_CPEPro2_2.4G
[2025-04-28 17:54:56] [Information] Already connected to preferred network: Nyati_CPEPro2_2.4G
[2025-04-28 17:54:56] [Information] Waiting 16 minutes before next check...
[2025-04-28 18:10:56] [Information] Currently connected to: Nyati_CPEPro2_2.4G
[2025-04-28 18:10:56] [Information] Already connected to preferred network: Nyati_CPEPro2_2.4G
[2025-04-28 18:10:56] [Information] Waiting 29 minutes before next check...
[2025-04-28 18:39:56] [Information] Currently connected to: Nyati_CPEPro2_2.4G
[2025-04-28 18:39:56] [Information] Already connected to preferred network: Nyati_CPEPro2_2.4G
[2025-04-28 18:39:56] [Information] Waiting 13 minutes before next check...
[2025-04-28 18:52:56] [Information] Currently connected to: Nyati_CPEPro2_2.4G
[2025-04-28 18:52:56] [Information] Already connected to preferred network: Nyati_CPEPro2_2.4G
[2025-04-28 18:52:56] [Information] Waiting 10 minutes before next check...
[2025-04-28 19:02:56] [Information] Currently connected to: Nyati_CPEPro2_2.4G
[2025-04-28 19:02:56] [Information] Already connected to preferred network: Nyati_CPEPro2_2.4G
[2025-04-28 19:02:56] [Information] Waiting 12 minutes before next check...
[2025-04-28 19:14:56] [Information] Currently connected to: Nyati_CPEPro2_2.4G
[2025-04-28 19:14:56] [Information] Already connected to preferred network: Nyati_CPEPro2_2.4G
[2025-04-28 19:14:56] [Information] Waiting 23 minutes before next check...
[2025-04-28 19:37:57] [Information] Currently connected to: Nyati_CPEPro2_2.4G
[2025-04-28 19:37:57] [Information] Already connected to preferred network: Nyati_CPEPro2_2.4G
[2025-04-28 19:37:57] [Information] Waiting 22 minutes before next check...
[2025-04-28 19:59:57] [Warning] No current WiFi connection
[2025-04-28 19:59:57] [Information] Scanning for preferred networks...
[2025-04-28 19:59:57] [Information] Found 11 networks
[2025-04-28 19:59:57] [Information] Attempting to connect to HellsGate-5.0G
[2025-04-28 20:00:02] [Information] Currently connected to: HellsGate-5.0G
[2025-04-28 20:00:02] [Information] Successfully connected to HellsGate-5.0G
[2025-04-28 20:00:02] [Information] Waiting 27 minutes before next check...
[2025-04-28 20:27:02] [Information] Currently connected to: Nyati_CPEPro2_2.4G
[2025-04-28 20:27:02] [Information] Already connected to preferred network: Nyati_CPEPro2_2.4G
[2025-04-28 20:27:02] [Information] Waiting 20 minutes before next check...
[2025-04-28 20:47:02] [Information] Currently connected to: Nyati_CPEPro2_2.4G
[2025-04-28 20:47:02] [Information] Already connected to preferred network: Nyati_CPEPro2_2.4G
[2025-04-28 20:47:02] [Information] Waiting 29 minutes before next check...
[2025-04-28 21:16:02] [Information] Currently connected to: Nyati_CPEPro2_2.4G
[2025-04-28 21:16:02] [Information] Already connected to preferred network: Nyati_CPEPro2_2.4G
[2025-04-28 21:16:02] [Information] Waiting 18 minutes before next check...
[2025-04-28 21:34:02] [Information] Currently connected to: Nyati_CPEPro2_2.4G
[2025-04-28 21:34:02] [Information] Already connected to preferred network: Nyati_CPEPro2_2.4G
[2025-04-28 21:34:02] [Information] Waiting 14 minutes before next check...
[2025-04-28 21:48:02] [Information] Currently connected to: Nyati_CPEPro2_2.4G
[2025-04-28 21:48:02] [Information] Already connected to preferred network: Nyati_CPEPro2_2.4G
[2025-04-28 21:48:02] [Information] Waiting 29 minutes before next check...
[2025-04-28 22:17:02] [Information] Currently connected to: Nyati_CPEPro2_2.4G
[2025-04-28 22:17:02] [Information] Already connected to preferred network: Nyati_CPEPro2_2.4G
[2025-04-28 22:17:02] [Information] Waiting 23 minutes before next check...
[2025-04-28 22:40:02] [Information] Currently connected to: Nyati_CPEPro2_2.4G
[2025-04-28 22:40:02] [Information] Already connected to preferred network: Nyati_CPEPro2_2.4G
[2025-04-28 22:40:02] [Information] Waiting 25 minutes before next check...
[2025-04-28 23:05:03] [Information] Currently connected to: Nyati_CPEPro2_2.4G
[2025-04-28 23:05:03] [Information] Already connected to preferred network: Nyati_CPEPro2_2.4G
[2025-04-28 23:05:03] [Information] Waiting 16 minutes before next check...
[2025-04-28 23:21:03] [Information] Currently connected to: Nyati_CPEPro2_2.4G
[2025-04-28 23:21:03] [Information] Already connected to preferred network: Nyati_CPEPro2_2.4G
[2025-04-28 23:21:03] [Information] Waiting 18 minutes before next check...
[2025-04-28 23:39:03] [Information] Currently connected to: Nyati_CPEPro2_2.4G
[2025-04-28 23:39:03] [Information] Already connected to preferred network: Nyati_CPEPro2_2.4G
[2025-04-28 23:39:03] [Information] Waiting 11 minutes before next check...
[2025-04-28 23:50:03] [Information] Currently connected to: Nyati_CPEPro2_2.4G
[2025-04-28 23:50:03] [Information] Already connected to preferred network: Nyati_CPEPro2_2.4G
[2025-04-28 23:50:03] [Information] Waiting 27 minutes before next check...
