[2025-03-25 19:30:36] [Information] Successfully registered scheduled task
[2025-03-25 19:30:37] [Information] WiFi connection manager started
[2025-03-25 19:30:37] [Warning] No current WiFi connection
[2025-03-25 19:30:37] [Information] Scanning for preferred networks...
[2025-03-25 19:30:37] [Information] Found 9 networks
[2025-03-25 19:30:37] [Information] Attempting to connect to HellsGate-5.0G
[2025-03-25 19:30:42] [Information] Currently connected to: HellsGate-5.0G
[2025-03-25 19:30:42] [Information] Successfully connected to HellsGate-5.0G
[2025-03-25 19:30:42] [Information] Waiting 18 minutes before next check...
[2025-03-25 19:48:42] [Information] Currently connected to: HellsGate-5.0G
[2025-03-25 19:48:42] [Information] Already connected to preferred network: HellsGate-5.0G
[2025-03-25 19:48:42] [Information] Waiting 17 minutes before next check...
[2025-03-25 20:05:42] [Information] Currently connected to: HellsGate-5.0G
[2025-03-25 20:05:42] [Information] Already connected to preferred network: HellsGate-5.0G
[2025-03-25 20:05:42] [Information] Waiting 24 minutes before next check...
[2025-03-25 20:29:42] [Information] Currently connected to: HellsGate-5.0G
[2025-03-25 20:29:42] [Information] Already connected to preferred network: HellsGate-5.0G
[2025-03-25 20:29:42] [Information] Waiting 15 minutes before next check...
[2025-03-25 20:44:42] [Information] Currently connected to: HellsGate-5.0G
[2025-03-25 20:44:42] [Information] Already connected to preferred network: HellsGate-5.0G
[2025-03-25 20:44:42] [Information] Waiting 20 minutes before next check...
[2025-03-25 21:04:42] [Information] Currently connected to: HellsGate-5.0G
[2025-03-25 21:04:42] [Information] Already connected to preferred network: HellsGate-5.0G
[2025-03-25 21:04:42] [Information] Waiting 24 minutes before next check...
[2025-03-25 21:28:42] [Information] Currently connected to: HellsGate-5.0G
[2025-03-25 21:28:42] [Information] Already connected to preferred network: HellsGate-5.0G
[2025-03-25 21:28:42] [Information] Waiting 18 minutes before next check...
[2025-03-25 21:46:42] [Information] Currently connected to: HellsGate-5.0G
[2025-03-25 21:46:42] [Information] Already connected to preferred network: HellsGate-5.0G
[2025-03-25 21:46:42] [Information] Waiting 14 minutes before next check...
[2025-03-25 22:00:43] [Information] Currently connected to: HellsGate-5.0G
[2025-03-25 22:00:43] [Information] Already connected to preferred network: HellsGate-5.0G
[2025-03-25 22:00:43] [Information] Waiting 22 minutes before next check...
[2025-03-25 22:22:43] [Information] Currently connected to: HellsGate-5.0G
[2025-03-25 22:22:43] [Information] Already connected to preferred network: HellsGate-5.0G
[2025-03-25 22:22:43] [Information] Waiting 24 minutes before next check...
[2025-03-25 22:46:43] [Information] Currently connected to: HellsGate-5.0G
[2025-03-25 22:46:43] [Information] Already connected to preferred network: HellsGate-5.0G
[2025-03-25 22:46:43] [Information] Waiting 28 minutes before next check...
[2025-03-25 23:14:43] [Information] Currently connected to: HellsGate-5.0G
[2025-03-25 23:14:43] [Information] Already connected to preferred network: HellsGate-5.0G
[2025-03-25 23:14:43] [Information] Waiting 15 minutes before next check...
[2025-03-25 23:29:43] [Information] Currently connected to: HellsGate-5.0G
[2025-03-25 23:29:43] [Information] Already connected to preferred network: HellsGate-5.0G
[2025-03-25 23:29:43] [Information] Waiting 20 minutes before next check...
[2025-03-25 23:49:43] [Information] Currently connected to: HellsGate-5.0G
[2025-03-25 23:49:43] [Information] Already connected to preferred network: HellsGate-5.0G
[2025-03-25 23:49:43] [Information] Waiting 19 minutes before next check...
