[2025-03-25 08:59:32] [Information] Successfully registered scheduled task
[2025-03-25 08:59:32] [Information] WiFi connection manager started
[2025-03-25 08:59:33] [Warning] No current WiFi connection
[2025-03-25 08:59:33] [Information] Scanning for preferred networks...
[2025-03-25 08:59:33] [Information] Found 6 networks
[2025-03-25 08:59:33] [Information] Attempting to connect to HellsGate-5.0G
[2025-03-25 08:59:38] [Information] Currently connected to: HellsGate-5.0G
[2025-03-25 08:59:38] [Information] Successfully connected to HellsGate-5.0G
[2025-03-25 08:59:38] [Information] Waiting 22 minutes before next check...
[2025-03-25 09:21:38] [Information] Currently connected to: HellsGate-5.0G
[2025-03-25 09:21:38] [Information] Already connected to preferred network: HellsGate-5.0G
[2025-03-25 09:21:38] [Information] Waiting 23 minutes before next check...
[2025-03-25 09:44:38] [Information] Currently connected to: HellsGate-5.0G
[2025-03-25 09:44:38] [Information] Already connected to preferred network: HellsGate-5.0G
[2025-03-25 09:44:38] [Information] Waiting 21 minutes before next check...
[2025-03-25 10:05:38] [Information] Currently connected to: HellsGate-5.0G
[2025-03-25 10:05:38] [Information] Already connected to preferred network: HellsGate-5.0G
[2025-03-25 10:05:38] [Information] Waiting 27 minutes before next check...
[2025-03-25 10:32:38] [Information] Currently connected to: HellsGate-5.0G
[2025-03-25 10:32:38] [Information] Already connected to preferred network: HellsGate-5.0G
[2025-03-25 10:32:38] [Information] Waiting 27 minutes before next check...
[2025-03-25 10:59:38] [Information] Currently connected to: HellsGate-5.0G
[2025-03-25 10:59:38] [Information] Already connected to preferred network: HellsGate-5.0G
[2025-03-25 10:59:38] [Information] Waiting 24 minutes before next check...
[2025-03-25 11:23:38] [Information] Currently connected to: HellsGate-5.0G
[2025-03-25 11:23:38] [Information] Already connected to preferred network: HellsGate-5.0G
[2025-03-25 11:23:38] [Information] Waiting 23 minutes before next check...
[2025-03-25 11:46:39] [Information] Currently connected to: HellsGate-5.0G
[2025-03-25 11:46:39] [Information] Already connected to preferred network: HellsGate-5.0G
[2025-03-25 11:46:39] [Information] Waiting 15 minutes before next check...
[2025-03-25 12:01:39] [Information] Currently connected to: HellsGate-5.0G
[2025-03-25 12:01:39] [Information] Already connected to preferred network: HellsGate-5.0G
[2025-03-25 12:01:39] [Information] Waiting 13 minutes before next check...
[2025-03-25 12:14:39] [Information] Currently connected to: HellsGate-5.0G
[2025-03-25 12:14:39] [Information] Already connected to preferred network: HellsGate-5.0G
[2025-03-25 12:14:39] [Information] Waiting 25 minutes before next check...
[2025-03-25 12:39:39] [Information] Currently connected to: HellsGate-5.0G
[2025-03-25 12:39:39] [Information] Already connected to preferred network: HellsGate-5.0G
[2025-03-25 12:39:39] [Information] Waiting 12 minutes before next check...
[2025-03-25 12:51:39] [Information] Currently connected to: HellsGate-5.0G
[2025-03-25 12:51:39] [Information] Already connected to preferred network: HellsGate-5.0G
[2025-03-25 12:51:39] [Information] Waiting 21 minutes before next check...
[2025-03-25 13:12:39] [Information] Currently connected to: HellsGate-5.0G
[2025-03-25 13:12:39] [Information] Already connected to preferred network: HellsGate-5.0G
[2025-03-25 13:12:39] [Information] Waiting 18 minutes before next check...
[2025-03-25 13:30:39] [Information] Currently connected to: HellsGate-5.0G
[2025-03-25 13:30:39] [Information] Already connected to preferred network: HellsGate-5.0G
[2025-03-25 13:30:39] [Information] Waiting 15 minutes before next check...
[2025-03-25 13:45:39] [Information] Currently connected to: HellsGate-5.0G
[2025-03-25 13:45:39] [Information] Already connected to preferred network: HellsGate-5.0G
[2025-03-25 13:45:39] [Information] Waiting 24 minutes before next check...
[2025-03-25 14:09:39] [Information] Currently connected to: HellsGate-5.0G
[2025-03-25 14:09:39] [Information] Already connected to preferred network: HellsGate-5.0G
[2025-03-25 14:09:39] [Information] Waiting 16 minutes before next check...
[2025-03-25 14:25:39] [Information] Currently connected to: HellsGate-5.0G
[2025-03-25 14:25:39] [Information] Already connected to preferred network: HellsGate-5.0G
[2025-03-25 14:25:39] [Information] Waiting 17 minutes before next check...
[2025-03-25 14:42:39] [Information] Currently connected to: HellsGate-5.0G
[2025-03-25 14:42:39] [Information] Already connected to preferred network: HellsGate-5.0G
[2025-03-25 14:42:39] [Information] Waiting 18 minutes before next check...
[2025-03-25 15:00:39] [Information] Currently connected to: HellsGate-5.0G
[2025-03-25 15:00:39] [Information] Already connected to preferred network: HellsGate-5.0G
[2025-03-25 15:00:39] [Information] Waiting 21 minutes before next check...
[2025-03-25 15:21:39] [Information] Currently connected to: HellsGate-5.0G
[2025-03-25 15:21:39] [Information] Already connected to preferred network: HellsGate-5.0G
[2025-03-25 15:21:39] [Information] Waiting 24 minutes before next check...
[2025-03-25 15:45:39] [Information] Currently connected to: HellsGate-5.0G
[2025-03-25 15:45:39] [Information] Already connected to preferred network: HellsGate-5.0G
[2025-03-25 15:45:39] [Information] Waiting 16 minutes before next check...
[2025-03-25 16:01:39] [Information] Currently connected to: HellsGate-5.0G
[2025-03-25 16:01:39] [Information] Already connected to preferred network: HellsGate-5.0G
[2025-03-25 16:01:39] [Information] Waiting 22 minutes before next check...
[2025-03-25 16:23:39] [Information] Currently connected to: HellsGate-5.0G
[2025-03-25 16:23:39] [Information] Already connected to preferred network: HellsGate-5.0G
[2025-03-25 16:23:39] [Information] Waiting 26 minutes before next check...
[2025-03-25 16:49:40] [Information] Currently connected to: HellsGate-5.0G
[2025-03-25 16:49:40] [Information] Already connected to preferred network: HellsGate-5.0G
[2025-03-25 16:49:40] [Information] Waiting 17 minutes before next check...
[2025-03-25 17:06:40] [Information] Currently connected to: HellsGate-5.0G
[2025-03-25 17:06:40] [Information] Already connected to preferred network: HellsGate-5.0G
[2025-03-25 17:06:40] [Information] Waiting 28 minutes before next check...
[2025-03-25 17:34:40] [Information] Currently connected to: HellsGate-5.0G
[2025-03-25 17:34:40] [Information] Already connected to preferred network: HellsGate-5.0G
[2025-03-25 17:34:40] [Information] Waiting 26 minutes before next check...
[2025-03-25 18:00:40] [Information] Currently connected to: HellsGate-5.0G
[2025-03-25 18:00:40] [Information] Already connected to preferred network: HellsGate-5.0G
[2025-03-25 18:00:40] [Information] Waiting 28 minutes before next check...
[2025-03-25 18:28:40] [Information] Currently connected to: HellsGate-5.0G
[2025-03-25 18:28:40] [Information] Already connected to preferred network: HellsGate-5.0G
[2025-03-25 18:28:40] [Information] Waiting 11 minutes before next check...
[2025-03-25 18:39:40] [Information] Currently connected to: HellsGate-5.0G
[2025-03-25 18:39:40] [Information] Already connected to preferred network: HellsGate-5.0G
[2025-03-25 18:39:40] [Information] Waiting 29 minutes before next check...
[2025-03-25 19:08:40] [Information] Currently connected to: HellsGate-5.0G
[2025-03-25 19:08:40] [Information] Already connected to preferred network: HellsGate-5.0G
[2025-03-25 19:08:40] [Information] Waiting 14 minutes before next check...
[2025-03-25 19:22:40] [Information] Currently connected to: HellsGate-5.0G
[2025-03-25 19:22:40] [Information] Already connected to preferred network: HellsGate-5.0G
[2025-03-25 19:22:40] [Information] Waiting 23 minutes before next check...
