[2025-04-15 00:12:18] [Information] Currently connected to: HellsGate-5.0G
[2025-04-15 00:12:18] [Information] Already connected to preferred network: HellsGate-5.0G
[2025-04-15 00:12:18] [Information] Waiting 28 minutes before next check...
[2025-04-15 00:40:18] [Information] Currently connected to: HellsGate-5.0G
[2025-04-15 00:40:18] [Information] Already connected to preferred network: HellsGate-5.0G
[2025-04-15 00:40:18] [Information] Waiting 18 minutes before next check...
[2025-04-15 00:58:18] [Information] Currently connected to: HellsGate-5.0G
[2025-04-15 00:58:18] [Information] Already connected to preferred network: HellsGate-5.0G
[2025-04-15 00:58:18] [Information] Waiting 13 minutes before next check...
[2025-04-15 01:11:18] [Information] Currently connected to: HellsGate-5.0G
[2025-04-15 01:11:18] [Information] Already connected to preferred network: HellsGate-5.0G
[2025-04-15 01:11:18] [Information] Waiting 11 minutes before next check...
[2025-04-15 01:22:18] [Information] Currently connected to: HellsGate-5.0G
[2025-04-15 01:22:18] [Information] Already connected to preferred network: HellsGate-5.0G
[2025-04-15 01:22:18] [Information] Waiting 12 minutes before next check...
[2025-04-15 01:34:19] [Information] Currently connected to: HellsGate-5.0G
[2025-04-15 01:34:19] [Information] Already connected to preferred network: HellsGate-5.0G
[2025-04-15 01:34:19] [Information] Waiting 13 minutes before next check...
[2025-04-15 01:47:19] [Information] Currently connected to: HellsGate-5.0G
[2025-04-15 01:47:19] [Information] Already connected to preferred network: HellsGate-5.0G
[2025-04-15 01:47:19] [Information] Waiting 13 minutes before next check...
[2025-04-15 02:00:19] [Information] Currently connected to: HellsGate-5.0G
[2025-04-15 02:00:19] [Information] Already connected to preferred network: HellsGate-5.0G
[2025-04-15 02:00:19] [Information] Waiting 25 minutes before next check...
[2025-04-15 02:25:19] [Information] Currently connected to: HellsGate-5.0G
[2025-04-15 02:25:19] [Information] Already connected to preferred network: HellsGate-5.0G
[2025-04-15 02:25:19] [Information] Waiting 27 minutes before next check...
[2025-04-15 02:52:19] [Information] Currently connected to: HellsGate-5.0G
[2025-04-15 02:52:19] [Information] Already connected to preferred network: HellsGate-5.0G
[2025-04-15 02:52:19] [Information] Waiting 25 minutes before next check...
[2025-04-15 03:17:19] [Information] Currently connected to: HellsGate-5.0G
[2025-04-15 03:17:19] [Information] Already connected to preferred network: HellsGate-5.0G
[2025-04-15 03:17:19] [Information] Waiting 26 minutes before next check...
[2025-04-15 03:43:19] [Information] Currently connected to: HellsGate-5.0G
[2025-04-15 03:43:19] [Information] Already connected to preferred network: HellsGate-5.0G
[2025-04-15 03:43:19] [Information] Waiting 29 minutes before next check...
[2025-04-15 04:12:19] [Information] Currently connected to: HellsGate-5.0G
[2025-04-15 04:12:19] [Information] Already connected to preferred network: HellsGate-5.0G
[2025-04-15 04:12:19] [Information] Waiting 18 minutes before next check...
[2025-04-15 04:30:19] [Information] Currently connected to: HellsGate-5.0G
[2025-04-15 04:30:19] [Information] Already connected to preferred network: HellsGate-5.0G
[2025-04-15 04:30:19] [Information] Waiting 28 minutes before next check...
[2025-04-15 04:58:19] [Information] Currently connected to: HellsGate-5.0G
[2025-04-15 04:58:19] [Information] Already connected to preferred network: HellsGate-5.0G
[2025-04-15 04:58:19] [Information] Waiting 21 minutes before next check...
[2025-04-15 05:19:19] [Information] Currently connected to: HellsGate-5.0G
[2025-04-15 05:19:19] [Information] Already connected to preferred network: HellsGate-5.0G
[2025-04-15 05:19:19] [Information] Waiting 10 minutes before next check...
[2025-04-15 05:29:20] [Information] Currently connected to: HellsGate-5.0G
[2025-04-15 05:29:20] [Information] Already connected to preferred network: HellsGate-5.0G
[2025-04-15 05:29:20] [Information] Waiting 11 minutes before next check...
[2025-04-15 05:40:20] [Information] Currently connected to: HellsGate-5.0G
[2025-04-15 05:40:20] [Information] Already connected to preferred network: HellsGate-5.0G
[2025-04-15 05:40:20] [Information] Waiting 15 minutes before next check...
[2025-04-15 05:55:20] [Information] Currently connected to: HellsGate-5.0G
[2025-04-15 05:55:20] [Information] Already connected to preferred network: HellsGate-5.0G
[2025-04-15 05:55:20] [Information] Waiting 22 minutes before next check...
[2025-04-15 06:17:20] [Information] Currently connected to: HellsGate-5.0G
[2025-04-15 06:17:20] [Information] Already connected to preferred network: HellsGate-5.0G
[2025-04-15 06:17:20] [Information] Waiting 25 minutes before next check...
[2025-04-15 06:42:20] [Information] Currently connected to: HellsGate-5.0G
[2025-04-15 06:42:20] [Information] Already connected to preferred network: HellsGate-5.0G
[2025-04-15 06:42:20] [Information] Waiting 11 minutes before next check...
[2025-04-15 06:53:27] [Information] Currently connected to: HellsGate-5.0G
[2025-04-15 06:53:27] [Information] Already connected to preferred network: HellsGate-5.0G
[2025-04-15 06:53:27] [Information] Waiting 13 minutes before next check...
[2025-04-15 07:06:27] [Information] Currently connected to: HellsGate-5.0G
[2025-04-15 07:06:27] [Information] Already connected to preferred network: HellsGate-5.0G
[2025-04-15 07:06:27] [Information] Waiting 21 minutes before next check...
[2025-04-15 07:27:27] [Information] Currently connected to: HellsGate-5.0G
[2025-04-15 07:27:27] [Information] Already connected to preferred network: HellsGate-5.0G
[2025-04-15 07:27:27] [Information] Waiting 18 minutes before next check...
[2025-04-15 07:45:27] [Information] Currently connected to: HellsGate-5.0G
[2025-04-15 07:45:27] [Information] Already connected to preferred network: HellsGate-5.0G
[2025-04-15 07:45:27] [Information] Waiting 20 minutes before next check...
[2025-04-15 08:05:27] [Information] Currently connected to: HellsGate-5.0G
[2025-04-15 08:05:27] [Information] Already connected to preferred network: HellsGate-5.0G
[2025-04-15 08:05:27] [Information] Waiting 13 minutes before next check...
[2025-04-15 08:18:27] [Information] Currently connected to: HellsGate-5.0G
[2025-04-15 08:18:27] [Information] Already connected to preferred network: HellsGate-5.0G
[2025-04-15 08:18:27] [Information] Waiting 22 minutes before next check...
[2025-04-15 08:40:27] [Information] Currently connected to: HellsGate-5.0G
[2025-04-15 08:40:27] [Information] Already connected to preferred network: HellsGate-5.0G
[2025-04-15 08:40:27] [Information] Waiting 24 minutes before next check...
[2025-04-15 09:04:27] [Information] Currently connected to: HellsGate-5.0G
[2025-04-15 09:04:27] [Information] Already connected to preferred network: HellsGate-5.0G
[2025-04-15 09:04:27] [Information] Waiting 11 minutes before next check...
[2025-04-15 09:15:27] [Information] Currently connected to: HellsGate-5.0G
[2025-04-15 09:15:27] [Information] Already connected to preferred network: HellsGate-5.0G
[2025-04-15 09:15:27] [Information] Waiting 25 minutes before next check...
[2025-04-15 09:40:28] [Information] Currently connected to: HellsGate-5.0G
[2025-04-15 09:40:28] [Information] Already connected to preferred network: HellsGate-5.0G
[2025-04-15 09:40:28] [Information] Waiting 23 minutes before next check...
[2025-04-15 10:03:28] [Information] Currently connected to: HellsGate-5.0G
[2025-04-15 10:03:28] [Information] Already connected to preferred network: HellsGate-5.0G
[2025-04-15 10:03:28] [Information] Waiting 16 minutes before next check...
[2025-04-15 10:19:28] [Information] Currently connected to: HellsGate-5.0G
[2025-04-15 10:19:28] [Information] Already connected to preferred network: HellsGate-5.0G
[2025-04-15 10:19:28] [Information] Waiting 11 minutes before next check...
[2025-04-15 10:30:28] [Information] Currently connected to: HellsGate-5.0G
[2025-04-15 10:30:28] [Information] Already connected to preferred network: HellsGate-5.0G
[2025-04-15 10:30:28] [Information] Waiting 22 minutes before next check...
[2025-04-15 10:52:28] [Information] Currently connected to: HellsGate-5.0G
[2025-04-15 10:52:28] [Information] Already connected to preferred network: HellsGate-5.0G
[2025-04-15 10:52:28] [Information] Waiting 11 minutes before next check...
[2025-04-15 11:03:28] [Information] Currently connected to: HellsGate-5.0G
[2025-04-15 11:03:28] [Information] Already connected to preferred network: HellsGate-5.0G
[2025-04-15 11:03:28] [Information] Waiting 22 minutes before next check...
[2025-04-15 11:25:28] [Information] Currently connected to: HellsGate-5.0G
[2025-04-15 11:25:28] [Information] Already connected to preferred network: HellsGate-5.0G
[2025-04-15 11:25:28] [Information] Waiting 12 minutes before next check...
[2025-04-15 11:37:28] [Information] Currently connected to: HellsGate-5.0G
[2025-04-15 11:37:28] [Information] Already connected to preferred network: HellsGate-5.0G
[2025-04-15 11:37:28] [Information] Waiting 15 minutes before next check...
[2025-04-15 11:52:28] [Information] Currently connected to: HellsGate-5.0G
[2025-04-15 11:52:28] [Information] Already connected to preferred network: HellsGate-5.0G
[2025-04-15 11:52:28] [Information] Waiting 23 minutes before next check...
[2025-04-15 12:15:28] [Information] Currently connected to: HellsGate-5.0G
[2025-04-15 12:15:28] [Information] Already connected to preferred network: HellsGate-5.0G
[2025-04-15 12:15:28] [Information] Waiting 17 minutes before next check...
[2025-04-15 12:32:28] [Information] Currently connected to: HellsGate-5.0G
[2025-04-15 12:32:28] [Information] Already connected to preferred network: HellsGate-5.0G
[2025-04-15 12:32:28] [Information] Waiting 10 minutes before next check...
[2025-04-15 12:42:28] [Information] Currently connected to: HellsGate-5.0G
[2025-04-15 12:42:28] [Information] Already connected to preferred network: HellsGate-5.0G
[2025-04-15 12:42:28] [Information] Waiting 24 minutes before next check...
[2025-04-15 13:06:29] [Information] Currently connected to: HellsGate-5.0G
[2025-04-15 13:06:29] [Information] Already connected to preferred network: HellsGate-5.0G
[2025-04-15 13:06:29] [Information] Waiting 21 minutes before next check...
[2025-04-15 13:27:29] [Information] Currently connected to: HellsGate-5.0G
[2025-04-15 13:27:29] [Information] Already connected to preferred network: HellsGate-5.0G
[2025-04-15 13:27:29] [Information] Waiting 29 minutes before next check...
[2025-04-15 13:56:29] [Information] Currently connected to: HellsGate-5.0G
[2025-04-15 13:56:29] [Information] Already connected to preferred network: HellsGate-5.0G
[2025-04-15 13:56:29] [Information] Waiting 29 minutes before next check...
[2025-04-15 14:25:29] [Information] Currently connected to: HellsGate-5.0G
[2025-04-15 14:25:29] [Information] Already connected to preferred network: HellsGate-5.0G
[2025-04-15 14:25:29] [Information] Waiting 29 minutes before next check...
[2025-04-15 14:54:29] [Information] Currently connected to: HellsGate-5.0G
[2025-04-15 14:54:29] [Information] Already connected to preferred network: HellsGate-5.0G
[2025-04-15 14:54:29] [Information] Waiting 15 minutes before next check...
[2025-04-15 15:09:29] [Information] Currently connected to: HellsGate-5.0G
[2025-04-15 15:09:29] [Information] Already connected to preferred network: HellsGate-5.0G
[2025-04-15 15:09:29] [Information] Waiting 29 minutes before next check...
[2025-04-15 15:38:29] [Information] Currently connected to: HellsGate-5.0G
[2025-04-15 15:38:29] [Information] Already connected to preferred network: HellsGate-5.0G
[2025-04-15 15:38:29] [Information] Waiting 29 minutes before next check...
[2025-04-15 16:07:29] [Information] Currently connected to: HellsGate-5.0G
[2025-04-15 16:07:29] [Information] Already connected to preferred network: HellsGate-5.0G
[2025-04-15 16:07:29] [Information] Waiting 29 minutes before next check...
[2025-04-15 16:36:29] [Information] Currently connected to: HellsGate-5.0G
[2025-04-15 16:36:29] [Information] Already connected to preferred network: HellsGate-5.0G
[2025-04-15 16:36:29] [Information] Waiting 21 minutes before next check...
[2025-04-15 16:57:29] [Information] Currently connected to: HellsGate-5.0G
[2025-04-15 16:57:29] [Information] Already connected to preferred network: HellsGate-5.0G
[2025-04-15 16:57:29] [Information] Waiting 29 minutes before next check...
[2025-04-15 17:26:29] [Information] Currently connected to: HellsGate-5.0G
[2025-04-15 17:26:29] [Information] Already connected to preferred network: HellsGate-5.0G
[2025-04-15 17:26:29] [Information] Waiting 19 minutes before next check...
[2025-04-15 17:45:30] [Information] Currently connected to: HellsGate-5.0G
[2025-04-15 17:45:30] [Information] Already connected to preferred network: HellsGate-5.0G
[2025-04-15 17:45:30] [Information] Waiting 16 minutes before next check...
[2025-04-15 18:01:30] [Information] Currently connected to: HellsGate-5.0G
[2025-04-15 18:01:30] [Information] Already connected to preferred network: HellsGate-5.0G
[2025-04-15 18:01:30] [Information] Waiting 16 minutes before next check...
[2025-04-15 18:17:30] [Information] Currently connected to: HellsGate-5.0G
[2025-04-15 18:17:30] [Information] Already connected to preferred network: HellsGate-5.0G
[2025-04-15 18:17:30] [Information] Waiting 28 minutes before next check...
[2025-04-15 18:45:30] [Information] Currently connected to: HellsGate-5.0G
[2025-04-15 18:45:30] [Information] Already connected to preferred network: HellsGate-5.0G
[2025-04-15 18:45:30] [Information] Waiting 26 minutes before next check...
[2025-04-15 19:11:30] [Information] Currently connected to: HellsGate-5.0G
[2025-04-15 19:11:30] [Information] Already connected to preferred network: HellsGate-5.0G
[2025-04-15 19:11:30] [Information] Waiting 20 minutes before next check...
[2025-04-15 19:31:30] [Information] Currently connected to: HellsGate-5.0G
[2025-04-15 19:31:30] [Information] Already connected to preferred network: HellsGate-5.0G
[2025-04-15 19:31:30] [Information] Waiting 10 minutes before next check...
[2025-04-15 19:41:30] [Information] Currently connected to: HellsGate-5.0G
[2025-04-15 19:41:30] [Information] Already connected to preferred network: HellsGate-5.0G
[2025-04-15 19:41:30] [Information] Waiting 20 minutes before next check...
[2025-04-15 20:01:30] [Information] Currently connected to: HellsGate-5.0G
[2025-04-15 20:01:30] [Information] Already connected to preferred network: HellsGate-5.0G
[2025-04-15 20:01:30] [Information] Waiting 23 minutes before next check...
[2025-04-15 20:24:30] [Information] Currently connected to: HellsGate-5.0G
[2025-04-15 20:24:30] [Information] Already connected to preferred network: HellsGate-5.0G
[2025-04-15 20:24:30] [Information] Waiting 29 minutes before next check...
[2025-04-15 20:53:30] [Information] Currently connected to: HellsGate-5.0G
[2025-04-15 20:53:30] [Information] Already connected to preferred network: HellsGate-5.0G
[2025-04-15 20:53:30] [Information] Waiting 15 minutes before next check...
[2025-04-15 21:08:30] [Warning] No current WiFi connection
[2025-04-15 21:08:30] [Information] Scanning for preferred networks...
[2025-04-15 21:08:31] [Information] Found 8 networks
[2025-04-15 21:08:31] [Information] Attempting to connect to HellsGate-5.0G
[2025-04-15 21:08:36] [Information] Currently connected to: HellsGate-5.0G
[2025-04-15 21:08:36] [Information] Successfully connected to HellsGate-5.0G
[2025-04-15 21:08:36] [Information] Waiting 15 minutes before next check...
[2025-04-15 21:23:36] [Information] Currently connected to: HellsGate-5.0G
[2025-04-15 21:23:36] [Information] Already connected to preferred network: HellsGate-5.0G
[2025-04-15 21:23:36] [Information] Waiting 13 minutes before next check...
[2025-04-15 21:36:36] [Information] Currently connected to: HellsGate-5.0G
[2025-04-15 21:36:36] [Information] Already connected to preferred network: HellsGate-5.0G
[2025-04-15 21:36:36] [Information] Waiting 21 minutes before next check...
[2025-04-15 21:57:36] [Information] Currently connected to: HellsGate-5.0G
[2025-04-15 21:57:36] [Information] Already connected to preferred network: HellsGate-5.0G
[2025-04-15 21:57:36] [Information] Waiting 15 minutes before next check...
[2025-04-15 22:12:36] [Information] Currently connected to: HellsGate-5.0G
[2025-04-15 22:12:36] [Information] Already connected to preferred network: HellsGate-5.0G
[2025-04-15 22:12:36] [Information] Waiting 29 minutes before next check...
[2025-04-15 22:41:36] [Information] Currently connected to: HellsGate-5.0G
[2025-04-15 22:41:36] [Information] Already connected to preferred network: HellsGate-5.0G
[2025-04-15 22:41:36] [Information] Waiting 10 minutes before next check...
[2025-04-15 22:51:36] [Information] Currently connected to: HellsGate-5.0G
[2025-04-15 22:51:36] [Information] Already connected to preferred network: HellsGate-5.0G
[2025-04-15 22:51:36] [Information] Waiting 24 minutes before next check...
[2025-04-15 23:15:36] [Information] Currently connected to: HellsGate-5.0G
[2025-04-15 23:15:36] [Information] Already connected to preferred network: HellsGate-5.0G
[2025-04-15 23:15:36] [Information] Waiting 15 minutes before next check...
[2025-04-15 23:30:36] [Information] Currently connected to: HellsGate-5.0G
[2025-04-15 23:30:36] [Information] Already connected to preferred network: HellsGate-5.0G
[2025-04-15 23:30:36] [Information] Waiting 12 minutes before next check...
[2025-04-15 23:42:36] [Information] Currently connected to: HellsGate-5.0G
[2025-04-15 23:42:36] [Information] Already connected to preferred network: HellsGate-5.0G
[2025-04-15 23:42:36] [Information] Waiting 14 minutes before next check...
[2025-04-15 23:56:37] [Information] Currently connected to: HellsGate-5.0G
[2025-04-15 23:56:37] [Information] Already connected to preferred network: HellsGate-5.0G
[2025-04-15 23:56:37] [Information] Waiting 10 minutes before next check...
