[2025-02-01 03:45:55] [Information] Successfully registered scheduled task
[2025-02-01 03:45:56] [Information] WiFi connection manager started
[2025-02-01 03:45:57] [Information] Currently connected to: Merlin Wharf
[2025-02-01 03:45:57] [Information] Already connected to preferred network: Merlin Wharf
[2025-02-01 03:45:57] [Information] Waiting 12 minutes before next check...
[2025-02-01 03:57:57] [Information] Currently connected to: Merlin Wharf
[2025-02-01 03:57:57] [Information] Already connected to preferred network: Merlin Wharf
[2025-02-01 03:57:57] [Information] Waiting 16 minutes before next check...
[2025-02-01 04:13:57] [Information] Currently connected to: Merlin Wharf
[2025-02-01 04:13:57] [Information] Already connected to preferred network: Merlin Wharf
[2025-02-01 04:13:57] [Information] Waiting 12 minutes before next check...
[2025-02-01 04:25:57] [Information] Currently connected to: Merlin Wharf
[2025-02-01 04:25:57] [Information] Already connected to preferred network: Merlin Wharf
[2025-02-01 04:25:57] [Information] Waiting 28 minutes before next check...
[2025-02-01 04:53:57] [Information] Currently connected to: Merlin Wharf
[2025-02-01 04:53:57] [Information] Already connected to preferred network: Merlin Wharf
[2025-02-01 04:53:57] [Information] Waiting 16 minutes before next check...
[2025-02-01 05:09:57] [Information] Currently connected to: Merlin Wharf
[2025-02-01 05:09:57] [Information] Already connected to preferred network: Merlin Wharf
[2025-02-01 05:09:57] [Information] Waiting 28 minutes before next check...
[2025-02-01 05:37:57] [Information] Currently connected to: Merlin Wharf
[2025-02-01 05:37:57] [Information] Already connected to preferred network: Merlin Wharf
[2025-02-01 05:37:57] [Information] Waiting 10 minutes before next check...
[2025-02-01 05:47:57] [Information] Currently connected to: Merlin Wharf
[2025-02-01 05:47:57] [Information] Already connected to preferred network: Merlin Wharf
[2025-02-01 05:47:57] [Information] Waiting 26 minutes before next check...
[2025-02-01 06:13:57] [Information] Currently connected to: Merlin Wharf
[2025-02-01 06:13:57] [Information] Already connected to preferred network: Merlin Wharf
[2025-02-01 06:13:57] [Information] Waiting 21 minutes before next check...
[2025-02-01 06:34:57] [Information] Currently connected to: Merlin Wharf
[2025-02-01 06:34:57] [Information] Already connected to preferred network: Merlin Wharf
[2025-02-01 06:34:57] [Information] Waiting 29 minutes before next check...
[2025-02-01 07:03:58] [Information] Currently connected to: Merlin Wharf
[2025-02-01 07:03:58] [Information] Already connected to preferred network: Merlin Wharf
[2025-02-01 07:03:58] [Information] Waiting 17 minutes before next check...
[2025-02-01 07:20:58] [Information] Currently connected to: Merlin Wharf
[2025-02-01 07:20:58] [Information] Already connected to preferred network: Merlin Wharf
[2025-02-01 07:20:58] [Information] Waiting 21 minutes before next check...
[2025-02-01 07:41:58] [Information] Currently connected to: Merlin Wharf
[2025-02-01 07:41:58] [Information] Already connected to preferred network: Merlin Wharf
[2025-02-01 07:41:58] [Information] Waiting 29 minutes before next check...
[2025-02-01 08:10:58] [Information] Currently connected to: Merlin Wharf
[2025-02-01 08:10:58] [Information] Already connected to preferred network: Merlin Wharf
[2025-02-01 08:10:58] [Information] Waiting 29 minutes before next check...
[2025-02-01 08:39:58] [Information] Currently connected to: Merlin Wharf
[2025-02-01 08:39:58] [Information] Already connected to preferred network: Merlin Wharf
[2025-02-01 08:39:58] [Information] Waiting 23 minutes before next check...
[2025-02-01 09:02:58] [Information] Currently connected to: Merlin Wharf
[2025-02-01 09:02:58] [Information] Already connected to preferred network: Merlin Wharf
[2025-02-01 09:02:58] [Information] Waiting 21 minutes before next check...
[2025-02-01 09:23:58] [Information] Currently connected to: Merlin Wharf
[2025-02-01 09:23:58] [Information] Already connected to preferred network: Merlin Wharf
[2025-02-01 09:23:58] [Information] Waiting 21 minutes before next check...
[2025-02-01 09:44:58] [Information] Currently connected to: Merlin Wharf
[2025-02-01 09:44:58] [Information] Already connected to preferred network: Merlin Wharf
[2025-02-01 09:44:58] [Information] Waiting 17 minutes before next check...
[2025-02-01 10:01:58] [Information] Currently connected to: Merlin Wharf
[2025-02-01 10:01:58] [Information] Already connected to preferred network: Merlin Wharf
[2025-02-01 10:01:58] [Information] Waiting 17 minutes before next check...
[2025-02-01 10:18:58] [Information] Currently connected to: Merlin Wharf
[2025-02-01 10:18:58] [Information] Already connected to preferred network: Merlin Wharf
[2025-02-01 10:18:58] [Information] Waiting 16 minutes before next check...
[2025-02-01 10:34:58] [Information] Currently connected to: Merlin Wharf
[2025-02-01 10:34:58] [Information] Already connected to preferred network: Merlin Wharf
[2025-02-01 10:34:58] [Information] Waiting 21 minutes before next check...
[2025-02-01 10:55:58] [Information] Currently connected to: Merlin Wharf
[2025-02-01 10:55:58] [Information] Already connected to preferred network: Merlin Wharf
[2025-02-01 10:55:58] [Information] Waiting 20 minutes before next check...
[2025-02-01 11:15:59] [Information] Currently connected to: Merlin Wharf
[2025-02-01 11:15:59] [Information] Already connected to preferred network: Merlin Wharf
[2025-02-01 11:15:59] [Information] Waiting 22 minutes before next check...
[2025-02-01 11:37:59] [Information] Currently connected to: Merlin Wharf
[2025-02-01 11:37:59] [Information] Already connected to preferred network: Merlin Wharf
[2025-02-01 11:37:59] [Information] Waiting 10 minutes before next check...
[2025-02-01 11:47:59] [Information] Currently connected to: Merlin Wharf
[2025-02-01 11:47:59] [Information] Already connected to preferred network: Merlin Wharf
[2025-02-01 11:47:59] [Information] Waiting 27 minutes before next check...
[2025-02-01 12:14:59] [Information] Currently connected to: Merlin Wharf
[2025-02-01 12:14:59] [Information] Already connected to preferred network: Merlin Wharf
[2025-02-01 12:14:59] [Information] Waiting 26 minutes before next check...
[2025-02-01 12:40:59] [Information] Currently connected to: Merlin Wharf
[2025-02-01 12:40:59] [Information] Already connected to preferred network: Merlin Wharf
[2025-02-01 12:40:59] [Information] Waiting 23 minutes before next check...
[2025-02-01 13:03:59] [Information] Currently connected to: Merlin Wharf
[2025-02-01 13:03:59] [Information] Already connected to preferred network: Merlin Wharf
[2025-02-01 13:03:59] [Information] Waiting 23 minutes before next check...
[2025-02-01 13:26:59] [Information] Currently connected to: Merlin Wharf
[2025-02-01 13:26:59] [Information] Already connected to preferred network: Merlin Wharf
[2025-02-01 13:26:59] [Information] Waiting 21 minutes before next check...
[2025-02-01 13:47:59] [Information] Currently connected to: Merlin Wharf
[2025-02-01 13:47:59] [Information] Already connected to preferred network: Merlin Wharf
[2025-02-01 13:47:59] [Information] Waiting 20 minutes before next check...
[2025-02-01 14:07:59] [Information] Currently connected to: Merlin Wharf
[2025-02-01 14:07:59] [Information] Already connected to preferred network: Merlin Wharf
[2025-02-01 14:07:59] [Information] Waiting 10 minutes before next check...
[2025-02-01 14:17:59] [Information] Currently connected to: Merlin Wharf
[2025-02-01 14:17:59] [Information] Already connected to preferred network: Merlin Wharf
[2025-02-01 14:17:59] [Information] Waiting 14 minutes before next check...
[2025-02-01 14:31:59] [Information] Currently connected to: Merlin Wharf
[2025-02-01 14:31:59] [Information] Already connected to preferred network: Merlin Wharf
[2025-02-01 14:31:59] [Information] Waiting 29 minutes before next check...
[2025-02-01 15:00:59] [Information] Currently connected to: Merlin Wharf
[2025-02-01 15:00:59] [Information] Already connected to preferred network: Merlin Wharf
[2025-02-01 15:00:59] [Information] Waiting 29 minutes before next check...
[2025-02-01 15:29:59] [Information] Currently connected to: Merlin Wharf
[2025-02-01 15:29:59] [Information] Already connected to preferred network: Merlin Wharf
[2025-02-01 15:29:59] [Information] Waiting 18 minutes before next check...
[2025-02-01 15:47:59] [Information] Currently connected to: Merlin Wharf
[2025-02-01 15:47:59] [Information] Already connected to preferred network: Merlin Wharf
[2025-02-01 15:47:59] [Information] Waiting 17 minutes before next check...
[2025-02-01 16:05:00] [Information] Currently connected to: Merlin Wharf
[2025-02-01 16:05:00] [Information] Already connected to preferred network: Merlin Wharf
[2025-02-01 16:05:00] [Information] Waiting 24 minutes before next check...
[2025-02-01 16:29:00] [Information] Currently connected to: Merlin Wharf
[2025-02-01 16:29:00] [Information] Already connected to preferred network: Merlin Wharf
[2025-02-01 16:29:00] [Information] Waiting 19 minutes before next check...
[2025-02-01 16:48:00] [Information] Currently connected to: Merlin Wharf
[2025-02-01 16:48:00] [Information] Already connected to preferred network: Merlin Wharf
[2025-02-01 16:48:00] [Information] Waiting 22 minutes before next check...
[2025-02-01 17:10:00] [Information] Currently connected to: Merlin Wharf
[2025-02-01 17:10:00] [Information] Already connected to preferred network: Merlin Wharf
[2025-02-01 17:10:00] [Information] Waiting 18 minutes before next check...
[2025-02-01 17:28:00] [Information] Currently connected to: Merlin Wharf
[2025-02-01 17:28:00] [Information] Already connected to preferred network: Merlin Wharf
[2025-02-01 17:28:00] [Information] Waiting 26 minutes before next check...
[2025-02-01 17:54:00] [Information] Currently connected to: Merlin Wharf
[2025-02-01 17:54:00] [Information] Already connected to preferred network: Merlin Wharf
[2025-02-01 17:54:00] [Information] Waiting 25 minutes before next check...
[2025-02-01 18:19:00] [Information] Currently connected to: Merlin Wharf
[2025-02-01 18:19:00] [Information] Already connected to preferred network: Merlin Wharf
[2025-02-01 18:19:00] [Information] Waiting 19 minutes before next check...
[2025-02-01 18:38:00] [Information] Currently connected to: Merlin Wharf
[2025-02-01 18:38:00] [Information] Already connected to preferred network: Merlin Wharf
[2025-02-01 18:38:00] [Information] Waiting 11 minutes before next check...
[2025-02-01 18:49:00] [Information] Currently connected to: Merlin Wharf
[2025-02-01 18:49:00] [Information] Already connected to preferred network: Merlin Wharf
[2025-02-01 18:49:00] [Information] Waiting 17 minutes before next check...
[2025-02-01 19:06:00] [Information] Currently connected to: Merlin Wharf
[2025-02-01 19:06:00] [Information] Already connected to preferred network: Merlin Wharf
[2025-02-01 19:06:00] [Information] Waiting 14 minutes before next check...
[2025-02-01 19:20:00] [Information] Currently connected to: Merlin Wharf
[2025-02-01 19:20:00] [Information] Already connected to preferred network: Merlin Wharf
[2025-02-01 19:20:00] [Information] Waiting 22 minutes before next check...
[2025-02-01 19:42:00] [Information] Currently connected to: Merlin Wharf
[2025-02-01 19:42:00] [Information] Already connected to preferred network: Merlin Wharf
[2025-02-01 19:42:00] [Information] Waiting 17 minutes before next check...
[2025-02-01 19:59:00] [Information] Currently connected to: Merlin Wharf
[2025-02-01 19:59:00] [Information] Already connected to preferred network: Merlin Wharf
[2025-02-01 19:59:00] [Information] Waiting 21 minutes before next check...
[2025-02-01 20:20:00] [Information] Currently connected to: Merlin Wharf
[2025-02-01 20:20:00] [Information] Already connected to preferred network: Merlin Wharf
[2025-02-01 20:20:00] [Information] Waiting 14 minutes before next check...
[2025-02-01 20:34:01] [Information] Currently connected to: Merlin Wharf
[2025-02-01 20:34:01] [Information] Already connected to preferred network: Merlin Wharf
[2025-02-01 20:34:01] [Information] Waiting 22 minutes before next check...
[2025-02-01 20:56:01] [Information] Currently connected to: Merlin Wharf
[2025-02-01 20:56:01] [Information] Already connected to preferred network: Merlin Wharf
[2025-02-01 20:56:01] [Information] Waiting 24 minutes before next check...
[2025-02-01 21:20:01] [Information] Currently connected to: Merlin Wharf
[2025-02-01 21:20:01] [Information] Already connected to preferred network: Merlin Wharf
[2025-02-01 21:20:01] [Information] Waiting 18 minutes before next check...
[2025-02-01 21:38:01] [Information] Currently connected to: Merlin Wharf
[2025-02-01 21:38:01] [Information] Already connected to preferred network: Merlin Wharf
[2025-02-01 21:38:01] [Information] Waiting 13 minutes before next check...
[2025-02-01 21:51:01] [Information] Currently connected to: Merlin Wharf
[2025-02-01 21:51:01] [Information] Already connected to preferred network: Merlin Wharf
[2025-02-01 21:51:01] [Information] Waiting 21 minutes before next check...
[2025-02-01 22:12:01] [Information] Currently connected to: Merlin Wharf
[2025-02-01 22:12:01] [Information] Already connected to preferred network: Merlin Wharf
[2025-02-01 22:12:01] [Information] Waiting 27 minutes before next check...
[2025-02-01 22:39:01] [Information] Currently connected to: Merlin Wharf
[2025-02-01 22:39:01] [Information] Already connected to preferred network: Merlin Wharf
[2025-02-01 22:39:01] [Information] Waiting 27 minutes before next check...
[2025-02-01 23:06:01] [Information] Currently connected to: Merlin Wharf
[2025-02-01 23:06:01] [Information] Already connected to preferred network: Merlin Wharf
[2025-02-01 23:06:01] [Information] Waiting 27 minutes before next check...
[2025-02-01 23:33:01] [Information] Currently connected to: Merlin Wharf
[2025-02-01 23:33:01] [Information] Already connected to preferred network: Merlin Wharf
[2025-02-01 23:33:01] [Information] Waiting 24 minutes before next check...
[2025-02-01 23:57:01] [Information] Currently connected to: Merlin Wharf
[2025-02-01 23:57:01] [Information] Already connected to preferred network: Merlin Wharf
[2025-02-01 23:57:01] [Information] Waiting 27 minutes before next check...
