[2025-01-17 00:07:06] [Information] Currently connected to: Nyati_CPEPro2_5G
[2025-01-17 00:07:06] [Information] Already connected to preferred network: Nyati_CPEPro2_5G
[2025-01-17 00:07:06] [Information] Waiting 12 minutes before next check...
[2025-01-17 00:19:06] [Information] Currently connected to: Nyati_CPEPro2_5G
[2025-01-17 00:19:06] [Information] Already connected to preferred network: Nyati_CPEPro2_5G
[2025-01-17 00:19:06] [Information] Waiting 11 minutes before next check...
[2025-01-17 00:30:06] [Information] Currently connected to: Nyati_CPEPro2_5G
[2025-01-17 00:30:06] [Information] Already connected to preferred network: Nyati_CPEPro2_5G
[2025-01-17 00:30:06] [Information] Waiting 18 minutes before next check...
[2025-01-17 00:48:06] [Information] Currently connected to: Nyati_CPEPro2_5G
[2025-01-17 00:48:06] [Information] Already connected to preferred network: Nyati_CPEPro2_5G
[2025-01-17 00:48:06] [Information] Waiting 16 minutes before next check...
[2025-01-17 01:04:06] [Information] Currently connected to: Nyati_CPEPro2_5G
[2025-01-17 01:04:06] [Information] Already connected to preferred network: Nyati_CPEPro2_5G
[2025-01-17 01:04:06] [Information] Waiting 27 minutes before next check...
[2025-01-17 01:31:06] [Information] Currently connected to: Nyati_CPEPro2_5G
[2025-01-17 01:31:06] [Information] Already connected to preferred network: Nyati_CPEPro2_5G
[2025-01-17 01:31:06] [Information] Waiting 22 minutes before next check...
[2025-01-17 01:53:06] [Information] Currently connected to: Nyati_CPEPro2_5G
[2025-01-17 01:53:06] [Information] Already connected to preferred network: Nyati_CPEPro2_5G
[2025-01-17 01:53:06] [Information] Waiting 11 minutes before next check...
[2025-01-17 02:04:06] [Information] Currently connected to: Nyati_CPEPro2_5G
[2025-01-17 02:04:06] [Information] Already connected to preferred network: Nyati_CPEPro2_5G
[2025-01-17 02:04:06] [Information] Waiting 26 minutes before next check...
[2025-01-17 02:30:06] [Information] Currently connected to: Nyati_CPEPro2_5G
[2025-01-17 02:30:06] [Information] Already connected to preferred network: Nyati_CPEPro2_5G
[2025-01-17 02:30:06] [Information] Waiting 12 minutes before next check...
[2025-01-17 02:42:06] [Information] Currently connected to: Nyati_CPEPro2_5G
[2025-01-17 02:42:06] [Information] Already connected to preferred network: Nyati_CPEPro2_5G
[2025-01-17 02:42:06] [Information] Waiting 16 minutes before next check...
[2025-01-17 02:58:06] [Information] Currently connected to: Nyati_CPEPro2_5G
[2025-01-17 02:58:06] [Information] Already connected to preferred network: Nyati_CPEPro2_5G
[2025-01-17 02:58:06] [Information] Waiting 28 minutes before next check...
[2025-01-17 03:26:07] [Information] Currently connected to: Nyati_CPEPro2_5G
[2025-01-17 03:26:07] [Information] Already connected to preferred network: Nyati_CPEPro2_5G
[2025-01-17 03:26:07] [Information] Waiting 14 minutes before next check...
[2025-01-17 03:40:07] [Information] Currently connected to: Nyati_CPEPro2_5G
[2025-01-17 03:40:07] [Information] Already connected to preferred network: Nyati_CPEPro2_5G
[2025-01-17 03:40:07] [Information] Waiting 11 minutes before next check...
[2025-01-17 03:51:07] [Information] Currently connected to: Nyati_CPEPro2_5G
[2025-01-17 03:51:07] [Information] Already connected to preferred network: Nyati_CPEPro2_5G
[2025-01-17 03:51:07] [Information] Waiting 20 minutes before next check...
[2025-01-17 04:11:07] [Information] Currently connected to: Nyati_CPEPro2_5G
[2025-01-17 04:11:07] [Information] Already connected to preferred network: Nyati_CPEPro2_5G
[2025-01-17 04:11:07] [Information] Waiting 20 minutes before next check...
[2025-01-17 04:31:07] [Information] Currently connected to: Nyati_CPEPro2_5G
[2025-01-17 04:31:07] [Information] Already connected to preferred network: Nyati_CPEPro2_5G
[2025-01-17 04:31:07] [Information] Waiting 26 minutes before next check...
[2025-01-17 04:57:07] [Information] Currently connected to: Nyati_CPEPro2_5G
[2025-01-17 04:57:07] [Information] Already connected to preferred network: Nyati_CPEPro2_5G
[2025-01-17 04:57:07] [Information] Waiting 19 minutes before next check...
[2025-01-17 05:16:07] [Information] Currently connected to: Nyati_CPEPro2_5G
[2025-01-17 05:16:07] [Information] Already connected to preferred network: Nyati_CPEPro2_5G
[2025-01-17 05:16:07] [Information] Waiting 29 minutes before next check...
[2025-01-17 05:45:15] [Information] Currently connected to: Nyati_CPEPro2_5G
[2025-01-17 05:45:15] [Information] Already connected to preferred network: Nyati_CPEPro2_5G
[2025-01-17 05:45:15] [Information] Waiting 13 minutes before next check...
[2025-01-17 05:58:15] [Information] Currently connected to: Nyati_CPEPro2_5G
[2025-01-17 05:58:15] [Information] Already connected to preferred network: Nyati_CPEPro2_5G
[2025-01-17 05:58:15] [Information] Waiting 29 minutes before next check...
[2025-01-17 06:27:16] [Information] Currently connected to: Nyati_CPEPro2_5G
[2025-01-17 06:27:16] [Information] Already connected to preferred network: Nyati_CPEPro2_5G
[2025-01-17 06:27:16] [Information] Waiting 12 minutes before next check...
[2025-01-17 06:39:16] [Information] Currently connected to: Nyati_CPEPro2_5G
[2025-01-17 06:39:16] [Information] Already connected to preferred network: Nyati_CPEPro2_5G
[2025-01-17 06:39:16] [Information] Waiting 10 minutes before next check...
[2025-01-17 06:49:16] [Information] Currently connected to: Nyati_CPEPro2_5G
[2025-01-17 06:49:16] [Information] Already connected to preferred network: Nyati_CPEPro2_5G
[2025-01-17 06:49:16] [Information] Waiting 24 minutes before next check...
[2025-01-17 07:13:16] [Information] Currently connected to: Nyati_CPEPro2_5G
[2025-01-17 07:13:16] [Information] Already connected to preferred network: Nyati_CPEPro2_5G
[2025-01-17 07:13:16] [Information] Waiting 25 minutes before next check...
[2025-01-17 07:38:16] [Information] Currently connected to: Nyati_CPEPro2_5G
[2025-01-17 07:38:16] [Information] Already connected to preferred network: Nyati_CPEPro2_5G
[2025-01-17 07:38:16] [Information] Waiting 17 minutes before next check...
[2025-01-17 07:55:16] [Information] Currently connected to: Nyati_CPEPro2_5G
[2025-01-17 07:55:16] [Information] Already connected to preferred network: Nyati_CPEPro2_5G
[2025-01-17 07:55:16] [Information] Waiting 26 minutes before next check...
[2025-01-17 08:21:16] [Information] Currently connected to: Nyati_CPEPro2_5G
[2025-01-17 08:21:16] [Information] Already connected to preferred network: Nyati_CPEPro2_5G
[2025-01-17 08:21:16] [Information] Waiting 28 minutes before next check...
[2025-01-17 08:49:16] [Information] Currently connected to: Nyati_CPEPro2_5G
[2025-01-17 08:49:16] [Information] Already connected to preferred network: Nyati_CPEPro2_5G
[2025-01-17 08:49:16] [Information] Waiting 21 minutes before next check...
[2025-01-17 09:10:16] [Information] Currently connected to: Nyati_CPEPro2_5G
[2025-01-17 09:10:16] [Information] Already connected to preferred network: Nyati_CPEPro2_5G
[2025-01-17 09:10:16] [Information] Waiting 16 minutes before next check...
[2025-01-17 09:26:16] [Information] Currently connected to: Nyati_CPEPro2_5G
[2025-01-17 09:26:16] [Information] Already connected to preferred network: Nyati_CPEPro2_5G
[2025-01-17 09:26:16] [Information] Waiting 27 minutes before next check...
[2025-01-17 09:53:16] [Information] Currently connected to: Nyati_CPEPro2_5G
[2025-01-17 09:53:16] [Information] Already connected to preferred network: Nyati_CPEPro2_5G
[2025-01-17 09:53:16] [Information] Waiting 29 minutes before next check...
[2025-01-17 10:22:16] [Information] Currently connected to: Nyati_CPEPro2_5G
[2025-01-17 10:22:16] [Information] Already connected to preferred network: Nyati_CPEPro2_5G
[2025-01-17 10:22:16] [Information] Waiting 21 minutes before next check...
[2025-01-17 10:43:16] [Information] Currently connected to: Nyati_CPEPro2_5G
[2025-01-17 10:43:16] [Information] Already connected to preferred network: Nyati_CPEPro2_5G
[2025-01-17 10:43:16] [Information] Waiting 14 minutes before next check...
[2025-01-17 10:57:16] [Information] Currently connected to: Nyati_CPEPro2_5G
[2025-01-17 10:57:16] [Information] Already connected to preferred network: Nyati_CPEPro2_5G
[2025-01-17 10:57:16] [Information] Waiting 14 minutes before next check...
[2025-01-17 11:11:16] [Information] Currently connected to: Nyati_CPEPro2_5G
[2025-01-17 11:11:16] [Information] Already connected to preferred network: Nyati_CPEPro2_5G
[2025-01-17 11:11:16] [Information] Waiting 10 minutes before next check...
[2025-01-17 11:21:17] [Information] Currently connected to: Nyati_CPEPro2_5G
[2025-01-17 11:21:17] [Information] Already connected to preferred network: Nyati_CPEPro2_5G
[2025-01-17 11:21:17] [Information] Waiting 26 minutes before next check...
[2025-01-17 11:47:17] [Information] Currently connected to: Nyati_CPEPro2_5G
[2025-01-17 11:47:17] [Information] Already connected to preferred network: Nyati_CPEPro2_5G
[2025-01-17 11:47:17] [Information] Waiting 17 minutes before next check...
[2025-01-17 12:04:17] [Information] Currently connected to: Nyati_CPEPro2_5G
[2025-01-17 12:04:17] [Information] Already connected to preferred network: Nyati_CPEPro2_5G
[2025-01-17 12:04:17] [Information] Waiting 23 minutes before next check...
[2025-01-17 12:27:17] [Information] Currently connected to: Serengeti_2.4G
[2025-01-17 12:27:17] [Information] Scanning for preferred networks...
[2025-01-17 12:27:17] [Information] Found 6 networks
[2025-01-17 12:27:17] [Warning] Could not connect to any preferred networks
[2025-01-17 12:27:17] [Information] Waiting 23 minutes before next check...
[2025-01-17 12:50:17] [Information] Currently connected to: Nyati_CPEPro2_5G
[2025-01-17 12:50:17] [Information] Already connected to preferred network: Nyati_CPEPro2_5G
[2025-01-17 12:50:17] [Information] Waiting 12 minutes before next check...
[2025-01-17 13:02:17] [Information] Currently connected to: Nyati_CPEPro2_5G
[2025-01-17 13:02:17] [Information] Already connected to preferred network: Nyati_CPEPro2_5G
[2025-01-17 13:02:17] [Information] Waiting 15 minutes before next check...
[2025-01-17 13:17:17] [Information] Currently connected to: Nyati_CPEPro2_5G
[2025-01-17 13:17:17] [Information] Already connected to preferred network: Nyati_CPEPro2_5G
[2025-01-17 13:17:17] [Information] Waiting 17 minutes before next check...
[2025-01-17 13:34:17] [Information] Currently connected to: Nyati_CPEPro2_5G
[2025-01-17 13:34:17] [Information] Already connected to preferred network: Nyati_CPEPro2_5G
[2025-01-17 13:34:17] [Information] Waiting 23 minutes before next check...
[2025-01-17 13:57:17] [Information] Currently connected to: Nyati_CPEPro2_5G
[2025-01-17 13:57:17] [Information] Already connected to preferred network: Nyati_CPEPro2_5G
[2025-01-17 13:57:17] [Information] Waiting 17 minutes before next check...
[2025-01-17 14:14:17] [Information] Currently connected to: Nyati_CPEPro2_5G
[2025-01-17 14:14:17] [Information] Already connected to preferred network: Nyati_CPEPro2_5G
[2025-01-17 14:14:17] [Information] Waiting 21 minutes before next check...
[2025-01-17 14:35:17] [Information] Currently connected to: Nyati_CPEPro2_5G
[2025-01-17 14:35:17] [Information] Already connected to preferred network: Nyati_CPEPro2_5G
[2025-01-17 14:35:17] [Information] Waiting 28 minutes before next check...
[2025-01-17 15:03:17] [Information] Currently connected to: Nyati_CPEPro2_5G
[2025-01-17 15:03:17] [Information] Already connected to preferred network: Nyati_CPEPro2_5G
[2025-01-17 15:03:17] [Information] Waiting 12 minutes before next check...
[2025-01-17 15:15:17] [Information] Currently connected to: Nyati_CPEPro2_5G
[2025-01-17 15:15:17] [Information] Already connected to preferred network: Nyati_CPEPro2_5G
[2025-01-17 15:15:17] [Information] Waiting 21 minutes before next check...
[2025-01-17 15:36:17] [Information] Currently connected to: Nyati_CPEPro2_5G
[2025-01-17 15:36:17] [Information] Already connected to preferred network: Nyati_CPEPro2_5G
[2025-01-17 15:36:17] [Information] Waiting 15 minutes before next check...
[2025-01-17 15:51:18] [Information] Currently connected to: Nyati_CPEPro2_5G
[2025-01-17 15:51:18] [Information] Already connected to preferred network: Nyati_CPEPro2_5G
[2025-01-17 15:51:18] [Information] Waiting 26 minutes before next check...
[2025-01-17 16:17:18] [Information] Currently connected to: Nyati_CPEPro2_5G
[2025-01-17 16:17:18] [Information] Already connected to preferred network: Nyati_CPEPro2_5G
[2025-01-17 16:17:18] [Information] Waiting 16 minutes before next check...
[2025-01-17 16:33:18] [Information] Currently connected to: Nyati_CPEPro2_5G
[2025-01-17 16:33:18] [Information] Already connected to preferred network: Nyati_CPEPro2_5G
[2025-01-17 16:33:18] [Information] Waiting 12 minutes before next check...
[2025-01-17 16:45:18] [Information] Currently connected to: Nyati_CPEPro2_5G
[2025-01-17 16:45:18] [Information] Already connected to preferred network: Nyati_CPEPro2_5G
[2025-01-17 16:45:18] [Information] Waiting 19 minutes before next check...
[2025-01-17 17:04:18] [Information] Currently connected to: Nyati_CPEPro2_5G
[2025-01-17 17:04:18] [Information] Already connected to preferred network: Nyati_CPEPro2_5G
[2025-01-17 17:04:18] [Information] Waiting 15 minutes before next check...
[2025-01-17 17:19:18] [Information] Currently connected to: Nyati_CPEPro2_5G
[2025-01-17 17:19:18] [Information] Already connected to preferred network: Nyati_CPEPro2_5G
[2025-01-17 17:19:18] [Information] Waiting 25 minutes before next check...
[2025-01-17 17:44:18] [Information] Currently connected to: Nyati_CPEPro2_5G
[2025-01-17 17:44:18] [Information] Already connected to preferred network: Nyati_CPEPro2_5G
[2025-01-17 17:44:18] [Information] Waiting 21 minutes before next check...
[2025-01-17 18:05:18] [Information] Currently connected to: Nyati_CPEPro2_5G
[2025-01-17 18:05:18] [Information] Already connected to preferred network: Nyati_CPEPro2_5G
[2025-01-17 18:05:18] [Information] Waiting 29 minutes before next check...
[2025-01-17 18:34:18] [Information] Currently connected to: Nyati_CPEPro2_5G
[2025-01-17 18:34:18] [Information] Already connected to preferred network: Nyati_CPEPro2_5G
[2025-01-17 18:34:18] [Information] Waiting 23 minutes before next check...
[2025-01-17 18:57:18] [Information] Currently connected to: Nyati_CPEPro2_5G
[2025-01-17 18:57:18] [Information] Already connected to preferred network: Nyati_CPEPro2_5G
[2025-01-17 18:57:18] [Information] Waiting 20 minutes before next check...
[2025-01-17 19:17:18] [Information] Currently connected to: Nyati_CPEPro2_5G
[2025-01-17 19:17:18] [Information] Already connected to preferred network: Nyati_CPEPro2_5G
[2025-01-17 19:17:18] [Information] Waiting 12 minutes before next check...
[2025-01-17 19:29:18] [Information] Currently connected to: Nyati_CPEPro2_5G
[2025-01-17 19:29:18] [Information] Already connected to preferred network: Nyati_CPEPro2_5G
[2025-01-17 19:29:18] [Information] Waiting 17 minutes before next check...
[2025-01-17 19:46:18] [Information] Currently connected to: Nyati_CPEPro2_5G
[2025-01-17 19:46:18] [Information] Already connected to preferred network: Nyati_CPEPro2_5G
[2025-01-17 19:46:18] [Information] Waiting 19 minutes before next check...
[2025-01-17 20:05:18] [Information] Currently connected to: Nyati_CPEPro2_5G
[2025-01-17 20:05:18] [Information] Already connected to preferred network: Nyati_CPEPro2_5G
[2025-01-17 20:05:18] [Information] Waiting 26 minutes before next check...
[2025-01-17 20:31:18] [Information] Currently connected to: Nyati_CPEPro2_5G
[2025-01-17 20:31:18] [Information] Already connected to preferred network: Nyati_CPEPro2_5G
[2025-01-17 20:31:18] [Information] Waiting 18 minutes before next check...
[2025-01-17 20:49:19] [Information] Currently connected to: Nyati_CPEPro2_5G
[2025-01-17 20:49:19] [Information] Already connected to preferred network: Nyati_CPEPro2_5G
[2025-01-17 20:49:19] [Information] Waiting 21 minutes before next check...
[2025-01-17 21:10:19] [Information] Currently connected to: Nyati_CPEPro2_5G
[2025-01-17 21:10:19] [Information] Already connected to preferred network: Nyati_CPEPro2_5G
[2025-01-17 21:10:19] [Information] Waiting 15 minutes before next check...
[2025-01-17 21:25:19] [Information] Currently connected to: Nyati_CPEPro2_5G
[2025-01-17 21:25:19] [Information] Already connected to preferred network: Nyati_CPEPro2_5G
[2025-01-17 21:25:19] [Information] Waiting 20 minutes before next check...
[2025-01-17 21:45:19] [Information] Currently connected to: Nyati_CPEPro2_5G
[2025-01-17 21:45:19] [Information] Already connected to preferred network: Nyati_CPEPro2_5G
[2025-01-17 21:45:19] [Information] Waiting 26 minutes before next check...
[2025-01-17 22:11:19] [Information] Currently connected to: Nyati_CPEPro2_5G
[2025-01-17 22:11:19] [Information] Already connected to preferred network: Nyati_CPEPro2_5G
[2025-01-17 22:11:19] [Information] Waiting 10 minutes before next check...
[2025-01-17 22:21:19] [Information] Currently connected to: Nyati_CPEPro2_5G
[2025-01-17 22:21:19] [Information] Already connected to preferred network: Nyati_CPEPro2_5G
[2025-01-17 22:21:19] [Information] Waiting 18 minutes before next check...
[2025-01-17 22:39:19] [Information] Currently connected to: Nyati_CPEPro2_5G
[2025-01-17 22:39:19] [Information] Already connected to preferred network: Nyati_CPEPro2_5G
[2025-01-17 22:39:19] [Information] Waiting 15 minutes before next check...
[2025-01-17 22:54:19] [Information] Currently connected to: Nyati_CPEPro2_5G
[2025-01-17 22:54:19] [Information] Already connected to preferred network: Nyati_CPEPro2_5G
[2025-01-17 22:54:19] [Information] Waiting 14 minutes before next check...
[2025-01-17 23:08:19] [Information] Currently connected to: Nyati_CPEPro2_5G
[2025-01-17 23:08:19] [Information] Already connected to preferred network: Nyati_CPEPro2_5G
[2025-01-17 23:08:19] [Information] Waiting 19 minutes before next check...
[2025-01-17 23:27:19] [Information] Currently connected to: Nyati_CPEPro2_5G
[2025-01-17 23:27:19] [Information] Already connected to preferred network: Nyati_CPEPro2_5G
[2025-01-17 23:27:19] [Information] Waiting 23 minutes before next check...
[2025-01-17 23:50:19] [Information] Currently connected to: Nyati_CPEPro2_5G
[2025-01-17 23:50:19] [Information] Already connected to preferred network: Nyati_CPEPro2_5G
[2025-01-17 23:50:19] [Information] Waiting 16 minutes before next check...
