[2025-01-21 10:40:58] [Information] Currently connected to: HellsGate-5.0G
[2025-01-21 10:40:58] [Information] Scanning for preferred networks...
[2025-01-21 10:40:58] [Information] Found 5 networks
[2025-01-21 10:40:58] [Information] Attempting to connect to Merlin Wharf
[2025-01-21 10:41:04] [Information] Currently connected to: Merlin Wharf
[2025-01-21 10:41:04] [Information] Successfully connected to Merlin Wharf
[2025-01-21 10:41:04] [Information] Waiting 28 minutes before next check...
[2025-01-21 11:09:04] [Information] Currently connected to: Merlin Wharf
[2025-01-21 11:09:04] [Information] Already connected to preferred network: Merlin Wharf
[2025-01-21 11:09:04] [Information] Waiting 15 minutes before next check...
[2025-01-21 11:24:04] [Information] Currently connected to: Merlin Wharf
[2025-01-21 11:24:04] [Information] Already connected to preferred network: Merlin Wharf
[2025-01-21 11:24:04] [Information] Waiting 21 minutes before next check...
[2025-01-21 11:45:04] [Information] Currently connected to: Merlin Wharf
[2025-01-21 11:45:04] [Information] Already connected to preferred network: Merlin Wharf
[2025-01-21 11:45:04] [Information] Waiting 24 minutes before next check...
[2025-01-21 12:09:04] [Information] Currently connected to: Merlin Wharf
[2025-01-21 12:09:04] [Information] Already connected to preferred network: Merlin Wharf
[2025-01-21 12:09:04] [Information] Waiting 13 minutes before next check...
[2025-01-21 12:22:04] [Information] Currently connected to: Merlin Wharf
[2025-01-21 12:22:04] [Information] Already connected to preferred network: Merlin Wharf
[2025-01-21 12:22:04] [Information] Waiting 21 minutes before next check...
[2025-01-21 12:43:04] [Information] Currently connected to: Merlin Wharf
[2025-01-21 12:43:04] [Information] Already connected to preferred network: Merlin Wharf
[2025-01-21 12:43:04] [Information] Waiting 19 minutes before next check...
[2025-01-21 13:02:04] [Information] Currently connected to: Merlin Wharf
[2025-01-21 13:02:04] [Information] Already connected to preferred network: Merlin Wharf
[2025-01-21 13:02:04] [Information] Waiting 29 minutes before next check...
[2025-01-21 13:31:04] [Information] Currently connected to: Merlin Wharf
[2025-01-21 13:31:04] [Information] Already connected to preferred network: Merlin Wharf
[2025-01-21 13:31:04] [Information] Waiting 22 minutes before next check...
[2025-01-21 13:53:04] [Information] Currently connected to: Merlin Wharf
[2025-01-21 13:53:04] [Information] Already connected to preferred network: Merlin Wharf
[2025-01-21 13:53:04] [Information] Waiting 17 minutes before next check...
[2025-01-21 14:10:04] [Information] Currently connected to: Merlin Wharf
[2025-01-21 14:10:04] [Information] Already connected to preferred network: Merlin Wharf
[2025-01-21 14:10:04] [Information] Waiting 16 minutes before next check...
[2025-01-21 14:26:04] [Information] Currently connected to: Merlin Wharf
[2025-01-21 14:26:05] [Information] Already connected to preferred network: Merlin Wharf
[2025-01-21 14:26:05] [Information] Waiting 11 minutes before next check...
[2025-01-21 14:37:05] [Information] Currently connected to: Merlin Wharf
[2025-01-21 14:37:05] [Information] Already connected to preferred network: Merlin Wharf
[2025-01-21 14:37:05] [Information] Waiting 26 minutes before next check...
[2025-01-21 15:03:05] [Information] Currently connected to: Merlin Wharf
[2025-01-21 15:03:05] [Information] Already connected to preferred network: Merlin Wharf
[2025-01-21 15:03:05] [Information] Waiting 13 minutes before next check...
[2025-01-21 15:16:05] [Information] Currently connected to: Merlin Wharf
[2025-01-21 15:16:05] [Information] Already connected to preferred network: Merlin Wharf
[2025-01-21 15:16:05] [Information] Waiting 26 minutes before next check...
[2025-01-21 15:42:05] [Information] Currently connected to: Merlin Wharf
[2025-01-21 15:42:05] [Information] Already connected to preferred network: Merlin Wharf
[2025-01-21 15:42:05] [Information] Waiting 29 minutes before next check...
[2025-01-21 16:11:05] [Information] Currently connected to: Merlin Wharf
[2025-01-21 16:11:05] [Information] Already connected to preferred network: Merlin Wharf
[2025-01-21 16:11:05] [Information] Waiting 22 minutes before next check...
[2025-01-21 16:33:05] [Information] Currently connected to: Merlin Wharf
[2025-01-21 16:33:05] [Information] Already connected to preferred network: Merlin Wharf
[2025-01-21 16:33:05] [Information] Waiting 28 minutes before next check...
[2025-01-21 17:01:05] [Information] Currently connected to: Merlin Wharf
[2025-01-21 17:01:05] [Information] Already connected to preferred network: Merlin Wharf
[2025-01-21 17:01:05] [Information] Waiting 10 minutes before next check...
[2025-01-21 17:11:05] [Information] Currently connected to: Merlin Wharf
[2025-01-21 17:11:05] [Information] Already connected to preferred network: Merlin Wharf
[2025-01-21 17:11:05] [Information] Waiting 29 minutes before next check...
