[2025-01-21 17:11:27] [Information] Successfully registered scheduled task
[2025-01-21 17:11:27] [Information] WiFi connection manager started
[2025-01-21 17:11:28] [Warning] No current WiFi connection
[2025-01-21 17:11:28] [Information] Scanning for preferred networks...
[2025-01-21 17:11:28] [Information] Found 5 networks
[2025-01-21 17:11:28] [Information] Attempting to connect to HellsGate-5.0G
[2025-01-21 17:11:33] [Information] Currently connected to: Merlin Wharf
[2025-01-21 17:11:33] [Warning] Failed to connect to HellsGate-5.0G
[2025-01-21 17:11:33] [Information] Attempting to connect to HellsGate-2.4G
[2025-01-21 17:11:38] [Information] Currently connected to: HellsGate-2.4G
[2025-01-21 17:11:38] [Information] Successfully connected to HellsGate-2.4G
[2025-01-21 17:11:38] [Information] Waiting 23 minutes before next check...
[2025-01-21 17:34:38] [Information] Currently connected to: HellsGate-5.0G
[2025-01-21 17:34:39] [Information] Already connected to preferred network: HellsGate-5.0G
[2025-01-21 17:34:39] [Information] Waiting 29 minutes before next check...
[2025-01-21 18:03:39] [Information] Currently connected to: HellsGate-5.0G
[2025-01-21 18:03:39] [Information] Already connected to preferred network: HellsGate-5.0G
[2025-01-21 18:03:39] [Information] Waiting 24 minutes before next check...
[2025-01-21 18:27:39] [Information] Currently connected to: HellsGate-5.0G
[2025-01-21 18:27:39] [Information] Already connected to preferred network: HellsGate-5.0G
[2025-01-21 18:27:39] [Information] Waiting 15 minutes before next check...
[2025-01-21 18:42:39] [Information] Currently connected to: HellsGate-5.0G
[2025-01-21 18:42:39] [Information] Already connected to preferred network: HellsGate-5.0G
[2025-01-21 18:42:39] [Information] Waiting 14 minutes before next check...
