[2025-01-21 18:55:03] [Information] Successfully registered scheduled task
[2025-01-21 18:55:03] [Information] WiFi connection manager started
[2025-01-21 18:55:03] [Information] Currently connected to: HellsGate-5.0G
[2025-01-21 18:55:03] [Information] Already connected to preferred network: HellsGate-5.0G
[2025-01-21 18:55:03] [Information] Waiting 29 minutes before next check...
[2025-01-21 19:24:03] [Information] Currently connected to: HellsGate-5.0G
[2025-01-21 19:24:03] [Information] Already connected to preferred network: HellsGate-5.0G
[2025-01-21 19:24:03] [Information] Waiting 11 minutes before next check...
[2025-01-21 19:35:03] [Information] Currently connected to: HellsGate-5.0G
[2025-01-21 19:35:03] [Information] Already connected to preferred network: HellsGate-5.0G
[2025-01-21 19:35:03] [Information] Waiting 26 minutes before next check...
[2025-01-21 20:01:04] [Information] Currently connected to: HellsGate-5.0G
[2025-01-21 20:01:04] [Information] Already connected to preferred network: HellsGate-5.0G
[2025-01-21 20:01:04] [Information] Waiting 26 minutes before next check...
[2025-01-21 20:27:04] [Information] Currently connected to: HellsGate-5.0G
[2025-01-21 20:27:04] [Information] Already connected to preferred network: HellsGate-5.0G
[2025-01-21 20:27:04] [Information] Waiting 27 minutes before next check...
[2025-01-21 20:54:04] [Information] Currently connected to: HellsGate-5.0G
[2025-01-21 20:54:04] [Information] Already connected to preferred network: HellsGate-5.0G
[2025-01-21 20:54:04] [Information] Waiting 25 minutes before next check...
[2025-01-21 21:19:04] [Information] Currently connected to: HellsGate-5.0G
[2025-01-21 21:19:04] [Information] Already connected to preferred network: HellsGate-5.0G
[2025-01-21 21:19:04] [Information] Waiting 21 minutes before next check...
[2025-01-21 21:40:04] [Information] Currently connected to: HellsGate-5.0G
[2025-01-21 21:40:04] [Information] Already connected to preferred network: HellsGate-5.0G
[2025-01-21 21:40:04] [Information] Waiting 27 minutes before next check...
[2025-01-21 22:07:04] [Information] Currently connected to: HellsGate-5.0G
[2025-01-21 22:07:04] [Information] Already connected to preferred network: HellsGate-5.0G
[2025-01-21 22:07:04] [Information] Waiting 18 minutes before next check...
[2025-01-21 22:25:04] [Information] Currently connected to: HellsGate-5.0G
[2025-01-21 22:25:04] [Information] Already connected to preferred network: HellsGate-5.0G
[2025-01-21 22:25:04] [Information] Waiting 16 minutes before next check...
[2025-01-21 22:41:04] [Information] Currently connected to: HellsGate-5.0G
[2025-01-21 22:41:04] [Information] Already connected to preferred network: HellsGate-5.0G
[2025-01-21 22:41:04] [Information] Waiting 11 minutes before next check...
[2025-01-21 22:52:04] [Information] Currently connected to: HellsGate-5.0G
[2025-01-21 22:52:04] [Information] Already connected to preferred network: HellsGate-5.0G
[2025-01-21 22:52:04] [Information] Waiting 26 minutes before next check...
[2025-01-21 23:18:04] [Information] Currently connected to: HellsGate-5.0G
[2025-01-21 23:18:04] [Information] Already connected to preferred network: HellsGate-5.0G
[2025-01-21 23:18:04] [Information] Waiting 16 minutes before next check...
[2025-01-21 23:34:04] [Information] Currently connected to: HellsGate-5.0G
[2025-01-21 23:34:04] [Information] Already connected to preferred network: HellsGate-5.0G
[2025-01-21 23:34:04] [Information] Waiting 18 minutes before next check...
[2025-01-21 23:52:04] [Information] Currently connected to: HellsGate-5.0G
[2025-01-21 23:52:05] [Information] Already connected to preferred network: HellsGate-5.0G
[2025-01-21 23:52:05] [Information] Waiting 17 minutes before next check...
