[2025-01-05 01:04:15] [INFO] Starting Activity Generator Orchestrator (Instance ID: pinnacle-2025-Jan-05-0104)
[2025-01-05 01:04:15] [INFO] Total planned iterations: 6
[2025-01-05 01:04:15] [INFO] Starting iteration 1
[2025-01-05 01:04:15] [INFO] Using wait times - Min: 14, Max: 2000
[2025-01-05 01:04:15] [INFO] Generated wait time: 1568 ms
[2025-01-05 01:04:45] [INFO] Starting Activity Generator Orchestrator (Instance ID: proclitic-2025-Jan-05-0104)
[2025-01-05 01:04:45] [INFO] Total planned iterations: 6
[2025-01-05 01:04:45] [INFO] Starting iteration 1
[2025-01-05 01:04:45] [INFO] Using wait times - Min: 14, Max: 2000
[2025-01-05 01:04:45] [INFO] Generated wait time: 822 ms
[2025-01-05 01:04:51] [INFO] Starting Activity Generator Orchestrator (Instance ID: summer-2025-Jan-05-0104)
[2025-01-05 01:04:51] [INFO] Total planned iterations: 6
[2025-01-05 01:04:51] [INFO] Starting iteration 1
[2025-01-05 01:04:51] [INFO] Using wait times - Min: 14, Max: 2000
[2025-01-05 01:04:51] [INFO] Generated wait time: 500 ms
[2025-01-05 01:04:55] [INFO] Starting Activity Generator Orchestrator (Instance ID: quantum-2025-Jan-05-0104)
[2025-01-05 01:04:55] [INFO] Total planned iterations: 6
[2025-01-05 01:04:55] [INFO] Starting iteration 1
[2025-01-05 01:04:55] [INFO] Using wait times - Min: 14, Max: 2000
[2025-01-05 01:04:55] [INFO] Generated wait time: 24 ms
[2025-01-05 06:33:22] [SUCCESS] Iteration 1 completed successfully (Duration: 19706.31 seconds)
[2025-01-05 06:33:23] [INFO] Starting iteration 2
[2025-01-05 06:33:23] [INFO] Using wait times - Min: 370, Max: 13000
[2025-01-05 06:33:23] [INFO] Generated wait time: 639 ms
[2025-01-05 06:33:36] [SUCCESS] Iteration 1 completed successfully (Duration: 19724.53 seconds)
[2025-01-05 06:33:36] [INFO] Iteration Statistics:
  Iteration: 1
  MaxWait: 2000
  MinWait: 14
  Duration: 19724.53 seconds
  GeneratedWait: 500
  EndTime: 2025-01-05 06:33:35
  StartTime: 2025-01-05 01:04:51
[2025-01-05 06:33:36] [INFO] Using wait times - Min: 370, Max: 13000
[2025-01-05 06:33:37] [INFO] Generated wait time: 8279 ms
[2025-01-05 06:54:32] [SUCCESS] Iteration 1 completed successfully (Duration: 20986.21 seconds)
[2025-01-05 06:54:32] [INFO] Iteration Statistics:
  Iteration: 1
  MaxWait: 2000
  MinWait: 14
  Duration: 20986.21 seconds
  GeneratedWait: 822
  EndTime: 2025-01-05 06:54:32
  StartTime: 2025-01-05 01:04:45
[2025-01-05 06:54:32] [INFO] Starting iteration 2
[2025-01-05 06:54:32] [INFO] Using wait times - Min: 370, Max: 13000
[2025-01-05 06:54:32] [INFO] Generated wait time: 8533 ms
[2025-01-05 06:57:34] [SUCCESS] Iteration 1 completed successfully (Duration: 21198.66 seconds)
[2025-01-05 06:57:34] [INFO] Iteration Statistics:
  Iteration: 1
  MaxWait: 2000
  MinWait: 14
  Duration: 21198.66 seconds
  GeneratedWait: 1568
  EndTime: 2025-01-05 06:57:34
  StartTime: 2025-01-05 01:04:15
[2025-01-05 06:57:34] [INFO] Starting iteration 2
[2025-01-05 06:57:34] [INFO] Using wait times - Min: 370, Max: 13000
[2025-01-05 06:57:34] [INFO] Generated wait time: 3929 ms
[2025-01-05 13:58:49] [SUCCESS] Iteration 2 completed successfully (Duration: 26726.24 seconds)
[2025-01-05 13:58:49] [INFO] Iteration Statistics:
  Iteration: 2
  MaxWait: 13000
  MinWait: 370
  Duration: 26726.24 seconds
  GeneratedWait: 639
  EndTime: 2025-01-05 13:58:49
  StartTime: 2025-01-05 06:33:23
[2025-01-05 13:58:49] [INFO] Starting iteration 3
[2025-01-05 13:58:49] [INFO] Using wait times - Min: 170, Max: 1500
[2025-01-05 13:58:49] [INFO] Generated wait time: 719 ms
[2025-01-05 14:25:32] [SUCCESS] Iteration 2 completed successfully (Duration: 27060.68 seconds)
[2025-01-05 14:25:33] [INFO] Iteration Statistics:
  Iteration: 2
  MaxWait: 13000
  MinWait: 370
  Duration: 27060.68 seconds
  GeneratedWait: 8533
  EndTime: 2025-01-05 14:25:32
  StartTime: 2025-01-05 06:54:32
[2025-01-05 14:25:33] [INFO] Starting iteration 3
[2025-01-05 14:25:33] [INFO] Using wait times - Min: 170, Max: 1500
[2025-01-05 14:25:33] [INFO] Generated wait time: 1277 ms
[2025-01-05 14:58:05] [SUCCESS] Iteration 2 completed successfully (Duration: 28830.81 seconds)
[2025-01-05 14:58:05] [INFO] Iteration Statistics:
  Iteration: 2
  MaxWait: 13000
  MinWait: 370
  Duration: 28830.81 seconds
  GeneratedWait: 3929
  EndTime: 2025-01-05 14:58:05
  StartTime: 2025-01-05 06:57:34
[2025-01-05 14:58:05] [INFO] Starting iteration 3
[2025-01-05 14:58:05] [INFO] Using wait times - Min: 170, Max: 1500
[2025-01-05 14:58:05] [INFO] Generated wait time: 782 ms
[2025-01-05 15:12:32] [SUCCESS] Iteration 2 completed successfully (Duration: 31136.17 seconds)
[2025-01-05 15:12:32] [INFO] Iteration Statistics:
  Iteration: 2
  MaxWait: 13000
  MinWait: 370
  Duration: 31136.17 seconds
  GeneratedWait: 8279
  EndTime: 2025-01-05 15:12:32
  StartTime: 2025-01-05 06:33:36
[2025-01-05 15:12:32] [INFO] Starting iteration 3
[2025-01-05 15:12:32] [INFO] Using wait times - Min: 170, Max: 1500
[2025-01-05 15:12:32] [INFO] Generated wait time: 1299 ms
[2025-01-05 19:35:00] [SUCCESS] Iteration 3 completed successfully (Duration: 20170.17 seconds)
[2025-01-05 19:35:00] [INFO] Iteration Statistics:
  Iteration: 3
  MaxWait: 1500
  MinWait: 170
  Duration: 20170.17 seconds
  GeneratedWait: 719
  EndTime: 2025-01-05 19:35:00
  StartTime: 2025-01-05 13:58:49
[2025-01-05 19:35:00] [INFO] Starting iteration 4
[2025-01-05 19:35:00] [INFO] Using wait times - Min: 1470, Max: 30000
[2025-01-05 19:35:00] [INFO] Generated wait time: 25996 ms
[2025-01-05 20:10:21] [SUCCESS] Iteration 3 completed successfully (Duration: 20688.45 seconds)
[2025-01-05 20:10:21] [INFO] Iteration Statistics:
  Iteration: 3
  MaxWait: 1500
  MinWait: 170
  Duration: 20688.45 seconds
  GeneratedWait: 1277
  EndTime: 2025-01-05 20:10:21
  StartTime: 2025-01-05 14:25:33
[2025-01-05 20:10:21] [INFO] Starting iteration 4
[2025-01-05 20:10:21] [INFO] Using wait times - Min: 1470, Max: 30000
[2025-01-05 20:10:21] [INFO] Generated wait time: 8172 ms
[2025-01-05 20:26:36] [SUCCESS] Iteration 3 completed successfully (Duration: 19711.14 seconds)
[2025-01-05 20:26:36] [INFO] Iteration Statistics:
  Iteration: 3
  MaxWait: 1500
  MinWait: 170
  Duration: 19711.14 seconds
  GeneratedWait: 782
  EndTime: 2025-01-05 20:26:36
  StartTime: 2025-01-05 14:58:05
[2025-01-05 20:26:36] [INFO] Starting iteration 4
[2025-01-05 20:26:36] [INFO] Using wait times - Min: 1470, Max: 30000
[2025-01-05 20:26:36] [INFO] Generated wait time: 26069 ms
[2025-01-05 20:48:15] [SUCCESS] Iteration 3 completed successfully (Duration: 20142.94 seconds)
[2025-01-05 20:48:15] [INFO] Iteration Statistics:
  Iteration: 3
  MaxWait: 1500
  MinWait: 170
  Duration: 20142.94 seconds
  GeneratedWait: 1299
  EndTime: 2025-01-05 20:48:15
  StartTime: 2025-01-05 15:12:32
[2025-01-05 20:48:15] [INFO] Starting iteration 4
[2025-01-05 20:48:15] [INFO] Using wait times - Min: 1470, Max: 30000
[2025-01-05 20:48:15] [INFO] Generated wait time: 16983 ms
[2025-01-06 03:00:00] [SUCCESS] Iteration 4 completed successfully (Duration: 22304.96 seconds)
[2025-01-06 03:00:00] [INFO] Iteration Statistics:
  Iteration: 4
  MaxWait: 30000
  MinWait: 1470
  Duration: 22304.96 seconds
  GeneratedWait: 16983
  EndTime: 2025-01-06 03:00:00
  StartTime: 2025-01-05 20:48:15
[2025-01-06 03:00:00] [INFO] Starting iteration 5
[2025-01-06 03:00:00] [INFO] Using wait times - Min: 370, Max: 13000
[2025-01-06 03:00:00] [INFO] Generated wait time: 5640 ms
[2025-01-06 04:53:30] [SUCCESS] Iteration 4 completed successfully (Duration: 31389.40 seconds)
[2025-01-06 04:53:30] [INFO] Iteration Statistics:
  Iteration: 4
  MaxWait: 30000
  MinWait: 1470
  Duration: 31389.40 seconds
  GeneratedWait: 8172
  EndTime: 2025-01-06 04:53:30
  StartTime: 2025-01-05 20:10:21
[2025-01-06 04:53:30] [INFO] Starting iteration 5
[2025-01-06 04:53:30] [INFO] Using wait times - Min: 370, Max: 13000
[2025-01-06 04:53:30] [INFO] Generated wait time: 6086 ms
[2025-01-06 06:32:37] [SUCCESS] Iteration 4 completed successfully (Duration: 39457.43 seconds)
[2025-01-06 06:32:37] [INFO] Iteration Statistics:
  Iteration: 4
  MaxWait: 30000
  MinWait: 1470
  Duration: 39457.43 seconds
  GeneratedWait: 25996
  EndTime: 2025-01-06 06:32:37
  StartTime: 2025-01-05 19:35:00
[2025-01-06 06:32:37] [INFO] Starting iteration 5
[2025-01-06 06:32:37] [INFO] Using wait times - Min: 370, Max: 13000
[2025-01-06 06:32:37] [INFO] Generated wait time: 12710 ms
[2025-01-06 09:29:31] [SUCCESS] Iteration 5 completed successfully (Duration: 23370.71 seconds)
[2025-01-06 09:29:31] [INFO] Iteration Statistics:
  Iteration: 5
  MaxWait: 13000
  MinWait: 370
  Duration: 23370.71 seconds
  GeneratedWait: 5640
  EndTime: 2025-01-06 09:29:31
  StartTime: 2025-01-06 03:00:00
[2025-01-06 09:29:31] [INFO] Starting iteration 6
[2025-01-06 09:29:31] [INFO] Using wait times - Min: 170, Max: 1500
[2025-01-06 09:29:31] [INFO] Generated wait time: 218 ms
[2025-01-06 09:54:07] [SUCCESS] Iteration 4 completed successfully (Duration: 48451.28 seconds)
[2025-01-06 09:54:07] [INFO] Iteration Statistics:
  Iteration: 4
  MaxWait: 30000
  MinWait: 1470
  Duration: 48451.28 seconds
  GeneratedWait: 26069
  EndTime: 2025-01-06 09:54:07
  StartTime: 2025-01-05 20:26:36
[2025-01-06 09:54:07] [INFO] Starting iteration 5
[2025-01-06 09:54:07] [INFO] Using wait times - Min: 370, Max: 13000
[2025-01-06 09:54:07] [INFO] Generated wait time: 9953 ms
[2025-01-06 10:53:10] [SUCCESS] Iteration 5 completed successfully (Duration: 21579.21 seconds)
[2025-01-06 10:53:10] [INFO] Iteration Statistics:
  Iteration: 5
  MaxWait: 13000
  MinWait: 370
  Duration: 21579.21 seconds
  GeneratedWait: 6086
  EndTime: 2025-01-06 10:53:10
  StartTime: 2025-01-06 04:53:30
[2025-01-06 10:53:10] [INFO] Starting iteration 6
[2025-01-06 10:53:10] [INFO] Using wait times - Min: 170, Max: 1500
[2025-01-06 10:53:10] [INFO] Generated wait time: 777 ms
[2025-01-06 15:10:23] [SUCCESS] Iteration 6 completed successfully (Duration: 20452.45 seconds)
[2025-01-06 15:10:23] [INFO] Iteration Statistics:
  Iteration: 6
  MaxWait: 1500
  MinWait: 170
  Duration: 20452.45 seconds
  GeneratedWait: 218
  EndTime: 2025-01-06 15:10:23
  StartTime: 2025-01-06 09:29:31
[2025-01-06 15:10:23] [SUCCESS] All iterations completed successfully
[2025-01-06 15:10:23] [SUCCESS] Final Summary:
  Start Time: 2025-01-05 01:04:51
  End Time: 2025-01-06 15:10:23
  Instance ID: summer-2025-Jan-05-0104
  Total Iterations: 6
  Total Duration: 2285.54 minutes
  Average Duration: 380.92 minutes per iteration
[2025-01-06 15:20:38] [SUCCESS] Iteration 5 completed successfully (Duration: 31681.10 seconds)
[2025-01-06 15:20:38] [INFO] Iteration Statistics:
  Iteration: 5
  MaxWait: 13000
  MinWait: 370
  Duration: 31681.10 seconds
  GeneratedWait: 12710
  EndTime: 2025-01-06 15:20:38
  StartTime: 2025-01-06 06:32:37
[2025-01-06 15:20:38] [INFO] Starting iteration 6
[2025-01-06 15:20:38] [INFO] Using wait times - Min: 170, Max: 1500
[2025-01-06 15:20:38] [INFO] Generated wait time: 698 ms
[2025-01-06 16:20:13] [SUCCESS] Iteration 6 completed successfully (Duration: 19622.87 seconds)
[2025-01-06 16:20:13] [INFO] Iteration Statistics:
  Iteration: 6
  MaxWait: 1500
  MinWait: 170
  Duration: 19622.87 seconds
  GeneratedWait: 777
  EndTime: 2025-01-06 16:20:13
  StartTime: 2025-01-06 10:53:10
[2025-01-06 16:20:13] [SUCCESS] All iterations completed successfully
[2025-01-06 16:20:13] [SUCCESS] Final Summary:
  Start Time: 2025-01-05 01:04:45
  End Time: 2025-01-06 16:20:13
  Instance ID: proclitic-2025-Jan-05-0104
  Total Iterations: 6
  Total Duration: 2355.45 minutes
  Average Duration: 392.58 minutes per iteration
[2025-01-06 18:27:24] [SUCCESS] Iteration 5 completed successfully (Duration: 30796.70 seconds)
[2025-01-06 18:27:24] [INFO] Iteration Statistics:
  Iteration: 5
  MaxWait: 13000
  MinWait: 370
  Duration: 30796.70 seconds
  GeneratedWait: 9953
  EndTime: 2025-01-06 18:27:24
  StartTime: 2025-01-06 09:54:07
[2025-01-06 18:27:24] [INFO] Starting iteration 6
[2025-01-06 18:27:24] [INFO] Using wait times - Min: 170, Max: 1500
[2025-01-06 18:27:24] [INFO] Generated wait time: 837 ms
[2025-01-06 21:13:38] [SUCCESS] Iteration 6 completed successfully (Duration: 21179.24 seconds)
[2025-01-06 21:13:38] [INFO] Iteration Statistics:
  Iteration: 6
  MaxWait: 1500
  MinWait: 170
  Duration: 21179.24 seconds
  GeneratedWait: 698
  EndTime: 2025-01-06 21:13:37
  StartTime: 2025-01-06 15:20:38
[2025-01-06 21:13:38] [SUCCESS] All iterations completed successfully
[2025-01-06 21:13:38] [SUCCESS] Final Summary:
  Start Time: 2025-01-05 01:04:55
  End Time: 2025-01-06 21:13:38
  Instance ID: quantum-2025-Jan-05-0104
  Total Iterations: 6
  Total Duration: 2648.71 minutes
  Average Duration: 441.45 minutes per iteration
[2025-01-07 00:10:16] [SUCCESS] Iteration 6 completed successfully (Duration: 20571.86 seconds)
[2025-01-07 00:10:16] [INFO] Iteration Statistics:
  Iteration: 6
  MaxWait: 1500
  MinWait: 170
  Duration: 20571.86 seconds
  GeneratedWait: 837
  EndTime: 2025-01-07 00:10:16
  StartTime: 2025-01-06 18:27:24
[2025-01-07 00:10:16] [SUCCESS] All iterations completed successfully
[2025-01-07 00:10:16] [SUCCESS] Final Summary:
  Start Time: 2025-01-05 01:04:15
  End Time: 2025-01-07 00:10:16
  Instance ID: pinnacle-2025-Jan-05-0104
  Total Iterations: 6
  Total Duration: 2826.01 minutes
  Average Duration: 471.00 minutes per iteration
