[2025-05-09 00:06:32] [Information] Currently connected to: Nyati_CPEPro2_2.4G
[2025-05-09 00:06:32] [Information] Already connected to preferred network: Nyati_CPEPro2_2.4G
[2025-05-09 00:06:32] [Information] Waiting 11 minutes before next check...
[2025-05-09 00:17:32] [Information] Currently connected to: Nyati_CPEPro2_2.4G
[2025-05-09 00:17:32] [Information] Already connected to preferred network: Nyati_CPEPro2_2.4G
[2025-05-09 00:17:32] [Information] Waiting 13 minutes before next check...
[2025-05-09 00:30:32] [Information] Currently connected to: Nyati_CPEPro2_2.4G
[2025-05-09 00:30:32] [Information] Already connected to preferred network: Nyati_CPEPro2_2.4G
[2025-05-09 00:30:32] [Information] Waiting 12 minutes before next check...
[2025-05-09 00:42:32] [Information] Currently connected to: Nyati_CPEPro2_2.4G
[2025-05-09 00:42:32] [Information] Already connected to preferred network: Nyati_CPEPro2_2.4G
[2025-05-09 00:42:32] [Information] Waiting 18 minutes before next check...
[2025-05-09 01:00:32] [Information] Currently connected to: Nyati_CPEPro2_2.4G
[2025-05-09 01:00:32] [Information] Already connected to preferred network: Nyati_CPEPro2_2.4G
[2025-05-09 01:00:32] [Information] Waiting 24 minutes before next check...
[2025-05-09 01:24:32] [Information] Currently connected to: Merlin Wharf
[2025-05-09 01:24:32] [Information] Already connected to preferred network: Merlin Wharf
[2025-05-09 01:24:32] [Information] Waiting 28 minutes before next check...
[2025-05-09 01:52:32] [Information] Currently connected to: Merlin Wharf
[2025-05-09 01:52:32] [Information] Already connected to preferred network: Merlin Wharf
[2025-05-09 01:52:32] [Information] Waiting 12 minutes before next check...
[2025-05-09 02:04:32] [Information] Currently connected to: Merlin Wharf
[2025-05-09 02:04:32] [Information] Already connected to preferred network: Merlin Wharf
[2025-05-09 02:04:32] [Information] Waiting 16 minutes before next check...
[2025-05-09 02:20:32] [Information] Currently connected to: Merlin Wharf
[2025-05-09 02:20:32] [Information] Already connected to preferred network: Merlin Wharf
[2025-05-09 02:20:32] [Information] Waiting 27 minutes before next check...
[2025-05-09 02:47:32] [Information] Currently connected to: Merlin Wharf
[2025-05-09 02:47:32] [Information] Already connected to preferred network: Merlin Wharf
[2025-05-09 02:47:32] [Information] Waiting 11 minutes before next check...
[2025-05-09 02:58:33] [Information] Currently connected to: Merlin Wharf
[2025-05-09 02:58:33] [Information] Already connected to preferred network: Merlin Wharf
[2025-05-09 02:58:33] [Information] Waiting 24 minutes before next check...
[2025-05-09 03:22:33] [Information] Currently connected to: Merlin Wharf
[2025-05-09 03:22:33] [Information] Already connected to preferred network: Merlin Wharf
[2025-05-09 03:22:33] [Information] Waiting 18 minutes before next check...
[2025-05-09 03:40:33] [Information] Currently connected to: Merlin Wharf
[2025-05-09 03:40:33] [Information] Already connected to preferred network: Merlin Wharf
[2025-05-09 03:40:33] [Information] Waiting 17 minutes before next check...
[2025-05-09 03:57:33] [Information] Currently connected to: Merlin Wharf
[2025-05-09 03:57:33] [Information] Already connected to preferred network: Merlin Wharf
[2025-05-09 03:57:33] [Information] Waiting 22 minutes before next check...
[2025-05-09 04:19:33] [Information] Currently connected to: Merlin Wharf
[2025-05-09 04:19:33] [Information] Already connected to preferred network: Merlin Wharf
[2025-05-09 04:19:33] [Information] Waiting 10 minutes before next check...
[2025-05-09 04:29:33] [Information] Currently connected to: Merlin Wharf
[2025-05-09 04:29:33] [Information] Already connected to preferred network: Merlin Wharf
[2025-05-09 04:29:33] [Information] Waiting 24 minutes before next check...
[2025-05-09 04:53:33] [Information] Currently connected to: Merlin Wharf
[2025-05-09 04:53:33] [Information] Already connected to preferred network: Merlin Wharf
[2025-05-09 04:53:33] [Information] Waiting 22 minutes before next check...
[2025-05-09 05:15:33] [Information] Currently connected to: Merlin Wharf
[2025-05-09 05:15:33] [Information] Already connected to preferred network: Merlin Wharf
[2025-05-09 05:15:33] [Information] Waiting 10 minutes before next check...
[2025-05-09 05:25:33] [Information] Currently connected to: Merlin Wharf
[2025-05-09 05:25:33] [Information] Already connected to preferred network: Merlin Wharf
[2025-05-09 05:25:33] [Information] Waiting 13 minutes before next check...
[2025-05-09 05:38:33] [Information] Currently connected to: Merlin Wharf
[2025-05-09 05:38:33] [Information] Already connected to preferred network: Merlin Wharf
[2025-05-09 05:38:33] [Information] Waiting 29 minutes before next check...
[2025-05-09 06:07:33] [Information] Currently connected to: Merlin Wharf
[2025-05-09 06:07:33] [Information] Already connected to preferred network: Merlin Wharf
[2025-05-09 06:07:33] [Information] Waiting 26 minutes before next check...
[2025-05-09 06:33:33] [Information] Currently connected to: Merlin Wharf
[2025-05-09 06:33:34] [Information] Already connected to preferred network: Merlin Wharf
[2025-05-09 06:33:34] [Information] Waiting 21 minutes before next check...
[2025-05-09 06:54:40] [Information] Currently connected to: Merlin Wharf
[2025-05-09 06:54:40] [Information] Already connected to preferred network: Merlin Wharf
[2025-05-09 06:54:40] [Information] Waiting 24 minutes before next check...
[2025-05-09 07:18:40] [Information] Currently connected to: Merlin Wharf
[2025-05-09 07:18:40] [Information] Already connected to preferred network: Merlin Wharf
[2025-05-09 07:18:40] [Information] Waiting 15 minutes before next check...
[2025-05-09 07:33:40] [Information] Currently connected to: Merlin Wharf
[2025-05-09 07:33:40] [Information] Already connected to preferred network: Merlin Wharf
[2025-05-09 07:33:40] [Information] Waiting 23 minutes before next check...
[2025-05-09 07:56:41] [Information] Currently connected to: Merlin Wharf
[2025-05-09 07:56:41] [Information] Already connected to preferred network: Merlin Wharf
[2025-05-09 07:56:41] [Information] Waiting 28 minutes before next check...
[2025-05-09 08:24:41] [Information] Currently connected to: Merlin Wharf
[2025-05-09 08:24:41] [Information] Already connected to preferred network: Merlin Wharf
[2025-05-09 08:24:41] [Information] Waiting 20 minutes before next check...
[2025-05-09 08:44:41] [Information] Currently connected to: Merlin Wharf
[2025-05-09 08:44:41] [Information] Already connected to preferred network: Merlin Wharf
[2025-05-09 08:44:41] [Information] Waiting 26 minutes before next check...
[2025-05-09 09:10:41] [Information] Currently connected to: Merlin Wharf
[2025-05-09 09:10:41] [Information] Already connected to preferred network: Merlin Wharf
[2025-05-09 09:10:41] [Information] Waiting 13 minutes before next check...
[2025-05-09 09:23:41] [Information] Currently connected to: Merlin Wharf
[2025-05-09 09:23:41] [Information] Already connected to preferred network: Merlin Wharf
[2025-05-09 09:23:41] [Information] Waiting 22 minutes before next check...
[2025-05-09 09:45:41] [Information] Currently connected to: Merlin Wharf
[2025-05-09 09:45:41] [Information] Already connected to preferred network: Merlin Wharf
[2025-05-09 09:45:41] [Information] Waiting 17 minutes before next check...
[2025-05-09 10:02:41] [Information] Currently connected to: Merlin Wharf
[2025-05-09 10:02:41] [Information] Already connected to preferred network: Merlin Wharf
[2025-05-09 10:02:41] [Information] Waiting 16 minutes before next check...
[2025-05-09 10:18:41] [Information] Currently connected to: Merlin Wharf
[2025-05-09 10:18:41] [Information] Already connected to preferred network: Merlin Wharf
[2025-05-09 10:18:41] [Information] Waiting 27 minutes before next check...
[2025-05-09 10:45:41] [Information] Currently connected to: Merlin Wharf
[2025-05-09 10:45:41] [Information] Already connected to preferred network: Merlin Wharf
[2025-05-09 10:45:41] [Information] Waiting 20 minutes before next check...
[2025-05-09 11:05:41] [Information] Currently connected to: Merlin Wharf
[2025-05-09 11:05:41] [Information] Already connected to preferred network: Merlin Wharf
[2025-05-09 11:05:41] [Information] Waiting 19 minutes before next check...
[2025-05-09 11:24:41] [Information] Currently connected to: Merlin Wharf
[2025-05-09 11:24:41] [Information] Already connected to preferred network: Merlin Wharf
[2025-05-09 11:24:41] [Information] Waiting 26 minutes before next check...
[2025-05-09 11:50:41] [Information] Currently connected to: Merlin Wharf
[2025-05-09 11:50:41] [Information] Already connected to preferred network: Merlin Wharf
[2025-05-09 11:50:41] [Information] Waiting 19 minutes before next check...
[2025-05-09 12:09:42] [Information] Currently connected to: Merlin Wharf
[2025-05-09 12:09:42] [Information] Already connected to preferred network: Merlin Wharf
[2025-05-09 12:09:42] [Information] Waiting 14 minutes before next check...
[2025-05-09 12:23:42] [Information] Currently connected to: Merlin Wharf
[2025-05-09 12:23:42] [Information] Already connected to preferred network: Merlin Wharf
[2025-05-09 12:23:42] [Information] Waiting 12 minutes before next check...
[2025-05-09 12:35:42] [Information] Currently connected to: Merlin Wharf
[2025-05-09 12:35:42] [Information] Already connected to preferred network: Merlin Wharf
[2025-05-09 12:35:42] [Information] Waiting 24 minutes before next check...
[2025-05-09 12:59:42] [Information] Currently connected to: Merlin Wharf
[2025-05-09 12:59:42] [Information] Already connected to preferred network: Merlin Wharf
[2025-05-09 12:59:42] [Information] Waiting 12 minutes before next check...
[2025-05-09 13:11:42] [Information] Currently connected to: Merlin Wharf
[2025-05-09 13:11:42] [Information] Already connected to preferred network: Merlin Wharf
[2025-05-09 13:11:42] [Information] Waiting 22 minutes before next check...
[2025-05-09 13:33:42] [Information] Currently connected to: Merlin Wharf
[2025-05-09 13:33:42] [Information] Already connected to preferred network: Merlin Wharf
[2025-05-09 13:33:42] [Information] Waiting 14 minutes before next check...
[2025-05-09 13:47:42] [Information] Currently connected to: Merlin Wharf
[2025-05-09 13:47:42] [Information] Already connected to preferred network: Merlin Wharf
[2025-05-09 13:47:42] [Information] Waiting 19 minutes before next check...
[2025-05-09 14:06:42] [Information] Currently connected to: Merlin Wharf
[2025-05-09 14:06:42] [Information] Already connected to preferred network: Merlin Wharf
[2025-05-09 14:06:42] [Information] Waiting 25 minutes before next check...
[2025-05-09 14:31:42] [Information] Currently connected to: Merlin Wharf
[2025-05-09 14:31:42] [Information] Already connected to preferred network: Merlin Wharf
[2025-05-09 14:31:42] [Information] Waiting 23 minutes before next check...
[2025-05-09 14:54:42] [Information] Currently connected to: Merlin Wharf
[2025-05-09 14:54:42] [Information] Already connected to preferred network: Merlin Wharf
[2025-05-09 14:54:42] [Information] Waiting 26 minutes before next check...
[2025-05-09 15:20:42] [Information] Currently connected to: Merlin Wharf
[2025-05-09 15:20:42] [Information] Already connected to preferred network: Merlin Wharf
[2025-05-09 15:20:42] [Information] Waiting 28 minutes before next check...
[2025-05-09 15:48:42] [Information] Currently connected to: Merlin Wharf
[2025-05-09 15:48:42] [Information] Already connected to preferred network: Merlin Wharf
[2025-05-09 15:48:42] [Information] Waiting 11 minutes before next check...
[2025-05-09 15:59:43] [Information] Currently connected to: Merlin Wharf
[2025-05-09 15:59:43] [Information] Already connected to preferred network: Merlin Wharf
[2025-05-09 15:59:43] [Information] Waiting 17 minutes before next check...
[2025-05-09 16:16:43] [Information] Currently connected to: Merlin Wharf
[2025-05-09 16:16:43] [Information] Already connected to preferred network: Merlin Wharf
[2025-05-09 16:16:43] [Information] Waiting 22 minutes before next check...
[2025-05-09 16:38:43] [Information] Currently connected to: Merlin Wharf
[2025-05-09 16:38:43] [Information] Already connected to preferred network: Merlin Wharf
[2025-05-09 16:38:43] [Information] Waiting 21 minutes before next check...
[2025-05-09 16:59:43] [Information] Currently connected to: Merlin Wharf
[2025-05-09 16:59:43] [Information] Already connected to preferred network: Merlin Wharf
[2025-05-09 16:59:43] [Information] Waiting 25 minutes before next check...
[2025-05-09 17:24:43] [Information] Currently connected to: Merlin Wharf
[2025-05-09 17:24:43] [Information] Already connected to preferred network: Merlin Wharf
[2025-05-09 17:24:43] [Information] Waiting 13 minutes before next check...
[2025-05-09 17:37:43] [Information] Currently connected to: Merlin Wharf
[2025-05-09 17:37:43] [Information] Already connected to preferred network: Merlin Wharf
[2025-05-09 17:37:43] [Information] Waiting 27 minutes before next check...
[2025-05-09 18:04:43] [Information] Currently connected to: Merlin Wharf
[2025-05-09 18:04:43] [Information] Already connected to preferred network: Merlin Wharf
[2025-05-09 18:04:43] [Information] Waiting 17 minutes before next check...
[2025-05-09 18:21:43] [Information] Currently connected to: Merlin Wharf
[2025-05-09 18:21:43] [Information] Already connected to preferred network: Merlin Wharf
[2025-05-09 18:21:43] [Information] Waiting 26 minutes before next check...
[2025-05-09 18:47:43] [Information] Currently connected to: Merlin Wharf
[2025-05-09 18:47:43] [Information] Already connected to preferred network: Merlin Wharf
[2025-05-09 18:47:43] [Information] Waiting 14 minutes before next check...
[2025-05-09 19:01:43] [Information] Currently connected to: Merlin Wharf
[2025-05-09 19:01:43] [Information] Already connected to preferred network: Merlin Wharf
[2025-05-09 19:01:43] [Information] Waiting 25 minutes before next check...
[2025-05-09 19:26:43] [Information] Currently connected to: Merlin Wharf
[2025-05-09 19:26:43] [Information] Already connected to preferred network: Merlin Wharf
[2025-05-09 19:26:43] [Information] Waiting 11 minutes before next check...
[2025-05-09 19:37:44] [Information] Currently connected to: Merlin Wharf
[2025-05-09 19:37:44] [Information] Already connected to preferred network: Merlin Wharf
[2025-05-09 19:37:44] [Information] Waiting 20 minutes before next check...
[2025-05-09 19:57:44] [Information] Currently connected to: Merlin Wharf
[2025-05-09 19:57:44] [Information] Already connected to preferred network: Merlin Wharf
[2025-05-09 19:57:44] [Information] Waiting 22 minutes before next check...
[2025-05-09 20:19:44] [Information] Currently connected to: Merlin Wharf
[2025-05-09 20:19:44] [Information] Already connected to preferred network: Merlin Wharf
[2025-05-09 20:19:44] [Information] Waiting 29 minutes before next check...
[2025-05-09 20:48:44] [Information] Currently connected to: Merlin Wharf
[2025-05-09 20:48:44] [Information] Already connected to preferred network: Merlin Wharf
[2025-05-09 20:48:44] [Information] Waiting 15 minutes before next check...
[2025-05-09 21:03:44] [Information] Currently connected to: Merlin Wharf
[2025-05-09 21:03:44] [Information] Already connected to preferred network: Merlin Wharf
[2025-05-09 21:03:44] [Information] Waiting 15 minutes before next check...
[2025-05-09 21:18:44] [Information] Currently connected to: Merlin Wharf
[2025-05-09 21:18:44] [Information] Already connected to preferred network: Merlin Wharf
[2025-05-09 21:18:44] [Information] Waiting 10 minutes before next check...
[2025-05-09 21:28:44] [Information] Currently connected to: Merlin Wharf
[2025-05-09 21:28:44] [Information] Already connected to preferred network: Merlin Wharf
[2025-05-09 21:28:44] [Information] Waiting 10 minutes before next check...
[2025-05-09 21:38:44] [Information] Currently connected to: Merlin Wharf
[2025-05-09 21:38:44] [Information] Already connected to preferred network: Merlin Wharf
[2025-05-09 21:38:44] [Information] Waiting 15 minutes before next check...
[2025-05-09 21:53:44] [Information] Currently connected to: Merlin Wharf
[2025-05-09 21:53:44] [Information] Already connected to preferred network: Merlin Wharf
[2025-05-09 21:53:44] [Information] Waiting 17 minutes before next check...
[2025-05-09 22:10:44] [Information] Currently connected to: Merlin Wharf
[2025-05-09 22:10:44] [Information] Already connected to preferred network: Merlin Wharf
[2025-05-09 22:10:44] [Information] Waiting 11 minutes before next check...
[2025-05-09 22:21:44] [Information] Currently connected to: Merlin Wharf
[2025-05-09 22:21:44] [Information] Already connected to preferred network: Merlin Wharf
[2025-05-09 22:21:44] [Information] Waiting 20 minutes before next check...
[2025-05-09 22:41:44] [Information] Currently connected to: Merlin Wharf
[2025-05-09 22:41:44] [Information] Already connected to preferred network: Merlin Wharf
[2025-05-09 22:41:44] [Information] Waiting 19 minutes before next check...
[2025-05-09 23:00:45] [Information] Currently connected to: Merlin Wharf
[2025-05-09 23:00:45] [Information] Already connected to preferred network: Merlin Wharf
[2025-05-09 23:00:45] [Information] Waiting 22 minutes before next check...
[2025-05-09 23:22:45] [Information] Currently connected to: Merlin Wharf
[2025-05-09 23:22:45] [Information] Already connected to preferred network: Merlin Wharf
[2025-05-09 23:22:45] [Information] Waiting 24 minutes before next check...
[2025-05-09 23:46:45] [Information] Currently connected to: Merlin Wharf
[2025-05-09 23:46:45] [Information] Already connected to preferred network: Merlin Wharf
[2025-05-09 23:46:45] [Information] Waiting 17 minutes before next check...
