[2025-01-13 00:06:39] [Information] Currently connected to: Nyati_CPEPro2_5G
[2025-01-13 00:06:39] [Information] Already connected to preferred network: Nyati_CPEPro2_5G
[2025-01-13 00:06:39] [Information] Waiting 16 minutes before next check...
[2025-01-13 00:22:39] [Information] Currently connected to: Nyati_CPEPro2_5G
[2025-01-13 00:22:39] [Information] Already connected to preferred network: Nyati_CPEPro2_5G
[2025-01-13 00:22:39] [Information] Waiting 21 minutes before next check...
[2025-01-13 00:43:39] [Information] Currently connected to: Nyati_CPEPro2_5G
[2025-01-13 00:43:39] [Information] Already connected to preferred network: Nyati_CPEPro2_5G
[2025-01-13 00:43:39] [Information] Waiting 19 minutes before next check...
[2025-01-13 01:02:39] [Information] Currently connected to: Nyati_CPEPro2_5G
[2025-01-13 01:02:39] [Information] Already connected to preferred network: Nyati_CPEPro2_5G
[2025-01-13 01:02:39] [Information] Waiting 14 minutes before next check...
[2025-01-13 01:16:39] [Information] Currently connected to: Nyati_CPEPro2_5G
[2025-01-13 01:16:39] [Information] Already connected to preferred network: Nyati_CPEPro2_5G
[2025-01-13 01:16:39] [Information] Waiting 16 minutes before next check...
[2025-01-13 01:32:39] [Information] Currently connected to: Nyati_CPEPro2_5G
[2025-01-13 01:32:39] [Information] Already connected to preferred network: Nyati_CPEPro2_5G
[2025-01-13 01:32:39] [Information] Waiting 22 minutes before next check...
[2025-01-13 01:54:39] [Information] Currently connected to: Nyati_CPEPro2_5G
[2025-01-13 01:54:39] [Information] Already connected to preferred network: Nyati_CPEPro2_5G
[2025-01-13 01:54:39] [Information] Waiting 25 minutes before next check...
[2025-01-13 02:19:40] [Information] Currently connected to: Nyati_CPEPro2_5G
[2025-01-13 02:19:40] [Information] Already connected to preferred network: Nyati_CPEPro2_5G
[2025-01-13 02:19:40] [Information] Waiting 10 minutes before next check...
[2025-01-13 02:29:40] [Information] Currently connected to: Nyati_CPEPro2_5G
[2025-01-13 02:29:40] [Information] Already connected to preferred network: Nyati_CPEPro2_5G
[2025-01-13 02:29:40] [Information] Waiting 23 minutes before next check...
[2025-01-13 02:52:40] [Information] Currently connected to: Nyati_CPEPro2_5G
[2025-01-13 02:52:40] [Information] Already connected to preferred network: Nyati_CPEPro2_5G
[2025-01-13 02:52:40] [Information] Waiting 13 minutes before next check...
[2025-01-13 03:05:40] [Information] Currently connected to: Nyati_CPEPro2_5G
[2025-01-13 03:05:40] [Information] Already connected to preferred network: Nyati_CPEPro2_5G
[2025-01-13 03:05:40] [Information] Waiting 12 minutes before next check...
[2025-01-13 03:17:40] [Information] Currently connected to: Nyati_CPEPro2_5G
[2025-01-13 03:17:40] [Information] Already connected to preferred network: Nyati_CPEPro2_5G
[2025-01-13 03:17:40] [Information] Waiting 26 minutes before next check...
[2025-01-13 03:43:40] [Information] Currently connected to: Nyati_CPEPro2_5G
[2025-01-13 03:43:40] [Information] Already connected to preferred network: Nyati_CPEPro2_5G
[2025-01-13 03:43:40] [Information] Waiting 22 minutes before next check...
[2025-01-13 04:05:40] [Information] Currently connected to: Nyati_CPEPro2_5G
[2025-01-13 04:05:40] [Information] Already connected to preferred network: Nyati_CPEPro2_5G
[2025-01-13 04:05:40] [Information] Waiting 10 minutes before next check...
[2025-01-13 04:15:40] [Information] Currently connected to: Nyati_CPEPro2_5G
[2025-01-13 04:15:40] [Information] Already connected to preferred network: Nyati_CPEPro2_5G
[2025-01-13 04:15:40] [Information] Waiting 21 minutes before next check...
[2025-01-13 04:36:40] [Information] Currently connected to: Nyati_CPEPro2_5G
[2025-01-13 04:36:40] [Information] Already connected to preferred network: Nyati_CPEPro2_5G
[2025-01-13 04:36:40] [Information] Waiting 22 minutes before next check...
[2025-01-13 04:58:47] [Information] Currently connected to: Nyati_CPEPro2_5G
[2025-01-13 04:58:47] [Information] Already connected to preferred network: Nyati_CPEPro2_5G
[2025-01-13 04:58:47] [Information] Waiting 23 minutes before next check...
[2025-01-13 05:21:47] [Information] Currently connected to: Nyati_CPEPro2_5G
[2025-01-13 05:21:47] [Information] Already connected to preferred network: Nyati_CPEPro2_5G
[2025-01-13 05:21:47] [Information] Waiting 16 minutes before next check...
[2025-01-13 05:37:47] [Information] Currently connected to: Nyati_CPEPro2_5G
[2025-01-13 05:37:47] [Information] Already connected to preferred network: Nyati_CPEPro2_5G
[2025-01-13 05:37:47] [Information] Waiting 21 minutes before next check...
[2025-01-13 05:58:47] [Information] Currently connected to: Nyati_CPEPro2_5G
[2025-01-13 05:58:47] [Information] Already connected to preferred network: Nyati_CPEPro2_5G
[2025-01-13 05:58:47] [Information] Waiting 25 minutes before next check...
[2025-01-13 06:23:47] [Information] Currently connected to: Nyati_CPEPro2_5G
[2025-01-13 06:23:47] [Information] Already connected to preferred network: Nyati_CPEPro2_5G
[2025-01-13 06:23:47] [Information] Waiting 24 minutes before next check...
[2025-01-13 06:47:47] [Information] Currently connected to: Nyati_CPEPro2_5G
[2025-01-13 06:47:47] [Information] Already connected to preferred network: Nyati_CPEPro2_5G
[2025-01-13 06:47:47] [Information] Waiting 15 minutes before next check...
[2025-01-13 07:02:47] [Information] Currently connected to: Nyati_CPEPro2_5G
[2025-01-13 07:02:47] [Information] Already connected to preferred network: Nyati_CPEPro2_5G
[2025-01-13 07:02:47] [Information] Waiting 11 minutes before next check...
[2025-01-13 07:13:47] [Information] Currently connected to: Nyati_CPEPro2_5G
[2025-01-13 07:13:47] [Information] Already connected to preferred network: Nyati_CPEPro2_5G
[2025-01-13 07:13:47] [Information] Waiting 26 minutes before next check...
[2025-01-13 07:39:47] [Information] Currently connected to: Nyati_CPEPro2_5G
[2025-01-13 07:39:47] [Information] Already connected to preferred network: Nyati_CPEPro2_5G
[2025-01-13 07:39:47] [Information] Waiting 24 minutes before next check...
[2025-01-13 08:03:47] [Information] Currently connected to: Nyati_CPEPro2_5G
[2025-01-13 08:03:47] [Information] Already connected to preferred network: Nyati_CPEPro2_5G
[2025-01-13 08:03:47] [Information] Waiting 29 minutes before next check...
[2025-01-13 08:32:47] [Information] Currently connected to: Nyati_CPEPro2_5G
[2025-01-13 08:32:47] [Information] Already connected to preferred network: Nyati_CPEPro2_5G
[2025-01-13 08:32:47] [Information] Waiting 24 minutes before next check...
[2025-01-13 08:56:48] [Information] Currently connected to: Nyati_CPEPro2_5G
[2025-01-13 08:56:48] [Information] Already connected to preferred network: Nyati_CPEPro2_5G
[2025-01-13 08:56:48] [Information] Waiting 23 minutes before next check...
[2025-01-13 09:19:48] [Information] Currently connected to: Nyati_CPEPro2_5G
[2025-01-13 09:19:48] [Information] Already connected to preferred network: Nyati_CPEPro2_5G
[2025-01-13 09:19:48] [Information] Waiting 26 minutes before next check...
[2025-01-13 09:45:48] [Information] Currently connected to: Nyati_CPEPro2_5G
[2025-01-13 09:45:48] [Information] Already connected to preferred network: Nyati_CPEPro2_5G
[2025-01-13 09:45:48] [Information] Waiting 25 minutes before next check...
[2025-01-13 10:10:48] [Information] Currently connected to: Nyati_CPEPro2_5G
[2025-01-13 10:10:48] [Information] Already connected to preferred network: Nyati_CPEPro2_5G
[2025-01-13 10:10:48] [Information] Waiting 14 minutes before next check...
[2025-01-13 10:24:48] [Information] Currently connected to: Nyati_CPEPro2_5G
[2025-01-13 10:24:48] [Information] Already connected to preferred network: Nyati_CPEPro2_5G
[2025-01-13 10:24:48] [Information] Waiting 13 minutes before next check...
[2025-01-13 10:37:48] [Information] Currently connected to: Nyati_CPEPro2_5G
[2025-01-13 10:37:48] [Information] Already connected to preferred network: Nyati_CPEPro2_5G
[2025-01-13 10:37:48] [Information] Waiting 28 minutes before next check...
[2025-01-13 11:05:48] [Information] Currently connected to: Nyati_CPEPro2_5G
[2025-01-13 11:05:48] [Information] Already connected to preferred network: Nyati_CPEPro2_5G
[2025-01-13 11:05:48] [Information] Waiting 17 minutes before next check...
[2025-01-13 11:22:48] [Information] Currently connected to: Nyati_CPEPro2_5G
[2025-01-13 11:22:48] [Information] Already connected to preferred network: Nyati_CPEPro2_5G
[2025-01-13 11:22:48] [Information] Waiting 17 minutes before next check...
[2025-01-13 11:39:48] [Information] Currently connected to: Nyati_CPEPro2_5G
[2025-01-13 11:39:48] [Information] Already connected to preferred network: Nyati_CPEPro2_5G
[2025-01-13 11:39:48] [Information] Waiting 23 minutes before next check...
[2025-01-13 12:02:48] [Information] Currently connected to: Nyati_CPEPro2_5G
[2025-01-13 12:02:48] [Information] Already connected to preferred network: Nyati_CPEPro2_5G
[2025-01-13 12:02:48] [Information] Waiting 17 minutes before next check...
[2025-01-13 12:19:48] [Information] Currently connected to: Nyati_CPEPro2_5G
[2025-01-13 12:19:48] [Information] Already connected to preferred network: Nyati_CPEPro2_5G
[2025-01-13 12:19:48] [Information] Waiting 16 minutes before next check...
[2025-01-13 12:35:48] [Information] Currently connected to: Nyati_CPEPro2_5G
[2025-01-13 12:35:48] [Information] Already connected to preferred network: Nyati_CPEPro2_5G
[2025-01-13 12:35:48] [Information] Waiting 18 minutes before next check...
[2025-01-13 12:53:48] [Information] Currently connected to: Serengeti_2.4G
[2025-01-13 12:53:48] [Information] Scanning for preferred networks...
[2025-01-13 12:53:49] [Information] Found 1 networks
[2025-01-13 12:53:49] [Warning] Could not connect to any preferred networks
[2025-01-13 12:53:49] [Information] Waiting 29 minutes before next check...
[2025-01-13 13:22:49] [Information] Currently connected to: Serengeti_2.4G
[2025-01-13 13:22:49] [Information] Scanning for preferred networks...
[2025-01-13 13:22:49] [Information] Found 15 networks
[2025-01-13 13:22:49] [Information] Attempting to connect to Nyati_CPEPro2_5G
[2025-01-13 13:22:54] [Information] Currently connected to: Nyati_CPEPro2_5G
[2025-01-13 13:22:54] [Information] Successfully connected to Nyati_CPEPro2_5G
[2025-01-13 13:22:54] [Information] Waiting 25 minutes before next check...
[2025-01-13 13:47:54] [Information] Currently connected to: Nyati_CPEPro2_5G
[2025-01-13 13:47:54] [Information] Already connected to preferred network: Nyati_CPEPro2_5G
[2025-01-13 13:47:54] [Information] Waiting 22 minutes before next check...
[2025-01-13 14:09:54] [Information] Currently connected to: Nyati_CPEPro2_5G
[2025-01-13 14:09:54] [Information] Already connected to preferred network: Nyati_CPEPro2_5G
[2025-01-13 14:09:54] [Information] Waiting 13 minutes before next check...
[2025-01-13 14:22:54] [Information] Currently connected to: Nyati_CPEPro2_5G
[2025-01-13 14:22:54] [Information] Already connected to preferred network: Nyati_CPEPro2_5G
[2025-01-13 14:22:54] [Information] Waiting 15 minutes before next check...
[2025-01-13 14:37:54] [Information] Currently connected to: Nyati_CPEPro2_5G
[2025-01-13 14:37:54] [Information] Already connected to preferred network: Nyati_CPEPro2_5G
[2025-01-13 14:37:54] [Information] Waiting 15 minutes before next check...
[2025-01-13 14:52:54] [Information] Currently connected to: Nyati_CPEPro2_5G
[2025-01-13 14:52:54] [Information] Already connected to preferred network: Nyati_CPEPro2_5G
[2025-01-13 14:52:54] [Information] Waiting 13 minutes before next check...
[2025-01-13 15:05:54] [Information] Currently connected to: Nyati_CPEPro2_5G
[2025-01-13 15:05:54] [Information] Already connected to preferred network: Nyati_CPEPro2_5G
[2025-01-13 15:05:54] [Information] Waiting 29 minutes before next check...
[2025-01-13 15:34:54] [Information] Currently connected to: Nyati_CPEPro2_5G
[2025-01-13 15:34:54] [Information] Already connected to preferred network: Nyati_CPEPro2_5G
[2025-01-13 15:34:54] [Information] Waiting 22 minutes before next check...
[2025-01-13 15:56:54] [Information] Currently connected to: Nyati_CPEPro2_5G
[2025-01-13 15:56:54] [Information] Already connected to preferred network: Nyati_CPEPro2_5G
[2025-01-13 15:56:54] [Information] Waiting 10 minutes before next check...
[2025-01-13 16:06:54] [Information] Currently connected to: Nyati_CPEPro2_5G
[2025-01-13 16:06:54] [Information] Already connected to preferred network: Nyati_CPEPro2_5G
[2025-01-13 16:06:54] [Information] Waiting 18 minutes before next check...
[2025-01-13 16:24:55] [Information] Currently connected to: Nyati_CPEPro2_5G
[2025-01-13 16:24:55] [Information] Already connected to preferred network: Nyati_CPEPro2_5G
[2025-01-13 16:24:55] [Information] Waiting 14 minutes before next check...
[2025-01-13 16:38:55] [Information] Currently connected to: Nyati_CPEPro2_5G
[2025-01-13 16:38:55] [Information] Already connected to preferred network: Nyati_CPEPro2_5G
[2025-01-13 16:38:55] [Information] Waiting 20 minutes before next check...
[2025-01-13 16:58:55] [Information] Currently connected to: Nyati_CPEPro2_5G
[2025-01-13 16:58:55] [Information] Already connected to preferred network: Nyati_CPEPro2_5G
[2025-01-13 16:58:55] [Information] Waiting 13 minutes before next check...
[2025-01-13 17:11:55] [Information] Currently connected to: Nyati_CPEPro2_5G
[2025-01-13 17:11:55] [Information] Already connected to preferred network: Nyati_CPEPro2_5G
[2025-01-13 17:11:55] [Information] Waiting 27 minutes before next check...
[2025-01-13 17:38:55] [Information] Currently connected to: Nyati_CPEPro2_5G
[2025-01-13 17:38:55] [Information] Already connected to preferred network: Nyati_CPEPro2_5G
[2025-01-13 17:38:55] [Information] Waiting 10 minutes before next check...
[2025-01-13 17:48:55] [Information] Currently connected to: Nyati_CPEPro2_5G
[2025-01-13 17:48:55] [Information] Already connected to preferred network: Nyati_CPEPro2_5G
[2025-01-13 17:48:55] [Information] Waiting 24 minutes before next check...
[2025-01-13 18:12:55] [Information] Currently connected to: Nyati_CPEPro2_5G
[2025-01-13 18:12:55] [Information] Already connected to preferred network: Nyati_CPEPro2_5G
[2025-01-13 18:12:55] [Information] Waiting 13 minutes before next check...
[2025-01-13 18:25:55] [Information] Currently connected to: Nyati_CPEPro2_5G
[2025-01-13 18:25:55] [Information] Already connected to preferred network: Nyati_CPEPro2_5G
[2025-01-13 18:25:55] [Information] Waiting 21 minutes before next check...
[2025-01-13 18:46:55] [Information] Currently connected to: Nyati_CPEPro2_5G
[2025-01-13 18:46:55] [Information] Already connected to preferred network: Nyati_CPEPro2_5G
[2025-01-13 18:46:55] [Information] Waiting 11 minutes before next check...
[2025-01-13 18:57:55] [Information] Currently connected to: Nyati_CPEPro2_5G
[2025-01-13 18:57:55] [Information] Already connected to preferred network: Nyati_CPEPro2_5G
[2025-01-13 18:57:55] [Information] Waiting 19 minutes before next check...
[2025-01-13 19:16:55] [Information] Currently connected to: Nyati_CPEPro2_5G
[2025-01-13 19:16:55] [Information] Already connected to preferred network: Nyati_CPEPro2_5G
[2025-01-13 19:16:55] [Information] Waiting 28 minutes before next check...
[2025-01-13 19:44:55] [Information] Currently connected to: Nyati_CPEPro2_5G
[2025-01-13 19:44:55] [Information] Already connected to preferred network: Nyati_CPEPro2_5G
[2025-01-13 19:44:55] [Information] Waiting 14 minutes before next check...
[2025-01-13 19:58:55] [Information] Currently connected to: Nyati_CPEPro2_5G
[2025-01-13 19:58:55] [Information] Already connected to preferred network: Nyati_CPEPro2_5G
[2025-01-13 19:58:55] [Information] Waiting 15 minutes before next check...
[2025-01-13 20:13:55] [Information] Currently connected to: Nyati_CPEPro2_5G
[2025-01-13 20:13:55] [Information] Already connected to preferred network: Nyati_CPEPro2_5G
[2025-01-13 20:13:55] [Information] Waiting 22 minutes before next check...
[2025-01-13 20:35:56] [Information] Currently connected to: Nyati_CPEPro2_5G
[2025-01-13 20:35:56] [Information] Already connected to preferred network: Nyati_CPEPro2_5G
[2025-01-13 20:35:56] [Information] Waiting 22 minutes before next check...
[2025-01-13 20:57:56] [Information] Currently connected to: Nyati_CPEPro2_5G
[2025-01-13 20:57:56] [Information] Already connected to preferred network: Nyati_CPEPro2_5G
[2025-01-13 20:57:56] [Information] Waiting 10 minutes before next check...
[2025-01-13 21:07:56] [Information] Currently connected to: Nyati_CPEPro2_5G
[2025-01-13 21:07:56] [Information] Already connected to preferred network: Nyati_CPEPro2_5G
[2025-01-13 21:07:56] [Information] Waiting 13 minutes before next check...
[2025-01-13 21:20:56] [Information] Currently connected to: Nyati_CPEPro2_5G
[2025-01-13 21:20:56] [Information] Already connected to preferred network: Nyati_CPEPro2_5G
[2025-01-13 21:20:56] [Information] Waiting 29 minutes before next check...
[2025-01-13 21:49:56] [Information] Currently connected to: Nyati_CPEPro2_5G
[2025-01-13 21:49:56] [Information] Already connected to preferred network: Nyati_CPEPro2_5G
[2025-01-13 21:49:56] [Information] Waiting 16 minutes before next check...
[2025-01-13 22:05:56] [Information] Currently connected to: Nyati_CPEPro2_5G
[2025-01-13 22:05:56] [Information] Already connected to preferred network: Nyati_CPEPro2_5G
[2025-01-13 22:05:56] [Information] Waiting 29 minutes before next check...
[2025-01-13 22:34:56] [Information] Currently connected to: Nyati_CPEPro2_5G
[2025-01-13 22:34:56] [Information] Already connected to preferred network: Nyati_CPEPro2_5G
[2025-01-13 22:34:56] [Information] Waiting 12 minutes before next check...
[2025-01-13 22:46:56] [Information] Currently connected to: Nyati_CPEPro2_5G
[2025-01-13 22:46:56] [Information] Already connected to preferred network: Nyati_CPEPro2_5G
[2025-01-13 22:46:56] [Information] Waiting 15 minutes before next check...
[2025-01-13 23:01:56] [Information] Currently connected to: Nyati_CPEPro2_5G
[2025-01-13 23:01:56] [Information] Already connected to preferred network: Nyati_CPEPro2_5G
[2025-01-13 23:01:56] [Information] Waiting 12 minutes before next check...
[2025-01-13 23:13:56] [Information] Currently connected to: Nyati_CPEPro2_5G
[2025-01-13 23:13:56] [Information] Already connected to preferred network: Nyati_CPEPro2_5G
[2025-01-13 23:13:56] [Information] Waiting 19 minutes before next check...
[2025-01-13 23:32:56] [Information] Currently connected to: Nyati_CPEPro2_5G
[2025-01-13 23:32:56] [Information] Already connected to preferred network: Nyati_CPEPro2_5G
[2025-01-13 23:32:56] [Information] Waiting 17 minutes before next check...
[2025-01-13 23:49:56] [Information] Currently connected to: Nyati_CPEPro2_5G
[2025-01-13 23:49:56] [Information] Already connected to preferred network: Nyati_CPEPro2_5G
[2025-01-13 23:49:56] [Information] Waiting 26 minutes before next check...
