[2025-04-04 04:15:07] [Information] Successfully registered scheduled task
[2025-04-04 04:15:08] [Information] WiFi connection manager started
[2025-04-04 04:15:08] [Warning] No current WiFi connection
[2025-04-04 04:15:08] [Information] Scanning for preferred networks...
[2025-04-04 04:15:08] [Information] Found 8 networks
[2025-04-04 04:15:08] [Information] Attempting to connect to HellsGate-5.0G
[2025-04-04 04:15:14] [Information] Currently connected to: HellsGate-5.0G
[2025-04-04 04:15:14] [Information] Successfully connected to HellsGate-5.0G
[2025-04-04 04:15:14] [Information] Waiting 10 minutes before next check...
[2025-04-04 04:25:14] [Information] Currently connected to: HellsGate-5.0G
[2025-04-04 04:25:14] [Information] Already connected to preferred network: HellsGate-5.0G
[2025-04-04 04:25:14] [Information] Waiting 19 minutes before next check...
[2025-04-04 04:44:14] [Information] Currently connected to: HellsGate-5.0G
[2025-04-04 04:44:14] [Information] Already connected to preferred network: HellsGate-5.0G
[2025-04-04 04:44:14] [Information] Waiting 11 minutes before next check...
[2025-04-04 04:55:14] [Information] Currently connected to: HellsGate-5.0G
[2025-04-04 04:55:14] [Information] Already connected to preferred network: HellsGate-5.0G
[2025-04-04 04:55:14] [Information] Waiting 15 minutes before next check...
[2025-04-04 05:10:14] [Information] Currently connected to: HellsGate-5.0G
[2025-04-04 05:10:14] [Information] Already connected to preferred network: HellsGate-5.0G
[2025-04-04 05:10:14] [Information] Waiting 17 minutes before next check...
[2025-04-04 05:27:14] [Information] Currently connected to: HellsGate-5.0G
[2025-04-04 05:27:14] [Information] Already connected to preferred network: HellsGate-5.0G
[2025-04-04 05:27:14] [Information] Waiting 18 minutes before next check...
[2025-04-04 05:45:14] [Information] Currently connected to: HellsGate-5.0G
[2025-04-04 05:45:14] [Information] Already connected to preferred network: HellsGate-5.0G
[2025-04-04 05:45:14] [Information] Waiting 17 minutes before next check...
[2025-04-04 06:02:14] [Information] Currently connected to: HellsGate-5.0G
[2025-04-04 06:02:14] [Information] Already connected to preferred network: HellsGate-5.0G
[2025-04-04 06:02:14] [Information] Waiting 26 minutes before next check...
[2025-04-04 06:28:14] [Information] Currently connected to: HellsGate-5.0G
[2025-04-04 06:28:14] [Information] Already connected to preferred network: HellsGate-5.0G
[2025-04-04 06:28:14] [Information] Waiting 20 minutes before next check...
[2025-04-04 06:48:14] [Information] Currently connected to: HellsGate-5.0G
[2025-04-04 06:48:14] [Information] Already connected to preferred network: HellsGate-5.0G
[2025-04-04 06:48:14] [Information] Waiting 17 minutes before next check...
[2025-04-04 07:05:14] [Information] Currently connected to: HellsGate-5.0G
[2025-04-04 07:05:14] [Information] Already connected to preferred network: HellsGate-5.0G
[2025-04-04 07:05:14] [Information] Waiting 16 minutes before next check...
[2025-04-04 07:21:15] [Information] Currently connected to: HellsGate-5.0G
[2025-04-04 07:21:15] [Information] Already connected to preferred network: HellsGate-5.0G
[2025-04-04 07:21:15] [Information] Waiting 19 minutes before next check...
[2025-04-04 07:40:15] [Information] Currently connected to: HellsGate-5.0G
[2025-04-04 07:40:15] [Information] Already connected to preferred network: HellsGate-5.0G
[2025-04-04 07:40:15] [Information] Waiting 13 minutes before next check...
[2025-04-04 07:53:15] [Information] Currently connected to: HellsGate-5.0G
[2025-04-04 07:53:15] [Information] Already connected to preferred network: HellsGate-5.0G
[2025-04-04 07:53:15] [Information] Waiting 18 minutes before next check...
[2025-04-04 08:11:15] [Information] Currently connected to: HellsGate-5.0G
[2025-04-04 08:11:15] [Information] Already connected to preferred network: HellsGate-5.0G
[2025-04-04 08:11:15] [Information] Waiting 14 minutes before next check...
[2025-04-04 08:25:15] [Information] Currently connected to: HellsGate-5.0G
[2025-04-04 08:25:15] [Information] Already connected to preferred network: HellsGate-5.0G
[2025-04-04 08:25:15] [Information] Waiting 16 minutes before next check...
[2025-04-04 08:41:15] [Information] Currently connected to: HellsGate-5.0G
[2025-04-04 08:41:15] [Information] Already connected to preferred network: HellsGate-5.0G
[2025-04-04 08:41:15] [Information] Waiting 23 minutes before next check...
[2025-04-04 09:04:15] [Information] Currently connected to: HellsGate-5.0G
[2025-04-04 09:04:15] [Information] Already connected to preferred network: HellsGate-5.0G
[2025-04-04 09:04:15] [Information] Waiting 24 minutes before next check...
[2025-04-04 09:28:15] [Information] Currently connected to: HellsGate-5.0G
[2025-04-04 09:28:15] [Information] Already connected to preferred network: HellsGate-5.0G
[2025-04-04 09:28:15] [Information] Waiting 11 minutes before next check...
[2025-04-04 09:39:15] [Information] Currently connected to: HellsGate-5.0G
[2025-04-04 09:39:15] [Information] Already connected to preferred network: HellsGate-5.0G
[2025-04-04 09:39:15] [Information] Waiting 12 minutes before next check...
[2025-04-04 09:51:15] [Information] Currently connected to: HellsGate-5.0G
[2025-04-04 09:51:15] [Information] Already connected to preferred network: HellsGate-5.0G
[2025-04-04 09:51:15] [Information] Waiting 21 minutes before next check...
[2025-04-04 10:12:15] [Information] Currently connected to: HellsGate-5.0G
[2025-04-04 10:12:15] [Information] Already connected to preferred network: HellsGate-5.0G
[2025-04-04 10:12:15] [Information] Waiting 12 minutes before next check...
[2025-04-04 10:24:15] [Information] Currently connected to: HellsGate-5.0G
[2025-04-04 10:24:15] [Information] Already connected to preferred network: HellsGate-5.0G
[2025-04-04 10:24:15] [Information] Waiting 23 minutes before next check...
[2025-04-04 10:47:16] [Information] Currently connected to: HellsGate-5.0G
[2025-04-04 10:47:16] [Information] Already connected to preferred network: HellsGate-5.0G
[2025-04-04 10:47:16] [Information] Waiting 12 minutes before next check...
[2025-04-04 10:59:16] [Information] Currently connected to: HellsGate-5.0G
[2025-04-04 10:59:16] [Information] Already connected to preferred network: HellsGate-5.0G
[2025-04-04 10:59:16] [Information] Waiting 24 minutes before next check...
[2025-04-04 11:23:16] [Information] Currently connected to: HellsGate-5.0G
[2025-04-04 11:23:16] [Information] Already connected to preferred network: HellsGate-5.0G
[2025-04-04 11:23:16] [Information] Waiting 28 minutes before next check...
[2025-04-04 11:51:16] [Information] Currently connected to: HellsGate-5.0G
[2025-04-04 11:51:16] [Information] Already connected to preferred network: HellsGate-5.0G
[2025-04-04 11:51:16] [Information] Waiting 29 minutes before next check...
[2025-04-04 12:20:16] [Information] Currently connected to: HellsGate-5.0G
[2025-04-04 12:20:16] [Information] Already connected to preferred network: HellsGate-5.0G
[2025-04-04 12:20:16] [Information] Waiting 18 minutes before next check...
[2025-04-04 12:38:16] [Information] Currently connected to: HellsGate-5.0G
[2025-04-04 12:38:16] [Information] Already connected to preferred network: HellsGate-5.0G
[2025-04-04 12:38:16] [Information] Waiting 11 minutes before next check...
[2025-04-04 12:49:16] [Information] Currently connected to: HellsGate-5.0G
[2025-04-04 12:49:16] [Information] Already connected to preferred network: HellsGate-5.0G
[2025-04-04 12:49:16] [Information] Waiting 28 minutes before next check...
[2025-04-04 13:17:16] [Information] Currently connected to: HellsGate-5.0G
[2025-04-04 13:17:16] [Information] Already connected to preferred network: HellsGate-5.0G
[2025-04-04 13:17:16] [Information] Waiting 14 minutes before next check...
[2025-04-04 13:31:16] [Information] Currently connected to: HellsGate-5.0G
[2025-04-04 13:31:16] [Information] Already connected to preferred network: HellsGate-5.0G
[2025-04-04 13:31:16] [Information] Waiting 21 minutes before next check...
[2025-04-04 13:52:16] [Information] Currently connected to: HellsGate-5.0G
[2025-04-04 13:52:16] [Information] Already connected to preferred network: HellsGate-5.0G
[2025-04-04 13:52:16] [Information] Waiting 23 minutes before next check...
[2025-04-04 14:15:16] [Information] Currently connected to: HellsGate-5.0G
[2025-04-04 14:15:16] [Information] Already connected to preferred network: HellsGate-5.0G
[2025-04-04 14:15:16] [Information] Waiting 14 minutes before next check...
[2025-04-04 14:29:16] [Information] Currently connected to: HellsGate-5.0G
[2025-04-04 14:29:16] [Information] Already connected to preferred network: HellsGate-5.0G
[2025-04-04 14:29:16] [Information] Waiting 19 minutes before next check...
[2025-04-04 14:48:17] [Information] Currently connected to: HellsGate-5.0G
[2025-04-04 14:48:17] [Information] Already connected to preferred network: HellsGate-5.0G
[2025-04-04 14:48:17] [Information] Waiting 24 minutes before next check...
[2025-04-04 15:12:17] [Information] Currently connected to: HellsGate-5.0G
[2025-04-04 15:12:17] [Information] Already connected to preferred network: HellsGate-5.0G
[2025-04-04 15:12:17] [Information] Waiting 15 minutes before next check...
[2025-04-04 15:27:17] [Information] Currently connected to: HellsGate-5.0G
[2025-04-04 15:27:17] [Information] Already connected to preferred network: HellsGate-5.0G
[2025-04-04 15:27:17] [Information] Waiting 27 minutes before next check...
[2025-04-04 15:54:17] [Information] Currently connected to: HellsGate-5.0G
[2025-04-04 15:54:17] [Information] Already connected to preferred network: HellsGate-5.0G
[2025-04-04 15:54:17] [Information] Waiting 11 minutes before next check...
[2025-04-04 16:05:17] [Information] Currently connected to: HellsGate-5.0G
[2025-04-04 16:05:17] [Information] Already connected to preferred network: HellsGate-5.0G
[2025-04-04 16:05:17] [Information] Waiting 22 minutes before next check...
[2025-04-04 16:27:17] [Information] Currently connected to: HellsGate-5.0G
[2025-04-04 16:27:17] [Information] Already connected to preferred network: HellsGate-5.0G
[2025-04-04 16:27:17] [Information] Waiting 22 minutes before next check...
[2025-04-04 16:49:17] [Warning] No current WiFi connection
[2025-04-04 16:49:17] [Information] Scanning for preferred networks...
[2025-04-04 16:49:17] [Information] Found 9 networks
[2025-04-04 16:49:17] [Information] Attempting to connect to HellsGate-5.0G
[2025-04-04 16:49:22] [Information] Currently connected to: HellsGate-5.0G
[2025-04-04 16:49:22] [Information] Successfully connected to HellsGate-5.0G
[2025-04-04 16:49:22] [Information] Waiting 14 minutes before next check...
[2025-04-04 17:03:22] [Information] Currently connected to: HellsGate-5.0G
[2025-04-04 17:03:22] [Information] Already connected to preferred network: HellsGate-5.0G
[2025-04-04 17:03:22] [Information] Waiting 24 minutes before next check...
[2025-04-04 17:27:22] [Information] Currently connected to: HellsGate-5.0G
[2025-04-04 17:27:22] [Information] Already connected to preferred network: HellsGate-5.0G
[2025-04-04 17:27:22] [Information] Waiting 28 minutes before next check...
[2025-04-04 17:55:22] [Information] Currently connected to: HellsGate-5.0G
[2025-04-04 17:55:22] [Information] Already connected to preferred network: HellsGate-5.0G
[2025-04-04 17:55:22] [Information] Waiting 24 minutes before next check...
[2025-04-04 18:19:23] [Information] Currently connected to: HellsGate-5.0G
[2025-04-04 18:19:23] [Information] Already connected to preferred network: HellsGate-5.0G
[2025-04-04 18:19:23] [Information] Waiting 21 minutes before next check...
[2025-04-04 18:40:23] [Information] Currently connected to: HellsGate-5.0G
[2025-04-04 18:40:23] [Information] Already connected to preferred network: HellsGate-5.0G
[2025-04-04 18:40:23] [Information] Waiting 24 minutes before next check...
[2025-04-04 19:04:23] [Information] Currently connected to: HellsGate-5.0G
[2025-04-04 19:04:23] [Information] Already connected to preferred network: HellsGate-5.0G
[2025-04-04 19:04:23] [Information] Waiting 18 minutes before next check...
[2025-04-04 19:22:23] [Information] Currently connected to: HellsGate-5.0G
[2025-04-04 19:22:23] [Information] Already connected to preferred network: HellsGate-5.0G
[2025-04-04 19:22:23] [Information] Waiting 19 minutes before next check...
[2025-04-04 19:41:23] [Information] Currently connected to: HellsGate-5.0G
[2025-04-04 19:41:23] [Information] Already connected to preferred network: HellsGate-5.0G
[2025-04-04 19:41:23] [Information] Waiting 10 minutes before next check...
[2025-04-04 19:51:23] [Information] Currently connected to: HellsGate-5.0G
[2025-04-04 19:51:23] [Information] Already connected to preferred network: HellsGate-5.0G
[2025-04-04 19:51:23] [Information] Waiting 17 minutes before next check...
[2025-04-04 20:08:23] [Information] Currently connected to: HellsGate-5.0G
[2025-04-04 20:08:23] [Information] Already connected to preferred network: HellsGate-5.0G
[2025-04-04 20:08:23] [Information] Waiting 19 minutes before next check...
[2025-04-04 20:27:23] [Information] Currently connected to: HellsGate-5.0G
[2025-04-04 20:27:23] [Information] Already connected to preferred network: HellsGate-5.0G
[2025-04-04 20:27:23] [Information] Waiting 27 minutes before next check...
[2025-04-04 20:54:23] [Information] Currently connected to: HellsGate-5.0G
[2025-04-04 20:54:23] [Information] Already connected to preferred network: HellsGate-5.0G
[2025-04-04 20:54:23] [Information] Waiting 27 minutes before next check...
[2025-04-04 21:21:23] [Information] Currently connected to: HellsGate-5.0G
[2025-04-04 21:21:23] [Information] Already connected to preferred network: HellsGate-5.0G
[2025-04-04 21:21:23] [Information] Waiting 19 minutes before next check...
[2025-04-04 21:40:23] [Information] Currently connected to: HellsGate-5.0G
[2025-04-04 21:40:23] [Information] Already connected to preferred network: HellsGate-5.0G
[2025-04-04 21:40:23] [Information] Waiting 23 minutes before next check...
[2025-04-04 22:03:23] [Information] Currently connected to: HellsGate-5.0G
[2025-04-04 22:03:23] [Information] Already connected to preferred network: HellsGate-5.0G
[2025-04-04 22:03:23] [Information] Waiting 27 minutes before next check...
[2025-04-04 22:30:24] [Information] Currently connected to: HellsGate-5.0G
[2025-04-04 22:30:24] [Information] Already connected to preferred network: HellsGate-5.0G
[2025-04-04 22:30:24] [Information] Waiting 12 minutes before next check...
[2025-04-04 22:42:24] [Information] Currently connected to: HellsGate-5.0G
[2025-04-04 22:42:24] [Information] Already connected to preferred network: HellsGate-5.0G
[2025-04-04 22:42:24] [Information] Waiting 23 minutes before next check...
[2025-04-04 23:05:24] [Information] Currently connected to: HellsGate-5.0G
[2025-04-04 23:05:24] [Information] Already connected to preferred network: HellsGate-5.0G
[2025-04-04 23:05:24] [Information] Waiting 28 minutes before next check...
[2025-04-04 23:33:24] [Information] Currently connected to: HellsGate-5.0G
[2025-04-04 23:33:24] [Information] Already connected to preferred network: HellsGate-5.0G
[2025-04-04 23:33:24] [Information] Waiting 22 minutes before next check...
[2025-04-04 23:55:24] [Information] Currently connected to: HellsGate-5.0G
[2025-04-04 23:55:24] [Information] Already connected to preferred network: HellsGate-5.0G
[2025-04-04 23:55:24] [Information] Waiting 27 minutes before next check...
