[2025-05-27 08:14:48] [INFO] Configuration loaded from C:\Users\SanyaKhasenye(Sensit\WorkingDir\PowerShell\PwshShellWindowManager\PwshWindowManager.json
[2025-05-27 08:14:48] [DEBUG] Base path: C:\Users\SanyaKhasenye(Sensit\WorkingDir\PowerShell
[2025-05-27 08:14:48] [DEBUG] Countdown script: C:\Users\SanyaKhasenye(Sensit\WorkingDir\PowerShell\CountDownTimers\Start-Countdown.ps1
[2025-05-27 08:14:48] [DEBUG] Orchestrator directory: C:\Users\SanyaKhasenye(Sensit\WorkingDir\PowerShell\ActivityGenerator.v3
[2025-05-27 08:14:48] [DEBUG] Orchestrator script: C:\Users\SanyaKhasenye(Sensit\WorkingDir\PowerShell\ActivityGenerator.v3\Start-ActivityOrchestrator_v0.1.ps1
[2025-05-27 08:14:48] [DEBUG] All path validations completed
[2025-05-27 08:14:48] [INFO] Script started with PID 1048
[2025-05-27 08:14:48] [DEBUG] Current working directory: C:\Users\SanyaKhasenye(Sensit\WorkingDir\PowerShell\PwshShellWindowManager
[2025-05-27 08:14:48] [DEBUG] PowerShell version: 5.1.19041.5737
[2025-05-27 08:14:48] [INFO] Launching 2 initial windows
[2025-05-27 08:14:48] [DEBUG] Generated 178669 seconds for window 1
[2025-05-27 08:14:48] [DEBUG] Preparing to launch window 1 with 178669 second countdown
[2025-05-27 08:14:48] [DEBUG] Creating temporary script: C:\Users\SANYAK~1\AppData\Local\Temp\OrchestratorWindow_1.ps1
[2025-05-27 08:14:48] [INFO] Launched window 1 with PID 26192 - 178669 second countdown
[2025-05-27 08:14:50] [DEBUG] Generated 459787 seconds for window 2
[2025-05-27 08:14:50] [DEBUG] Preparing to launch window 2 with 459787 second countdown
[2025-05-27 08:14:50] [DEBUG] Creating temporary script: C:\Users\SANYAK~1\AppData\Local\Temp\OrchestratorWindow_2.ps1
[2025-05-27 08:14:50] [INFO] Launched window 2 with PID 16460 - 459787 second countdown
[2025-05-27 08:14:51] [INFO] Starting monitoring process...
[2025-05-27 08:14:51] [DEBUG] Monitor settings - Min: 3, Max: 10, Check interval: 360s
[2025-05-27 08:14:51] [DEBUG] Found 6 running PowerShell windows
[2025-05-27 08:14:51] [DEBUG] Monitor check - Running: 6, Required: 3
[2025-05-27 08:17:22] [INFO] Configuration loaded from C:\Users\SanyaKhasenye(Sensit\WorkingDir\PowerShell\PwshShellWindowManager\PwshWindowManager.json
[2025-05-27 08:17:22] [DEBUG] Base path: C:\Users\SanyaKhasenye(Sensit\WorkingDir\PowerShell
[2025-05-27 08:17:22] [DEBUG] Countdown script: C:\Users\SanyaKhasenye(Sensit\WorkingDir\PowerShell\CountDownTimers\Start-Countdown.ps1
[2025-05-27 08:17:22] [DEBUG] Orchestrator directory: C:\Users\SanyaKhasenye(Sensit\WorkingDir\PowerShell\ActivityGenerator.v3
[2025-05-27 08:17:23] [DEBUG] Orchestrator script: C:\Users\SanyaKhasenye(Sensit\WorkingDir\PowerShell\ActivityGenerator.v3\Start-ActivityOrchestrator_v0.1.ps1
[2025-05-27 08:17:23] [DEBUG] All path validations completed
[2025-05-27 08:17:23] [INFO] Script started with PID 432
[2025-05-27 08:17:23] [DEBUG] Current working directory: C:\Users\SanyaKhasenye(Sensit\WorkingDir\PowerShell\PwshShellWindowManager
[2025-05-27 08:17:23] [DEBUG] PowerShell version: 5.1.19041.5737
[2025-05-27 08:17:23] [INFO] Launching 2 initial windows
[2025-05-27 08:17:23] [DEBUG] Generated 66398 seconds for window 1
[2025-05-27 08:17:23] [DEBUG] Preparing to launch window 1 with 66398 second countdown
[2025-05-27 08:17:23] [DEBUG] Creating temporary script: C:\Users\SANYAK~1\AppData\Local\Temp\OrchestratorWindow_1.ps1
[2025-05-27 08:17:23] [INFO] Launched window 1 with PID 23012 - 66398 second countdown
[2025-05-27 08:17:25] [DEBUG] Generated 32178 seconds for window 2
[2025-05-27 08:17:25] [DEBUG] Preparing to launch window 2 with 32178 second countdown
[2025-05-27 08:17:25] [DEBUG] Creating temporary script: C:\Users\SANYAK~1\AppData\Local\Temp\OrchestratorWindow_2.ps1
[2025-05-27 08:17:25] [INFO] Launched window 2 with PID 17864 - 32178 second countdown
[2025-05-27 08:17:26] [INFO] Starting monitoring process...
[2025-05-27 08:17:26] [DEBUG] Monitor settings - Min: 3, Max: 10, Check interval: 360s
[2025-05-27 08:17:26] [DEBUG] Found 8 running PowerShell windows
[2025-05-27 08:17:26] [DEBUG] Monitor check - Running: 8, Required: 3
[2025-05-27 08:20:51] [DEBUG] Found 8 running PowerShell windows
[2025-05-27 08:20:51] [DEBUG] Monitor check - Running: 8, Required: 3
[2025-05-27 08:23:26] [DEBUG] Found 8 running PowerShell windows
[2025-05-27 08:23:26] [DEBUG] Monitor check - Running: 8, Required: 3
[2025-05-27 08:26:51] [DEBUG] Found 8 running PowerShell windows
[2025-05-27 08:26:51] [DEBUG] Monitor check - Running: 8, Required: 3
[2025-05-27 08:29:26] [DEBUG] Found 8 running PowerShell windows
[2025-05-27 08:29:26] [DEBUG] Monitor check - Running: 8, Required: 3
[2025-05-27 08:32:51] [DEBUG] Found 8 running PowerShell windows
[2025-05-27 08:32:51] [DEBUG] Monitor check - Running: 8, Required: 3
[2025-05-27 08:35:26] [DEBUG] Found 8 running PowerShell windows
[2025-05-27 08:35:26] [DEBUG] Monitor check - Running: 8, Required: 3
[2025-05-27 08:38:51] [DEBUG] Found 8 running PowerShell windows
[2025-05-27 08:38:51] [DEBUG] Monitor check - Running: 8, Required: 3
[2025-05-27 08:41:26] [DEBUG] Found 8 running PowerShell windows
[2025-05-27 08:41:26] [DEBUG] Monitor check - Running: 8, Required: 3
[2025-05-27 08:44:52] [DEBUG] Found 8 running PowerShell windows
[2025-05-27 08:44:52] [DEBUG] Monitor check - Running: 8, Required: 3
[2025-05-27 08:47:26] [DEBUG] Found 8 running PowerShell windows
[2025-05-27 08:47:26] [DEBUG] Monitor check - Running: 8, Required: 3
[2025-05-27 08:50:52] [DEBUG] Found 8 running PowerShell windows
[2025-05-27 08:50:52] [DEBUG] Monitor check - Running: 8, Required: 3
[2025-05-27 08:53:26] [DEBUG] Found 8 running PowerShell windows
[2025-05-27 08:53:26] [DEBUG] Monitor check - Running: 8, Required: 3
[2025-05-27 08:56:52] [DEBUG] Found 8 running PowerShell windows
[2025-05-27 08:56:52] [DEBUG] Monitor check - Running: 8, Required: 3
[2025-05-27 08:59:26] [DEBUG] Found 8 running PowerShell windows
[2025-05-27 08:59:26] [DEBUG] Monitor check - Running: 8, Required: 3
[2025-05-27 09:02:52] [DEBUG] Found 8 running PowerShell windows
[2025-05-27 09:02:52] [DEBUG] Monitor check - Running: 8, Required: 3
[2025-05-27 09:05:26] [DEBUG] Found 8 running PowerShell windows
[2025-05-27 09:05:26] [DEBUG] Monitor check - Running: 8, Required: 3
[2025-05-27 09:08:52] [DEBUG] Found 8 running PowerShell windows
[2025-05-27 09:08:52] [DEBUG] Monitor check - Running: 8, Required: 3
[2025-05-27 09:11:26] [DEBUG] Found 8 running PowerShell windows
[2025-05-27 09:11:26] [DEBUG] Monitor check - Running: 8, Required: 3
[2025-05-27 09:14:52] [DEBUG] Found 8 running PowerShell windows
[2025-05-27 09:14:52] [DEBUG] Monitor check - Running: 8, Required: 3
[2025-05-27 09:17:26] [DEBUG] Found 8 running PowerShell windows
[2025-05-27 09:17:26] [DEBUG] Monitor check - Running: 8, Required: 3
[2025-05-27 09:20:52] [DEBUG] Found 8 running PowerShell windows
[2025-05-27 09:20:52] [DEBUG] Monitor check - Running: 8, Required: 3
[2025-05-27 09:23:26] [DEBUG] Found 8 running PowerShell windows
[2025-05-27 09:23:26] [DEBUG] Monitor check - Running: 8, Required: 3
[2025-05-27 09:26:52] [DEBUG] Found 8 running PowerShell windows
[2025-05-27 09:26:52] [DEBUG] Monitor check - Running: 8, Required: 3
[2025-05-27 09:29:26] [DEBUG] Found 8 running PowerShell windows
[2025-05-27 09:29:26] [DEBUG] Monitor check - Running: 8, Required: 3
[2025-05-27 09:32:52] [DEBUG] Found 8 running PowerShell windows
[2025-05-27 09:32:52] [DEBUG] Monitor check - Running: 8, Required: 3
[2025-05-27 09:35:26] [DEBUG] Found 8 running PowerShell windows
[2025-05-27 09:35:26] [DEBUG] Monitor check - Running: 8, Required: 3
[2025-05-27 09:38:52] [DEBUG] Found 8 running PowerShell windows
[2025-05-27 09:38:52] [DEBUG] Monitor check - Running: 8, Required: 3
[2025-05-27 09:41:26] [DEBUG] Found 8 running PowerShell windows
[2025-05-27 09:41:26] [DEBUG] Monitor check - Running: 8, Required: 3
[2025-05-27 09:44:52] [DEBUG] Found 8 running PowerShell windows
[2025-05-27 09:44:52] [DEBUG] Monitor check - Running: 8, Required: 3
[2025-05-27 09:47:26] [DEBUG] Found 8 running PowerShell windows
[2025-05-27 09:47:26] [DEBUG] Monitor check - Running: 8, Required: 3
[2025-05-27 09:50:52] [DEBUG] Found 8 running PowerShell windows
[2025-05-27 09:50:52] [DEBUG] Monitor check - Running: 8, Required: 3
[2025-05-27 09:53:26] [DEBUG] Found 8 running PowerShell windows
[2025-05-27 09:53:26] [DEBUG] Monitor check - Running: 8, Required: 3
[2025-05-27 09:56:52] [DEBUG] Found 8 running PowerShell windows
[2025-05-27 09:56:52] [DEBUG] Monitor check - Running: 8, Required: 3
[2025-05-27 09:59:26] [DEBUG] Found 8 running PowerShell windows
[2025-05-27 09:59:26] [DEBUG] Monitor check - Running: 8, Required: 3
[2025-05-27 10:02:52] [DEBUG] Found 8 running PowerShell windows
[2025-05-27 10:02:52] [DEBUG] Monitor check - Running: 8, Required: 3
[2025-05-27 10:05:27] [DEBUG] Found 8 running PowerShell windows
[2025-05-27 10:05:27] [DEBUG] Monitor check - Running: 8, Required: 3
[2025-05-27 10:08:52] [DEBUG] Found 8 running PowerShell windows
[2025-05-27 10:08:52] [DEBUG] Monitor check - Running: 8, Required: 3
[2025-05-27 10:11:27] [DEBUG] Found 8 running PowerShell windows
[2025-05-27 10:11:27] [DEBUG] Monitor check - Running: 8, Required: 3
[2025-05-27 10:14:52] [DEBUG] Found 8 running PowerShell windows
[2025-05-27 10:14:52] [DEBUG] Monitor check - Running: 8, Required: 3
[2025-05-27 10:17:27] [DEBUG] Found 8 running PowerShell windows
[2025-05-27 10:17:27] [DEBUG] Monitor check - Running: 8, Required: 3
[2025-05-27 10:20:52] [DEBUG] Found 8 running PowerShell windows
[2025-05-27 10:20:52] [DEBUG] Monitor check - Running: 8, Required: 3
[2025-05-27 10:23:27] [DEBUG] Found 8 running PowerShell windows
[2025-05-27 10:23:27] [DEBUG] Monitor check - Running: 8, Required: 3
[2025-05-27 10:26:52] [DEBUG] Found 8 running PowerShell windows
[2025-05-27 10:26:52] [DEBUG] Monitor check - Running: 8, Required: 3
[2025-05-27 10:29:27] [DEBUG] Found 8 running PowerShell windows
[2025-05-27 10:29:27] [DEBUG] Monitor check - Running: 8, Required: 3
[2025-05-27 10:32:52] [DEBUG] Found 8 running PowerShell windows
[2025-05-27 10:32:52] [DEBUG] Monitor check - Running: 8, Required: 3
[2025-05-27 10:35:27] [DEBUG] Found 8 running PowerShell windows
[2025-05-27 10:35:27] [DEBUG] Monitor check - Running: 8, Required: 3
[2025-05-27 10:38:52] [DEBUG] Found 8 running PowerShell windows
[2025-05-27 10:38:52] [DEBUG] Monitor check - Running: 8, Required: 3
[2025-05-27 10:41:27] [DEBUG] Found 8 running PowerShell windows
[2025-05-27 10:41:27] [DEBUG] Monitor check - Running: 8, Required: 3
[2025-05-27 10:44:52] [DEBUG] Found 8 running PowerShell windows
[2025-05-27 10:44:52] [DEBUG] Monitor check - Running: 8, Required: 3
[2025-05-27 10:47:27] [DEBUG] Found 8 running PowerShell windows
[2025-05-27 10:47:27] [DEBUG] Monitor check - Running: 8, Required: 3
[2025-05-27 10:50:52] [DEBUG] Found 8 running PowerShell windows
[2025-05-27 10:50:52] [DEBUG] Monitor check - Running: 8, Required: 3
[2025-05-27 10:53:27] [DEBUG] Found 8 running PowerShell windows
[2025-05-27 10:53:27] [DEBUG] Monitor check - Running: 8, Required: 3
[2025-05-27 10:56:52] [DEBUG] Found 8 running PowerShell windows
[2025-05-27 10:56:52] [DEBUG] Monitor check - Running: 8, Required: 3
[2025-05-27 10:59:27] [DEBUG] Found 8 running PowerShell windows
[2025-05-27 10:59:27] [DEBUG] Monitor check - Running: 8, Required: 3
[2025-05-27 11:02:53] [DEBUG] Found 8 running PowerShell windows
[2025-05-27 11:02:53] [DEBUG] Monitor check - Running: 8, Required: 3
[2025-05-27 11:05:27] [DEBUG] Found 8 running PowerShell windows
[2025-05-27 11:05:27] [DEBUG] Monitor check - Running: 8, Required: 3
[2025-05-27 11:08:53] [DEBUG] Found 8 running PowerShell windows
[2025-05-27 11:08:53] [DEBUG] Monitor check - Running: 8, Required: 3
[2025-05-27 11:11:27] [DEBUG] Found 8 running PowerShell windows
[2025-05-27 11:11:27] [DEBUG] Monitor check - Running: 8, Required: 3
[2025-05-27 11:14:53] [DEBUG] Found 8 running PowerShell windows
[2025-05-27 11:14:53] [DEBUG] Monitor check - Running: 8, Required: 3
[2025-05-27 11:17:27] [DEBUG] Found 8 running PowerShell windows
[2025-05-27 11:17:27] [DEBUG] Monitor check - Running: 8, Required: 3
[2025-05-27 11:20:53] [DEBUG] Found 8 running PowerShell windows
[2025-05-27 11:20:53] [DEBUG] Monitor check - Running: 8, Required: 3
[2025-05-27 11:23:27] [DEBUG] Found 8 running PowerShell windows
[2025-05-27 11:23:27] [DEBUG] Monitor check - Running: 8, Required: 3
[2025-05-27 11:26:53] [DEBUG] Found 8 running PowerShell windows
[2025-05-27 11:26:53] [DEBUG] Monitor check - Running: 8, Required: 3
[2025-05-27 11:29:27] [DEBUG] Found 8 running PowerShell windows
[2025-05-27 11:29:27] [DEBUG] Monitor check - Running: 8, Required: 3
[2025-05-27 11:32:53] [DEBUG] Found 8 running PowerShell windows
[2025-05-27 11:32:53] [DEBUG] Monitor check - Running: 8, Required: 3
[2025-05-27 11:35:27] [DEBUG] Found 8 running PowerShell windows
[2025-05-27 11:35:27] [DEBUG] Monitor check - Running: 8, Required: 3
[2025-05-27 11:38:53] [DEBUG] Found 8 running PowerShell windows
[2025-05-27 11:38:53] [DEBUG] Monitor check - Running: 8, Required: 3
[2025-05-27 11:41:27] [DEBUG] Found 8 running PowerShell windows
[2025-05-27 11:41:27] [DEBUG] Monitor check - Running: 8, Required: 3
[2025-05-27 11:44:53] [DEBUG] Found 8 running PowerShell windows
[2025-05-27 11:44:53] [DEBUG] Monitor check - Running: 8, Required: 3
[2025-05-27 11:47:27] [DEBUG] Found 8 running PowerShell windows
[2025-05-27 11:47:27] [DEBUG] Monitor check - Running: 8, Required: 3
[2025-05-27 11:50:53] [DEBUG] Found 8 running PowerShell windows
[2025-05-27 11:50:53] [DEBUG] Monitor check - Running: 8, Required: 3
[2025-05-27 11:53:27] [DEBUG] Found 8 running PowerShell windows
[2025-05-27 11:53:27] [DEBUG] Monitor check - Running: 8, Required: 3
[2025-05-27 11:56:53] [DEBUG] Found 8 running PowerShell windows
[2025-05-27 11:56:53] [DEBUG] Monitor check - Running: 8, Required: 3
[2025-05-27 11:59:27] [DEBUG] Found 8 running PowerShell windows
[2025-05-27 11:59:28] [DEBUG] Monitor check - Running: 8, Required: 3
[2025-05-27 12:02:53] [DEBUG] Found 8 running PowerShell windows
[2025-05-27 12:02:53] [DEBUG] Monitor check - Running: 8, Required: 3
[2025-05-27 12:05:28] [DEBUG] Found 8 running PowerShell windows
[2025-05-27 12:05:28] [DEBUG] Monitor check - Running: 8, Required: 3
[2025-05-27 12:08:53] [DEBUG] Found 8 running PowerShell windows
[2025-05-27 12:08:53] [DEBUG] Monitor check - Running: 8, Required: 3
[2025-05-27 12:11:28] [DEBUG] Found 8 running PowerShell windows
[2025-05-27 12:11:28] [DEBUG] Monitor check - Running: 8, Required: 3
[2025-05-27 12:14:53] [DEBUG] Found 8 running PowerShell windows
[2025-05-27 12:14:53] [DEBUG] Monitor check - Running: 8, Required: 3
[2025-05-27 12:17:28] [DEBUG] Found 8 running PowerShell windows
[2025-05-27 12:17:28] [DEBUG] Monitor check - Running: 8, Required: 3
[2025-05-27 12:20:53] [DEBUG] Found 8 running PowerShell windows
[2025-05-27 12:20:53] [DEBUG] Monitor check - Running: 8, Required: 3
[2025-05-27 12:23:28] [DEBUG] Found 8 running PowerShell windows
[2025-05-27 12:23:28] [DEBUG] Monitor check - Running: 8, Required: 3
[2025-05-27 12:26:53] [DEBUG] Found 8 running PowerShell windows
[2025-05-27 12:26:53] [DEBUG] Monitor check - Running: 8, Required: 3
[2025-05-27 12:29:28] [DEBUG] Found 8 running PowerShell windows
[2025-05-27 12:29:28] [DEBUG] Monitor check - Running: 8, Required: 3
[2025-05-27 12:32:53] [DEBUG] Found 8 running PowerShell windows
[2025-05-27 12:32:53] [DEBUG] Monitor check - Running: 8, Required: 3
[2025-05-27 12:35:28] [DEBUG] Found 8 running PowerShell windows
[2025-05-27 12:35:28] [DEBUG] Monitor check - Running: 8, Required: 3
[2025-05-27 12:38:53] [DEBUG] Found 8 running PowerShell windows
[2025-05-27 12:38:53] [DEBUG] Monitor check - Running: 8, Required: 3
[2025-05-27 12:41:28] [DEBUG] Found 8 running PowerShell windows
[2025-05-27 12:41:28] [DEBUG] Monitor check - Running: 8, Required: 3
[2025-05-27 12:44:53] [DEBUG] Found 8 running PowerShell windows
[2025-05-27 12:44:53] [DEBUG] Monitor check - Running: 8, Required: 3
[2025-05-27 12:47:28] [DEBUG] Found 8 running PowerShell windows
[2025-05-27 12:47:28] [DEBUG] Monitor check - Running: 8, Required: 3
[2025-05-27 12:50:53] [DEBUG] Found 8 running PowerShell windows
[2025-05-27 12:50:53] [DEBUG] Monitor check - Running: 8, Required: 3
[2025-05-27 12:53:28] [DEBUG] Found 8 running PowerShell windows
[2025-05-27 12:53:28] [DEBUG] Monitor check - Running: 8, Required: 3
[2025-05-27 12:56:53] [DEBUG] Found 8 running PowerShell windows
[2025-05-27 12:56:54] [DEBUG] Monitor check - Running: 8, Required: 3
[2025-05-27 12:59:28] [DEBUG] Found 8 running PowerShell windows
[2025-05-27 12:59:28] [DEBUG] Monitor check - Running: 8, Required: 3
[2025-05-27 13:02:54] [DEBUG] Found 8 running PowerShell windows
[2025-05-27 13:02:54] [DEBUG] Monitor check - Running: 8, Required: 3
[2025-05-27 13:05:28] [DEBUG] Found 8 running PowerShell windows
[2025-05-27 13:05:28] [DEBUG] Monitor check - Running: 8, Required: 3
[2025-05-27 13:08:54] [DEBUG] Found 8 running PowerShell windows
[2025-05-27 13:08:54] [DEBUG] Monitor check - Running: 8, Required: 3
[2025-05-27 13:11:28] [DEBUG] Found 8 running PowerShell windows
[2025-05-27 13:11:28] [DEBUG] Monitor check - Running: 8, Required: 3
[2025-05-27 13:14:54] [DEBUG] Found 8 running PowerShell windows
[2025-05-27 13:14:54] [DEBUG] Monitor check - Running: 8, Required: 3
[2025-05-27 13:17:28] [DEBUG] Found 8 running PowerShell windows
[2025-05-27 13:17:28] [DEBUG] Monitor check - Running: 8, Required: 3
[2025-05-27 13:20:54] [DEBUG] Found 8 running PowerShell windows
[2025-05-27 13:20:54] [DEBUG] Monitor check - Running: 8, Required: 3
[2025-05-27 13:23:28] [DEBUG] Found 8 running PowerShell windows
[2025-05-27 13:23:28] [DEBUG] Monitor check - Running: 8, Required: 3
[2025-05-27 13:26:54] [DEBUG] Found 8 running PowerShell windows
[2025-05-27 13:26:54] [DEBUG] Monitor check - Running: 8, Required: 3
[2025-05-27 13:29:28] [DEBUG] Found 8 running PowerShell windows
[2025-05-27 13:29:28] [DEBUG] Monitor check - Running: 8, Required: 3
[2025-05-27 13:32:54] [DEBUG] Found 8 running PowerShell windows
[2025-05-27 13:32:54] [DEBUG] Monitor check - Running: 8, Required: 3
[2025-05-27 13:35:28] [DEBUG] Found 8 running PowerShell windows
[2025-05-27 13:35:28] [DEBUG] Monitor check - Running: 8, Required: 3
[2025-05-27 13:38:54] [DEBUG] Found 8 running PowerShell windows
[2025-05-27 13:38:54] [DEBUG] Monitor check - Running: 8, Required: 3
[2025-05-27 13:41:28] [DEBUG] Found 8 running PowerShell windows
[2025-05-27 13:41:28] [DEBUG] Monitor check - Running: 8, Required: 3
[2025-05-27 13:44:54] [DEBUG] Found 8 running PowerShell windows
[2025-05-27 13:44:54] [DEBUG] Monitor check - Running: 8, Required: 3
[2025-05-27 13:47:28] [DEBUG] Found 8 running PowerShell windows
[2025-05-27 13:47:28] [DEBUG] Monitor check - Running: 8, Required: 3
[2025-05-27 13:50:54] [DEBUG] Found 8 running PowerShell windows
[2025-05-27 13:50:54] [DEBUG] Monitor check - Running: 8, Required: 3
[2025-05-27 13:53:28] [DEBUG] Found 8 running PowerShell windows
[2025-05-27 13:53:28] [DEBUG] Monitor check - Running: 8, Required: 3
[2025-05-27 13:56:54] [DEBUG] Found 8 running PowerShell windows
[2025-05-27 13:56:54] [DEBUG] Monitor check - Running: 8, Required: 3
[2025-05-27 13:59:28] [DEBUG] Found 8 running PowerShell windows
[2025-05-27 13:59:28] [DEBUG] Monitor check - Running: 8, Required: 3
[2025-05-27 14:02:54] [DEBUG] Found 8 running PowerShell windows
[2025-05-27 14:02:54] [DEBUG] Monitor check - Running: 8, Required: 3
[2025-05-27 14:05:28] [DEBUG] Found 8 running PowerShell windows
[2025-05-27 14:05:28] [DEBUG] Monitor check - Running: 8, Required: 3
[2025-05-27 14:08:54] [DEBUG] Found 8 running PowerShell windows
[2025-05-27 14:08:54] [DEBUG] Monitor check - Running: 8, Required: 3
[2025-05-27 14:11:28] [DEBUG] Found 8 running PowerShell windows
[2025-05-27 14:11:28] [DEBUG] Monitor check - Running: 8, Required: 3
[2025-05-27 14:14:54] [DEBUG] Found 8 running PowerShell windows
[2025-05-27 14:14:54] [DEBUG] Monitor check - Running: 8, Required: 3
[2025-05-27 14:17:28] [DEBUG] Found 8 running PowerShell windows
[2025-05-27 14:17:28] [DEBUG] Monitor check - Running: 8, Required: 3
[2025-05-27 14:20:54] [DEBUG] Found 8 running PowerShell windows
[2025-05-27 14:20:54] [DEBUG] Monitor check - Running: 8, Required: 3
[2025-05-27 14:23:28] [DEBUG] Found 8 running PowerShell windows
[2025-05-27 14:23:28] [DEBUG] Monitor check - Running: 8, Required: 3
[2025-05-27 14:26:54] [DEBUG] Found 8 running PowerShell windows
[2025-05-27 14:26:54] [DEBUG] Monitor check - Running: 8, Required: 3
[2025-05-27 14:29:29] [DEBUG] Found 8 running PowerShell windows
[2025-05-27 14:29:29] [DEBUG] Monitor check - Running: 8, Required: 3
[2025-05-27 14:32:54] [DEBUG] Found 8 running PowerShell windows
[2025-05-27 14:32:54] [DEBUG] Monitor check - Running: 8, Required: 3
[2025-05-27 14:35:29] [DEBUG] Found 8 running PowerShell windows
[2025-05-27 14:35:29] [DEBUG] Monitor check - Running: 8, Required: 3
[2025-05-27 14:38:54] [DEBUG] Found 8 running PowerShell windows
[2025-05-27 14:38:54] [DEBUG] Monitor check - Running: 8, Required: 3
[2025-05-27 14:41:29] [DEBUG] Found 8 running PowerShell windows
[2025-05-27 14:41:29] [DEBUG] Monitor check - Running: 8, Required: 3
[2025-05-27 14:44:55] [DEBUG] Found 8 running PowerShell windows
[2025-05-27 14:44:55] [DEBUG] Monitor check - Running: 8, Required: 3
[2025-05-27 14:47:29] [DEBUG] Found 8 running PowerShell windows
[2025-05-27 14:47:29] [DEBUG] Monitor check - Running: 8, Required: 3
[2025-05-27 14:50:55] [DEBUG] Found 8 running PowerShell windows
[2025-05-27 14:50:55] [DEBUG] Monitor check - Running: 8, Required: 3
[2025-05-27 14:53:29] [DEBUG] Found 8 running PowerShell windows
[2025-05-27 14:53:29] [DEBUG] Monitor check - Running: 8, Required: 3
[2025-05-27 14:56:55] [DEBUG] Found 8 running PowerShell windows
[2025-05-27 14:56:55] [DEBUG] Monitor check - Running: 8, Required: 3
[2025-05-27 14:59:29] [DEBUG] Found 8 running PowerShell windows
[2025-05-27 14:59:29] [DEBUG] Monitor check - Running: 8, Required: 3
[2025-05-27 15:02:55] [DEBUG] Found 8 running PowerShell windows
[2025-05-27 15:02:55] [DEBUG] Monitor check - Running: 8, Required: 3
[2025-05-27 15:05:29] [DEBUG] Found 8 running PowerShell windows
[2025-05-27 15:05:29] [DEBUG] Monitor check - Running: 8, Required: 3
[2025-05-27 15:08:55] [DEBUG] Found 8 running PowerShell windows
[2025-05-27 15:08:55] [DEBUG] Monitor check - Running: 8, Required: 3
[2025-05-27 15:11:29] [DEBUG] Found 8 running PowerShell windows
[2025-05-27 15:11:29] [DEBUG] Monitor check - Running: 8, Required: 3
[2025-05-27 15:14:55] [DEBUG] Found 8 running PowerShell windows
[2025-05-27 15:14:55] [DEBUG] Monitor check - Running: 8, Required: 3
[2025-05-27 15:17:29] [DEBUG] Found 8 running PowerShell windows
[2025-05-27 15:17:29] [DEBUG] Monitor check - Running: 8, Required: 3
[2025-05-27 15:20:55] [DEBUG] Found 8 running PowerShell windows
[2025-05-27 15:20:55] [DEBUG] Monitor check - Running: 8, Required: 3
[2025-05-27 15:23:29] [DEBUG] Found 8 running PowerShell windows
[2025-05-27 15:23:29] [DEBUG] Monitor check - Running: 8, Required: 3
[2025-05-27 15:26:55] [DEBUG] Found 8 running PowerShell windows
[2025-05-27 15:26:55] [DEBUG] Monitor check - Running: 8, Required: 3
[2025-05-27 15:29:29] [DEBUG] Found 8 running PowerShell windows
[2025-05-27 15:29:29] [DEBUG] Monitor check - Running: 8, Required: 3
[2025-05-27 15:32:55] [DEBUG] Found 8 running PowerShell windows
[2025-05-27 15:32:55] [DEBUG] Monitor check - Running: 8, Required: 3
[2025-05-27 15:35:29] [DEBUG] Found 8 running PowerShell windows
[2025-05-27 15:35:29] [DEBUG] Monitor check - Running: 8, Required: 3
[2025-05-27 15:38:55] [DEBUG] Found 8 running PowerShell windows
[2025-05-27 15:38:55] [DEBUG] Monitor check - Running: 8, Required: 3
[2025-05-27 15:41:29] [DEBUG] Found 8 running PowerShell windows
[2025-05-27 15:41:29] [DEBUG] Monitor check - Running: 8, Required: 3
[2025-05-27 15:44:55] [DEBUG] Found 8 running PowerShell windows
[2025-05-27 15:44:55] [DEBUG] Monitor check - Running: 8, Required: 3
[2025-05-27 15:47:29] [DEBUG] Found 8 running PowerShell windows
[2025-05-27 15:47:29] [DEBUG] Monitor check - Running: 8, Required: 3
[2025-05-27 15:50:55] [DEBUG] Found 8 running PowerShell windows
[2025-05-27 15:50:55] [DEBUG] Monitor check - Running: 8, Required: 3
[2025-05-27 15:53:29] [DEBUG] Found 8 running PowerShell windows
[2025-05-27 15:53:29] [DEBUG] Monitor check - Running: 8, Required: 3
[2025-05-27 15:56:55] [DEBUG] Found 8 running PowerShell windows
[2025-05-27 15:56:55] [DEBUG] Monitor check - Running: 8, Required: 3
[2025-05-27 15:59:29] [DEBUG] Found 8 running PowerShell windows
[2025-05-27 15:59:29] [DEBUG] Monitor check - Running: 8, Required: 3
[2025-05-27 16:02:55] [DEBUG] Found 8 running PowerShell windows
[2025-05-27 16:02:55] [DEBUG] Monitor check - Running: 8, Required: 3
[2025-05-27 16:05:29] [DEBUG] Found 8 running PowerShell windows
[2025-05-27 16:05:29] [DEBUG] Monitor check - Running: 8, Required: 3
[2025-05-27 16:08:55] [DEBUG] Found 8 running PowerShell windows
[2025-05-27 16:08:55] [DEBUG] Monitor check - Running: 8, Required: 3
[2025-05-27 16:11:29] [DEBUG] Found 8 running PowerShell windows
[2025-05-27 16:11:29] [DEBUG] Monitor check - Running: 8, Required: 3
[2025-05-27 16:14:55] [DEBUG] Found 8 running PowerShell windows
[2025-05-27 16:14:55] [DEBUG] Monitor check - Running: 8, Required: 3
[2025-05-27 16:17:29] [DEBUG] Found 8 running PowerShell windows
[2025-05-27 16:17:29] [DEBUG] Monitor check - Running: 8, Required: 3
[2025-05-27 16:20:55] [DEBUG] Found 8 running PowerShell windows
[2025-05-27 16:20:56] [DEBUG] Monitor check - Running: 8, Required: 3
[2025-05-27 16:23:29] [DEBUG] Found 8 running PowerShell windows
[2025-05-27 16:23:29] [DEBUG] Monitor check - Running: 8, Required: 3
[2025-05-27 16:26:56] [DEBUG] Found 8 running PowerShell windows
[2025-05-27 16:26:56] [DEBUG] Monitor check - Running: 8, Required: 3
[2025-05-27 16:29:29] [DEBUG] Found 8 running PowerShell windows
[2025-05-27 16:29:29] [DEBUG] Monitor check - Running: 8, Required: 3
[2025-05-27 16:32:56] [DEBUG] Found 8 running PowerShell windows
[2025-05-27 16:32:56] [DEBUG] Monitor check - Running: 8, Required: 3
[2025-05-27 16:35:30] [DEBUG] Found 8 running PowerShell windows
[2025-05-27 16:35:30] [DEBUG] Monitor check - Running: 8, Required: 3
[2025-05-27 16:38:56] [DEBUG] Found 8 running PowerShell windows
[2025-05-27 16:38:56] [DEBUG] Monitor check - Running: 8, Required: 3
[2025-05-27 16:41:30] [DEBUG] Found 8 running PowerShell windows
[2025-05-27 16:41:30] [DEBUG] Monitor check - Running: 8, Required: 3
[2025-05-27 16:44:56] [DEBUG] Found 8 running PowerShell windows
[2025-05-27 16:44:56] [DEBUG] Monitor check - Running: 8, Required: 3
[2025-05-27 16:47:30] [DEBUG] Found 8 running PowerShell windows
[2025-05-27 16:47:30] [DEBUG] Monitor check - Running: 8, Required: 3
[2025-05-27 16:50:56] [DEBUG] Found 8 running PowerShell windows
[2025-05-27 16:50:56] [DEBUG] Monitor check - Running: 8, Required: 3
[2025-05-27 16:53:30] [DEBUG] Found 8 running PowerShell windows
[2025-05-27 16:53:30] [DEBUG] Monitor check - Running: 8, Required: 3
[2025-05-27 16:56:56] [DEBUG] Found 8 running PowerShell windows
[2025-05-27 16:56:56] [DEBUG] Monitor check - Running: 8, Required: 3
[2025-05-27 16:59:30] [DEBUG] Found 8 running PowerShell windows
[2025-05-27 16:59:30] [DEBUG] Monitor check - Running: 8, Required: 3
[2025-05-27 17:02:56] [DEBUG] Found 8 running PowerShell windows
[2025-05-27 17:02:56] [DEBUG] Monitor check - Running: 8, Required: 3
[2025-05-27 17:05:30] [DEBUG] Found 8 running PowerShell windows
[2025-05-27 17:05:30] [DEBUG] Monitor check - Running: 8, Required: 3
[2025-05-27 17:08:56] [DEBUG] Found 8 running PowerShell windows
[2025-05-27 17:08:56] [DEBUG] Monitor check - Running: 8, Required: 3
[2025-05-27 17:11:30] [DEBUG] Found 8 running PowerShell windows
[2025-05-27 17:11:30] [DEBUG] Monitor check - Running: 8, Required: 3
[2025-05-27 17:14:56] [DEBUG] Found 8 running PowerShell windows
[2025-05-27 17:14:56] [DEBUG] Monitor check - Running: 8, Required: 3
[2025-05-27 17:17:30] [DEBUG] Found 8 running PowerShell windows
[2025-05-27 17:17:30] [DEBUG] Monitor check - Running: 8, Required: 3
[2025-05-27 17:20:56] [DEBUG] Found 8 running PowerShell windows
[2025-05-27 17:20:56] [DEBUG] Monitor check - Running: 8, Required: 3
[2025-05-27 17:23:30] [DEBUG] Found 8 running PowerShell windows
[2025-05-27 17:23:30] [DEBUG] Monitor check - Running: 8, Required: 3
[2025-05-27 17:26:56] [DEBUG] Found 8 running PowerShell windows
[2025-05-27 17:26:56] [DEBUG] Monitor check - Running: 8, Required: 3
[2025-05-27 17:29:30] [DEBUG] Found 8 running PowerShell windows
[2025-05-27 17:29:30] [DEBUG] Monitor check - Running: 8, Required: 3
[2025-05-27 17:32:56] [DEBUG] Found 8 running PowerShell windows
[2025-05-27 17:32:56] [DEBUG] Monitor check - Running: 8, Required: 3
[2025-05-27 17:35:30] [DEBUG] Found 8 running PowerShell windows
[2025-05-27 17:35:30] [DEBUG] Monitor check - Running: 8, Required: 3
[2025-05-27 17:38:56] [DEBUG] Found 8 running PowerShell windows
[2025-05-27 17:38:56] [DEBUG] Monitor check - Running: 8, Required: 3
[2025-05-27 17:41:30] [DEBUG] Found 8 running PowerShell windows
[2025-05-27 17:41:30] [DEBUG] Monitor check - Running: 8, Required: 3
[2025-05-27 17:44:56] [DEBUG] Found 8 running PowerShell windows
[2025-05-27 17:44:56] [DEBUG] Monitor check - Running: 8, Required: 3
[2025-05-27 17:47:30] [DEBUG] Found 8 running PowerShell windows
[2025-05-27 17:47:30] [DEBUG] Monitor check - Running: 8, Required: 3
[2025-05-27 17:50:56] [DEBUG] Found 8 running PowerShell windows
[2025-05-27 17:50:56] [DEBUG] Monitor check - Running: 8, Required: 3
[2025-05-27 17:53:30] [DEBUG] Found 8 running PowerShell windows
[2025-05-27 17:53:30] [DEBUG] Monitor check - Running: 8, Required: 3
[2025-05-27 17:56:56] [DEBUG] Found 8 running PowerShell windows
[2025-05-27 17:56:56] [DEBUG] Monitor check - Running: 8, Required: 3
[2025-05-27 17:59:30] [DEBUG] Found 8 running PowerShell windows
[2025-05-27 17:59:30] [DEBUG] Monitor check - Running: 8, Required: 3
[2025-05-27 18:02:56] [DEBUG] Found 8 running PowerShell windows
[2025-05-27 18:02:56] [DEBUG] Monitor check - Running: 8, Required: 3
[2025-05-27 18:05:30] [DEBUG] Found 8 running PowerShell windows
[2025-05-27 18:05:30] [DEBUG] Monitor check - Running: 8, Required: 3
[2025-05-27 18:08:56] [DEBUG] Found 8 running PowerShell windows
[2025-05-27 18:08:56] [DEBUG] Monitor check - Running: 8, Required: 3
[2025-05-27 18:11:30] [DEBUG] Found 8 running PowerShell windows
[2025-05-27 18:11:30] [DEBUG] Monitor check - Running: 8, Required: 3
[2025-05-27 18:14:56] [DEBUG] Found 8 running PowerShell windows
[2025-05-27 18:14:56] [DEBUG] Monitor check - Running: 8, Required: 3
[2025-05-27 18:17:30] [DEBUG] Found 8 running PowerShell windows
[2025-05-27 18:17:30] [DEBUG] Monitor check - Running: 8, Required: 3
[2025-05-27 18:20:56] [DEBUG] Found 8 running PowerShell windows
[2025-05-27 18:20:56] [DEBUG] Monitor check - Running: 8, Required: 3
[2025-05-27 18:23:30] [DEBUG] Found 8 running PowerShell windows
[2025-05-27 18:23:30] [DEBUG] Monitor check - Running: 8, Required: 3
[2025-05-27 18:26:56] [DEBUG] Found 8 running PowerShell windows
[2025-05-27 18:26:56] [DEBUG] Monitor check - Running: 8, Required: 3
[2025-05-27 18:29:30] [DEBUG] Found 8 running PowerShell windows
[2025-05-27 18:29:30] [DEBUG] Monitor check - Running: 8, Required: 3
[2025-05-27 18:32:56] [DEBUG] Found 8 running PowerShell windows
[2025-05-27 18:32:56] [DEBUG] Monitor check - Running: 8, Required: 3
[2025-05-27 18:35:30] [DEBUG] Found 8 running PowerShell windows
[2025-05-27 18:35:30] [DEBUG] Monitor check - Running: 8, Required: 3
[2025-05-27 18:38:56] [DEBUG] Found 8 running PowerShell windows
[2025-05-27 18:38:56] [DEBUG] Monitor check - Running: 8, Required: 3
[2025-05-27 18:41:30] [DEBUG] Found 8 running PowerShell windows
[2025-05-27 18:41:30] [DEBUG] Monitor check - Running: 8, Required: 3
[2025-05-27 18:44:56] [DEBUG] Found 8 running PowerShell windows
[2025-05-27 18:44:56] [DEBUG] Monitor check - Running: 8, Required: 3
[2025-05-27 18:47:30] [DEBUG] Found 8 running PowerShell windows
[2025-05-27 18:47:30] [DEBUG] Monitor check - Running: 8, Required: 3
[2025-05-27 18:50:56] [DEBUG] Found 8 running PowerShell windows
[2025-05-27 18:50:56] [DEBUG] Monitor check - Running: 8, Required: 3
[2025-05-27 18:53:30] [DEBUG] Found 8 running PowerShell windows
[2025-05-27 18:53:30] [DEBUG] Monitor check - Running: 8, Required: 3
[2025-05-27 18:56:56] [DEBUG] Found 8 running PowerShell windows
[2025-05-27 18:56:56] [DEBUG] Monitor check - Running: 8, Required: 3
[2025-05-27 18:59:30] [DEBUG] Found 8 running PowerShell windows
[2025-05-27 18:59:30] [DEBUG] Monitor check - Running: 8, Required: 3
[2025-05-27 19:02:56] [DEBUG] Found 8 running PowerShell windows
[2025-05-27 19:02:56] [DEBUG] Monitor check - Running: 8, Required: 3
[2025-05-27 19:05:30] [DEBUG] Found 8 running PowerShell windows
[2025-05-27 19:05:30] [DEBUG] Monitor check - Running: 8, Required: 3
[2025-05-27 19:08:56] [DEBUG] Found 8 running PowerShell windows
[2025-05-27 19:08:56] [DEBUG] Monitor check - Running: 8, Required: 3
[2025-05-27 19:11:30] [DEBUG] Found 8 running PowerShell windows
[2025-05-27 19:11:30] [DEBUG] Monitor check - Running: 8, Required: 3
[2025-05-27 19:14:56] [DEBUG] Found 8 running PowerShell windows
[2025-05-27 19:14:56] [DEBUG] Monitor check - Running: 8, Required: 3
[2025-05-27 19:17:30] [DEBUG] Found 8 running PowerShell windows
[2025-05-27 19:17:30] [DEBUG] Monitor check - Running: 8, Required: 3
[2025-05-27 19:20:56] [DEBUG] Found 8 running PowerShell windows
[2025-05-27 19:20:56] [DEBUG] Monitor check - Running: 8, Required: 3
[2025-05-27 19:23:30] [DEBUG] Found 8 running PowerShell windows
[2025-05-27 19:23:30] [DEBUG] Monitor check - Running: 8, Required: 3
[2025-05-27 19:26:56] [DEBUG] Found 8 running PowerShell windows
[2025-05-27 19:26:56] [DEBUG] Monitor check - Running: 8, Required: 3
[2025-05-27 19:29:30] [DEBUG] Found 8 running PowerShell windows
[2025-05-27 19:29:30] [DEBUG] Monitor check - Running: 8, Required: 3
[2025-05-27 19:32:57] [DEBUG] Found 8 running PowerShell windows
[2025-05-27 19:32:57] [DEBUG] Monitor check - Running: 8, Required: 3
[2025-05-27 19:35:30] [DEBUG] Found 7 running PowerShell windows
[2025-05-27 19:35:30] [DEBUG] Monitor check - Running: 7, Required: 3
[2025-05-27 19:38:57] [DEBUG] Found 7 running PowerShell windows
[2025-05-27 19:38:57] [DEBUG] Monitor check - Running: 7, Required: 3
[2025-05-27 19:41:30] [DEBUG] Found 7 running PowerShell windows
[2025-05-27 19:41:30] [DEBUG] Monitor check - Running: 7, Required: 3
[2025-05-27 19:44:57] [DEBUG] Found 7 running PowerShell windows
[2025-05-27 19:44:57] [DEBUG] Monitor check - Running: 7, Required: 3
[2025-05-27 19:47:30] [DEBUG] Found 7 running PowerShell windows
[2025-05-27 19:47:30] [DEBUG] Monitor check - Running: 7, Required: 3
[2025-05-27 19:50:57] [DEBUG] Found 7 running PowerShell windows
[2025-05-27 19:50:57] [DEBUG] Monitor check - Running: 7, Required: 3
[2025-05-27 19:53:31] [DEBUG] Found 7 running PowerShell windows
[2025-05-27 19:53:31] [DEBUG] Monitor check - Running: 7, Required: 3
[2025-05-27 19:56:57] [DEBUG] Found 7 running PowerShell windows
[2025-05-27 19:56:57] [DEBUG] Monitor check - Running: 7, Required: 3
[2025-05-27 19:59:31] [DEBUG] Found 7 running PowerShell windows
[2025-05-27 19:59:31] [DEBUG] Monitor check - Running: 7, Required: 3
[2025-05-27 20:02:57] [DEBUG] Found 7 running PowerShell windows
[2025-05-27 20:02:57] [DEBUG] Monitor check - Running: 7, Required: 3
[2025-05-27 20:05:31] [DEBUG] Found 7 running PowerShell windows
[2025-05-27 20:05:31] [DEBUG] Monitor check - Running: 7, Required: 3
[2025-05-27 20:08:57] [DEBUG] Found 7 running PowerShell windows
[2025-05-27 20:08:57] [DEBUG] Monitor check - Running: 7, Required: 3
[2025-05-27 20:11:31] [DEBUG] Found 7 running PowerShell windows
[2025-05-27 20:11:31] [DEBUG] Monitor check - Running: 7, Required: 3
[2025-05-27 20:14:57] [DEBUG] Found 7 running PowerShell windows
[2025-05-27 20:14:57] [DEBUG] Monitor check - Running: 7, Required: 3
[2025-05-27 20:17:31] [DEBUG] Found 7 running PowerShell windows
[2025-05-27 20:17:31] [DEBUG] Monitor check - Running: 7, Required: 3
[2025-05-27 20:20:57] [DEBUG] Found 7 running PowerShell windows
[2025-05-27 20:20:57] [DEBUG] Monitor check - Running: 7, Required: 3
[2025-05-27 20:23:31] [DEBUG] Found 7 running PowerShell windows
[2025-05-27 20:23:31] [DEBUG] Monitor check - Running: 7, Required: 3
[2025-05-27 20:26:57] [DEBUG] Found 7 running PowerShell windows
[2025-05-27 20:26:57] [DEBUG] Monitor check - Running: 7, Required: 3
[2025-05-27 20:29:31] [DEBUG] Found 7 running PowerShell windows
[2025-05-27 20:29:31] [DEBUG] Monitor check - Running: 7, Required: 3
[2025-05-27 20:32:57] [DEBUG] Found 7 running PowerShell windows
[2025-05-27 20:32:57] [DEBUG] Monitor check - Running: 7, Required: 3
[2025-05-27 20:35:31] [DEBUG] Found 7 running PowerShell windows
[2025-05-27 20:35:31] [DEBUG] Monitor check - Running: 7, Required: 3
[2025-05-27 20:38:57] [DEBUG] Found 7 running PowerShell windows
[2025-05-27 20:38:57] [DEBUG] Monitor check - Running: 7, Required: 3
[2025-05-27 20:41:31] [DEBUG] Found 7 running PowerShell windows
[2025-05-27 20:41:31] [DEBUG] Monitor check - Running: 7, Required: 3
[2025-05-27 20:44:57] [DEBUG] Found 7 running PowerShell windows
[2025-05-27 20:44:57] [DEBUG] Monitor check - Running: 7, Required: 3
[2025-05-27 20:47:31] [DEBUG] Found 7 running PowerShell windows
[2025-05-27 20:47:31] [DEBUG] Monitor check - Running: 7, Required: 3
[2025-05-27 20:50:57] [DEBUG] Found 7 running PowerShell windows
[2025-05-27 20:50:57] [DEBUG] Monitor check - Running: 7, Required: 3
[2025-05-27 20:53:31] [DEBUG] Found 7 running PowerShell windows
[2025-05-27 20:53:31] [DEBUG] Monitor check - Running: 7, Required: 3
[2025-05-27 20:56:57] [DEBUG] Found 7 running PowerShell windows
[2025-05-27 20:56:57] [DEBUG] Monitor check - Running: 7, Required: 3
[2025-05-27 20:59:31] [DEBUG] Found 7 running PowerShell windows
[2025-05-27 20:59:31] [DEBUG] Monitor check - Running: 7, Required: 3
[2025-05-27 21:02:57] [DEBUG] Found 7 running PowerShell windows
[2025-05-27 21:02:57] [DEBUG] Monitor check - Running: 7, Required: 3
[2025-05-27 21:05:31] [DEBUG] Found 7 running PowerShell windows
[2025-05-27 21:05:31] [DEBUG] Monitor check - Running: 7, Required: 3
[2025-05-27 21:08:57] [DEBUG] Found 7 running PowerShell windows
[2025-05-27 21:08:57] [DEBUG] Monitor check - Running: 7, Required: 3
[2025-05-27 21:11:31] [DEBUG] Found 7 running PowerShell windows
[2025-05-27 21:11:31] [DEBUG] Monitor check - Running: 7, Required: 3
[2025-05-27 21:14:57] [DEBUG] Found 7 running PowerShell windows
[2025-05-27 21:14:57] [DEBUG] Monitor check - Running: 7, Required: 3
[2025-05-27 21:17:31] [DEBUG] Found 7 running PowerShell windows
[2025-05-27 21:17:31] [DEBUG] Monitor check - Running: 7, Required: 3
[2025-05-27 21:20:57] [DEBUG] Found 7 running PowerShell windows
[2025-05-27 21:20:57] [DEBUG] Monitor check - Running: 7, Required: 3
[2025-05-27 21:23:31] [DEBUG] Found 7 running PowerShell windows
[2025-05-27 21:23:31] [DEBUG] Monitor check - Running: 7, Required: 3
[2025-05-27 21:26:57] [DEBUG] Found 7 running PowerShell windows
[2025-05-27 21:26:57] [DEBUG] Monitor check - Running: 7, Required: 3
[2025-05-27 21:29:31] [DEBUG] Found 7 running PowerShell windows
[2025-05-27 21:29:31] [DEBUG] Monitor check - Running: 7, Required: 3
[2025-05-27 21:32:57] [DEBUG] Found 7 running PowerShell windows
[2025-05-27 21:32:57] [DEBUG] Monitor check - Running: 7, Required: 3
[2025-05-27 21:35:31] [DEBUG] Found 7 running PowerShell windows
[2025-05-27 21:35:31] [DEBUG] Monitor check - Running: 7, Required: 3
[2025-05-27 21:38:57] [DEBUG] Found 7 running PowerShell windows
[2025-05-27 21:38:57] [DEBUG] Monitor check - Running: 7, Required: 3
[2025-05-27 21:41:31] [DEBUG] Found 7 running PowerShell windows
[2025-05-27 21:41:31] [DEBUG] Monitor check - Running: 7, Required: 3
[2025-05-27 21:44:57] [DEBUG] Found 7 running PowerShell windows
[2025-05-27 21:44:57] [DEBUG] Monitor check - Running: 7, Required: 3
[2025-05-27 21:47:31] [DEBUG] Found 7 running PowerShell windows
[2025-05-27 21:47:31] [DEBUG] Monitor check - Running: 7, Required: 3
[2025-05-27 21:50:57] [DEBUG] Found 7 running PowerShell windows
[2025-05-27 21:50:57] [DEBUG] Monitor check - Running: 7, Required: 3
[2025-05-27 21:53:31] [DEBUG] Found 7 running PowerShell windows
[2025-05-27 21:53:31] [DEBUG] Monitor check - Running: 7, Required: 3
[2025-05-27 21:56:58] [DEBUG] Found 7 running PowerShell windows
[2025-05-27 21:56:58] [DEBUG] Monitor check - Running: 7, Required: 3
[2025-05-27 21:59:31] [DEBUG] Found 7 running PowerShell windows
[2025-05-27 21:59:31] [DEBUG] Monitor check - Running: 7, Required: 3
[2025-05-27 22:02:58] [DEBUG] Found 7 running PowerShell windows
[2025-05-27 22:02:58] [DEBUG] Monitor check - Running: 7, Required: 3
[2025-05-27 22:05:32] [DEBUG] Found 7 running PowerShell windows
[2025-05-27 22:05:32] [DEBUG] Monitor check - Running: 7, Required: 3
[2025-05-27 22:08:58] [DEBUG] Found 7 running PowerShell windows
[2025-05-27 22:08:58] [DEBUG] Monitor check - Running: 7, Required: 3
[2025-05-27 22:11:32] [DEBUG] Found 7 running PowerShell windows
[2025-05-27 22:11:32] [DEBUG] Monitor check - Running: 7, Required: 3
[2025-05-27 22:14:58] [DEBUG] Found 7 running PowerShell windows
[2025-05-27 22:14:58] [DEBUG] Monitor check - Running: 7, Required: 3
[2025-05-27 22:17:32] [DEBUG] Found 7 running PowerShell windows
[2025-05-27 22:17:32] [DEBUG] Monitor check - Running: 7, Required: 3
[2025-05-27 22:20:58] [DEBUG] Found 7 running PowerShell windows
[2025-05-27 22:20:58] [DEBUG] Monitor check - Running: 7, Required: 3
[2025-05-27 22:23:32] [DEBUG] Found 7 running PowerShell windows
[2025-05-27 22:23:32] [DEBUG] Monitor check - Running: 7, Required: 3
[2025-05-27 22:26:58] [DEBUG] Found 7 running PowerShell windows
[2025-05-27 22:26:58] [DEBUG] Monitor check - Running: 7, Required: 3
[2025-05-27 22:29:32] [DEBUG] Found 7 running PowerShell windows
[2025-05-27 22:29:32] [DEBUG] Monitor check - Running: 7, Required: 3
[2025-05-27 22:32:58] [DEBUG] Found 7 running PowerShell windows
[2025-05-27 22:32:58] [DEBUG] Monitor check - Running: 7, Required: 3
[2025-05-27 22:35:32] [DEBUG] Found 7 running PowerShell windows
[2025-05-27 22:35:32] [DEBUG] Monitor check - Running: 7, Required: 3
[2025-05-27 22:38:58] [DEBUG] Found 7 running PowerShell windows
[2025-05-27 22:38:58] [DEBUG] Monitor check - Running: 7, Required: 3
[2025-05-27 22:41:32] [DEBUG] Found 7 running PowerShell windows
[2025-05-27 22:41:32] [DEBUG] Monitor check - Running: 7, Required: 3
[2025-05-27 22:44:58] [DEBUG] Found 7 running PowerShell windows
[2025-05-27 22:44:58] [DEBUG] Monitor check - Running: 7, Required: 3
[2025-05-27 22:47:32] [DEBUG] Found 7 running PowerShell windows
[2025-05-27 22:47:32] [DEBUG] Monitor check - Running: 7, Required: 3
[2025-05-27 22:50:58] [DEBUG] Found 7 running PowerShell windows
[2025-05-27 22:50:58] [DEBUG] Monitor check - Running: 7, Required: 3
[2025-05-27 22:53:32] [DEBUG] Found 7 running PowerShell windows
[2025-05-27 22:53:32] [DEBUG] Monitor check - Running: 7, Required: 3
[2025-05-27 22:56:58] [DEBUG] Found 7 running PowerShell windows
[2025-05-27 22:56:58] [DEBUG] Monitor check - Running: 7, Required: 3
[2025-05-27 22:59:32] [DEBUG] Found 7 running PowerShell windows
[2025-05-27 22:59:32] [DEBUG] Monitor check - Running: 7, Required: 3
[2025-05-27 23:02:58] [DEBUG] Found 7 running PowerShell windows
[2025-05-27 23:02:58] [DEBUG] Monitor check - Running: 7, Required: 3
[2025-05-27 23:05:32] [DEBUG] Found 7 running PowerShell windows
[2025-05-27 23:05:32] [DEBUG] Monitor check - Running: 7, Required: 3
[2025-05-27 23:08:58] [DEBUG] Found 7 running PowerShell windows
[2025-05-27 23:08:58] [DEBUG] Monitor check - Running: 7, Required: 3
[2025-05-27 23:11:32] [DEBUG] Found 7 running PowerShell windows
[2025-05-27 23:11:32] [DEBUG] Monitor check - Running: 7, Required: 3
[2025-05-27 23:14:58] [DEBUG] Found 7 running PowerShell windows
[2025-05-27 23:14:58] [DEBUG] Monitor check - Running: 7, Required: 3
[2025-05-27 23:17:32] [DEBUG] Found 7 running PowerShell windows
[2025-05-27 23:17:32] [DEBUG] Monitor check - Running: 7, Required: 3
[2025-05-27 23:20:58] [DEBUG] Found 7 running PowerShell windows
[2025-05-27 23:20:58] [DEBUG] Monitor check - Running: 7, Required: 3
[2025-05-27 23:23:32] [DEBUG] Found 7 running PowerShell windows
[2025-05-27 23:23:32] [DEBUG] Monitor check - Running: 7, Required: 3
[2025-05-27 23:26:58] [DEBUG] Found 7 running PowerShell windows
[2025-05-27 23:26:58] [DEBUG] Monitor check - Running: 7, Required: 3
[2025-05-27 23:29:32] [DEBUG] Found 7 running PowerShell windows
[2025-05-27 23:29:32] [DEBUG] Monitor check - Running: 7, Required: 3
[2025-05-27 23:32:58] [DEBUG] Found 7 running PowerShell windows
[2025-05-27 23:32:58] [DEBUG] Monitor check - Running: 7, Required: 3
[2025-05-27 23:35:32] [DEBUG] Found 7 running PowerShell windows
[2025-05-27 23:35:32] [DEBUG] Monitor check - Running: 7, Required: 3
[2025-05-27 23:38:58] [DEBUG] Found 7 running PowerShell windows
[2025-05-27 23:38:58] [DEBUG] Monitor check - Running: 7, Required: 3
[2025-05-27 23:41:32] [DEBUG] Found 7 running PowerShell windows
[2025-05-27 23:41:32] [DEBUG] Monitor check - Running: 7, Required: 3
[2025-05-27 23:44:58] [DEBUG] Found 7 running PowerShell windows
[2025-05-27 23:44:58] [DEBUG] Monitor check - Running: 7, Required: 3
[2025-05-27 23:47:32] [DEBUG] Found 7 running PowerShell windows
[2025-05-27 23:47:32] [DEBUG] Monitor check - Running: 7, Required: 3
[2025-05-27 23:50:58] [DEBUG] Found 7 running PowerShell windows
[2025-05-27 23:50:58] [DEBUG] Monitor check - Running: 7, Required: 3
[2025-05-27 23:53:33] [DEBUG] Found 7 running PowerShell windows
[2025-05-27 23:53:33] [DEBUG] Monitor check - Running: 7, Required: 3
[2025-05-27 23:56:58] [DEBUG] Found 7 running PowerShell windows
[2025-05-27 23:56:58] [DEBUG] Monitor check - Running: 7, Required: 3
[2025-05-27 23:59:33] [DEBUG] Found 7 running PowerShell windows
[2025-05-27 23:59:33] [DEBUG] Monitor check - Running: 7, Required: 3
[2025-05-28 00:02:58] [DEBUG] Found 7 running PowerShell windows
[2025-05-28 00:02:58] [DEBUG] Monitor check - Running: 7, Required: 3
[2025-05-28 00:05:33] [DEBUG] Found 7 running PowerShell windows
[2025-05-28 00:05:33] [DEBUG] Monitor check - Running: 7, Required: 3
[2025-05-28 00:08:58] [DEBUG] Found 7 running PowerShell windows
[2025-05-28 00:08:58] [DEBUG] Monitor check - Running: 7, Required: 3
[2025-05-28 00:11:33] [DEBUG] Found 7 running PowerShell windows
[2025-05-28 00:11:33] [DEBUG] Monitor check - Running: 7, Required: 3
[2025-05-28 00:14:58] [DEBUG] Found 7 running PowerShell windows
[2025-05-28 00:14:58] [DEBUG] Monitor check - Running: 7, Required: 3
[2025-05-28 00:17:33] [DEBUG] Found 7 running PowerShell windows
[2025-05-28 00:17:33] [DEBUG] Monitor check - Running: 7, Required: 3
[2025-05-28 00:20:58] [DEBUG] Found 7 running PowerShell windows
[2025-05-28 00:20:58] [DEBUG] Monitor check - Running: 7, Required: 3
[2025-05-28 00:23:33] [DEBUG] Found 7 running PowerShell windows
[2025-05-28 00:23:33] [DEBUG] Monitor check - Running: 7, Required: 3
[2025-05-28 00:26:58] [DEBUG] Found 7 running PowerShell windows
[2025-05-28 00:26:58] [DEBUG] Monitor check - Running: 7, Required: 3
[2025-05-28 00:29:33] [DEBUG] Found 7 running PowerShell windows
[2025-05-28 00:29:33] [DEBUG] Monitor check - Running: 7, Required: 3
[2025-05-28 00:32:58] [DEBUG] Found 7 running PowerShell windows
[2025-05-28 00:32:58] [DEBUG] Monitor check - Running: 7, Required: 3
[2025-05-28 00:35:33] [DEBUG] Found 7 running PowerShell windows
[2025-05-28 00:35:33] [DEBUG] Monitor check - Running: 7, Required: 3
[2025-05-28 00:38:59] [DEBUG] Found 7 running PowerShell windows
[2025-05-28 00:38:59] [DEBUG] Monitor check - Running: 7, Required: 3
[2025-05-28 00:41:33] [DEBUG] Found 7 running PowerShell windows
[2025-05-28 00:41:33] [DEBUG] Monitor check - Running: 7, Required: 3
[2025-05-28 00:44:59] [DEBUG] Found 7 running PowerShell windows
[2025-05-28 00:44:59] [DEBUG] Monitor check - Running: 7, Required: 3
[2025-05-28 00:47:33] [DEBUG] Found 7 running PowerShell windows
[2025-05-28 00:47:33] [DEBUG] Monitor check - Running: 7, Required: 3
[2025-05-28 00:50:59] [DEBUG] Found 7 running PowerShell windows
[2025-05-28 00:50:59] [DEBUG] Monitor check - Running: 7, Required: 3
[2025-05-28 00:53:33] [DEBUG] Found 7 running PowerShell windows
[2025-05-28 00:53:33] [DEBUG] Monitor check - Running: 7, Required: 3
[2025-05-28 00:56:59] [DEBUG] Found 7 running PowerShell windows
[2025-05-28 00:56:59] [DEBUG] Monitor check - Running: 7, Required: 3
[2025-05-28 00:59:33] [DEBUG] Found 7 running PowerShell windows
[2025-05-28 00:59:33] [DEBUG] Monitor check - Running: 7, Required: 3
[2025-05-28 01:02:59] [DEBUG] Found 7 running PowerShell windows
[2025-05-28 01:02:59] [DEBUG] Monitor check - Running: 7, Required: 3
[2025-05-28 01:05:33] [DEBUG] Found 7 running PowerShell windows
[2025-05-28 01:05:33] [DEBUG] Monitor check - Running: 7, Required: 3
[2025-05-28 01:08:59] [DEBUG] Found 7 running PowerShell windows
[2025-05-28 01:08:59] [DEBUG] Monitor check - Running: 7, Required: 3
[2025-05-28 01:11:33] [DEBUG] Found 7 running PowerShell windows
[2025-05-28 01:11:33] [DEBUG] Monitor check - Running: 7, Required: 3
[2025-05-28 01:14:59] [DEBUG] Found 7 running PowerShell windows
[2025-05-28 01:14:59] [DEBUG] Monitor check - Running: 7, Required: 3
[2025-05-28 01:17:33] [DEBUG] Found 7 running PowerShell windows
[2025-05-28 01:17:33] [DEBUG] Monitor check - Running: 7, Required: 3
[2025-05-28 01:20:59] [DEBUG] Found 7 running PowerShell windows
[2025-05-28 01:20:59] [DEBUG] Monitor check - Running: 7, Required: 3
[2025-05-28 01:23:33] [DEBUG] Found 7 running PowerShell windows
[2025-05-28 01:23:33] [DEBUG] Monitor check - Running: 7, Required: 3
[2025-05-28 01:26:59] [DEBUG] Found 7 running PowerShell windows
[2025-05-28 01:26:59] [DEBUG] Monitor check - Running: 7, Required: 3
[2025-05-28 01:29:33] [DEBUG] Found 7 running PowerShell windows
[2025-05-28 01:29:33] [DEBUG] Monitor check - Running: 7, Required: 3
[2025-05-28 01:32:59] [DEBUG] Found 7 running PowerShell windows
[2025-05-28 01:32:59] [DEBUG] Monitor check - Running: 7, Required: 3
[2025-05-28 01:35:33] [DEBUG] Found 7 running PowerShell windows
[2025-05-28 01:35:33] [DEBUG] Monitor check - Running: 7, Required: 3
[2025-05-28 01:38:59] [DEBUG] Found 7 running PowerShell windows
[2025-05-28 01:38:59] [DEBUG] Monitor check - Running: 7, Required: 3
[2025-05-28 01:41:33] [DEBUG] Found 7 running PowerShell windows
[2025-05-28 01:41:33] [DEBUG] Monitor check - Running: 7, Required: 3
[2025-05-28 01:44:59] [DEBUG] Found 7 running PowerShell windows
[2025-05-28 01:44:59] [DEBUG] Monitor check - Running: 7, Required: 3
[2025-05-28 01:47:33] [DEBUG] Found 7 running PowerShell windows
[2025-05-28 01:47:33] [DEBUG] Monitor check - Running: 7, Required: 3
[2025-05-28 01:50:59] [DEBUG] Found 7 running PowerShell windows
[2025-05-28 01:50:59] [DEBUG] Monitor check - Running: 7, Required: 3
[2025-05-28 01:53:33] [DEBUG] Found 7 running PowerShell windows
[2025-05-28 01:53:33] [DEBUG] Monitor check - Running: 7, Required: 3
[2025-05-28 01:56:59] [DEBUG] Found 7 running PowerShell windows
[2025-05-28 01:56:59] [DEBUG] Monitor check - Running: 7, Required: 3
[2025-05-28 01:59:33] [DEBUG] Found 7 running PowerShell windows
[2025-05-28 01:59:33] [DEBUG] Monitor check - Running: 7, Required: 3
[2025-05-28 02:02:59] [DEBUG] Found 7 running PowerShell windows
[2025-05-28 02:02:59] [DEBUG] Monitor check - Running: 7, Required: 3
[2025-05-28 02:05:33] [DEBUG] Found 7 running PowerShell windows
[2025-05-28 02:05:33] [DEBUG] Monitor check - Running: 7, Required: 3
[2025-05-28 02:08:59] [DEBUG] Found 7 running PowerShell windows
[2025-05-28 02:08:59] [DEBUG] Monitor check - Running: 7, Required: 3
[2025-05-28 02:11:33] [DEBUG] Found 7 running PowerShell windows
[2025-05-28 02:11:33] [DEBUG] Monitor check - Running: 7, Required: 3
[2025-05-28 02:14:59] [DEBUG] Found 7 running PowerShell windows
[2025-05-28 02:14:59] [DEBUG] Monitor check - Running: 7, Required: 3
[2025-05-28 02:17:33] [DEBUG] Found 7 running PowerShell windows
[2025-05-28 02:17:33] [DEBUG] Monitor check - Running: 7, Required: 3
[2025-05-28 02:20:59] [DEBUG] Found 7 running PowerShell windows
[2025-05-28 02:20:59] [DEBUG] Monitor check - Running: 7, Required: 3
[2025-05-28 02:23:33] [DEBUG] Found 7 running PowerShell windows
[2025-05-28 02:23:33] [DEBUG] Monitor check - Running: 7, Required: 3
[2025-05-28 02:26:59] [DEBUG] Found 7 running PowerShell windows
[2025-05-28 02:26:59] [DEBUG] Monitor check - Running: 7, Required: 3
[2025-05-28 02:29:33] [DEBUG] Found 7 running PowerShell windows
[2025-05-28 02:29:33] [DEBUG] Monitor check - Running: 7, Required: 3
[2025-05-28 02:32:59] [DEBUG] Found 6 running PowerShell windows
[2025-05-28 02:32:59] [DEBUG] Monitor check - Running: 6, Required: 3
[2025-05-28 02:35:33] [DEBUG] Found 6 running PowerShell windows
[2025-05-28 02:35:33] [DEBUG] Monitor check - Running: 6, Required: 3
[2025-05-28 02:38:59] [DEBUG] Found 6 running PowerShell windows
[2025-05-28 02:38:59] [DEBUG] Monitor check - Running: 6, Required: 3
[2025-05-28 02:41:33] [DEBUG] Found 6 running PowerShell windows
[2025-05-28 02:41:33] [DEBUG] Monitor check - Running: 6, Required: 3
[2025-05-28 02:44:59] [DEBUG] Found 6 running PowerShell windows
[2025-05-28 02:44:59] [DEBUG] Monitor check - Running: 6, Required: 3
[2025-05-28 07:46:47] [DEBUG] Found 6 running PowerShell windows
[2025-05-28 07:46:47] [DEBUG] Monitor check - Running: 6, Required: 3
[2025-05-28 07:50:13] [DEBUG] Found 6 running PowerShell windows
[2025-05-28 07:50:13] [DEBUG] Monitor check - Running: 6, Required: 3
[2025-05-28 07:52:47] [DEBUG] Found 6 running PowerShell windows
[2025-05-28 07:52:47] [DEBUG] Monitor check - Running: 6, Required: 3
[2025-05-28 07:56:13] [DEBUG] Found 4 running PowerShell windows
[2025-05-28 07:56:13] [DEBUG] Monitor check - Running: 4, Required: 3
[2025-05-28 07:58:47] [DEBUG] Found 4 running PowerShell windows
[2025-05-28 07:58:47] [DEBUG] Monitor check - Running: 4, Required: 3
[2025-05-28 08:02:13] [DEBUG] Found 4 running PowerShell windows
[2025-05-28 08:02:13] [DEBUG] Monitor check - Running: 4, Required: 3
[2025-05-28 08:04:47] [DEBUG] Found 4 running PowerShell windows
[2025-05-28 08:04:47] [DEBUG] Monitor check - Running: 4, Required: 3
[2025-05-28 08:08:13] [DEBUG] Found 5 running PowerShell windows
[2025-05-28 08:08:13] [DEBUG] Monitor check - Running: 5, Required: 3
[2025-05-28 08:10:47] [DEBUG] Found 5 running PowerShell windows
[2025-05-28 08:10:47] [DEBUG] Monitor check - Running: 5, Required: 3
[2025-05-28 08:14:13] [DEBUG] Found 5 running PowerShell windows
[2025-05-28 08:14:13] [DEBUG] Monitor check - Running: 5, Required: 3
[2025-05-28 08:16:48] [DEBUG] Found 5 running PowerShell windows
[2025-05-28 08:16:48] [DEBUG] Monitor check - Running: 5, Required: 3
[2025-05-28 08:20:13] [DEBUG] Found 5 running PowerShell windows
[2025-05-28 08:20:13] [DEBUG] Monitor check - Running: 5, Required: 3
[2025-05-28 08:22:48] [DEBUG] Found 5 running PowerShell windows
[2025-05-28 08:22:48] [DEBUG] Monitor check - Running: 5, Required: 3
[2025-05-28 08:26:14] [DEBUG] Found 5 running PowerShell windows
[2025-05-28 08:26:14] [DEBUG] Monitor check - Running: 5, Required: 3
[2025-05-28 08:28:48] [DEBUG] Found 5 running PowerShell windows
[2025-05-28 08:28:48] [DEBUG] Monitor check - Running: 5, Required: 3
[2025-05-28 08:32:14] [DEBUG] Found 5 running PowerShell windows
[2025-05-28 08:32:14] [DEBUG] Monitor check - Running: 5, Required: 3
[2025-05-28 08:34:48] [DEBUG] Found 5 running PowerShell windows
[2025-05-28 08:34:48] [DEBUG] Monitor check - Running: 5, Required: 3
[2025-05-28 08:38:14] [DEBUG] Found 5 running PowerShell windows
[2025-05-28 08:38:14] [DEBUG] Monitor check - Running: 5, Required: 3
[2025-05-28 08:40:48] [DEBUG] Found 5 running PowerShell windows
[2025-05-28 08:40:48] [DEBUG] Monitor check - Running: 5, Required: 3
[2025-05-28 08:44:14] [DEBUG] Found 5 running PowerShell windows
[2025-05-28 08:44:14] [DEBUG] Monitor check - Running: 5, Required: 3
[2025-05-28 08:46:48] [DEBUG] Found 5 running PowerShell windows
[2025-05-28 08:46:48] [DEBUG] Monitor check - Running: 5, Required: 3
[2025-05-28 08:50:14] [DEBUG] Found 5 running PowerShell windows
[2025-05-28 08:50:14] [DEBUG] Monitor check - Running: 5, Required: 3
[2025-05-28 08:52:48] [DEBUG] Found 5 running PowerShell windows
[2025-05-28 08:52:48] [DEBUG] Monitor check - Running: 5, Required: 3
[2025-05-28 08:56:14] [DEBUG] Found 5 running PowerShell windows
[2025-05-28 08:56:14] [DEBUG] Monitor check - Running: 5, Required: 3
[2025-05-28 08:58:48] [DEBUG] Found 5 running PowerShell windows
[2025-05-28 08:58:48] [DEBUG] Monitor check - Running: 5, Required: 3
[2025-05-28 09:02:14] [DEBUG] Found 5 running PowerShell windows
[2025-05-28 09:02:14] [DEBUG] Monitor check - Running: 5, Required: 3
[2025-05-28 09:04:48] [DEBUG] Found 5 running PowerShell windows
[2025-05-28 09:04:48] [DEBUG] Monitor check - Running: 5, Required: 3
[2025-05-28 09:08:14] [DEBUG] Found 5 running PowerShell windows
[2025-05-28 09:08:14] [DEBUG] Monitor check - Running: 5, Required: 3
[2025-05-28 09:10:48] [DEBUG] Found 5 running PowerShell windows
[2025-05-28 09:10:48] [DEBUG] Monitor check - Running: 5, Required: 3
[2025-05-28 09:14:14] [DEBUG] Found 5 running PowerShell windows
[2025-05-28 09:14:14] [DEBUG] Monitor check - Running: 5, Required: 3
[2025-05-28 09:16:48] [DEBUG] Found 5 running PowerShell windows
[2025-05-28 09:16:48] [DEBUG] Monitor check - Running: 5, Required: 3
[2025-05-28 09:20:14] [DEBUG] Found 5 running PowerShell windows
[2025-05-28 09:20:14] [DEBUG] Monitor check - Running: 5, Required: 3
[2025-05-28 09:22:48] [DEBUG] Found 5 running PowerShell windows
[2025-05-28 09:22:48] [DEBUG] Monitor check - Running: 5, Required: 3
[2025-05-28 09:26:14] [DEBUG] Found 5 running PowerShell windows
[2025-05-28 09:26:14] [DEBUG] Monitor check - Running: 5, Required: 3
[2025-05-28 09:28:48] [DEBUG] Found 5 running PowerShell windows
[2025-05-28 09:28:48] [DEBUG] Monitor check - Running: 5, Required: 3
[2025-05-28 09:32:14] [DEBUG] Found 5 running PowerShell windows
[2025-05-28 09:32:14] [DEBUG] Monitor check - Running: 5, Required: 3
[2025-05-28 09:34:49] [DEBUG] Found 5 running PowerShell windows
[2025-05-28 09:34:49] [DEBUG] Monitor check - Running: 5, Required: 3
[2025-05-28 09:38:14] [DEBUG] Found 5 running PowerShell windows
[2025-05-28 09:38:14] [DEBUG] Monitor check - Running: 5, Required: 3
[2025-05-28 09:40:49] [DEBUG] Found 5 running PowerShell windows
[2025-05-28 09:40:49] [DEBUG] Monitor check - Running: 5, Required: 3
[2025-05-28 09:44:15] [DEBUG] Found 5 running PowerShell windows
[2025-05-28 09:44:15] [DEBUG] Monitor check - Running: 5, Required: 3
[2025-05-28 09:46:49] [DEBUG] Found 5 running PowerShell windows
[2025-05-28 09:46:49] [DEBUG] Monitor check - Running: 5, Required: 3
[2025-05-28 09:50:15] [DEBUG] Found 5 running PowerShell windows
[2025-05-28 09:50:15] [DEBUG] Monitor check - Running: 5, Required: 3
[2025-05-28 09:52:49] [DEBUG] Found 5 running PowerShell windows
[2025-05-28 09:52:49] [DEBUG] Monitor check - Running: 5, Required: 3
[2025-05-28 09:56:15] [DEBUG] Found 5 running PowerShell windows
[2025-05-28 09:56:15] [DEBUG] Monitor check - Running: 5, Required: 3
[2025-05-28 09:58:49] [DEBUG] Found 5 running PowerShell windows
[2025-05-28 09:58:49] [DEBUG] Monitor check - Running: 5, Required: 3
[2025-05-28 10:02:15] [DEBUG] Found 5 running PowerShell windows
[2025-05-28 10:02:15] [DEBUG] Monitor check - Running: 5, Required: 3
[2025-05-28 10:04:49] [DEBUG] Found 5 running PowerShell windows
[2025-05-28 10:04:49] [DEBUG] Monitor check - Running: 5, Required: 3
[2025-05-28 10:08:15] [DEBUG] Found 5 running PowerShell windows
[2025-05-28 10:08:15] [DEBUG] Monitor check - Running: 5, Required: 3
[2025-05-28 10:10:49] [DEBUG] Found 5 running PowerShell windows
[2025-05-28 10:10:49] [DEBUG] Monitor check - Running: 5, Required: 3
[2025-05-28 10:14:15] [DEBUG] Found 5 running PowerShell windows
[2025-05-28 10:14:15] [DEBUG] Monitor check - Running: 5, Required: 3
[2025-05-28 10:16:49] [DEBUG] Found 5 running PowerShell windows
[2025-05-28 10:16:49] [DEBUG] Monitor check - Running: 5, Required: 3
[2025-05-28 10:20:15] [DEBUG] Found 5 running PowerShell windows
[2025-05-28 10:20:15] [DEBUG] Monitor check - Running: 5, Required: 3
[2025-05-28 10:22:49] [DEBUG] Found 5 running PowerShell windows
[2025-05-28 10:22:49] [DEBUG] Monitor check - Running: 5, Required: 3
[2025-05-28 10:26:15] [DEBUG] Found 5 running PowerShell windows
[2025-05-28 10:26:15] [DEBUG] Monitor check - Running: 5, Required: 3
[2025-05-28 10:28:49] [DEBUG] Found 5 running PowerShell windows
[2025-05-28 10:28:49] [DEBUG] Monitor check - Running: 5, Required: 3
[2025-05-28 10:32:15] [DEBUG] Found 5 running PowerShell windows
[2025-05-28 10:32:15] [DEBUG] Monitor check - Running: 5, Required: 3
[2025-05-28 10:34:49] [DEBUG] Found 5 running PowerShell windows
[2025-05-28 10:34:49] [DEBUG] Monitor check - Running: 5, Required: 3
[2025-05-28 10:38:15] [DEBUG] Found 5 running PowerShell windows
[2025-05-28 10:38:15] [DEBUG] Monitor check - Running: 5, Required: 3
[2025-05-28 10:40:50] [DEBUG] Found 5 running PowerShell windows
[2025-05-28 10:40:50] [DEBUG] Monitor check - Running: 5, Required: 3
[2025-05-28 10:44:15] [DEBUG] Found 5 running PowerShell windows
[2025-05-28 10:44:15] [DEBUG] Monitor check - Running: 5, Required: 3
[2025-05-28 10:46:50] [DEBUG] Found 5 running PowerShell windows
[2025-05-28 10:46:50] [DEBUG] Monitor check - Running: 5, Required: 3
[2025-05-28 10:50:15] [DEBUG] Found 5 running PowerShell windows
[2025-05-28 10:50:15] [DEBUG] Monitor check - Running: 5, Required: 3
[2025-05-28 10:52:50] [DEBUG] Found 5 running PowerShell windows
[2025-05-28 10:52:50] [DEBUG] Monitor check - Running: 5, Required: 3
[2025-05-28 10:56:15] [DEBUG] Found 5 running PowerShell windows
[2025-05-28 10:56:15] [DEBUG] Monitor check - Running: 5, Required: 3
[2025-05-28 10:58:50] [DEBUG] Found 5 running PowerShell windows
[2025-05-28 10:58:50] [DEBUG] Monitor check - Running: 5, Required: 3
[2025-05-28 11:02:16] [DEBUG] Found 5 running PowerShell windows
[2025-05-28 11:02:16] [DEBUG] Monitor check - Running: 5, Required: 3
[2025-05-28 11:04:50] [DEBUG] Found 5 running PowerShell windows
[2025-05-28 11:04:50] [DEBUG] Monitor check - Running: 5, Required: 3
[2025-05-28 11:08:16] [DEBUG] Found 5 running PowerShell windows
[2025-05-28 11:08:16] [DEBUG] Monitor check - Running: 5, Required: 3
[2025-05-28 11:10:50] [DEBUG] Found 5 running PowerShell windows
[2025-05-28 11:10:50] [DEBUG] Monitor check - Running: 5, Required: 3
[2025-05-28 11:14:16] [DEBUG] Found 5 running PowerShell windows
[2025-05-28 11:14:16] [DEBUG] Monitor check - Running: 5, Required: 3
[2025-05-28 11:16:50] [DEBUG] Found 5 running PowerShell windows
[2025-05-28 11:16:50] [DEBUG] Monitor check - Running: 5, Required: 3
[2025-05-28 11:20:16] [DEBUG] Found 5 running PowerShell windows
[2025-05-28 11:20:16] [DEBUG] Monitor check - Running: 5, Required: 3
[2025-05-28 11:22:50] [DEBUG] Found 5 running PowerShell windows
[2025-05-28 11:22:50] [DEBUG] Monitor check - Running: 5, Required: 3
[2025-05-28 11:26:16] [DEBUG] Found 5 running PowerShell windows
[2025-05-28 11:26:16] [DEBUG] Monitor check - Running: 5, Required: 3
[2025-05-28 11:28:50] [DEBUG] Found 5 running PowerShell windows
[2025-05-28 11:28:50] [DEBUG] Monitor check - Running: 5, Required: 3
[2025-05-28 11:32:16] [DEBUG] Found 5 running PowerShell windows
[2025-05-28 11:32:16] [DEBUG] Monitor check - Running: 5, Required: 3
[2025-05-28 11:34:50] [DEBUG] Found 5 running PowerShell windows
[2025-05-28 11:34:50] [DEBUG] Monitor check - Running: 5, Required: 3
[2025-05-28 11:38:16] [DEBUG] Found 5 running PowerShell windows
[2025-05-28 11:38:16] [DEBUG] Monitor check - Running: 5, Required: 3
[2025-05-28 11:40:50] [DEBUG] Found 5 running PowerShell windows
[2025-05-28 11:40:50] [DEBUG] Monitor check - Running: 5, Required: 3
[2025-05-28 11:44:16] [DEBUG] Found 5 running PowerShell windows
[2025-05-28 11:44:16] [DEBUG] Monitor check - Running: 5, Required: 3
[2025-05-28 11:46:51] [DEBUG] Found 5 running PowerShell windows
[2025-05-28 11:46:51] [DEBUG] Monitor check - Running: 5, Required: 3
[2025-05-28 11:50:16] [DEBUG] Found 5 running PowerShell windows
[2025-05-28 11:50:17] [DEBUG] Monitor check - Running: 5, Required: 3
[2025-05-28 11:52:51] [DEBUG] Found 5 running PowerShell windows
[2025-05-28 11:52:51] [DEBUG] Monitor check - Running: 5, Required: 3
[2025-05-28 11:56:17] [DEBUG] Found 5 running PowerShell windows
[2025-05-28 11:56:17] [DEBUG] Monitor check - Running: 5, Required: 3
[2025-05-28 11:58:51] [DEBUG] Found 5 running PowerShell windows
[2025-05-28 11:58:51] [DEBUG] Monitor check - Running: 5, Required: 3
[2025-05-28 12:02:17] [DEBUG] Found 5 running PowerShell windows
[2025-05-28 12:02:17] [DEBUG] Monitor check - Running: 5, Required: 3
[2025-05-28 12:04:51] [DEBUG] Found 5 running PowerShell windows
[2025-05-28 12:04:51] [DEBUG] Monitor check - Running: 5, Required: 3
[2025-05-28 12:08:17] [DEBUG] Found 5 running PowerShell windows
[2025-05-28 12:08:17] [DEBUG] Monitor check - Running: 5, Required: 3
[2025-05-28 12:10:51] [DEBUG] Found 5 running PowerShell windows
[2025-05-28 12:10:51] [DEBUG] Monitor check - Running: 5, Required: 3
[2025-05-28 12:14:17] [DEBUG] Found 5 running PowerShell windows
[2025-05-28 12:14:17] [DEBUG] Monitor check - Running: 5, Required: 3
[2025-05-28 12:16:51] [DEBUG] Found 5 running PowerShell windows
[2025-05-28 12:16:51] [DEBUG] Monitor check - Running: 5, Required: 3
[2025-05-28 12:20:17] [DEBUG] Found 5 running PowerShell windows
[2025-05-28 12:20:17] [DEBUG] Monitor check - Running: 5, Required: 3
[2025-05-28 12:22:51] [DEBUG] Found 5 running PowerShell windows
[2025-05-28 12:22:51] [DEBUG] Monitor check - Running: 5, Required: 3
[2025-05-28 12:26:17] [DEBUG] Found 5 running PowerShell windows
[2025-05-28 12:26:17] [DEBUG] Monitor check - Running: 5, Required: 3
[2025-05-28 12:28:51] [DEBUG] Found 5 running PowerShell windows
[2025-05-28 12:28:51] [DEBUG] Monitor check - Running: 5, Required: 3
[2025-05-28 12:32:17] [DEBUG] Found 5 running PowerShell windows
[2025-05-28 12:32:17] [DEBUG] Monitor check - Running: 5, Required: 3
[2025-05-28 12:34:51] [DEBUG] Found 5 running PowerShell windows
[2025-05-28 12:34:51] [DEBUG] Monitor check - Running: 5, Required: 3
[2025-05-28 12:38:17] [DEBUG] Found 5 running PowerShell windows
[2025-05-28 12:38:17] [DEBUG] Monitor check - Running: 5, Required: 3
[2025-05-28 12:40:51] [DEBUG] Found 5 running PowerShell windows
[2025-05-28 12:40:51] [DEBUG] Monitor check - Running: 5, Required: 3
[2025-05-28 12:44:17] [DEBUG] Found 5 running PowerShell windows
[2025-05-28 12:44:17] [DEBUG] Monitor check - Running: 5, Required: 3
[2025-05-28 12:46:51] [DEBUG] Found 5 running PowerShell windows
[2025-05-28 12:46:51] [DEBUG] Monitor check - Running: 5, Required: 3
[2025-05-28 12:50:17] [DEBUG] Found 5 running PowerShell windows
[2025-05-28 12:50:17] [DEBUG] Monitor check - Running: 5, Required: 3
[2025-05-28 12:52:51] [DEBUG] Found 5 running PowerShell windows
[2025-05-28 12:52:51] [DEBUG] Monitor check - Running: 5, Required: 3
[2025-05-28 12:56:17] [DEBUG] Found 5 running PowerShell windows
[2025-05-28 12:56:17] [DEBUG] Monitor check - Running: 5, Required: 3
[2025-05-28 12:58:52] [DEBUG] Found 5 running PowerShell windows
[2025-05-28 12:58:52] [DEBUG] Monitor check - Running: 5, Required: 3
[2025-05-28 13:02:18] [DEBUG] Found 5 running PowerShell windows
[2025-05-28 13:02:18] [DEBUG] Monitor check - Running: 5, Required: 3
[2025-05-28 13:04:52] [DEBUG] Found 5 running PowerShell windows
[2025-05-28 13:04:52] [DEBUG] Monitor check - Running: 5, Required: 3
[2025-05-28 13:08:18] [DEBUG] Found 5 running PowerShell windows
[2025-05-28 13:08:18] [DEBUG] Monitor check - Running: 5, Required: 3
[2025-05-28 13:10:52] [DEBUG] Found 5 running PowerShell windows
[2025-05-28 13:10:52] [DEBUG] Monitor check - Running: 5, Required: 3
[2025-05-28 13:14:18] [DEBUG] Found 5 running PowerShell windows
[2025-05-28 13:14:18] [DEBUG] Monitor check - Running: 5, Required: 3
[2025-05-28 13:16:52] [DEBUG] Found 5 running PowerShell windows
[2025-05-28 13:16:52] [DEBUG] Monitor check - Running: 5, Required: 3
[2025-05-28 13:20:18] [DEBUG] Found 5 running PowerShell windows
[2025-05-28 13:20:18] [DEBUG] Monitor check - Running: 5, Required: 3
[2025-05-28 13:22:52] [DEBUG] Found 5 running PowerShell windows
[2025-05-28 13:22:52] [DEBUG] Monitor check - Running: 5, Required: 3
[2025-05-28 13:26:18] [DEBUG] Found 5 running PowerShell windows
[2025-05-28 13:26:18] [DEBUG] Monitor check - Running: 5, Required: 3
[2025-05-28 13:28:52] [DEBUG] Found 5 running PowerShell windows
[2025-05-28 13:28:52] [DEBUG] Monitor check - Running: 5, Required: 3
[2025-05-28 13:32:18] [DEBUG] Found 5 running PowerShell windows
[2025-05-28 13:32:18] [DEBUG] Monitor check - Running: 5, Required: 3
[2025-05-28 13:34:52] [DEBUG] Found 5 running PowerShell windows
[2025-05-28 13:34:52] [DEBUG] Monitor check - Running: 5, Required: 3
[2025-05-28 13:38:18] [DEBUG] Found 5 running PowerShell windows
[2025-05-28 13:38:18] [DEBUG] Monitor check - Running: 5, Required: 3
[2025-05-28 13:40:52] [DEBUG] Found 5 running PowerShell windows
[2025-05-28 13:40:52] [DEBUG] Monitor check - Running: 5, Required: 3
[2025-05-28 13:44:18] [DEBUG] Found 5 running PowerShell windows
[2025-05-28 13:44:18] [DEBUG] Monitor check - Running: 5, Required: 3
[2025-05-28 13:46:52] [DEBUG] Found 5 running PowerShell windows
[2025-05-28 13:46:52] [DEBUG] Monitor check - Running: 5, Required: 3
[2025-05-28 13:50:18] [DEBUG] Found 4 running PowerShell windows
[2025-05-28 13:50:18] [DEBUG] Monitor check - Running: 4, Required: 3
[2025-05-28 13:52:52] [DEBUG] Found 4 running PowerShell windows
[2025-05-28 13:52:52] [DEBUG] Monitor check - Running: 4, Required: 3
[2025-05-28 13:56:18] [DEBUG] Found 4 running PowerShell windows
[2025-05-28 13:56:18] [DEBUG] Monitor check - Running: 4, Required: 3
[2025-05-28 13:58:52] [DEBUG] Found 4 running PowerShell windows
[2025-05-28 13:58:52] [DEBUG] Monitor check - Running: 4, Required: 3
[2025-05-28 14:02:18] [DEBUG] Found 4 running PowerShell windows
[2025-05-28 14:02:18] [DEBUG] Monitor check - Running: 4, Required: 3
[2025-05-28 14:04:53] [DEBUG] Found 4 running PowerShell windows
[2025-05-28 14:04:53] [DEBUG] Monitor check - Running: 4, Required: 3
[2025-05-28 14:08:18] [DEBUG] Found 4 running PowerShell windows
[2025-05-28 14:08:18] [DEBUG] Monitor check - Running: 4, Required: 3
[2025-05-28 14:10:53] [DEBUG] Found 4 running PowerShell windows
[2025-05-28 14:10:53] [DEBUG] Monitor check - Running: 4, Required: 3
[2025-05-28 14:14:18] [DEBUG] Found 4 running PowerShell windows
[2025-05-28 14:14:18] [DEBUG] Monitor check - Running: 4, Required: 3
[2025-05-28 14:16:53] [DEBUG] Found 4 running PowerShell windows
[2025-05-28 14:16:53] [DEBUG] Monitor check - Running: 4, Required: 3
[2025-05-28 14:20:18] [DEBUG] Found 4 running PowerShell windows
[2025-05-28 14:20:18] [DEBUG] Monitor check - Running: 4, Required: 3
[2025-05-28 14:22:53] [DEBUG] Found 4 running PowerShell windows
[2025-05-28 14:22:53] [DEBUG] Monitor check - Running: 4, Required: 3
[2025-05-28 14:26:19] [DEBUG] Found 4 running PowerShell windows
[2025-05-28 14:26:19] [DEBUG] Monitor check - Running: 4, Required: 3
[2025-05-28 14:28:53] [DEBUG] Found 4 running PowerShell windows
[2025-05-28 14:28:53] [DEBUG] Monitor check - Running: 4, Required: 3
[2025-05-28 14:32:19] [DEBUG] Found 4 running PowerShell windows
[2025-05-28 14:32:19] [DEBUG] Monitor check - Running: 4, Required: 3
[2025-05-28 14:34:53] [DEBUG] Found 4 running PowerShell windows
[2025-05-28 14:34:53] [DEBUG] Monitor check - Running: 4, Required: 3
[2025-05-28 14:38:19] [DEBUG] Found 4 running PowerShell windows
[2025-05-28 14:38:19] [DEBUG] Monitor check - Running: 4, Required: 3
[2025-05-28 14:40:53] [DEBUG] Found 4 running PowerShell windows
[2025-05-28 14:40:53] [DEBUG] Monitor check - Running: 4, Required: 3
[2025-05-28 14:44:19] [DEBUG] Found 4 running PowerShell windows
[2025-05-28 14:44:19] [DEBUG] Monitor check - Running: 4, Required: 3
[2025-05-28 14:46:53] [DEBUG] Found 4 running PowerShell windows
[2025-05-28 14:46:53] [DEBUG] Monitor check - Running: 4, Required: 3
[2025-05-28 14:50:19] [DEBUG] Found 4 running PowerShell windows
[2025-05-28 14:50:19] [DEBUG] Monitor check - Running: 4, Required: 3
[2025-05-28 14:52:53] [DEBUG] Found 4 running PowerShell windows
[2025-05-28 14:52:53] [DEBUG] Monitor check - Running: 4, Required: 3
[2025-05-28 14:56:19] [DEBUG] Found 4 running PowerShell windows
[2025-05-28 14:56:19] [DEBUG] Monitor check - Running: 4, Required: 3
[2025-05-28 14:58:53] [DEBUG] Found 4 running PowerShell windows
[2025-05-28 14:58:53] [DEBUG] Monitor check - Running: 4, Required: 3
[2025-05-28 15:02:19] [DEBUG] Found 4 running PowerShell windows
[2025-05-28 15:02:19] [DEBUG] Monitor check - Running: 4, Required: 3
[2025-05-28 15:04:53] [DEBUG] Found 4 running PowerShell windows
[2025-05-28 15:04:53] [DEBUG] Monitor check - Running: 4, Required: 3
[2025-05-28 15:08:19] [DEBUG] Found 4 running PowerShell windows
[2025-05-28 15:08:19] [DEBUG] Monitor check - Running: 4, Required: 3
[2025-05-28 15:10:53] [DEBUG] Found 4 running PowerShell windows
[2025-05-28 15:10:53] [DEBUG] Monitor check - Running: 4, Required: 3
[2025-05-28 15:14:19] [DEBUG] Found 4 running PowerShell windows
[2025-05-28 15:14:19] [DEBUG] Monitor check - Running: 4, Required: 3
[2025-05-28 15:16:53] [DEBUG] Found 4 running PowerShell windows
[2025-05-28 15:16:53] [DEBUG] Monitor check - Running: 4, Required: 3
[2025-05-28 15:20:19] [DEBUG] Found 4 running PowerShell windows
[2025-05-28 15:20:19] [DEBUG] Monitor check - Running: 4, Required: 3
[2025-05-28 15:22:53] [DEBUG] Found 4 running PowerShell windows
[2025-05-28 15:22:53] [DEBUG] Monitor check - Running: 4, Required: 3
[2025-05-28 15:26:19] [DEBUG] Found 4 running PowerShell windows
[2025-05-28 15:26:19] [DEBUG] Monitor check - Running: 4, Required: 3
[2025-05-28 15:28:53] [DEBUG] Found 4 running PowerShell windows
[2025-05-28 15:28:53] [DEBUG] Monitor check - Running: 4, Required: 3
[2025-05-28 15:32:19] [DEBUG] Found 4 running PowerShell windows
[2025-05-28 15:32:19] [DEBUG] Monitor check - Running: 4, Required: 3
[2025-05-28 15:57:35] [DEBUG] Found 4 running PowerShell windows
[2025-05-28 15:57:35] [DEBUG] Monitor check - Running: 4, Required: 3
[2025-05-28 16:01:01] [DEBUG] Found 4 running PowerShell windows
[2025-05-28 16:01:01] [DEBUG] Monitor check - Running: 4, Required: 3
[2025-05-28 16:03:35] [DEBUG] Found 4 running PowerShell windows
[2025-05-28 16:03:35] [DEBUG] Monitor check - Running: 4, Required: 3
[2025-05-28 16:04:09] [INFO] Script execution ended
[2025-05-28 16:07:01] [DEBUG] Found 7 running PowerShell windows
[2025-05-28 16:07:01] [DEBUG] Monitor check - Running: 7, Required: 3
[2025-05-28 16:13:01] [DEBUG] Found 7 running PowerShell windows
[2025-05-28 16:13:01] [DEBUG] Monitor check - Running: 7, Required: 3
[2025-05-28 16:19:01] [DEBUG] Found 7 running PowerShell windows
[2025-05-28 16:19:01] [DEBUG] Monitor check - Running: 7, Required: 3
[2025-05-28 16:25:01] [DEBUG] Found 7 running PowerShell windows
[2025-05-28 16:25:01] [DEBUG] Monitor check - Running: 7, Required: 3
[2025-05-28 16:31:01] [DEBUG] Found 7 running PowerShell windows
[2025-05-28 16:31:01] [DEBUG] Monitor check - Running: 7, Required: 3
[2025-05-28 16:37:01] [DEBUG] Found 6 running PowerShell windows
[2025-05-28 16:37:01] [DEBUG] Monitor check - Running: 6, Required: 3
[2025-05-28 16:43:01] [DEBUG] Found 9 running PowerShell windows
[2025-05-28 16:43:01] [DEBUG] Monitor check - Running: 9, Required: 3
[2025-05-28 16:49:01] [DEBUG] Found 9 running PowerShell windows
[2025-05-28 16:49:01] [DEBUG] Monitor check - Running: 9, Required: 3
[2025-05-28 16:55:02] [DEBUG] Found 9 running PowerShell windows
[2025-05-28 16:55:02] [DEBUG] Monitor check - Running: 9, Required: 3
[2025-05-28 17:01:02] [DEBUG] Found 9 running PowerShell windows
[2025-05-28 17:01:02] [DEBUG] Monitor check - Running: 9, Required: 3
[2025-05-28 17:07:02] [DEBUG] Found 9 running PowerShell windows
[2025-05-28 17:07:02] [DEBUG] Monitor check - Running: 9, Required: 3
[2025-05-28 17:13:02] [DEBUG] Found 2 running PowerShell windows
[2025-05-28 17:13:02] [DEBUG] Monitor check - Running: 2, Required: 3
[2025-05-28 17:13:02] [ERROR] Fatal error: Cannot invoke method. Method invocation is supported only on core types in this language mode.
[2025-05-28 17:13:02] [ERROR] Stack trace: at <ScriptBlock>, C:\Users\SanyaKhasenye(Sensit\WorkingDir\PowerShell\PwshShellWindowManager\PwshShellWindowManager.ps1: line 266
[2025-05-28 17:13:02] [INFO] Script execution ended
