[2025-04-07 00:08:49] [Information] Currently connected to: Merlin Wharf
[2025-04-07 00:08:49] [Information] Already connected to preferred network: Merlin Wharf
[2025-04-07 00:08:49] [Information] Waiting 17 minutes before next check...
[2025-04-07 00:25:49] [Information] Currently connected to: Merlin Wharf
[2025-04-07 00:25:49] [Information] Already connected to preferred network: Merlin Wharf
[2025-04-07 00:25:49] [Information] Waiting 25 minutes before next check...
[2025-04-07 00:50:49] [Information] Currently connected to: Merlin Wharf
[2025-04-07 00:50:49] [Information] Already connected to preferred network: Merlin Wharf
[2025-04-07 00:50:49] [Information] Waiting 13 minutes before next check...
[2025-04-07 01:03:49] [Information] Currently connected to: Merlin Wharf
[2025-04-07 01:03:49] [Information] Already connected to preferred network: Merlin Wharf
[2025-04-07 01:03:49] [Information] Waiting 26 minutes before next check...
[2025-04-07 01:29:49] [Information] Currently connected to: Merlin Wharf
[2025-04-07 01:29:49] [Information] Already connected to preferred network: Merlin Wharf
[2025-04-07 01:29:49] [Information] Waiting 28 minutes before next check...
[2025-04-07 01:57:49] [Information] Currently connected to: Merlin Wharf
[2025-04-07 01:57:49] [Information] Already connected to preferred network: Merlin Wharf
[2025-04-07 01:57:49] [Information] Waiting 22 minutes before next check...
[2025-04-07 02:19:49] [Information] Currently connected to: Merlin Wharf
[2025-04-07 02:19:49] [Information] Already connected to preferred network: Merlin Wharf
[2025-04-07 02:19:49] [Information] Waiting 18 minutes before next check...
[2025-04-07 02:37:49] [Information] Currently connected to: Merlin Wharf
[2025-04-07 02:37:49] [Information] Already connected to preferred network: Merlin Wharf
[2025-04-07 02:37:49] [Information] Waiting 16 minutes before next check...
[2025-04-07 02:53:49] [Information] Currently connected to: Merlin Wharf
[2025-04-07 02:53:49] [Information] Already connected to preferred network: Merlin Wharf
[2025-04-07 02:53:49] [Information] Waiting 28 minutes before next check...
[2025-04-07 03:21:50] [Information] Currently connected to: Merlin Wharf
[2025-04-07 03:21:50] [Information] Already connected to preferred network: Merlin Wharf
[2025-04-07 03:21:50] [Information] Waiting 23 minutes before next check...
[2025-04-07 03:44:50] [Information] Currently connected to: Merlin Wharf
[2025-04-07 03:44:50] [Information] Already connected to preferred network: Merlin Wharf
[2025-04-07 03:44:50] [Information] Waiting 10 minutes before next check...
[2025-04-07 03:54:50] [Information] Currently connected to: Merlin Wharf
[2025-04-07 03:54:50] [Information] Already connected to preferred network: Merlin Wharf
[2025-04-07 03:54:50] [Information] Waiting 29 minutes before next check...
[2025-04-07 04:23:50] [Information] Currently connected to: Merlin Wharf
[2025-04-07 04:23:50] [Information] Already connected to preferred network: Merlin Wharf
[2025-04-07 04:23:50] [Information] Waiting 17 minutes before next check...
[2025-04-07 04:40:50] [Information] Currently connected to: Merlin Wharf
[2025-04-07 04:40:50] [Information] Already connected to preferred network: Merlin Wharf
[2025-04-07 04:40:50] [Information] Waiting 25 minutes before next check...
[2025-04-07 05:05:50] [Information] Currently connected to: Merlin Wharf
[2025-04-07 05:05:50] [Information] Already connected to preferred network: Merlin Wharf
[2025-04-07 05:05:50] [Information] Waiting 22 minutes before next check...
[2025-04-07 05:27:57] [Information] Currently connected to: Merlin Wharf
[2025-04-07 05:27:57] [Information] Already connected to preferred network: Merlin Wharf
[2025-04-07 05:27:57] [Information] Waiting 26 minutes before next check...
[2025-04-07 05:53:57] [Information] Currently connected to: Merlin Wharf
[2025-04-07 05:53:57] [Information] Already connected to preferred network: Merlin Wharf
[2025-04-07 05:53:57] [Information] Waiting 19 minutes before next check...
[2025-04-07 06:12:57] [Information] Currently connected to: Merlin Wharf
[2025-04-07 06:12:57] [Information] Already connected to preferred network: Merlin Wharf
[2025-04-07 06:12:57] [Information] Waiting 17 minutes before next check...
[2025-04-07 06:29:57] [Information] Currently connected to: Merlin Wharf
[2025-04-07 06:29:57] [Information] Already connected to preferred network: Merlin Wharf
[2025-04-07 06:29:57] [Information] Waiting 20 minutes before next check...
[2025-04-07 06:49:57] [Information] Currently connected to: Merlin Wharf
[2025-04-07 06:49:57] [Information] Already connected to preferred network: Merlin Wharf
[2025-04-07 06:49:57] [Information] Waiting 16 minutes before next check...
[2025-04-07 07:05:57] [Information] Currently connected to: Merlin Wharf
[2025-04-07 07:05:57] [Information] Already connected to preferred network: Merlin Wharf
[2025-04-07 07:05:57] [Information] Waiting 17 minutes before next check...
[2025-04-07 07:22:57] [Information] Currently connected to: Merlin Wharf
[2025-04-07 07:22:57] [Information] Already connected to preferred network: Merlin Wharf
[2025-04-07 07:22:57] [Information] Waiting 20 minutes before next check...
[2025-04-07 07:42:57] [Information] Currently connected to: Merlin Wharf
[2025-04-07 07:42:57] [Information] Already connected to preferred network: Merlin Wharf
[2025-04-07 07:42:57] [Information] Waiting 24 minutes before next check...
[2025-04-07 08:06:57] [Information] Currently connected to: Merlin Wharf
[2025-04-07 08:06:57] [Information] Already connected to preferred network: Merlin Wharf
[2025-04-07 08:06:57] [Information] Waiting 10 minutes before next check...
[2025-04-07 08:16:57] [Information] Currently connected to: Merlin Wharf
[2025-04-07 08:16:57] [Information] Already connected to preferred network: Merlin Wharf
[2025-04-07 08:16:57] [Information] Waiting 19 minutes before next check...
[2025-04-07 08:35:57] [Information] Currently connected to: Merlin Wharf
[2025-04-07 08:35:57] [Information] Already connected to preferred network: Merlin Wharf
[2025-04-07 08:35:57] [Information] Waiting 10 minutes before next check...
[2025-04-07 08:45:58] [Information] Currently connected to: Merlin Wharf
[2025-04-07 08:45:58] [Information] Already connected to preferred network: Merlin Wharf
[2025-04-07 08:45:58] [Information] Waiting 11 minutes before next check...
[2025-04-07 08:56:58] [Information] Currently connected to: Merlin Wharf
[2025-04-07 08:56:58] [Information] Already connected to preferred network: Merlin Wharf
[2025-04-07 08:56:58] [Information] Waiting 19 minutes before next check...
[2025-04-07 09:15:58] [Information] Currently connected to: Merlin Wharf
[2025-04-07 09:15:58] [Information] Already connected to preferred network: Merlin Wharf
[2025-04-07 09:15:58] [Information] Waiting 18 minutes before next check...
[2025-04-07 09:33:58] [Information] Currently connected to: Merlin Wharf
[2025-04-07 09:33:58] [Information] Already connected to preferred network: Merlin Wharf
[2025-04-07 09:33:58] [Information] Waiting 12 minutes before next check...
[2025-04-07 09:45:58] [Information] Currently connected to: Merlin Wharf
[2025-04-07 09:45:58] [Information] Already connected to preferred network: Merlin Wharf
[2025-04-07 09:45:58] [Information] Waiting 21 minutes before next check...
[2025-04-07 10:06:58] [Information] Currently connected to: Merlin Wharf
[2025-04-07 10:06:58] [Information] Already connected to preferred network: Merlin Wharf
[2025-04-07 10:06:58] [Information] Waiting 15 minutes before next check...
[2025-04-07 10:21:58] [Information] Currently connected to: Merlin Wharf
[2025-04-07 10:21:58] [Information] Already connected to preferred network: Merlin Wharf
[2025-04-07 10:21:58] [Information] Waiting 27 minutes before next check...
[2025-04-07 10:48:58] [Information] Currently connected to: Merlin Wharf
[2025-04-07 10:48:58] [Information] Already connected to preferred network: Merlin Wharf
[2025-04-07 10:48:58] [Information] Waiting 26 minutes before next check...
[2025-04-07 11:14:58] [Information] Currently connected to: Merlin Wharf
[2025-04-07 11:14:58] [Information] Already connected to preferred network: Merlin Wharf
[2025-04-07 11:14:58] [Information] Waiting 13 minutes before next check...
[2025-04-07 11:27:58] [Information] Currently connected to: Merlin Wharf
[2025-04-07 11:27:58] [Information] Already connected to preferred network: Merlin Wharf
[2025-04-07 11:27:58] [Information] Waiting 23 minutes before next check...
[2025-04-07 11:50:58] [Information] Currently connected to: Merlin Wharf
[2025-04-07 11:50:58] [Information] Already connected to preferred network: Merlin Wharf
[2025-04-07 11:50:58] [Information] Waiting 24 minutes before next check...
[2025-04-07 12:14:58] [Information] Currently connected to: Merlin Wharf
[2025-04-07 12:14:58] [Information] Already connected to preferred network: Merlin Wharf
[2025-04-07 12:14:58] [Information] Waiting 23 minutes before next check...
[2025-04-07 12:37:58] [Information] Currently connected to: Merlin Wharf
[2025-04-07 12:37:58] [Information] Already connected to preferred network: Merlin Wharf
[2025-04-07 12:37:58] [Information] Waiting 20 minutes before next check...
[2025-04-07 12:57:59] [Information] Currently connected to: Merlin Wharf
[2025-04-07 12:57:59] [Information] Already connected to preferred network: Merlin Wharf
[2025-04-07 12:57:59] [Information] Waiting 25 minutes before next check...
[2025-04-07 13:22:59] [Information] Currently connected to: Merlin Wharf
[2025-04-07 13:22:59] [Information] Already connected to preferred network: Merlin Wharf
[2025-04-07 13:22:59] [Information] Waiting 13 minutes before next check...
[2025-04-07 13:35:59] [Information] Currently connected to: Merlin Wharf
[2025-04-07 13:35:59] [Information] Already connected to preferred network: Merlin Wharf
[2025-04-07 13:35:59] [Information] Waiting 18 minutes before next check...
[2025-04-07 13:53:59] [Information] Currently connected to: Merlin Wharf
[2025-04-07 13:53:59] [Information] Already connected to preferred network: Merlin Wharf
[2025-04-07 13:53:59] [Information] Waiting 11 minutes before next check...
[2025-04-07 14:04:59] [Information] Currently connected to: Merlin Wharf
[2025-04-07 14:04:59] [Information] Already connected to preferred network: Merlin Wharf
[2025-04-07 14:04:59] [Information] Waiting 28 minutes before next check...
[2025-04-07 14:32:59] [Information] Currently connected to: Merlin Wharf
[2025-04-07 14:32:59] [Information] Already connected to preferred network: Merlin Wharf
[2025-04-07 14:32:59] [Information] Waiting 11 minutes before next check...
[2025-04-07 14:43:59] [Information] Currently connected to: Merlin Wharf
[2025-04-07 14:43:59] [Information] Already connected to preferred network: Merlin Wharf
[2025-04-07 14:43:59] [Information] Waiting 12 minutes before next check...
[2025-04-07 14:55:59] [Information] Currently connected to: Merlin Wharf
[2025-04-07 14:55:59] [Information] Already connected to preferred network: Merlin Wharf
[2025-04-07 14:55:59] [Information] Waiting 18 minutes before next check...
[2025-04-07 15:13:59] [Information] Currently connected to: Merlin Wharf
[2025-04-07 15:13:59] [Information] Already connected to preferred network: Merlin Wharf
[2025-04-07 15:13:59] [Information] Waiting 26 minutes before next check...
[2025-04-07 15:39:59] [Information] Currently connected to: Merlin Wharf
[2025-04-07 15:39:59] [Information] Already connected to preferred network: Merlin Wharf
[2025-04-07 15:39:59] [Information] Waiting 27 minutes before next check...
[2025-04-07 16:06:59] [Information] Currently connected to: Merlin Wharf
[2025-04-07 16:06:59] [Information] Already connected to preferred network: Merlin Wharf
[2025-04-07 16:06:59] [Information] Waiting 20 minutes before next check...
[2025-04-07 16:26:59] [Information] Currently connected to: Merlin Wharf
[2025-04-07 16:26:59] [Information] Already connected to preferred network: Merlin Wharf
[2025-04-07 16:26:59] [Information] Waiting 16 minutes before next check...
[2025-04-07 16:42:59] [Information] Currently connected to: Merlin Wharf
[2025-04-07 16:42:59] [Information] Already connected to preferred network: Merlin Wharf
[2025-04-07 16:42:59] [Information] Waiting 21 minutes before next check...
[2025-04-07 17:04:00] [Information] Currently connected to: Merlin Wharf
[2025-04-07 17:04:00] [Information] Already connected to preferred network: Merlin Wharf
[2025-04-07 17:04:00] [Information] Waiting 17 minutes before next check...
[2025-04-07 17:21:00] [Information] Currently connected to: Merlin Wharf
[2025-04-07 17:21:00] [Information] Already connected to preferred network: Merlin Wharf
[2025-04-07 17:21:00] [Information] Waiting 26 minutes before next check...
[2025-04-07 17:47:00] [Information] Currently connected to: Merlin Wharf
[2025-04-07 17:47:00] [Information] Already connected to preferred network: Merlin Wharf
[2025-04-07 17:47:00] [Information] Waiting 17 minutes before next check...
[2025-04-07 18:04:00] [Information] Currently connected to: Merlin Wharf
[2025-04-07 18:04:00] [Information] Already connected to preferred network: Merlin Wharf
[2025-04-07 18:04:00] [Information] Waiting 16 minutes before next check...
[2025-04-07 18:20:00] [Information] Currently connected to: Merlin Wharf
[2025-04-07 18:20:00] [Information] Already connected to preferred network: Merlin Wharf
[2025-04-07 18:20:00] [Information] Waiting 27 minutes before next check...
[2025-04-07 18:47:00] [Information] Currently connected to: Merlin Wharf
[2025-04-07 18:47:00] [Information] Already connected to preferred network: Merlin Wharf
[2025-04-07 18:47:00] [Information] Waiting 27 minutes before next check...
[2025-04-07 19:14:00] [Information] Currently connected to: Merlin Wharf
[2025-04-07 19:14:00] [Information] Already connected to preferred network: Merlin Wharf
[2025-04-07 19:14:00] [Information] Waiting 26 minutes before next check...
[2025-04-07 19:40:00] [Information] Currently connected to: Merlin Wharf
[2025-04-07 19:40:00] [Information] Already connected to preferred network: Merlin Wharf
[2025-04-07 19:40:00] [Information] Waiting 15 minutes before next check...
[2025-04-07 19:55:00] [Information] Currently connected to: Merlin Wharf
[2025-04-07 19:55:00] [Information] Already connected to preferred network: Merlin Wharf
[2025-04-07 19:55:00] [Information] Waiting 19 minutes before next check...
[2025-04-07 20:14:00] [Information] Currently connected to: Merlin Wharf
[2025-04-07 20:14:00] [Information] Already connected to preferred network: Merlin Wharf
[2025-04-07 20:14:00] [Information] Waiting 25 minutes before next check...
[2025-04-07 20:39:00] [Information] Currently connected to: Merlin Wharf
[2025-04-07 20:39:00] [Information] Already connected to preferred network: Merlin Wharf
[2025-04-07 20:39:00] [Information] Waiting 22 minutes before next check...
[2025-04-07 21:01:00] [Warning] No current WiFi connection
[2025-04-07 21:01:00] [Information] Scanning for preferred networks...
[2025-04-07 21:01:01] [Information] Found 8 networks
[2025-04-07 21:01:01] [Information] Attempting to connect to HellsGate-5.0G
[2025-04-07 21:01:06] [Information] Currently connected to: HellsGate-5.0G
[2025-04-07 21:01:06] [Information] Successfully connected to HellsGate-5.0G
[2025-04-07 21:01:06] [Information] Waiting 12 minutes before next check...
[2025-04-07 21:13:06] [Information] Currently connected to: HellsGate-5.0G
[2025-04-07 21:13:06] [Information] Already connected to preferred network: HellsGate-5.0G
[2025-04-07 21:13:06] [Information] Waiting 19 minutes before next check...
[2025-04-07 21:32:06] [Information] Currently connected to: HellsGate-5.0G
[2025-04-07 21:32:06] [Information] Already connected to preferred network: HellsGate-5.0G
[2025-04-07 21:32:06] [Information] Waiting 27 minutes before next check...
[2025-04-07 21:59:06] [Information] Currently connected to: HellsGate-5.0G
[2025-04-07 21:59:06] [Information] Already connected to preferred network: HellsGate-5.0G
[2025-04-07 21:59:06] [Information] Waiting 10 minutes before next check...
[2025-04-07 22:09:06] [Information] Currently connected to: HellsGate-5.0G
[2025-04-07 22:09:06] [Information] Already connected to preferred network: HellsGate-5.0G
[2025-04-07 22:09:06] [Information] Waiting 21 minutes before next check...
[2025-04-07 22:30:06] [Information] Currently connected to: HellsGate-5.0G
[2025-04-07 22:30:06] [Information] Already connected to preferred network: HellsGate-5.0G
[2025-04-07 22:30:06] [Information] Waiting 15 minutes before next check...
[2025-04-07 22:45:06] [Information] Currently connected to: HellsGate-5.0G
[2025-04-07 22:45:06] [Information] Already connected to preferred network: HellsGate-5.0G
[2025-04-07 22:45:06] [Information] Waiting 22 minutes before next check...
[2025-04-07 23:07:06] [Information] Currently connected to: HellsGate-5.0G
[2025-04-07 23:07:06] [Information] Already connected to preferred network: HellsGate-5.0G
[2025-04-07 23:07:06] [Information] Waiting 19 minutes before next check...
[2025-04-07 23:26:06] [Information] Currently connected to: HellsGate-5.0G
[2025-04-07 23:26:06] [Information] Already connected to preferred network: HellsGate-5.0G
[2025-04-07 23:26:06] [Information] Waiting 15 minutes before next check...
[2025-04-07 23:41:06] [Information] Currently connected to: HellsGate-5.0G
[2025-04-07 23:41:06] [Information] Already connected to preferred network: HellsGate-5.0G
[2025-04-07 23:41:06] [Information] Waiting 26 minutes before next check...
