[2025-03-14 00:09:37] [Information] Currently connected to: HellsGate-5.0G
[2025-03-14 00:09:37] [Information] Already connected to preferred network: HellsGate-5.0G
[2025-03-14 00:09:37] [Information] Waiting 13 minutes before next check...
[2025-03-14 00:22:37] [Information] Currently connected to: HellsGate-5.0G
[2025-03-14 00:22:37] [Information] Already connected to preferred network: HellsGate-5.0G
[2025-03-14 00:22:37] [Information] Waiting 18 minutes before next check...
[2025-03-14 00:40:37] [Information] Currently connected to: HellsGate-5.0G
[2025-03-14 00:40:37] [Information] Already connected to preferred network: HellsGate-5.0G
[2025-03-14 00:40:37] [Information] Waiting 16 minutes before next check...
[2025-03-14 00:56:37] [Information] Currently connected to: HellsGate-5.0G
[2025-03-14 00:56:37] [Information] Already connected to preferred network: HellsGate-5.0G
[2025-03-14 00:56:37] [Information] Waiting 11 minutes before next check...
[2025-03-14 01:07:38] [Information] Currently connected to: HellsGate-5.0G
[2025-03-14 01:07:38] [Information] Already connected to preferred network: HellsGate-5.0G
[2025-03-14 01:07:38] [Information] Waiting 19 minutes before next check...
[2025-03-14 01:26:38] [Information] Currently connected to: HellsGate-5.0G
[2025-03-14 01:26:38] [Information] Already connected to preferred network: HellsGate-5.0G
[2025-03-14 01:26:38] [Information] Waiting 25 minutes before next check...
[2025-03-14 01:51:38] [Information] Currently connected to: HellsGate-5.0G
[2025-03-14 01:51:38] [Information] Already connected to preferred network: HellsGate-5.0G
[2025-03-14 01:51:38] [Information] Waiting 10 minutes before next check...
[2025-03-14 02:01:38] [Information] Currently connected to: HellsGate-5.0G
[2025-03-14 02:01:38] [Information] Already connected to preferred network: HellsGate-5.0G
[2025-03-14 02:01:38] [Information] Waiting 28 minutes before next check...
[2025-03-14 02:29:38] [Information] Currently connected to: HellsGate-5.0G
[2025-03-14 02:29:38] [Information] Already connected to preferred network: HellsGate-5.0G
[2025-03-14 02:29:38] [Information] Waiting 28 minutes before next check...
[2025-03-14 02:57:38] [Information] Currently connected to: HellsGate-5.0G
[2025-03-14 02:57:38] [Information] Already connected to preferred network: HellsGate-5.0G
[2025-03-14 02:57:38] [Information] Waiting 11 minutes before next check...
[2025-03-14 03:08:38] [Information] Currently connected to: HellsGate-5.0G
[2025-03-14 03:08:38] [Information] Already connected to preferred network: HellsGate-5.0G
[2025-03-14 03:08:38] [Information] Waiting 17 minutes before next check...
[2025-03-14 03:25:38] [Information] Currently connected to: HellsGate-5.0G
[2025-03-14 03:25:38] [Information] Already connected to preferred network: HellsGate-5.0G
[2025-03-14 03:25:38] [Information] Waiting 23 minutes before next check...
[2025-03-14 03:48:38] [Information] Currently connected to: HellsGate-5.0G
[2025-03-14 03:48:38] [Information] Already connected to preferred network: HellsGate-5.0G
[2025-03-14 03:48:38] [Information] Waiting 28 minutes before next check...
[2025-03-14 04:16:38] [Information] Currently connected to: HellsGate-5.0G
[2025-03-14 04:16:38] [Information] Already connected to preferred network: HellsGate-5.0G
[2025-03-14 04:16:38] [Information] Waiting 18 minutes before next check...
[2025-03-14 04:34:38] [Warning] No current WiFi connection
[2025-03-14 04:34:38] [Information] Scanning for preferred networks...
[2025-03-14 04:34:38] [Information] Found 5 networks
[2025-03-14 04:34:38] [Information] Attempting to connect to HellsGate-5.0G
[2025-03-14 04:34:43] [Information] Currently connected to: HellsGate-5.0G
[2025-03-14 04:34:43] [Information] Successfully connected to HellsGate-5.0G
[2025-03-14 04:34:43] [Information] Waiting 21 minutes before next check...
[2025-03-14 04:55:50] [Information] Currently connected to: HellsGate-5.0G
[2025-03-14 04:55:50] [Information] Already connected to preferred network: HellsGate-5.0G
[2025-03-14 04:55:50] [Information] Waiting 12 minutes before next check...
[2025-03-14 05:07:50] [Information] Currently connected to: HellsGate-5.0G
[2025-03-14 05:07:50] [Information] Already connected to preferred network: HellsGate-5.0G
[2025-03-14 05:07:50] [Information] Waiting 24 minutes before next check...
[2025-03-14 05:31:50] [Information] Currently connected to: HellsGate-5.0G
[2025-03-14 05:31:50] [Information] Already connected to preferred network: HellsGate-5.0G
[2025-03-14 05:31:50] [Information] Waiting 25 minutes before next check...
[2025-03-14 05:56:50] [Information] Currently connected to: HellsGate-5.0G
[2025-03-14 05:56:50] [Information] Already connected to preferred network: HellsGate-5.0G
[2025-03-14 05:56:50] [Information] Waiting 11 minutes before next check...
[2025-03-14 06:07:50] [Information] Currently connected to: HellsGate-5.0G
[2025-03-14 06:07:50] [Information] Already connected to preferred network: HellsGate-5.0G
[2025-03-14 06:07:50] [Information] Waiting 17 minutes before next check...
[2025-03-14 06:24:50] [Information] Currently connected to: HellsGate-5.0G
[2025-03-14 06:24:50] [Information] Already connected to preferred network: HellsGate-5.0G
[2025-03-14 06:24:50] [Information] Waiting 25 minutes before next check...
[2025-03-14 06:49:51] [Information] Currently connected to: HellsGate-5.0G
[2025-03-14 06:49:51] [Information] Already connected to preferred network: HellsGate-5.0G
[2025-03-14 06:49:51] [Information] Waiting 12 minutes before next check...
[2025-03-14 07:01:51] [Information] Currently connected to: HellsGate-5.0G
[2025-03-14 07:01:51] [Information] Already connected to preferred network: HellsGate-5.0G
[2025-03-14 07:01:51] [Information] Waiting 19 minutes before next check...
[2025-03-14 07:20:51] [Information] Currently connected to: HellsGate-5.0G
[2025-03-14 07:20:51] [Information] Already connected to preferred network: HellsGate-5.0G
[2025-03-14 07:20:51] [Information] Waiting 11 minutes before next check...
[2025-03-14 07:31:51] [Information] Currently connected to: HellsGate-5.0G
[2025-03-14 07:31:51] [Information] Already connected to preferred network: HellsGate-5.0G
[2025-03-14 07:31:51] [Information] Waiting 27 minutes before next check...
[2025-03-14 07:58:51] [Information] Currently connected to: HellsGate-5.0G
[2025-03-14 07:58:51] [Information] Already connected to preferred network: HellsGate-5.0G
[2025-03-14 07:58:51] [Information] Waiting 20 minutes before next check...
[2025-03-14 08:18:51] [Information] Currently connected to: HellsGate-5.0G
[2025-03-14 08:18:51] [Information] Already connected to preferred network: HellsGate-5.0G
[2025-03-14 08:18:51] [Information] Waiting 17 minutes before next check...
[2025-03-14 08:35:51] [Information] Currently connected to: HellsGate-5.0G
[2025-03-14 08:35:51] [Information] Already connected to preferred network: HellsGate-5.0G
[2025-03-14 08:35:51] [Information] Waiting 29 minutes before next check...
[2025-03-14 09:04:51] [Information] Currently connected to: HellsGate-5.0G
[2025-03-14 09:04:51] [Information] Already connected to preferred network: HellsGate-5.0G
[2025-03-14 09:04:51] [Information] Waiting 24 minutes before next check...
[2025-03-14 09:28:51] [Information] Currently connected to: HellsGate-5.0G
[2025-03-14 09:28:51] [Information] Already connected to preferred network: HellsGate-5.0G
[2025-03-14 09:28:51] [Information] Waiting 25 minutes before next check...
[2025-03-14 09:53:51] [Information] Currently connected to: HellsGate-5.0G
[2025-03-14 09:53:51] [Information] Already connected to preferred network: HellsGate-5.0G
[2025-03-14 09:53:51] [Information] Waiting 23 minutes before next check...
[2025-03-14 10:16:51] [Information] Currently connected to: HellsGate-5.0G
[2025-03-14 10:16:51] [Information] Already connected to preferred network: HellsGate-5.0G
[2025-03-14 10:16:51] [Information] Waiting 22 minutes before next check...
[2025-03-14 10:38:51] [Information] Currently connected to: HellsGate-5.0G
[2025-03-14 10:38:51] [Information] Already connected to preferred network: HellsGate-5.0G
[2025-03-14 10:38:51] [Information] Waiting 15 minutes before next check...
[2025-03-14 10:53:51] [Information] Currently connected to: HellsGate-5.0G
[2025-03-14 10:53:51] [Information] Already connected to preferred network: HellsGate-5.0G
[2025-03-14 10:53:51] [Information] Waiting 22 minutes before next check...
[2025-03-14 11:15:51] [Information] Currently connected to: HellsGate-5.0G
[2025-03-14 11:15:51] [Information] Already connected to preferred network: HellsGate-5.0G
[2025-03-14 11:15:51] [Information] Waiting 20 minutes before next check...
[2025-03-14 11:35:52] [Information] Currently connected to: HellsGate-5.0G
[2025-03-14 11:35:52] [Information] Already connected to preferred network: HellsGate-5.0G
[2025-03-14 11:35:52] [Information] Waiting 15 minutes before next check...
[2025-03-14 11:50:52] [Information] Currently connected to: HellsGate-5.0G
[2025-03-14 11:50:52] [Information] Already connected to preferred network: HellsGate-5.0G
[2025-03-14 11:50:52] [Information] Waiting 11 minutes before next check...
[2025-03-14 12:01:52] [Information] Currently connected to: HellsGate-5.0G
[2025-03-14 12:01:52] [Information] Already connected to preferred network: HellsGate-5.0G
[2025-03-14 12:01:52] [Information] Waiting 17 minutes before next check...
[2025-03-14 12:18:52] [Information] Currently connected to: HellsGate-5.0G
[2025-03-14 12:18:52] [Information] Already connected to preferred network: HellsGate-5.0G
[2025-03-14 12:18:52] [Information] Waiting 11 minutes before next check...
[2025-03-14 12:29:52] [Information] Currently connected to: HellsGate-5.0G
[2025-03-14 12:29:52] [Information] Already connected to preferred network: HellsGate-5.0G
[2025-03-14 12:29:52] [Information] Waiting 22 minutes before next check...
[2025-03-14 12:51:52] [Information] Currently connected to: HellsGate-5.0G
[2025-03-14 12:51:52] [Information] Already connected to preferred network: HellsGate-5.0G
[2025-03-14 12:51:52] [Information] Waiting 20 minutes before next check...
[2025-03-14 13:11:52] [Information] Currently connected to: HellsGate-5.0G
[2025-03-14 13:11:52] [Information] Already connected to preferred network: HellsGate-5.0G
[2025-03-14 13:11:52] [Information] Waiting 20 minutes before next check...
[2025-03-14 13:31:52] [Information] Currently connected to: HellsGate-5.0G
[2025-03-14 13:31:52] [Information] Already connected to preferred network: HellsGate-5.0G
[2025-03-14 13:31:52] [Information] Waiting 18 minutes before next check...
[2025-03-14 13:49:52] [Information] Currently connected to: HellsGate-5.0G
[2025-03-14 13:49:52] [Information] Already connected to preferred network: HellsGate-5.0G
[2025-03-14 13:49:52] [Information] Waiting 13 minutes before next check...
[2025-03-14 14:02:52] [Information] Currently connected to: HellsGate-5.0G
[2025-03-14 14:02:52] [Information] Already connected to preferred network: HellsGate-5.0G
[2025-03-14 14:02:52] [Information] Waiting 15 minutes before next check...
[2025-03-14 14:17:52] [Information] Currently connected to: HellsGate-5.0G
[2025-03-14 14:17:52] [Information] Already connected to preferred network: HellsGate-5.0G
[2025-03-14 14:17:52] [Information] Waiting 16 minutes before next check...
[2025-03-14 14:33:52] [Information] Currently connected to: HellsGate-5.0G
[2025-03-14 14:33:52] [Information] Already connected to preferred network: HellsGate-5.0G
[2025-03-14 14:33:52] [Information] Waiting 15 minutes before next check...
[2025-03-14 14:48:52] [Information] Currently connected to: HellsGate-5.0G
[2025-03-14 14:48:52] [Information] Already connected to preferred network: HellsGate-5.0G
[2025-03-14 14:48:52] [Information] Waiting 10 minutes before next check...
[2025-03-14 14:58:53] [Information] Currently connected to: HellsGate-5.0G
[2025-03-14 14:58:53] [Information] Already connected to preferred network: HellsGate-5.0G
[2025-03-14 14:58:53] [Information] Waiting 23 minutes before next check...
[2025-03-14 15:21:53] [Information] Currently connected to: HellsGate-5.0G
[2025-03-14 15:21:53] [Information] Already connected to preferred network: HellsGate-5.0G
[2025-03-14 15:21:53] [Information] Waiting 22 minutes before next check...
[2025-03-14 15:43:53] [Information] Currently connected to: HellsGate-5.0G
[2025-03-14 15:43:53] [Information] Already connected to preferred network: HellsGate-5.0G
[2025-03-14 15:43:53] [Information] Waiting 13 minutes before next check...
[2025-03-14 15:56:53] [Information] Currently connected to: HellsGate-5.0G
[2025-03-14 15:56:53] [Information] Already connected to preferred network: HellsGate-5.0G
[2025-03-14 15:56:53] [Information] Waiting 22 minutes before next check...
[2025-03-14 16:18:53] [Information] Currently connected to: HellsGate-5.0G
[2025-03-14 16:18:53] [Information] Already connected to preferred network: HellsGate-5.0G
[2025-03-14 16:18:53] [Information] Waiting 13 minutes before next check...
[2025-03-14 16:31:53] [Information] Currently connected to: HellsGate-5.0G
[2025-03-14 16:31:53] [Information] Already connected to preferred network: HellsGate-5.0G
[2025-03-14 16:31:53] [Information] Waiting 21 minutes before next check...
[2025-03-14 16:52:53] [Information] Currently connected to: HellsGate-5.0G
[2025-03-14 16:52:53] [Information] Already connected to preferred network: HellsGate-5.0G
[2025-03-14 16:52:53] [Information] Waiting 28 minutes before next check...
[2025-03-14 17:20:53] [Information] Currently connected to: HellsGate-5.0G
[2025-03-14 17:20:53] [Information] Already connected to preferred network: HellsGate-5.0G
[2025-03-14 17:20:53] [Information] Waiting 24 minutes before next check...
[2025-03-14 17:44:53] [Information] Currently connected to: HellsGate-5.0G
[2025-03-14 17:44:53] [Information] Already connected to preferred network: HellsGate-5.0G
[2025-03-14 17:44:53] [Information] Waiting 25 minutes before next check...
[2025-03-14 18:09:53] [Information] Currently connected to: HellsGate-5.0G
[2025-03-14 18:09:53] [Information] Already connected to preferred network: HellsGate-5.0G
[2025-03-14 18:09:53] [Information] Waiting 25 minutes before next check...
[2025-03-14 18:34:53] [Information] Currently connected to: HellsGate-5.0G
[2025-03-14 18:34:53] [Information] Already connected to preferred network: HellsGate-5.0G
[2025-03-14 18:34:53] [Information] Waiting 13 minutes before next check...
[2025-03-14 18:47:53] [Information] Currently connected to: HellsGate-5.0G
[2025-03-14 18:47:53] [Information] Already connected to preferred network: HellsGate-5.0G
[2025-03-14 18:47:53] [Information] Waiting 28 minutes before next check...
[2025-03-14 19:15:53] [Information] Currently connected to: HellsGate-5.0G
[2025-03-14 19:15:53] [Information] Already connected to preferred network: HellsGate-5.0G
[2025-03-14 19:15:53] [Information] Waiting 20 minutes before next check...
[2025-03-14 19:35:53] [Information] Currently connected to: HellsGate-5.0G
[2025-03-14 19:35:53] [Information] Already connected to preferred network: HellsGate-5.0G
[2025-03-14 19:35:53] [Information] Waiting 24 minutes before next check...
[2025-03-14 19:59:54] [Information] Currently connected to: HellsGate-5.0G
[2025-03-14 19:59:54] [Information] Already connected to preferred network: HellsGate-5.0G
[2025-03-14 19:59:54] [Information] Waiting 14 minutes before next check...
[2025-03-14 20:13:54] [Information] Currently connected to: HellsGate-5.0G
[2025-03-14 20:13:54] [Information] Already connected to preferred network: HellsGate-5.0G
[2025-03-14 20:13:54] [Information] Waiting 28 minutes before next check...
[2025-03-14 20:41:54] [Information] Currently connected to: HellsGate-5.0G
[2025-03-14 20:41:54] [Information] Already connected to preferred network: HellsGate-5.0G
[2025-03-14 20:41:54] [Information] Waiting 14 minutes before next check...
[2025-03-14 20:55:54] [Information] Currently connected to: HellsGate-5.0G
[2025-03-14 20:55:54] [Information] Already connected to preferred network: HellsGate-5.0G
[2025-03-14 20:55:54] [Information] Waiting 26 minutes before next check...
[2025-03-14 21:21:54] [Information] Currently connected to: HellsGate-5.0G
[2025-03-14 21:21:54] [Information] Already connected to preferred network: HellsGate-5.0G
[2025-03-14 21:21:54] [Information] Waiting 22 minutes before next check...
[2025-03-14 21:43:54] [Information] Currently connected to: HellsGate-5.0G
[2025-03-14 21:43:54] [Information] Already connected to preferred network: HellsGate-5.0G
[2025-03-14 21:43:54] [Information] Waiting 29 minutes before next check...
[2025-03-14 22:12:54] [Information] Currently connected to: HellsGate-5.0G
[2025-03-14 22:12:54] [Information] Already connected to preferred network: HellsGate-5.0G
[2025-03-14 22:12:54] [Information] Waiting 14 minutes before next check...
[2025-03-14 22:26:54] [Information] Currently connected to: HellsGate-5.0G
[2025-03-14 22:26:54] [Information] Already connected to preferred network: HellsGate-5.0G
[2025-03-14 22:26:54] [Information] Waiting 21 minutes before next check...
[2025-03-14 22:47:54] [Information] Currently connected to: HellsGate-5.0G
[2025-03-14 22:47:54] [Information] Already connected to preferred network: HellsGate-5.0G
[2025-03-14 22:47:54] [Information] Waiting 26 minutes before next check...
[2025-03-14 23:13:54] [Information] Currently connected to: HellsGate-5.0G
[2025-03-14 23:13:54] [Information] Already connected to preferred network: HellsGate-5.0G
[2025-03-14 23:13:54] [Information] Waiting 18 minutes before next check...
[2025-03-14 23:31:54] [Information] Currently connected to: HellsGate-5.0G
[2025-03-14 23:31:54] [Information] Already connected to preferred network: HellsGate-5.0G
[2025-03-14 23:31:54] [Information] Waiting 14 minutes before next check...
[2025-03-14 23:45:54] [Information] Currently connected to: HellsGate-5.0G
[2025-03-14 23:45:54] [Information] Already connected to preferred network: HellsGate-5.0G
[2025-03-14 23:45:54] [Information] Waiting 17 minutes before next check...
