[2024-12-03 03:31:05] [Information] Successfully registered scheduled task
[2024-12-03 03:31:06] [Information] WiFi connection manager started
[2024-12-03 03:31:06] [Information] Currently connected to: HellsGate-5.0G
[2024-12-03 03:31:06] [Information] Scanning for preferred networks...
[2024-12-03 03:31:07] [Information] Found 5 networks
[2024-12-03 03:31:07] [Information] Attempting to connect to Merlin Wharf
[2024-12-03 03:31:12] [Information] Currently connected to: Merlin Wharf
[2024-12-03 03:31:12] [Information] Successfully connected to Merlin Wharf
[2024-12-03 03:31:12] [Information] Waiting 29 minutes before next check...
[2024-12-03 04:00:12] [Information] Currently connected to: Merlin Wharf
[2024-12-03 04:00:12] [Information] Already connected to preferred network: Merlin Wharf
[2024-12-03 04:00:12] [Information] Waiting 27 minutes before next check...
[2024-12-03 04:27:12] [Information] Currently connected to: Merlin Wharf
[2024-12-03 04:27:12] [Information] Already connected to preferred network: Merlin Wharf
[2024-12-03 04:27:12] [Information] Waiting 15 minutes before next check...
[2024-12-03 04:42:12] [Information] Currently connected to: Merlin Wharf
[2024-12-03 04:42:12] [Information] Already connected to preferred network: Merlin Wharf
[2024-12-03 04:42:12] [Information] Waiting 13 minutes before next check...
[2024-12-03 04:55:12] [Information] Currently connected to: Merlin Wharf
[2024-12-03 04:55:12] [Information] Already connected to preferred network: Merlin Wharf
[2024-12-03 04:55:12] [Information] Waiting 18 minutes before next check...
[2024-12-03 05:13:12] [Information] Currently connected to: Merlin Wharf
[2024-12-03 05:13:12] [Information] Already connected to preferred network: Merlin Wharf
[2024-12-03 05:13:12] [Information] Waiting 11 minutes before next check...
[2024-12-03 05:24:12] [Information] Currently connected to: Merlin Wharf
[2024-12-03 05:24:12] [Information] Already connected to preferred network: Merlin Wharf
[2024-12-03 05:24:12] [Information] Waiting 20 minutes before next check...
[2024-12-03 05:44:13] [Information] Currently connected to: Merlin Wharf
[2024-12-03 05:44:13] [Information] Already connected to preferred network: Merlin Wharf
[2024-12-03 05:44:13] [Information] Waiting 26 minutes before next check...
[2024-12-03 06:10:13] [Information] Currently connected to: Merlin Wharf
[2024-12-03 06:10:13] [Information] Already connected to preferred network: Merlin Wharf
[2024-12-03 06:10:13] [Information] Waiting 14 minutes before next check...
[2024-12-03 06:24:13] [Information] Currently connected to: Merlin Wharf
[2024-12-03 06:24:13] [Information] Already connected to preferred network: Merlin Wharf
[2024-12-03 06:24:13] [Information] Waiting 27 minutes before next check...
[2024-12-03 06:51:13] [Information] Currently connected to: Merlin Wharf
[2024-12-03 06:51:13] [Information] Already connected to preferred network: Merlin Wharf
[2024-12-03 06:51:13] [Information] Waiting 12 minutes before next check...
[2024-12-03 07:03:13] [Information] Currently connected to: Merlin Wharf
[2024-12-03 07:03:13] [Information] Already connected to preferred network: Merlin Wharf
[2024-12-03 07:03:13] [Information] Waiting 21 minutes before next check...
[2024-12-03 07:24:13] [Information] Currently connected to: Merlin Wharf
[2024-12-03 07:24:13] [Information] Already connected to preferred network: Merlin Wharf
[2024-12-03 07:24:13] [Information] Waiting 18 minutes before next check...
[2024-12-03 07:42:13] [Information] Currently connected to: Merlin Wharf
[2024-12-03 07:42:13] [Information] Already connected to preferred network: Merlin Wharf
[2024-12-03 07:42:13] [Information] Waiting 26 minutes before next check...
[2024-12-03 08:08:13] [Information] Currently connected to: Merlin Wharf
[2024-12-03 08:08:13] [Information] Already connected to preferred network: Merlin Wharf
[2024-12-03 08:08:13] [Information] Waiting 22 minutes before next check...
[2024-12-03 08:30:13] [Information] Currently connected to: Merlin Wharf
[2024-12-03 08:30:13] [Information] Already connected to preferred network: Merlin Wharf
[2024-12-03 08:30:13] [Information] Waiting 18 minutes before next check...
[2024-12-03 08:48:13] [Information] Currently connected to: Merlin Wharf
[2024-12-03 08:48:13] [Information] Already connected to preferred network: Merlin Wharf
[2024-12-03 08:48:13] [Information] Waiting 12 minutes before next check...
[2024-12-03 09:00:13] [Information] Currently connected to: Merlin Wharf
[2024-12-03 09:00:13] [Information] Already connected to preferred network: Merlin Wharf
[2024-12-03 09:00:13] [Information] Waiting 16 minutes before next check...
[2024-12-03 09:16:13] [Information] Currently connected to: Merlin Wharf
[2024-12-03 09:16:13] [Information] Already connected to preferred network: Merlin Wharf
[2024-12-03 09:16:13] [Information] Waiting 10 minutes before next check...
[2024-12-03 09:26:13] [Information] Currently connected to: Merlin Wharf
[2024-12-03 09:26:13] [Information] Already connected to preferred network: Merlin Wharf
[2024-12-03 09:26:13] [Information] Waiting 28 minutes before next check...
[2024-12-03 09:54:13] [Information] Currently connected to: Merlin Wharf
[2024-12-03 09:54:13] [Information] Already connected to preferred network: Merlin Wharf
[2024-12-03 09:54:13] [Information] Waiting 12 minutes before next check...
[2024-12-03 10:06:13] [Information] Currently connected to: Merlin Wharf
[2024-12-03 10:06:13] [Information] Already connected to preferred network: Merlin Wharf
[2024-12-03 10:06:13] [Information] Waiting 21 minutes before next check...
[2024-12-03 10:27:14] [Information] Currently connected to: Merlin Wharf
[2024-12-03 10:27:14] [Information] Already connected to preferred network: Merlin Wharf
[2024-12-03 10:27:14] [Information] Waiting 19 minutes before next check...
[2024-12-03 10:46:14] [Information] Currently connected to: Merlin Wharf
[2024-12-03 10:46:14] [Information] Already connected to preferred network: Merlin Wharf
[2024-12-03 10:46:14] [Information] Waiting 25 minutes before next check...
[2024-12-03 11:11:14] [Information] Currently connected to: Merlin Wharf
[2024-12-03 11:11:14] [Information] Already connected to preferred network: Merlin Wharf
[2024-12-03 11:11:14] [Information] Waiting 14 minutes before next check...
[2024-12-03 11:25:14] [Information] Currently connected to: Merlin Wharf
[2024-12-03 11:25:14] [Information] Already connected to preferred network: Merlin Wharf
[2024-12-03 11:25:14] [Information] Waiting 20 minutes before next check...
[2024-12-03 11:45:14] [Information] Currently connected to: Merlin Wharf
[2024-12-03 11:45:14] [Information] Already connected to preferred network: Merlin Wharf
[2024-12-03 11:45:14] [Information] Waiting 15 minutes before next check...
[2024-12-03 12:00:14] [Information] Currently connected to: Merlin Wharf
[2024-12-03 12:00:14] [Information] Already connected to preferred network: Merlin Wharf
[2024-12-03 12:00:14] [Information] Waiting 19 minutes before next check...
[2024-12-03 12:19:14] [Information] Currently connected to: Merlin Wharf
[2024-12-03 12:19:14] [Information] Already connected to preferred network: Merlin Wharf
[2024-12-03 12:19:14] [Information] Waiting 28 minutes before next check...
[2024-12-03 12:47:14] [Information] Currently connected to: Merlin Wharf
[2024-12-03 12:47:14] [Information] Already connected to preferred network: Merlin Wharf
[2024-12-03 12:47:14] [Information] Waiting 17 minutes before next check...
[2024-12-03 13:04:14] [Information] Currently connected to: Merlin Wharf
[2024-12-03 13:04:14] [Information] Already connected to preferred network: Merlin Wharf
[2024-12-03 13:04:14] [Information] Waiting 20 minutes before next check...
[2024-12-03 13:24:14] [Information] Currently connected to: Merlin Wharf
[2024-12-03 13:24:14] [Information] Already connected to preferred network: Merlin Wharf
[2024-12-03 13:24:14] [Information] Waiting 26 minutes before next check...
[2024-12-03 13:50:14] [Information] Currently connected to: Merlin Wharf
[2024-12-03 13:50:14] [Information] Already connected to preferred network: Merlin Wharf
[2024-12-03 13:50:14] [Information] Waiting 22 minutes before next check...
[2024-12-03 14:12:14] [Information] Currently connected to: Merlin Wharf
[2024-12-03 14:12:14] [Information] Already connected to preferred network: Merlin Wharf
[2024-12-03 14:12:14] [Information] Waiting 17 minutes before next check...
[2024-12-03 14:29:14] [Information] Currently connected to: Merlin Wharf
[2024-12-03 14:29:14] [Information] Already connected to preferred network: Merlin Wharf
[2024-12-03 14:29:14] [Information] Waiting 27 minutes before next check...
[2024-12-03 14:56:14] [Information] Currently connected to: Merlin Wharf
[2024-12-03 14:56:14] [Information] Already connected to preferred network: Merlin Wharf
[2024-12-03 14:56:14] [Information] Waiting 24 minutes before next check...
[2024-12-03 15:20:15] [Information] Currently connected to: Merlin Wharf
[2024-12-03 15:20:15] [Information] Already connected to preferred network: Merlin Wharf
[2024-12-03 15:20:15] [Information] Waiting 17 minutes before next check...
[2024-12-03 15:37:15] [Information] Currently connected to: Merlin Wharf
[2024-12-03 15:37:15] [Information] Already connected to preferred network: Merlin Wharf
[2024-12-03 15:37:15] [Information] Waiting 29 minutes before next check...
[2024-12-03 16:06:15] [Information] Currently connected to: Merlin Wharf
[2024-12-03 16:06:15] [Information] Already connected to preferred network: Merlin Wharf
[2024-12-03 16:06:15] [Information] Waiting 24 minutes before next check...
[2024-12-03 16:30:15] [Information] Currently connected to: Merlin Wharf
[2024-12-03 16:30:15] [Information] Already connected to preferred network: Merlin Wharf
[2024-12-03 16:30:15] [Information] Waiting 27 minutes before next check...
[2024-12-03 16:57:15] [Information] Currently connected to: Merlin Wharf
[2024-12-03 16:57:15] [Information] Already connected to preferred network: Merlin Wharf
[2024-12-03 16:57:15] [Information] Waiting 25 minutes before next check...
[2024-12-03 17:22:15] [Information] Currently connected to: Merlin Wharf
[2024-12-03 17:22:15] [Information] Already connected to preferred network: Merlin Wharf
[2024-12-03 17:22:15] [Information] Waiting 21 minutes before next check...
[2024-12-03 17:43:15] [Information] Currently connected to: Merlin Wharf
[2024-12-03 17:43:15] [Information] Already connected to preferred network: Merlin Wharf
[2024-12-03 17:43:15] [Information] Waiting 18 minutes before next check...
[2024-12-03 18:01:15] [Information] Currently connected to: Merlin Wharf
[2024-12-03 18:01:15] [Information] Already connected to preferred network: Merlin Wharf
[2024-12-03 18:01:15] [Information] Waiting 14 minutes before next check...
[2024-12-03 18:15:15] [Information] Currently connected to: Merlin Wharf
[2024-12-03 18:15:15] [Information] Already connected to preferred network: Merlin Wharf
[2024-12-03 18:15:15] [Information] Waiting 28 minutes before next check...
[2024-12-03 18:43:15] [Information] Currently connected to: Merlin Wharf
[2024-12-03 18:43:15] [Information] Already connected to preferred network: Merlin Wharf
[2024-12-03 18:43:15] [Information] Waiting 12 minutes before next check...
[2024-12-03 18:55:15] [Information] Currently connected to: Merlin Wharf
[2024-12-03 18:55:15] [Information] Already connected to preferred network: Merlin Wharf
[2024-12-03 18:55:15] [Information] Waiting 16 minutes before next check...
[2024-12-03 19:11:15] [Information] Currently connected to: Merlin Wharf
[2024-12-03 19:11:15] [Information] Already connected to preferred network: Merlin Wharf
[2024-12-03 19:11:15] [Information] Waiting 22 minutes before next check...
[2024-12-03 19:33:15] [Information] Currently connected to: Merlin Wharf
[2024-12-03 19:33:15] [Information] Already connected to preferred network: Merlin Wharf
[2024-12-03 19:33:15] [Information] Waiting 13 minutes before next check...
[2024-12-03 19:46:15] [Information] Currently connected to: Merlin Wharf
[2024-12-03 19:46:16] [Information] Already connected to preferred network: Merlin Wharf
[2024-12-03 19:46:16] [Information] Waiting 15 minutes before next check...
[2024-12-03 20:01:16] [Information] Currently connected to: Merlin Wharf
[2024-12-03 20:01:16] [Information] Already connected to preferred network: Merlin Wharf
[2024-12-03 20:01:16] [Information] Waiting 13 minutes before next check...
[2024-12-03 20:14:16] [Information] Currently connected to: Merlin Wharf
[2024-12-03 20:14:16] [Information] Already connected to preferred network: Merlin Wharf
[2024-12-03 20:14:16] [Information] Waiting 25 minutes before next check...
[2024-12-03 20:39:16] [Information] Currently connected to: Merlin Wharf
[2024-12-03 20:39:16] [Information] Already connected to preferred network: Merlin Wharf
[2024-12-03 20:39:16] [Information] Waiting 13 minutes before next check...
[2024-12-03 20:52:16] [Information] Currently connected to: Merlin Wharf
[2024-12-03 20:52:16] [Information] Already connected to preferred network: Merlin Wharf
[2024-12-03 20:52:16] [Information] Waiting 10 minutes before next check...
[2024-12-03 21:02:16] [Information] Currently connected to: Merlin Wharf
[2024-12-03 21:02:16] [Information] Already connected to preferred network: Merlin Wharf
[2024-12-03 21:02:16] [Information] Waiting 11 minutes before next check...
[2024-12-03 21:13:16] [Information] Currently connected to: Merlin Wharf
[2024-12-03 21:13:16] [Information] Already connected to preferred network: Merlin Wharf
[2024-12-03 21:13:16] [Information] Waiting 18 minutes before next check...
[2024-12-03 21:31:16] [Information] Currently connected to: Merlin Wharf
[2024-12-03 21:31:16] [Information] Already connected to preferred network: Merlin Wharf
[2024-12-03 21:31:16] [Information] Waiting 15 minutes before next check...
[2024-12-03 21:46:16] [Information] Currently connected to: Merlin Wharf
[2024-12-03 21:46:16] [Information] Already connected to preferred network: Merlin Wharf
[2024-12-03 21:46:16] [Information] Waiting 11 minutes before next check...
[2024-12-03 21:57:16] [Information] Currently connected to: Merlin Wharf
[2024-12-03 21:57:16] [Information] Already connected to preferred network: Merlin Wharf
[2024-12-03 21:57:16] [Information] Waiting 27 minutes before next check...
[2024-12-03 22:24:16] [Information] Currently connected to: Merlin Wharf
[2024-12-03 22:24:16] [Information] Already connected to preferred network: Merlin Wharf
[2024-12-03 22:24:16] [Information] Waiting 14 minutes before next check...
[2024-12-03 22:38:16] [Information] Currently connected to: Merlin Wharf
[2024-12-03 22:38:16] [Information] Already connected to preferred network: Merlin Wharf
[2024-12-03 22:38:16] [Information] Waiting 19 minutes before next check...
[2024-12-03 22:57:16] [Information] Currently connected to: Merlin Wharf
[2024-12-03 22:57:16] [Information] Already connected to preferred network: Merlin Wharf
[2024-12-03 22:57:16] [Information] Waiting 21 minutes before next check...
[2024-12-03 23:18:16] [Information] Currently connected to: Merlin Wharf
[2024-12-03 23:18:16] [Information] Already connected to preferred network: Merlin Wharf
[2024-12-03 23:18:16] [Information] Waiting 17 minutes before next check...
[2024-12-03 23:35:16] [Information] Currently connected to: Merlin Wharf
[2024-12-03 23:35:16] [Information] Already connected to preferred network: Merlin Wharf
[2024-12-03 23:35:16] [Information] Waiting 25 minutes before next check...
