[2025-04-21 00:00:13] [Information] Currently connected to: HellsGate-5.0G
[2025-04-21 00:00:13] [Information] Already connected to preferred network: HellsGate-5.0G
[2025-04-21 00:00:13] [Information] Waiting 12 minutes before next check...
[2025-04-21 00:12:13] [Information] Currently connected to: HellsGate-5.0G
[2025-04-21 00:12:13] [Information] Already connected to preferred network: HellsGate-5.0G
[2025-04-21 00:12:13] [Information] Waiting 20 minutes before next check...
[2025-04-21 00:32:13] [Information] Currently connected to: HellsGate-5.0G
[2025-04-21 00:32:13] [Information] Already connected to preferred network: HellsGate-5.0G
[2025-04-21 00:32:13] [Information] Waiting 24 minutes before next check...
[2025-04-21 00:56:13] [Information] Currently connected to: HellsGate-5.0G
[2025-04-21 00:56:13] [Information] Already connected to preferred network: HellsGate-5.0G
[2025-04-21 00:56:13] [Information] Waiting 10 minutes before next check...
[2025-04-21 01:06:13] [Information] Currently connected to: HellsGate-5.0G
[2025-04-21 01:06:13] [Information] Already connected to preferred network: HellsGate-5.0G
[2025-04-21 01:06:13] [Information] Waiting 13 minutes before next check...
[2025-04-21 01:19:13] [Information] Currently connected to: HellsGate-5.0G
[2025-04-21 01:19:13] [Information] Already connected to preferred network: HellsGate-5.0G
[2025-04-21 01:19:13] [Information] Waiting 24 minutes before next check...
[2025-04-21 01:43:13] [Information] Currently connected to: HellsGate-5.0G
[2025-04-21 01:43:13] [Information] Already connected to preferred network: HellsGate-5.0G
[2025-04-21 01:43:13] [Information] Waiting 27 minutes before next check...
[2025-04-21 02:10:13] [Information] Currently connected to: HellsGate-5.0G
[2025-04-21 02:10:13] [Information] Already connected to preferred network: HellsGate-5.0G
[2025-04-21 02:10:13] [Information] Waiting 17 minutes before next check...
[2025-04-21 02:27:14] [Information] Currently connected to: HellsGate-5.0G
[2025-04-21 02:27:14] [Information] Already connected to preferred network: HellsGate-5.0G
[2025-04-21 02:27:14] [Information] Waiting 19 minutes before next check...
[2025-04-21 02:46:14] [Information] Currently connected to: HellsGate-5.0G
[2025-04-21 02:46:14] [Information] Already connected to preferred network: HellsGate-5.0G
[2025-04-21 02:46:14] [Information] Waiting 21 minutes before next check...
[2025-04-21 03:07:14] [Information] Currently connected to: HellsGate-5.0G
[2025-04-21 03:07:14] [Information] Already connected to preferred network: HellsGate-5.0G
[2025-04-21 03:07:14] [Information] Waiting 16 minutes before next check...
[2025-04-21 03:23:14] [Information] Currently connected to: HellsGate-5.0G
[2025-04-21 03:23:14] [Information] Already connected to preferred network: HellsGate-5.0G
[2025-04-21 03:23:14] [Information] Waiting 28 minutes before next check...
[2025-04-21 03:51:14] [Information] Currently connected to: HellsGate-5.0G
[2025-04-21 03:51:14] [Information] Already connected to preferred network: HellsGate-5.0G
[2025-04-21 03:51:14] [Information] Waiting 24 minutes before next check...
[2025-04-21 04:15:14] [Information] Currently connected to: HellsGate-5.0G
[2025-04-21 04:15:14] [Information] Already connected to preferred network: HellsGate-5.0G
[2025-04-21 04:15:14] [Information] Waiting 21 minutes before next check...
[2025-04-21 04:36:14] [Information] Currently connected to: HellsGate-5.0G
[2025-04-21 04:36:14] [Information] Already connected to preferred network: HellsGate-5.0G
[2025-04-21 04:36:14] [Information] Waiting 10 minutes before next check...
[2025-04-21 04:46:14] [Information] Currently connected to: HellsGate-5.0G
[2025-04-21 04:46:14] [Information] Already connected to preferred network: HellsGate-5.0G
[2025-04-21 04:46:14] [Information] Waiting 24 minutes before next check...
[2025-04-21 05:10:14] [Information] Currently connected to: HellsGate-5.0G
[2025-04-21 05:10:14] [Information] Already connected to preferred network: HellsGate-5.0G
[2025-04-21 05:10:14] [Information] Waiting 19 minutes before next check...
[2025-04-21 05:29:14] [Information] Currently connected to: HellsGate-5.0G
[2025-04-21 05:29:14] [Information] Already connected to preferred network: HellsGate-5.0G
[2025-04-21 05:29:14] [Information] Waiting 23 minutes before next check...
[2025-04-21 05:52:14] [Information] Currently connected to: HellsGate-5.0G
[2025-04-21 05:52:14] [Information] Already connected to preferred network: HellsGate-5.0G
[2025-04-21 05:52:14] [Information] Waiting 21 minutes before next check...
[2025-04-21 06:13:14] [Information] Currently connected to: HellsGate-5.0G
[2025-04-21 06:13:15] [Information] Already connected to preferred network: HellsGate-5.0G
[2025-04-21 06:13:15] [Information] Waiting 24 minutes before next check...
[2025-04-21 06:37:15] [Information] Currently connected to: HellsGate-5.0G
[2025-04-21 06:37:15] [Information] Already connected to preferred network: HellsGate-5.0G
[2025-04-21 06:37:15] [Information] Waiting 26 minutes before next check...
[2025-04-21 07:03:21] [Information] Currently connected to: HellsGate-5.0G
[2025-04-21 07:03:21] [Information] Already connected to preferred network: HellsGate-5.0G
[2025-04-21 07:03:21] [Information] Waiting 29 minutes before next check...
[2025-04-21 07:32:21] [Information] Currently connected to: HellsGate-5.0G
[2025-04-21 07:32:21] [Information] Already connected to preferred network: HellsGate-5.0G
[2025-04-21 07:32:21] [Information] Waiting 18 minutes before next check...
[2025-04-21 07:50:22] [Information] Currently connected to: HellsGate-5.0G
[2025-04-21 07:50:22] [Information] Already connected to preferred network: HellsGate-5.0G
[2025-04-21 07:50:22] [Information] Waiting 29 minutes before next check...
[2025-04-21 08:19:22] [Information] Currently connected to: HellsGate-5.0G
[2025-04-21 08:19:22] [Information] Already connected to preferred network: HellsGate-5.0G
[2025-04-21 08:19:22] [Information] Waiting 21 minutes before next check...
[2025-04-21 08:40:22] [Information] Currently connected to: HellsGate-5.0G
[2025-04-21 08:40:22] [Information] Already connected to preferred network: HellsGate-5.0G
[2025-04-21 08:40:22] [Information] Waiting 16 minutes before next check...
[2025-04-21 08:56:22] [Information] Currently connected to: HellsGate-5.0G
[2025-04-21 08:56:22] [Information] Already connected to preferred network: HellsGate-5.0G
[2025-04-21 08:56:22] [Information] Waiting 21 minutes before next check...
[2025-04-21 09:17:22] [Information] Currently connected to: HellsGate-5.0G
[2025-04-21 09:17:22] [Information] Already connected to preferred network: HellsGate-5.0G
[2025-04-21 09:17:22] [Information] Waiting 12 minutes before next check...
[2025-04-21 09:29:22] [Information] Currently connected to: HellsGate-5.0G
[2025-04-21 09:29:22] [Information] Already connected to preferred network: HellsGate-5.0G
[2025-04-21 09:29:22] [Information] Waiting 24 minutes before next check...
[2025-04-21 09:53:22] [Information] Currently connected to: HellsGate-5.0G
[2025-04-21 09:53:22] [Information] Already connected to preferred network: HellsGate-5.0G
[2025-04-21 09:53:22] [Information] Waiting 20 minutes before next check...
[2025-04-21 10:13:22] [Information] Currently connected to: HellsGate-5.0G
[2025-04-21 10:13:22] [Information] Already connected to preferred network: HellsGate-5.0G
[2025-04-21 10:13:22] [Information] Waiting 16 minutes before next check...
[2025-04-21 10:29:22] [Information] Currently connected to: HellsGate-5.0G
[2025-04-21 10:29:22] [Information] Already connected to preferred network: HellsGate-5.0G
[2025-04-21 10:29:22] [Information] Waiting 23 minutes before next check...
[2025-04-21 10:52:22] [Information] Currently connected to: HellsGate-5.0G
[2025-04-21 10:52:22] [Information] Already connected to preferred network: HellsGate-5.0G
[2025-04-21 10:52:22] [Information] Waiting 24 minutes before next check...
[2025-04-21 11:16:22] [Information] Currently connected to: HellsGate-5.0G
[2025-04-21 11:16:22] [Information] Already connected to preferred network: HellsGate-5.0G
[2025-04-21 11:16:22] [Information] Waiting 11 minutes before next check...
[2025-04-21 11:27:22] [Information] Currently connected to: HellsGate-5.0G
[2025-04-21 11:27:22] [Information] Already connected to preferred network: HellsGate-5.0G
[2025-04-21 11:27:22] [Information] Waiting 13 minutes before next check...
[2025-04-21 11:40:23] [Information] Currently connected to: HellsGate-5.0G
[2025-04-21 11:40:23] [Information] Already connected to preferred network: HellsGate-5.0G
[2025-04-21 11:40:23] [Information] Waiting 15 minutes before next check...
[2025-04-21 11:55:23] [Information] Currently connected to: HellsGate-5.0G
[2025-04-21 11:55:23] [Information] Already connected to preferred network: HellsGate-5.0G
[2025-04-21 11:55:23] [Information] Waiting 13 minutes before next check...
[2025-04-21 12:08:23] [Information] Currently connected to: HellsGate-5.0G
[2025-04-21 12:08:23] [Information] Already connected to preferred network: HellsGate-5.0G
[2025-04-21 12:08:23] [Information] Waiting 14 minutes before next check...
[2025-04-21 12:22:23] [Information] Currently connected to: HellsGate-5.0G
[2025-04-21 12:22:23] [Information] Already connected to preferred network: HellsGate-5.0G
[2025-04-21 12:22:23] [Information] Waiting 15 minutes before next check...
[2025-04-21 12:37:23] [Information] Currently connected to: HellsGate-5.0G
[2025-04-21 12:37:23] [Information] Already connected to preferred network: HellsGate-5.0G
[2025-04-21 12:37:23] [Information] Waiting 13 minutes before next check...
[2025-04-21 12:50:23] [Information] Currently connected to: HellsGate-5.0G
[2025-04-21 12:50:23] [Information] Already connected to preferred network: HellsGate-5.0G
[2025-04-21 12:50:23] [Information] Waiting 13 minutes before next check...
[2025-04-21 13:03:23] [Information] Currently connected to: HellsGate-5.0G
[2025-04-21 13:03:23] [Information] Already connected to preferred network: HellsGate-5.0G
[2025-04-21 13:03:23] [Information] Waiting 23 minutes before next check...
[2025-04-21 13:26:23] [Information] Currently connected to: HellsGate-5.0G
[2025-04-21 13:26:23] [Information] Already connected to preferred network: HellsGate-5.0G
[2025-04-21 13:26:23] [Information] Waiting 22 minutes before next check...
[2025-04-21 13:48:23] [Information] Currently connected to: HellsGate-5.0G
[2025-04-21 13:48:23] [Information] Already connected to preferred network: HellsGate-5.0G
[2025-04-21 13:48:23] [Information] Waiting 11 minutes before next check...
[2025-04-21 13:59:23] [Information] Currently connected to: HellsGate-5.0G
[2025-04-21 13:59:23] [Information] Already connected to preferred network: HellsGate-5.0G
[2025-04-21 13:59:23] [Information] Waiting 10 minutes before next check...
[2025-04-21 14:09:23] [Information] Currently connected to: HellsGate-5.0G
[2025-04-21 14:09:23] [Information] Already connected to preferred network: HellsGate-5.0G
[2025-04-21 14:09:23] [Information] Waiting 14 minutes before next check...
[2025-04-21 14:23:23] [Information] Currently connected to: HellsGate-5.0G
[2025-04-21 14:23:23] [Information] Already connected to preferred network: HellsGate-5.0G
[2025-04-21 14:23:24] [Information] Waiting 10 minutes before next check...
[2025-04-21 14:33:24] [Information] Currently connected to: HellsGate-5.0G
[2025-04-21 14:33:24] [Information] Already connected to preferred network: HellsGate-5.0G
[2025-04-21 14:33:24] [Information] Waiting 17 minutes before next check...
[2025-04-21 14:50:24] [Information] Currently connected to: HellsGate-5.0G
[2025-04-21 14:50:24] [Information] Already connected to preferred network: HellsGate-5.0G
[2025-04-21 14:50:24] [Information] Waiting 18 minutes before next check...
[2025-04-21 15:08:24] [Information] Currently connected to: HellsGate-5.0G
[2025-04-21 15:08:24] [Information] Already connected to preferred network: HellsGate-5.0G
[2025-04-21 15:08:24] [Information] Waiting 21 minutes before next check...
[2025-04-21 15:29:24] [Information] Currently connected to: HellsGate-5.0G
[2025-04-21 15:29:24] [Information] Already connected to preferred network: HellsGate-5.0G
[2025-04-21 15:29:24] [Information] Waiting 18 minutes before next check...
[2025-04-21 15:47:24] [Information] Currently connected to: HellsGate-5.0G
[2025-04-21 15:47:24] [Information] Already connected to preferred network: HellsGate-5.0G
[2025-04-21 15:47:24] [Information] Waiting 19 minutes before next check...
[2025-04-21 16:06:24] [Information] Currently connected to: HellsGate-5.0G
[2025-04-21 16:06:24] [Information] Already connected to preferred network: HellsGate-5.0G
[2025-04-21 16:06:24] [Information] Waiting 19 minutes before next check...
[2025-04-21 16:25:24] [Information] Currently connected to: HellsGate-5.0G
[2025-04-21 16:25:24] [Information] Already connected to preferred network: HellsGate-5.0G
[2025-04-21 16:25:24] [Information] Waiting 22 minutes before next check...
[2025-04-21 16:47:24] [Information] Currently connected to: HellsGate-5.0G
[2025-04-21 16:47:24] [Information] Already connected to preferred network: HellsGate-5.0G
[2025-04-21 16:47:24] [Information] Waiting 24 minutes before next check...
[2025-04-21 17:11:24] [Information] Currently connected to: HellsGate-5.0G
[2025-04-21 17:11:24] [Information] Already connected to preferred network: HellsGate-5.0G
[2025-04-21 17:11:24] [Information] Waiting 25 minutes before next check...
[2025-04-21 17:36:24] [Information] Currently connected to: Merlin Wharf
[2025-04-21 17:36:24] [Information] Already connected to preferred network: Merlin Wharf
[2025-04-21 17:36:24] [Information] Waiting 20 minutes before next check...
[2025-04-21 17:56:24] [Information] Currently connected to: Merlin Wharf
[2025-04-21 17:56:24] [Information] Already connected to preferred network: Merlin Wharf
[2025-04-21 17:56:24] [Information] Waiting 15 minutes before next check...
[2025-04-21 18:11:25] [Information] Currently connected to: Merlin Wharf
[2025-04-21 18:11:25] [Information] Already connected to preferred network: Merlin Wharf
[2025-04-21 18:11:25] [Information] Waiting 29 minutes before next check...
[2025-04-21 18:40:25] [Information] Currently connected to: Merlin Wharf
[2025-04-21 18:40:25] [Information] Already connected to preferred network: Merlin Wharf
[2025-04-21 18:40:25] [Information] Waiting 28 minutes before next check...
[2025-04-21 19:08:25] [Information] Currently connected to: Merlin Wharf
[2025-04-21 19:08:25] [Information] Already connected to preferred network: Merlin Wharf
[2025-04-21 19:08:25] [Information] Waiting 12 minutes before next check...
[2025-04-21 19:20:25] [Information] Currently connected to: Merlin Wharf
[2025-04-21 19:20:25] [Information] Already connected to preferred network: Merlin Wharf
[2025-04-21 19:20:25] [Information] Waiting 11 minutes before next check...
[2025-04-21 19:31:25] [Information] Currently connected to: Merlin Wharf
[2025-04-21 19:31:25] [Information] Already connected to preferred network: Merlin Wharf
[2025-04-21 19:31:25] [Information] Waiting 11 minutes before next check...
[2025-04-21 19:42:25] [Information] Currently connected to: Merlin Wharf
[2025-04-21 19:42:25] [Information] Already connected to preferred network: Merlin Wharf
[2025-04-21 19:42:25] [Information] Waiting 22 minutes before next check...
[2025-04-21 20:04:25] [Information] Currently connected to: Merlin Wharf
[2025-04-21 20:04:25] [Information] Already connected to preferred network: Merlin Wharf
[2025-04-21 20:04:25] [Information] Waiting 24 minutes before next check...
[2025-04-21 20:28:25] [Information] Currently connected to: Merlin Wharf
[2025-04-21 20:28:25] [Information] Already connected to preferred network: Merlin Wharf
[2025-04-21 20:28:25] [Information] Waiting 21 minutes before next check...
[2025-04-21 20:49:25] [Information] Currently connected to: Merlin Wharf
[2025-04-21 20:49:25] [Information] Already connected to preferred network: Merlin Wharf
[2025-04-21 20:49:25] [Information] Waiting 13 minutes before next check...
[2025-04-21 21:02:25] [Information] Currently connected to: Merlin Wharf
[2025-04-21 21:02:25] [Information] Already connected to preferred network: Merlin Wharf
[2025-04-21 21:02:25] [Information] Waiting 27 minutes before next check...
[2025-04-21 21:29:25] [Information] Currently connected to: Merlin Wharf
[2025-04-21 21:29:25] [Information] Already connected to preferred network: Merlin Wharf
[2025-04-21 21:29:25] [Information] Waiting 15 minutes before next check...
[2025-04-21 21:44:25] [Information] Currently connected to: Merlin Wharf
[2025-04-21 21:44:25] [Information] Already connected to preferred network: Merlin Wharf
[2025-04-21 21:44:25] [Information] Waiting 11 minutes before next check...
[2025-04-21 21:55:26] [Information] Currently connected to: Merlin Wharf
[2025-04-21 21:55:26] [Information] Already connected to preferred network: Merlin Wharf
[2025-04-21 21:55:26] [Information] Waiting 10 minutes before next check...
[2025-04-21 22:05:26] [Information] Currently connected to: Merlin Wharf
[2025-04-21 22:05:26] [Information] Already connected to preferred network: Merlin Wharf
[2025-04-21 22:05:26] [Information] Waiting 16 minutes before next check...
[2025-04-21 22:21:26] [Information] Currently connected to: Merlin Wharf
[2025-04-21 22:21:26] [Information] Already connected to preferred network: Merlin Wharf
[2025-04-21 22:21:26] [Information] Waiting 18 minutes before next check...
[2025-04-21 22:39:26] [Information] Currently connected to: Merlin Wharf
[2025-04-21 22:39:26] [Information] Already connected to preferred network: Merlin Wharf
[2025-04-21 22:39:26] [Information] Waiting 15 minutes before next check...
[2025-04-21 22:54:26] [Information] Currently connected to: Merlin Wharf
[2025-04-21 22:54:26] [Information] Already connected to preferred network: Merlin Wharf
[2025-04-21 22:54:26] [Information] Waiting 16 minutes before next check...
[2025-04-21 23:10:26] [Information] Currently connected to: Merlin Wharf
[2025-04-21 23:10:26] [Information] Already connected to preferred network: Merlin Wharf
[2025-04-21 23:10:26] [Information] Waiting 21 minutes before next check...
[2025-04-21 23:31:26] [Information] Currently connected to: Merlin Wharf
[2025-04-21 23:31:26] [Information] Already connected to preferred network: Merlin Wharf
[2025-04-21 23:31:26] [Information] Waiting 17 minutes before next check...
[2025-04-21 23:48:26] [Information] Currently connected to: Merlin Wharf
[2025-04-21 23:48:26] [Information] Already connected to preferred network: Merlin Wharf
[2025-04-21 23:48:26] [Information] Waiting 11 minutes before next check...
[2025-04-21 23:59:26] [Information] Currently connected to: Merlin Wharf
[2025-04-21 23:59:26] [Information] Already connected to preferred network: Merlin Wharf
[2025-04-21 23:59:26] [Information] Waiting 19 minutes before next check...
