[2025-04-09 00:22:49] [Information] Currently connected to: HellsGate-5.0G
[2025-04-09 00:22:49] [Information] Already connected to preferred network: HellsGate-5.0G
[2025-04-09 00:22:49] [Information] Waiting 17 minutes before next check...
[2025-04-09 00:39:50] [Information] Currently connected to: HellsGate-5.0G
[2025-04-09 00:39:50] [Information] Already connected to preferred network: HellsGate-5.0G
[2025-04-09 00:39:50] [Information] Waiting 12 minutes before next check...
[2025-04-09 00:51:50] [Information] Currently connected to: HellsGate-5.0G
[2025-04-09 00:51:50] [Information] Already connected to preferred network: HellsGate-5.0G
[2025-04-09 00:51:50] [Information] Waiting 18 minutes before next check...
[2025-04-09 01:09:50] [Information] Currently connected to: HellsGate-5.0G
[2025-04-09 01:09:50] [Information] Already connected to preferred network: HellsGate-5.0G
[2025-04-09 01:09:50] [Information] Waiting 29 minutes before next check...
[2025-04-09 01:38:50] [Information] Currently connected to: HellsGate-5.0G
[2025-04-09 01:38:50] [Information] Already connected to preferred network: HellsGate-5.0G
[2025-04-09 01:38:50] [Information] Waiting 12 minutes before next check...
[2025-04-09 01:50:50] [Information] Currently connected to: HellsGate-5.0G
[2025-04-09 01:50:50] [Information] Already connected to preferred network: HellsGate-5.0G
[2025-04-09 01:50:50] [Information] Waiting 12 minutes before next check...
[2025-04-09 02:02:50] [Information] Currently connected to: HellsGate-5.0G
[2025-04-09 02:02:50] [Information] Already connected to preferred network: HellsGate-5.0G
[2025-04-09 02:02:50] [Information] Waiting 29 minutes before next check...
[2025-04-09 02:31:50] [Information] Currently connected to: HellsGate-5.0G
[2025-04-09 02:31:50] [Information] Already connected to preferred network: HellsGate-5.0G
[2025-04-09 02:31:50] [Information] Waiting 19 minutes before next check...
[2025-04-09 02:50:50] [Information] Currently connected to: HellsGate-5.0G
[2025-04-09 02:50:50] [Information] Already connected to preferred network: HellsGate-5.0G
[2025-04-09 02:50:50] [Information] Waiting 17 minutes before next check...
[2025-04-09 03:07:50] [Information] Currently connected to: HellsGate-5.0G
[2025-04-09 03:07:50] [Information] Already connected to preferred network: HellsGate-5.0G
[2025-04-09 03:07:50] [Information] Waiting 11 minutes before next check...
[2025-04-09 03:18:50] [Information] Currently connected to: HellsGate-5.0G
[2025-04-09 03:18:50] [Information] Already connected to preferred network: HellsGate-5.0G
[2025-04-09 03:18:50] [Information] Waiting 21 minutes before next check...
[2025-04-09 03:39:50] [Information] Currently connected to: HellsGate-5.0G
[2025-04-09 03:39:50] [Information] Already connected to preferred network: HellsGate-5.0G
[2025-04-09 03:39:50] [Information] Waiting 27 minutes before next check...
[2025-04-09 04:06:50] [Information] Currently connected to: HellsGate-5.0G
[2025-04-09 04:06:51] [Information] Already connected to preferred network: HellsGate-5.0G
[2025-04-09 04:06:51] [Information] Waiting 21 minutes before next check...
[2025-04-09 04:27:51] [Information] Currently connected to: HellsGate-5.0G
[2025-04-09 04:27:51] [Information] Already connected to preferred network: HellsGate-5.0G
[2025-04-09 04:27:51] [Information] Waiting 15 minutes before next check...
[2025-04-09 04:42:51] [Information] Currently connected to: HellsGate-5.0G
[2025-04-09 04:42:51] [Information] Already connected to preferred network: HellsGate-5.0G
[2025-04-09 04:42:51] [Information] Waiting 13 minutes before next check...
[2025-04-09 04:55:51] [Information] Currently connected to: HellsGate-5.0G
[2025-04-09 04:55:51] [Information] Already connected to preferred network: HellsGate-5.0G
[2025-04-09 04:55:51] [Information] Waiting 12 minutes before next check...
[2025-04-09 05:07:51] [Information] Currently connected to: HellsGate-5.0G
[2025-04-09 05:07:51] [Information] Already connected to preferred network: HellsGate-5.0G
[2025-04-09 05:07:51] [Information] Waiting 10 minutes before next check...
[2025-04-09 05:17:51] [Information] Currently connected to: HellsGate-5.0G
[2025-04-09 05:17:51] [Information] Already connected to preferred network: HellsGate-5.0G
[2025-04-09 05:17:51] [Information] Waiting 11 minutes before next check...
[2025-04-09 05:28:51] [Information] Currently connected to: HellsGate-5.0G
[2025-04-09 05:28:51] [Information] Already connected to preferred network: HellsGate-5.0G
[2025-04-09 05:28:51] [Information] Waiting 22 minutes before next check...
[2025-04-09 05:50:51] [Information] Currently connected to: HellsGate-5.0G
[2025-04-09 05:50:51] [Information] Already connected to preferred network: HellsGate-5.0G
[2025-04-09 05:50:51] [Information] Waiting 17 minutes before next check...
[2025-04-09 06:07:51] [Information] Currently connected to: HellsGate-5.0G
[2025-04-09 06:07:51] [Information] Already connected to preferred network: HellsGate-5.0G
[2025-04-09 06:07:51] [Information] Waiting 28 minutes before next check...
[2025-04-09 06:35:51] [Information] Currently connected to: HellsGate-5.0G
[2025-04-09 06:35:51] [Information] Already connected to preferred network: HellsGate-5.0G
[2025-04-09 06:35:51] [Information] Waiting 21 minutes before next check...
[2025-04-09 06:56:51] [Information] Currently connected to: HellsGate-5.0G
[2025-04-09 06:56:51] [Information] Already connected to preferred network: HellsGate-5.0G
[2025-04-09 06:56:51] [Information] Waiting 25 minutes before next check...
[2025-04-09 07:21:51] [Information] Currently connected to: HellsGate-5.0G
[2025-04-09 07:21:51] [Information] Already connected to preferred network: HellsGate-5.0G
[2025-04-09 07:21:51] [Information] Waiting 20 minutes before next check...
[2025-04-09 07:41:52] [Information] Currently connected to: HellsGate-5.0G
[2025-04-09 07:41:52] [Information] Already connected to preferred network: HellsGate-5.0G
[2025-04-09 07:41:52] [Information] Waiting 29 minutes before next check...
[2025-04-09 08:10:52] [Information] Currently connected to: HellsGate-5.0G
[2025-04-09 08:10:52] [Information] Already connected to preferred network: HellsGate-5.0G
[2025-04-09 08:10:52] [Information] Waiting 27 minutes before next check...
[2025-04-09 08:37:52] [Information] Currently connected to: HellsGate-5.0G
[2025-04-09 08:37:52] [Information] Already connected to preferred network: HellsGate-5.0G
[2025-04-09 08:37:52] [Information] Waiting 14 minutes before next check...
[2025-04-09 08:51:52] [Information] Currently connected to: HellsGate-5.0G
[2025-04-09 08:51:52] [Information] Already connected to preferred network: HellsGate-5.0G
[2025-04-09 08:51:52] [Information] Waiting 23 minutes before next check...
[2025-04-09 09:14:52] [Information] Currently connected to: HellsGate-5.0G
[2025-04-09 09:14:52] [Information] Already connected to preferred network: HellsGate-5.0G
[2025-04-09 09:14:52] [Information] Waiting 14 minutes before next check...
[2025-04-09 09:28:52] [Information] Currently connected to: HellsGate-5.0G
[2025-04-09 09:28:52] [Information] Already connected to preferred network: HellsGate-5.0G
[2025-04-09 09:28:52] [Information] Waiting 24 minutes before next check...
[2025-04-09 09:52:52] [Information] Currently connected to: HellsGate-5.0G
[2025-04-09 09:52:52] [Information] Already connected to preferred network: HellsGate-5.0G
[2025-04-09 09:52:52] [Information] Waiting 11 minutes before next check...
[2025-04-09 10:03:52] [Information] Currently connected to: HellsGate-5.0G
[2025-04-09 10:03:52] [Information] Already connected to preferred network: HellsGate-5.0G
[2025-04-09 10:03:52] [Information] Waiting 17 minutes before next check...
[2025-04-09 10:20:52] [Information] Currently connected to: HellsGate-5.0G
[2025-04-09 10:20:52] [Information] Already connected to preferred network: HellsGate-5.0G
[2025-04-09 10:20:52] [Information] Waiting 13 minutes before next check...
[2025-04-09 10:33:52] [Information] Currently connected to: HellsGate-5.0G
[2025-04-09 10:33:52] [Information] Already connected to preferred network: HellsGate-5.0G
[2025-04-09 10:33:52] [Information] Waiting 24 minutes before next check...
[2025-04-09 10:57:52] [Information] Currently connected to: HellsGate-5.0G
[2025-04-09 10:57:52] [Information] Already connected to preferred network: HellsGate-5.0G
[2025-04-09 10:57:52] [Information] Waiting 14 minutes before next check...
[2025-04-09 11:11:52] [Information] Currently connected to: HellsGate-5.0G
[2025-04-09 11:11:52] [Information] Already connected to preferred network: HellsGate-5.0G
[2025-04-09 11:11:52] [Information] Waiting 29 minutes before next check...
[2025-04-09 11:40:52] [Information] Currently connected to: HellsGate-5.0G
[2025-04-09 11:40:52] [Information] Already connected to preferred network: HellsGate-5.0G
[2025-04-09 11:40:52] [Information] Waiting 14 minutes before next check...
[2025-04-09 11:54:53] [Information] Currently connected to: HellsGate-5.0G
[2025-04-09 11:54:53] [Information] Already connected to preferred network: HellsGate-5.0G
[2025-04-09 11:54:53] [Information] Waiting 18 minutes before next check...
[2025-04-09 12:12:53] [Information] Currently connected to: HellsGate-5.0G
[2025-04-09 12:12:53] [Information] Already connected to preferred network: HellsGate-5.0G
[2025-04-09 12:12:53] [Information] Waiting 26 minutes before next check...
[2025-04-09 12:38:53] [Warning] No current WiFi connection
[2025-04-09 12:38:53] [Information] Scanning for preferred networks...
[2025-04-09 12:38:53] [Information] Found 9 networks
[2025-04-09 12:38:53] [Information] Attempting to connect to HellsGate-5.0G
[2025-04-09 12:38:58] [Information] Currently connected to: HellsGate-5.0G
[2025-04-09 12:38:58] [Information] Successfully connected to HellsGate-5.0G
[2025-04-09 12:38:58] [Information] Waiting 18 minutes before next check...
[2025-04-09 12:56:58] [Information] Currently connected to: HellsGate-5.0G
[2025-04-09 12:56:58] [Information] Already connected to preferred network: HellsGate-5.0G
[2025-04-09 12:56:58] [Information] Waiting 19 minutes before next check...
[2025-04-09 13:15:58] [Information] Currently connected to: HellsGate-5.0G
[2025-04-09 13:15:58] [Information] Already connected to preferred network: HellsGate-5.0G
[2025-04-09 13:15:58] [Information] Waiting 23 minutes before next check...
[2025-04-09 13:38:58] [Information] Currently connected to: HellsGate-5.0G
[2025-04-09 13:38:58] [Information] Already connected to preferred network: HellsGate-5.0G
[2025-04-09 13:38:58] [Information] Waiting 17 minutes before next check...
[2025-04-09 13:55:58] [Information] Currently connected to: HellsGate-5.0G
[2025-04-09 13:55:58] [Information] Already connected to preferred network: HellsGate-5.0G
[2025-04-09 13:55:58] [Information] Waiting 16 minutes before next check...
[2025-04-09 14:11:58] [Information] Currently connected to: HellsGate-5.0G
[2025-04-09 14:11:58] [Information] Already connected to preferred network: HellsGate-5.0G
[2025-04-09 14:11:58] [Information] Waiting 21 minutes before next check...
[2025-04-09 14:32:58] [Information] Currently connected to: HellsGate-5.0G
[2025-04-09 14:32:58] [Information] Already connected to preferred network: HellsGate-5.0G
[2025-04-09 14:32:58] [Information] Waiting 21 minutes before next check...
[2025-04-09 14:53:58] [Information] Currently connected to: HellsGate-5.0G
[2025-04-09 14:53:58] [Information] Already connected to preferred network: HellsGate-5.0G
[2025-04-09 14:53:58] [Information] Waiting 10 minutes before next check...
[2025-04-09 15:03:58] [Information] Currently connected to: HellsGate-5.0G
[2025-04-09 15:03:58] [Information] Already connected to preferred network: HellsGate-5.0G
[2025-04-09 15:03:58] [Information] Waiting 12 minutes before next check...
[2025-04-09 15:15:59] [Information] Currently connected to: HellsGate-5.0G
[2025-04-09 15:15:59] [Information] Already connected to preferred network: HellsGate-5.0G
[2025-04-09 15:15:59] [Information] Waiting 18 minutes before next check...
[2025-04-09 15:33:59] [Information] Currently connected to: HellsGate-5.0G
[2025-04-09 15:33:59] [Information] Already connected to preferred network: HellsGate-5.0G
[2025-04-09 15:33:59] [Information] Waiting 21 minutes before next check...
[2025-04-09 15:54:59] [Information] Currently connected to: HellsGate-5.0G
[2025-04-09 15:54:59] [Information] Already connected to preferred network: HellsGate-5.0G
[2025-04-09 15:54:59] [Information] Waiting 14 minutes before next check...
[2025-04-09 16:08:59] [Information] Currently connected to: HellsGate-5.0G
[2025-04-09 16:08:59] [Information] Already connected to preferred network: HellsGate-5.0G
[2025-04-09 16:08:59] [Information] Waiting 27 minutes before next check...
[2025-04-09 16:35:59] [Information] Currently connected to: HellsGate-5.0G
[2025-04-09 16:35:59] [Information] Already connected to preferred network: HellsGate-5.0G
[2025-04-09 16:35:59] [Information] Waiting 24 minutes before next check...
[2025-04-09 16:59:59] [Information] Currently connected to: HellsGate-5.0G
[2025-04-09 16:59:59] [Information] Already connected to preferred network: HellsGate-5.0G
[2025-04-09 16:59:59] [Information] Waiting 25 minutes before next check...
[2025-04-09 17:24:59] [Information] Currently connected to: HellsGate-5.0G
[2025-04-09 17:24:59] [Information] Already connected to preferred network: HellsGate-5.0G
[2025-04-09 17:24:59] [Information] Waiting 28 minutes before next check...
[2025-04-09 17:52:59] [Information] Currently connected to: HellsGate-5.0G
[2025-04-09 17:52:59] [Information] Already connected to preferred network: HellsGate-5.0G
[2025-04-09 17:52:59] [Information] Waiting 18 minutes before next check...
[2025-04-09 18:10:59] [Information] Currently connected to: HellsGate-5.0G
[2025-04-09 18:10:59] [Information] Already connected to preferred network: HellsGate-5.0G
[2025-04-09 18:10:59] [Information] Waiting 28 minutes before next check...
[2025-04-09 18:38:59] [Information] Currently connected to: HellsGate-5.0G
[2025-04-09 18:38:59] [Information] Already connected to preferred network: HellsGate-5.0G
[2025-04-09 18:38:59] [Information] Waiting 19 minutes before next check...
[2025-04-09 18:57:59] [Information] Currently connected to: HellsGate-5.0G
[2025-04-09 18:57:59] [Information] Already connected to preferred network: HellsGate-5.0G
[2025-04-09 18:57:59] [Information] Waiting 26 minutes before next check...
[2025-04-09 19:23:59] [Information] Currently connected to: HellsGate-5.0G
[2025-04-09 19:23:59] [Information] Already connected to preferred network: HellsGate-5.0G
[2025-04-09 19:23:59] [Information] Waiting 25 minutes before next check...
[2025-04-09 19:48:59] [Information] Currently connected to: HellsGate-5.0G
[2025-04-09 19:48:59] [Information] Already connected to preferred network: HellsGate-5.0G
[2025-04-09 19:48:59] [Information] Waiting 27 minutes before next check...
[2025-04-09 20:16:00] [Information] Currently connected to: HellsGate-5.0G
[2025-04-09 20:16:00] [Information] Already connected to preferred network: HellsGate-5.0G
[2025-04-09 20:16:00] [Information] Waiting 29 minutes before next check...
[2025-04-09 20:45:00] [Information] Currently connected to: HellsGate-5.0G
[2025-04-09 20:45:00] [Information] Already connected to preferred network: HellsGate-5.0G
[2025-04-09 20:45:00] [Information] Waiting 18 minutes before next check...
[2025-04-09 21:03:00] [Information] Currently connected to: HellsGate-5.0G
[2025-04-09 21:03:00] [Information] Already connected to preferred network: HellsGate-5.0G
[2025-04-09 21:03:00] [Information] Waiting 10 minutes before next check...
[2025-04-09 21:13:00] [Information] Currently connected to: HellsGate-5.0G
[2025-04-09 21:13:00] [Information] Already connected to preferred network: HellsGate-5.0G
[2025-04-09 21:13:00] [Information] Waiting 18 minutes before next check...
[2025-04-09 21:31:00] [Information] Currently connected to: HellsGate-5.0G
[2025-04-09 21:31:00] [Information] Already connected to preferred network: HellsGate-5.0G
[2025-04-09 21:31:00] [Information] Waiting 24 minutes before next check...
[2025-04-09 21:55:00] [Information] Currently connected to: HellsGate-5.0G
[2025-04-09 21:55:00] [Information] Already connected to preferred network: HellsGate-5.0G
[2025-04-09 21:55:00] [Information] Waiting 13 minutes before next check...
[2025-04-09 22:08:00] [Information] Currently connected to: HellsGate-5.0G
[2025-04-09 22:08:00] [Information] Already connected to preferred network: HellsGate-5.0G
[2025-04-09 22:08:00] [Information] Waiting 12 minutes before next check...
[2025-04-09 22:20:00] [Information] Currently connected to: HellsGate-5.0G
[2025-04-09 22:20:00] [Information] Already connected to preferred network: HellsGate-5.0G
[2025-04-09 22:20:00] [Information] Waiting 14 minutes before next check...
[2025-04-09 22:34:00] [Information] Currently connected to: HellsGate-5.0G
[2025-04-09 22:34:00] [Information] Already connected to preferred network: HellsGate-5.0G
[2025-04-09 22:34:00] [Information] Waiting 20 minutes before next check...
[2025-04-09 22:54:00] [Information] Currently connected to: HellsGate-5.0G
[2025-04-09 22:54:00] [Information] Already connected to preferred network: HellsGate-5.0G
[2025-04-09 22:54:00] [Information] Waiting 22 minutes before next check...
[2025-04-09 23:16:00] [Information] Currently connected to: HellsGate-5.0G
[2025-04-09 23:16:00] [Information] Already connected to preferred network: HellsGate-5.0G
[2025-04-09 23:16:00] [Information] Waiting 20 minutes before next check...
[2025-04-09 23:36:00] [Information] Currently connected to: HellsGate-5.0G
[2025-04-09 23:36:00] [Information] Already connected to preferred network: HellsGate-5.0G
[2025-04-09 23:36:00] [Information] Waiting 14 minutes before next check...
[2025-04-09 23:50:00] [Information] Currently connected to: HellsGate-5.0G
[2025-04-09 23:50:00] [Information] Already connected to preferred network: HellsGate-5.0G
[2025-04-09 23:50:00] [Information] Waiting 29 minutes before next check...
