[2025-03-15 00:02:54] [Information] Currently connected to: HellsGate-5.0G
[2025-03-15 00:02:54] [Information] Already connected to preferred network: HellsGate-5.0G
[2025-03-15 00:02:54] [Information] Waiting 27 minutes before next check...
[2025-03-15 00:29:55] [Information] Currently connected to: HellsGate-5.0G
[2025-03-15 00:29:55] [Information] Already connected to preferred network: HellsGate-5.0G
[2025-03-15 00:29:55] [Information] Waiting 29 minutes before next check...
[2025-03-15 00:58:55] [Information] Currently connected to: HellsGate-5.0G
[2025-03-15 00:58:55] [Information] Already connected to preferred network: HellsGate-5.0G
[2025-03-15 00:58:55] [Information] Waiting 11 minutes before next check...
[2025-03-15 01:09:55] [Information] Currently connected to: HellsGate-5.0G
[2025-03-15 01:09:55] [Information] Already connected to preferred network: HellsGate-5.0G
[2025-03-15 01:09:55] [Information] Waiting 11 minutes before next check...
[2025-03-15 01:20:55] [Information] Currently connected to: HellsGate-5.0G
[2025-03-15 01:20:55] [Information] Already connected to preferred network: HellsGate-5.0G
[2025-03-15 01:20:55] [Information] Waiting 14 minutes before next check...
[2025-03-15 01:34:55] [Information] Currently connected to: HellsGate-5.0G
[2025-03-15 01:34:55] [Information] Already connected to preferred network: HellsGate-5.0G
[2025-03-15 01:34:55] [Information] Waiting 10 minutes before next check...
[2025-03-15 01:44:55] [Information] Currently connected to: HellsGate-5.0G
[2025-03-15 01:44:55] [Information] Already connected to preferred network: HellsGate-5.0G
[2025-03-15 01:44:55] [Information] Waiting 27 minutes before next check...
[2025-03-15 02:11:55] [Information] Currently connected to: HellsGate-5.0G
[2025-03-15 02:11:55] [Information] Already connected to preferred network: HellsGate-5.0G
[2025-03-15 02:11:55] [Information] Waiting 28 minutes before next check...
[2025-03-15 02:39:55] [Information] Currently connected to: HellsGate-5.0G
[2025-03-15 02:39:55] [Information] Already connected to preferred network: HellsGate-5.0G
[2025-03-15 02:39:55] [Information] Waiting 15 minutes before next check...
[2025-03-15 02:54:55] [Information] Currently connected to: HellsGate-5.0G
[2025-03-15 02:54:55] [Information] Already connected to preferred network: HellsGate-5.0G
[2025-03-15 02:54:55] [Information] Waiting 19 minutes before next check...
[2025-03-15 03:13:55] [Information] Currently connected to: HellsGate-5.0G
[2025-03-15 03:13:55] [Information] Already connected to preferred network: HellsGate-5.0G
[2025-03-15 03:13:55] [Information] Waiting 14 minutes before next check...
[2025-03-15 03:27:55] [Information] Currently connected to: HellsGate-5.0G
[2025-03-15 03:27:55] [Information] Already connected to preferred network: HellsGate-5.0G
[2025-03-15 03:27:55] [Information] Waiting 16 minutes before next check...
[2025-03-15 03:43:55] [Information] Currently connected to: HellsGate-5.0G
[2025-03-15 03:43:55] [Information] Already connected to preferred network: HellsGate-5.0G
[2025-03-15 03:43:55] [Information] Waiting 13 minutes before next check...
[2025-03-15 03:56:55] [Information] Currently connected to: HellsGate-5.0G
[2025-03-15 03:56:55] [Information] Already connected to preferred network: HellsGate-5.0G
[2025-03-15 03:56:55] [Information] Waiting 18 minutes before next check...
[2025-03-15 04:14:56] [Information] Currently connected to: HellsGate-5.0G
[2025-03-15 04:14:56] [Information] Already connected to preferred network: HellsGate-5.0G
[2025-03-15 04:14:56] [Information] Waiting 18 minutes before next check...
[2025-03-15 04:32:56] [Information] Currently connected to: HellsGate-5.0G
[2025-03-15 04:32:56] [Information] Already connected to preferred network: HellsGate-5.0G
[2025-03-15 04:32:56] [Information] Waiting 21 minutes before next check...
[2025-03-15 04:54:02] [Information] Currently connected to: HellsGate-5.0G
[2025-03-15 04:54:02] [Information] Already connected to preferred network: HellsGate-5.0G
[2025-03-15 04:54:02] [Information] Waiting 10 minutes before next check...
[2025-03-15 05:04:02] [Information] Currently connected to: HellsGate-5.0G
[2025-03-15 05:04:02] [Information] Already connected to preferred network: HellsGate-5.0G
[2025-03-15 05:04:02] [Information] Waiting 15 minutes before next check...
[2025-03-15 05:19:02] [Information] Currently connected to: HellsGate-5.0G
[2025-03-15 05:19:02] [Information] Already connected to preferred network: HellsGate-5.0G
[2025-03-15 05:19:02] [Information] Waiting 16 minutes before next check...
[2025-03-15 05:35:02] [Information] Currently connected to: HellsGate-5.0G
[2025-03-15 05:35:02] [Information] Already connected to preferred network: HellsGate-5.0G
[2025-03-15 05:35:02] [Information] Waiting 16 minutes before next check...
[2025-03-15 05:51:02] [Information] Currently connected to: HellsGate-5.0G
[2025-03-15 05:51:02] [Information] Already connected to preferred network: HellsGate-5.0G
[2025-03-15 05:51:03] [Information] Waiting 10 minutes before next check...
[2025-03-15 06:01:03] [Information] Currently connected to: HellsGate-5.0G
[2025-03-15 06:01:03] [Information] Already connected to preferred network: HellsGate-5.0G
[2025-03-15 06:01:03] [Information] Waiting 22 minutes before next check...
[2025-03-15 06:23:03] [Information] Currently connected to: HellsGate-5.0G
[2025-03-15 06:23:03] [Information] Already connected to preferred network: HellsGate-5.0G
[2025-03-15 06:23:03] [Information] Waiting 17 minutes before next check...
[2025-03-15 06:40:03] [Information] Currently connected to: HellsGate-5.0G
[2025-03-15 06:40:03] [Information] Already connected to preferred network: HellsGate-5.0G
[2025-03-15 06:40:03] [Information] Waiting 11 minutes before next check...
[2025-03-15 06:51:03] [Information] Currently connected to: HellsGate-5.0G
[2025-03-15 06:51:03] [Information] Already connected to preferred network: HellsGate-5.0G
[2025-03-15 06:51:03] [Information] Waiting 25 minutes before next check...
[2025-03-15 07:16:03] [Information] Currently connected to: HellsGate-5.0G
[2025-03-15 07:16:03] [Information] Already connected to preferred network: HellsGate-5.0G
[2025-03-15 07:16:03] [Information] Waiting 19 minutes before next check...
[2025-03-15 07:35:03] [Information] Currently connected to: HellsGate-5.0G
[2025-03-15 07:35:03] [Information] Already connected to preferred network: HellsGate-5.0G
[2025-03-15 07:35:03] [Information] Waiting 27 minutes before next check...
[2025-03-15 08:02:03] [Information] Currently connected to: HellsGate-5.0G
[2025-03-15 08:02:03] [Information] Already connected to preferred network: HellsGate-5.0G
[2025-03-15 08:02:03] [Information] Waiting 12 minutes before next check...
[2025-03-15 08:14:03] [Information] Currently connected to: HellsGate-5.0G
[2025-03-15 08:14:03] [Information] Already connected to preferred network: HellsGate-5.0G
[2025-03-15 08:14:03] [Information] Waiting 12 minutes before next check...
[2025-03-15 08:26:03] [Information] Currently connected to: HellsGate-5.0G
[2025-03-15 08:26:03] [Information] Already connected to preferred network: HellsGate-5.0G
[2025-03-15 08:26:03] [Information] Waiting 24 minutes before next check...
[2025-03-15 08:50:03] [Information] Currently connected to: HellsGate-5.0G
[2025-03-15 08:50:03] [Information] Already connected to preferred network: HellsGate-5.0G
[2025-03-15 08:50:03] [Information] Waiting 26 minutes before next check...
[2025-03-15 09:16:03] [Information] Currently connected to: HellsGate-5.0G
[2025-03-15 09:16:03] [Information] Already connected to preferred network: HellsGate-5.0G
[2025-03-15 09:16:03] [Information] Waiting 22 minutes before next check...
[2025-03-15 09:38:03] [Information] Currently connected to: HellsGate-5.0G
[2025-03-15 09:38:03] [Information] Already connected to preferred network: HellsGate-5.0G
[2025-03-15 09:38:03] [Information] Waiting 26 minutes before next check...
[2025-03-15 10:04:03] [Information] Currently connected to: HellsGate-5.0G
[2025-03-15 10:04:03] [Information] Already connected to preferred network: HellsGate-5.0G
[2025-03-15 10:04:03] [Information] Waiting 25 minutes before next check...
[2025-03-15 10:29:04] [Information] Currently connected to: HellsGate-5.0G
[2025-03-15 10:29:04] [Information] Already connected to preferred network: HellsGate-5.0G
[2025-03-15 10:29:04] [Information] Waiting 18 minutes before next check...
[2025-03-15 10:47:04] [Information] Currently connected to: HellsGate-5.0G
[2025-03-15 10:47:04] [Information] Already connected to preferred network: HellsGate-5.0G
[2025-03-15 10:47:04] [Information] Waiting 11 minutes before next check...
[2025-03-15 10:58:04] [Information] Currently connected to: HellsGate-5.0G
[2025-03-15 10:58:04] [Information] Already connected to preferred network: HellsGate-5.0G
[2025-03-15 10:58:04] [Information] Waiting 19 minutes before next check...
[2025-03-15 11:17:04] [Information] Currently connected to: HellsGate-5.0G
[2025-03-15 11:17:04] [Information] Already connected to preferred network: HellsGate-5.0G
[2025-03-15 11:17:04] [Information] Waiting 12 minutes before next check...
[2025-03-15 11:29:04] [Information] Currently connected to: HellsGate-5.0G
[2025-03-15 11:29:04] [Information] Already connected to preferred network: HellsGate-5.0G
[2025-03-15 11:29:04] [Information] Waiting 28 minutes before next check...
[2025-03-15 11:57:04] [Information] Currently connected to: HellsGate-5.0G
[2025-03-15 11:57:04] [Information] Already connected to preferred network: HellsGate-5.0G
[2025-03-15 11:57:04] [Information] Waiting 23 minutes before next check...
[2025-03-15 12:20:04] [Information] Currently connected to: HellsGate-5.0G
[2025-03-15 12:20:04] [Information] Already connected to preferred network: HellsGate-5.0G
[2025-03-15 12:20:04] [Information] Waiting 13 minutes before next check...
[2025-03-15 12:33:04] [Information] Currently connected to: HellsGate-5.0G
[2025-03-15 12:33:04] [Information] Already connected to preferred network: HellsGate-5.0G
[2025-03-15 12:33:04] [Information] Waiting 14 minutes before next check...
[2025-03-15 12:47:04] [Information] Currently connected to: HellsGate-5.0G
[2025-03-15 12:47:04] [Information] Already connected to preferred network: HellsGate-5.0G
[2025-03-15 12:47:04] [Information] Waiting 10 minutes before next check...
[2025-03-15 12:57:04] [Information] Currently connected to: HellsGate-5.0G
[2025-03-15 12:57:04] [Information] Already connected to preferred network: HellsGate-5.0G
[2025-03-15 12:57:04] [Information] Waiting 29 minutes before next check...
[2025-03-15 13:26:04] [Information] Currently connected to: HellsGate-5.0G
[2025-03-15 13:26:04] [Information] Already connected to preferred network: HellsGate-5.0G
[2025-03-15 13:26:04] [Information] Waiting 18 minutes before next check...
[2025-03-15 13:44:04] [Information] Currently connected to: HellsGate-5.0G
[2025-03-15 13:44:04] [Information] Already connected to preferred network: HellsGate-5.0G
[2025-03-15 13:44:04] [Information] Waiting 21 minutes before next check...
[2025-03-15 14:05:04] [Information] Currently connected to: HellsGate-5.0G
[2025-03-15 14:05:04] [Information] Already connected to preferred network: HellsGate-5.0G
[2025-03-15 14:05:04] [Information] Waiting 23 minutes before next check...
[2025-03-15 14:28:05] [Information] Currently connected to: HellsGate-5.0G
[2025-03-15 14:28:05] [Information] Already connected to preferred network: HellsGate-5.0G
[2025-03-15 14:28:05] [Information] Waiting 28 minutes before next check...
[2025-03-15 14:56:05] [Information] Currently connected to: HellsGate-5.0G
[2025-03-15 14:56:05] [Information] Already connected to preferred network: HellsGate-5.0G
[2025-03-15 14:56:05] [Information] Waiting 21 minutes before next check...
[2025-03-15 15:17:05] [Information] Currently connected to: HellsGate-5.0G
[2025-03-15 15:17:05] [Information] Already connected to preferred network: HellsGate-5.0G
[2025-03-15 15:17:05] [Information] Waiting 28 minutes before next check...
[2025-03-15 15:45:05] [Information] Currently connected to: HellsGate-5.0G
[2025-03-15 15:45:05] [Information] Already connected to preferred network: HellsGate-5.0G
[2025-03-15 15:45:05] [Information] Waiting 10 minutes before next check...
[2025-03-15 15:55:05] [Information] Currently connected to: HellsGate-5.0G
[2025-03-15 15:55:05] [Information] Already connected to preferred network: HellsGate-5.0G
[2025-03-15 15:55:05] [Information] Waiting 25 minutes before next check...
[2025-03-15 16:20:05] [Information] Currently connected to: HellsGate-5.0G
[2025-03-15 16:20:05] [Information] Already connected to preferred network: HellsGate-5.0G
[2025-03-15 16:20:05] [Information] Waiting 29 minutes before next check...
[2025-03-15 16:49:05] [Information] Currently connected to: HellsGate-5.0G
[2025-03-15 16:49:05] [Information] Already connected to preferred network: HellsGate-5.0G
[2025-03-15 16:49:05] [Information] Waiting 16 minutes before next check...
[2025-03-15 17:05:05] [Information] Currently connected to: HellsGate-5.0G
[2025-03-15 17:05:05] [Information] Already connected to preferred network: HellsGate-5.0G
[2025-03-15 17:05:05] [Information] Waiting 21 minutes before next check...
[2025-03-15 17:26:05] [Information] Currently connected to: HellsGate-5.0G
[2025-03-15 17:26:05] [Information] Already connected to preferred network: HellsGate-5.0G
[2025-03-15 17:26:05] [Information] Waiting 14 minutes before next check...
[2025-03-15 17:40:05] [Information] Currently connected to: HellsGate-5.0G
[2025-03-15 17:40:05] [Information] Already connected to preferred network: HellsGate-5.0G
[2025-03-15 17:40:05] [Information] Waiting 12 minutes before next check...
[2025-03-15 17:52:05] [Information] Currently connected to: HellsGate-5.0G
[2025-03-15 17:52:05] [Information] Already connected to preferred network: HellsGate-5.0G
[2025-03-15 17:52:05] [Information] Waiting 24 minutes before next check...
[2025-03-15 18:16:05] [Information] Currently connected to: HellsGate-5.0G
[2025-03-15 18:16:05] [Information] Already connected to preferred network: HellsGate-5.0G
[2025-03-15 18:16:05] [Information] Waiting 24 minutes before next check...
[2025-03-15 18:40:05] [Information] Currently connected to: HellsGate-5.0G
[2025-03-15 18:40:05] [Information] Already connected to preferred network: HellsGate-5.0G
[2025-03-15 18:40:05] [Information] Waiting 19 minutes before next check...
[2025-03-15 18:59:05] [Information] Currently connected to: HellsGate-5.0G
[2025-03-15 18:59:05] [Information] Already connected to preferred network: HellsGate-5.0G
[2025-03-15 18:59:05] [Information] Waiting 22 minutes before next check...
[2025-03-15 19:21:06] [Information] Currently connected to: HellsGate-5.0G
[2025-03-15 19:21:06] [Information] Already connected to preferred network: HellsGate-5.0G
[2025-03-15 19:21:06] [Information] Waiting 13 minutes before next check...
[2025-03-15 19:34:06] [Information] Currently connected to: HellsGate-5.0G
[2025-03-15 19:34:06] [Information] Already connected to preferred network: HellsGate-5.0G
[2025-03-15 19:34:06] [Information] Waiting 11 minutes before next check...
[2025-03-15 19:45:06] [Information] Currently connected to: HellsGate-5.0G
[2025-03-15 19:45:06] [Information] Already connected to preferred network: HellsGate-5.0G
[2025-03-15 19:45:06] [Information] Waiting 28 minutes before next check...
[2025-03-15 20:13:06] [Information] Currently connected to: HellsGate-5.0G
[2025-03-15 20:13:06] [Information] Already connected to preferred network: HellsGate-5.0G
[2025-03-15 20:13:06] [Information] Waiting 11 minutes before next check...
[2025-03-15 20:24:06] [Information] Currently connected to: HellsGate-5.0G
[2025-03-15 20:24:06] [Information] Already connected to preferred network: HellsGate-5.0G
[2025-03-15 20:24:06] [Information] Waiting 26 minutes before next check...
[2025-03-15 20:50:06] [Information] Currently connected to: HellsGate-5.0G
[2025-03-15 20:50:06] [Information] Already connected to preferred network: HellsGate-5.0G
[2025-03-15 20:50:06] [Information] Waiting 28 minutes before next check...
[2025-03-15 21:18:06] [Information] Currently connected to: HellsGate-5.0G
[2025-03-15 21:18:06] [Information] Already connected to preferred network: HellsGate-5.0G
[2025-03-15 21:18:06] [Information] Waiting 29 minutes before next check...
[2025-03-15 21:47:06] [Warning] No current WiFi connection
[2025-03-15 21:47:06] [Information] Scanning for preferred networks...
[2025-03-15 21:47:06] [Information] Found 6 networks
[2025-03-15 21:47:06] [Information] Attempting to connect to HellsGate-5.0G
[2025-03-15 21:47:11] [Information] Currently connected to: HellsGate-5.0G
[2025-03-15 21:47:11] [Information] Successfully connected to HellsGate-5.0G
[2025-03-15 21:47:11] [Information] Waiting 13 minutes before next check...
[2025-03-15 22:00:11] [Information] Currently connected to: HellsGate-5.0G
[2025-03-15 22:00:11] [Information] Already connected to preferred network: HellsGate-5.0G
[2025-03-15 22:00:11] [Information] Waiting 18 minutes before next check...
[2025-03-15 22:18:11] [Information] Currently connected to: HellsGate-5.0G
[2025-03-15 22:18:11] [Information] Already connected to preferred network: HellsGate-5.0G
[2025-03-15 22:18:11] [Information] Waiting 12 minutes before next check...
[2025-03-15 22:30:11] [Information] Currently connected to: HellsGate-5.0G
[2025-03-15 22:30:11] [Information] Already connected to preferred network: HellsGate-5.0G
[2025-03-15 22:30:11] [Information] Waiting 22 minutes before next check...
[2025-03-15 22:52:12] [Information] Currently connected to: HellsGate-5.0G
[2025-03-15 22:52:12] [Information] Already connected to preferred network: HellsGate-5.0G
[2025-03-15 22:52:12] [Information] Waiting 26 minutes before next check...
[2025-03-15 23:18:12] [Information] Currently connected to: HellsGate-5.0G
[2025-03-15 23:18:12] [Information] Already connected to preferred network: HellsGate-5.0G
[2025-03-15 23:18:12] [Information] Waiting 26 minutes before next check...
[2025-03-15 23:44:12] [Information] Currently connected to: HellsGate-5.0G
[2025-03-15 23:44:12] [Information] Already connected to preferred network: HellsGate-5.0G
[2025-03-15 23:44:12] [Information] Waiting 13 minutes before next check...
[2025-03-15 23:57:12] [Information] Currently connected to: HellsGate-5.0G
[2025-03-15 23:57:12] [Information] Already connected to preferred network: HellsGate-5.0G
[2025-03-15 23:57:12] [Information] Waiting 22 minutes before next check...
