[2025-03-01 01:30:45] [Information] Successfully registered scheduled task
[2025-03-01 01:30:46] [Information] WiFi connection manager started
[2025-03-01 01:30:46] [Warning] No current WiFi connection
[2025-03-01 01:30:46] [Information] Scanning for preferred networks...
[2025-03-01 01:30:48] [Information] Found 5 networks
[2025-03-01 01:30:48] [Information] Attempting to connect to HellsGate-5.0G
[2025-03-01 01:30:53] [Information] Currently connected to: HellsGate-5.0G
[2025-03-01 01:30:53] [Information] Successfully connected to HellsGate-5.0G
[2025-03-01 01:30:53] [Information] Waiting 24 minutes before next check...
[2025-03-01 01:54:53] [Information] Currently connected to: HellsGate-5.0G
[2025-03-01 01:54:53] [Information] Already connected to preferred network: HellsGate-5.0G
[2025-03-01 01:54:53] [Information] Waiting 26 minutes before next check...
[2025-03-01 02:20:53] [Information] Currently connected to: HellsGate-5.0G
[2025-03-01 02:20:53] [Information] Already connected to preferred network: HellsGate-5.0G
[2025-03-01 02:20:53] [Information] Waiting 21 minutes before next check...
[2025-03-01 02:41:53] [Information] Currently connected to: HellsGate-5.0G
[2025-03-01 02:41:53] [Information] Already connected to preferred network: HellsGate-5.0G
[2025-03-01 02:41:53] [Information] Waiting 15 minutes before next check...
[2025-03-01 02:56:53] [Information] Currently connected to: HellsGate-5.0G
[2025-03-01 02:56:53] [Information] Already connected to preferred network: HellsGate-5.0G
[2025-03-01 02:56:53] [Information] Waiting 15 minutes before next check...
[2025-03-01 03:11:53] [Information] Currently connected to: HellsGate-5.0G
[2025-03-01 03:11:53] [Information] Already connected to preferred network: HellsGate-5.0G
[2025-03-01 03:11:53] [Information] Waiting 25 minutes before next check...
[2025-03-01 03:36:53] [Information] Currently connected to: HellsGate-5.0G
[2025-03-01 03:36:53] [Information] Already connected to preferred network: HellsGate-5.0G
[2025-03-01 03:36:53] [Information] Waiting 14 minutes before next check...
[2025-03-01 03:50:53] [Information] Currently connected to: HellsGate-5.0G
[2025-03-01 03:50:53] [Information] Already connected to preferred network: HellsGate-5.0G
[2025-03-01 03:50:53] [Information] Waiting 29 minutes before next check...
[2025-03-01 04:19:53] [Information] Currently connected to: HellsGate-5.0G
[2025-03-01 04:19:53] [Information] Already connected to preferred network: HellsGate-5.0G
[2025-03-01 04:19:53] [Information] Waiting 24 minutes before next check...
[2025-03-01 04:43:54] [Information] Currently connected to: HellsGate-5.0G
[2025-03-01 04:43:54] [Information] Already connected to preferred network: HellsGate-5.0G
[2025-03-01 04:43:54] [Information] Waiting 15 minutes before next check...
[2025-03-01 04:58:54] [Information] Currently connected to: HellsGate-5.0G
[2025-03-01 04:58:54] [Information] Already connected to preferred network: HellsGate-5.0G
[2025-03-01 04:58:54] [Information] Waiting 27 minutes before next check...
[2025-03-01 05:25:54] [Information] Currently connected to: HellsGate-5.0G
[2025-03-01 05:25:54] [Information] Already connected to preferred network: HellsGate-5.0G
[2025-03-01 05:25:54] [Information] Waiting 25 minutes before next check...
[2025-03-01 05:50:54] [Information] Currently connected to: HellsGate-5.0G
[2025-03-01 05:50:54] [Information] Already connected to preferred network: HellsGate-5.0G
[2025-03-01 05:50:54] [Information] Waiting 22 minutes before next check...
[2025-03-01 06:12:54] [Information] Currently connected to: HellsGate-5.0G
[2025-03-01 06:12:54] [Information] Already connected to preferred network: HellsGate-5.0G
[2025-03-01 06:12:54] [Information] Waiting 27 minutes before next check...
[2025-03-01 06:39:54] [Information] Currently connected to: HellsGate-5.0G
[2025-03-01 06:39:54] [Information] Already connected to preferred network: HellsGate-5.0G
[2025-03-01 06:39:54] [Information] Waiting 20 minutes before next check...
[2025-03-01 06:59:54] [Information] Currently connected to: HellsGate-5.0G
[2025-03-01 06:59:54] [Information] Already connected to preferred network: HellsGate-5.0G
[2025-03-01 06:59:54] [Information] Waiting 22 minutes before next check...
[2025-03-01 07:21:54] [Information] Currently connected to: HellsGate-5.0G
[2025-03-01 07:21:54] [Information] Already connected to preferred network: HellsGate-5.0G
[2025-03-01 07:21:54] [Information] Waiting 29 minutes before next check...
[2025-03-01 07:50:54] [Information] Currently connected to: HellsGate-5.0G
[2025-03-01 07:50:54] [Information] Already connected to preferred network: HellsGate-5.0G
[2025-03-01 07:50:54] [Information] Waiting 27 minutes before next check...
[2025-03-01 08:17:54] [Information] Currently connected to: HellsGate-5.0G
[2025-03-01 08:17:54] [Information] Already connected to preferred network: HellsGate-5.0G
[2025-03-01 08:17:54] [Information] Waiting 27 minutes before next check...
[2025-03-01 08:44:54] [Information] Currently connected to: HellsGate-5.0G
[2025-03-01 08:44:54] [Information] Already connected to preferred network: HellsGate-5.0G
[2025-03-01 08:44:54] [Information] Waiting 17 minutes before next check...
[2025-03-01 09:01:54] [Information] Currently connected to: HellsGate-5.0G
[2025-03-01 09:01:54] [Information] Already connected to preferred network: HellsGate-5.0G
[2025-03-01 09:01:54] [Information] Waiting 11 minutes before next check...
[2025-03-01 09:12:55] [Information] Currently connected to: HellsGate-5.0G
[2025-03-01 09:12:55] [Information] Already connected to preferred network: HellsGate-5.0G
[2025-03-01 09:12:55] [Information] Waiting 16 minutes before next check...
[2025-03-01 09:28:55] [Information] Currently connected to: HellsGate-5.0G
[2025-03-01 09:28:55] [Information] Already connected to preferred network: HellsGate-5.0G
[2025-03-01 09:28:55] [Information] Waiting 12 minutes before next check...
[2025-03-01 09:40:55] [Information] Currently connected to: HellsGate-5.0G
[2025-03-01 09:40:55] [Information] Already connected to preferred network: HellsGate-5.0G
[2025-03-01 09:40:55] [Information] Waiting 14 minutes before next check...
[2025-03-01 09:54:55] [Information] Currently connected to: HellsGate-5.0G
[2025-03-01 09:54:55] [Information] Already connected to preferred network: HellsGate-5.0G
[2025-03-01 09:54:55] [Information] Waiting 13 minutes before next check...
[2025-03-01 10:07:55] [Information] Currently connected to: HellsGate-5.0G
[2025-03-01 10:07:55] [Information] Already connected to preferred network: HellsGate-5.0G
[2025-03-01 10:07:55] [Information] Waiting 24 minutes before next check...
[2025-03-01 10:31:55] [Information] Currently connected to: HellsGate-5.0G
[2025-03-01 10:31:55] [Information] Already connected to preferred network: HellsGate-5.0G
[2025-03-01 10:31:55] [Information] Waiting 18 minutes before next check...
[2025-03-01 10:49:55] [Information] Currently connected to: HellsGate-5.0G
[2025-03-01 10:49:55] [Information] Already connected to preferred network: HellsGate-5.0G
[2025-03-01 10:49:55] [Information] Waiting 17 minutes before next check...
[2025-03-01 11:06:55] [Information] Currently connected to: HellsGate-5.0G
[2025-03-01 11:06:55] [Information] Already connected to preferred network: HellsGate-5.0G
[2025-03-01 11:06:55] [Information] Waiting 21 minutes before next check...
[2025-03-01 11:27:55] [Information] Currently connected to: HellsGate-5.0G
[2025-03-01 11:27:55] [Information] Already connected to preferred network: HellsGate-5.0G
[2025-03-01 11:27:55] [Information] Waiting 29 minutes before next check...
[2025-03-01 11:56:55] [Information] Currently connected to: HellsGate-5.0G
[2025-03-01 11:56:55] [Information] Already connected to preferred network: HellsGate-5.0G
[2025-03-01 11:56:55] [Information] Waiting 16 minutes before next check...
[2025-03-01 12:12:55] [Information] Currently connected to: HellsGate-5.0G
[2025-03-01 12:12:55] [Information] Already connected to preferred network: HellsGate-5.0G
[2025-03-01 12:12:55] [Information] Waiting 22 minutes before next check...
[2025-03-01 12:34:55] [Information] Currently connected to: HellsGate-5.0G
[2025-03-01 12:34:55] [Information] Already connected to preferred network: HellsGate-5.0G
[2025-03-01 12:34:55] [Information] Waiting 28 minutes before next check...
[2025-03-01 13:02:55] [Information] Currently connected to: HellsGate-5.0G
[2025-03-01 13:02:55] [Information] Already connected to preferred network: HellsGate-5.0G
[2025-03-01 13:02:55] [Information] Waiting 24 minutes before next check...
[2025-03-01 13:26:55] [Information] Currently connected to: HellsGate-5.0G
[2025-03-01 13:26:55] [Information] Already connected to preferred network: HellsGate-5.0G
[2025-03-01 13:26:55] [Information] Waiting 10 minutes before next check...
[2025-03-01 13:36:56] [Information] Currently connected to: HellsGate-5.0G
[2025-03-01 13:36:56] [Information] Already connected to preferred network: HellsGate-5.0G
[2025-03-01 13:36:56] [Information] Waiting 20 minutes before next check...
[2025-03-01 13:56:56] [Information] Currently connected to: HellsGate-5.0G
[2025-03-01 13:56:56] [Information] Already connected to preferred network: HellsGate-5.0G
[2025-03-01 13:56:56] [Information] Waiting 29 minutes before next check...
[2025-03-01 14:25:56] [Information] Currently connected to: HellsGate-5.0G
[2025-03-01 14:25:56] [Information] Already connected to preferred network: HellsGate-5.0G
[2025-03-01 14:25:56] [Information] Waiting 19 minutes before next check...
[2025-03-01 14:44:56] [Information] Currently connected to: HellsGate-5.0G
[2025-03-01 14:44:56] [Information] Already connected to preferred network: HellsGate-5.0G
[2025-03-01 14:44:56] [Information] Waiting 23 minutes before next check...
[2025-03-01 15:07:56] [Information] Currently connected to: HellsGate-5.0G
[2025-03-01 15:07:56] [Information] Already connected to preferred network: HellsGate-5.0G
[2025-03-01 15:07:56] [Information] Waiting 13 minutes before next check...
[2025-03-01 15:20:56] [Information] Currently connected to: HellsGate-5.0G
[2025-03-01 15:20:56] [Information] Already connected to preferred network: HellsGate-5.0G
[2025-03-01 15:20:56] [Information] Waiting 20 minutes before next check...
[2025-03-01 15:40:56] [Information] Currently connected to: HellsGate-5.0G
[2025-03-01 15:40:56] [Information] Already connected to preferred network: HellsGate-5.0G
[2025-03-01 15:40:56] [Information] Waiting 13 minutes before next check...
[2025-03-01 15:53:56] [Information] Currently connected to: HellsGate-5.0G
[2025-03-01 15:53:56] [Information] Already connected to preferred network: HellsGate-5.0G
[2025-03-01 15:53:56] [Information] Waiting 24 minutes before next check...
[2025-03-01 16:17:56] [Information] Currently connected to: HellsGate-5.0G
[2025-03-01 16:17:56] [Information] Already connected to preferred network: HellsGate-5.0G
[2025-03-01 16:17:56] [Information] Waiting 11 minutes before next check...
[2025-03-01 16:28:56] [Information] Currently connected to: HellsGate-5.0G
[2025-03-01 16:28:56] [Information] Already connected to preferred network: HellsGate-5.0G
[2025-03-01 16:28:56] [Information] Waiting 19 minutes before next check...
[2025-03-01 16:47:56] [Information] Currently connected to: HellsGate-5.0G
[2025-03-01 16:47:56] [Information] Already connected to preferred network: HellsGate-5.0G
[2025-03-01 16:47:56] [Information] Waiting 27 minutes before next check...
[2025-03-01 17:14:56] [Information] Currently connected to: HellsGate-5.0G
[2025-03-01 17:14:56] [Information] Already connected to preferred network: HellsGate-5.0G
[2025-03-01 17:14:56] [Information] Waiting 16 minutes before next check...
[2025-03-01 17:30:56] [Information] Currently connected to: HellsGate-5.0G
[2025-03-01 17:30:56] [Information] Already connected to preferred network: HellsGate-5.0G
[2025-03-01 17:30:56] [Information] Waiting 13 minutes before next check...
[2025-03-01 17:43:56] [Information] Currently connected to: HellsGate-5.0G
[2025-03-01 17:43:56] [Information] Already connected to preferred network: HellsGate-5.0G
[2025-03-01 17:43:56] [Information] Waiting 16 minutes before next check...
[2025-03-01 17:59:57] [Information] Currently connected to: HellsGate-5.0G
[2025-03-01 17:59:57] [Information] Already connected to preferred network: HellsGate-5.0G
[2025-03-01 17:59:57] [Information] Waiting 18 minutes before next check...
[2025-03-01 18:17:57] [Information] Currently connected to: HellsGate-5.0G
[2025-03-01 18:17:57] [Information] Already connected to preferred network: HellsGate-5.0G
[2025-03-01 18:17:57] [Information] Waiting 15 minutes before next check...
[2025-03-01 18:32:57] [Information] Currently connected to: HellsGate-5.0G
[2025-03-01 18:32:57] [Information] Already connected to preferred network: HellsGate-5.0G
[2025-03-01 18:32:57] [Information] Waiting 18 minutes before next check...
[2025-03-01 18:50:57] [Information] Currently connected to: HellsGate-5.0G
[2025-03-01 18:50:57] [Information] Already connected to preferred network: HellsGate-5.0G
[2025-03-01 18:50:57] [Information] Waiting 27 minutes before next check...
[2025-03-01 19:17:57] [Information] Currently connected to: HellsGate-5.0G
[2025-03-01 19:17:57] [Information] Already connected to preferred network: HellsGate-5.0G
[2025-03-01 19:17:57] [Information] Waiting 16 minutes before next check...
[2025-03-01 19:33:57] [Information] Currently connected to: HellsGate-5.0G
[2025-03-01 19:33:57] [Information] Already connected to preferred network: HellsGate-5.0G
[2025-03-01 19:33:57] [Information] Waiting 24 minutes before next check...
[2025-03-01 19:57:57] [Information] Currently connected to: HellsGate-5.0G
[2025-03-01 19:57:57] [Information] Already connected to preferred network: HellsGate-5.0G
[2025-03-01 19:57:57] [Information] Waiting 20 minutes before next check...
[2025-03-01 20:17:57] [Information] Currently connected to: HellsGate-5.0G
[2025-03-01 20:17:57] [Information] Already connected to preferred network: HellsGate-5.0G
[2025-03-01 20:17:57] [Information] Waiting 22 minutes before next check...
[2025-03-01 20:39:57] [Information] Currently connected to: HellsGate-5.0G
[2025-03-01 20:39:57] [Information] Already connected to preferred network: HellsGate-5.0G
[2025-03-01 20:39:57] [Information] Waiting 16 minutes before next check...
[2025-03-01 20:55:57] [Information] Currently connected to: HellsGate-5.0G
[2025-03-01 20:55:57] [Information] Already connected to preferred network: HellsGate-5.0G
[2025-03-01 20:55:57] [Information] Waiting 13 minutes before next check...
[2025-03-01 21:08:57] [Information] Currently connected to: HellsGate-5.0G
[2025-03-01 21:08:57] [Information] Already connected to preferred network: HellsGate-5.0G
[2025-03-01 21:08:57] [Information] Waiting 26 minutes before next check...
[2025-03-01 21:34:57] [Information] Currently connected to: HellsGate-5.0G
[2025-03-01 21:34:57] [Information] Already connected to preferred network: HellsGate-5.0G
[2025-03-01 21:34:57] [Information] Waiting 11 minutes before next check...
[2025-03-01 21:45:57] [Information] Currently connected to: HellsGate-5.0G
[2025-03-01 21:45:57] [Information] Already connected to preferred network: HellsGate-5.0G
[2025-03-01 21:45:57] [Information] Waiting 27 minutes before next check...
[2025-03-01 22:12:57] [Information] Currently connected to: HellsGate-5.0G
[2025-03-01 22:12:57] [Information] Already connected to preferred network: HellsGate-5.0G
[2025-03-01 22:12:57] [Information] Waiting 10 minutes before next check...
[2025-03-01 22:22:58] [Information] Currently connected to: HellsGate-5.0G
[2025-03-01 22:22:58] [Information] Already connected to preferred network: HellsGate-5.0G
[2025-03-01 22:22:58] [Information] Waiting 16 minutes before next check...
[2025-03-01 22:38:58] [Information] Currently connected to: HellsGate-5.0G
[2025-03-01 22:38:58] [Information] Already connected to preferred network: HellsGate-5.0G
[2025-03-01 22:38:58] [Information] Waiting 28 minutes before next check...
[2025-03-01 23:06:58] [Information] Currently connected to: HellsGate-5.0G
[2025-03-01 23:06:58] [Information] Already connected to preferred network: HellsGate-5.0G
[2025-03-01 23:06:58] [Information] Waiting 13 minutes before next check...
[2025-03-01 23:19:58] [Information] Currently connected to: HellsGate-5.0G
[2025-03-01 23:19:58] [Information] Already connected to preferred network: HellsGate-5.0G
[2025-03-01 23:19:58] [Information] Waiting 20 minutes before next check...
[2025-03-01 23:39:58] [Information] Currently connected to: HellsGate-5.0G
[2025-03-01 23:39:58] [Information] Already connected to preferred network: HellsGate-5.0G
[2025-03-01 23:39:58] [Information] Waiting 11 minutes before next check...
[2025-03-01 23:50:58] [Information] Currently connected to: HellsGate-5.0G
[2025-03-01 23:50:58] [Information] Already connected to preferred network: HellsGate-5.0G
[2025-03-01 23:50:58] [Information] Waiting 19 minutes before next check...
