[2025-03-28 22:45:13] [Information] Successfully registered scheduled task
[2025-03-28 22:45:31] [Information] WiFi connection manager started
[2025-03-28 22:45:34] [Warning] No current WiFi connection
[2025-03-28 22:45:34] [Information] Scanning for preferred networks...
[2025-03-28 22:45:34] [Information] Found 9 networks
[2025-03-28 22:45:34] [Information] Attempting to connect to HellsGate-5.0G
[2025-03-28 22:45:39] [Information] Currently connected to: HellsGate-5.0G
[2025-03-28 22:45:39] [Information] Successfully connected to HellsGate-5.0G
[2025-03-28 22:45:39] [Information] Waiting 15 minutes before next check...
[2025-03-28 23:00:39] [Information] Currently connected to: HellsGate-5.0G
[2025-03-28 23:00:39] [Information] Already connected to preferred network: HellsGate-5.0G
[2025-03-28 23:00:39] [Information] Waiting 15 minutes before next check...
[2025-03-28 23:15:40] [Information] Currently connected to: HellsGate-5.0G
[2025-03-28 23:15:40] [Information] Already connected to preferred network: HellsGate-5.0G
[2025-03-28 23:15:40] [Information] Waiting 11 minutes before next check...
[2025-03-28 23:26:40] [Information] Currently connected to: HellsGate-5.0G
[2025-03-28 23:26:40] [Information] Already connected to preferred network: HellsGate-5.0G
[2025-03-28 23:26:40] [Information] Waiting 25 minutes before next check...
[2025-03-28 23:51:40] [Information] Currently connected to: HellsGate-5.0G
[2025-03-28 23:51:40] [Information] Already connected to preferred network: HellsGate-5.0G
[2025-03-28 23:51:40] [Information] Waiting 17 minutes before next check...
