[2025-03-31 00:03:04] [Information] Currently connected to: HellsGate-2.4G
[2025-03-31 00:03:04] [Information] Already connected to preferred network: HellsGate-2.4G
[2025-03-31 00:03:04] [Information] Waiting 25 minutes before next check...
[2025-03-31 00:28:04] [Information] Currently connected to: HellsGate-2.4G
[2025-03-31 00:28:04] [Information] Already connected to preferred network: HellsGate-2.4G
[2025-03-31 00:28:04] [Information] Waiting 10 minutes before next check...
[2025-03-31 00:38:04] [Information] Currently connected to: HellsGate-2.4G
[2025-03-31 00:38:04] [Information] Already connected to preferred network: HellsGate-2.4G
[2025-03-31 00:38:04] [Information] Waiting 28 minutes before next check...
[2025-03-31 01:06:04] [Information] Currently connected to: HellsGate-2.4G
[2025-03-31 01:06:04] [Information] Already connected to preferred network: HellsGate-2.4G
[2025-03-31 01:06:04] [Information] Waiting 12 minutes before next check...
[2025-03-31 01:18:04] [Information] Currently connected to: HellsGate-2.4G
[2025-03-31 01:18:04] [Information] Already connected to preferred network: HellsGate-2.4G
[2025-03-31 01:18:04] [Information] Waiting 12 minutes before next check...
[2025-03-31 01:30:04] [Information] Currently connected to: HellsGate-2.4G
[2025-03-31 01:30:04] [Information] Already connected to preferred network: HellsGate-2.4G
[2025-03-31 01:30:04] [Information] Waiting 10 minutes before next check...
[2025-03-31 01:40:04] [Information] Currently connected to: HellsGate-2.4G
[2025-03-31 01:40:04] [Information] Already connected to preferred network: HellsGate-2.4G
[2025-03-31 01:40:04] [Information] Waiting 21 minutes before next check...
[2025-03-31 02:01:04] [Information] Currently connected to: HellsGate-2.4G
[2025-03-31 02:01:04] [Information] Already connected to preferred network: HellsGate-2.4G
[2025-03-31 02:01:04] [Information] Waiting 17 minutes before next check...
[2025-03-31 02:18:04] [Information] Currently connected to: HellsGate-2.4G
[2025-03-31 02:18:04] [Information] Already connected to preferred network: HellsGate-2.4G
[2025-03-31 02:18:04] [Information] Waiting 24 minutes before next check...
[2025-03-31 02:42:05] [Information] Currently connected to: HellsGate-2.4G
[2025-03-31 02:42:05] [Information] Already connected to preferred network: HellsGate-2.4G
[2025-03-31 02:42:05] [Information] Waiting 28 minutes before next check...
[2025-03-31 03:10:05] [Information] Currently connected to: HellsGate-2.4G
[2025-03-31 03:10:05] [Information] Already connected to preferred network: HellsGate-2.4G
[2025-03-31 03:10:05] [Information] Waiting 22 minutes before next check...
[2025-03-31 03:32:05] [Information] Currently connected to: HellsGate-2.4G
[2025-03-31 03:32:05] [Information] Already connected to preferred network: HellsGate-2.4G
[2025-03-31 03:32:05] [Information] Waiting 18 minutes before next check...
[2025-03-31 03:50:05] [Information] Currently connected to: HellsGate-2.4G
[2025-03-31 03:50:05] [Information] Already connected to preferred network: HellsGate-2.4G
[2025-03-31 03:50:05] [Information] Waiting 23 minutes before next check...
[2025-03-31 04:13:05] [Information] Currently connected to: HellsGate-2.4G
[2025-03-31 04:13:05] [Information] Already connected to preferred network: HellsGate-2.4G
[2025-03-31 04:13:05] [Information] Waiting 13 minutes before next check...
[2025-03-31 04:26:05] [Information] Currently connected to: HellsGate-2.4G
[2025-03-31 04:26:05] [Information] Already connected to preferred network: HellsGate-2.4G
[2025-03-31 04:26:05] [Information] Waiting 12 minutes before next check...
[2025-03-31 04:38:05] [Information] Currently connected to: HellsGate-2.4G
[2025-03-31 04:38:05] [Information] Already connected to preferred network: HellsGate-2.4G
[2025-03-31 04:38:05] [Information] Waiting 26 minutes before next check...
[2025-03-31 05:04:05] [Information] Currently connected to: HellsGate-2.4G
[2025-03-31 05:04:05] [Information] Already connected to preferred network: HellsGate-2.4G
[2025-03-31 05:04:05] [Information] Waiting 24 minutes before next check...
[2025-03-31 05:28:05] [Information] Currently connected to: HellsGate-2.4G
[2025-03-31 05:28:05] [Information] Already connected to preferred network: HellsGate-2.4G
[2025-03-31 05:28:05] [Information] Waiting 21 minutes before next check...
[2025-03-31 05:49:05] [Information] Currently connected to: HellsGate-2.4G
[2025-03-31 05:49:05] [Information] Already connected to preferred network: HellsGate-2.4G
[2025-03-31 05:49:05] [Information] Waiting 27 minutes before next check...
[2025-03-31 06:16:05] [Information] Currently connected to: HellsGate-2.4G
[2025-03-31 06:16:05] [Information] Already connected to preferred network: HellsGate-2.4G
[2025-03-31 06:16:05] [Information] Waiting 28 minutes before next check...
[2025-03-31 06:44:05] [Information] Currently connected to: HellsGate-2.4G
[2025-03-31 06:44:05] [Information] Already connected to preferred network: HellsGate-2.4G
[2025-03-31 06:44:05] [Information] Waiting 20 minutes before next check...
[2025-03-31 07:04:05] [Information] Currently connected to: HellsGate-2.4G
[2025-03-31 07:04:05] [Information] Already connected to preferred network: HellsGate-2.4G
[2025-03-31 07:04:05] [Information] Waiting 29 minutes before next check...
[2025-03-31 07:33:06] [Information] Currently connected to: HellsGate-2.4G
[2025-03-31 07:33:06] [Information] Already connected to preferred network: HellsGate-2.4G
[2025-03-31 07:33:06] [Information] Waiting 27 minutes before next check...
[2025-03-31 08:00:06] [Information] Currently connected to: HellsGate-2.4G
[2025-03-31 08:00:06] [Information] Already connected to preferred network: HellsGate-2.4G
[2025-03-31 08:00:06] [Information] Waiting 18 minutes before next check...
[2025-03-31 08:18:06] [Information] Currently connected to: HellsGate-2.4G
[2025-03-31 08:18:06] [Information] Already connected to preferred network: HellsGate-2.4G
[2025-03-31 08:18:06] [Information] Waiting 24 minutes before next check...
[2025-03-31 08:42:06] [Information] Currently connected to: HellsGate-2.4G
[2025-03-31 08:42:06] [Information] Already connected to preferred network: HellsGate-2.4G
[2025-03-31 08:42:06] [Information] Waiting 24 minutes before next check...
[2025-03-31 09:06:06] [Information] Currently connected to: HellsGate-2.4G
[2025-03-31 09:06:06] [Information] Already connected to preferred network: HellsGate-2.4G
[2025-03-31 09:06:06] [Information] Waiting 22 minutes before next check...
[2025-03-31 09:28:06] [Information] Currently connected to: HellsGate-2.4G
[2025-03-31 09:28:06] [Information] Already connected to preferred network: HellsGate-2.4G
[2025-03-31 09:28:06] [Information] Waiting 16 minutes before next check...
[2025-03-31 09:44:06] [Information] Currently connected to: HellsGate-2.4G
[2025-03-31 09:44:06] [Information] Already connected to preferred network: HellsGate-2.4G
[2025-03-31 09:44:06] [Information] Waiting 10 minutes before next check...
[2025-03-31 09:54:06] [Information] Currently connected to: HellsGate-2.4G
[2025-03-31 09:54:06] [Information] Already connected to preferred network: HellsGate-2.4G
[2025-03-31 09:54:06] [Information] Waiting 20 minutes before next check...
[2025-03-31 10:14:06] [Information] Currently connected to: HellsGate-2.4G
[2025-03-31 10:14:06] [Information] Already connected to preferred network: HellsGate-2.4G
[2025-03-31 10:14:06] [Information] Waiting 24 minutes before next check...
[2025-03-31 10:38:06] [Information] Currently connected to: HellsGate-2.4G
[2025-03-31 10:38:06] [Information] Already connected to preferred network: HellsGate-2.4G
[2025-03-31 10:38:06] [Information] Waiting 14 minutes before next check...
[2025-03-31 10:52:06] [Information] Currently connected to: HellsGate-2.4G
[2025-03-31 10:52:06] [Information] Already connected to preferred network: HellsGate-2.4G
[2025-03-31 10:52:06] [Information] Waiting 26 minutes before next check...
[2025-03-31 11:18:06] [Information] Currently connected to: HellsGate-2.4G
[2025-03-31 11:18:06] [Information] Already connected to preferred network: HellsGate-2.4G
[2025-03-31 11:18:06] [Information] Waiting 27 minutes before next check...
[2025-03-31 11:45:06] [Information] Currently connected to: HellsGate-2.4G
[2025-03-31 11:45:06] [Information] Already connected to preferred network: HellsGate-2.4G
[2025-03-31 11:45:06] [Information] Waiting 24 minutes before next check...
[2025-03-31 12:09:07] [Information] Currently connected to: HellsGate-2.4G
[2025-03-31 12:09:07] [Information] Already connected to preferred network: HellsGate-2.4G
[2025-03-31 12:09:07] [Information] Waiting 23 minutes before next check...
[2025-03-31 12:32:07] [Information] Currently connected to: HellsGate-2.4G
[2025-03-31 12:32:07] [Information] Already connected to preferred network: HellsGate-2.4G
[2025-03-31 12:32:07] [Information] Waiting 22 minutes before next check...
[2025-03-31 12:54:07] [Information] Currently connected to: HellsGate-2.4G
[2025-03-31 12:54:07] [Information] Already connected to preferred network: HellsGate-2.4G
[2025-03-31 12:54:07] [Information] Waiting 10 minutes before next check...
[2025-03-31 13:04:07] [Information] Currently connected to: HellsGate-2.4G
[2025-03-31 13:04:07] [Information] Already connected to preferred network: HellsGate-2.4G
[2025-03-31 13:04:07] [Information] Waiting 27 minutes before next check...
[2025-03-31 13:31:07] [Information] Currently connected to: HellsGate-2.4G
[2025-03-31 13:31:07] [Information] Already connected to preferred network: HellsGate-2.4G
[2025-03-31 13:31:07] [Information] Waiting 13 minutes before next check...
[2025-03-31 13:44:07] [Information] Currently connected to: HellsGate-2.4G
[2025-03-31 13:44:07] [Information] Already connected to preferred network: HellsGate-2.4G
[2025-03-31 13:44:07] [Information] Waiting 24 minutes before next check...
[2025-03-31 14:08:07] [Information] Currently connected to: HellsGate-2.4G
[2025-03-31 14:08:07] [Information] Already connected to preferred network: HellsGate-2.4G
[2025-03-31 14:08:07] [Information] Waiting 20 minutes before next check...
[2025-03-31 14:28:07] [Information] Currently connected to: HellsGate-2.4G
[2025-03-31 14:28:07] [Information] Already connected to preferred network: HellsGate-2.4G
[2025-03-31 14:28:07] [Information] Waiting 22 minutes before next check...
[2025-03-31 14:50:07] [Information] Currently connected to: HellsGate-2.4G
[2025-03-31 14:50:07] [Information] Already connected to preferred network: HellsGate-2.4G
[2025-03-31 14:50:07] [Information] Waiting 12 minutes before next check...
[2025-03-31 15:02:07] [Information] Currently connected to: HellsGate-2.4G
[2025-03-31 15:02:07] [Information] Already connected to preferred network: HellsGate-2.4G
[2025-03-31 15:02:07] [Information] Waiting 20 minutes before next check...
[2025-03-31 15:22:07] [Information] Currently connected to: HellsGate-2.4G
[2025-03-31 15:22:07] [Information] Already connected to preferred network: HellsGate-2.4G
[2025-03-31 15:22:07] [Information] Waiting 13 minutes before next check...
[2025-03-31 15:35:07] [Information] Currently connected to: HellsGate-2.4G
[2025-03-31 15:35:07] [Information] Already connected to preferred network: HellsGate-2.4G
[2025-03-31 15:35:07] [Information] Waiting 11 minutes before next check...
[2025-03-31 15:46:07] [Information] Currently connected to: HellsGate-2.4G
[2025-03-31 15:46:07] [Information] Already connected to preferred network: HellsGate-2.4G
[2025-03-31 15:46:07] [Information] Waiting 26 minutes before next check...
[2025-03-31 16:12:08] [Information] Currently connected to: HellsGate-2.4G
[2025-03-31 16:12:08] [Information] Already connected to preferred network: HellsGate-2.4G
[2025-03-31 16:12:08] [Information] Waiting 17 minutes before next check...
[2025-03-31 16:29:08] [Information] Currently connected to: HellsGate-2.4G
[2025-03-31 16:29:08] [Information] Already connected to preferred network: HellsGate-2.4G
[2025-03-31 16:29:08] [Information] Waiting 27 minutes before next check...
[2025-03-31 16:56:08] [Information] Currently connected to: HellsGate-2.4G
[2025-03-31 16:56:08] [Information] Already connected to preferred network: HellsGate-2.4G
[2025-03-31 16:56:08] [Information] Waiting 26 minutes before next check...
[2025-03-31 17:22:08] [Information] Currently connected to: HellsGate-2.4G
[2025-03-31 17:22:08] [Information] Already connected to preferred network: HellsGate-2.4G
[2025-03-31 17:22:08] [Information] Waiting 16 minutes before next check...
[2025-03-31 17:38:08] [Information] Currently connected to: HellsGate-2.4G
[2025-03-31 17:38:08] [Information] Already connected to preferred network: HellsGate-2.4G
[2025-03-31 17:38:08] [Information] Waiting 25 minutes before next check...
[2025-03-31 18:03:08] [Information] Currently connected to: HellsGate-2.4G
[2025-03-31 18:03:08] [Information] Already connected to preferred network: HellsGate-2.4G
[2025-03-31 18:03:08] [Information] Waiting 17 minutes before next check...
[2025-03-31 18:20:08] [Information] Currently connected to: HellsGate-2.4G
[2025-03-31 18:20:08] [Information] Already connected to preferred network: HellsGate-2.4G
[2025-03-31 18:20:08] [Information] Waiting 26 minutes before next check...
[2025-03-31 18:46:08] [Information] Currently connected to: HellsGate-2.4G
[2025-03-31 18:46:08] [Information] Already connected to preferred network: HellsGate-2.4G
[2025-03-31 18:46:08] [Information] Waiting 15 minutes before next check...
[2025-03-31 19:01:08] [Information] Currently connected to: HellsGate-2.4G
[2025-03-31 19:01:08] [Information] Already connected to preferred network: HellsGate-2.4G
[2025-03-31 19:01:08] [Information] Waiting 24 minutes before next check...
[2025-03-31 19:25:08] [Information] Currently connected to: HellsGate-2.4G
[2025-03-31 19:25:08] [Information] Already connected to preferred network: HellsGate-2.4G
[2025-03-31 19:25:08] [Information] Waiting 15 minutes before next check...
[2025-03-31 19:40:08] [Information] Currently connected to: HellsGate-2.4G
[2025-03-31 19:40:08] [Information] Already connected to preferred network: HellsGate-2.4G
[2025-03-31 19:40:08] [Information] Waiting 28 minutes before next check...
[2025-03-31 20:08:08] [Information] Currently connected to: HellsGate-2.4G
[2025-03-31 20:08:08] [Information] Already connected to preferred network: HellsGate-2.4G
[2025-03-31 20:08:08] [Information] Waiting 12 minutes before next check...
[2025-03-31 20:20:08] [Information] Currently connected to: HellsGate-2.4G
[2025-03-31 20:20:08] [Information] Already connected to preferred network: HellsGate-2.4G
[2025-03-31 20:20:08] [Information] Waiting 22 minutes before next check...
[2025-03-31 20:42:09] [Information] Currently connected to: HellsGate-2.4G
[2025-03-31 20:42:09] [Information] Already connected to preferred network: HellsGate-2.4G
[2025-03-31 20:42:09] [Information] Waiting 13 minutes before next check...
[2025-03-31 20:55:09] [Information] Currently connected to: HellsGate-2.4G
[2025-03-31 20:55:09] [Information] Already connected to preferred network: HellsGate-2.4G
[2025-03-31 20:55:09] [Information] Waiting 11 minutes before next check...
[2025-03-31 21:06:09] [Information] Currently connected to: HellsGate-2.4G
[2025-03-31 21:06:09] [Information] Already connected to preferred network: HellsGate-2.4G
[2025-03-31 21:06:09] [Information] Waiting 10 minutes before next check...
[2025-03-31 21:16:09] [Information] Currently connected to: HellsGate-2.4G
[2025-03-31 21:16:09] [Information] Already connected to preferred network: HellsGate-2.4G
[2025-03-31 21:16:09] [Information] Waiting 26 minutes before next check...
[2025-03-31 21:42:09] [Information] Currently connected to: Merlin Wharf
[2025-03-31 21:42:09] [Information] Already connected to preferred network: Merlin Wharf
[2025-03-31 21:42:09] [Information] Waiting 18 minutes before next check...
[2025-03-31 22:00:09] [Information] Currently connected to: Merlin Wharf
[2025-03-31 22:00:09] [Information] Already connected to preferred network: Merlin Wharf
[2025-03-31 22:00:09] [Information] Waiting 15 minutes before next check...
[2025-03-31 22:15:09] [Information] Currently connected to: Merlin Wharf
[2025-03-31 22:15:09] [Information] Already connected to preferred network: Merlin Wharf
[2025-03-31 22:15:09] [Information] Waiting 20 minutes before next check...
[2025-03-31 22:35:09] [Information] Currently connected to: Merlin Wharf
[2025-03-31 22:35:09] [Information] Already connected to preferred network: Merlin Wharf
[2025-03-31 22:35:09] [Information] Waiting 23 minutes before next check...
[2025-03-31 22:58:09] [Information] Currently connected to: Merlin Wharf
[2025-03-31 22:58:09] [Information] Already connected to preferred network: Merlin Wharf
[2025-03-31 22:58:09] [Information] Waiting 13 minutes before next check...
[2025-03-31 23:11:09] [Information] Currently connected to: Merlin Wharf
[2025-03-31 23:11:09] [Information] Already connected to preferred network: Merlin Wharf
[2025-03-31 23:11:09] [Information] Waiting 11 minutes before next check...
[2025-03-31 23:22:09] [Information] Currently connected to: Merlin Wharf
[2025-03-31 23:22:09] [Information] Already connected to preferred network: Merlin Wharf
[2025-03-31 23:22:09] [Information] Waiting 18 minutes before next check...
[2025-03-31 23:40:09] [Information] Currently connected to: Merlin Wharf
[2025-03-31 23:40:09] [Information] Already connected to preferred network: Merlin Wharf
[2025-03-31 23:40:09] [Information] Waiting 26 minutes before next check...
