[2025-06-12 00:06:44] [Information] Currently connected to: Nyati_CPEPro2_5G
[2025-06-12 00:06:44] [Information] Already connected to preferred network: Nyati_CPEPro2_5G
[2025-06-12 00:06:44] [Information] Waiting 12 minutes before next check...
[2025-06-12 00:18:45] [Information] Currently connected to: Nyati_CPEPro2_5G
[2025-06-12 00:18:45] [Information] Already connected to preferred network: Nyati_CPEPro2_5G
[2025-06-12 00:18:45] [Information] Waiting 26 minutes before next check...
[2025-06-12 00:44:45] [Information] Currently connected to: Nyati_CPEPro2_5G
[2025-06-12 00:44:45] [Information] Already connected to preferred network: Nyati_CPEPro2_5G
[2025-06-12 00:44:45] [Information] Waiting 18 minutes before next check...
[2025-06-12 01:02:45] [Information] Currently connected to: Nyati_CPEPro2_5G
[2025-06-12 01:02:45] [Information] Already connected to preferred network: Nyati_CPEPro2_5G
[2025-06-12 01:02:45] [Information] Waiting 17 minutes before next check...
[2025-06-12 01:19:45] [Information] Currently connected to: Nyati_CPEPro2_5G
[2025-06-12 01:19:45] [Information] Already connected to preferred network: Nyati_CPEPro2_5G
[2025-06-12 01:19:45] [Information] Waiting 25 minutes before next check...
[2025-06-12 01:44:45] [Information] Currently connected to: Nyati_CPEPro2_5G
[2025-06-12 01:44:45] [Information] Already connected to preferred network: Nyati_CPEPro2_5G
[2025-06-12 01:44:45] [Information] Waiting 19 minutes before next check...
[2025-06-12 02:03:45] [Information] Currently connected to: Nyati_CPEPro2_5G
[2025-06-12 02:03:45] [Information] Already connected to preferred network: Nyati_CPEPro2_5G
[2025-06-12 02:03:45] [Information] Waiting 22 minutes before next check...
[2025-06-12 02:25:45] [Information] Currently connected to: Nyati_CPEPro2_5G
[2025-06-12 02:25:45] [Information] Already connected to preferred network: Nyati_CPEPro2_5G
[2025-06-12 02:25:45] [Information] Waiting 11 minutes before next check...
[2025-06-12 02:36:45] [Information] Currently connected to: Nyati_CPEPro2_5G
[2025-06-12 02:36:45] [Information] Already connected to preferred network: Nyati_CPEPro2_5G
[2025-06-12 02:36:45] [Information] Waiting 11 minutes before next check...
[2025-06-12 02:47:45] [Information] Currently connected to: Nyati_CPEPro2_5G
[2025-06-12 02:47:45] [Information] Already connected to preferred network: Nyati_CPEPro2_5G
[2025-06-12 02:47:45] [Information] Waiting 19 minutes before next check...
[2025-06-12 03:06:45] [Information] Currently connected to: Nyati_CPEPro2_5G
[2025-06-12 03:06:45] [Information] Already connected to preferred network: Nyati_CPEPro2_5G
[2025-06-12 03:06:45] [Information] Waiting 11 minutes before next check...
[2025-06-12 03:17:45] [Information] Currently connected to: Nyati_CPEPro2_5G
[2025-06-12 03:17:45] [Information] Already connected to preferred network: Nyati_CPEPro2_5G
[2025-06-12 03:17:45] [Information] Waiting 29 minutes before next check...
[2025-06-12 03:46:45] [Information] Currently connected to: Nyati_CPEPro2_5G
[2025-06-12 03:46:45] [Information] Already connected to preferred network: Nyati_CPEPro2_5G
[2025-06-12 03:46:45] [Information] Waiting 21 minutes before next check...
[2025-06-12 04:07:46] [Information] Currently connected to: Nyati_CPEPro2_5G
[2025-06-12 04:07:46] [Information] Already connected to preferred network: Nyati_CPEPro2_5G
[2025-06-12 04:07:46] [Information] Waiting 26 minutes before next check...
[2025-06-12 04:33:46] [Information] Currently connected to: Nyati_CPEPro2_5G
[2025-06-12 04:33:46] [Information] Already connected to preferred network: Nyati_CPEPro2_5G
[2025-06-12 04:33:46] [Information] Waiting 21 minutes before next check...
[2025-06-12 04:54:46] [Information] Currently connected to: Nyati_CPEPro2_5G
[2025-06-12 04:54:46] [Information] Already connected to preferred network: Nyati_CPEPro2_5G
[2025-06-12 04:54:46] [Information] Waiting 19 minutes before next check...
[2025-06-12 05:13:46] [Information] Currently connected to: Nyati_CPEPro2_5G
[2025-06-12 05:13:46] [Information] Already connected to preferred network: Nyati_CPEPro2_5G
[2025-06-12 05:13:46] [Information] Waiting 15 minutes before next check...
[2025-06-12 05:28:46] [Information] Currently connected to: Nyati_CPEPro2_5G
[2025-06-12 05:28:46] [Information] Already connected to preferred network: Nyati_CPEPro2_5G
[2025-06-12 05:28:46] [Information] Waiting 26 minutes before next check...
[2025-06-12 05:54:46] [Information] Currently connected to: Nyati_CPEPro2_5G
[2025-06-12 05:54:46] [Information] Already connected to preferred network: Nyati_CPEPro2_5G
[2025-06-12 05:54:46] [Information] Waiting 29 minutes before next check...
[2025-06-12 06:23:46] [Information] Currently connected to: Nyati_CPEPro2_5G
[2025-06-12 06:23:46] [Information] Already connected to preferred network: Nyati_CPEPro2_5G
[2025-06-12 06:23:46] [Information] Waiting 29 minutes before next check...
[2025-06-12 06:52:53] [Information] Currently connected to: Nyati_CPEPro2_5G
[2025-06-12 06:52:53] [Information] Already connected to preferred network: Nyati_CPEPro2_5G
[2025-06-12 06:52:53] [Information] Waiting 16 minutes before next check...
[2025-06-12 07:08:53] [Information] Currently connected to: Nyati_CPEPro2_5G
[2025-06-12 07:08:53] [Information] Already connected to preferred network: Nyati_CPEPro2_5G
[2025-06-12 07:08:53] [Information] Waiting 27 minutes before next check...
[2025-06-12 07:35:53] [Information] Currently connected to: Nyati_CPEPro2_5G
[2025-06-12 07:35:53] [Information] Already connected to preferred network: Nyati_CPEPro2_5G
[2025-06-12 07:35:53] [Information] Waiting 17 minutes before next check...
[2025-06-12 07:52:53] [Information] Currently connected to: Nyati_CPEPro2_5G
[2025-06-12 07:52:53] [Information] Already connected to preferred network: Nyati_CPEPro2_5G
[2025-06-12 07:52:53] [Information] Waiting 13 minutes before next check...
[2025-06-12 08:05:53] [Information] Currently connected to: Nyati_CPEPro2_5G
[2025-06-12 08:05:53] [Information] Already connected to preferred network: Nyati_CPEPro2_5G
[2025-06-12 08:05:53] [Information] Waiting 19 minutes before next check...
[2025-06-12 08:24:53] [Information] Currently connected to: Nyati_CPEPro2_5G
[2025-06-12 08:24:53] [Information] Already connected to preferred network: Nyati_CPEPro2_5G
[2025-06-12 08:24:53] [Information] Waiting 16 minutes before next check...
[2025-06-12 08:40:53] [Information] Currently connected to: Nyati_CPEPro2_5G
[2025-06-12 08:40:54] [Information] Already connected to preferred network: Nyati_CPEPro2_5G
[2025-06-12 08:40:54] [Information] Waiting 27 minutes before next check...
[2025-06-12 09:07:54] [Information] Currently connected to: Nyati_CPEPro2_5G
[2025-06-12 09:07:54] [Information] Already connected to preferred network: Nyati_CPEPro2_5G
[2025-06-12 09:07:54] [Information] Waiting 27 minutes before next check...
[2025-06-12 09:34:54] [Information] Currently connected to: Nyati_CPEPro2_5G
[2025-06-12 09:34:54] [Information] Already connected to preferred network: Nyati_CPEPro2_5G
[2025-06-12 09:34:54] [Information] Waiting 19 minutes before next check...
[2025-06-12 09:53:54] [Information] Currently connected to: Nyati_CPEPro2_5G
[2025-06-12 09:53:54] [Information] Already connected to preferred network: Nyati_CPEPro2_5G
[2025-06-12 09:53:54] [Information] Waiting 21 minutes before next check...
[2025-06-12 10:14:54] [Information] Currently connected to: Nyati_CPEPro2_5G
[2025-06-12 10:14:54] [Information] Already connected to preferred network: Nyati_CPEPro2_5G
[2025-06-12 10:14:54] [Information] Waiting 12 minutes before next check...
[2025-06-12 10:26:54] [Information] Currently connected to: Nyati_CPEPro2_5G
[2025-06-12 10:26:54] [Information] Already connected to preferred network: Nyati_CPEPro2_5G
[2025-06-12 10:26:54] [Information] Waiting 11 minutes before next check...
[2025-06-12 10:37:54] [Information] Currently connected to: Nyati_CPEPro2_5G
[2025-06-12 10:37:54] [Information] Already connected to preferred network: Nyati_CPEPro2_5G
[2025-06-12 10:37:54] [Information] Waiting 28 minutes before next check...
[2025-06-12 11:05:54] [Information] Currently connected to: Nyati_CPEPro2_5G
[2025-06-12 11:05:54] [Information] Already connected to preferred network: Nyati_CPEPro2_5G
[2025-06-12 11:05:54] [Information] Waiting 21 minutes before next check...
[2025-06-12 11:26:54] [Information] Currently connected to: Nyati_CPEPro2_5G
[2025-06-12 11:26:54] [Information] Already connected to preferred network: Nyati_CPEPro2_5G
[2025-06-12 11:26:54] [Information] Waiting 13 minutes before next check...
[2025-06-12 11:39:54] [Information] Currently connected to: Nyati_CPEPro2_5G
[2025-06-12 11:39:54] [Information] Already connected to preferred network: Nyati_CPEPro2_5G
[2025-06-12 11:39:54] [Information] Waiting 19 minutes before next check...
[2025-06-12 11:58:54] [Information] Currently connected to: Nyati_CPEPro2_5G
[2025-06-12 11:58:54] [Information] Already connected to preferred network: Nyati_CPEPro2_5G
[2025-06-12 11:58:54] [Information] Waiting 16 minutes before next check...
[2025-06-12 12:14:54] [Information] Currently connected to: Nyati_CPEPro2_5G
[2025-06-12 12:14:54] [Information] Already connected to preferred network: Nyati_CPEPro2_5G
[2025-06-12 12:14:54] [Information] Waiting 21 minutes before next check...
[2025-06-12 12:35:55] [Information] Currently connected to: Nyati_CPEPro2_5G
[2025-06-12 12:35:55] [Information] Already connected to preferred network: Nyati_CPEPro2_5G
[2025-06-12 12:35:55] [Information] Waiting 19 minutes before next check...
[2025-06-12 12:54:55] [Information] Currently connected to: Nyati_CPEPro2_5G
[2025-06-12 12:54:55] [Information] Already connected to preferred network: Nyati_CPEPro2_5G
[2025-06-12 12:54:55] [Information] Waiting 15 minutes before next check...
[2025-06-12 13:09:55] [Information] Currently connected to: Nyati_CPEPro2_5G
[2025-06-12 13:09:55] [Information] Already connected to preferred network: Nyati_CPEPro2_5G
[2025-06-12 13:09:55] [Information] Waiting 28 minutes before next check...
[2025-06-12 13:37:55] [Information] Currently connected to: Nyati_CPEPro2_5G
[2025-06-12 13:37:55] [Information] Already connected to preferred network: Nyati_CPEPro2_5G
[2025-06-12 13:37:55] [Information] Waiting 16 minutes before next check...
[2025-06-12 13:53:55] [Information] Currently connected to: Nyati_CPEPro2_5G
[2025-06-12 13:53:55] [Information] Already connected to preferred network: Nyati_CPEPro2_5G
[2025-06-12 13:53:55] [Information] Waiting 17 minutes before next check...
[2025-06-12 14:10:55] [Information] Currently connected to: Nyati_CPEPro2_5G
[2025-06-12 14:10:55] [Information] Already connected to preferred network: Nyati_CPEPro2_5G
[2025-06-12 14:10:55] [Information] Waiting 28 minutes before next check...
[2025-06-12 14:38:55] [Information] Currently connected to: Nyati_CPEPro2_5G
[2025-06-12 14:38:55] [Information] Already connected to preferred network: Nyati_CPEPro2_5G
[2025-06-12 14:38:55] [Information] Waiting 17 minutes before next check...
[2025-06-12 14:55:55] [Information] Currently connected to: Nyati_CPEPro2_5G
[2025-06-12 14:55:55] [Information] Already connected to preferred network: Nyati_CPEPro2_5G
[2025-06-12 14:55:55] [Information] Waiting 11 minutes before next check...
[2025-06-12 15:06:55] [Information] Currently connected to: Nyati_CPEPro2_5G
[2025-06-12 15:06:55] [Information] Already connected to preferred network: Nyati_CPEPro2_5G
[2025-06-12 15:06:55] [Information] Waiting 15 minutes before next check...
[2025-06-12 15:21:55] [Information] Currently connected to: Nyati_CPEPro2_5G
[2025-06-12 15:21:55] [Information] Already connected to preferred network: Nyati_CPEPro2_5G
[2025-06-12 15:21:55] [Information] Waiting 18 minutes before next check...
[2025-06-12 15:39:55] [Information] Currently connected to: Nyati_CPEPro2_5G
[2025-06-12 15:39:55] [Information] Already connected to preferred network: Nyati_CPEPro2_5G
[2025-06-12 15:39:55] [Information] Waiting 23 minutes before next check...
[2025-06-12 16:02:56] [Information] Currently connected to: Nyati_CPEPro2_5G
[2025-06-12 16:02:56] [Information] Already connected to preferred network: Nyati_CPEPro2_5G
[2025-06-12 16:02:56] [Information] Waiting 11 minutes before next check...
[2025-06-12 16:13:56] [Warning] No current WiFi connection
[2025-06-12 16:13:56] [Information] Scanning for preferred networks...
[2025-06-12 16:13:56] [Information] Found 11 networks
[2025-06-12 16:13:56] [Information] Attempting to connect to HellsGate-5.0G
[2025-06-12 16:14:01] [Information] Currently connected to: HellsGate-5.0G
[2025-06-12 16:14:01] [Information] Successfully connected to HellsGate-5.0G
[2025-06-12 16:14:01] [Information] Waiting 19 minutes before next check...
[2025-06-12 16:33:01] [Information] Currently connected to: HellsGate-5.0G
[2025-06-12 16:33:01] [Information] Already connected to preferred network: HellsGate-5.0G
[2025-06-12 16:33:01] [Information] Waiting 20 minutes before next check...
[2025-06-12 16:53:01] [Information] Currently connected to: HellsGate-5.0G
[2025-06-12 16:53:01] [Information] Already connected to preferred network: HellsGate-5.0G
[2025-06-12 16:53:01] [Information] Waiting 26 minutes before next check...
[2025-06-12 17:19:01] [Information] Currently connected to: HellsGate-5.0G
[2025-06-12 17:19:01] [Information] Already connected to preferred network: HellsGate-5.0G
[2025-06-12 17:19:01] [Information] Waiting 15 minutes before next check...
[2025-06-12 17:34:01] [Information] Currently connected to: HellsGate-5.0G
[2025-06-12 17:34:01] [Information] Already connected to preferred network: HellsGate-5.0G
[2025-06-12 17:34:01] [Information] Waiting 22 minutes before next check...
[2025-06-12 17:56:01] [Information] Currently connected to: HellsGate-5.0G
[2025-06-12 17:56:01] [Information] Already connected to preferred network: HellsGate-5.0G
[2025-06-12 17:56:01] [Information] Waiting 12 minutes before next check...
[2025-06-12 18:08:01] [Information] Currently connected to: HellsGate-5.0G
[2025-06-12 18:08:01] [Information] Already connected to preferred network: HellsGate-5.0G
[2025-06-12 18:08:01] [Information] Waiting 22 minutes before next check...
[2025-06-12 18:30:02] [Information] Currently connected to: HellsGate-5.0G
[2025-06-12 18:30:02] [Information] Already connected to preferred network: HellsGate-5.0G
[2025-06-12 18:30:02] [Information] Waiting 13 minutes before next check...
[2025-06-12 18:43:02] [Information] Currently connected to: HellsGate-5.0G
[2025-06-12 18:43:02] [Information] Already connected to preferred network: HellsGate-5.0G
[2025-06-12 18:43:02] [Information] Waiting 13 minutes before next check...
[2025-06-12 18:56:02] [Information] Currently connected to: HellsGate-5.0G
[2025-06-12 18:56:02] [Information] Already connected to preferred network: HellsGate-5.0G
[2025-06-12 18:56:02] [Information] Waiting 26 minutes before next check...
[2025-06-12 19:22:02] [Information] Currently connected to: HellsGate-5.0G
[2025-06-12 19:22:02] [Information] Already connected to preferred network: HellsGate-5.0G
[2025-06-12 19:22:02] [Information] Waiting 18 minutes before next check...
[2025-06-12 19:40:02] [Information] Currently connected to: HellsGate-5.0G
[2025-06-12 19:40:02] [Information] Already connected to preferred network: HellsGate-5.0G
[2025-06-12 19:40:02] [Information] Waiting 24 minutes before next check...
[2025-06-12 20:04:02] [Information] Currently connected to: HellsGate-5.0G
[2025-06-12 20:04:02] [Information] Already connected to preferred network: HellsGate-5.0G
[2025-06-12 20:04:02] [Information] Waiting 17 minutes before next check...
[2025-06-12 20:21:02] [Information] Currently connected to: HellsGate-5.0G
[2025-06-12 20:21:02] [Information] Already connected to preferred network: HellsGate-5.0G
[2025-06-12 20:21:02] [Information] Waiting 21 minutes before next check...
[2025-06-12 20:42:02] [Information] Currently connected to: HellsGate-5.0G
[2025-06-12 20:42:02] [Information] Already connected to preferred network: HellsGate-5.0G
[2025-06-12 20:42:02] [Information] Waiting 21 minutes before next check...
[2025-06-12 21:03:02] [Information] Currently connected to: HellsGate-5.0G
[2025-06-12 21:03:02] [Information] Already connected to preferred network: HellsGate-5.0G
[2025-06-12 21:03:02] [Information] Waiting 29 minutes before next check...
[2025-06-12 21:32:02] [Information] Currently connected to: HellsGate-5.0G
[2025-06-12 21:32:02] [Information] Already connected to preferred network: HellsGate-5.0G
[2025-06-12 21:32:02] [Information] Waiting 14 minutes before next check...
[2025-06-12 21:46:02] [Information] Currently connected to: HellsGate-5.0G
[2025-06-12 21:46:02] [Information] Already connected to preferred network: HellsGate-5.0G
[2025-06-12 21:46:02] [Information] Waiting 25 minutes before next check...
[2025-06-12 22:11:02] [Information] Currently connected to: HellsGate-5.0G
[2025-06-12 22:11:02] [Information] Already connected to preferred network: HellsGate-5.0G
[2025-06-12 22:11:02] [Information] Waiting 11 minutes before next check...
[2025-06-12 22:22:03] [Information] Currently connected to: HellsGate-5.0G
[2025-06-12 22:22:03] [Information] Already connected to preferred network: HellsGate-5.0G
[2025-06-12 22:22:03] [Information] Waiting 12 minutes before next check...
[2025-06-12 22:34:03] [Information] Currently connected to: HellsGate-5.0G
[2025-06-12 22:34:03] [Information] Already connected to preferred network: HellsGate-5.0G
[2025-06-12 22:34:03] [Information] Waiting 19 minutes before next check...
[2025-06-12 22:53:03] [Information] Currently connected to: HellsGate-5.0G
[2025-06-12 22:53:03] [Information] Already connected to preferred network: HellsGate-5.0G
[2025-06-12 22:53:03] [Information] Waiting 20 minutes before next check...
[2025-06-12 23:13:03] [Information] Currently connected to: HellsGate-5.0G
[2025-06-12 23:13:03] [Information] Already connected to preferred network: HellsGate-5.0G
[2025-06-12 23:13:03] [Information] Waiting 17 minutes before next check...
[2025-06-12 23:30:03] [Information] Currently connected to: HellsGate-5.0G
[2025-06-12 23:30:03] [Information] Already connected to preferred network: HellsGate-5.0G
[2025-06-12 23:30:03] [Information] Waiting 15 minutes before next check...
[2025-06-12 23:45:03] [Information] Currently connected to: HellsGate-5.0G
[2025-06-12 23:45:03] [Information] Already connected to preferred network: HellsGate-5.0G
[2025-06-12 23:45:03] [Information] Waiting 24 minutes before next check...
