[2025-05-30 00:20:33] [Information] Currently connected to: Nyati_CPEPro2_2.4G
[2025-05-30 00:20:33] [Information] Already connected to preferred network: Nyati_CPEPro2_2.4G
[2025-05-30 00:20:33] [Information] Waiting 23 minutes before next check...
[2025-05-30 00:43:33] [Information] Currently connected to: Nyati_CPEPro2_2.4G
[2025-05-30 00:43:33] [Information] Already connected to preferred network: Nyati_CPEPro2_2.4G
[2025-05-30 00:43:33] [Information] Waiting 24 minutes before next check...
[2025-05-30 01:07:33] [Information] Currently connected to: Nyati_CPEPro2_2.4G
[2025-05-30 01:07:33] [Information] Already connected to preferred network: Nyati_CPEPro2_2.4G
[2025-05-30 01:07:33] [Information] Waiting 28 minutes before next check...
[2025-05-30 01:35:33] [Information] Currently connected to: Nyati_CPEPro2_2.4G
[2025-05-30 01:35:33] [Information] Already connected to preferred network: Nyati_CPEPro2_2.4G
[2025-05-30 01:35:33] [Information] Waiting 22 minutes before next check...
[2025-05-30 01:57:33] [Information] Currently connected to: Nyati_CPEPro2_2.4G
[2025-05-30 01:57:33] [Information] Already connected to preferred network: Nyati_CPEPro2_2.4G
[2025-05-30 01:57:33] [Information] Waiting 18 minutes before next check...
[2025-05-30 02:15:33] [Information] Currently connected to: Nyati_CPEPro2_2.4G
[2025-05-30 02:15:33] [Information] Already connected to preferred network: Nyati_CPEPro2_2.4G
[2025-05-30 02:15:33] [Information] Waiting 29 minutes before next check...
[2025-05-30 02:44:33] [Information] Currently connected to: Nyati_CPEPro2_2.4G
[2025-05-30 02:44:33] [Information] Already connected to preferred network: Nyati_CPEPro2_2.4G
[2025-05-30 02:44:33] [Information] Waiting 15 minutes before next check...
[2025-05-30 02:59:33] [Information] Currently connected to: Nyati_CPEPro2_2.4G
[2025-05-30 02:59:33] [Information] Already connected to preferred network: Nyati_CPEPro2_2.4G
[2025-05-30 02:59:33] [Information] Waiting 11 minutes before next check...
[2025-05-30 03:10:33] [Information] Currently connected to: Nyati_CPEPro2_2.4G
[2025-05-30 03:10:33] [Information] Already connected to preferred network: Nyati_CPEPro2_2.4G
[2025-05-30 03:10:33] [Information] Waiting 11 minutes before next check...
[2025-05-30 03:21:33] [Information] Currently connected to: Nyati_CPEPro2_2.4G
[2025-05-30 03:21:33] [Information] Already connected to preferred network: Nyati_CPEPro2_2.4G
[2025-05-30 03:21:33] [Information] Waiting 15 minutes before next check...
[2025-05-30 03:36:34] [Warning] No current WiFi connection
[2025-05-30 03:36:34] [Information] Scanning for preferred networks...
[2025-05-30 03:36:34] [Information] Found 12 networks
[2025-05-30 03:36:34] [Information] Attempting to connect to HellsGate-5.0G
[2025-05-30 03:36:39] [Information] Currently connected to: HellsGate-5.0G
[2025-05-30 03:36:39] [Information] Successfully connected to HellsGate-5.0G
[2025-05-30 03:36:39] [Information] Waiting 21 minutes before next check...
[2025-05-30 03:57:39] [Information] Currently connected to: HellsGate-5.0G
[2025-05-30 03:57:39] [Information] Already connected to preferred network: HellsGate-5.0G
[2025-05-30 03:57:39] [Information] Waiting 12 minutes before next check...
[2025-05-30 04:09:39] [Information] Currently connected to: HellsGate-5.0G
[2025-05-30 04:09:39] [Information] Already connected to preferred network: HellsGate-5.0G
[2025-05-30 04:09:39] [Information] Waiting 13 minutes before next check...
[2025-05-30 04:22:39] [Information] Currently connected to: HellsGate-5.0G
[2025-05-30 04:22:39] [Information] Already connected to preferred network: HellsGate-5.0G
[2025-05-30 04:22:39] [Information] Waiting 17 minutes before next check...
[2025-05-30 04:39:39] [Information] Currently connected to: HellsGate-5.0G
[2025-05-30 04:39:39] [Information] Already connected to preferred network: HellsGate-5.0G
[2025-05-30 04:39:39] [Information] Waiting 29 minutes before next check...
[2025-05-30 05:08:39] [Information] Currently connected to: HellsGate-5.0G
[2025-05-30 05:08:39] [Information] Already connected to preferred network: HellsGate-5.0G
[2025-05-30 05:08:39] [Information] Waiting 29 minutes before next check...
[2025-05-30 05:37:39] [Information] Currently connected to: HellsGate-5.0G
[2025-05-30 05:37:39] [Information] Already connected to preferred network: HellsGate-5.0G
[2025-05-30 05:37:39] [Information] Waiting 21 minutes before next check...
[2025-05-30 05:58:39] [Information] Currently connected to: HellsGate-5.0G
[2025-05-30 05:58:39] [Information] Already connected to preferred network: HellsGate-5.0G
[2025-05-30 05:58:39] [Information] Waiting 26 minutes before next check...
[2025-05-30 06:24:39] [Information] Currently connected to: HellsGate-5.0G
[2025-05-30 06:24:40] [Information] Already connected to preferred network: HellsGate-5.0G
[2025-05-30 06:24:40] [Information] Waiting 14 minutes before next check...
[2025-05-30 06:38:47] [Information] Currently connected to: HellsGate-5.0G
[2025-05-30 06:38:47] [Information] Already connected to preferred network: HellsGate-5.0G
[2025-05-30 06:38:47] [Information] Waiting 15 minutes before next check...
[2025-05-30 06:53:47] [Information] Currently connected to: HellsGate-5.0G
[2025-05-30 06:53:47] [Information] Already connected to preferred network: HellsGate-5.0G
[2025-05-30 06:53:47] [Information] Waiting 16 minutes before next check...
[2025-05-30 07:09:47] [Information] Currently connected to: HellsGate-5.0G
[2025-05-30 07:09:47] [Information] Already connected to preferred network: HellsGate-5.0G
[2025-05-30 07:09:47] [Information] Waiting 28 minutes before next check...
[2025-05-30 07:37:47] [Information] Currently connected to: HellsGate-5.0G
[2025-05-30 07:37:47] [Information] Already connected to preferred network: HellsGate-5.0G
[2025-05-30 07:37:47] [Information] Waiting 26 minutes before next check...
[2025-05-30 08:03:47] [Information] Currently connected to: HellsGate-5.0G
[2025-05-30 08:03:47] [Information] Already connected to preferred network: HellsGate-5.0G
[2025-05-30 08:03:47] [Information] Waiting 10 minutes before next check...
[2025-05-30 08:13:47] [Information] Currently connected to: HellsGate-5.0G
[2025-05-30 08:13:47] [Information] Already connected to preferred network: HellsGate-5.0G
[2025-05-30 08:13:47] [Information] Waiting 12 minutes before next check...
[2025-05-30 08:25:47] [Information] Currently connected to: HellsGate-5.0G
[2025-05-30 08:25:47] [Information] Already connected to preferred network: HellsGate-5.0G
[2025-05-30 08:25:47] [Information] Waiting 22 minutes before next check...
[2025-05-30 08:47:47] [Information] Currently connected to: HellsGate-5.0G
[2025-05-30 08:47:47] [Information] Already connected to preferred network: HellsGate-5.0G
[2025-05-30 08:47:47] [Information] Waiting 16 minutes before next check...
[2025-05-30 09:03:47] [Information] Currently connected to: HellsGate-5.0G
[2025-05-30 09:03:47] [Information] Already connected to preferred network: HellsGate-5.0G
[2025-05-30 09:03:47] [Information] Waiting 23 minutes before next check...
[2025-05-30 09:26:47] [Information] Currently connected to: HellsGate-5.0G
[2025-05-30 09:26:47] [Information] Already connected to preferred network: HellsGate-5.0G
[2025-05-30 09:26:47] [Information] Waiting 20 minutes before next check...
[2025-05-30 09:46:48] [Information] Currently connected to: HellsGate-5.0G
[2025-05-30 09:46:48] [Information] Already connected to preferred network: HellsGate-5.0G
[2025-05-30 09:46:48] [Information] Waiting 10 minutes before next check...
[2025-05-30 09:56:48] [Information] Currently connected to: HellsGate-5.0G
[2025-05-30 09:56:48] [Information] Already connected to preferred network: HellsGate-5.0G
[2025-05-30 09:56:48] [Information] Waiting 19 minutes before next check...
[2025-05-30 10:15:48] [Information] Currently connected to: HellsGate-5.0G
[2025-05-30 10:15:48] [Information] Already connected to preferred network: HellsGate-5.0G
[2025-05-30 10:15:48] [Information] Waiting 27 minutes before next check...
[2025-05-30 10:42:48] [Information] Currently connected to: HellsGate-5.0G
[2025-05-30 10:42:48] [Information] Already connected to preferred network: HellsGate-5.0G
[2025-05-30 10:42:48] [Information] Waiting 27 minutes before next check...
[2025-05-30 11:09:48] [Information] Currently connected to: HellsGate-5.0G
[2025-05-30 11:09:48] [Information] Already connected to preferred network: HellsGate-5.0G
[2025-05-30 11:09:48] [Information] Waiting 18 minutes before next check...
[2025-05-30 11:27:48] [Information] Currently connected to: HellsGate-5.0G
[2025-05-30 11:27:48] [Information] Already connected to preferred network: HellsGate-5.0G
[2025-05-30 11:27:48] [Information] Waiting 24 minutes before next check...
[2025-05-30 11:51:48] [Information] Currently connected to: HellsGate-5.0G
[2025-05-30 11:51:48] [Information] Already connected to preferred network: HellsGate-5.0G
[2025-05-30 11:51:48] [Information] Waiting 15 minutes before next check...
[2025-05-30 12:06:48] [Information] Currently connected to: HellsGate-5.0G
[2025-05-30 12:06:48] [Information] Already connected to preferred network: HellsGate-5.0G
[2025-05-30 12:06:48] [Information] Waiting 27 minutes before next check...
[2025-05-30 12:33:48] [Information] Currently connected to: HellsGate-5.0G
[2025-05-30 12:33:48] [Information] Already connected to preferred network: HellsGate-5.0G
[2025-05-30 12:33:48] [Information] Waiting 25 minutes before next check...
[2025-05-30 12:58:48] [Information] Currently connected to: HellsGate-5.0G
[2025-05-30 12:58:48] [Information] Already connected to preferred network: HellsGate-5.0G
[2025-05-30 12:58:48] [Information] Waiting 20 minutes before next check...
[2025-05-30 13:18:48] [Information] Currently connected to: HellsGate-5.0G
[2025-05-30 13:18:48] [Information] Already connected to preferred network: HellsGate-5.0G
[2025-05-30 13:18:48] [Information] Waiting 13 minutes before next check...
[2025-05-30 13:31:48] [Information] Currently connected to: HellsGate-5.0G
[2025-05-30 13:31:49] [Information] Already connected to preferred network: HellsGate-5.0G
[2025-05-30 13:31:49] [Information] Waiting 18 minutes before next check...
[2025-05-30 13:49:49] [Information] Currently connected to: HellsGate-5.0G
[2025-05-30 13:49:49] [Information] Already connected to preferred network: HellsGate-5.0G
[2025-05-30 13:49:49] [Information] Waiting 21 minutes before next check...
[2025-05-30 14:10:49] [Information] Currently connected to: HellsGate-5.0G
[2025-05-30 14:10:49] [Information] Already connected to preferred network: HellsGate-5.0G
[2025-05-30 14:10:49] [Information] Waiting 29 minutes before next check...
[2025-05-30 14:39:49] [Information] Currently connected to: HellsGate-5.0G
[2025-05-30 14:39:49] [Information] Already connected to preferred network: HellsGate-5.0G
[2025-05-30 14:39:49] [Information] Waiting 14 minutes before next check...
[2025-05-30 14:53:49] [Information] Currently connected to: HellsGate-5.0G
[2025-05-30 14:53:49] [Information] Already connected to preferred network: HellsGate-5.0G
[2025-05-30 14:53:49] [Information] Waiting 14 minutes before next check...
[2025-05-30 15:07:49] [Information] Currently connected to: HellsGate-5.0G
[2025-05-30 15:07:49] [Information] Already connected to preferred network: HellsGate-5.0G
[2025-05-30 15:07:49] [Information] Waiting 10 minutes before next check...
[2025-05-30 15:17:49] [Information] Currently connected to: HellsGate-5.0G
[2025-05-30 15:17:49] [Information] Already connected to preferred network: HellsGate-5.0G
[2025-05-30 15:17:49] [Information] Waiting 18 minutes before next check...
[2025-05-30 15:35:49] [Information] Currently connected to: HellsGate-5.0G
[2025-05-30 15:35:49] [Information] Already connected to preferred network: HellsGate-5.0G
[2025-05-30 15:35:49] [Information] Waiting 27 minutes before next check...
[2025-05-30 16:02:49] [Information] Currently connected to: HellsGate-5.0G
[2025-05-30 16:02:49] [Information] Already connected to preferred network: HellsGate-5.0G
[2025-05-30 16:02:49] [Information] Waiting 20 minutes before next check...
[2025-05-30 16:22:49] [Information] Currently connected to: HellsGate-5.0G
[2025-05-30 16:22:49] [Information] Already connected to preferred network: HellsGate-5.0G
[2025-05-30 16:22:49] [Information] Waiting 11 minutes before next check...
[2025-05-30 16:33:49] [Information] Currently connected to: HellsGate-5.0G
[2025-05-30 16:33:49] [Information] Already connected to preferred network: HellsGate-5.0G
[2025-05-30 16:33:49] [Information] Waiting 21 minutes before next check...
[2025-05-30 16:54:49] [Information] Currently connected to: HellsGate-5.0G
[2025-05-30 16:54:49] [Information] Already connected to preferred network: HellsGate-5.0G
[2025-05-30 16:54:49] [Information] Waiting 23 minutes before next check...
[2025-05-30 17:17:50] [Information] Currently connected to: HellsGate-5.0G
[2025-05-30 17:17:50] [Information] Already connected to preferred network: HellsGate-5.0G
[2025-05-30 17:17:50] [Information] Waiting 26 minutes before next check...
[2025-05-30 17:43:50] [Information] Currently connected to: Nyati_CPEPro2_2.4G
[2025-05-30 17:43:50] [Information] Already connected to preferred network: Nyati_CPEPro2_2.4G
[2025-05-30 17:43:50] [Information] Waiting 18 minutes before next check...
[2025-05-30 18:01:50] [Information] Currently connected to: Nyati_CPEPro2_2.4G
[2025-05-30 18:01:50] [Information] Already connected to preferred network: Nyati_CPEPro2_2.4G
[2025-05-30 18:01:50] [Information] Waiting 18 minutes before next check...
[2025-05-30 18:19:50] [Information] Currently connected to: Nyati_CPEPro2_2.4G
[2025-05-30 18:19:50] [Information] Already connected to preferred network: Nyati_CPEPro2_2.4G
[2025-05-30 18:19:50] [Information] Waiting 12 minutes before next check...
[2025-05-30 18:31:50] [Information] Currently connected to: Nyati_CPEPro2_2.4G
[2025-05-30 18:31:50] [Information] Already connected to preferred network: Nyati_CPEPro2_2.4G
[2025-05-30 18:31:50] [Information] Waiting 15 minutes before next check...
[2025-05-30 18:46:50] [Information] Currently connected to: Nyati_CPEPro2_2.4G
[2025-05-30 18:46:50] [Information] Already connected to preferred network: Nyati_CPEPro2_2.4G
[2025-05-30 18:46:50] [Information] Waiting 14 minutes before next check...
[2025-05-30 19:00:50] [Information] Currently connected to: Nyati_CPEPro2_2.4G
[2025-05-30 19:00:50] [Information] Already connected to preferred network: Nyati_CPEPro2_2.4G
[2025-05-30 19:00:50] [Information] Waiting 21 minutes before next check...
[2025-05-30 19:21:50] [Information] Currently connected to: Nyati_CPEPro2_2.4G
[2025-05-30 19:21:50] [Information] Already connected to preferred network: Nyati_CPEPro2_2.4G
[2025-05-30 19:21:50] [Information] Waiting 27 minutes before next check...
[2025-05-30 19:48:50] [Information] Currently connected to: Nyati_CPEPro2_2.4G
[2025-05-30 19:48:50] [Information] Already connected to preferred network: Nyati_CPEPro2_2.4G
[2025-05-30 19:48:50] [Information] Waiting 15 minutes before next check...
[2025-05-30 20:03:50] [Information] Currently connected to: Nyati_CPEPro2_2.4G
[2025-05-30 20:03:50] [Information] Already connected to preferred network: Nyati_CPEPro2_2.4G
[2025-05-30 20:03:50] [Information] Waiting 21 minutes before next check...
[2025-05-30 20:24:50] [Information] Currently connected to: Nyati_CPEPro2_2.4G
[2025-05-30 20:24:50] [Information] Already connected to preferred network: Nyati_CPEPro2_2.4G
[2025-05-30 20:24:50] [Information] Waiting 16 minutes before next check...
[2025-05-30 20:40:51] [Information] Currently connected to: Nyati_CPEPro2_2.4G
[2025-05-30 20:40:51] [Information] Already connected to preferred network: Nyati_CPEPro2_2.4G
[2025-05-30 20:40:51] [Information] Waiting 21 minutes before next check...
[2025-05-30 21:01:51] [Information] Currently connected to: Nyati_CPEPro2_2.4G
[2025-05-30 21:01:51] [Information] Already connected to preferred network: Nyati_CPEPro2_2.4G
[2025-05-30 21:01:51] [Information] Waiting 14 minutes before next check...
[2025-05-30 21:15:51] [Information] Currently connected to: Nyati_CPEPro2_2.4G
[2025-05-30 21:15:51] [Information] Already connected to preferred network: Nyati_CPEPro2_2.4G
[2025-05-30 21:15:51] [Information] Waiting 22 minutes before next check...
[2025-05-30 21:37:51] [Information] Currently connected to: Nyati_CPEPro2_2.4G
[2025-05-30 21:37:51] [Information] Already connected to preferred network: Nyati_CPEPro2_2.4G
[2025-05-30 21:37:51] [Information] Waiting 29 minutes before next check...
[2025-05-30 22:06:51] [Information] Currently connected to: Nyati_CPEPro2_2.4G
[2025-05-30 22:06:51] [Information] Already connected to preferred network: Nyati_CPEPro2_2.4G
[2025-05-30 22:06:51] [Information] Waiting 18 minutes before next check...
[2025-05-30 22:24:51] [Information] Currently connected to: Nyati_CPEPro2_2.4G
[2025-05-30 22:24:51] [Information] Already connected to preferred network: Nyati_CPEPro2_2.4G
[2025-05-30 22:24:51] [Information] Waiting 26 minutes before next check...
[2025-05-30 22:50:51] [Information] Currently connected to: Nyati_CPEPro2_2.4G
[2025-05-30 22:50:51] [Information] Already connected to preferred network: Nyati_CPEPro2_2.4G
[2025-05-30 22:50:51] [Information] Waiting 10 minutes before next check...
[2025-05-30 23:00:51] [Information] Currently connected to: Nyati_CPEPro2_2.4G
[2025-05-30 23:00:51] [Information] Already connected to preferred network: Nyati_CPEPro2_2.4G
[2025-05-30 23:00:51] [Information] Waiting 21 minutes before next check...
[2025-05-30 23:21:51] [Information] Currently connected to: Nyati_CPEPro2_2.4G
[2025-05-30 23:21:51] [Information] Already connected to preferred network: Nyati_CPEPro2_2.4G
[2025-05-30 23:21:51] [Information] Waiting 10 minutes before next check...
[2025-05-30 23:31:51] [Information] Currently connected to: Nyati_CPEPro2_2.4G
[2025-05-30 23:31:51] [Information] Already connected to preferred network: Nyati_CPEPro2_2.4G
[2025-05-30 23:31:51] [Information] Waiting 10 minutes before next check...
[2025-05-30 23:41:51] [Information] Currently connected to: Nyati_CPEPro2_2.4G
[2025-05-30 23:41:51] [Information] Already connected to preferred network: Nyati_CPEPro2_2.4G
[2025-05-30 23:41:51] [Information] Waiting 14 minutes before next check...
[2025-05-30 23:55:52] [Information] Currently connected to: Nyati_CPEPro2_2.4G
[2025-05-30 23:55:52] [Information] Already connected to preferred network: Nyati_CPEPro2_2.4G
[2025-05-30 23:55:52] [Information] Waiting 22 minutes before next check...
