[2025-01-29 00:23:25] [Warning] No current WiFi connection
[2025-01-29 00:23:25] [Information] Scanning for preferred networks...
[2025-01-29 00:23:25] [Information] Found 5 networks
[2025-01-29 00:23:25] [Information] Attempting to connect to HellsGate-5.0G
[2025-01-29 00:23:30] [Information] Currently connected to: HellsGate-5.0G
[2025-01-29 00:23:30] [Information] Successfully connected to HellsGate-5.0G
[2025-01-29 00:23:30] [Information] Waiting 20 minutes before next check...
[2025-01-29 00:43:30] [Information] Currently connected to: HellsGate-5.0G
[2025-01-29 00:43:30] [Information] Already connected to preferred network: HellsGate-5.0G
[2025-01-29 00:43:30] [Information] Waiting 21 minutes before next check...
[2025-01-29 01:04:30] [Information] Currently connected to: HellsGate-5.0G
[2025-01-29 01:04:30] [Information] Already connected to preferred network: HellsGate-5.0G
[2025-01-29 01:04:30] [Information] Waiting 29 minutes before next check...
[2025-01-29 01:33:30] [Information] Currently connected to: HellsGate-5.0G
[2025-01-29 01:33:30] [Information] Already connected to preferred network: HellsGate-5.0G
[2025-01-29 01:33:30] [Information] Waiting 26 minutes before next check...
[2025-01-29 01:59:30] [Information] Currently connected to: HellsGate-5.0G
[2025-01-29 01:59:30] [Information] Already connected to preferred network: HellsGate-5.0G
[2025-01-29 01:59:30] [Information] Waiting 25 minutes before next check...
[2025-01-29 02:24:31] [Information] Currently connected to: HellsGate-5.0G
[2025-01-29 02:24:31] [Information] Already connected to preferred network: HellsGate-5.0G
[2025-01-29 02:24:31] [Information] Waiting 26 minutes before next check...
[2025-01-29 02:50:31] [Information] Currently connected to: HellsGate-5.0G
[2025-01-29 02:50:31] [Information] Already connected to preferred network: HellsGate-5.0G
[2025-01-29 02:50:31] [Information] Waiting 23 minutes before next check...
[2025-01-29 03:13:31] [Information] Currently connected to: HellsGate-5.0G
[2025-01-29 03:13:31] [Information] Already connected to preferred network: HellsGate-5.0G
[2025-01-29 03:13:31] [Information] Waiting 23 minutes before next check...
[2025-01-29 03:36:31] [Information] Currently connected to: HellsGate-5.0G
[2025-01-29 03:36:31] [Information] Already connected to preferred network: HellsGate-5.0G
[2025-01-29 03:36:31] [Information] Waiting 12 minutes before next check...
[2025-01-29 03:48:31] [Information] Currently connected to: HellsGate-5.0G
[2025-01-29 03:48:31] [Information] Already connected to preferred network: HellsGate-5.0G
[2025-01-29 03:48:31] [Information] Waiting 15 minutes before next check...
[2025-01-29 04:03:31] [Information] Currently connected to: HellsGate-5.0G
[2025-01-29 04:03:31] [Information] Already connected to preferred network: HellsGate-5.0G
[2025-01-29 04:03:31] [Information] Waiting 18 minutes before next check...
[2025-01-29 04:21:31] [Information] Currently connected to: HellsGate-5.0G
[2025-01-29 04:21:31] [Information] Already connected to preferred network: HellsGate-5.0G
[2025-01-29 04:21:31] [Information] Waiting 15 minutes before next check...
[2025-01-29 04:36:31] [Information] Currently connected to: HellsGate-5.0G
[2025-01-29 04:36:31] [Information] Already connected to preferred network: HellsGate-5.0G
[2025-01-29 04:36:31] [Information] Waiting 18 minutes before next check...
[2025-01-29 04:54:38] [Information] Currently connected to: HellsGate-5.0G
[2025-01-29 04:54:38] [Information] Already connected to preferred network: HellsGate-5.0G
[2025-01-29 04:54:38] [Information] Waiting 25 minutes before next check...
[2025-01-29 05:19:38] [Information] Currently connected to: HellsGate-5.0G
[2025-01-29 05:19:38] [Information] Already connected to preferred network: HellsGate-5.0G
[2025-01-29 05:19:38] [Information] Waiting 24 minutes before next check...
[2025-01-29 05:43:38] [Information] Currently connected to: HellsGate-5.0G
[2025-01-29 05:43:38] [Information] Already connected to preferred network: HellsGate-5.0G
[2025-01-29 05:43:38] [Information] Waiting 17 minutes before next check...
[2025-01-29 06:00:38] [Information] Currently connected to: HellsGate-5.0G
[2025-01-29 06:00:38] [Information] Already connected to preferred network: HellsGate-5.0G
[2025-01-29 06:00:38] [Information] Waiting 26 minutes before next check...
[2025-01-29 06:26:38] [Information] Currently connected to: HellsGate-5.0G
[2025-01-29 06:26:38] [Information] Already connected to preferred network: HellsGate-5.0G
[2025-01-29 06:26:38] [Information] Waiting 21 minutes before next check...
[2025-01-29 06:47:38] [Information] Currently connected to: HellsGate-5.0G
[2025-01-29 06:47:38] [Information] Already connected to preferred network: HellsGate-5.0G
[2025-01-29 06:47:38] [Information] Waiting 29 minutes before next check...
[2025-01-29 07:16:38] [Information] Currently connected to: HellsGate-5.0G
[2025-01-29 07:16:38] [Information] Already connected to preferred network: HellsGate-5.0G
[2025-01-29 07:16:38] [Information] Waiting 27 minutes before next check...
[2025-01-29 07:43:38] [Information] Currently connected to: HellsGate-5.0G
[2025-01-29 07:43:38] [Information] Already connected to preferred network: HellsGate-5.0G
[2025-01-29 07:43:38] [Information] Waiting 12 minutes before next check...
[2025-01-29 07:55:39] [Information] Currently connected to: HellsGate-5.0G
[2025-01-29 07:55:39] [Information] Already connected to preferred network: HellsGate-5.0G
[2025-01-29 07:55:39] [Information] Waiting 19 minutes before next check...
[2025-01-29 08:14:39] [Information] Currently connected to: HellsGate-5.0G
[2025-01-29 08:14:39] [Information] Already connected to preferred network: HellsGate-5.0G
[2025-01-29 08:14:39] [Information] Waiting 10 minutes before next check...
[2025-01-29 08:24:39] [Information] Currently connected to: HellsGate-5.0G
[2025-01-29 08:24:39] [Information] Already connected to preferred network: HellsGate-5.0G
[2025-01-29 08:24:39] [Information] Waiting 11 minutes before next check...
[2025-01-29 08:35:39] [Information] Currently connected to: HellsGate-5.0G
[2025-01-29 08:35:39] [Information] Already connected to preferred network: HellsGate-5.0G
[2025-01-29 08:35:39] [Information] Waiting 13 minutes before next check...
[2025-01-29 08:48:39] [Information] Currently connected to: HellsGate-5.0G
[2025-01-29 08:48:39] [Information] Already connected to preferred network: HellsGate-5.0G
[2025-01-29 08:48:39] [Information] Waiting 11 minutes before next check...
[2025-01-29 08:59:39] [Information] Currently connected to: HellsGate-5.0G
[2025-01-29 08:59:39] [Information] Already connected to preferred network: HellsGate-5.0G
[2025-01-29 08:59:39] [Information] Waiting 10 minutes before next check...
[2025-01-29 09:09:39] [Information] Currently connected to: HellsGate-5.0G
[2025-01-29 09:09:39] [Information] Already connected to preferred network: HellsGate-5.0G
[2025-01-29 09:09:39] [Information] Waiting 10 minutes before next check...
[2025-01-29 09:19:39] [Information] Currently connected to: HellsGate-5.0G
[2025-01-29 09:19:39] [Information] Already connected to preferred network: HellsGate-5.0G
[2025-01-29 09:19:39] [Information] Waiting 21 minutes before next check...
[2025-01-29 09:40:39] [Information] Currently connected to: HellsGate-5.0G
[2025-01-29 09:40:39] [Information] Already connected to preferred network: HellsGate-5.0G
[2025-01-29 09:40:39] [Information] Waiting 26 minutes before next check...
[2025-01-29 10:06:39] [Information] Currently connected to: HellsGate-5.0G
[2025-01-29 10:06:39] [Information] Already connected to preferred network: HellsGate-5.0G
[2025-01-29 10:06:39] [Information] Waiting 23 minutes before next check...
[2025-01-29 10:29:39] [Information] Currently connected to: HellsGate-5.0G
[2025-01-29 10:29:39] [Information] Already connected to preferred network: HellsGate-5.0G
[2025-01-29 10:29:39] [Information] Waiting 20 minutes before next check...
[2025-01-29 10:49:39] [Information] Currently connected to: HellsGate-5.0G
[2025-01-29 10:49:39] [Information] Already connected to preferred network: HellsGate-5.0G
[2025-01-29 10:49:39] [Information] Waiting 19 minutes before next check...
[2025-01-29 11:08:40] [Information] Currently connected to: HellsGate-5.0G
[2025-01-29 11:08:40] [Information] Already connected to preferred network: HellsGate-5.0G
[2025-01-29 11:08:40] [Information] Waiting 29 minutes before next check...
[2025-01-29 11:37:40] [Information] Currently connected to: HellsGate-5.0G
[2025-01-29 11:37:40] [Information] Already connected to preferred network: HellsGate-5.0G
[2025-01-29 11:37:40] [Information] Waiting 28 minutes before next check...
[2025-01-29 12:05:40] [Information] Currently connected to: HellsGate-5.0G
[2025-01-29 12:05:40] [Information] Already connected to preferred network: HellsGate-5.0G
[2025-01-29 12:05:40] [Information] Waiting 20 minutes before next check...
[2025-01-29 12:25:40] [Information] Currently connected to: HellsGate-5.0G
[2025-01-29 12:25:40] [Information] Already connected to preferred network: HellsGate-5.0G
[2025-01-29 12:25:40] [Information] Waiting 26 minutes before next check...
[2025-01-29 12:51:40] [Information] Currently connected to: HellsGate-5.0G
[2025-01-29 12:51:40] [Information] Already connected to preferred network: HellsGate-5.0G
[2025-01-29 12:51:40] [Information] Waiting 27 minutes before next check...
[2025-01-29 13:18:40] [Information] Currently connected to: HellsGate-5.0G
[2025-01-29 13:18:40] [Information] Already connected to preferred network: HellsGate-5.0G
[2025-01-29 13:18:40] [Information] Waiting 27 minutes before next check...
[2025-01-29 13:45:40] [Information] Currently connected to: HellsGate-5.0G
[2025-01-29 13:45:40] [Information] Already connected to preferred network: HellsGate-5.0G
[2025-01-29 13:45:40] [Information] Waiting 16 minutes before next check...
[2025-01-29 14:01:40] [Information] Currently connected to: HellsGate-5.0G
[2025-01-29 14:01:40] [Information] Already connected to preferred network: HellsGate-5.0G
[2025-01-29 14:01:40] [Information] Waiting 26 minutes before next check...
[2025-01-29 14:27:40] [Information] Currently connected to: HellsGate-5.0G
[2025-01-29 14:27:40] [Information] Already connected to preferred network: HellsGate-5.0G
[2025-01-29 14:27:40] [Information] Waiting 29 minutes before next check...
[2025-01-29 14:56:40] [Information] Currently connected to: HellsGate-5.0G
[2025-01-29 14:56:40] [Information] Already connected to preferred network: HellsGate-5.0G
[2025-01-29 14:56:40] [Information] Waiting 19 minutes before next check...
[2025-01-29 15:15:40] [Information] Currently connected to: HellsGate-5.0G
[2025-01-29 15:15:40] [Information] Already connected to preferred network: HellsGate-5.0G
[2025-01-29 15:15:40] [Information] Waiting 22 minutes before next check...
[2025-01-29 15:37:40] [Information] Currently connected to: HellsGate-5.0G
[2025-01-29 15:37:40] [Information] Already connected to preferred network: HellsGate-5.0G
[2025-01-29 15:37:40] [Information] Waiting 15 minutes before next check...
[2025-01-29 15:52:41] [Information] Currently connected to: HellsGate-5.0G
[2025-01-29 15:52:41] [Information] Already connected to preferred network: HellsGate-5.0G
[2025-01-29 15:52:41] [Information] Waiting 11 minutes before next check...
[2025-01-29 16:03:41] [Information] Currently connected to: HellsGate-5.0G
[2025-01-29 16:03:41] [Information] Already connected to preferred network: HellsGate-5.0G
[2025-01-29 16:03:41] [Information] Waiting 26 minutes before next check...
[2025-01-29 16:29:41] [Information] Currently connected to: HellsGate-5.0G
[2025-01-29 16:29:41] [Information] Already connected to preferred network: HellsGate-5.0G
[2025-01-29 16:29:41] [Information] Waiting 18 minutes before next check...
[2025-01-29 16:47:41] [Information] Currently connected to: HellsGate-5.0G
[2025-01-29 16:47:41] [Information] Already connected to preferred network: HellsGate-5.0G
[2025-01-29 16:47:41] [Information] Waiting 27 minutes before next check...
[2025-01-29 17:14:41] [Information] Currently connected to: HellsGate-5.0G
[2025-01-29 17:14:41] [Information] Already connected to preferred network: HellsGate-5.0G
[2025-01-29 17:14:41] [Information] Waiting 18 minutes before next check...
[2025-01-29 17:32:41] [Information] Currently connected to: HellsGate-5.0G
[2025-01-29 17:32:41] [Information] Already connected to preferred network: HellsGate-5.0G
[2025-01-29 17:32:41] [Information] Waiting 14 minutes before next check...
[2025-01-29 17:46:41] [Information] Currently connected to: HellsGate-5.0G
[2025-01-29 17:46:41] [Information] Already connected to preferred network: HellsGate-5.0G
[2025-01-29 17:46:41] [Information] Waiting 26 minutes before next check...
[2025-01-29 18:12:41] [Information] Currently connected to: HellsGate-5.0G
[2025-01-29 18:12:41] [Information] Already connected to preferred network: HellsGate-5.0G
[2025-01-29 18:12:41] [Information] Waiting 23 minutes before next check...
[2025-01-29 18:35:41] [Information] Currently connected to: HellsGate-5.0G
[2025-01-29 18:35:41] [Information] Already connected to preferred network: HellsGate-5.0G
[2025-01-29 18:35:41] [Information] Waiting 21 minutes before next check...
[2025-01-29 18:56:41] [Information] Currently connected to: HellsGate-5.0G
[2025-01-29 18:56:41] [Information] Already connected to preferred network: HellsGate-5.0G
[2025-01-29 18:56:41] [Information] Waiting 25 minutes before next check...
[2025-01-29 19:21:41] [Information] Currently connected to: HellsGate-5.0G
[2025-01-29 19:21:41] [Information] Already connected to preferred network: HellsGate-5.0G
[2025-01-29 19:21:41] [Information] Waiting 10 minutes before next check...
[2025-01-29 19:31:41] [Information] Currently connected to: HellsGate-5.0G
[2025-01-29 19:31:41] [Information] Already connected to preferred network: HellsGate-5.0G
[2025-01-29 19:31:41] [Information] Waiting 26 minutes before next check...
[2025-01-29 19:57:42] [Information] Currently connected to: HellsGate-5.0G
[2025-01-29 19:57:42] [Information] Already connected to preferred network: HellsGate-5.0G
[2025-01-29 19:57:42] [Information] Waiting 12 minutes before next check...
[2025-01-29 20:09:42] [Information] Currently connected to: HellsGate-5.0G
[2025-01-29 20:09:42] [Information] Already connected to preferred network: HellsGate-5.0G
[2025-01-29 20:09:42] [Information] Waiting 23 minutes before next check...
[2025-01-29 20:32:42] [Information] Currently connected to: HellsGate-5.0G
[2025-01-29 20:32:42] [Information] Already connected to preferred network: HellsGate-5.0G
[2025-01-29 20:32:42] [Information] Waiting 22 minutes before next check...
[2025-01-29 20:54:42] [Information] Currently connected to: HellsGate-5.0G
[2025-01-29 20:54:42] [Information] Already connected to preferred network: HellsGate-5.0G
[2025-01-29 20:54:42] [Information] Waiting 18 minutes before next check...
[2025-01-29 21:12:42] [Information] Currently connected to: HellsGate-5.0G
[2025-01-29 21:12:42] [Information] Already connected to preferred network: HellsGate-5.0G
[2025-01-29 21:12:42] [Information] Waiting 11 minutes before next check...
[2025-01-29 21:23:42] [Information] Currently connected to: HellsGate-5.0G
[2025-01-29 21:23:42] [Information] Already connected to preferred network: HellsGate-5.0G
[2025-01-29 21:23:42] [Information] Waiting 29 minutes before next check...
[2025-01-29 21:52:42] [Information] Currently connected to: HellsGate-5.0G
[2025-01-29 21:52:42] [Information] Already connected to preferred network: HellsGate-5.0G
[2025-01-29 21:52:42] [Information] Waiting 13 minutes before next check...
[2025-01-29 22:05:42] [Information] Currently connected to: HellsGate-5.0G
[2025-01-29 22:05:42] [Information] Already connected to preferred network: HellsGate-5.0G
[2025-01-29 22:05:42] [Information] Waiting 29 minutes before next check...
[2025-01-29 22:34:42] [Information] Currently connected to: HellsGate-5.0G
[2025-01-29 22:34:42] [Information] Already connected to preferred network: HellsGate-5.0G
[2025-01-29 22:34:42] [Information] Waiting 28 minutes before next check...
[2025-01-29 23:02:42] [Information] Currently connected to: HellsGate-5.0G
[2025-01-29 23:02:42] [Information] Already connected to preferred network: HellsGate-5.0G
[2025-01-29 23:02:42] [Information] Waiting 25 minutes before next check...
[2025-01-29 23:27:42] [Information] Currently connected to: HellsGate-5.0G
[2025-01-29 23:27:42] [Information] Already connected to preferred network: HellsGate-5.0G
[2025-01-29 23:27:42] [Information] Waiting 16 minutes before next check...
[2025-01-29 23:43:42] [Information] Currently connected to: HellsGate-5.0G
[2025-01-29 23:43:42] [Information] Already connected to preferred network: HellsGate-5.0G
[2025-01-29 23:43:42] [Information] Waiting 22 minutes before next check...
