[2025-02-18 00:14:05] [Information] Currently connected to: HellsGate-5.0G
[2025-02-18 00:14:05] [Information] Already connected to preferred network: HellsGate-5.0G
[2025-02-18 00:14:05] [Information] Waiting 13 minutes before next check...
[2025-02-18 00:27:05] [Information] Currently connected to: HellsGate-5.0G
[2025-02-18 00:27:05] [Information] Already connected to preferred network: HellsGate-5.0G
[2025-02-18 00:27:05] [Information] Waiting 24 minutes before next check...
[2025-02-18 00:51:05] [Information] Currently connected to: HellsGate-5.0G
[2025-02-18 00:51:05] [Information] Already connected to preferred network: HellsGate-5.0G
[2025-02-18 00:51:05] [Information] Waiting 12 minutes before next check...
[2025-02-18 01:03:05] [Information] Currently connected to: HellsGate-5.0G
[2025-02-18 01:03:05] [Information] Already connected to preferred network: HellsGate-5.0G
[2025-02-18 01:03:05] [Information] Waiting 27 minutes before next check...
[2025-02-18 01:30:05] [Information] Currently connected to: HellsGate-5.0G
[2025-02-18 01:30:05] [Information] Already connected to preferred network: HellsGate-5.0G
[2025-02-18 01:30:05] [Information] Waiting 12 minutes before next check...
[2025-02-18 01:42:05] [Information] Currently connected to: HellsGate-5.0G
[2025-02-18 01:42:05] [Information] Already connected to preferred network: HellsGate-5.0G
[2025-02-18 01:42:05] [Information] Waiting 21 minutes before next check...
[2025-02-18 02:03:05] [Information] Currently connected to: HellsGate-5.0G
[2025-02-18 02:03:05] [Information] Already connected to preferred network: HellsGate-5.0G
[2025-02-18 02:03:05] [Information] Waiting 28 minutes before next check...
[2025-02-18 02:31:05] [Information] Currently connected to: HellsGate-5.0G
[2025-02-18 02:31:06] [Information] Already connected to preferred network: HellsGate-5.0G
[2025-02-18 02:31:06] [Information] Waiting 21 minutes before next check...
[2025-02-18 02:52:06] [Information] Currently connected to: HellsGate-5.0G
[2025-02-18 02:52:06] [Information] Already connected to preferred network: HellsGate-5.0G
[2025-02-18 02:52:06] [Information] Waiting 29 minutes before next check...
[2025-02-18 03:21:06] [Information] Currently connected to: HellsGate-5.0G
[2025-02-18 03:21:06] [Information] Already connected to preferred network: HellsGate-5.0G
[2025-02-18 03:21:06] [Information] Waiting 12 minutes before next check...
[2025-02-18 03:33:06] [Information] Currently connected to: HellsGate-5.0G
[2025-02-18 03:33:06] [Information] Already connected to preferred network: HellsGate-5.0G
[2025-02-18 03:33:06] [Information] Waiting 18 minutes before next check...
[2025-02-18 03:51:06] [Information] Currently connected to: HellsGate-5.0G
[2025-02-18 03:51:06] [Information] Already connected to preferred network: HellsGate-5.0G
[2025-02-18 03:51:06] [Information] Waiting 23 minutes before next check...
[2025-02-18 04:14:06] [Information] Currently connected to: HellsGate-5.0G
[2025-02-18 04:14:06] [Information] Already connected to preferred network: HellsGate-5.0G
[2025-02-18 04:14:06] [Information] Waiting 10 minutes before next check...
[2025-02-18 04:24:06] [Information] Currently connected to: HellsGate-5.0G
[2025-02-18 04:24:06] [Information] Already connected to preferred network: HellsGate-5.0G
[2025-02-18 04:24:06] [Information] Waiting 15 minutes before next check...
[2025-02-18 04:39:06] [Information] Currently connected to: HellsGate-5.0G
[2025-02-18 04:39:06] [Information] Already connected to preferred network: HellsGate-5.0G
[2025-02-18 04:39:06] [Information] Waiting 16 minutes before next check...
[2025-02-18 04:55:06] [Information] Currently connected to: HellsGate-5.0G
[2025-02-18 04:55:06] [Information] Already connected to preferred network: HellsGate-5.0G
[2025-02-18 04:55:06] [Information] Waiting 14 minutes before next check...
[2025-02-18 05:09:06] [Information] Currently connected to: HellsGate-5.0G
[2025-02-18 05:09:06] [Information] Already connected to preferred network: HellsGate-5.0G
[2025-02-18 05:09:06] [Information] Waiting 18 minutes before next check...
[2025-02-18 05:27:13] [Information] Currently connected to: HellsGate-5.0G
[2025-02-18 05:27:13] [Information] Already connected to preferred network: HellsGate-5.0G
[2025-02-18 05:27:13] [Information] Waiting 28 minutes before next check...
[2025-02-18 05:55:13] [Information] Currently connected to: HellsGate-5.0G
[2025-02-18 05:55:13] [Information] Already connected to preferred network: HellsGate-5.0G
[2025-02-18 05:55:13] [Information] Waiting 12 minutes before next check...
[2025-02-18 06:07:13] [Information] Currently connected to: HellsGate-5.0G
[2025-02-18 06:07:13] [Information] Already connected to preferred network: HellsGate-5.0G
[2025-02-18 06:07:13] [Information] Waiting 17 minutes before next check...
[2025-02-18 06:24:13] [Information] Currently connected to: HellsGate-5.0G
[2025-02-18 06:24:13] [Information] Already connected to preferred network: HellsGate-5.0G
[2025-02-18 06:24:13] [Information] Waiting 23 minutes before next check...
[2025-02-18 06:47:13] [Information] Currently connected to: HellsGate-5.0G
[2025-02-18 06:47:13] [Information] Already connected to preferred network: HellsGate-5.0G
[2025-02-18 06:47:13] [Information] Waiting 16 minutes before next check...
[2025-02-18 07:03:13] [Information] Currently connected to: HellsGate-5.0G
[2025-02-18 07:03:13] [Information] Already connected to preferred network: HellsGate-5.0G
[2025-02-18 07:03:13] [Information] Waiting 28 minutes before next check...
[2025-02-18 07:31:13] [Information] Currently connected to: HellsGate-5.0G
[2025-02-18 07:31:13] [Information] Already connected to preferred network: HellsGate-5.0G
[2025-02-18 07:31:13] [Information] Waiting 12 minutes before next check...
[2025-02-18 07:43:14] [Information] Currently connected to: HellsGate-5.0G
[2025-02-18 07:43:14] [Information] Already connected to preferred network: HellsGate-5.0G
[2025-02-18 07:43:14] [Information] Waiting 24 minutes before next check...
[2025-02-18 08:07:14] [Information] Currently connected to: HellsGate-5.0G
[2025-02-18 08:07:14] [Information] Already connected to preferred network: HellsGate-5.0G
[2025-02-18 08:07:14] [Information] Waiting 17 minutes before next check...
[2025-02-18 08:24:14] [Information] Currently connected to: HellsGate-5.0G
[2025-02-18 08:24:14] [Information] Already connected to preferred network: HellsGate-5.0G
[2025-02-18 08:24:14] [Information] Waiting 15 minutes before next check...
[2025-02-18 08:39:14] [Information] Currently connected to: HellsGate-5.0G
[2025-02-18 08:39:14] [Information] Already connected to preferred network: HellsGate-5.0G
[2025-02-18 08:39:14] [Information] Waiting 29 minutes before next check...
[2025-02-18 09:08:14] [Information] Currently connected to: HellsGate-5.0G
[2025-02-18 09:08:14] [Information] Already connected to preferred network: HellsGate-5.0G
[2025-02-18 09:08:14] [Information] Waiting 12 minutes before next check...
[2025-02-18 09:20:14] [Information] Currently connected to: HellsGate-5.0G
[2025-02-18 09:20:14] [Information] Already connected to preferred network: HellsGate-5.0G
[2025-02-18 09:20:14] [Information] Waiting 28 minutes before next check...
[2025-02-18 09:48:14] [Information] Currently connected to: HellsGate-5.0G
[2025-02-18 09:48:14] [Information] Already connected to preferred network: HellsGate-5.0G
[2025-02-18 09:48:14] [Information] Waiting 14 minutes before next check...
[2025-02-18 10:02:14] [Information] Currently connected to: HellsGate-5.0G
[2025-02-18 10:02:14] [Information] Already connected to preferred network: HellsGate-5.0G
[2025-02-18 10:02:14] [Information] Waiting 18 minutes before next check...
[2025-02-18 10:20:14] [Information] Currently connected to: HellsGate-5.0G
[2025-02-18 10:20:14] [Information] Already connected to preferred network: HellsGate-5.0G
[2025-02-18 10:20:14] [Information] Waiting 17 minutes before next check...
[2025-02-18 10:37:14] [Information] Currently connected to: HellsGate-5.0G
[2025-02-18 10:37:14] [Information] Already connected to preferred network: HellsGate-5.0G
[2025-02-18 10:37:14] [Information] Waiting 27 minutes before next check...
[2025-02-18 11:04:14] [Information] Currently connected to: HellsGate-5.0G
[2025-02-18 11:04:14] [Information] Already connected to preferred network: HellsGate-5.0G
[2025-02-18 11:04:14] [Information] Waiting 10 minutes before next check...
[2025-02-18 11:14:14] [Information] Currently connected to: HellsGate-5.0G
[2025-02-18 11:14:14] [Information] Already connected to preferred network: HellsGate-5.0G
[2025-02-18 11:14:14] [Information] Waiting 17 minutes before next check...
[2025-02-18 11:31:14] [Information] Currently connected to: HellsGate-5.0G
[2025-02-18 11:31:14] [Information] Already connected to preferred network: HellsGate-5.0G
[2025-02-18 11:31:14] [Information] Waiting 14 minutes before next check...
[2025-02-18 11:45:14] [Information] Currently connected to: HellsGate-5.0G
[2025-02-18 11:45:14] [Information] Already connected to preferred network: HellsGate-5.0G
[2025-02-18 11:45:14] [Information] Waiting 23 minutes before next check...
[2025-02-18 12:08:15] [Information] Currently connected to: HellsGate-5.0G
[2025-02-18 12:08:15] [Information] Already connected to preferred network: HellsGate-5.0G
[2025-02-18 12:08:15] [Information] Waiting 22 minutes before next check...
[2025-02-18 12:30:15] [Information] Currently connected to: HellsGate-5.0G
[2025-02-18 12:30:15] [Information] Already connected to preferred network: HellsGate-5.0G
[2025-02-18 12:30:15] [Information] Waiting 22 minutes before next check...
[2025-02-18 12:52:15] [Information] Currently connected to: HellsGate-5.0G
[2025-02-18 12:52:15] [Information] Already connected to preferred network: HellsGate-5.0G
[2025-02-18 12:52:15] [Information] Waiting 27 minutes before next check...
[2025-02-18 13:19:15] [Information] Currently connected to: HellsGate-5.0G
[2025-02-18 13:19:15] [Information] Already connected to preferred network: HellsGate-5.0G
[2025-02-18 13:19:15] [Information] Waiting 11 minutes before next check...
[2025-02-18 13:30:15] [Information] Currently connected to: HellsGate-5.0G
[2025-02-18 13:30:15] [Information] Already connected to preferred network: HellsGate-5.0G
[2025-02-18 13:30:15] [Information] Waiting 26 minutes before next check...
[2025-02-18 13:56:15] [Information] Currently connected to: HellsGate-5.0G
[2025-02-18 13:56:15] [Information] Already connected to preferred network: HellsGate-5.0G
[2025-02-18 13:56:15] [Information] Waiting 23 minutes before next check...
[2025-02-18 14:19:15] [Information] Currently connected to: HellsGate-5.0G
[2025-02-18 14:19:15] [Information] Already connected to preferred network: HellsGate-5.0G
[2025-02-18 14:19:15] [Information] Waiting 28 minutes before next check...
[2025-02-18 14:47:15] [Information] Currently connected to: HellsGate-5.0G
[2025-02-18 14:47:15] [Information] Already connected to preferred network: HellsGate-5.0G
[2025-02-18 14:47:15] [Information] Waiting 24 minutes before next check...
[2025-02-18 15:11:15] [Information] Currently connected to: HellsGate-5.0G
[2025-02-18 15:11:15] [Information] Already connected to preferred network: HellsGate-5.0G
[2025-02-18 15:11:15] [Information] Waiting 15 minutes before next check...
[2025-02-18 15:26:15] [Information] Currently connected to: HellsGate-5.0G
[2025-02-18 15:26:15] [Information] Already connected to preferred network: HellsGate-5.0G
[2025-02-18 15:26:15] [Information] Waiting 25 minutes before next check...
[2025-02-18 15:51:15] [Information] Currently connected to: HellsGate-5.0G
[2025-02-18 15:51:15] [Information] Already connected to preferred network: HellsGate-5.0G
[2025-02-18 15:51:15] [Information] Waiting 20 minutes before next check...
[2025-02-18 16:11:15] [Information] Currently connected to: HellsGate-5.0G
[2025-02-18 16:11:15] [Information] Already connected to preferred network: HellsGate-5.0G
[2025-02-18 16:11:15] [Information] Waiting 14 minutes before next check...
[2025-02-18 16:25:15] [Information] Currently connected to: HellsGate-5.0G
[2025-02-18 16:25:15] [Information] Already connected to preferred network: HellsGate-5.0G
[2025-02-18 16:25:15] [Information] Waiting 28 minutes before next check...
[2025-02-18 16:53:15] [Information] Currently connected to: HellsGate-5.0G
[2025-02-18 16:53:15] [Information] Already connected to preferred network: HellsGate-5.0G
[2025-02-18 16:53:15] [Information] Waiting 17 minutes before next check...
[2025-02-18 17:10:15] [Information] Currently connected to: HellsGate-5.0G
[2025-02-18 17:10:15] [Information] Already connected to preferred network: HellsGate-5.0G
[2025-02-18 17:10:15] [Information] Waiting 29 minutes before next check...
[2025-02-18 17:39:16] [Information] Currently connected to: HellsGate-5.0G
[2025-02-18 17:39:16] [Information] Already connected to preferred network: HellsGate-5.0G
[2025-02-18 17:39:16] [Information] Waiting 22 minutes before next check...
[2025-02-18 18:01:16] [Information] Currently connected to: HellsGate-5.0G
[2025-02-18 18:01:16] [Information] Already connected to preferred network: HellsGate-5.0G
[2025-02-18 18:01:16] [Information] Waiting 18 minutes before next check...
[2025-02-18 18:19:16] [Information] Currently connected to: HellsGate-5.0G
[2025-02-18 18:19:16] [Information] Already connected to preferred network: HellsGate-5.0G
[2025-02-18 18:19:16] [Information] Waiting 20 minutes before next check...
[2025-02-18 18:39:16] [Information] Currently connected to: HellsGate-5.0G
[2025-02-18 18:39:16] [Information] Already connected to preferred network: HellsGate-5.0G
[2025-02-18 18:39:16] [Information] Waiting 29 minutes before next check...
[2025-02-18 19:08:16] [Information] Currently connected to: HellsGate-5.0G
[2025-02-18 19:08:16] [Information] Already connected to preferred network: HellsGate-5.0G
[2025-02-18 19:08:16] [Information] Waiting 11 minutes before next check...
[2025-02-18 19:19:16] [Information] Currently connected to: HellsGate-5.0G
[2025-02-18 19:19:16] [Information] Already connected to preferred network: HellsGate-5.0G
[2025-02-18 19:19:16] [Information] Waiting 15 minutes before next check...
[2025-02-18 19:34:16] [Information] Currently connected to: HellsGate-5.0G
[2025-02-18 19:34:16] [Information] Already connected to preferred network: HellsGate-5.0G
[2025-02-18 19:34:16] [Information] Waiting 19 minutes before next check...
[2025-02-18 19:53:16] [Information] Currently connected to: HellsGate-5.0G
[2025-02-18 19:53:16] [Information] Already connected to preferred network: HellsGate-5.0G
[2025-02-18 19:53:16] [Information] Waiting 13 minutes before next check...
[2025-02-18 20:06:16] [Information] Currently connected to: HellsGate-5.0G
[2025-02-18 20:06:16] [Information] Already connected to preferred network: HellsGate-5.0G
[2025-02-18 20:06:16] [Information] Waiting 19 minutes before next check...
[2025-02-18 20:25:16] [Information] Currently connected to: HellsGate-5.0G
[2025-02-18 20:25:16] [Information] Already connected to preferred network: HellsGate-5.0G
[2025-02-18 20:25:16] [Information] Waiting 26 minutes before next check...
[2025-02-18 20:51:16] [Information] Currently connected to: HellsGate-5.0G
[2025-02-18 20:51:16] [Information] Already connected to preferred network: HellsGate-5.0G
[2025-02-18 20:51:16] [Information] Waiting 12 minutes before next check...
[2025-02-18 21:03:16] [Information] Currently connected to: HellsGate-5.0G
[2025-02-18 21:03:16] [Information] Already connected to preferred network: HellsGate-5.0G
[2025-02-18 21:03:16] [Information] Waiting 12 minutes before next check...
[2025-02-18 21:15:16] [Information] Currently connected to: HellsGate-5.0G
[2025-02-18 21:15:16] [Information] Already connected to preferred network: HellsGate-5.0G
[2025-02-18 21:15:16] [Information] Waiting 21 minutes before next check...
[2025-02-18 21:36:16] [Information] Currently connected to: HellsGate-5.0G
[2025-02-18 21:36:16] [Information] Already connected to preferred network: HellsGate-5.0G
[2025-02-18 21:36:17] [Information] Waiting 22 minutes before next check...
[2025-02-18 21:58:17] [Information] Currently connected to: HellsGate-5.0G
[2025-02-18 21:58:17] [Information] Already connected to preferred network: HellsGate-5.0G
[2025-02-18 21:58:17] [Information] Waiting 27 minutes before next check...
[2025-02-18 22:25:17] [Warning] No current WiFi connection
[2025-02-18 22:25:17] [Information] Scanning for preferred networks...
[2025-02-18 22:25:17] [Information] Found 5 networks
[2025-02-18 22:25:17] [Information] Attempting to connect to HellsGate-5.0G
[2025-02-18 22:25:22] [Information] Currently connected to: HellsGate-5.0G
[2025-02-18 22:25:22] [Information] Successfully connected to HellsGate-5.0G
[2025-02-18 22:25:22] [Information] Waiting 21 minutes before next check...
[2025-02-18 22:46:22] [Information] Currently connected to: HellsGate-5.0G
[2025-02-18 22:46:22] [Information] Already connected to preferred network: HellsGate-5.0G
[2025-02-18 22:46:22] [Information] Waiting 13 minutes before next check...
[2025-02-18 22:59:22] [Information] Currently connected to: HellsGate-5.0G
[2025-02-18 22:59:22] [Information] Already connected to preferred network: HellsGate-5.0G
[2025-02-18 22:59:22] [Information] Waiting 11 minutes before next check...
[2025-02-18 23:10:22] [Information] Currently connected to: HellsGate-5.0G
[2025-02-18 23:10:22] [Information] Already connected to preferred network: HellsGate-5.0G
[2025-02-18 23:10:22] [Information] Waiting 26 minutes before next check...
[2025-02-18 23:36:22] [Information] Currently connected to: HellsGate-5.0G
[2025-02-18 23:36:22] [Information] Already connected to preferred network: HellsGate-5.0G
[2025-02-18 23:36:22] [Information] Waiting 16 minutes before next check...
[2025-02-18 23:52:22] [Information] Currently connected to: HellsGate-5.0G
[2025-02-18 23:52:22] [Information] Already connected to preferred network: HellsGate-5.0G
[2025-02-18 23:52:22] [Information] Waiting 20 minutes before next check...
