[2025-01-10 00:53:05] [INFO] Starting Activity Generator Orchestrator (Instance ID: interlending-2025-Jan-10-0053)
[2025-01-10 00:53:05] [INFO] Total planned iterations: 6
[2025-01-10 00:53:05] [INFO] Starting iteration 1
[2025-01-10 00:53:05] [INFO] Using wait times - Min: 14, Max: 2000
[2025-01-10 00:53:05] [INFO] Generated wait time: 383 ms
[2025-01-10 01:16:40] [INFO] Starting Activity Generator Orchestrator (Instance ID: metatag-2025-Jan-10-0116)
[2025-01-10 01:16:40] [INFO] Total planned iterations: 6
[2025-01-10 01:16:40] [INFO] Starting iteration 1
[2025-01-10 01:16:40] [INFO] Using wait times - Min: 14, Max: 2000
[2025-01-10 01:16:40] [INFO] Generated wait time: 984 ms
[2025-01-10 01:19:29] [INFO] Starting Activity Generator Orchestrator (Instance ID: yourn-2025-Jan-10-0119)
[2025-01-10 01:19:29] [INFO] Total planned iterations: 6
[2025-01-10 01:19:29] [INFO] Starting iteration 1
[2025-01-10 01:19:29] [INFO] Using wait times - Min: 14, Max: 2000
[2025-01-10 01:19:29] [INFO] Generated wait time: 68 ms
[2025-01-10 01:21:04] [INFO] Starting Activity Generator Orchestrator (Instance ID: zenith-2025-Jan-10-0121)
[2025-01-10 01:21:04] [INFO] Total planned iterations: 6
[2025-01-10 01:21:04] [INFO] Starting iteration 1
[2025-01-10 01:21:04] [INFO] Using wait times - Min: 14, Max: 2000
[2025-01-10 01:21:04] [INFO] Generated wait time: 191 ms
[2025-01-10 01:21:34] [INFO] Starting Activity Generator Orchestrator (Instance ID: zephyr-2025-Jan-10-0121)
[2025-01-10 01:21:34] [INFO] Total planned iterations: 6
[2025-01-10 01:21:34] [INFO] Starting iteration 1
[2025-01-10 01:21:34] [INFO] Using wait times - Min: 14, Max: 2000
[2025-01-10 01:21:34] [INFO] Generated wait time: 360 ms
[2025-01-10 06:33:44] [SUCCESS] Iteration 1 completed successfully (Duration: 20439.30 seconds)
[2025-01-10 06:33:44] [INFO] Iteration Statistics:
  Iteration: 1
  MaxWait: 2000
  MinWait: 14
  Duration: 20439.30 seconds
  GeneratedWait: 383
  EndTime: 2025-01-10 06:33:44
  StartTime: 2025-01-10 00:53:05
[2025-01-10 06:33:44] [INFO] Starting iteration 2
[2025-01-10 06:33:44] [INFO] Using wait times - Min: 370, Max: 13000
[2025-01-10 06:33:44] [INFO] Generated wait time: 4212 ms
[2025-01-10 06:40:29] [SUCCESS] Iteration 1 completed successfully (Duration: 19428.62 seconds)
[2025-01-10 06:40:29] [INFO] Iteration Statistics:
  Iteration: 1
  MaxWait: 2000
  MinWait: 14
  Duration: 19428.62 seconds
  GeneratedWait: 984
  EndTime: 2025-01-10 06:40:29
  StartTime: 2025-01-10 01:16:40
[2025-01-10 06:40:29] [INFO] Starting iteration 2
[2025-01-10 06:40:29] [INFO] Using wait times - Min: 370, Max: 13000
[2025-01-10 06:40:29] [INFO] Generated wait time: 5361 ms
[2025-01-10 06:50:25] [SUCCESS] Iteration 1 completed successfully (Duration: 19856.61 seconds)
[2025-01-10 06:50:25] [INFO] Iteration Statistics:
  Iteration: 1
  MaxWait: 2000
  MinWait: 14
  Duration: 19856.61 seconds
  GeneratedWait: 68
  EndTime: 2025-01-10 06:50:25
  StartTime: 2025-01-10 01:19:29
[2025-01-10 06:50:25] [INFO] Starting iteration 2
[2025-01-10 06:50:25] [INFO] Using wait times - Min: 370, Max: 13000
[2025-01-10 06:50:25] [INFO] Generated wait time: 1370 ms
[2025-01-10 06:57:57] [SUCCESS] Iteration 1 completed successfully (Duration: 20182.59 seconds)
[2025-01-10 06:57:57] [INFO] Iteration Statistics:
  Iteration: 1
  MaxWait: 2000
  MinWait: 14
  Duration: 20182.59 seconds
  GeneratedWait: 360
  EndTime: 2025-01-10 06:57:57
  StartTime: 2025-01-10 01:21:34
[2025-01-10 06:57:57] [INFO] Starting iteration 2
[2025-01-10 06:57:57] [INFO] Using wait times - Min: 370, Max: 13000
[2025-01-10 06:57:57] [INFO] Generated wait time: 8047 ms
[2025-01-10 07:04:35] [SUCCESS] Iteration 1 completed successfully (Duration: 20610.77 seconds)
[2025-01-10 07:04:35] [INFO] Iteration Statistics:
  Iteration: 1
  MaxWait: 2000
  MinWait: 14
  Duration: 20610.77 seconds
  GeneratedWait: 191
  EndTime: 2025-01-10 07:04:35
  StartTime: 2025-01-10 01:21:04
[2025-01-10 07:04:35] [INFO] Starting iteration 2
[2025-01-10 07:04:35] [INFO] Using wait times - Min: 370, Max: 13000
[2025-01-10 07:04:35] [INFO] Generated wait time: 564 ms
[2025-01-10 13:09:13] [SUCCESS] Iteration 2 completed successfully (Duration: 23323.99 seconds)
[2025-01-10 13:09:13] [INFO] Iteration Statistics:
  Iteration: 2
  MaxWait: 13000
  MinWait: 370
  Duration: 23323.99 seconds
  GeneratedWait: 5361
  EndTime: 2025-01-10 13:09:13
  StartTime: 2025-01-10 06:40:29
[2025-01-10 13:09:13] [INFO] Starting iteration 3
[2025-01-10 13:09:13] [INFO] Using wait times - Min: 170, Max: 1500
[2025-01-10 13:09:13] [INFO] Generated wait time: 426 ms
[2025-01-10 14:08:31] [SUCCESS] Iteration 2 completed successfully (Duration: 27286.51 seconds)
[2025-01-10 14:08:31] [INFO] Iteration Statistics:
  Iteration: 2
  MaxWait: 13000
  MinWait: 370
  Duration: 27286.51 seconds
  GeneratedWait: 4212
  EndTime: 2025-01-10 14:08:31
  StartTime: 2025-01-10 06:33:44
[2025-01-10 14:08:31] [INFO] Starting iteration 3
[2025-01-10 14:08:31] [INFO] Using wait times - Min: 170, Max: 1500
[2025-01-10 14:08:31] [INFO] Generated wait time: 496 ms
[2025-01-10 15:01:47] [SUCCESS] Iteration 2 completed successfully (Duration: 28631.80 seconds)
[2025-01-10 15:01:47] [INFO] Iteration Statistics:
  Iteration: 2
  MaxWait: 13000
  MinWait: 370
  Duration: 28631.80 seconds
  GeneratedWait: 564
  EndTime: 2025-01-10 15:01:47
  StartTime: 2025-01-10 07:04:35
[2025-01-10 15:01:47] [INFO] Starting iteration 3
[2025-01-10 15:01:47] [INFO] Using wait times - Min: 170, Max: 1500
[2025-01-10 15:01:47] [INFO] Generated wait time: 1251 ms
[2025-01-10 15:25:01] [SUCCESS] Iteration 2 completed successfully (Duration: 30875.11 seconds)
[2025-01-10 15:25:01] [INFO] Iteration Statistics:
  Iteration: 2
  MaxWait: 13000
  MinWait: 370
  Duration: 30875.11 seconds
  GeneratedWait: 1370
  EndTime: 2025-01-10 15:25:01
  StartTime: 2025-01-10 06:50:25
[2025-01-10 15:25:01] [INFO] Starting iteration 3
[2025-01-10 15:25:01] [INFO] Using wait times - Min: 170, Max: 1500
[2025-01-10 15:25:01] [INFO] Generated wait time: 1066 ms
[2025-01-10 16:02:24] [SUCCESS] Iteration 2 completed successfully (Duration: 32667.88 seconds)
[2025-01-10 16:02:25] [INFO] Iteration Statistics:
  Iteration: 2
  MaxWait: 13000
  MinWait: 370
  Duration: 32667.88 seconds
  GeneratedWait: 8047
  EndTime: 2025-01-10 16:02:24
  StartTime: 2025-01-10 06:57:57
[2025-01-10 16:02:25] [INFO] Starting iteration 3
[2025-01-10 16:02:25] [INFO] Using wait times - Min: 170, Max: 1500
[2025-01-10 16:02:25] [INFO] Generated wait time: 1084 ms
[2025-01-10 18:52:50] [SUCCESS] Iteration 3 completed successfully (Duration: 20616.87 seconds)
[2025-01-10 18:52:50] [INFO] Iteration Statistics:
  Iteration: 3
  MaxWait: 1500
  MinWait: 170
  Duration: 20616.87 seconds
  GeneratedWait: 426
  EndTime: 2025-01-10 18:52:50
  StartTime: 2025-01-10 13:09:13
[2025-01-10 18:52:50] [INFO] Starting iteration 4
[2025-01-10 18:52:50] [INFO] Using wait times - Min: 1470, Max: 30000
[2025-01-10 18:52:50] [INFO] Generated wait time: 29789 ms
[2025-01-10 19:38:35] [SUCCESS] Iteration 3 completed successfully (Duration: 19803.54 seconds)
[2025-01-10 19:38:35] [INFO] Iteration Statistics:
  Iteration: 3
  MaxWait: 1500
  MinWait: 170
  Duration: 19803.54 seconds
  GeneratedWait: 496
  EndTime: 2025-01-10 19:38:35
  StartTime: 2025-01-10 14:08:31
[2025-01-10 19:38:35] [INFO] Starting iteration 4
[2025-01-10 19:38:35] [INFO] Using wait times - Min: 1470, Max: 30000
[2025-01-10 19:38:35] [INFO] Generated wait time: 16675 ms
[2025-01-10 20:31:27] [SUCCESS] Iteration 3 completed successfully (Duration: 19780.13 seconds)
[2025-01-10 20:31:27] [INFO] Iteration Statistics:
  Iteration: 3
  MaxWait: 1500
  MinWait: 170
  Duration: 19780.13 seconds
  GeneratedWait: 1251
  EndTime: 2025-01-10 20:31:27
  StartTime: 2025-01-10 15:01:47
[2025-01-10 20:31:27] [INFO] Starting iteration 4
[2025-01-10 20:31:27] [INFO] Using wait times - Min: 1470, Max: 30000
[2025-01-10 20:31:27] [INFO] Generated wait time: 19834 ms
[2025-01-10 20:55:52] [SUCCESS] Iteration 3 completed successfully (Duration: 19851.05 seconds)
[2025-01-10 20:55:52] [INFO] Iteration Statistics:
  Iteration: 3
  MaxWait: 1500
  MinWait: 170
  Duration: 19851.05 seconds
  GeneratedWait: 1066
  EndTime: 2025-01-10 20:55:52
  StartTime: 2025-01-10 15:25:01
[2025-01-10 20:55:52] [INFO] Starting iteration 4
[2025-01-10 20:55:52] [INFO] Using wait times - Min: 1470, Max: 30000
[2025-01-10 20:55:52] [INFO] Generated wait time: 6057 ms
[2025-01-10 21:37:30] [SUCCESS] Iteration 3 completed successfully (Duration: 20105.83 seconds)
[2025-01-10 21:37:30] [INFO] Iteration Statistics:
  Iteration: 3
  MaxWait: 1500
  MinWait: 170
  Duration: 20105.83 seconds
  GeneratedWait: 1084
  EndTime: 2025-01-10 21:37:30
  StartTime: 2025-01-10 16:02:25
[2025-01-10 21:37:30] [INFO] Starting iteration 4
[2025-01-10 21:37:30] [INFO] Using wait times - Min: 1470, Max: 30000
[2025-01-10 21:37:30] [INFO] Generated wait time: 9421 ms
[2025-01-11 07:27:33] [SUCCESS] Iteration 4 completed successfully (Duration: 42538.47 seconds)
[2025-01-11 07:27:33] [INFO] Iteration Statistics:
  Iteration: 4
  MaxWait: 30000
  MinWait: 1470
  Duration: 42538.47 seconds
  GeneratedWait: 16675
  EndTime: 2025-01-11 07:27:33
  StartTime: 2025-01-10 19:38:35
[2025-01-11 07:27:33] [INFO] Starting iteration 5
[2025-01-11 07:27:33] [INFO] Using wait times - Min: 370, Max: 13000
[2025-01-11 07:27:33] [INFO] Generated wait time: 12678 ms
[2025-01-11 07:31:30] [SUCCESS] Iteration 4 completed successfully (Duration: 38138.02 seconds)
[2025-01-11 07:31:30] [INFO] Iteration Statistics:
  Iteration: 4
  MaxWait: 30000
  MinWait: 1470
  Duration: 38138.02 seconds
  GeneratedWait: 6057
  EndTime: 2025-01-11 07:31:30
  StartTime: 2025-01-10 20:55:52
[2025-01-11 07:31:30] [INFO] Starting iteration 5
[2025-01-11 07:31:30] [INFO] Using wait times - Min: 370, Max: 13000
[2025-01-11 07:31:30] [INFO] Generated wait time: 3554 ms
[2025-01-11 07:34:38] [SUCCESS] Iteration 4 completed successfully (Duration: 45708.16 seconds)
[2025-01-11 07:34:38] [INFO] Iteration Statistics:
  Iteration: 4
  MaxWait: 30000
  MinWait: 1470
  Duration: 45708.16 seconds
  GeneratedWait: 29789
  EndTime: 2025-01-11 07:34:38
  StartTime: 2025-01-10 18:52:50
[2025-01-11 07:34:38] [INFO] Starting iteration 5
[2025-01-11 07:34:38] [INFO] Using wait times - Min: 370, Max: 13000
[2025-01-11 07:34:38] [INFO] Generated wait time: 7827 ms
[2025-01-11 09:02:40] [SUCCESS] Iteration 4 completed successfully (Duration: 45072.20 seconds)
[2025-01-11 09:02:40] [INFO] Iteration Statistics:
  Iteration: 4
  MaxWait: 30000
  MinWait: 1470
  Duration: 45072.20 seconds
  GeneratedWait: 19834
  EndTime: 2025-01-11 09:02:40
  StartTime: 2025-01-10 20:31:27
[2025-01-11 09:02:40] [INFO] Starting iteration 5
[2025-01-11 09:02:40] [INFO] Using wait times - Min: 370, Max: 13000
[2025-01-11 09:02:40] [INFO] Generated wait time: 12037 ms
[2025-01-11 09:14:50] [SUCCESS] Iteration 4 completed successfully (Duration: 41839.46 seconds)
[2025-01-11 09:14:50] [INFO] Iteration Statistics:
  Iteration: 4
  MaxWait: 30000
  MinWait: 1470
  Duration: 41839.46 seconds
  GeneratedWait: 9421
  EndTime: 2025-01-11 09:14:50
  StartTime: 2025-01-10 21:37:30
[2025-01-11 09:14:50] [INFO] Starting iteration 5
[2025-01-11 09:14:50] [INFO] Using wait times - Min: 370, Max: 13000
[2025-01-11 09:14:50] [INFO] Generated wait time: 4708 ms
[2025-01-11 14:16:50] [SUCCESS] Iteration 5 completed successfully (Duration: 24319.86 seconds)
[2025-01-11 14:16:50] [INFO] Iteration Statistics:
  Iteration: 5
  MaxWait: 13000
  MinWait: 370
  Duration: 24319.86 seconds
  GeneratedWait: 3554
  EndTime: 2025-01-11 14:16:50
  StartTime: 2025-01-11 07:31:30
[2025-01-11 14:16:50] [INFO] Starting iteration 6
[2025-01-11 14:16:50] [INFO] Using wait times - Min: 170, Max: 1500
[2025-01-11 14:16:50] [INFO] Generated wait time: 279 ms
[2025-01-11 14:30:29] [SUCCESS] Iteration 5 completed successfully (Duration: 24950.65 seconds)
[2025-01-11 14:30:29] [INFO] Iteration Statistics:
  Iteration: 5
  MaxWait: 13000
  MinWait: 370
  Duration: 24950.65 seconds
  GeneratedWait: 7827
  EndTime: 2025-01-11 14:30:29
  StartTime: 2025-01-11 07:34:38
[2025-01-11 14:30:29] [INFO] Starting iteration 6
[2025-01-11 14:30:29] [INFO] Using wait times - Min: 170, Max: 1500
[2025-01-11 14:30:29] [INFO] Generated wait time: 565 ms
[2025-01-11 15:12:44] [SUCCESS] Iteration 5 completed successfully (Duration: 27910.95 seconds)
[2025-01-11 15:12:44] [INFO] Iteration Statistics:
  Iteration: 5
  MaxWait: 13000
  MinWait: 370
  Duration: 27910.95 seconds
  GeneratedWait: 12678
  EndTime: 2025-01-11 15:12:44
  StartTime: 2025-01-11 07:27:33
[2025-01-11 15:12:44] [INFO] Starting iteration 6
[2025-01-11 15:12:44] [INFO] Using wait times - Min: 170, Max: 1500
[2025-01-11 15:12:44] [INFO] Generated wait time: 1065 ms
[2025-01-11 16:20:12] [SUCCESS] Iteration 5 completed successfully (Duration: 25522.11 seconds)
[2025-01-11 16:20:12] [INFO] Iteration Statistics:
  Iteration: 5
  MaxWait: 13000
  MinWait: 370
  Duration: 25522.11 seconds
  GeneratedWait: 4708
  EndTime: 2025-01-11 16:20:12
  StartTime: 2025-01-11 09:14:50
[2025-01-11 16:20:12] [INFO] Starting iteration 6
[2025-01-11 16:20:12] [INFO] Using wait times - Min: 170, Max: 1500
[2025-01-11 16:20:12] [INFO] Generated wait time: 985 ms
[2025-01-11 17:03:51] [SUCCESS] Iteration 5 completed successfully (Duration: 28871.37 seconds)
[2025-01-11 17:03:51] [INFO] Iteration Statistics:
  Iteration: 5
  MaxWait: 13000
  MinWait: 370
  Duration: 28871.37 seconds
  GeneratedWait: 12037
  EndTime: 2025-01-11 17:03:51
  StartTime: 2025-01-11 09:02:40
[2025-01-11 17:03:51] [INFO] Starting iteration 6
[2025-01-11 17:03:51] [INFO] Using wait times - Min: 170, Max: 1500
[2025-01-11 17:03:51] [INFO] Generated wait time: 613 ms
[2025-01-12 23:21:10] [SUCCESS] Iteration 6 completed successfully (Duration: 118241.27 seconds)
[2025-01-12 23:21:10] [INFO] Iteration Statistics:
  Iteration: 6
  MaxWait: 1500
  MinWait: 170
  Duration: 118241.27 seconds
  GeneratedWait: 565
  EndTime: 2025-01-12 23:21:10
  StartTime: 2025-01-11 14:30:29
[2025-01-12 23:21:10] [SUCCESS] All iterations completed successfully
[2025-01-12 23:21:10] [SUCCESS] Final Summary:
  Start Time: 2025-01-10 01:16:40
  End Time: 2025-01-12 23:21:10
  Instance ID: metatag-2025-Jan-10-0116
  Total Iterations: 6
  Total Duration: 4204.50 minutes
  Average Duration: 700.75 minutes per iteration
[2025-01-12 23:24:39] [SUCCESS] Iteration 6 completed successfully (Duration: 115914.35 seconds)
[2025-01-12 23:24:39] [INFO] Iteration Statistics:
  Iteration: 6
  MaxWait: 1500
  MinWait: 170
  Duration: 115914.35 seconds
  GeneratedWait: 1065
  EndTime: 2025-01-12 23:24:39
  StartTime: 2025-01-11 15:12:44
[2025-01-12 23:24:39] [SUCCESS] All iterations completed successfully
[2025-01-12 23:24:39] [SUCCESS] Final Summary:
  Start Time: 2025-01-10 00:53:05
  End Time: 2025-01-12 23:24:39
  Instance ID: interlending-2025-Jan-10-0053
  Total Iterations: 6
  Total Duration: 4231.56 minutes
  Average Duration: 705.26 minutes per iteration
[2025-01-12 23:26:39] [SUCCESS] Iteration 6 completed successfully (Duration: 109367.45 seconds)
[2025-01-12 23:26:39] [INFO] Iteration Statistics:
  Iteration: 6
  MaxWait: 1500
  MinWait: 170
  Duration: 109367.45 seconds
  GeneratedWait: 613
  EndTime: 2025-01-12 23:26:39
  StartTime: 2025-01-11 17:03:51
[2025-01-12 23:26:39] [SUCCESS] All iterations completed successfully
[2025-01-12 23:26:39] [SUCCESS] Final Summary:
  Start Time: 2025-01-10 01:21:04
  End Time: 2025-01-12 23:26:39
  Instance ID: zenith-2025-Jan-10-0121
  Total Iterations: 6
  Total Duration: 4205.57 minutes
  Average Duration: 700.93 minutes per iteration
[2025-01-12 23:29:25] [SUCCESS] Iteration 6 completed successfully (Duration: 119555.31 seconds)
[2025-01-12 23:29:25] [INFO] Iteration Statistics:
  Iteration: 6
  MaxWait: 1500
  MinWait: 170
  Duration: 119555.31 seconds
  GeneratedWait: 279
  EndTime: 2025-01-12 23:29:25
  StartTime: 2025-01-11 14:16:50
[2025-01-12 23:29:25] [SUCCESS] All iterations completed successfully
[2025-01-12 23:29:25] [SUCCESS] Final Summary:
  Start Time: 2025-01-10 01:19:29
  End Time: 2025-01-12 23:29:25
  Instance ID: yourn-2025-Jan-10-0119
  Total Iterations: 6
  Total Duration: 4209.94 minutes
  Average Duration: 701.66 minutes per iteration
[2025-01-12 23:45:07] [SUCCESS] Iteration 6 completed successfully (Duration: 113094.96 seconds)
[2025-01-12 23:45:07] [INFO] Iteration Statistics:
  Iteration: 6
  MaxWait: 1500
  MinWait: 170
  Duration: 113094.96 seconds
  GeneratedWait: 985
  EndTime: 2025-01-12 23:45:07
  StartTime: 2025-01-11 16:20:12
[2025-01-12 23:45:07] [SUCCESS] All iterations completed successfully
[2025-01-12 23:45:07] [SUCCESS] Final Summary:
  Start Time: 2025-01-10 01:21:34
  End Time: 2025-01-12 23:45:07
  Instance ID: zephyr-2025-Jan-10-0121
  Total Iterations: 6
  Total Duration: 4223.55 minutes
  Average Duration: 703.93 minutes per iteration
