[2025-04-17 00:02:50] [Information] Currently connected to: HellsGate-5.0G
[2025-04-17 00:02:50] [Information] Already connected to preferred network: HellsGate-5.0G
[2025-04-17 00:02:50] [Information] Waiting 25 minutes before next check...
[2025-04-17 00:27:50] [Information] Currently connected to: HellsGate-5.0G
[2025-04-17 00:27:50] [Information] Already connected to preferred network: HellsGate-5.0G
[2025-04-17 00:27:50] [Information] Waiting 25 minutes before next check...
[2025-04-17 00:52:50] [Information] Currently connected to: HellsGate-5.0G
[2025-04-17 00:52:50] [Information] Already connected to preferred network: HellsGate-5.0G
[2025-04-17 00:52:50] [Information] Waiting 22 minutes before next check...
[2025-04-17 01:14:50] [Information] Currently connected to: HellsGate-5.0G
[2025-04-17 01:14:50] [Information] Already connected to preferred network: HellsGate-5.0G
[2025-04-17 01:14:50] [Information] Waiting 22 minutes before next check...
[2025-04-17 01:36:50] [Information] Currently connected to: HellsGate-5.0G
[2025-04-17 01:36:50] [Information] Already connected to preferred network: HellsGate-5.0G
[2025-04-17 01:36:50] [Information] Waiting 27 minutes before next check...
[2025-04-17 02:03:50] [Information] Currently connected to: HellsGate-5.0G
[2025-04-17 02:03:50] [Information] Already connected to preferred network: HellsGate-5.0G
[2025-04-17 02:03:50] [Information] Waiting 24 minutes before next check...
[2025-04-17 02:27:50] [Information] Currently connected to: HellsGate-5.0G
[2025-04-17 02:27:50] [Information] Already connected to preferred network: HellsGate-5.0G
[2025-04-17 02:27:50] [Information] Waiting 14 minutes before next check...
[2025-04-17 02:41:50] [Information] Currently connected to: HellsGate-5.0G
[2025-04-17 02:41:50] [Information] Already connected to preferred network: HellsGate-5.0G
[2025-04-17 02:41:50] [Information] Waiting 22 minutes before next check...
[2025-04-17 03:03:51] [Information] Currently connected to: HellsGate-5.0G
[2025-04-17 03:03:51] [Information] Already connected to preferred network: HellsGate-5.0G
[2025-04-17 03:03:51] [Information] Waiting 27 minutes before next check...
[2025-04-17 03:30:51] [Information] Currently connected to: HellsGate-5.0G
[2025-04-17 03:30:51] [Information] Already connected to preferred network: HellsGate-5.0G
[2025-04-17 03:30:51] [Information] Waiting 26 minutes before next check...
[2025-04-17 03:56:51] [Information] Currently connected to: HellsGate-5.0G
[2025-04-17 03:56:51] [Information] Already connected to preferred network: HellsGate-5.0G
[2025-04-17 03:56:51] [Information] Waiting 25 minutes before next check...
[2025-04-17 04:21:51] [Information] Currently connected to: HellsGate-5.0G
[2025-04-17 04:21:51] [Information] Already connected to preferred network: HellsGate-5.0G
[2025-04-17 04:21:51] [Information] Waiting 22 minutes before next check...
[2025-04-17 04:43:51] [Information] Currently connected to: HellsGate-5.0G
[2025-04-17 04:43:51] [Information] Already connected to preferred network: HellsGate-5.0G
[2025-04-17 04:43:51] [Information] Waiting 12 minutes before next check...
[2025-04-17 04:55:51] [Information] Currently connected to: HellsGate-5.0G
[2025-04-17 04:55:51] [Information] Already connected to preferred network: HellsGate-5.0G
[2025-04-17 04:55:51] [Information] Waiting 25 minutes before next check...
[2025-04-17 05:20:51] [Information] Currently connected to: HellsGate-5.0G
[2025-04-17 05:20:51] [Information] Already connected to preferred network: HellsGate-5.0G
[2025-04-17 05:20:51] [Information] Waiting 25 minutes before next check...
[2025-04-17 05:45:51] [Information] Currently connected to: HellsGate-5.0G
[2025-04-17 05:45:51] [Information] Already connected to preferred network: HellsGate-5.0G
[2025-04-17 05:45:51] [Information] Waiting 18 minutes before next check...
[2025-04-17 06:03:51] [Information] Currently connected to: HellsGate-5.0G
[2025-04-17 06:03:51] [Information] Already connected to preferred network: HellsGate-5.0G
[2025-04-17 06:03:51] [Information] Waiting 11 minutes before next check...
[2025-04-17 06:14:51] [Information] Currently connected to: HellsGate-5.0G
[2025-04-17 06:14:51] [Information] Already connected to preferred network: HellsGate-5.0G
[2025-04-17 06:14:51] [Information] Waiting 29 minutes before next check...
[2025-04-17 06:43:51] [Information] Currently connected to: HellsGate-5.0G
[2025-04-17 06:43:51] [Information] Already connected to preferred network: HellsGate-5.0G
[2025-04-17 06:43:51] [Information] Waiting 19 minutes before next check...
[2025-04-17 07:02:58] [Information] Currently connected to: HellsGate-5.0G
[2025-04-17 07:02:58] [Information] Already connected to preferred network: HellsGate-5.0G
[2025-04-17 07:02:58] [Information] Waiting 28 minutes before next check...
[2025-04-17 07:30:58] [Information] Currently connected to: HellsGate-5.0G
[2025-04-17 07:30:58] [Information] Already connected to preferred network: HellsGate-5.0G
[2025-04-17 07:30:58] [Information] Waiting 27 minutes before next check...
[2025-04-17 07:57:58] [Information] Currently connected to: HellsGate-5.0G
[2025-04-17 07:57:58] [Information] Already connected to preferred network: HellsGate-5.0G
[2025-04-17 07:57:58] [Information] Waiting 16 minutes before next check...
[2025-04-17 08:13:58] [Information] Currently connected to: HellsGate-5.0G
[2025-04-17 08:13:58] [Information] Already connected to preferred network: HellsGate-5.0G
[2025-04-17 08:13:58] [Information] Waiting 21 minutes before next check...
[2025-04-17 08:34:59] [Information] Currently connected to: HellsGate-5.0G
[2025-04-17 08:34:59] [Information] Already connected to preferred network: HellsGate-5.0G
[2025-04-17 08:34:59] [Information] Waiting 28 minutes before next check...
[2025-04-17 09:02:59] [Information] Currently connected to: HellsGate-5.0G
[2025-04-17 09:02:59] [Information] Already connected to preferred network: HellsGate-5.0G
[2025-04-17 09:02:59] [Information] Waiting 11 minutes before next check...
[2025-04-17 09:13:59] [Information] Currently connected to: HellsGate-5.0G
[2025-04-17 09:13:59] [Information] Already connected to preferred network: HellsGate-5.0G
[2025-04-17 09:13:59] [Information] Waiting 25 minutes before next check...
[2025-04-17 09:38:59] [Warning] No current WiFi connection
[2025-04-17 09:38:59] [Information] Scanning for preferred networks...
[2025-04-17 09:38:59] [Information] Found 11 networks
[2025-04-17 09:38:59] [Information] Attempting to connect to HellsGate-5.0G
[2025-04-17 09:39:04] [Information] Currently connected to: HellsGate-5.0G
[2025-04-17 09:39:04] [Information] Successfully connected to HellsGate-5.0G
[2025-04-17 09:39:04] [Information] Waiting 11 minutes before next check...
[2025-04-17 09:50:04] [Information] Currently connected to: HellsGate-5.0G
[2025-04-17 09:50:04] [Information] Already connected to preferred network: HellsGate-5.0G
[2025-04-17 09:50:04] [Information] Waiting 23 minutes before next check...
[2025-04-17 10:13:04] [Information] Currently connected to: HellsGate-5.0G
[2025-04-17 10:13:04] [Information] Already connected to preferred network: HellsGate-5.0G
[2025-04-17 10:13:04] [Information] Waiting 24 minutes before next check...
[2025-04-17 10:37:04] [Information] Currently connected to: HellsGate-5.0G
[2025-04-17 10:37:04] [Information] Already connected to preferred network: HellsGate-5.0G
[2025-04-17 10:37:04] [Information] Waiting 19 minutes before next check...
[2025-04-17 10:56:04] [Information] Currently connected to: HellsGate-5.0G
[2025-04-17 10:56:04] [Information] Already connected to preferred network: HellsGate-5.0G
[2025-04-17 10:56:04] [Information] Waiting 22 minutes before next check...
[2025-04-17 11:18:05] [Information] Currently connected to: HellsGate-5.0G
[2025-04-17 11:18:05] [Information] Already connected to preferred network: HellsGate-5.0G
[2025-04-17 11:18:05] [Information] Waiting 15 minutes before next check...
[2025-04-17 11:33:05] [Information] Currently connected to: HellsGate-5.0G
[2025-04-17 11:33:05] [Information] Already connected to preferred network: HellsGate-5.0G
[2025-04-17 11:33:05] [Information] Waiting 19 minutes before next check...
[2025-04-17 11:52:05] [Information] Currently connected to: HellsGate-5.0G
[2025-04-17 11:52:05] [Information] Already connected to preferred network: HellsGate-5.0G
[2025-04-17 11:52:05] [Information] Waiting 20 minutes before next check...
[2025-04-17 12:12:05] [Information] Currently connected to: HellsGate-5.0G
[2025-04-17 12:12:05] [Information] Already connected to preferred network: HellsGate-5.0G
[2025-04-17 12:12:05] [Information] Waiting 15 minutes before next check...
[2025-04-17 12:27:05] [Information] Currently connected to: HellsGate-5.0G
[2025-04-17 12:27:05] [Information] Already connected to preferred network: HellsGate-5.0G
[2025-04-17 12:27:05] [Information] Waiting 22 minutes before next check...
[2025-04-17 12:49:05] [Information] Currently connected to: HellsGate-5.0G
[2025-04-17 12:49:05] [Information] Already connected to preferred network: HellsGate-5.0G
[2025-04-17 12:49:05] [Information] Waiting 25 minutes before next check...
[2025-04-17 13:14:05] [Warning] No current WiFi connection
[2025-04-17 13:14:05] [Information] Scanning for preferred networks...
[2025-04-17 13:14:05] [Information] Found 10 networks
[2025-04-17 13:14:05] [Information] Attempting to connect to HellsGate-5.0G
[2025-04-17 13:14:10] [Information] Currently connected to: HellsGate-5.0G
[2025-04-17 13:14:10] [Information] Successfully connected to HellsGate-5.0G
[2025-04-17 13:14:10] [Information] Waiting 13 minutes before next check...
[2025-04-17 13:27:10] [Information] Currently connected to: HellsGate-5.0G
[2025-04-17 13:27:10] [Information] Already connected to preferred network: HellsGate-5.0G
[2025-04-17 13:27:10] [Information] Waiting 21 minutes before next check...
[2025-04-17 13:48:10] [Information] Currently connected to: HellsGate-5.0G
[2025-04-17 13:48:10] [Information] Already connected to preferred network: HellsGate-5.0G
[2025-04-17 13:48:10] [Information] Waiting 25 minutes before next check...
[2025-04-17 14:13:11] [Information] Currently connected to: HellsGate-5.0G
[2025-04-17 14:13:11] [Information] Already connected to preferred network: HellsGate-5.0G
[2025-04-17 14:13:11] [Information] Waiting 13 minutes before next check...
[2025-04-17 14:26:11] [Information] Currently connected to: HellsGate-5.0G
[2025-04-17 14:26:11] [Information] Already connected to preferred network: HellsGate-5.0G
[2025-04-17 14:26:11] [Information] Waiting 28 minutes before next check...
[2025-04-17 14:54:11] [Information] Currently connected to: HellsGate-5.0G
[2025-04-17 14:54:11] [Information] Already connected to preferred network: HellsGate-5.0G
[2025-04-17 14:54:11] [Information] Waiting 10 minutes before next check...
[2025-04-17 15:04:11] [Information] Currently connected to: HellsGate-5.0G
[2025-04-17 15:04:11] [Information] Already connected to preferred network: HellsGate-5.0G
[2025-04-17 15:04:11] [Information] Waiting 21 minutes before next check...
[2025-04-17 15:25:11] [Information] Currently connected to: HellsGate-5.0G
[2025-04-17 15:25:11] [Information] Already connected to preferred network: HellsGate-5.0G
[2025-04-17 15:25:11] [Information] Waiting 20 minutes before next check...
[2025-04-17 15:45:11] [Information] Currently connected to: HellsGate-5.0G
[2025-04-17 15:45:11] [Information] Already connected to preferred network: HellsGate-5.0G
[2025-04-17 15:45:11] [Information] Waiting 20 minutes before next check...
[2025-04-17 16:05:11] [Information] Currently connected to: HellsGate-5.0G
[2025-04-17 16:05:11] [Information] Already connected to preferred network: HellsGate-5.0G
[2025-04-17 16:05:11] [Information] Waiting 20 minutes before next check...
[2025-04-17 16:25:11] [Information] Currently connected to: HellsGate-5.0G
[2025-04-17 16:25:11] [Information] Already connected to preferred network: HellsGate-5.0G
[2025-04-17 16:25:11] [Information] Waiting 16 minutes before next check...
[2025-04-17 16:41:11] [Information] Currently connected to: HellsGate-5.0G
[2025-04-17 16:41:11] [Information] Already connected to preferred network: HellsGate-5.0G
[2025-04-17 16:41:11] [Information] Waiting 27 minutes before next check...
[2025-04-17 17:08:11] [Information] Currently connected to: HellsGate-5.0G
[2025-04-17 17:08:11] [Information] Already connected to preferred network: HellsGate-5.0G
[2025-04-17 17:08:11] [Information] Waiting 17 minutes before next check...
[2025-04-17 17:25:11] [Information] Currently connected to: HellsGate-5.0G
[2025-04-17 17:25:11] [Information] Already connected to preferred network: HellsGate-5.0G
[2025-04-17 17:25:11] [Information] Waiting 28 minutes before next check...
[2025-04-17 17:53:12] [Information] Currently connected to: HellsGate-5.0G
[2025-04-17 17:53:12] [Information] Already connected to preferred network: HellsGate-5.0G
[2025-04-17 17:53:12] [Information] Waiting 24 minutes before next check...
[2025-04-17 18:17:12] [Information] Currently connected to: HellsGate-5.0G
[2025-04-17 18:17:12] [Information] Already connected to preferred network: HellsGate-5.0G
[2025-04-17 18:17:12] [Information] Waiting 16 minutes before next check...
[2025-04-17 18:33:12] [Information] Currently connected to: HellsGate-5.0G
[2025-04-17 18:33:12] [Information] Already connected to preferred network: HellsGate-5.0G
[2025-04-17 18:33:12] [Information] Waiting 15 minutes before next check...
[2025-04-17 18:48:12] [Warning] No current WiFi connection
[2025-04-17 18:48:12] [Information] Scanning for preferred networks...
[2025-04-17 18:48:12] [Information] Found 8 networks
[2025-04-17 18:48:12] [Information] Attempting to connect to HellsGate-5.0G
[2025-04-17 18:48:17] [Information] Currently connected to: HellsGate-5.0G
[2025-04-17 18:48:17] [Information] Successfully connected to HellsGate-5.0G
[2025-04-17 18:48:17] [Information] Waiting 22 minutes before next check...
[2025-04-17 19:10:17] [Information] Currently connected to: HellsGate-5.0G
[2025-04-17 19:10:17] [Information] Already connected to preferred network: HellsGate-5.0G
[2025-04-17 19:10:17] [Information] Waiting 19 minutes before next check...
[2025-04-17 19:29:17] [Information] Currently connected to: HellsGate-5.0G
[2025-04-17 19:29:17] [Information] Already connected to preferred network: HellsGate-5.0G
[2025-04-17 19:29:17] [Information] Waiting 25 minutes before next check...
[2025-04-17 19:54:17] [Information] Currently connected to: HellsGate-5.0G
[2025-04-17 19:54:17] [Information] Already connected to preferred network: HellsGate-5.0G
[2025-04-17 19:54:17] [Information] Waiting 25 minutes before next check...
[2025-04-17 20:19:17] [Information] Currently connected to: HellsGate-5.0G
[2025-04-17 20:19:17] [Information] Already connected to preferred network: HellsGate-5.0G
[2025-04-17 20:19:17] [Information] Waiting 15 minutes before next check...
[2025-04-17 20:34:17] [Information] Currently connected to: HellsGate-5.0G
[2025-04-17 20:34:17] [Information] Already connected to preferred network: HellsGate-5.0G
[2025-04-17 20:34:17] [Information] Waiting 18 minutes before next check...
[2025-04-17 20:52:18] [Information] Currently connected to: HellsGate-5.0G
[2025-04-17 20:52:18] [Information] Already connected to preferred network: HellsGate-5.0G
[2025-04-17 20:52:18] [Information] Waiting 10 minutes before next check...
[2025-04-17 21:02:18] [Information] Currently connected to: HellsGate-5.0G
[2025-04-17 21:02:18] [Information] Already connected to preferred network: HellsGate-5.0G
[2025-04-17 21:02:18] [Information] Waiting 15 minutes before next check...
[2025-04-17 21:17:18] [Information] Currently connected to: HellsGate-5.0G
[2025-04-17 21:17:18] [Information] Already connected to preferred network: HellsGate-5.0G
[2025-04-17 21:17:18] [Information] Waiting 18 minutes before next check...
[2025-04-17 21:35:18] [Information] Currently connected to: HellsGate-5.0G
[2025-04-17 21:35:18] [Information] Already connected to preferred network: HellsGate-5.0G
[2025-04-17 21:35:18] [Information] Waiting 28 minutes before next check...
[2025-04-17 22:03:18] [Information] Currently connected to: HellsGate-5.0G
[2025-04-17 22:03:18] [Information] Already connected to preferred network: HellsGate-5.0G
[2025-04-17 22:03:18] [Information] Waiting 28 minutes before next check...
[2025-04-17 22:31:18] [Warning] No current WiFi connection
[2025-04-17 22:31:18] [Information] Scanning for preferred networks...
[2025-04-17 22:31:18] [Information] Found 8 networks
[2025-04-17 22:31:18] [Information] Attempting to connect to HellsGate-5.0G
[2025-04-17 22:31:23] [Information] Currently connected to: HellsGate-5.0G
[2025-04-17 22:31:23] [Information] Successfully connected to HellsGate-5.0G
[2025-04-17 22:31:23] [Information] Waiting 22 minutes before next check...
[2025-04-17 22:53:23] [Information] Currently connected to: HellsGate-5.0G
[2025-04-17 22:53:23] [Information] Already connected to preferred network: HellsGate-5.0G
[2025-04-17 22:53:23] [Information] Waiting 25 minutes before next check...
[2025-04-17 23:18:23] [Information] Currently connected to: HellsGate-5.0G
[2025-04-17 23:18:23] [Information] Already connected to preferred network: HellsGate-5.0G
[2025-04-17 23:18:23] [Information] Waiting 12 minutes before next check...
[2025-04-17 23:30:24] [Information] Currently connected to: HellsGate-5.0G
[2025-04-17 23:30:24] [Information] Already connected to preferred network: HellsGate-5.0G
[2025-04-17 23:30:24] [Information] Waiting 21 minutes before next check...
[2025-04-17 23:51:24] [Information] Currently connected to: HellsGate-5.0G
[2025-04-17 23:51:24] [Information] Already connected to preferred network: HellsGate-5.0G
[2025-04-17 23:51:24] [Information] Waiting 25 minutes before next check...
