[2025-03-18 01:31:16] [Information] Successfully registered scheduled task
[2025-03-18 01:31:17] [Information] WiFi connection manager started
[2025-03-18 01:31:17] [Information] Currently connected to: HellsGate-5.0G
[2025-03-18 01:31:17] [Information] Already connected to preferred network: HellsGate-5.0G
[2025-03-18 01:31:17] [Information] Waiting 10 minutes before next check...
[2025-03-18 01:41:17] [Information] Currently connected to: Merlin Wharf
[2025-03-18 01:41:17] [Information] Already connected to preferred network: Merlin Wharf
[2025-03-18 01:41:17] [Information] Waiting 20 minutes before next check...
[2025-03-18 02:01:17] [Information] Currently connected to: Merlin Wharf
[2025-03-18 02:01:17] [Information] Already connected to preferred network: Merlin Wharf
[2025-03-18 02:01:17] [Information] Waiting 19 minutes before next check...
[2025-03-18 02:20:17] [Information] Currently connected to: Merlin Wharf
[2025-03-18 02:20:17] [Information] Already connected to preferred network: Merlin Wharf
[2025-03-18 02:20:17] [Information] Waiting 14 minutes before next check...
[2025-03-18 02:34:18] [Information] Currently connected to: Merlin Wharf
[2025-03-18 02:34:18] [Information] Already connected to preferred network: Merlin Wharf
[2025-03-18 02:34:18] [Information] Waiting 15 minutes before next check...
[2025-03-18 02:49:18] [Information] Currently connected to: Merlin Wharf
[2025-03-18 02:49:18] [Information] Already connected to preferred network: Merlin Wharf
[2025-03-18 02:49:18] [Information] Waiting 10 minutes before next check...
[2025-03-18 02:59:18] [Information] Currently connected to: Merlin Wharf
[2025-03-18 02:59:18] [Information] Already connected to preferred network: Merlin Wharf
[2025-03-18 02:59:18] [Information] Waiting 13 minutes before next check...
[2025-03-18 03:12:18] [Information] Currently connected to: Merlin Wharf
[2025-03-18 03:12:18] [Information] Already connected to preferred network: Merlin Wharf
[2025-03-18 03:12:18] [Information] Waiting 22 minutes before next check...
[2025-03-18 03:34:18] [Information] Currently connected to: Merlin Wharf
[2025-03-18 03:34:18] [Information] Already connected to preferred network: Merlin Wharf
[2025-03-18 03:34:18] [Information] Waiting 28 minutes before next check...
[2025-03-18 04:02:18] [Information] Currently connected to: Merlin Wharf
[2025-03-18 04:02:18] [Information] Already connected to preferred network: Merlin Wharf
[2025-03-18 04:02:18] [Information] Waiting 15 minutes before next check...
[2025-03-18 04:17:18] [Information] Currently connected to: Merlin Wharf
[2025-03-18 04:17:18] [Information] Already connected to preferred network: Merlin Wharf
[2025-03-18 04:17:18] [Information] Waiting 20 minutes before next check...
[2025-03-18 04:37:18] [Information] Currently connected to: Merlin Wharf
[2025-03-18 04:37:18] [Information] Already connected to preferred network: Merlin Wharf
[2025-03-18 04:37:18] [Information] Waiting 18 minutes before next check...
[2025-03-18 04:55:18] [Information] Currently connected to: Merlin Wharf
[2025-03-18 04:55:18] [Information] Already connected to preferred network: Merlin Wharf
[2025-03-18 04:55:18] [Information] Waiting 11 minutes before next check...
[2025-03-18 05:06:18] [Information] Currently connected to: Merlin Wharf
[2025-03-18 05:06:18] [Information] Already connected to preferred network: Merlin Wharf
[2025-03-18 05:06:18] [Information] Waiting 14 minutes before next check...
[2025-03-18 05:20:18] [Information] Currently connected to: Merlin Wharf
[2025-03-18 05:20:18] [Information] Already connected to preferred network: Merlin Wharf
[2025-03-18 05:20:18] [Information] Waiting 11 minutes before next check...
[2025-03-18 05:31:18] [Information] Currently connected to: Merlin Wharf
[2025-03-18 05:31:18] [Information] Already connected to preferred network: Merlin Wharf
[2025-03-18 05:31:18] [Information] Waiting 13 minutes before next check...
[2025-03-18 05:44:19] [Information] Currently connected to: Merlin Wharf
[2025-03-18 05:44:19] [Information] Already connected to preferred network: Merlin Wharf
[2025-03-18 05:44:19] [Information] Waiting 21 minutes before next check...
[2025-03-18 06:05:19] [Information] Currently connected to: Merlin Wharf
[2025-03-18 06:05:19] [Information] Already connected to preferred network: Merlin Wharf
[2025-03-18 06:05:19] [Information] Waiting 12 minutes before next check...
[2025-03-18 06:17:19] [Information] Currently connected to: Merlin Wharf
[2025-03-18 06:17:19] [Information] Already connected to preferred network: Merlin Wharf
[2025-03-18 06:17:19] [Information] Waiting 13 minutes before next check...
[2025-03-18 06:30:19] [Information] Currently connected to: Merlin Wharf
[2025-03-18 06:30:19] [Information] Already connected to preferred network: Merlin Wharf
[2025-03-18 06:30:19] [Information] Waiting 12 minutes before next check...
[2025-03-18 06:42:19] [Information] Currently connected to: Merlin Wharf
[2025-03-18 06:42:19] [Information] Already connected to preferred network: Merlin Wharf
[2025-03-18 06:42:19] [Information] Waiting 26 minutes before next check...
[2025-03-18 07:08:19] [Information] Currently connected to: Merlin Wharf
[2025-03-18 07:08:19] [Information] Already connected to preferred network: Merlin Wharf
[2025-03-18 07:08:19] [Information] Waiting 18 minutes before next check...
[2025-03-18 07:26:19] [Information] Currently connected to: Merlin Wharf
[2025-03-18 07:26:19] [Information] Already connected to preferred network: Merlin Wharf
[2025-03-18 07:26:19] [Information] Waiting 11 minutes before next check...
[2025-03-18 07:37:19] [Information] Currently connected to: Merlin Wharf
[2025-03-18 07:37:19] [Information] Already connected to preferred network: Merlin Wharf
[2025-03-18 07:37:19] [Information] Waiting 16 minutes before next check...
[2025-03-18 07:53:19] [Information] Currently connected to: Merlin Wharf
[2025-03-18 07:53:19] [Information] Already connected to preferred network: Merlin Wharf
[2025-03-18 07:53:19] [Information] Waiting 19 minutes before next check...
[2025-03-18 08:12:19] [Information] Currently connected to: Merlin Wharf
[2025-03-18 08:12:19] [Information] Already connected to preferred network: Merlin Wharf
[2025-03-18 08:12:19] [Information] Waiting 10 minutes before next check...
[2025-03-18 08:22:19] [Information] Currently connected to: Merlin Wharf
[2025-03-18 08:22:19] [Information] Already connected to preferred network: Merlin Wharf
[2025-03-18 08:22:19] [Information] Waiting 25 minutes before next check...
[2025-03-18 08:47:19] [Information] Currently connected to: Merlin Wharf
[2025-03-18 08:47:19] [Information] Already connected to preferred network: Merlin Wharf
[2025-03-18 08:47:19] [Information] Waiting 14 minutes before next check...
[2025-03-18 09:01:19] [Information] Currently connected to: Merlin Wharf
[2025-03-18 09:01:19] [Information] Already connected to preferred network: Merlin Wharf
[2025-03-18 09:01:19] [Information] Waiting 10 minutes before next check...
[2025-03-18 09:11:20] [Information] Currently connected to: Merlin Wharf
[2025-03-18 09:11:20] [Information] Already connected to preferred network: Merlin Wharf
[2025-03-18 09:11:20] [Information] Waiting 24 minutes before next check...
[2025-03-18 09:35:20] [Information] Currently connected to: Merlin Wharf
[2025-03-18 09:35:20] [Information] Already connected to preferred network: Merlin Wharf
[2025-03-18 09:35:20] [Information] Waiting 15 minutes before next check...
[2025-03-18 09:50:20] [Information] Currently connected to: Merlin Wharf
[2025-03-18 09:50:20] [Information] Already connected to preferred network: Merlin Wharf
[2025-03-18 09:50:20] [Information] Waiting 20 minutes before next check...
[2025-03-18 10:10:20] [Information] Currently connected to: Merlin Wharf
[2025-03-18 10:10:20] [Information] Already connected to preferred network: Merlin Wharf
[2025-03-18 10:10:20] [Information] Waiting 10 minutes before next check...
[2025-03-18 10:20:20] [Information] Currently connected to: Merlin Wharf
[2025-03-18 10:20:20] [Information] Already connected to preferred network: Merlin Wharf
[2025-03-18 10:20:20] [Information] Waiting 25 minutes before next check...
[2025-03-18 10:45:20] [Information] Currently connected to: Merlin Wharf
[2025-03-18 10:45:20] [Information] Already connected to preferred network: Merlin Wharf
[2025-03-18 10:45:20] [Information] Waiting 22 minutes before next check...
[2025-03-18 11:07:20] [Information] Currently connected to: Merlin Wharf
[2025-03-18 11:07:20] [Information] Already connected to preferred network: Merlin Wharf
[2025-03-18 11:07:20] [Information] Waiting 11 minutes before next check...
[2025-03-18 11:18:20] [Information] Currently connected to: Merlin Wharf
[2025-03-18 11:18:20] [Information] Already connected to preferred network: Merlin Wharf
[2025-03-18 11:18:20] [Information] Waiting 19 minutes before next check...
[2025-03-18 11:37:20] [Information] Currently connected to: Merlin Wharf
[2025-03-18 11:37:20] [Information] Already connected to preferred network: Merlin Wharf
[2025-03-18 11:37:20] [Information] Waiting 21 minutes before next check...
[2025-03-18 11:58:20] [Information] Currently connected to: Merlin Wharf
[2025-03-18 11:58:20] [Information] Already connected to preferred network: Merlin Wharf
[2025-03-18 11:58:20] [Information] Waiting 10 minutes before next check...
[2025-03-18 12:08:20] [Information] Currently connected to: Merlin Wharf
[2025-03-18 12:08:20] [Information] Already connected to preferred network: Merlin Wharf
[2025-03-18 12:08:20] [Information] Waiting 23 minutes before next check...
[2025-03-18 12:31:20] [Information] Currently connected to: Merlin Wharf
[2025-03-18 12:31:20] [Information] Already connected to preferred network: Merlin Wharf
[2025-03-18 12:31:20] [Information] Waiting 29 minutes before next check...
[2025-03-18 13:00:20] [Information] Currently connected to: Merlin Wharf
[2025-03-18 13:00:20] [Information] Already connected to preferred network: Merlin Wharf
[2025-03-18 13:00:20] [Information] Waiting 12 minutes before next check...
[2025-03-18 13:12:20] [Information] Currently connected to: Merlin Wharf
[2025-03-18 13:12:20] [Information] Already connected to preferred network: Merlin Wharf
[2025-03-18 13:12:20] [Information] Waiting 26 minutes before next check...
[2025-03-18 13:38:21] [Information] Currently connected to: Merlin Wharf
[2025-03-18 13:38:21] [Information] Already connected to preferred network: Merlin Wharf
[2025-03-18 13:38:21] [Information] Waiting 18 minutes before next check...
[2025-03-18 13:56:21] [Information] Currently connected to: Merlin Wharf
[2025-03-18 13:56:21] [Information] Already connected to preferred network: Merlin Wharf
[2025-03-18 13:56:21] [Information] Waiting 18 minutes before next check...
[2025-03-18 14:14:21] [Information] Currently connected to: Merlin Wharf
[2025-03-18 14:14:21] [Information] Already connected to preferred network: Merlin Wharf
[2025-03-18 14:14:21] [Information] Waiting 13 minutes before next check...
[2025-03-18 14:27:21] [Information] Currently connected to: Merlin Wharf
[2025-03-18 14:27:21] [Information] Already connected to preferred network: Merlin Wharf
[2025-03-18 14:27:21] [Information] Waiting 19 minutes before next check...
[2025-03-18 14:46:21] [Information] Currently connected to: Merlin Wharf
[2025-03-18 14:46:21] [Information] Already connected to preferred network: Merlin Wharf
[2025-03-18 14:46:21] [Information] Waiting 19 minutes before next check...
[2025-03-18 15:05:21] [Information] Currently connected to: Merlin Wharf
[2025-03-18 15:05:21] [Information] Already connected to preferred network: Merlin Wharf
[2025-03-18 15:05:21] [Information] Waiting 10 minutes before next check...
[2025-03-18 15:15:21] [Information] Currently connected to: Merlin Wharf
[2025-03-18 15:15:21] [Information] Already connected to preferred network: Merlin Wharf
[2025-03-18 15:15:21] [Information] Waiting 29 minutes before next check...
[2025-03-18 15:44:21] [Information] Currently connected to: Merlin Wharf
[2025-03-18 15:44:21] [Information] Already connected to preferred network: Merlin Wharf
[2025-03-18 15:44:21] [Information] Waiting 21 minutes before next check...
[2025-03-18 16:05:21] [Information] Currently connected to: Merlin Wharf
[2025-03-18 16:05:21] [Information] Already connected to preferred network: Merlin Wharf
[2025-03-18 16:05:21] [Information] Waiting 29 minutes before next check...
[2025-03-18 16:34:21] [Information] Currently connected to: Merlin Wharf
[2025-03-18 16:34:21] [Information] Already connected to preferred network: Merlin Wharf
[2025-03-18 16:34:21] [Information] Waiting 26 minutes before next check...
[2025-03-18 17:00:21] [Information] Currently connected to: Merlin Wharf
[2025-03-18 17:00:21] [Information] Already connected to preferred network: Merlin Wharf
[2025-03-18 17:00:21] [Information] Waiting 21 minutes before next check...
[2025-03-18 17:21:21] [Information] Currently connected to: Merlin Wharf
[2025-03-18 17:21:21] [Information] Already connected to preferred network: Merlin Wharf
[2025-03-18 17:21:21] [Information] Waiting 21 minutes before next check...
[2025-03-18 17:42:21] [Information] Currently connected to: Merlin Wharf
[2025-03-18 17:42:21] [Information] Already connected to preferred network: Merlin Wharf
[2025-03-18 17:42:21] [Information] Waiting 11 minutes before next check...
[2025-03-18 17:53:21] [Information] Currently connected to: Merlin Wharf
[2025-03-18 17:53:21] [Information] Already connected to preferred network: Merlin Wharf
[2025-03-18 17:53:21] [Information] Waiting 12 minutes before next check...
[2025-03-18 18:05:22] [Information] Currently connected to: Merlin Wharf
[2025-03-18 18:05:22] [Information] Already connected to preferred network: Merlin Wharf
[2025-03-18 18:05:22] [Information] Waiting 29 minutes before next check...
[2025-03-18 18:34:22] [Information] Currently connected to: Merlin Wharf
[2025-03-18 18:34:22] [Information] Already connected to preferred network: Merlin Wharf
[2025-03-18 18:34:22] [Information] Waiting 22 minutes before next check...
[2025-03-18 18:56:22] [Information] Currently connected to: Merlin Wharf
[2025-03-18 18:56:22] [Information] Already connected to preferred network: Merlin Wharf
[2025-03-18 18:56:22] [Information] Waiting 24 minutes before next check...
[2025-03-18 19:20:22] [Information] Currently connected to: Merlin Wharf
[2025-03-18 19:20:22] [Information] Already connected to preferred network: Merlin Wharf
[2025-03-18 19:20:22] [Information] Waiting 24 minutes before next check...
[2025-03-18 19:44:22] [Information] Currently connected to: Merlin Wharf
[2025-03-18 19:44:22] [Information] Already connected to preferred network: Merlin Wharf
[2025-03-18 19:44:22] [Information] Waiting 20 minutes before next check...
[2025-03-18 20:04:22] [Information] Currently connected to: Merlin Wharf
[2025-03-18 20:04:22] [Information] Already connected to preferred network: Merlin Wharf
[2025-03-18 20:04:22] [Information] Waiting 23 minutes before next check...
[2025-03-18 20:27:22] [Information] Currently connected to: Merlin Wharf
[2025-03-18 20:27:22] [Information] Already connected to preferred network: Merlin Wharf
[2025-03-18 20:27:22] [Information] Waiting 15 minutes before next check...
[2025-03-18 20:42:22] [Information] Currently connected to: Merlin Wharf
[2025-03-18 20:42:22] [Information] Already connected to preferred network: Merlin Wharf
[2025-03-18 20:42:22] [Information] Waiting 22 minutes before next check...
[2025-03-18 21:04:22] [Information] Currently connected to: Merlin Wharf
[2025-03-18 21:04:22] [Information] Already connected to preferred network: Merlin Wharf
[2025-03-18 21:04:22] [Information] Waiting 28 minutes before next check...
[2025-03-18 21:32:22] [Information] Currently connected to: Merlin Wharf
[2025-03-18 21:32:22] [Information] Already connected to preferred network: Merlin Wharf
[2025-03-18 21:32:22] [Information] Waiting 15 minutes before next check...
[2025-03-18 21:47:22] [Information] Currently connected to: Merlin Wharf
[2025-03-18 21:47:22] [Information] Already connected to preferred network: Merlin Wharf
[2025-03-18 21:47:22] [Information] Waiting 17 minutes before next check...
[2025-03-18 22:04:22] [Information] Currently connected to: Merlin Wharf
[2025-03-18 22:04:22] [Information] Already connected to preferred network: Merlin Wharf
[2025-03-18 22:04:22] [Information] Waiting 24 minutes before next check...
[2025-03-18 22:28:22] [Information] Currently connected to: Merlin Wharf
[2025-03-18 22:28:22] [Information] Already connected to preferred network: Merlin Wharf
[2025-03-18 22:28:22] [Information] Waiting 12 minutes before next check...
[2025-03-18 22:40:22] [Information] Currently connected to: Merlin Wharf
[2025-03-18 22:40:22] [Information] Already connected to preferred network: Merlin Wharf
[2025-03-18 22:40:22] [Information] Waiting 28 minutes before next check...
[2025-03-18 23:08:23] [Information] Currently connected to: Merlin Wharf
[2025-03-18 23:08:23] [Information] Already connected to preferred network: Merlin Wharf
[2025-03-18 23:08:23] [Information] Waiting 17 minutes before next check...
[2025-03-18 23:25:23] [Information] Currently connected to: Merlin Wharf
[2025-03-18 23:25:23] [Information] Already connected to preferred network: Merlin Wharf
[2025-03-18 23:25:23] [Information] Waiting 10 minutes before next check...
[2025-03-18 23:35:23] [Information] Currently connected to: Merlin Wharf
[2025-03-18 23:35:23] [Information] Already connected to preferred network: Merlin Wharf
[2025-03-18 23:35:23] [Information] Waiting 11 minutes before next check...
[2025-03-18 23:46:23] [Information] Currently connected to: Merlin Wharf
[2025-03-18 23:46:23] [Information] Already connected to preferred network: Merlin Wharf
[2025-03-18 23:46:23] [Information] Waiting 12 minutes before next check...
[2025-03-18 23:58:23] [Information] Currently connected to: Merlin Wharf
[2025-03-18 23:58:23] [Information] Already connected to preferred network: Merlin Wharf
[2025-03-18 23:58:23] [Information] Waiting 13 minutes before next check...
