[2024-12-17 00:02:43] [Information] Currently connected to: Merlin Wharf
[2024-12-17 00:02:43] [Information] Already connected to preferred network: Merlin Wharf
[2024-12-17 00:02:44] [Information] Waiting 18 minutes before next check...
[2024-12-17 00:20:44] [Information] Currently connected to: Merlin Wharf
[2024-12-17 00:20:44] [Information] Already connected to preferred network: Merlin Wharf
[2024-12-17 00:20:44] [Information] Waiting 24 minutes before next check...
[2024-12-17 00:44:44] [Information] Currently connected to: Merlin Wharf
[2024-12-17 00:44:44] [Information] Already connected to preferred network: Merlin Wharf
[2024-12-17 00:44:44] [Information] Waiting 26 minutes before next check...
[2024-12-17 01:10:44] [Information] Currently connected to: Merlin Wharf
[2024-12-17 01:10:44] [Information] Already connected to preferred network: Merlin Wharf
[2024-12-17 01:10:44] [Information] Waiting 20 minutes before next check...
[2024-12-17 01:30:44] [Information] Currently connected to: Merlin Wharf
[2024-12-17 01:30:44] [Information] Already connected to preferred network: Merlin Wharf
[2024-12-17 01:30:44] [Information] Waiting 28 minutes before next check...
[2024-12-17 01:58:44] [Information] Currently connected to: Merlin Wharf
[2024-12-17 01:58:44] [Information] Already connected to preferred network: Merlin Wharf
[2024-12-17 01:58:44] [Information] Waiting 10 minutes before next check...
[2024-12-17 02:08:44] [Information] Currently connected to: Merlin Wharf
[2024-12-17 02:08:44] [Information] Already connected to preferred network: Merlin Wharf
[2024-12-17 02:08:44] [Information] Waiting 22 minutes before next check...
[2024-12-17 02:30:44] [Information] Currently connected to: Merlin Wharf
[2024-12-17 02:30:44] [Information] Already connected to preferred network: Merlin Wharf
[2024-12-17 02:30:44] [Information] Waiting 15 minutes before next check...
[2024-12-17 02:45:44] [Information] Currently connected to: Merlin Wharf
[2024-12-17 02:45:44] [Information] Already connected to preferred network: Merlin Wharf
[2024-12-17 02:45:44] [Information] Waiting 27 minutes before next check...
[2024-12-17 03:12:44] [Information] Currently connected to: Merlin Wharf
[2024-12-17 03:12:44] [Information] Already connected to preferred network: Merlin Wharf
[2024-12-17 03:12:44] [Information] Waiting 26 minutes before next check...
[2024-12-17 03:38:44] [Information] Currently connected to: Merlin Wharf
[2024-12-17 03:38:44] [Information] Already connected to preferred network: Merlin Wharf
[2024-12-17 03:38:44] [Information] Waiting 26 minutes before next check...
[2024-12-17 04:04:44] [Information] Currently connected to: Merlin Wharf
[2024-12-17 04:04:44] [Information] Already connected to preferred network: Merlin Wharf
[2024-12-17 04:04:44] [Information] Waiting 19 minutes before next check...
[2024-12-17 04:23:44] [Information] Currently connected to: Merlin Wharf
[2024-12-17 04:23:44] [Information] Already connected to preferred network: Merlin Wharf
[2024-12-17 04:23:44] [Information] Waiting 20 minutes before next check...
[2024-12-17 04:43:44] [Information] Currently connected to: Merlin Wharf
[2024-12-17 04:43:44] [Information] Already connected to preferred network: Merlin Wharf
[2024-12-17 04:43:44] [Information] Waiting 24 minutes before next check...
[2024-12-17 05:07:51] [Information] Currently connected to: Merlin Wharf
[2024-12-17 05:07:51] [Information] Already connected to preferred network: Merlin Wharf
[2024-12-17 05:07:51] [Information] Waiting 20 minutes before next check...
[2024-12-17 05:27:51] [Information] Currently connected to: Merlin Wharf
[2024-12-17 05:27:51] [Information] Already connected to preferred network: Merlin Wharf
[2024-12-17 05:27:51] [Information] Waiting 13 minutes before next check...
[2024-12-17 05:40:51] [Information] Currently connected to: Merlin Wharf
[2024-12-17 05:40:51] [Information] Already connected to preferred network: Merlin Wharf
[2024-12-17 05:40:51] [Information] Waiting 15 minutes before next check...
[2024-12-17 05:55:52] [Information] Currently connected to: Merlin Wharf
[2024-12-17 05:55:52] [Information] Already connected to preferred network: Merlin Wharf
[2024-12-17 05:55:52] [Information] Waiting 22 minutes before next check...
[2024-12-17 06:17:52] [Information] Currently connected to: Merlin Wharf
[2024-12-17 06:17:52] [Information] Already connected to preferred network: Merlin Wharf
[2024-12-17 06:17:52] [Information] Waiting 13 minutes before next check...
[2024-12-17 06:30:52] [Information] Currently connected to: Merlin Wharf
[2024-12-17 06:30:52] [Information] Already connected to preferred network: Merlin Wharf
[2024-12-17 06:30:52] [Information] Waiting 18 minutes before next check...
[2024-12-17 06:48:52] [Information] Currently connected to: Merlin Wharf
[2024-12-17 06:48:52] [Information] Already connected to preferred network: Merlin Wharf
[2024-12-17 06:48:52] [Information] Waiting 12 minutes before next check...
[2024-12-17 07:00:52] [Information] Currently connected to: Merlin Wharf
[2024-12-17 07:00:52] [Information] Already connected to preferred network: Merlin Wharf
[2024-12-17 07:00:52] [Information] Waiting 16 minutes before next check...
[2024-12-17 07:16:52] [Information] Currently connected to: Merlin Wharf
[2024-12-17 07:16:52] [Information] Already connected to preferred network: Merlin Wharf
[2024-12-17 07:16:52] [Information] Waiting 20 minutes before next check...
[2024-12-17 07:36:52] [Information] Currently connected to: Merlin Wharf
[2024-12-17 07:36:52] [Information] Already connected to preferred network: Merlin Wharf
[2024-12-17 07:36:52] [Information] Waiting 18 minutes before next check...
[2024-12-17 07:54:52] [Information] Currently connected to: Merlin Wharf
[2024-12-17 07:54:52] [Information] Already connected to preferred network: Merlin Wharf
[2024-12-17 07:54:52] [Information] Waiting 10 minutes before next check...
[2024-12-17 08:04:52] [Information] Currently connected to: Merlin Wharf
[2024-12-17 08:04:52] [Information] Already connected to preferred network: Merlin Wharf
[2024-12-17 08:04:52] [Information] Waiting 18 minutes before next check...
[2024-12-17 08:22:52] [Information] Currently connected to: Merlin Wharf
[2024-12-17 08:22:52] [Information] Already connected to preferred network: Merlin Wharf
[2024-12-17 08:22:52] [Information] Waiting 12 minutes before next check...
[2024-12-17 08:34:52] [Information] Currently connected to: Merlin Wharf
[2024-12-17 08:34:52] [Information] Already connected to preferred network: Merlin Wharf
[2024-12-17 08:34:52] [Information] Waiting 23 minutes before next check...
[2024-12-17 08:57:52] [Warning] No current WiFi connection
[2024-12-17 08:57:52] [Information] Scanning for preferred networks...
[2024-12-17 08:57:52] [Information] Found 6 networks
[2024-12-17 08:57:52] [Information] Attempting to connect to Merlin Wharf
[2024-12-17 08:57:58] [Information] Currently connected to: Merlin Wharf
[2024-12-17 08:57:58] [Information] Successfully connected to Merlin Wharf
[2024-12-17 08:57:58] [Information] Waiting 25 minutes before next check...
[2024-12-17 09:22:58] [Information] Currently connected to: Merlin Wharf
[2024-12-17 09:22:58] [Information] Already connected to preferred network: Merlin Wharf
[2024-12-17 09:22:58] [Information] Waiting 10 minutes before next check...
[2024-12-17 09:32:58] [Information] Currently connected to: Merlin Wharf
[2024-12-17 09:32:58] [Information] Already connected to preferred network: Merlin Wharf
[2024-12-17 09:32:58] [Information] Waiting 26 minutes before next check...
[2024-12-17 09:58:58] [Information] Currently connected to: Merlin Wharf
[2024-12-17 09:58:58] [Information] Already connected to preferred network: Merlin Wharf
[2024-12-17 09:58:58] [Information] Waiting 23 minutes before next check...
[2024-12-17 10:21:58] [Information] Currently connected to: Merlin Wharf
[2024-12-17 10:21:58] [Information] Already connected to preferred network: Merlin Wharf
[2024-12-17 10:21:58] [Information] Waiting 16 minutes before next check...
[2024-12-17 10:37:58] [Information] Currently connected to: Merlin Wharf
[2024-12-17 10:37:58] [Information] Already connected to preferred network: Merlin Wharf
[2024-12-17 10:37:58] [Information] Waiting 22 minutes before next check...
[2024-12-17 10:59:58] [Information] Currently connected to: Merlin Wharf
[2024-12-17 10:59:58] [Information] Already connected to preferred network: Merlin Wharf
[2024-12-17 10:59:58] [Information] Waiting 13 minutes before next check...
[2024-12-17 11:12:58] [Information] Currently connected to: Merlin Wharf
[2024-12-17 11:12:58] [Information] Already connected to preferred network: Merlin Wharf
[2024-12-17 11:12:58] [Information] Waiting 13 minutes before next check...
[2024-12-17 11:25:58] [Information] Currently connected to: Merlin Wharf
[2024-12-17 11:25:58] [Information] Already connected to preferred network: Merlin Wharf
[2024-12-17 11:25:58] [Information] Waiting 24 minutes before next check...
[2024-12-17 11:49:58] [Information] Currently connected to: Merlin Wharf
[2024-12-17 11:49:58] [Information] Already connected to preferred network: Merlin Wharf
[2024-12-17 11:49:58] [Information] Waiting 26 minutes before next check...
[2024-12-17 12:15:58] [Information] Currently connected to: Merlin Wharf
[2024-12-17 12:15:58] [Information] Already connected to preferred network: Merlin Wharf
[2024-12-17 12:15:58] [Information] Waiting 13 minutes before next check...
[2024-12-17 12:28:58] [Information] Currently connected to: Merlin Wharf
[2024-12-17 12:28:58] [Information] Already connected to preferred network: Merlin Wharf
[2024-12-17 12:28:58] [Information] Waiting 23 minutes before next check...
[2024-12-17 12:51:58] [Information] Currently connected to: Merlin Wharf
[2024-12-17 12:51:58] [Information] Already connected to preferred network: Merlin Wharf
[2024-12-17 12:51:58] [Information] Waiting 26 minutes before next check...
[2024-12-17 13:17:59] [Information] Currently connected to: Merlin Wharf
[2024-12-17 13:17:59] [Information] Already connected to preferred network: Merlin Wharf
[2024-12-17 13:17:59] [Information] Waiting 20 minutes before next check...
[2024-12-17 13:37:59] [Information] Currently connected to: Merlin Wharf
[2024-12-17 13:37:59] [Information] Already connected to preferred network: Merlin Wharf
[2024-12-17 13:37:59] [Information] Waiting 15 minutes before next check...
[2024-12-17 13:52:59] [Information] Currently connected to: Merlin Wharf
[2024-12-17 13:52:59] [Information] Already connected to preferred network: Merlin Wharf
[2024-12-17 13:52:59] [Information] Waiting 21 minutes before next check...
[2024-12-17 14:13:59] [Information] Currently connected to: Merlin Wharf
[2024-12-17 14:13:59] [Information] Already connected to preferred network: Merlin Wharf
[2024-12-17 14:13:59] [Information] Waiting 17 minutes before next check...
[2024-12-17 14:30:59] [Information] Currently connected to: Merlin Wharf
[2024-12-17 14:30:59] [Information] Already connected to preferred network: Merlin Wharf
[2024-12-17 14:30:59] [Information] Waiting 25 minutes before next check...
[2024-12-17 14:55:59] [Information] Currently connected to: Merlin Wharf
[2024-12-17 14:55:59] [Information] Already connected to preferred network: Merlin Wharf
[2024-12-17 14:55:59] [Information] Waiting 22 minutes before next check...
[2024-12-17 15:17:59] [Information] Currently connected to: Merlin Wharf
[2024-12-17 15:17:59] [Information] Already connected to preferred network: Merlin Wharf
[2024-12-17 15:17:59] [Information] Waiting 26 minutes before next check...
[2024-12-17 15:43:59] [Information] Currently connected to: Merlin Wharf
[2024-12-17 15:43:59] [Information] Already connected to preferred network: Merlin Wharf
[2024-12-17 15:43:59] [Information] Waiting 27 minutes before next check...
[2024-12-17 16:10:59] [Information] Currently connected to: Merlin Wharf
[2024-12-17 16:10:59] [Information] Already connected to preferred network: Merlin Wharf
[2024-12-17 16:10:59] [Information] Waiting 21 minutes before next check...
[2024-12-17 16:31:59] [Information] Currently connected to: Merlin Wharf
[2024-12-17 16:31:59] [Information] Already connected to preferred network: Merlin Wharf
[2024-12-17 16:31:59] [Information] Waiting 19 minutes before next check...
[2024-12-17 16:50:59] [Information] Currently connected to: Merlin Wharf
[2024-12-17 16:50:59] [Information] Already connected to preferred network: Merlin Wharf
[2024-12-17 16:50:59] [Information] Waiting 20 minutes before next check...
[2024-12-17 17:10:59] [Information] Currently connected to: Merlin Wharf
[2024-12-17 17:10:59] [Information] Already connected to preferred network: Merlin Wharf
[2024-12-17 17:10:59] [Information] Waiting 19 minutes before next check...
[2024-12-17 17:29:59] [Information] Currently connected to: Merlin Wharf
[2024-12-17 17:29:59] [Information] Already connected to preferred network: Merlin Wharf
[2024-12-17 17:29:59] [Information] Waiting 24 minutes before next check...
[2024-12-17 17:53:59] [Information] Currently connected to: Merlin Wharf
[2024-12-17 17:54:00] [Information] Already connected to preferred network: Merlin Wharf
[2024-12-17 17:54:00] [Information] Waiting 20 minutes before next check...
[2024-12-17 18:14:00] [Information] Currently connected to: Merlin Wharf
[2024-12-17 18:14:00] [Information] Already connected to preferred network: Merlin Wharf
[2024-12-17 18:14:00] [Information] Waiting 21 minutes before next check...
[2024-12-17 18:35:00] [Information] Currently connected to: Merlin Wharf
[2024-12-17 18:35:00] [Information] Already connected to preferred network: Merlin Wharf
[2024-12-17 18:35:00] [Information] Waiting 14 minutes before next check...
[2024-12-17 18:49:00] [Information] Currently connected to: Merlin Wharf
[2024-12-17 18:49:00] [Information] Already connected to preferred network: Merlin Wharf
[2024-12-17 18:49:00] [Information] Waiting 16 minutes before next check...
[2024-12-17 19:05:00] [Information] Currently connected to: Merlin Wharf
[2024-12-17 19:05:00] [Information] Already connected to preferred network: Merlin Wharf
[2024-12-17 19:05:00] [Information] Waiting 20 minutes before next check...
[2024-12-17 19:25:00] [Information] Currently connected to: Merlin Wharf
[2024-12-17 19:25:00] [Information] Already connected to preferred network: Merlin Wharf
[2024-12-17 19:25:00] [Information] Waiting 13 minutes before next check...
[2024-12-17 19:38:00] [Information] Currently connected to: Merlin Wharf
[2024-12-17 19:38:00] [Information] Already connected to preferred network: Merlin Wharf
[2024-12-17 19:38:00] [Information] Waiting 19 minutes before next check...
[2024-12-17 19:57:00] [Information] Currently connected to: Merlin Wharf
[2024-12-17 19:57:00] [Information] Already connected to preferred network: Merlin Wharf
[2024-12-17 19:57:00] [Information] Waiting 27 minutes before next check...
[2024-12-17 20:24:00] [Information] Currently connected to: Merlin Wharf
[2024-12-17 20:24:00] [Information] Already connected to preferred network: Merlin Wharf
[2024-12-17 20:24:00] [Information] Waiting 26 minutes before next check...
[2024-12-17 20:50:00] [Information] Currently connected to: Merlin Wharf
[2024-12-17 20:50:00] [Information] Already connected to preferred network: Merlin Wharf
[2024-12-17 20:50:00] [Information] Waiting 20 minutes before next check...
[2024-12-17 21:10:00] [Information] Currently connected to: Merlin Wharf
[2024-12-17 21:10:00] [Information] Already connected to preferred network: Merlin Wharf
[2024-12-17 21:10:00] [Information] Waiting 11 minutes before next check...
[2024-12-17 21:21:00] [Information] Currently connected to: Merlin Wharf
[2024-12-17 21:21:00] [Information] Already connected to preferred network: Merlin Wharf
[2024-12-17 21:21:00] [Information] Waiting 25 minutes before next check...
[2024-12-17 21:46:00] [Information] Currently connected to: Merlin Wharf
[2024-12-17 21:46:00] [Information] Already connected to preferred network: Merlin Wharf
[2024-12-17 21:46:00] [Information] Waiting 13 minutes before next check...
[2024-12-17 21:59:00] [Information] Currently connected to: Merlin Wharf
[2024-12-17 21:59:00] [Information] Already connected to preferred network: Merlin Wharf
[2024-12-17 21:59:00] [Information] Waiting 29 minutes before next check...
[2024-12-17 22:28:01] [Information] Currently connected to: Merlin Wharf
[2024-12-17 22:28:01] [Information] Already connected to preferred network: Merlin Wharf
[2024-12-17 22:28:01] [Information] Waiting 14 minutes before next check...
[2024-12-17 22:42:01] [Information] Currently connected to: Merlin Wharf
[2024-12-17 22:42:01] [Information] Already connected to preferred network: Merlin Wharf
[2024-12-17 22:42:01] [Information] Waiting 20 minutes before next check...
[2024-12-17 23:02:01] [Information] Currently connected to: Merlin Wharf
[2024-12-17 23:02:01] [Information] Already connected to preferred network: Merlin Wharf
[2024-12-17 23:02:01] [Information] Waiting 21 minutes before next check...
[2024-12-17 23:23:01] [Information] Currently connected to: Merlin Wharf
[2024-12-17 23:23:01] [Information] Already connected to preferred network: Merlin Wharf
[2024-12-17 23:23:01] [Information] Waiting 21 minutes before next check...
[2024-12-17 23:44:01] [Information] Currently connected to: Merlin Wharf
[2024-12-17 23:44:01] [Information] Already connected to preferred network: Merlin Wharf
[2024-12-17 23:44:01] [Information] Waiting 27 minutes before next check...
