[2025-06-06 00:10:30] [Information] Currently connected to: HellsGate-5.0G
[2025-06-06 00:10:30] [Information] Already connected to preferred network: HellsGate-5.0G
[2025-06-06 00:10:30] [Information] Waiting 13 minutes before next check...
[2025-06-06 00:23:31] [Information] Currently connected to: HellsGate-5.0G
[2025-06-06 00:23:31] [Information] Already connected to preferred network: HellsGate-5.0G
[2025-06-06 00:23:31] [Information] Waiting 10 minutes before next check...
[2025-06-06 00:33:31] [Information] Currently connected to: HellsGate-5.0G
[2025-06-06 00:33:31] [Information] Already connected to preferred network: HellsGate-5.0G
[2025-06-06 00:33:31] [Information] Waiting 12 minutes before next check...
[2025-06-06 00:45:31] [Information] Currently connected to: HellsGate-5.0G
[2025-06-06 00:45:31] [Information] Already connected to preferred network: HellsGate-5.0G
[2025-06-06 00:45:31] [Information] Waiting 25 minutes before next check...
[2025-06-06 01:10:31] [Information] Currently connected to: HellsGate-5.0G
[2025-06-06 01:10:31] [Information] Already connected to preferred network: HellsGate-5.0G
[2025-06-06 01:10:31] [Information] Waiting 15 minutes before next check...
[2025-06-06 01:25:31] [Information] Currently connected to: HellsGate-5.0G
[2025-06-06 01:25:31] [Information] Already connected to preferred network: HellsGate-5.0G
[2025-06-06 01:25:31] [Information] Waiting 15 minutes before next check...
[2025-06-06 01:40:31] [Information] Currently connected to: HellsGate-5.0G
[2025-06-06 01:40:31] [Information] Already connected to preferred network: HellsGate-5.0G
[2025-06-06 01:40:31] [Information] Waiting 10 minutes before next check...
[2025-06-06 01:50:31] [Information] Currently connected to: HellsGate-5.0G
[2025-06-06 01:50:31] [Information] Already connected to preferred network: HellsGate-5.0G
[2025-06-06 01:50:31] [Information] Waiting 25 minutes before next check...
[2025-06-06 02:15:31] [Information] Currently connected to: HellsGate-5.0G
[2025-06-06 02:15:31] [Information] Already connected to preferred network: HellsGate-5.0G
[2025-06-06 02:15:31] [Information] Waiting 13 minutes before next check...
[2025-06-06 02:28:31] [Information] Currently connected to: HellsGate-5.0G
[2025-06-06 02:28:31] [Information] Already connected to preferred network: HellsGate-5.0G
[2025-06-06 02:28:31] [Information] Waiting 15 minutes before next check...
[2025-06-06 02:43:31] [Information] Currently connected to: HellsGate-5.0G
[2025-06-06 02:43:31] [Information] Already connected to preferred network: HellsGate-5.0G
[2025-06-06 02:43:31] [Information] Waiting 12 minutes before next check...
[2025-06-06 02:55:31] [Information] Currently connected to: HellsGate-5.0G
[2025-06-06 02:55:31] [Information] Already connected to preferred network: HellsGate-5.0G
[2025-06-06 02:55:31] [Information] Waiting 15 minutes before next check...
[2025-06-06 03:10:31] [Information] Currently connected to: HellsGate-5.0G
[2025-06-06 03:10:31] [Information] Already connected to preferred network: HellsGate-5.0G
[2025-06-06 03:10:32] [Information] Waiting 26 minutes before next check...
[2025-06-06 03:36:32] [Information] Currently connected to: HellsGate-5.0G
[2025-06-06 03:36:32] [Information] Already connected to preferred network: HellsGate-5.0G
[2025-06-06 03:36:32] [Information] Waiting 20 minutes before next check...
[2025-06-06 03:56:32] [Information] Currently connected to: HellsGate-5.0G
[2025-06-06 03:56:32] [Information] Already connected to preferred network: HellsGate-5.0G
[2025-06-06 03:56:32] [Information] Waiting 28 minutes before next check...
[2025-06-06 04:24:32] [Information] Currently connected to: HellsGate-5.0G
[2025-06-06 04:24:32] [Information] Already connected to preferred network: HellsGate-5.0G
[2025-06-06 04:24:32] [Information] Waiting 11 minutes before next check...
[2025-06-06 04:35:32] [Information] Currently connected to: HellsGate-5.0G
[2025-06-06 04:35:32] [Information] Already connected to preferred network: HellsGate-5.0G
[2025-06-06 04:35:32] [Information] Waiting 15 minutes before next check...
[2025-06-06 04:50:32] [Information] Currently connected to: HellsGate-5.0G
[2025-06-06 04:50:32] [Information] Already connected to preferred network: HellsGate-5.0G
[2025-06-06 04:50:32] [Information] Waiting 29 minutes before next check...
[2025-06-06 05:19:32] [Information] Currently connected to: HellsGate-5.0G
[2025-06-06 05:19:32] [Information] Already connected to preferred network: HellsGate-5.0G
[2025-06-06 05:19:32] [Information] Waiting 13 minutes before next check...
[2025-06-06 05:32:32] [Information] Currently connected to: HellsGate-5.0G
[2025-06-06 05:32:32] [Information] Already connected to preferred network: HellsGate-5.0G
[2025-06-06 05:32:32] [Information] Waiting 22 minutes before next check...
[2025-06-06 05:54:39] [Information] Currently connected to: HellsGate-5.0G
[2025-06-06 05:54:39] [Information] Already connected to preferred network: HellsGate-5.0G
[2025-06-06 05:54:39] [Information] Waiting 20 minutes before next check...
[2025-06-06 06:14:39] [Information] Currently connected to: HellsGate-5.0G
[2025-06-06 06:14:39] [Information] Already connected to preferred network: HellsGate-5.0G
[2025-06-06 06:14:39] [Information] Waiting 26 minutes before next check...
[2025-06-06 06:40:39] [Information] Currently connected to: HellsGate-5.0G
[2025-06-06 06:40:39] [Information] Already connected to preferred network: HellsGate-5.0G
[2025-06-06 06:40:39] [Information] Waiting 27 minutes before next check...
[2025-06-06 07:07:39] [Information] Currently connected to: HellsGate-5.0G
[2025-06-06 07:07:39] [Information] Already connected to preferred network: HellsGate-5.0G
[2025-06-06 07:07:39] [Information] Waiting 29 minutes before next check...
[2025-06-06 07:36:39] [Information] Currently connected to: HellsGate-5.0G
[2025-06-06 07:36:39] [Information] Already connected to preferred network: HellsGate-5.0G
[2025-06-06 07:36:39] [Information] Waiting 29 minutes before next check...
[2025-06-06 08:05:39] [Information] Currently connected to: HellsGate-5.0G
[2025-06-06 08:05:39] [Information] Already connected to preferred network: HellsGate-5.0G
[2025-06-06 08:05:39] [Information] Waiting 19 minutes before next check...
[2025-06-06 08:24:40] [Information] Currently connected to: HellsGate-5.0G
[2025-06-06 08:24:40] [Information] Already connected to preferred network: HellsGate-5.0G
[2025-06-06 08:24:40] [Information] Waiting 10 minutes before next check...
[2025-06-06 08:34:40] [Information] Currently connected to: HellsGate-5.0G
[2025-06-06 08:34:40] [Information] Already connected to preferred network: HellsGate-5.0G
[2025-06-06 08:34:40] [Information] Waiting 19 minutes before next check...
[2025-06-06 08:53:40] [Information] Currently connected to: HellsGate-5.0G
[2025-06-06 08:53:40] [Information] Already connected to preferred network: HellsGate-5.0G
[2025-06-06 08:53:40] [Information] Waiting 26 minutes before next check...
[2025-06-06 09:19:40] [Information] Currently connected to: HellsGate-5.0G
[2025-06-06 09:19:40] [Information] Already connected to preferred network: HellsGate-5.0G
[2025-06-06 09:19:40] [Information] Waiting 20 minutes before next check...
[2025-06-06 09:39:40] [Information] Currently connected to: HellsGate-5.0G
[2025-06-06 09:39:40] [Information] Already connected to preferred network: HellsGate-5.0G
[2025-06-06 09:39:40] [Information] Waiting 11 minutes before next check...
[2025-06-06 09:50:40] [Information] Currently connected to: HellsGate-5.0G
[2025-06-06 09:50:40] [Information] Already connected to preferred network: HellsGate-5.0G
[2025-06-06 09:50:40] [Information] Waiting 24 minutes before next check...
[2025-06-06 10:14:40] [Information] Currently connected to: HellsGate-5.0G
[2025-06-06 10:14:40] [Information] Already connected to preferred network: HellsGate-5.0G
[2025-06-06 10:14:40] [Information] Waiting 28 minutes before next check...
[2025-06-06 10:42:40] [Information] Currently connected to: HellsGate-5.0G
[2025-06-06 10:42:40] [Information] Already connected to preferred network: HellsGate-5.0G
[2025-06-06 10:42:40] [Information] Waiting 19 minutes before next check...
[2025-06-06 11:01:40] [Information] Currently connected to: HellsGate-5.0G
[2025-06-06 11:01:40] [Information] Already connected to preferred network: HellsGate-5.0G
[2025-06-06 11:01:40] [Information] Waiting 29 minutes before next check...
[2025-06-06 11:30:40] [Information] Currently connected to: HellsGate-5.0G
[2025-06-06 11:30:40] [Information] Already connected to preferred network: HellsGate-5.0G
[2025-06-06 11:30:40] [Information] Waiting 20 minutes before next check...
[2025-06-06 11:50:40] [Information] Currently connected to: HellsGate-5.0G
[2025-06-06 11:50:40] [Information] Already connected to preferred network: HellsGate-5.0G
[2025-06-06 11:50:40] [Information] Waiting 29 minutes before next check...
[2025-06-06 12:19:41] [Information] Currently connected to: HellsGate-5.0G
[2025-06-06 12:19:41] [Information] Already connected to preferred network: HellsGate-5.0G
[2025-06-06 12:19:41] [Information] Waiting 21 minutes before next check...
[2025-06-06 12:40:41] [Information] Currently connected to: HellsGate-5.0G
[2025-06-06 12:40:41] [Information] Already connected to preferred network: HellsGate-5.0G
[2025-06-06 12:40:41] [Information] Waiting 26 minutes before next check...
[2025-06-06 13:06:41] [Information] Currently connected to: HellsGate-5.0G
[2025-06-06 13:06:41] [Information] Already connected to preferred network: HellsGate-5.0G
[2025-06-06 13:06:41] [Information] Waiting 17 minutes before next check...
[2025-06-06 13:23:41] [Information] Currently connected to: HellsGate-5.0G
[2025-06-06 13:23:41] [Information] Already connected to preferred network: HellsGate-5.0G
[2025-06-06 13:23:41] [Information] Waiting 10 minutes before next check...
[2025-06-06 13:33:41] [Information] Currently connected to: HellsGate-5.0G
[2025-06-06 13:33:41] [Information] Already connected to preferred network: HellsGate-5.0G
[2025-06-06 13:33:41] [Information] Waiting 23 minutes before next check...
[2025-06-06 13:56:41] [Information] Currently connected to: HellsGate-5.0G
[2025-06-06 13:56:41] [Information] Already connected to preferred network: HellsGate-5.0G
[2025-06-06 13:56:41] [Information] Waiting 21 minutes before next check...
[2025-06-06 14:17:41] [Information] Currently connected to: HellsGate-5.0G
[2025-06-06 14:17:41] [Information] Already connected to preferred network: HellsGate-5.0G
[2025-06-06 14:17:41] [Information] Waiting 19 minutes before next check...
[2025-06-06 14:36:41] [Information] Currently connected to: HellsGate-5.0G
[2025-06-06 14:36:41] [Information] Already connected to preferred network: HellsGate-5.0G
[2025-06-06 14:36:41] [Information] Waiting 20 minutes before next check...
[2025-06-06 14:56:41] [Information] Currently connected to: HellsGate-5.0G
[2025-06-06 14:56:41] [Information] Already connected to preferred network: HellsGate-5.0G
[2025-06-06 14:56:41] [Information] Waiting 18 minutes before next check...
[2025-06-06 15:14:41] [Information] Currently connected to: HellsGate-5.0G
[2025-06-06 15:14:41] [Information] Already connected to preferred network: HellsGate-5.0G
[2025-06-06 15:14:41] [Information] Waiting 28 minutes before next check...
[2025-06-06 15:42:41] [Information] Currently connected to: HellsGate-5.0G
[2025-06-06 15:42:41] [Information] Already connected to preferred network: HellsGate-5.0G
[2025-06-06 15:42:41] [Information] Waiting 14 minutes before next check...
[2025-06-06 15:56:41] [Information] Currently connected to: HellsGate-5.0G
[2025-06-06 15:56:41] [Information] Already connected to preferred network: HellsGate-5.0G
[2025-06-06 15:56:41] [Information] Waiting 16 minutes before next check...
[2025-06-06 16:12:42] [Information] Currently connected to: HellsGate-5.0G
[2025-06-06 16:12:42] [Information] Already connected to preferred network: HellsGate-5.0G
[2025-06-06 16:12:42] [Information] Waiting 28 minutes before next check...
[2025-06-06 16:40:42] [Information] Currently connected to: HellsGate-5.0G
[2025-06-06 16:40:42] [Information] Already connected to preferred network: HellsGate-5.0G
[2025-06-06 16:40:42] [Information] Waiting 15 minutes before next check...
[2025-06-06 16:55:42] [Information] Currently connected to: HellsGate-5.0G
[2025-06-06 16:55:42] [Information] Already connected to preferred network: HellsGate-5.0G
[2025-06-06 16:55:42] [Information] Waiting 12 minutes before next check...
[2025-06-06 17:07:42] [Information] Currently connected to: HellsGate-5.0G
[2025-06-06 17:07:42] [Information] Already connected to preferred network: HellsGate-5.0G
[2025-06-06 17:07:42] [Information] Waiting 28 minutes before next check...
[2025-06-06 17:35:42] [Information] Currently connected to: HellsGate-5.0G
[2025-06-06 17:35:42] [Information] Already connected to preferred network: HellsGate-5.0G
[2025-06-06 17:35:42] [Information] Waiting 15 minutes before next check...
[2025-06-06 17:50:42] [Information] Currently connected to: HellsGate-5.0G
[2025-06-06 17:50:42] [Information] Already connected to preferred network: HellsGate-5.0G
[2025-06-06 17:50:42] [Information] Waiting 20 minutes before next check...
[2025-06-06 18:10:42] [Information] Currently connected to: HellsGate-5.0G
[2025-06-06 18:10:42] [Information] Already connected to preferred network: HellsGate-5.0G
[2025-06-06 18:10:42] [Information] Waiting 25 minutes before next check...
[2025-06-06 18:35:42] [Information] Currently connected to: HellsGate-5.0G
[2025-06-06 18:35:42] [Information] Already connected to preferred network: HellsGate-5.0G
[2025-06-06 18:35:42] [Information] Waiting 17 minutes before next check...
[2025-06-06 18:52:42] [Information] Currently connected to: HellsGate-5.0G
[2025-06-06 18:52:42] [Information] Already connected to preferred network: HellsGate-5.0G
[2025-06-06 18:52:42] [Information] Waiting 27 minutes before next check...
[2025-06-06 19:19:42] [Information] Currently connected to: Merlin Wharf
[2025-06-06 19:19:42] [Information] Already connected to preferred network: Merlin Wharf
[2025-06-06 19:19:42] [Information] Waiting 15 minutes before next check...
[2025-06-06 19:34:42] [Information] Currently connected to: Merlin Wharf
[2025-06-06 19:34:42] [Information] Already connected to preferred network: Merlin Wharf
[2025-06-06 19:34:42] [Information] Waiting 18 minutes before next check...
[2025-06-06 19:52:42] [Information] Currently connected to: Merlin Wharf
[2025-06-06 19:52:42] [Information] Already connected to preferred network: Merlin Wharf
[2025-06-06 19:52:43] [Information] Waiting 20 minutes before next check...
[2025-06-06 20:12:43] [Information] Currently connected to: Merlin Wharf
[2025-06-06 20:12:43] [Information] Already connected to preferred network: Merlin Wharf
[2025-06-06 20:12:43] [Information] Waiting 25 minutes before next check...
[2025-06-06 20:37:43] [Information] Currently connected to: Merlin Wharf
[2025-06-06 20:37:43] [Information] Already connected to preferred network: Merlin Wharf
[2025-06-06 20:37:43] [Information] Waiting 24 minutes before next check...
[2025-06-06 21:01:43] [Information] Currently connected to: Merlin Wharf
[2025-06-06 21:01:43] [Information] Already connected to preferred network: Merlin Wharf
[2025-06-06 21:01:43] [Information] Waiting 28 minutes before next check...
[2025-06-06 21:29:43] [Information] Currently connected to: Merlin Wharf
[2025-06-06 21:29:43] [Information] Already connected to preferred network: Merlin Wharf
[2025-06-06 21:29:43] [Information] Waiting 21 minutes before next check...
[2025-06-06 21:50:43] [Information] Currently connected to: Merlin Wharf
[2025-06-06 21:50:43] [Information] Already connected to preferred network: Merlin Wharf
[2025-06-06 21:50:43] [Information] Waiting 15 minutes before next check...
[2025-06-06 22:05:43] [Information] Currently connected to: Merlin Wharf
[2025-06-06 22:05:43] [Information] Already connected to preferred network: Merlin Wharf
[2025-06-06 22:05:43] [Information] Waiting 20 minutes before next check...
[2025-06-06 22:25:43] [Information] Currently connected to: Merlin Wharf
[2025-06-06 22:25:43] [Information] Already connected to preferred network: Merlin Wharf
[2025-06-06 22:25:43] [Information] Waiting 14 minutes before next check...
[2025-06-06 22:39:43] [Information] Currently connected to: Merlin Wharf
[2025-06-06 22:39:43] [Information] Already connected to preferred network: Merlin Wharf
[2025-06-06 22:39:43] [Information] Waiting 21 minutes before next check...
[2025-06-06 23:00:43] [Information] Currently connected to: Merlin Wharf
[2025-06-06 23:00:43] [Information] Already connected to preferred network: Merlin Wharf
[2025-06-06 23:00:43] [Information] Waiting 13 minutes before next check...
[2025-06-06 23:13:43] [Information] Currently connected to: Merlin Wharf
[2025-06-06 23:13:43] [Information] Already connected to preferred network: Merlin Wharf
[2025-06-06 23:13:43] [Information] Waiting 14 minutes before next check...
[2025-06-06 23:27:43] [Information] Currently connected to: Merlin Wharf
[2025-06-06 23:27:43] [Information] Already connected to preferred network: Merlin Wharf
[2025-06-06 23:27:43] [Information] Waiting 19 minutes before next check...
[2025-06-06 23:46:44] [Information] Currently connected to: Merlin Wharf
[2025-06-06 23:46:44] [Information] Already connected to preferred network: Merlin Wharf
[2025-06-06 23:46:44] [Information] Waiting 20 minutes before next check...
