[2025-01-09 15:05:29] [INFO] Starting Activity Generator Orchestrator (Instance ID: bilharzia-2025-Jan-09-1505)
[2025-01-09 15:05:29] [INFO] Total planned iterations: 6
[2025-01-09 15:05:29] [INFO] Starting iteration 1
[2025-01-09 15:05:29] [INFO] Using wait times - Min: 14, Max: 2000
[2025-01-09 15:05:29] [INFO] Generated wait time: 520 ms
[2025-01-09 15:22:57] [INFO] Starting Activity Generator Orchestrator (Instance ID: cascade-2025-Jan-09-1522)
[2025-01-09 15:22:57] [INFO] Total planned iterations: 6
[2025-01-09 15:22:57] [INFO] Starting iteration 1
[2025-01-09 15:22:57] [INFO] Using wait times - Min: 14, Max: 2000
[2025-01-09 15:22:57] [INFO] Generated wait time: 1673 ms
[2025-01-09 17:33:34] [INFO] Starting Activity Generator Orchestrator (Instance ID: kayak-2025-Jan-09-1733)
[2025-01-09 17:33:34] [INFO] Total planned iterations: 6
[2025-01-09 17:33:34] [INFO] Starting iteration 1
[2025-01-09 17:33:34] [INFO] Using wait times - Min: 14, Max: 2000
[2025-01-09 17:33:34] [INFO] Generated wait time: 415 ms
[2025-01-09 18:24:18] [INFO] Starting Activity Generator Orchestrator (Instance ID: interlending-2025-Jan-09-1824)
[2025-01-09 18:24:18] [INFO] Total planned iterations: 6
[2025-01-09 18:24:18] [INFO] Starting iteration 1
[2025-01-09 18:24:18] [INFO] Using wait times - Min: 14, Max: 2000
[2025-01-09 18:24:18] [INFO] Generated wait time: 838 ms
[2025-01-09 19:49:37] [INFO] Starting Activity Generator Orchestrator (Instance ID: frigid-2025-Jan-09-1949)
[2025-01-09 19:49:37] [INFO] Total planned iterations: 6
[2025-01-09 19:49:37] [INFO] Starting iteration 1
[2025-01-09 19:49:37] [INFO] Using wait times - Min: 14, Max: 2000
[2025-01-09 19:49:37] [INFO] Generated wait time: 1200 ms
[2025-01-09 20:50:25] [SUCCESS] Iteration 1 completed successfully (Duration: 19647.85 seconds)
[2025-01-09 20:50:25] [INFO] Iteration Statistics:
  Iteration: 1
  MaxWait: 2000
  MinWait: 14
  Duration: 19647.85 seconds
  GeneratedWait: 1673
  EndTime: 2025-01-09 20:50:25
  StartTime: 2025-01-09 15:22:57
[2025-01-09 20:50:25] [INFO] Starting iteration 2
[2025-01-09 20:50:25] [INFO] Using wait times - Min: 370, Max: 13000
[2025-01-09 20:50:25] [INFO] Generated wait time: 2471 ms
[2025-01-09 23:16:54] [SUCCESS] Iteration 1 completed successfully (Duration: 20600.21 seconds)
[2025-01-09 23:16:54] [INFO] Iteration Statistics:
  Iteration: 1
  MaxWait: 2000
  MinWait: 14
  Duration: 20600.21 seconds
  GeneratedWait: 415
  EndTime: 2025-01-09 23:16:54
  StartTime: 2025-01-09 17:33:34
[2025-01-09 23:16:55] [INFO] Starting iteration 2
[2025-01-09 23:16:55] [INFO] Using wait times - Min: 370, Max: 13000
[2025-01-09 23:16:55] [INFO] Generated wait time: 8427 ms
[2025-01-10 00:20:34] [SUCCESS] Iteration 1 completed successfully (Duration: 21375.58 seconds)
[2025-01-10 00:20:34] [INFO] Iteration Statistics:
  Iteration: 1
  MaxWait: 2000
  MinWait: 14
  Duration: 21375.58 seconds
  GeneratedWait: 838
  EndTime: 2025-01-10 00:20:34
  StartTime: 2025-01-09 18:24:18
[2025-01-10 00:20:34] [INFO] Starting iteration 2
[2025-01-10 00:20:34] [INFO] Using wait times - Min: 370, Max: 13000
[2025-01-10 00:20:34] [INFO] Generated wait time: 4215 ms
[2025-01-10 01:23:00] [SUCCESS] Iteration 1 completed successfully (Duration: 20003.39 seconds)
[2025-01-10 01:23:01] [INFO] Iteration Statistics:
  Iteration: 1
  MaxWait: 2000
  MinWait: 14
  Duration: 20003.39 seconds
  GeneratedWait: 1200
  EndTime: 2025-01-10 01:23:00
  StartTime: 2025-01-09 19:49:37
[2025-01-10 01:23:01] [INFO] Starting iteration 2
[2025-01-10 01:23:01] [INFO] Using wait times - Min: 370, Max: 13000
[2025-01-10 01:23:01] [INFO] Generated wait time: 12033 ms
[2025-01-10 05:14:16] [SUCCESS] Iteration 2 completed successfully (Duration: 30231.15 seconds)
[2025-01-10 05:14:16] [INFO] Iteration Statistics:
  Iteration: 2
  MaxWait: 13000
  MinWait: 370
  Duration: 30231.15 seconds
  GeneratedWait: 2471
  EndTime: 2025-01-10 05:14:16
  StartTime: 2025-01-09 20:50:25
[2025-01-10 05:14:16] [INFO] Starting iteration 3
[2025-01-10 05:14:16] [INFO] Using wait times - Min: 170, Max: 1500
[2025-01-10 05:14:16] [INFO] Generated wait time: 1061 ms
[2025-01-10 07:23:58] [SUCCESS] Iteration 2 completed successfully (Duration: 21657.71 seconds)
[2025-01-10 07:23:58] [INFO] Iteration Statistics:
  Iteration: 2
  MaxWait: 13000
  MinWait: 370
  Duration: 21657.71 seconds
  GeneratedWait: 12033
  EndTime: 2025-01-10 07:23:58
  StartTime: 2025-01-10 01:23:01
[2025-01-10 07:23:58] [INFO] Starting iteration 3
[2025-01-10 07:23:58] [INFO] Using wait times - Min: 170, Max: 1500
[2025-01-10 07:23:58] [INFO] Generated wait time: 1191 ms
[2025-01-10 08:23:20] [SUCCESS] Iteration 2 completed successfully (Duration: 28966.06 seconds)
[2025-01-10 08:23:20] [INFO] Iteration Statistics:
  Iteration: 2
  MaxWait: 13000
  MinWait: 370
  Duration: 28966.06 seconds
  GeneratedWait: 4215
  EndTime: 2025-01-10 08:23:20
  StartTime: 2025-01-10 00:20:34
[2025-01-10 08:23:20] [INFO] Starting iteration 3
[2025-01-10 08:23:20] [INFO] Using wait times - Min: 170, Max: 1500
[2025-01-10 08:23:20] [INFO] Generated wait time: 552 ms
[2025-01-10 10:54:03] [SUCCESS] Iteration 3 completed successfully (Duration: 20386.72 seconds)
[2025-01-10 10:54:03] [INFO] Iteration Statistics:
  Iteration: 3
  MaxWait: 1500
  MinWait: 170
  Duration: 20386.72 seconds
  GeneratedWait: 1061
  EndTime: 2025-01-10 10:54:03
  StartTime: 2025-01-10 05:14:16
[2025-01-10 10:54:03] [INFO] Starting iteration 4
[2025-01-10 10:54:03] [INFO] Using wait times - Min: 1470, Max: 30000
[2025-01-10 10:54:03] [INFO] Generated wait time: 2710 ms
[2025-01-10 13:04:34] [SUCCESS] Iteration 3 completed successfully (Duration: 20436.08 seconds)
[2025-01-10 13:04:34] [INFO] Iteration Statistics:
  Iteration: 3
  MaxWait: 1500
  MinWait: 170
  Duration: 20436.08 seconds
  GeneratedWait: 1191
  EndTime: 2025-01-10 13:04:34
  StartTime: 2025-01-10 07:23:58
[2025-01-10 13:04:34] [INFO] Starting iteration 4
[2025-01-10 13:04:34] [INFO] Using wait times - Min: 1470, Max: 30000
[2025-01-10 13:04:34] [INFO] Generated wait time: 18577 ms
[2025-01-10 14:00:17] [SUCCESS] Iteration 3 completed successfully (Duration: 20216.53 seconds)
[2025-01-10 14:00:17] [INFO] Iteration Statistics:
  Iteration: 3
  MaxWait: 1500
  MinWait: 170
  Duration: 20216.53 seconds
  GeneratedWait: 552
  EndTime: 2025-01-10 14:00:17
  StartTime: 2025-01-10 08:23:20
[2025-01-10 14:00:17] [INFO] Starting iteration 4
[2025-01-10 14:00:17] [INFO] Using wait times - Min: 1470, Max: 30000
[2025-01-10 14:00:17] [INFO] Generated wait time: 9404 ms
[2025-01-10 20:27:36] [SUCCESS] Iteration 4 completed successfully (Duration: 23239.06 seconds)
[2025-01-10 20:27:36] [INFO] Iteration Statistics:
  Iteration: 4
  MaxWait: 30000
  MinWait: 1470
  Duration: 23239.06 seconds
  GeneratedWait: 9404
  EndTime: 2025-01-10 20:27:36
  StartTime: 2025-01-10 14:00:17
[2025-01-10 20:27:36] [INFO] Starting iteration 5
[2025-01-10 20:27:36] [INFO] Using wait times - Min: 370, Max: 13000
[2025-01-10 20:27:36] [INFO] Generated wait time: 10163 ms
[2025-01-10 21:09:02] [SUCCESS] Iteration 4 completed successfully (Duration: 36899.30 seconds)
[2025-01-10 21:09:02] [INFO] Iteration Statistics:
  Iteration: 4
  MaxWait: 30000
  MinWait: 1470
  Duration: 36899.30 seconds
  GeneratedWait: 2710
  EndTime: 2025-01-10 21:09:02
  StartTime: 2025-01-10 10:54:03
[2025-01-10 21:09:02] [INFO] Starting iteration 5
[2025-01-10 21:09:02] [INFO] Using wait times - Min: 370, Max: 13000
[2025-01-10 21:09:02] [INFO] Generated wait time: 12074 ms
[2025-01-11 00:07:16] [SUCCESS] Iteration 4 completed successfully (Duration: 39761.72 seconds)
[2025-01-11 00:07:16] [INFO] Iteration Statistics:
  Iteration: 4
  MaxWait: 30000
  MinWait: 1470
  Duration: 39761.72 seconds
  GeneratedWait: 18577
  EndTime: 2025-01-11 00:07:16
  StartTime: 2025-01-10 13:04:34
[2025-01-11 00:07:16] [INFO] Starting iteration 5
[2025-01-11 00:07:16] [INFO] Using wait times - Min: 370, Max: 13000
[2025-01-11 00:07:16] [INFO] Generated wait time: 12584 ms
[2025-01-11 02:49:21] [SUCCESS] Iteration 5 completed successfully (Duration: 20418.95 seconds)
[2025-01-11 02:49:21] [INFO] Iteration Statistics:
  Iteration: 5
  MaxWait: 13000
  MinWait: 370
  Duration: 20418.95 seconds
  GeneratedWait: 12074
  EndTime: 2025-01-11 02:49:21
  StartTime: 2025-01-10 21:09:02
[2025-01-11 02:49:21] [INFO] Starting iteration 6
[2025-01-11 02:49:21] [INFO] Using wait times - Min: 170, Max: 1500
[2025-01-11 02:49:21] [INFO] Generated wait time: 1175 ms
[2025-01-11 04:08:23] [SUCCESS] Iteration 5 completed successfully (Duration: 27647.77 seconds)
[2025-01-11 04:08:24] [INFO] Iteration Statistics:
  Iteration: 5
  MaxWait: 13000
  MinWait: 370
  Duration: 27647.77 seconds
  GeneratedWait: 10163
  EndTime: 2025-01-11 04:08:23
  StartTime: 2025-01-10 20:27:36
[2025-01-11 04:08:24] [INFO] Starting iteration 6
[2025-01-11 04:08:24] [INFO] Using wait times - Min: 170, Max: 1500
[2025-01-11 04:08:24] [INFO] Generated wait time: 1361 ms
[2025-01-11 08:24:33] [SUCCESS] Iteration 6 completed successfully (Duration: 20111.62 seconds)
[2025-01-11 08:24:33] [INFO] Iteration Statistics:
  Iteration: 6
  MaxWait: 1500
  MinWait: 170
  Duration: 20111.62 seconds
  GeneratedWait: 1175
  EndTime: 2025-01-11 08:24:33
  StartTime: 2025-01-11 02:49:21
[2025-01-11 08:24:33] [SUCCESS] All iterations completed successfully
[2025-01-11 08:24:33] [SUCCESS] Final Summary:
  Start Time: 2025-01-09 15:22:57
  End Time: 2025-01-11 08:24:33
  Instance ID: cascade-2025-Jan-09-1522
  Total Iterations: 6
  Total Duration: 2461.60 minutes
  Average Duration: 410.27 minutes per iteration
[2025-01-11 09:07:29] [SUCCESS] Iteration 5 completed successfully (Duration: 32412.59 seconds)
[2025-01-11 09:07:29] [INFO] Iteration Statistics:
  Iteration: 5
  MaxWait: 13000
  MinWait: 370
  Duration: 32412.59 seconds
  GeneratedWait: 12584
  EndTime: 2025-01-11 09:07:29
  StartTime: 2025-01-11 00:07:16
[2025-01-11 09:07:29] [INFO] Starting iteration 6
[2025-01-11 09:07:29] [INFO] Using wait times - Min: 170, Max: 1500
[2025-01-11 09:07:29] [INFO] Generated wait time: 300 ms
[2025-01-11 09:44:32] [SUCCESS] Iteration 6 completed successfully (Duration: 20168.78 seconds)
[2025-01-11 09:44:32] [INFO] Iteration Statistics:
  Iteration: 6
  MaxWait: 1500
  MinWait: 170
  Duration: 20168.78 seconds
  GeneratedWait: 1361
  EndTime: 2025-01-11 09:44:32
  StartTime: 2025-01-11 04:08:24
[2025-01-11 09:44:32] [SUCCESS] All iterations completed successfully
[2025-01-11 09:44:32] [SUCCESS] Final Summary:
  Start Time: 2025-01-09 18:24:18
  End Time: 2025-01-11 09:44:32
  Instance ID: interlending-2025-Jan-09-1824
  Total Iterations: 6
  Total Duration: 2360.24 minutes
  Average Duration: 393.37 minutes per iteration
[2025-01-11 14:47:53] [SUCCESS] Iteration 6 completed successfully (Duration: 20424.21 seconds)
[2025-01-11 14:47:53] [INFO] Iteration Statistics:
  Iteration: 6
  MaxWait: 1500
  MinWait: 170
  Duration: 20424.21 seconds
  GeneratedWait: 300
  EndTime: 2025-01-11 14:47:53
  StartTime: 2025-01-11 09:07:29
[2025-01-11 14:47:53] [SUCCESS] All iterations completed successfully
[2025-01-11 14:47:53] [SUCCESS] Final Summary:
  Start Time: 2025-01-09 19:49:37
  End Time: 2025-01-11 14:47:53
  Instance ID: frigid-2025-Jan-09-1949
  Total Iterations: 6
  Total Duration: 2578.27 minutes
  Average Duration: 429.71 minutes per iteration
