[2025-01-11 00:21:04] [Information] Currently connected to: Nyati_CPEPro2_5G
[2025-01-11 00:21:04] [Information] Already connected to preferred network: Nyati_CPEPro2_5G
[2025-01-11 00:21:04] [Information] Waiting 10 minutes before next check...
[2025-01-11 00:31:05] [Information] Currently connected to: Nyati_CPEPro2_5G
[2025-01-11 00:31:05] [Information] Already connected to preferred network: Nyati_CPEPro2_5G
[2025-01-11 00:31:05] [Information] Waiting 19 minutes before next check...
[2025-01-11 00:50:05] [Information] Currently connected to: Nyati_CPEPro2_5G
[2025-01-11 00:50:05] [Information] Already connected to preferred network: Nyati_CPEPro2_5G
[2025-01-11 00:50:05] [Information] Waiting 29 minutes before next check...
[2025-01-11 01:19:05] [Information] Currently connected to: Nyati_CPEPro2_5G
[2025-01-11 01:19:05] [Information] Already connected to preferred network: Nyati_CPEPro2_5G
[2025-01-11 01:19:05] [Information] Waiting 17 minutes before next check...
[2025-01-11 01:36:05] [Information] Currently connected to: Nyati_CPEPro2_5G
[2025-01-11 01:36:05] [Information] Already connected to preferred network: Nyati_CPEPro2_5G
[2025-01-11 01:36:05] [Information] Waiting 20 minutes before next check...
[2025-01-11 01:56:05] [Information] Currently connected to: Nyati_CPEPro2_5G
[2025-01-11 01:56:05] [Information] Already connected to preferred network: Nyati_CPEPro2_5G
[2025-01-11 01:56:05] [Information] Waiting 13 minutes before next check...
[2025-01-11 02:09:05] [Information] Currently connected to: Nyati_CPEPro2_5G
[2025-01-11 02:09:05] [Information] Already connected to preferred network: Nyati_CPEPro2_5G
[2025-01-11 02:09:05] [Information] Waiting 20 minutes before next check...
[2025-01-11 02:29:05] [Information] Currently connected to: Nyati_CPEPro2_5G
[2025-01-11 02:29:05] [Information] Already connected to preferred network: Nyati_CPEPro2_5G
[2025-01-11 02:29:05] [Information] Waiting 18 minutes before next check...
[2025-01-11 02:47:05] [Information] Currently connected to: Nyati_CPEPro2_5G
[2025-01-11 02:47:05] [Information] Already connected to preferred network: Nyati_CPEPro2_5G
[2025-01-11 02:47:05] [Information] Waiting 22 minutes before next check...
[2025-01-11 03:09:05] [Information] Currently connected to: Nyati_CPEPro2_5G
[2025-01-11 03:09:05] [Information] Already connected to preferred network: Nyati_CPEPro2_5G
[2025-01-11 03:09:05] [Information] Waiting 28 minutes before next check...
[2025-01-11 03:37:05] [Information] Currently connected to: Nyati_CPEPro2_5G
[2025-01-11 03:37:05] [Information] Already connected to preferred network: Nyati_CPEPro2_5G
[2025-01-11 03:37:05] [Information] Waiting 21 minutes before next check...
[2025-01-11 03:58:05] [Information] Currently connected to: Nyati_CPEPro2_5G
[2025-01-11 03:58:05] [Information] Already connected to preferred network: Nyati_CPEPro2_5G
[2025-01-11 03:58:05] [Information] Waiting 21 minutes before next check...
[2025-01-11 04:19:05] [Information] Currently connected to: Nyati_CPEPro2_5G
[2025-01-11 04:19:05] [Information] Already connected to preferred network: Nyati_CPEPro2_5G
[2025-01-11 04:19:05] [Information] Waiting 18 minutes before next check...
[2025-01-11 04:37:05] [Information] Currently connected to: Nyati_CPEPro2_5G
[2025-01-11 04:37:05] [Information] Already connected to preferred network: Nyati_CPEPro2_5G
[2025-01-11 04:37:05] [Information] Waiting 29 minutes before next check...
[2025-01-11 05:06:12] [Information] Currently connected to: Nyati_CPEPro2_5G
[2025-01-11 05:06:12] [Information] Already connected to preferred network: Nyati_CPEPro2_5G
[2025-01-11 05:06:12] [Information] Waiting 10 minutes before next check...
[2025-01-11 05:16:12] [Information] Currently connected to: Nyati_CPEPro2_5G
[2025-01-11 05:16:12] [Information] Already connected to preferred network: Nyati_CPEPro2_5G
[2025-01-11 05:16:12] [Information] Waiting 27 minutes before next check...
[2025-01-11 05:43:12] [Information] Currently connected to: Nyati_CPEPro2_5G
[2025-01-11 05:43:12] [Information] Already connected to preferred network: Nyati_CPEPro2_5G
[2025-01-11 05:43:12] [Information] Waiting 18 minutes before next check...
[2025-01-11 06:01:12] [Information] Currently connected to: Nyati_CPEPro2_5G
[2025-01-11 06:01:12] [Information] Already connected to preferred network: Nyati_CPEPro2_5G
[2025-01-11 06:01:12] [Information] Waiting 18 minutes before next check...
[2025-01-11 06:19:12] [Information] Currently connected to: Nyati_CPEPro2_5G
[2025-01-11 06:19:12] [Information] Already connected to preferred network: Nyati_CPEPro2_5G
[2025-01-11 06:19:12] [Information] Waiting 25 minutes before next check...
[2025-01-11 06:44:12] [Information] Currently connected to: Nyati_CPEPro2_5G
[2025-01-11 06:44:12] [Information] Already connected to preferred network: Nyati_CPEPro2_5G
[2025-01-11 06:44:12] [Information] Waiting 12 minutes before next check...
[2025-01-11 06:56:12] [Information] Currently connected to: Nyati_CPEPro2_5G
[2025-01-11 06:56:12] [Information] Already connected to preferred network: Nyati_CPEPro2_5G
[2025-01-11 06:56:12] [Information] Waiting 12 minutes before next check...
[2025-01-11 07:08:12] [Information] Currently connected to: Nyati_CPEPro2_5G
[2025-01-11 07:08:12] [Information] Already connected to preferred network: Nyati_CPEPro2_5G
[2025-01-11 07:08:12] [Information] Waiting 12 minutes before next check...
[2025-01-11 07:20:12] [Information] Currently connected to: Nyati_CPEPro2_5G
[2025-01-11 07:20:12] [Information] Already connected to preferred network: Nyati_CPEPro2_5G
[2025-01-11 07:20:12] [Information] Waiting 21 minutes before next check...
[2025-01-11 07:41:13] [Information] Currently connected to: Nyati_CPEPro2_5G
[2025-01-11 07:41:13] [Information] Already connected to preferred network: Nyati_CPEPro2_5G
[2025-01-11 07:41:13] [Information] Waiting 28 minutes before next check...
[2025-01-11 08:09:13] [Information] Currently connected to: Nyati_CPEPro2_5G
[2025-01-11 08:09:13] [Information] Already connected to preferred network: Nyati_CPEPro2_5G
[2025-01-11 08:09:13] [Information] Waiting 17 minutes before next check...
[2025-01-11 08:26:13] [Information] Currently connected to: Nyati_CPEPro2_5G
[2025-01-11 08:26:13] [Information] Already connected to preferred network: Nyati_CPEPro2_5G
[2025-01-11 08:26:13] [Information] Waiting 27 minutes before next check...
[2025-01-11 08:53:13] [Information] Currently connected to: Nyati_CPEPro2_5G
[2025-01-11 08:53:13] [Information] Already connected to preferred network: Nyati_CPEPro2_5G
[2025-01-11 08:53:13] [Information] Waiting 26 minutes before next check...
[2025-01-11 09:19:13] [Information] Currently connected to: Nyati_CPEPro2_5G
[2025-01-11 09:19:13] [Information] Already connected to preferred network: Nyati_CPEPro2_5G
[2025-01-11 09:19:13] [Information] Waiting 19 minutes before next check...
[2025-01-11 09:38:13] [Information] Currently connected to: Nyati_CPEPro2_5G
[2025-01-11 09:38:13] [Information] Already connected to preferred network: Nyati_CPEPro2_5G
[2025-01-11 09:38:13] [Information] Waiting 20 minutes before next check...
[2025-01-11 09:58:13] [Information] Currently connected to: Nyati_CPEPro2_5G
[2025-01-11 09:58:13] [Information] Already connected to preferred network: Nyati_CPEPro2_5G
[2025-01-11 09:58:13] [Information] Waiting 23 minutes before next check...
[2025-01-11 10:21:13] [Information] Currently connected to: Nyati_CPEPro2_5G
[2025-01-11 10:21:13] [Information] Already connected to preferred network: Nyati_CPEPro2_5G
[2025-01-11 10:21:13] [Information] Waiting 22 minutes before next check...
[2025-01-11 10:43:13] [Information] Currently connected to: Nyati_CPEPro2_5G
[2025-01-11 10:43:13] [Information] Already connected to preferred network: Nyati_CPEPro2_5G
[2025-01-11 10:43:13] [Information] Waiting 25 minutes before next check...
[2025-01-11 11:08:13] [Information] Currently connected to: Nyati_CPEPro2_5G
[2025-01-11 11:08:13] [Information] Already connected to preferred network: Nyati_CPEPro2_5G
[2025-01-11 11:08:13] [Information] Waiting 11 minutes before next check...
[2025-01-11 11:19:13] [Information] Currently connected to: Nyati_CPEPro2_5G
[2025-01-11 11:19:13] [Information] Already connected to preferred network: Nyati_CPEPro2_5G
[2025-01-11 11:19:13] [Information] Waiting 10 minutes before next check...
[2025-01-11 11:29:13] [Information] Currently connected to: Nyati_CPEPro2_5G
[2025-01-11 11:29:13] [Information] Already connected to preferred network: Nyati_CPEPro2_5G
[2025-01-11 11:29:13] [Information] Waiting 23 minutes before next check...
[2025-01-11 11:52:13] [Information] Currently connected to: Nyati_CPEPro2_5G
[2025-01-11 11:52:13] [Information] Already connected to preferred network: Nyati_CPEPro2_5G
[2025-01-11 11:52:13] [Information] Waiting 13 minutes before next check...
[2025-01-11 12:05:13] [Information] Currently connected to: Nyati_CPEPro2_5G
[2025-01-11 12:05:13] [Information] Already connected to preferred network: Nyati_CPEPro2_5G
[2025-01-11 12:05:13] [Information] Waiting 10 minutes before next check...
[2025-01-11 12:15:14] [Information] Currently connected to: Nyati_CPEPro2_5G
[2025-01-11 12:15:14] [Information] Already connected to preferred network: Nyati_CPEPro2_5G
[2025-01-11 12:15:14] [Information] Waiting 23 minutes before next check...
[2025-01-11 12:38:14] [Information] Currently connected to: Nyati_CPEPro2_5G
[2025-01-11 12:38:14] [Information] Already connected to preferred network: Nyati_CPEPro2_5G
[2025-01-11 12:38:14] [Information] Waiting 14 minutes before next check...
[2025-01-11 12:52:14] [Information] Currently connected to: Nyati_CPEPro2_5G
[2025-01-11 12:52:14] [Information] Already connected to preferred network: Nyati_CPEPro2_5G
[2025-01-11 12:52:14] [Information] Waiting 22 minutes before next check...
[2025-01-11 13:14:14] [Information] Currently connected to: Nyati_CPEPro2_5G
[2025-01-11 13:14:14] [Information] Already connected to preferred network: Nyati_CPEPro2_5G
[2025-01-11 13:14:14] [Information] Waiting 19 minutes before next check...
[2025-01-11 13:33:14] [Information] Currently connected to: Nyati_CPEPro2_5G
[2025-01-11 13:33:14] [Information] Already connected to preferred network: Nyati_CPEPro2_5G
[2025-01-11 13:33:14] [Information] Waiting 16 minutes before next check...
[2025-01-11 13:49:14] [Information] Currently connected to: Nyati_CPEPro2_5G
[2025-01-11 13:49:14] [Information] Already connected to preferred network: Nyati_CPEPro2_5G
[2025-01-11 13:49:14] [Information] Waiting 20 minutes before next check...
[2025-01-11 14:09:14] [Information] Currently connected to: Nyati_CPEPro2_5G
[2025-01-11 14:09:14] [Information] Already connected to preferred network: Nyati_CPEPro2_5G
[2025-01-11 14:09:14] [Information] Waiting 22 minutes before next check...
[2025-01-11 14:31:14] [Information] Currently connected to: Nyati_CPEPro2_5G
[2025-01-11 14:31:14] [Information] Already connected to preferred network: Nyati_CPEPro2_5G
[2025-01-11 14:31:14] [Information] Waiting 25 minutes before next check...
[2025-01-11 14:56:14] [Information] Currently connected to: Nyati_CPEPro2_5G
[2025-01-11 14:56:14] [Information] Already connected to preferred network: Nyati_CPEPro2_5G
[2025-01-11 14:56:14] [Information] Waiting 19 minutes before next check...
[2025-01-11 15:15:14] [Information] Currently connected to: Nyati_CPEPro2_5G
[2025-01-11 15:15:14] [Information] Already connected to preferred network: Nyati_CPEPro2_5G
[2025-01-11 15:15:14] [Information] Waiting 14 minutes before next check...
[2025-01-11 15:29:14] [Information] Currently connected to: Nyati_CPEPro2_5G
[2025-01-11 15:29:14] [Information] Already connected to preferred network: Nyati_CPEPro2_5G
[2025-01-11 15:29:14] [Information] Waiting 12 minutes before next check...
[2025-01-11 15:41:14] [Information] Currently connected to: Nyati_CPEPro2_5G
[2025-01-11 15:41:14] [Information] Already connected to preferred network: Nyati_CPEPro2_5G
[2025-01-11 15:41:14] [Information] Waiting 11 minutes before next check...
[2025-01-11 15:52:14] [Information] Currently connected to: Nyati_CPEPro2_5G
[2025-01-11 15:52:14] [Information] Already connected to preferred network: Nyati_CPEPro2_5G
[2025-01-11 15:52:14] [Information] Waiting 20 minutes before next check...
[2025-01-11 16:12:14] [Information] Currently connected to: Nyati_CPEPro2_5G
[2025-01-11 16:12:14] [Information] Already connected to preferred network: Nyati_CPEPro2_5G
[2025-01-11 16:12:14] [Information] Waiting 15 minutes before next check...
[2025-01-11 16:27:15] [Information] Currently connected to: Nyati_CPEPro2_5G
[2025-01-11 16:27:15] [Information] Already connected to preferred network: Nyati_CPEPro2_5G
[2025-01-11 16:27:15] [Information] Waiting 16 minutes before next check...
[2025-01-11 16:43:15] [Information] Currently connected to: Nyati_CPEPro2_5G
[2025-01-11 16:43:15] [Information] Already connected to preferred network: Nyati_CPEPro2_5G
[2025-01-11 16:43:15] [Information] Waiting 10 minutes before next check...
[2025-01-11 16:53:15] [Information] Currently connected to: Nyati_CPEPro2_5G
[2025-01-11 16:53:15] [Information] Already connected to preferred network: Nyati_CPEPro2_5G
[2025-01-11 16:53:15] [Information] Waiting 26 minutes before next check...
[2025-01-11 17:19:15] [Information] Currently connected to: Nyati_CPEPro2_5G
[2025-01-11 17:19:15] [Information] Already connected to preferred network: Nyati_CPEPro2_5G
[2025-01-11 17:19:15] [Information] Waiting 18 minutes before next check...
[2025-01-11 17:37:15] [Information] Currently connected to: Nyati_CPEPro2_5G
[2025-01-11 17:37:15] [Information] Already connected to preferred network: Nyati_CPEPro2_5G
[2025-01-11 17:37:15] [Information] Waiting 20 minutes before next check...
[2025-01-11 17:57:15] [Information] Currently connected to: Nyati_CPEPro2_5G
[2025-01-11 17:57:15] [Information] Already connected to preferred network: Nyati_CPEPro2_5G
[2025-01-11 17:57:15] [Information] Waiting 17 minutes before next check...
[2025-01-11 18:14:15] [Information] Currently connected to: Nyati_CPEPro2_5G
[2025-01-11 18:14:15] [Information] Already connected to preferred network: Nyati_CPEPro2_5G
[2025-01-11 18:14:15] [Information] Waiting 19 minutes before next check...
[2025-01-11 18:33:15] [Information] Currently connected to: Nyati_CPEPro2_5G
[2025-01-11 18:33:15] [Information] Already connected to preferred network: Nyati_CPEPro2_5G
[2025-01-11 18:33:15] [Information] Waiting 13 minutes before next check...
[2025-01-11 18:46:15] [Information] Currently connected to: Nyati_CPEPro2_5G
[2025-01-11 18:46:15] [Information] Already connected to preferred network: Nyati_CPEPro2_5G
[2025-01-11 18:46:15] [Information] Waiting 23 minutes before next check...
[2025-01-11 19:09:15] [Information] Currently connected to: Serengeti_2.4G
[2025-01-11 19:09:15] [Information] Scanning for preferred networks...
[2025-01-11 19:09:15] [Information] Found 4 networks
[2025-01-11 19:09:15] [Warning] Could not connect to any preferred networks
[2025-01-11 19:09:15] [Information] Waiting 10 minutes before next check...
[2025-01-11 19:19:15] [Information] Currently connected to: Serengeti_2.4G
[2025-01-11 19:19:15] [Information] Scanning for preferred networks...
[2025-01-11 19:19:15] [Information] Found 11 networks
[2025-01-11 19:19:15] [Information] Attempting to connect to Nyati_CPEPro2_5G
[2025-01-11 19:19:21] [Information] Currently connected to: Nyati_CPEPro2_5G
[2025-01-11 19:19:21] [Information] Successfully connected to Nyati_CPEPro2_5G
[2025-01-11 19:19:21] [Information] Waiting 20 minutes before next check...
[2025-01-11 19:39:21] [Information] Currently connected to: Nyati_CPEPro2_5G
[2025-01-11 19:39:21] [Information] Already connected to preferred network: Nyati_CPEPro2_5G
[2025-01-11 19:39:21] [Information] Waiting 25 minutes before next check...
[2025-01-11 20:04:21] [Information] Currently connected to: Nyati_CPEPro2_5G
[2025-01-11 20:04:21] [Information] Already connected to preferred network: Nyati_CPEPro2_5G
[2025-01-11 20:04:21] [Information] Waiting 16 minutes before next check...
[2025-01-11 20:20:21] [Information] Currently connected to: Nyati_CPEPro2_5G
[2025-01-11 20:20:21] [Information] Already connected to preferred network: Nyati_CPEPro2_5G
[2025-01-11 20:20:21] [Information] Waiting 16 minutes before next check...
[2025-01-11 20:36:21] [Information] Currently connected to: Nyati_CPEPro2_5G
[2025-01-11 20:36:21] [Information] Already connected to preferred network: Nyati_CPEPro2_5G
[2025-01-11 20:36:21] [Information] Waiting 11 minutes before next check...
[2025-01-11 20:47:21] [Information] Currently connected to: Nyati_CPEPro2_5G
[2025-01-11 20:47:21] [Information] Already connected to preferred network: Nyati_CPEPro2_5G
[2025-01-11 20:47:21] [Information] Waiting 28 minutes before next check...
[2025-01-11 21:15:21] [Information] Currently connected to: Nyati_CPEPro2_5G
[2025-01-11 21:15:21] [Information] Already connected to preferred network: Nyati_CPEPro2_5G
[2025-01-11 21:15:21] [Information] Waiting 26 minutes before next check...
[2025-01-11 21:41:21] [Information] Currently connected to: Nyati_CPEPro2_5G
[2025-01-11 21:41:21] [Information] Already connected to preferred network: Nyati_CPEPro2_5G
[2025-01-11 21:41:21] [Information] Waiting 24 minutes before next check...
[2025-01-11 22:05:21] [Information] Currently connected to: Nyati_CPEPro2_5G
[2025-01-11 22:05:21] [Information] Already connected to preferred network: Nyati_CPEPro2_5G
[2025-01-11 22:05:21] [Information] Waiting 27 minutes before next check...
[2025-01-11 22:32:21] [Information] Currently connected to: Nyati_CPEPro2_5G
[2025-01-11 22:32:21] [Information] Already connected to preferred network: Nyati_CPEPro2_5G
[2025-01-11 22:32:21] [Information] Waiting 22 minutes before next check...
[2025-01-11 22:54:21] [Information] Currently connected to: Nyati_CPEPro2_5G
[2025-01-11 22:54:21] [Information] Already connected to preferred network: Nyati_CPEPro2_5G
[2025-01-11 22:54:21] [Information] Waiting 20 minutes before next check...
[2025-01-11 23:14:21] [Information] Currently connected to: Nyati_CPEPro2_5G
[2025-01-11 23:14:21] [Information] Already connected to preferred network: Nyati_CPEPro2_5G
[2025-01-11 23:14:21] [Information] Waiting 23 minutes before next check...
[2025-01-11 23:37:21] [Information] Currently connected to: Nyati_CPEPro2_5G
[2025-01-11 23:37:21] [Information] Already connected to preferred network: Nyati_CPEPro2_5G
[2025-01-11 23:37:21] [Information] Waiting 26 minutes before next check...
