[2025-04-25 00:05:01] [Information] Currently connected to: HellsGate-5.0G
[2025-04-25 00:05:01] [Information] Already connected to preferred network: HellsGate-5.0G
[2025-04-25 00:05:01] [Information] Waiting 11 minutes before next check...
[2025-04-25 00:16:01] [Information] Currently connected to: HellsGate-5.0G
[2025-04-25 00:16:01] [Information] Already connected to preferred network: HellsGate-5.0G
[2025-04-25 00:16:01] [Information] Waiting 20 minutes before next check...
[2025-04-25 00:36:01] [Information] Currently connected to: HellsGate-5.0G
[2025-04-25 00:36:01] [Information] Already connected to preferred network: HellsGate-5.0G
[2025-04-25 00:36:01] [Information] Waiting 10 minutes before next check...
[2025-04-25 00:46:01] [Information] Currently connected to: HellsGate-5.0G
[2025-04-25 00:46:01] [Information] Already connected to preferred network: HellsGate-5.0G
[2025-04-25 00:46:01] [Information] Waiting 26 minutes before next check...
[2025-04-25 01:12:01] [Information] Currently connected to: HellsGate-5.0G
[2025-04-25 01:12:01] [Information] Already connected to preferred network: HellsGate-5.0G
[2025-04-25 01:12:01] [Information] Waiting 15 minutes before next check...
[2025-04-25 01:27:01] [Information] Currently connected to: HellsGate-5.0G
[2025-04-25 01:27:01] [Information] Already connected to preferred network: HellsGate-5.0G
[2025-04-25 01:27:01] [Information] Waiting 26 minutes before next check...
[2025-04-25 01:53:01] [Information] Currently connected to: HellsGate-5.0G
[2025-04-25 01:53:01] [Information] Already connected to preferred network: HellsGate-5.0G
[2025-04-25 01:53:01] [Information] Waiting 16 minutes before next check...
[2025-04-25 02:09:01] [Information] Currently connected to: HellsGate-5.0G
[2025-04-25 02:09:01] [Information] Already connected to preferred network: HellsGate-5.0G
[2025-04-25 02:09:01] [Information] Waiting 18 minutes before next check...
[2025-04-25 02:27:01] [Information] Currently connected to: HellsGate-5.0G
[2025-04-25 02:27:01] [Information] Already connected to preferred network: HellsGate-5.0G
[2025-04-25 02:27:01] [Information] Waiting 14 minutes before next check...
[2025-04-25 02:41:01] [Information] Currently connected to: HellsGate-5.0G
[2025-04-25 02:41:01] [Information] Already connected to preferred network: HellsGate-5.0G
[2025-04-25 02:41:01] [Information] Waiting 28 minutes before next check...
[2025-04-25 03:09:02] [Information] Currently connected to: HellsGate-5.0G
[2025-04-25 03:09:02] [Information] Already connected to preferred network: HellsGate-5.0G
[2025-04-25 03:09:02] [Information] Waiting 24 minutes before next check...
[2025-04-25 03:33:02] [Information] Currently connected to: HellsGate-5.0G
[2025-04-25 03:33:02] [Information] Already connected to preferred network: HellsGate-5.0G
[2025-04-25 03:33:02] [Information] Waiting 24 minutes before next check...
[2025-04-25 03:57:02] [Information] Currently connected to: HellsGate-5.0G
[2025-04-25 03:57:02] [Information] Already connected to preferred network: HellsGate-5.0G
[2025-04-25 03:57:02] [Information] Waiting 27 minutes before next check...
[2025-04-25 04:24:02] [Information] Currently connected to: HellsGate-5.0G
[2025-04-25 04:24:02] [Information] Already connected to preferred network: HellsGate-5.0G
[2025-04-25 04:24:02] [Information] Waiting 14 minutes before next check...
[2025-04-25 04:38:02] [Information] Currently connected to: HellsGate-5.0G
[2025-04-25 04:38:02] [Information] Already connected to preferred network: HellsGate-5.0G
[2025-04-25 04:38:02] [Information] Waiting 13 minutes before next check...
[2025-04-25 04:51:02] [Information] Currently connected to: HellsGate-5.0G
[2025-04-25 04:51:02] [Information] Already connected to preferred network: HellsGate-5.0G
[2025-04-25 04:51:02] [Information] Waiting 29 minutes before next check...
[2025-04-25 05:20:02] [Information] Currently connected to: HellsGate-5.0G
[2025-04-25 05:20:02] [Information] Already connected to preferred network: HellsGate-5.0G
[2025-04-25 05:20:02] [Information] Waiting 21 minutes before next check...
[2025-04-25 05:41:02] [Information] Currently connected to: HellsGate-5.0G
[2025-04-25 05:41:02] [Information] Already connected to preferred network: HellsGate-5.0G
[2025-04-25 05:41:02] [Information] Waiting 27 minutes before next check...
[2025-04-25 06:08:02] [Information] Currently connected to: HellsGate-5.0G
[2025-04-25 06:08:02] [Information] Already connected to preferred network: HellsGate-5.0G
[2025-04-25 06:08:02] [Information] Waiting 20 minutes before next check...
[2025-04-25 06:28:02] [Information] Currently connected to: HellsGate-5.0G
[2025-04-25 06:28:02] [Information] Already connected to preferred network: HellsGate-5.0G
[2025-04-25 06:28:02] [Information] Waiting 28 minutes before next check...
[2025-04-25 06:56:09] [Information] Currently connected to: HellsGate-5.0G
[2025-04-25 06:56:09] [Information] Already connected to preferred network: HellsGate-5.0G
[2025-04-25 06:56:09] [Information] Waiting 16 minutes before next check...
[2025-04-25 07:12:09] [Information] Currently connected to: HellsGate-5.0G
[2025-04-25 07:12:09] [Information] Already connected to preferred network: HellsGate-5.0G
[2025-04-25 07:12:09] [Information] Waiting 23 minutes before next check...
[2025-04-25 07:35:09] [Information] Currently connected to: HellsGate-5.0G
[2025-04-25 07:35:09] [Information] Already connected to preferred network: HellsGate-5.0G
[2025-04-25 07:35:09] [Information] Waiting 27 minutes before next check...
[2025-04-25 08:02:09] [Information] Currently connected to: HellsGate-5.0G
[2025-04-25 08:02:09] [Information] Already connected to preferred network: HellsGate-5.0G
[2025-04-25 08:02:09] [Information] Waiting 23 minutes before next check...
[2025-04-25 08:25:10] [Information] Currently connected to: HellsGate-5.0G
[2025-04-25 08:25:10] [Information] Already connected to preferred network: HellsGate-5.0G
[2025-04-25 08:25:10] [Information] Waiting 18 minutes before next check...
[2025-04-25 08:43:10] [Information] Currently connected to: HellsGate-5.0G
[2025-04-25 08:43:10] [Information] Already connected to preferred network: HellsGate-5.0G
[2025-04-25 08:43:10] [Information] Waiting 24 minutes before next check...
[2025-04-25 09:07:10] [Information] Currently connected to: HellsGate-5.0G
[2025-04-25 09:07:10] [Information] Already connected to preferred network: HellsGate-5.0G
[2025-04-25 09:07:10] [Information] Waiting 13 minutes before next check...
[2025-04-25 09:20:10] [Information] Currently connected to: HellsGate-5.0G
[2025-04-25 09:20:10] [Information] Already connected to preferred network: HellsGate-5.0G
[2025-04-25 09:20:10] [Information] Waiting 13 minutes before next check...
[2025-04-25 09:33:10] [Information] Currently connected to: HellsGate-5.0G
[2025-04-25 09:33:10] [Information] Already connected to preferred network: HellsGate-5.0G
[2025-04-25 09:33:10] [Information] Waiting 17 minutes before next check...
[2025-04-25 09:50:10] [Information] Currently connected to: HellsGate-5.0G
[2025-04-25 09:50:10] [Information] Already connected to preferred network: HellsGate-5.0G
[2025-04-25 09:50:10] [Information] Waiting 12 minutes before next check...
[2025-04-25 10:02:10] [Information] Currently connected to: HellsGate-5.0G
[2025-04-25 10:02:10] [Information] Already connected to preferred network: HellsGate-5.0G
[2025-04-25 10:02:10] [Information] Waiting 28 minutes before next check...
[2025-04-25 10:30:10] [Information] Currently connected to: HellsGate-5.0G
[2025-04-25 10:30:10] [Information] Already connected to preferred network: HellsGate-5.0G
[2025-04-25 10:30:10] [Information] Waiting 14 minutes before next check...
[2025-04-25 10:44:10] [Information] Currently connected to: HellsGate-5.0G
[2025-04-25 10:44:10] [Information] Already connected to preferred network: HellsGate-5.0G
[2025-04-25 10:44:10] [Information] Waiting 17 minutes before next check...
[2025-04-25 11:01:10] [Information] Currently connected to: HellsGate-5.0G
[2025-04-25 11:01:10] [Information] Already connected to preferred network: HellsGate-5.0G
[2025-04-25 11:01:10] [Information] Waiting 25 minutes before next check...
[2025-04-25 11:26:10] [Information] Currently connected to: HellsGate-5.0G
[2025-04-25 11:26:10] [Information] Already connected to preferred network: HellsGate-5.0G
[2025-04-25 11:26:10] [Information] Waiting 25 minutes before next check...
[2025-04-25 11:51:11] [Information] Currently connected to: HellsGate-5.0G
[2025-04-25 11:51:11] [Information] Already connected to preferred network: HellsGate-5.0G
[2025-04-25 11:51:11] [Information] Waiting 13 minutes before next check...
[2025-04-25 12:04:11] [Information] Currently connected to: HellsGate-5.0G
[2025-04-25 12:04:11] [Information] Already connected to preferred network: HellsGate-5.0G
[2025-04-25 12:04:11] [Information] Waiting 26 minutes before next check...
[2025-04-25 12:30:11] [Information] Currently connected to: HellsGate-5.0G
[2025-04-25 12:30:11] [Information] Already connected to preferred network: HellsGate-5.0G
[2025-04-25 12:30:11] [Information] Waiting 27 minutes before next check...
[2025-04-25 12:57:11] [Information] Currently connected to: HellsGate-5.0G
[2025-04-25 12:57:11] [Information] Already connected to preferred network: HellsGate-5.0G
[2025-04-25 12:57:11] [Information] Waiting 20 minutes before next check...
[2025-04-25 13:17:11] [Warning] No current WiFi connection
[2025-04-25 13:17:11] [Information] Scanning for preferred networks...
[2025-04-25 13:17:11] [Information] Found 9 networks
[2025-04-25 13:17:11] [Information] Attempting to connect to HellsGate-5.0G
[2025-04-25 13:17:16] [Information] Currently connected to: HellsGate-5.0G
[2025-04-25 13:17:16] [Information] Successfully connected to HellsGate-5.0G
[2025-04-25 13:17:16] [Information] Waiting 10 minutes before next check...
[2025-04-25 13:27:16] [Information] Currently connected to: HellsGate-5.0G
[2025-04-25 13:27:16] [Information] Already connected to preferred network: HellsGate-5.0G
[2025-04-25 13:27:16] [Information] Waiting 10 minutes before next check...
[2025-04-25 13:37:16] [Information] Currently connected to: HellsGate-5.0G
[2025-04-25 13:37:16] [Information] Already connected to preferred network: HellsGate-5.0G
[2025-04-25 13:37:16] [Information] Waiting 17 minutes before next check...
[2025-04-25 13:54:16] [Warning] No current WiFi connection
[2025-04-25 13:54:16] [Information] Scanning for preferred networks...
[2025-04-25 13:54:16] [Information] Found 8 networks
[2025-04-25 13:54:16] [Information] Attempting to connect to HellsGate-5.0G
[2025-04-25 13:54:22] [Information] Currently connected to: HellsGate-5.0G
[2025-04-25 13:54:22] [Information] Successfully connected to HellsGate-5.0G
[2025-04-25 13:54:22] [Information] Waiting 25 minutes before next check...
[2025-04-25 14:19:22] [Information] Currently connected to: HellsGate-5.0G
[2025-04-25 14:19:22] [Information] Already connected to preferred network: HellsGate-5.0G
[2025-04-25 14:19:22] [Information] Waiting 18 minutes before next check...
[2025-04-25 14:37:22] [Information] Currently connected to: HellsGate-5.0G
[2025-04-25 14:37:22] [Information] Already connected to preferred network: HellsGate-5.0G
[2025-04-25 14:37:22] [Information] Waiting 25 minutes before next check...
[2025-04-25 15:02:22] [Information] Currently connected to: HellsGate-5.0G
[2025-04-25 15:02:22] [Information] Already connected to preferred network: HellsGate-5.0G
[2025-04-25 15:02:22] [Information] Waiting 17 minutes before next check...
[2025-04-25 15:19:22] [Information] Currently connected to: HellsGate-5.0G
[2025-04-25 15:19:22] [Information] Already connected to preferred network: HellsGate-5.0G
[2025-04-25 15:19:22] [Information] Waiting 22 minutes before next check...
[2025-04-25 15:41:22] [Information] Currently connected to: HellsGate-5.0G
[2025-04-25 15:41:22] [Information] Already connected to preferred network: HellsGate-5.0G
[2025-04-25 15:41:22] [Information] Waiting 25 minutes before next check...
[2025-04-25 16:06:22] [Information] Currently connected to: HellsGate-5.0G
[2025-04-25 16:06:22] [Information] Already connected to preferred network: HellsGate-5.0G
[2025-04-25 16:06:22] [Information] Waiting 19 minutes before next check...
[2025-04-25 16:25:22] [Information] Currently connected to: HellsGate-5.0G
[2025-04-25 16:25:22] [Information] Already connected to preferred network: HellsGate-5.0G
[2025-04-25 16:25:22] [Information] Waiting 16 minutes before next check...
[2025-04-25 16:41:22] [Information] Currently connected to: HellsGate-5.0G
[2025-04-25 16:41:22] [Information] Already connected to preferred network: HellsGate-5.0G
[2025-04-25 16:41:22] [Information] Waiting 17 minutes before next check...
[2025-04-25 16:58:22] [Information] Currently connected to: HellsGate-5.0G
[2025-04-25 16:58:22] [Information] Already connected to preferred network: HellsGate-5.0G
[2025-04-25 16:58:22] [Information] Waiting 14 minutes before next check...
[2025-04-25 17:12:23] [Information] Currently connected to: HellsGate-5.0G
[2025-04-25 17:12:23] [Information] Already connected to preferred network: HellsGate-5.0G
[2025-04-25 17:12:23] [Information] Waiting 11 minutes before next check...
[2025-04-25 17:23:23] [Information] Currently connected to: HellsGate-5.0G
[2025-04-25 17:23:23] [Information] Already connected to preferred network: HellsGate-5.0G
[2025-04-25 17:23:23] [Information] Waiting 13 minutes before next check...
[2025-04-25 17:36:23] [Information] Currently connected to: HellsGate-5.0G
[2025-04-25 17:36:23] [Information] Already connected to preferred network: HellsGate-5.0G
[2025-04-25 17:36:23] [Information] Waiting 12 minutes before next check...
[2025-04-25 17:48:23] [Information] Currently connected to: HellsGate-5.0G
[2025-04-25 17:48:23] [Information] Already connected to preferred network: HellsGate-5.0G
[2025-04-25 17:48:23] [Information] Waiting 18 minutes before next check...
[2025-04-25 18:06:23] [Information] Currently connected to: HellsGate-5.0G
[2025-04-25 18:06:23] [Information] Already connected to preferred network: HellsGate-5.0G
[2025-04-25 18:06:23] [Information] Waiting 18 minutes before next check...
[2025-04-25 18:24:23] [Warning] No current WiFi connection
[2025-04-25 18:24:23] [Information] Scanning for preferred networks...
[2025-04-25 18:24:23] [Information] Found 8 networks
[2025-04-25 18:24:23] [Information] Attempting to connect to HellsGate-5.0G
[2025-04-25 18:24:28] [Information] Currently connected to: HellsGate-5.0G
[2025-04-25 18:24:28] [Information] Successfully connected to HellsGate-5.0G
[2025-04-25 18:24:28] [Information] Waiting 20 minutes before next check...
[2025-04-25 18:44:28] [Information] Currently connected to: HellsGate-5.0G
[2025-04-25 18:44:28] [Information] Already connected to preferred network: HellsGate-5.0G
[2025-04-25 18:44:28] [Information] Waiting 23 minutes before next check...
[2025-04-25 19:07:28] [Information] Currently connected to: HellsGate-5.0G
[2025-04-25 19:07:28] [Information] Already connected to preferred network: HellsGate-5.0G
[2025-04-25 19:07:28] [Information] Waiting 21 minutes before next check...
[2025-04-25 19:28:28] [Warning] No current WiFi connection
[2025-04-25 19:28:28] [Information] Scanning for preferred networks...
[2025-04-25 19:28:29] [Information] Found 9 networks
[2025-04-25 19:28:29] [Information] Attempting to connect to HellsGate-5.0G
[2025-04-25 19:28:34] [Information] Currently connected to: HellsGate-5.0G
[2025-04-25 19:28:34] [Information] Successfully connected to HellsGate-5.0G
[2025-04-25 19:28:34] [Information] Waiting 22 minutes before next check...
[2025-04-25 19:50:34] [Information] Currently connected to: HellsGate-5.0G
[2025-04-25 19:50:34] [Information] Already connected to preferred network: HellsGate-5.0G
[2025-04-25 19:50:34] [Information] Waiting 24 minutes before next check...
[2025-04-25 20:14:34] [Information] Currently connected to: HellsGate-5.0G
[2025-04-25 20:14:34] [Information] Already connected to preferred network: HellsGate-5.0G
[2025-04-25 20:14:34] [Information] Waiting 25 minutes before next check...
[2025-04-25 20:39:34] [Information] Currently connected to: HellsGate-5.0G
[2025-04-25 20:39:34] [Information] Already connected to preferred network: HellsGate-5.0G
[2025-04-25 20:39:34] [Information] Waiting 26 minutes before next check...
[2025-04-25 21:05:34] [Information] Currently connected to: HellsGate-5.0G
[2025-04-25 21:05:34] [Information] Already connected to preferred network: HellsGate-5.0G
[2025-04-25 21:05:34] [Information] Waiting 25 minutes before next check...
[2025-04-25 21:30:34] [Information] Currently connected to: HellsGate-5.0G
[2025-04-25 21:30:34] [Information] Already connected to preferred network: HellsGate-5.0G
[2025-04-25 21:30:34] [Information] Waiting 22 minutes before next check...
[2025-04-25 21:52:34] [Information] Currently connected to: HellsGate-5.0G
[2025-04-25 21:52:34] [Information] Already connected to preferred network: HellsGate-5.0G
[2025-04-25 21:52:34] [Information] Waiting 22 minutes before next check...
[2025-04-25 22:14:34] [Information] Currently connected to: HellsGate-5.0G
[2025-04-25 22:14:34] [Information] Already connected to preferred network: HellsGate-5.0G
[2025-04-25 22:14:34] [Information] Waiting 18 minutes before next check...
[2025-04-25 22:32:34] [Information] Currently connected to: HellsGate-5.0G
[2025-04-25 22:32:34] [Information] Already connected to preferred network: HellsGate-5.0G
[2025-04-25 22:32:34] [Information] Waiting 25 minutes before next check...
[2025-04-25 22:57:34] [Information] Currently connected to: HellsGate-5.0G
[2025-04-25 22:57:34] [Information] Already connected to preferred network: HellsGate-5.0G
[2025-04-25 22:57:34] [Information] Waiting 11 minutes before next check...
[2025-04-25 23:08:35] [Information] Currently connected to: HellsGate-5.0G
[2025-04-25 23:08:35] [Information] Already connected to preferred network: HellsGate-5.0G
[2025-04-25 23:08:35] [Information] Waiting 27 minutes before next check...
[2025-04-25 23:35:35] [Information] Currently connected to: HellsGate-5.0G
[2025-04-25 23:35:35] [Information] Already connected to preferred network: HellsGate-5.0G
[2025-04-25 23:35:35] [Information] Waiting 13 minutes before next check...
[2025-04-25 23:48:35] [Information] Currently connected to: HellsGate-5.0G
[2025-04-25 23:48:35] [Information] Already connected to preferred network: HellsGate-5.0G
[2025-04-25 23:48:35] [Information] Waiting 16 minutes before next check...
