[2025-04-10 00:19:01] [Information] Currently connected to: HellsGate-5.0G
[2025-04-10 00:19:01] [Information] Already connected to preferred network: HellsGate-5.0G
[2025-04-10 00:19:01] [Information] Waiting 27 minutes before next check...
[2025-04-10 00:46:01] [Information] Currently connected to: HellsGate-5.0G
[2025-04-10 00:46:01] [Information] Already connected to preferred network: HellsGate-5.0G
[2025-04-10 00:46:01] [Information] Waiting 21 minutes before next check...
[2025-04-10 01:07:01] [Information] Currently connected to: HellsGate-5.0G
[2025-04-10 01:07:01] [Information] Already connected to preferred network: HellsGate-5.0G
[2025-04-10 01:07:01] [Information] Waiting 24 minutes before next check...
[2025-04-10 01:31:01] [Information] Currently connected to: HellsGate-5.0G
[2025-04-10 01:31:01] [Information] Already connected to preferred network: HellsGate-5.0G
[2025-04-10 01:31:01] [Information] Waiting 20 minutes before next check...
[2025-04-10 01:51:01] [Information] Currently connected to: HellsGate-5.0G
[2025-04-10 01:51:01] [Information] Already connected to preferred network: HellsGate-5.0G
[2025-04-10 01:51:01] [Information] Waiting 16 minutes before next check...
[2025-04-10 02:07:01] [Information] Currently connected to: HellsGate-5.0G
[2025-04-10 02:07:01] [Information] Already connected to preferred network: HellsGate-5.0G
[2025-04-10 02:07:01] [Information] Waiting 26 minutes before next check...
[2025-04-10 02:33:01] [Information] Currently connected to: HellsGate-5.0G
[2025-04-10 02:33:01] [Information] Already connected to preferred network: HellsGate-5.0G
[2025-04-10 02:33:01] [Information] Waiting 12 minutes before next check...
[2025-04-10 02:45:01] [Information] Currently connected to: HellsGate-5.0G
[2025-04-10 02:45:01] [Information] Already connected to preferred network: HellsGate-5.0G
[2025-04-10 02:45:01] [Information] Waiting 13 minutes before next check...
[2025-04-10 02:58:01] [Information] Currently connected to: HellsGate-5.0G
[2025-04-10 02:58:01] [Information] Already connected to preferred network: HellsGate-5.0G
[2025-04-10 02:58:01] [Information] Waiting 24 minutes before next check...
[2025-04-10 03:22:01] [Information] Currently connected to: HellsGate-5.0G
[2025-04-10 03:22:01] [Information] Already connected to preferred network: HellsGate-5.0G
[2025-04-10 03:22:01] [Information] Waiting 14 minutes before next check...
[2025-04-10 03:36:01] [Information] Currently connected to: HellsGate-5.0G
[2025-04-10 03:36:01] [Information] Already connected to preferred network: HellsGate-5.0G
[2025-04-10 03:36:01] [Information] Waiting 28 minutes before next check...
[2025-04-10 04:04:01] [Information] Currently connected to: HellsGate-5.0G
[2025-04-10 04:04:01] [Information] Already connected to preferred network: HellsGate-5.0G
[2025-04-10 04:04:01] [Information] Waiting 24 minutes before next check...
[2025-04-10 04:28:01] [Information] Currently connected to: HellsGate-5.0G
[2025-04-10 04:28:01] [Information] Already connected to preferred network: HellsGate-5.0G
[2025-04-10 04:28:01] [Information] Waiting 23 minutes before next check...
[2025-04-10 04:51:01] [Information] Currently connected to: HellsGate-5.0G
[2025-04-10 04:51:01] [Information] Already connected to preferred network: HellsGate-5.0G
[2025-04-10 04:51:01] [Information] Waiting 16 minutes before next check...
[2025-04-10 05:07:02] [Information] Currently connected to: HellsGate-5.0G
[2025-04-10 05:07:02] [Information] Already connected to preferred network: HellsGate-5.0G
[2025-04-10 05:07:02] [Information] Waiting 24 minutes before next check...
[2025-04-10 05:31:02] [Information] Currently connected to: HellsGate-5.0G
[2025-04-10 05:31:02] [Information] Already connected to preferred network: HellsGate-5.0G
[2025-04-10 05:31:02] [Information] Waiting 22 minutes before next check...
[2025-04-10 05:53:02] [Information] Currently connected to: HellsGate-5.0G
[2025-04-10 05:53:02] [Information] Already connected to preferred network: HellsGate-5.0G
[2025-04-10 05:53:02] [Information] Waiting 14 minutes before next check...
[2025-04-10 06:07:02] [Information] Currently connected to: HellsGate-5.0G
[2025-04-10 06:07:02] [Information] Already connected to preferred network: HellsGate-5.0G
[2025-04-10 06:07:02] [Information] Waiting 21 minutes before next check...
[2025-04-10 06:28:02] [Information] Currently connected to: HellsGate-5.0G
[2025-04-10 06:28:02] [Information] Already connected to preferred network: HellsGate-5.0G
[2025-04-10 06:28:02] [Information] Waiting 13 minutes before next check...
[2025-04-10 06:41:10] [Information] Currently connected to: HellsGate-5.0G
[2025-04-10 06:41:10] [Information] Already connected to preferred network: HellsGate-5.0G
[2025-04-10 06:41:10] [Information] Waiting 23 minutes before next check...
[2025-04-10 07:04:10] [Information] Currently connected to: HellsGate-5.0G
[2025-04-10 07:04:10] [Information] Already connected to preferred network: HellsGate-5.0G
[2025-04-10 07:04:10] [Information] Waiting 23 minutes before next check...
[2025-04-10 07:27:10] [Information] Currently connected to: HellsGate-5.0G
[2025-04-10 07:27:10] [Information] Already connected to preferred network: HellsGate-5.0G
[2025-04-10 07:27:10] [Information] Waiting 11 minutes before next check...
[2025-04-10 07:38:11] [Information] Currently connected to: HellsGate-5.0G
[2025-04-10 07:38:11] [Information] Already connected to preferred network: HellsGate-5.0G
[2025-04-10 07:38:11] [Information] Waiting 14 minutes before next check...
[2025-04-10 07:52:11] [Information] Currently connected to: HellsGate-5.0G
[2025-04-10 07:52:11] [Information] Already connected to preferred network: HellsGate-5.0G
[2025-04-10 07:52:11] [Information] Waiting 12 minutes before next check...
[2025-04-10 08:04:11] [Information] Currently connected to: HellsGate-5.0G
[2025-04-10 08:04:11] [Information] Already connected to preferred network: HellsGate-5.0G
[2025-04-10 08:04:11] [Information] Waiting 15 minutes before next check...
[2025-04-10 08:19:11] [Information] Currently connected to: HellsGate-5.0G
[2025-04-10 08:19:11] [Information] Already connected to preferred network: HellsGate-5.0G
[2025-04-10 08:19:11] [Information] Waiting 12 minutes before next check...
[2025-04-10 08:31:11] [Information] Currently connected to: HellsGate-5.0G
[2025-04-10 08:31:11] [Information] Already connected to preferred network: HellsGate-5.0G
[2025-04-10 08:31:11] [Information] Waiting 22 minutes before next check...
[2025-04-10 08:53:11] [Information] Currently connected to: HellsGate-5.0G
[2025-04-10 08:53:11] [Information] Already connected to preferred network: HellsGate-5.0G
[2025-04-10 08:53:11] [Information] Waiting 26 minutes before next check...
[2025-04-10 09:19:11] [Information] Currently connected to: HellsGate-5.0G
[2025-04-10 09:19:11] [Information] Already connected to preferred network: HellsGate-5.0G
[2025-04-10 09:19:11] [Information] Waiting 10 minutes before next check...
[2025-04-10 09:29:11] [Information] Currently connected to: HellsGate-5.0G
[2025-04-10 09:29:11] [Information] Already connected to preferred network: HellsGate-5.0G
[2025-04-10 09:29:11] [Information] Waiting 22 minutes before next check...
[2025-04-10 09:51:11] [Information] Currently connected to: HellsGate-5.0G
[2025-04-10 09:51:11] [Information] Already connected to preferred network: HellsGate-5.0G
[2025-04-10 09:51:11] [Information] Waiting 16 minutes before next check...
[2025-04-10 10:07:11] [Information] Currently connected to: HellsGate-5.0G
[2025-04-10 10:07:11] [Information] Already connected to preferred network: HellsGate-5.0G
[2025-04-10 10:07:11] [Information] Waiting 28 minutes before next check...
[2025-04-10 10:35:11] [Information] Currently connected to: HellsGate-5.0G
[2025-04-10 10:35:11] [Information] Already connected to preferred network: HellsGate-5.0G
[2025-04-10 10:35:11] [Information] Waiting 28 minutes before next check...
[2025-04-10 11:03:11] [Information] Currently connected to: HellsGate-5.0G
[2025-04-10 11:03:11] [Information] Already connected to preferred network: HellsGate-5.0G
[2025-04-10 11:03:11] [Information] Waiting 21 minutes before next check...
[2025-04-10 11:24:11] [Information] Currently connected to: HellsGate-5.0G
[2025-04-10 11:24:12] [Information] Already connected to preferred network: HellsGate-5.0G
[2025-04-10 11:24:12] [Information] Waiting 20 minutes before next check...
[2025-04-10 11:44:12] [Information] Currently connected to: HellsGate-5.0G
[2025-04-10 11:44:12] [Information] Already connected to preferred network: HellsGate-5.0G
[2025-04-10 11:44:12] [Information] Waiting 25 minutes before next check...
[2025-04-10 12:09:12] [Information] Currently connected to: HellsGate-5.0G
[2025-04-10 12:09:12] [Information] Already connected to preferred network: HellsGate-5.0G
[2025-04-10 12:09:12] [Information] Waiting 20 minutes before next check...
[2025-04-10 12:29:12] [Information] Currently connected to: HellsGate-5.0G
[2025-04-10 12:29:12] [Information] Already connected to preferred network: HellsGate-5.0G
[2025-04-10 12:29:12] [Information] Waiting 21 minutes before next check...
[2025-04-10 12:50:12] [Information] Currently connected to: HellsGate-5.0G
[2025-04-10 12:50:12] [Information] Already connected to preferred network: HellsGate-5.0G
[2025-04-10 12:50:12] [Information] Waiting 14 minutes before next check...
[2025-04-10 13:04:12] [Information] Currently connected to: HellsGate-5.0G
[2025-04-10 13:04:12] [Information] Already connected to preferred network: HellsGate-5.0G
[2025-04-10 13:04:12] [Information] Waiting 22 minutes before next check...
[2025-04-10 13:26:12] [Information] Currently connected to: HellsGate-5.0G
[2025-04-10 13:26:12] [Information] Already connected to preferred network: HellsGate-5.0G
[2025-04-10 13:26:12] [Information] Waiting 16 minutes before next check...
[2025-04-10 13:42:12] [Information] Currently connected to: HellsGate-5.0G
[2025-04-10 13:42:12] [Information] Already connected to preferred network: HellsGate-5.0G
[2025-04-10 13:42:12] [Information] Waiting 22 minutes before next check...
[2025-04-10 14:04:12] [Warning] No current WiFi connection
[2025-04-10 14:04:12] [Information] Scanning for preferred networks...
[2025-04-10 14:04:12] [Information] Found 8 networks
[2025-04-10 14:04:12] [Information] Attempting to connect to HellsGate-5.0G
[2025-04-10 14:04:17] [Information] Currently connected to: HellsGate-5.0G
[2025-04-10 14:04:17] [Information] Successfully connected to HellsGate-5.0G
[2025-04-10 14:04:17] [Information] Waiting 11 minutes before next check...
[2025-04-10 14:15:17] [Information] Currently connected to: HellsGate-5.0G
[2025-04-10 14:15:17] [Information] Already connected to preferred network: HellsGate-5.0G
[2025-04-10 14:15:17] [Information] Waiting 20 minutes before next check...
[2025-04-10 14:35:17] [Information] Currently connected to: HellsGate-5.0G
[2025-04-10 14:35:17] [Information] Already connected to preferred network: HellsGate-5.0G
[2025-04-10 14:35:17] [Information] Waiting 17 minutes before next check...
[2025-04-10 14:52:18] [Information] Currently connected to: HellsGate-5.0G
[2025-04-10 14:52:18] [Information] Already connected to preferred network: HellsGate-5.0G
[2025-04-10 14:52:18] [Information] Waiting 25 minutes before next check...
[2025-04-10 15:17:18] [Information] Currently connected to: HellsGate-5.0G
[2025-04-10 15:17:18] [Information] Already connected to preferred network: HellsGate-5.0G
[2025-04-10 15:17:18] [Information] Waiting 18 minutes before next check...
[2025-04-10 15:35:18] [Information] Currently connected to: HellsGate-5.0G
[2025-04-10 15:35:18] [Information] Already connected to preferred network: HellsGate-5.0G
[2025-04-10 15:35:18] [Information] Waiting 22 minutes before next check...
[2025-04-10 15:57:18] [Information] Currently connected to: HellsGate-5.0G
[2025-04-10 15:57:18] [Information] Already connected to preferred network: HellsGate-5.0G
[2025-04-10 15:57:18] [Information] Waiting 26 minutes before next check...
[2025-04-10 16:23:18] [Information] Currently connected to: HellsGate-5.0G
[2025-04-10 16:23:18] [Information] Already connected to preferred network: HellsGate-5.0G
[2025-04-10 16:23:18] [Information] Waiting 25 minutes before next check...
[2025-04-10 16:48:18] [Information] Currently connected to: HellsGate-5.0G
[2025-04-10 16:48:18] [Information] Already connected to preferred network: HellsGate-5.0G
[2025-04-10 16:48:18] [Information] Waiting 27 minutes before next check...
[2025-04-10 17:15:18] [Information] Currently connected to: HellsGate-5.0G
[2025-04-10 17:15:18] [Information] Already connected to preferred network: HellsGate-5.0G
[2025-04-10 17:15:18] [Information] Waiting 14 minutes before next check...
[2025-04-10 17:29:18] [Information] Currently connected to: HellsGate-5.0G
[2025-04-10 17:29:18] [Information] Already connected to preferred network: HellsGate-5.0G
[2025-04-10 17:29:18] [Information] Waiting 21 minutes before next check...
[2025-04-10 17:50:18] [Information] Currently connected to: HellsGate-5.0G
[2025-04-10 17:50:18] [Information] Already connected to preferred network: HellsGate-5.0G
[2025-04-10 17:50:18] [Information] Waiting 10 minutes before next check...
[2025-04-10 18:00:18] [Information] Currently connected to: HellsGate-5.0G
[2025-04-10 18:00:18] [Information] Already connected to preferred network: HellsGate-5.0G
[2025-04-10 18:00:18] [Information] Waiting 28 minutes before next check...
[2025-04-10 18:28:18] [Information] Currently connected to: HellsGate-5.0G
[2025-04-10 18:28:18] [Information] Already connected to preferred network: HellsGate-5.0G
[2025-04-10 18:28:18] [Information] Waiting 13 minutes before next check...
[2025-04-10 18:41:18] [Information] Currently connected to: HellsGate-5.0G
[2025-04-10 18:41:18] [Information] Already connected to preferred network: HellsGate-5.0G
[2025-04-10 18:41:18] [Information] Waiting 17 minutes before next check...
[2025-04-10 18:58:18] [Information] Currently connected to: HellsGate-5.0G
[2025-04-10 18:58:18] [Information] Already connected to preferred network: HellsGate-5.0G
[2025-04-10 18:58:18] [Information] Waiting 20 minutes before next check...
[2025-04-10 19:18:18] [Information] Currently connected to: HellsGate-5.0G
[2025-04-10 19:18:19] [Information] Already connected to preferred network: HellsGate-5.0G
[2025-04-10 19:18:19] [Information] Waiting 29 minutes before next check...
[2025-04-10 19:47:19] [Information] Currently connected to: HellsGate-5.0G
[2025-04-10 19:47:19] [Information] Already connected to preferred network: HellsGate-5.0G
[2025-04-10 19:47:19] [Information] Waiting 12 minutes before next check...
[2025-04-10 19:59:19] [Information] Currently connected to: HellsGate-5.0G
[2025-04-10 19:59:19] [Information] Already connected to preferred network: HellsGate-5.0G
[2025-04-10 19:59:19] [Information] Waiting 14 minutes before next check...
[2025-04-10 20:13:19] [Information] Currently connected to: HellsGate-5.0G
[2025-04-10 20:13:19] [Information] Already connected to preferred network: HellsGate-5.0G
[2025-04-10 20:13:19] [Information] Waiting 18 minutes before next check...
[2025-04-10 20:31:19] [Information] Currently connected to: HellsGate-5.0G
[2025-04-10 20:31:19] [Information] Already connected to preferred network: HellsGate-5.0G
[2025-04-10 20:31:19] [Information] Waiting 29 minutes before next check...
[2025-04-10 21:00:19] [Information] Currently connected to: HellsGate-5.0G
[2025-04-10 21:00:19] [Information] Already connected to preferred network: HellsGate-5.0G
[2025-04-10 21:00:19] [Information] Waiting 16 minutes before next check...
[2025-04-10 21:16:19] [Information] Currently connected to: HellsGate-5.0G
[2025-04-10 21:16:19] [Information] Already connected to preferred network: HellsGate-5.0G
[2025-04-10 21:16:19] [Information] Waiting 29 minutes before next check...
[2025-04-10 21:45:19] [Information] Currently connected to: HellsGate-5.0G
[2025-04-10 21:45:19] [Information] Already connected to preferred network: HellsGate-5.0G
[2025-04-10 21:45:19] [Information] Waiting 23 minutes before next check...
[2025-04-10 22:08:19] [Information] Currently connected to: HellsGate-5.0G
[2025-04-10 22:08:19] [Information] Already connected to preferred network: HellsGate-5.0G
[2025-04-10 22:08:19] [Information] Waiting 26 minutes before next check...
[2025-04-10 22:34:19] [Information] Currently connected to: HellsGate-5.0G
[2025-04-10 22:34:19] [Information] Already connected to preferred network: HellsGate-5.0G
[2025-04-10 22:34:19] [Information] Waiting 17 minutes before next check...
[2025-04-10 22:51:19] [Information] Currently connected to: HellsGate-5.0G
[2025-04-10 22:51:19] [Information] Already connected to preferred network: HellsGate-5.0G
[2025-04-10 22:51:19] [Information] Waiting 17 minutes before next check...
[2025-04-10 23:08:19] [Information] Currently connected to: HellsGate-5.0G
[2025-04-10 23:08:19] [Information] Already connected to preferred network: HellsGate-5.0G
[2025-04-10 23:08:19] [Information] Waiting 24 minutes before next check...
[2025-04-10 23:32:19] [Information] Currently connected to: HellsGate-5.0G
[2025-04-10 23:32:19] [Information] Already connected to preferred network: HellsGate-5.0G
[2025-04-10 23:32:19] [Information] Waiting 26 minutes before next check...
[2025-04-10 23:58:20] [Information] Currently connected to: HellsGate-5.0G
[2025-04-10 23:58:20] [Information] Already connected to preferred network: HellsGate-5.0G
[2025-04-10 23:58:20] [Information] Waiting 28 minutes before next check...
