[2025-05-21 00:06:32] [Information] Currently connected to: HellsGate-5.0G
[2025-05-21 00:06:32] [Information] Already connected to preferred network: HellsGate-5.0G
[2025-05-21 00:06:32] [Information] Waiting 17 minutes before next check...
[2025-05-21 00:23:32] [Information] Currently connected to: HellsGate-5.0G
[2025-05-21 00:23:32] [Information] Already connected to preferred network: HellsGate-5.0G
[2025-05-21 00:23:32] [Information] Waiting 12 minutes before next check...
[2025-05-21 00:35:32] [Information] Currently connected to: HellsGate-5.0G
[2025-05-21 00:35:32] [Information] Already connected to preferred network: HellsGate-5.0G
[2025-05-21 00:35:32] [Information] Waiting 27 minutes before next check...
[2025-05-21 01:02:32] [Information] Currently connected to: HellsGate-5.0G
[2025-05-21 01:02:32] [Information] Already connected to preferred network: HellsGate-5.0G
[2025-05-21 01:02:32] [Information] Waiting 28 minutes before next check...
[2025-05-21 01:30:33] [Information] Currently connected to: HellsGate-5.0G
[2025-05-21 01:30:33] [Information] Already connected to preferred network: HellsGate-5.0G
[2025-05-21 01:30:33] [Information] Waiting 13 minutes before next check...
[2025-05-21 01:43:33] [Information] Currently connected to: HellsGate-5.0G
[2025-05-21 01:43:33] [Information] Already connected to preferred network: HellsGate-5.0G
[2025-05-21 01:43:33] [Information] Waiting 21 minutes before next check...
[2025-05-21 02:04:33] [Information] Currently connected to: HellsGate-5.0G
[2025-05-21 02:04:33] [Information] Already connected to preferred network: HellsGate-5.0G
[2025-05-21 02:04:33] [Information] Waiting 22 minutes before next check...
[2025-05-21 02:26:33] [Information] Currently connected to: HellsGate-5.0G
[2025-05-21 02:26:33] [Information] Already connected to preferred network: HellsGate-5.0G
[2025-05-21 02:26:33] [Information] Waiting 20 minutes before next check...
[2025-05-21 02:46:33] [Information] Currently connected to: HellsGate-5.0G
[2025-05-21 02:46:33] [Information] Already connected to preferred network: HellsGate-5.0G
[2025-05-21 02:46:33] [Information] Waiting 27 minutes before next check...
[2025-05-21 03:13:33] [Information] Currently connected to: HellsGate-5.0G
[2025-05-21 03:13:33] [Information] Already connected to preferred network: HellsGate-5.0G
[2025-05-21 03:13:33] [Information] Waiting 28 minutes before next check...
[2025-05-21 03:41:33] [Information] Currently connected to: HellsGate-5.0G
[2025-05-21 03:41:33] [Information] Already connected to preferred network: HellsGate-5.0G
[2025-05-21 03:41:33] [Information] Waiting 18 minutes before next check...
[2025-05-21 03:59:33] [Information] Currently connected to: HellsGate-5.0G
[2025-05-21 03:59:33] [Information] Already connected to preferred network: HellsGate-5.0G
[2025-05-21 03:59:33] [Information] Waiting 16 minutes before next check...
[2025-05-21 04:15:33] [Information] Currently connected to: HellsGate-5.0G
[2025-05-21 04:15:33] [Information] Already connected to preferred network: HellsGate-5.0G
[2025-05-21 04:15:33] [Information] Waiting 27 minutes before next check...
[2025-05-21 04:42:33] [Information] Currently connected to: HellsGate-5.0G
[2025-05-21 04:42:33] [Information] Already connected to preferred network: HellsGate-5.0G
[2025-05-21 04:42:33] [Information] Waiting 23 minutes before next check...
[2025-05-21 05:05:33] [Information] Currently connected to: HellsGate-5.0G
[2025-05-21 05:05:33] [Information] Already connected to preferred network: HellsGate-5.0G
[2025-05-21 05:05:33] [Information] Waiting 15 minutes before next check...
[2025-05-21 05:20:33] [Information] Currently connected to: HellsGate-5.0G
[2025-05-21 05:20:33] [Information] Already connected to preferred network: HellsGate-5.0G
[2025-05-21 05:20:33] [Information] Waiting 20 minutes before next check...
[2025-05-21 05:40:33] [Information] Currently connected to: HellsGate-5.0G
[2025-05-21 05:40:33] [Information] Already connected to preferred network: HellsGate-5.0G
[2025-05-21 05:40:33] [Information] Waiting 14 minutes before next check...
[2025-05-21 05:54:34] [Information] Currently connected to: HellsGate-5.0G
[2025-05-21 05:54:34] [Information] Already connected to preferred network: HellsGate-5.0G
[2025-05-21 05:54:34] [Information] Waiting 19 minutes before next check...
[2025-05-21 06:13:34] [Information] Currently connected to: HellsGate-5.0G
[2025-05-21 06:13:34] [Information] Already connected to preferred network: HellsGate-5.0G
[2025-05-21 06:13:34] [Information] Waiting 13 minutes before next check...
[2025-05-21 06:26:34] [Information] Currently connected to: HellsGate-5.0G
[2025-05-21 06:26:34] [Information] Already connected to preferred network: HellsGate-5.0G
[2025-05-21 06:26:34] [Information] Waiting 12 minutes before next check...
[2025-05-21 06:38:37] [Information] Currently connected to: HellsGate-5.0G
[2025-05-21 06:38:37] [Information] Already connected to preferred network: HellsGate-5.0G
[2025-05-21 06:38:37] [Information] Waiting 25 minutes before next check...
[2025-05-21 07:03:37] [Information] Currently connected to: HellsGate-5.0G
[2025-05-21 07:03:37] [Information] Already connected to preferred network: HellsGate-5.0G
[2025-05-21 07:03:37] [Information] Waiting 24 minutes before next check...
[2025-05-21 07:27:37] [Information] Currently connected to: HellsGate-5.0G
[2025-05-21 07:27:37] [Information] Already connected to preferred network: HellsGate-5.0G
[2025-05-21 07:27:37] [Information] Waiting 20 minutes before next check...
[2025-05-21 07:47:37] [Information] Currently connected to: HellsGate-5.0G
[2025-05-21 07:47:37] [Information] Already connected to preferred network: HellsGate-5.0G
[2025-05-21 07:47:37] [Information] Waiting 27 minutes before next check...
[2025-05-21 08:14:37] [Information] Currently connected to: HellsGate-5.0G
[2025-05-21 08:14:37] [Information] Already connected to preferred network: HellsGate-5.0G
[2025-05-21 08:14:37] [Information] Waiting 15 minutes before next check...
[2025-05-21 08:29:37] [Information] Currently connected to: HellsGate-5.0G
[2025-05-21 08:29:37] [Information] Already connected to preferred network: HellsGate-5.0G
[2025-05-21 08:29:37] [Information] Waiting 21 minutes before next check...
[2025-05-21 08:50:38] [Information] Currently connected to: HellsGate-5.0G
[2025-05-21 08:50:38] [Information] Already connected to preferred network: HellsGate-5.0G
[2025-05-21 08:50:38] [Information] Waiting 14 minutes before next check...
[2025-05-21 09:04:38] [Information] Currently connected to: HellsGate-5.0G
[2025-05-21 09:04:38] [Information] Already connected to preferred network: HellsGate-5.0G
[2025-05-21 09:04:38] [Information] Waiting 13 minutes before next check...
[2025-05-21 09:17:38] [Information] Currently connected to: HellsGate-5.0G
[2025-05-21 09:17:38] [Information] Already connected to preferred network: HellsGate-5.0G
[2025-05-21 09:17:38] [Information] Waiting 27 minutes before next check...
[2025-05-21 09:44:38] [Information] Currently connected to: HellsGate-5.0G
[2025-05-21 09:44:38] [Information] Already connected to preferred network: HellsGate-5.0G
[2025-05-21 09:44:38] [Information] Waiting 18 minutes before next check...
[2025-05-21 10:02:38] [Information] Currently connected to: HellsGate-5.0G
[2025-05-21 10:02:38] [Information] Already connected to preferred network: HellsGate-5.0G
[2025-05-21 10:02:38] [Information] Waiting 11 minutes before next check...
[2025-05-21 10:13:38] [Information] Currently connected to: HellsGate-5.0G
[2025-05-21 10:13:38] [Information] Already connected to preferred network: HellsGate-5.0G
[2025-05-21 10:13:38] [Information] Waiting 24 minutes before next check...
[2025-05-21 10:37:38] [Information] Currently connected to: HellsGate-5.0G
[2025-05-21 10:37:38] [Information] Already connected to preferred network: HellsGate-5.0G
[2025-05-21 10:37:38] [Information] Waiting 11 minutes before next check...
[2025-05-21 10:48:38] [Information] Currently connected to: HellsGate-5.0G
[2025-05-21 10:48:38] [Information] Already connected to preferred network: HellsGate-5.0G
[2025-05-21 10:48:38] [Information] Waiting 21 minutes before next check...
[2025-05-21 11:09:38] [Information] Currently connected to: HellsGate-5.0G
[2025-05-21 11:09:38] [Information] Already connected to preferred network: HellsGate-5.0G
[2025-05-21 11:09:38] [Information] Waiting 14 minutes before next check...
[2025-05-21 11:23:38] [Information] Currently connected to: HellsGate-5.0G
[2025-05-21 11:23:38] [Information] Already connected to preferred network: HellsGate-5.0G
[2025-05-21 11:23:38] [Information] Waiting 24 minutes before next check...
[2025-05-21 11:47:38] [Information] Currently connected to: HellsGate-5.0G
[2025-05-21 11:47:38] [Information] Already connected to preferred network: HellsGate-5.0G
[2025-05-21 11:47:38] [Information] Waiting 13 minutes before next check...
[2025-05-21 12:00:38] [Information] Currently connected to: HellsGate-5.0G
[2025-05-21 12:00:38] [Information] Already connected to preferred network: HellsGate-5.0G
[2025-05-21 12:00:38] [Information] Waiting 29 minutes before next check...
[2025-05-21 12:29:38] [Information] Currently connected to: HellsGate-5.0G
[2025-05-21 12:29:38] [Information] Already connected to preferred network: HellsGate-5.0G
[2025-05-21 12:29:38] [Information] Waiting 11 minutes before next check...
[2025-05-21 12:40:38] [Information] Currently connected to: HellsGate-5.0G
[2025-05-21 12:40:38] [Information] Already connected to preferred network: HellsGate-5.0G
[2025-05-21 12:40:39] [Information] Waiting 17 minutes before next check...
[2025-05-21 12:57:39] [Information] Currently connected to: HellsGate-5.0G
[2025-05-21 12:57:39] [Information] Already connected to preferred network: HellsGate-5.0G
[2025-05-21 12:57:39] [Information] Waiting 13 minutes before next check...
[2025-05-21 13:10:39] [Information] Currently connected to: HellsGate-5.0G
[2025-05-21 13:10:39] [Information] Already connected to preferred network: HellsGate-5.0G
[2025-05-21 13:10:39] [Information] Waiting 10 minutes before next check...
[2025-05-21 13:20:39] [Information] Currently connected to: HellsGate-5.0G
[2025-05-21 13:20:39] [Information] Already connected to preferred network: HellsGate-5.0G
[2025-05-21 13:20:39] [Information] Waiting 25 minutes before next check...
[2025-05-21 13:45:39] [Information] Currently connected to: HellsGate-5.0G
[2025-05-21 13:45:39] [Information] Already connected to preferred network: HellsGate-5.0G
[2025-05-21 13:45:39] [Information] Waiting 19 minutes before next check...
[2025-05-21 14:04:39] [Information] Currently connected to: HellsGate-5.0G
[2025-05-21 14:04:39] [Information] Already connected to preferred network: HellsGate-5.0G
[2025-05-21 14:04:39] [Information] Waiting 23 minutes before next check...
[2025-05-21 14:27:39] [Information] Currently connected to: HellsGate-5.0G
[2025-05-21 14:27:39] [Information] Already connected to preferred network: HellsGate-5.0G
[2025-05-21 14:27:39] [Information] Waiting 17 minutes before next check...
[2025-05-21 14:44:39] [Information] Currently connected to: HellsGate-5.0G
[2025-05-21 14:44:39] [Information] Already connected to preferred network: HellsGate-5.0G
[2025-05-21 14:44:39] [Information] Waiting 22 minutes before next check...
[2025-05-21 15:06:39] [Information] Currently connected to: HellsGate-5.0G
[2025-05-21 15:06:39] [Information] Already connected to preferred network: HellsGate-5.0G
[2025-05-21 15:06:39] [Information] Waiting 10 minutes before next check...
[2025-05-21 15:16:39] [Information] Currently connected to: HellsGate-5.0G
[2025-05-21 15:16:39] [Information] Already connected to preferred network: HellsGate-5.0G
[2025-05-21 15:16:39] [Information] Waiting 19 minutes before next check...
[2025-05-21 15:35:39] [Information] Currently connected to: HellsGate-5.0G
[2025-05-21 15:35:39] [Information] Already connected to preferred network: HellsGate-5.0G
[2025-05-21 15:35:39] [Information] Waiting 25 minutes before next check...
[2025-05-21 16:00:39] [Information] Currently connected to: HellsGate-5.0G
[2025-05-21 16:00:39] [Information] Already connected to preferred network: HellsGate-5.0G
[2025-05-21 16:00:39] [Information] Waiting 17 minutes before next check...
[2025-05-21 16:17:39] [Information] Currently connected to: HellsGate-5.0G
[2025-05-21 16:17:39] [Information] Already connected to preferred network: HellsGate-5.0G
[2025-05-21 16:17:39] [Information] Waiting 23 minutes before next check...
[2025-05-21 16:40:39] [Information] Currently connected to: HellsGate-5.0G
[2025-05-21 16:40:39] [Information] Already connected to preferred network: HellsGate-5.0G
[2025-05-21 16:40:39] [Information] Waiting 27 minutes before next check...
[2025-05-21 17:07:40] [Information] Currently connected to: HellsGate-5.0G
[2025-05-21 17:07:40] [Information] Already connected to preferred network: HellsGate-5.0G
[2025-05-21 17:07:40] [Information] Waiting 15 minutes before next check...
[2025-05-21 17:22:40] [Information] Currently connected to: HellsGate-5.0G
[2025-05-21 17:22:40] [Information] Already connected to preferred network: HellsGate-5.0G
[2025-05-21 17:22:40] [Information] Waiting 17 minutes before next check...
[2025-05-21 17:39:40] [Information] Currently connected to: HellsGate-5.0G
[2025-05-21 17:39:40] [Information] Already connected to preferred network: HellsGate-5.0G
[2025-05-21 17:39:40] [Information] Waiting 28 minutes before next check...
[2025-05-21 18:07:40] [Information] Currently connected to: HellsGate-5.0G
[2025-05-21 18:07:40] [Information] Already connected to preferred network: HellsGate-5.0G
[2025-05-21 18:07:40] [Information] Waiting 21 minutes before next check...
[2025-05-21 18:28:40] [Information] Currently connected to: HellsGate-5.0G
[2025-05-21 18:28:40] [Information] Already connected to preferred network: HellsGate-5.0G
[2025-05-21 18:28:40] [Information] Waiting 18 minutes before next check...
[2025-05-21 18:46:40] [Information] Currently connected to: HellsGate-5.0G
[2025-05-21 18:46:40] [Information] Already connected to preferred network: HellsGate-5.0G
[2025-05-21 18:46:40] [Information] Waiting 11 minutes before next check...
[2025-05-21 18:57:40] [Information] Currently connected to: HellsGate-5.0G
[2025-05-21 18:57:40] [Information] Already connected to preferred network: HellsGate-5.0G
[2025-05-21 18:57:40] [Information] Waiting 11 minutes before next check...
[2025-05-21 19:08:40] [Information] Currently connected to: HellsGate-5.0G
[2025-05-21 19:08:40] [Information] Already connected to preferred network: HellsGate-5.0G
[2025-05-21 19:08:40] [Information] Waiting 17 minutes before next check...
[2025-05-21 19:25:40] [Information] Currently connected to: HellsGate-5.0G
[2025-05-21 19:25:40] [Information] Already connected to preferred network: HellsGate-5.0G
[2025-05-21 19:25:40] [Information] Waiting 23 minutes before next check...
[2025-05-21 19:48:40] [Information] Currently connected to: HellsGate-5.0G
[2025-05-21 19:48:40] [Information] Already connected to preferred network: HellsGate-5.0G
[2025-05-21 19:48:40] [Information] Waiting 21 minutes before next check...
[2025-05-21 20:09:40] [Information] Currently connected to: HellsGate-5.0G
[2025-05-21 20:09:40] [Information] Already connected to preferred network: HellsGate-5.0G
[2025-05-21 20:09:40] [Information] Waiting 26 minutes before next check...
[2025-05-21 20:35:40] [Information] Currently connected to: HellsGate-5.0G
[2025-05-21 20:35:40] [Information] Already connected to preferred network: HellsGate-5.0G
[2025-05-21 20:35:40] [Information] Waiting 17 minutes before next check...
[2025-05-21 20:52:40] [Information] Currently connected to: HellsGate-5.0G
[2025-05-21 20:52:40] [Information] Already connected to preferred network: HellsGate-5.0G
[2025-05-21 20:52:40] [Information] Waiting 21 minutes before next check...
[2025-05-21 21:13:41] [Information] Currently connected to: HellsGate-5.0G
[2025-05-21 21:13:41] [Information] Already connected to preferred network: HellsGate-5.0G
[2025-05-21 21:13:41] [Information] Waiting 28 minutes before next check...
[2025-05-21 21:41:41] [Information] Currently connected to: HellsGate-5.0G
[2025-05-21 21:41:41] [Information] Already connected to preferred network: HellsGate-5.0G
[2025-05-21 21:41:41] [Information] Waiting 21 minutes before next check...
[2025-05-21 22:02:41] [Information] Currently connected to: HellsGate-5.0G
[2025-05-21 22:02:41] [Information] Already connected to preferred network: HellsGate-5.0G
[2025-05-21 22:02:41] [Information] Waiting 25 minutes before next check...
[2025-05-21 22:27:41] [Information] Currently connected to: Nyati_CPEPro2_2.4G
[2025-05-21 22:27:41] [Information] Already connected to preferred network: Nyati_CPEPro2_2.4G
[2025-05-21 22:27:41] [Information] Waiting 11 minutes before next check...
[2025-05-21 22:38:41] [Information] Currently connected to: Nyati_CPEPro2_2.4G
[2025-05-21 22:38:41] [Information] Already connected to preferred network: Nyati_CPEPro2_2.4G
[2025-05-21 22:38:41] [Information] Waiting 26 minutes before next check...
[2025-05-21 23:04:41] [Information] Currently connected to: Nyati_CPEPro2_2.4G
[2025-05-21 23:04:41] [Information] Already connected to preferred network: Nyati_CPEPro2_2.4G
[2025-05-21 23:04:41] [Information] Waiting 16 minutes before next check...
[2025-05-21 23:20:41] [Information] Currently connected to: Nyati_CPEPro2_2.4G
[2025-05-21 23:20:41] [Information] Already connected to preferred network: Nyati_CPEPro2_2.4G
[2025-05-21 23:20:41] [Information] Waiting 21 minutes before next check...
[2025-05-21 23:41:41] [Information] Currently connected to: Nyati_CPEPro2_2.4G
[2025-05-21 23:41:41] [Information] Already connected to preferred network: Nyati_CPEPro2_2.4G
[2025-05-21 23:41:41] [Information] Waiting 14 minutes before next check...
[2025-05-21 23:55:41] [Information] Currently connected to: Nyati_CPEPro2_2.4G
[2025-05-21 23:55:41] [Information] Already connected to preferred network: Nyati_CPEPro2_2.4G
[2025-05-21 23:55:41] [Information] Waiting 23 minutes before next check...
