[2025-02-22 04:15:51] [Information] Successfully registered scheduled task
[2025-02-22 04:15:52] [Information] WiFi connection manager started
[2025-02-22 04:15:54] [Warning] No current WiFi connection
[2025-02-22 04:15:54] [Information] Scanning for preferred networks...
[2025-02-22 04:15:54] [Information] Found 6 networks
[2025-02-22 04:15:54] [Information] Attempting to connect to HellsGate-5.0G
[2025-02-22 04:15:59] [Information] Currently connected to: HellsGate-5.0G
[2025-02-22 04:15:59] [Information] Successfully connected to HellsGate-5.0G
[2025-02-22 04:15:59] [Information] Waiting 26 minutes before next check...
[2025-02-22 04:41:59] [Information] Currently connected to: HellsGate-5.0G
[2025-02-22 04:41:59] [Information] Already connected to preferred network: HellsGate-5.0G
[2025-02-22 04:41:59] [Information] Waiting 28 minutes before next check...
[2025-02-22 05:09:59] [Information] Currently connected to: HellsGate-5.0G
[2025-02-22 05:09:59] [Information] Already connected to preferred network: HellsGate-5.0G
[2025-02-22 05:09:59] [Information] Waiting 24 minutes before next check...
[2025-02-22 05:33:59] [Information] Currently connected to: HellsGate-5.0G
[2025-02-22 05:33:59] [Information] Already connected to preferred network: HellsGate-5.0G
[2025-02-22 05:33:59] [Information] Waiting 16 minutes before next check...
[2025-02-22 05:49:59] [Information] Currently connected to: HellsGate-5.0G
[2025-02-22 05:49:59] [Information] Already connected to preferred network: HellsGate-5.0G
[2025-02-22 05:49:59] [Information] Waiting 29 minutes before next check...
[2025-02-22 06:18:59] [Information] Currently connected to: HellsGate-5.0G
[2025-02-22 06:18:59] [Information] Already connected to preferred network: HellsGate-5.0G
[2025-02-22 06:18:59] [Information] Waiting 17 minutes before next check...
[2025-02-22 06:35:59] [Information] Currently connected to: HellsGate-5.0G
[2025-02-22 06:35:59] [Information] Already connected to preferred network: HellsGate-5.0G
[2025-02-22 06:35:59] [Information] Waiting 16 minutes before next check...
[2025-02-22 06:51:59] [Information] Currently connected to: HellsGate-5.0G
[2025-02-22 06:51:59] [Information] Already connected to preferred network: HellsGate-5.0G
[2025-02-22 06:51:59] [Information] Waiting 13 minutes before next check...
[2025-02-22 07:05:00] [Information] Currently connected to: HellsGate-5.0G
[2025-02-22 07:05:00] [Information] Already connected to preferred network: HellsGate-5.0G
[2025-02-22 07:05:00] [Information] Waiting 26 minutes before next check...
[2025-02-22 07:31:00] [Information] Currently connected to: HellsGate-5.0G
[2025-02-22 07:31:00] [Information] Already connected to preferred network: HellsGate-5.0G
[2025-02-22 07:31:00] [Information] Waiting 25 minutes before next check...
[2025-02-22 07:56:00] [Information] Currently connected to: HellsGate-5.0G
[2025-02-22 07:56:00] [Information] Already connected to preferred network: HellsGate-5.0G
[2025-02-22 07:56:00] [Information] Waiting 27 minutes before next check...
[2025-02-22 08:23:00] [Information] Currently connected to: HellsGate-5.0G
[2025-02-22 08:23:00] [Information] Already connected to preferred network: HellsGate-5.0G
[2025-02-22 08:23:00] [Information] Waiting 20 minutes before next check...
[2025-02-22 08:43:00] [Information] Currently connected to: HellsGate-5.0G
[2025-02-22 08:43:00] [Information] Already connected to preferred network: HellsGate-5.0G
[2025-02-22 08:43:00] [Information] Waiting 18 minutes before next check...
[2025-02-22 09:01:00] [Information] Currently connected to: HellsGate-5.0G
[2025-02-22 09:01:00] [Information] Already connected to preferred network: HellsGate-5.0G
[2025-02-22 09:01:00] [Information] Waiting 29 minutes before next check...
[2025-02-22 09:30:00] [Information] Currently connected to: HellsGate-5.0G
[2025-02-22 09:30:00] [Information] Already connected to preferred network: HellsGate-5.0G
[2025-02-22 09:30:00] [Information] Waiting 14 minutes before next check...
[2025-02-22 09:44:00] [Information] Currently connected to: HellsGate-5.0G
[2025-02-22 09:44:00] [Information] Already connected to preferred network: HellsGate-5.0G
[2025-02-22 09:44:00] [Information] Waiting 15 minutes before next check...
[2025-02-22 09:59:00] [Information] Currently connected to: HellsGate-5.0G
[2025-02-22 09:59:00] [Information] Already connected to preferred network: HellsGate-5.0G
[2025-02-22 09:59:00] [Information] Waiting 13 minutes before next check...
[2025-02-22 10:12:00] [Information] Currently connected to: HellsGate-5.0G
[2025-02-22 10:12:00] [Information] Already connected to preferred network: HellsGate-5.0G
[2025-02-22 10:12:00] [Information] Waiting 23 minutes before next check...
[2025-02-22 10:35:00] [Information] Currently connected to: HellsGate-5.0G
[2025-02-22 10:35:00] [Information] Already connected to preferred network: HellsGate-5.0G
[2025-02-22 10:35:00] [Information] Waiting 19 minutes before next check...
[2025-02-22 10:54:00] [Information] Currently connected to: HellsGate-5.0G
[2025-02-22 10:54:00] [Information] Already connected to preferred network: HellsGate-5.0G
[2025-02-22 10:54:00] [Information] Waiting 10 minutes before next check...
[2025-02-22 11:04:00] [Information] Currently connected to: HellsGate-5.0G
[2025-02-22 11:04:00] [Information] Already connected to preferred network: HellsGate-5.0G
[2025-02-22 11:04:00] [Information] Waiting 15 minutes before next check...
[2025-02-22 11:19:01] [Information] Currently connected to: HellsGate-5.0G
[2025-02-22 11:19:01] [Information] Already connected to preferred network: HellsGate-5.0G
[2025-02-22 11:19:01] [Information] Waiting 10 minutes before next check...
[2025-02-22 11:29:01] [Information] Currently connected to: HellsGate-5.0G
[2025-02-22 11:29:01] [Information] Already connected to preferred network: HellsGate-5.0G
[2025-02-22 11:29:01] [Information] Waiting 10 minutes before next check...
[2025-02-22 11:39:01] [Information] Currently connected to: HellsGate-5.0G
[2025-02-22 11:39:01] [Information] Already connected to preferred network: HellsGate-5.0G
[2025-02-22 11:39:01] [Information] Waiting 10 minutes before next check...
[2025-02-22 11:49:01] [Information] Currently connected to: HellsGate-5.0G
[2025-02-22 11:49:01] [Information] Already connected to preferred network: HellsGate-5.0G
[2025-02-22 11:49:01] [Information] Waiting 11 minutes before next check...
[2025-02-22 12:00:01] [Information] Currently connected to: HellsGate-5.0G
[2025-02-22 12:00:01] [Information] Already connected to preferred network: HellsGate-5.0G
[2025-02-22 12:00:01] [Information] Waiting 10 minutes before next check...
[2025-02-22 12:10:01] [Information] Currently connected to: HellsGate-5.0G
[2025-02-22 12:10:01] [Information] Already connected to preferred network: HellsGate-5.0G
[2025-02-22 12:10:01] [Information] Waiting 25 minutes before next check...
[2025-02-22 12:35:01] [Information] Currently connected to: HellsGate-5.0G
[2025-02-22 12:35:01] [Information] Already connected to preferred network: HellsGate-5.0G
[2025-02-22 12:35:01] [Information] Waiting 25 minutes before next check...
[2025-02-22 13:00:01] [Information] Currently connected to: HellsGate-5.0G
[2025-02-22 13:00:01] [Information] Already connected to preferred network: HellsGate-5.0G
[2025-02-22 13:00:01] [Information] Waiting 27 minutes before next check...
[2025-02-22 13:27:01] [Information] Currently connected to: HellsGate-5.0G
[2025-02-22 13:27:01] [Information] Already connected to preferred network: HellsGate-5.0G
[2025-02-22 13:27:01] [Information] Waiting 27 minutes before next check...
[2025-02-22 13:54:01] [Information] Currently connected to: HellsGate-5.0G
[2025-02-22 13:54:01] [Information] Already connected to preferred network: HellsGate-5.0G
[2025-02-22 13:54:01] [Information] Waiting 19 minutes before next check...
[2025-02-22 14:13:01] [Information] Currently connected to: HellsGate-5.0G
[2025-02-22 14:13:01] [Information] Already connected to preferred network: HellsGate-5.0G
[2025-02-22 14:13:01] [Information] Waiting 23 minutes before next check...
[2025-02-22 14:36:01] [Information] Currently connected to: HellsGate-5.0G
[2025-02-22 14:36:01] [Information] Already connected to preferred network: HellsGate-5.0G
[2025-02-22 14:36:01] [Information] Waiting 13 minutes before next check...
[2025-02-22 14:49:01] [Information] Currently connected to: HellsGate-5.0G
[2025-02-22 14:49:01] [Information] Already connected to preferred network: HellsGate-5.0G
[2025-02-22 14:49:01] [Information] Waiting 27 minutes before next check...
[2025-02-22 15:16:02] [Information] Currently connected to: HellsGate-5.0G
[2025-02-22 15:16:02] [Information] Already connected to preferred network: HellsGate-5.0G
[2025-02-22 15:16:02] [Information] Waiting 28 minutes before next check...
[2025-02-22 15:44:02] [Information] Currently connected to: HellsGate-5.0G
[2025-02-22 15:44:02] [Information] Already connected to preferred network: HellsGate-5.0G
[2025-02-22 15:44:02] [Information] Waiting 16 minutes before next check...
[2025-02-22 16:00:02] [Information] Currently connected to: HellsGate-5.0G
[2025-02-22 16:00:02] [Information] Already connected to preferred network: HellsGate-5.0G
[2025-02-22 16:00:02] [Information] Waiting 24 minutes before next check...
[2025-02-22 16:24:02] [Information] Currently connected to: HellsGate-5.0G
[2025-02-22 16:24:02] [Information] Already connected to preferred network: HellsGate-5.0G
[2025-02-22 16:24:02] [Information] Waiting 26 minutes before next check...
[2025-02-22 16:50:02] [Information] Currently connected to: HellsGate-5.0G
[2025-02-22 16:50:02] [Information] Already connected to preferred network: HellsGate-5.0G
[2025-02-22 16:50:02] [Information] Waiting 10 minutes before next check...
[2025-02-22 17:00:02] [Information] Currently connected to: HellsGate-5.0G
[2025-02-22 17:00:02] [Information] Already connected to preferred network: HellsGate-5.0G
[2025-02-22 17:00:02] [Information] Waiting 19 minutes before next check...
[2025-02-22 17:19:02] [Information] Currently connected to: HellsGate-5.0G
[2025-02-22 17:19:02] [Information] Already connected to preferred network: HellsGate-5.0G
[2025-02-22 17:19:02] [Information] Waiting 22 minutes before next check...
[2025-02-22 17:41:02] [Information] Currently connected to: HellsGate-5.0G
[2025-02-22 17:41:02] [Information] Already connected to preferred network: HellsGate-5.0G
[2025-02-22 17:41:02] [Information] Waiting 22 minutes before next check...
[2025-02-22 18:03:02] [Information] Currently connected to: HellsGate-5.0G
[2025-02-22 18:03:02] [Information] Already connected to preferred network: HellsGate-5.0G
[2025-02-22 18:03:02] [Information] Waiting 10 minutes before next check...
[2025-02-22 18:13:02] [Information] Currently connected to: HellsGate-5.0G
[2025-02-22 18:13:02] [Information] Already connected to preferred network: HellsGate-5.0G
[2025-02-22 18:13:02] [Information] Waiting 25 minutes before next check...
[2025-02-22 18:38:02] [Information] Currently connected to: HellsGate-5.0G
[2025-02-22 18:38:02] [Information] Already connected to preferred network: HellsGate-5.0G
[2025-02-22 18:38:02] [Information] Waiting 10 minutes before next check...
[2025-02-22 18:48:02] [Information] Currently connected to: HellsGate-5.0G
[2025-02-22 18:48:02] [Information] Already connected to preferred network: HellsGate-5.0G
[2025-02-22 18:48:02] [Information] Waiting 15 minutes before next check...
[2025-02-22 19:03:02] [Information] Currently connected to: HellsGate-5.0G
[2025-02-22 19:03:02] [Information] Already connected to preferred network: HellsGate-5.0G
[2025-02-22 19:03:02] [Information] Waiting 25 minutes before next check...
[2025-02-22 19:28:02] [Information] Currently connected to: HellsGate-5.0G
[2025-02-22 19:28:02] [Information] Already connected to preferred network: HellsGate-5.0G
[2025-02-22 19:28:02] [Information] Waiting 10 minutes before next check...
[2025-02-22 19:38:03] [Information] Currently connected to: HellsGate-5.0G
[2025-02-22 19:38:03] [Information] Already connected to preferred network: HellsGate-5.0G
[2025-02-22 19:38:03] [Information] Waiting 28 minutes before next check...
[2025-02-22 20:06:03] [Information] Currently connected to: HellsGate-5.0G
[2025-02-22 20:06:03] [Information] Already connected to preferred network: HellsGate-5.0G
[2025-02-22 20:06:03] [Information] Waiting 13 minutes before next check...
[2025-02-22 20:19:03] [Information] Currently connected to: HellsGate-5.0G
[2025-02-22 20:19:03] [Information] Already connected to preferred network: HellsGate-5.0G
[2025-02-22 20:19:03] [Information] Waiting 10 minutes before next check...
[2025-02-22 20:29:03] [Information] Currently connected to: HellsGate-5.0G
[2025-02-22 20:29:03] [Information] Already connected to preferred network: HellsGate-5.0G
[2025-02-22 20:29:03] [Information] Waiting 29 minutes before next check...
[2025-02-22 20:58:03] [Information] Currently connected to: HellsGate-5.0G
[2025-02-22 20:58:03] [Information] Already connected to preferred network: HellsGate-5.0G
[2025-02-22 20:58:03] [Information] Waiting 23 minutes before next check...
[2025-02-22 21:21:03] [Information] Currently connected to: HellsGate-5.0G
[2025-02-22 21:21:03] [Information] Already connected to preferred network: HellsGate-5.0G
[2025-02-22 21:21:03] [Information] Waiting 29 minutes before next check...
[2025-02-22 21:50:03] [Information] Currently connected to: HellsGate-5.0G
[2025-02-22 21:50:03] [Information] Already connected to preferred network: HellsGate-5.0G
[2025-02-22 21:50:03] [Information] Waiting 17 minutes before next check...
[2025-02-22 22:07:03] [Information] Currently connected to: HellsGate-5.0G
[2025-02-22 22:07:03] [Information] Already connected to preferred network: HellsGate-5.0G
[2025-02-22 22:07:03] [Information] Waiting 26 minutes before next check...
[2025-02-22 22:33:03] [Information] Currently connected to: HellsGate-5.0G
[2025-02-22 22:33:03] [Information] Already connected to preferred network: HellsGate-5.0G
[2025-02-22 22:33:03] [Information] Waiting 27 minutes before next check...
[2025-02-22 23:00:03] [Information] Currently connected to: HellsGate-5.0G
[2025-02-22 23:00:03] [Information] Already connected to preferred network: HellsGate-5.0G
[2025-02-22 23:00:03] [Information] Waiting 23 minutes before next check...
[2025-02-22 23:23:03] [Information] Currently connected to: HellsGate-5.0G
[2025-02-22 23:23:03] [Information] Already connected to preferred network: HellsGate-5.0G
[2025-02-22 23:23:03] [Information] Waiting 15 minutes before next check...
[2025-02-22 23:38:03] [Information] Currently connected to: HellsGate-5.0G
[2025-02-22 23:38:03] [Information] Already connected to preferred network: HellsGate-5.0G
[2025-02-22 23:38:03] [Information] Waiting 13 minutes before next check...
[2025-02-22 23:51:03] [Information] Currently connected to: HellsGate-5.0G
[2025-02-22 23:51:03] [Information] Already connected to preferred network: HellsGate-5.0G
[2025-02-22 23:51:03] [Information] Waiting 15 minutes before next check...
