[2025-01-10 00:04:57] [Information] Currently connected to: Nyati_CPEPro2_5G
[2025-01-10 00:04:57] [Information] Already connected to preferred network: Nyati_CPEPro2_5G
[2025-01-10 00:04:57] [Information] Waiting 25 minutes before next check...
[2025-01-10 00:29:57] [Information] Currently connected to: Nyati_CPEPro2_5G
[2025-01-10 00:29:57] [Information] Already connected to preferred network: Nyati_CPEPro2_5G
[2025-01-10 00:29:57] [Information] Waiting 10 minutes before next check...
[2025-01-10 00:39:57] [Information] Currently connected to: Nyati_CPEPro2_5G
[2025-01-10 00:39:57] [Information] Already connected to preferred network: Nyati_CPEPro2_5G
[2025-01-10 00:39:57] [Information] Waiting 17 minutes before next check...
[2025-01-10 00:56:57] [Information] Currently connected to: Nyati_CPEPro2_5G
[2025-01-10 00:56:57] [Information] Already connected to preferred network: Nyati_CPEPro2_5G
[2025-01-10 00:56:57] [Information] Waiting 23 minutes before next check...
[2025-01-10 01:19:57] [Information] Currently connected to: Nyati_CPEPro2_5G
[2025-01-10 01:19:57] [Information] Already connected to preferred network: Nyati_CPEPro2_5G
[2025-01-10 01:19:57] [Information] Waiting 29 minutes before next check...
[2025-01-10 01:48:57] [Information] Currently connected to: Nyati_CPEPro2_5G
[2025-01-10 01:48:57] [Information] Already connected to preferred network: Nyati_CPEPro2_5G
[2025-01-10 01:48:57] [Information] Waiting 18 minutes before next check...
[2025-01-10 02:06:57] [Information] Currently connected to: Nyati_CPEPro2_5G
[2025-01-10 02:06:57] [Information] Already connected to preferred network: Nyati_CPEPro2_5G
[2025-01-10 02:06:57] [Information] Waiting 14 minutes before next check...
[2025-01-10 02:20:57] [Information] Currently connected to: Nyati_CPEPro2_5G
[2025-01-10 02:20:57] [Information] Already connected to preferred network: Nyati_CPEPro2_5G
[2025-01-10 02:20:57] [Information] Waiting 28 minutes before next check...
[2025-01-10 02:48:57] [Information] Currently connected to: Nyati_CPEPro2_5G
[2025-01-10 02:48:57] [Information] Already connected to preferred network: Nyati_CPEPro2_5G
[2025-01-10 02:48:57] [Information] Waiting 19 minutes before next check...
[2025-01-10 03:07:57] [Information] Currently connected to: Nyati_CPEPro2_5G
[2025-01-10 03:07:57] [Information] Already connected to preferred network: Nyati_CPEPro2_5G
[2025-01-10 03:07:57] [Information] Waiting 26 minutes before next check...
[2025-01-10 03:33:57] [Information] Currently connected to: Nyati_CPEPro2_5G
[2025-01-10 03:33:57] [Information] Already connected to preferred network: Nyati_CPEPro2_5G
[2025-01-10 03:33:57] [Information] Waiting 20 minutes before next check...
[2025-01-10 03:53:58] [Information] Currently connected to: Nyati_CPEPro2_5G
[2025-01-10 03:53:58] [Information] Already connected to preferred network: Nyati_CPEPro2_5G
[2025-01-10 03:53:58] [Information] Waiting 19 minutes before next check...
[2025-01-10 04:12:58] [Information] Currently connected to: Nyati_CPEPro2_5G
[2025-01-10 04:12:58] [Information] Already connected to preferred network: Nyati_CPEPro2_5G
[2025-01-10 04:12:58] [Information] Waiting 22 minutes before next check...
[2025-01-10 04:34:58] [Information] Currently connected to: Nyati_CPEPro2_5G
[2025-01-10 04:34:58] [Information] Already connected to preferred network: Nyati_CPEPro2_5G
[2025-01-10 04:34:58] [Information] Waiting 25 minutes before next check...
[2025-01-10 04:59:58] [Information] Currently connected to: Nyati_CPEPro2_5G
[2025-01-10 04:59:58] [Information] Already connected to preferred network: Nyati_CPEPro2_5G
[2025-01-10 04:59:58] [Information] Waiting 10 minutes before next check...
[2025-01-10 05:09:58] [Information] Currently connected to: Nyati_CPEPro2_5G
[2025-01-10 05:09:58] [Information] Already connected to preferred network: Nyati_CPEPro2_5G
[2025-01-10 05:09:58] [Information] Waiting 19 minutes before next check...
[2025-01-10 05:28:58] [Information] Currently connected to: Nyati_CPEPro2_5G
[2025-01-10 05:28:58] [Information] Already connected to preferred network: Nyati_CPEPro2_5G
[2025-01-10 05:28:58] [Information] Waiting 15 minutes before next check...
[2025-01-10 05:43:58] [Information] Currently connected to: Nyati_CPEPro2_5G
[2025-01-10 05:43:58] [Information] Already connected to preferred network: Nyati_CPEPro2_5G
[2025-01-10 05:43:58] [Information] Waiting 16 minutes before next check...
[2025-01-10 06:00:00] [Information] Currently connected to: Nyati_CPEPro2_5G
[2025-01-10 06:00:00] [Information] Already connected to preferred network: Nyati_CPEPro2_5G
[2025-01-10 06:00:00] [Information] Waiting 28 minutes before next check...
[2025-01-10 06:28:00] [Information] Currently connected to: Nyati_CPEPro2_5G
[2025-01-10 06:28:00] [Information] Already connected to preferred network: Nyati_CPEPro2_5G
[2025-01-10 06:28:00] [Information] Waiting 11 minutes before next check...
[2025-01-10 06:39:00] [Information] Currently connected to: Nyati_CPEPro2_5G
[2025-01-10 06:39:00] [Information] Already connected to preferred network: Nyati_CPEPro2_5G
[2025-01-10 06:39:00] [Information] Waiting 24 minutes before next check...
[2025-01-10 07:03:00] [Information] Currently connected to: Nyati_CPEPro2_5G
[2025-01-10 07:03:00] [Information] Already connected to preferred network: Nyati_CPEPro2_5G
[2025-01-10 07:03:00] [Information] Waiting 19 minutes before next check...
[2025-01-10 07:22:00] [Information] Currently connected to: Nyati_CPEPro2_5G
[2025-01-10 07:22:00] [Information] Already connected to preferred network: Nyati_CPEPro2_5G
[2025-01-10 07:22:00] [Information] Waiting 17 minutes before next check...
[2025-01-10 07:39:01] [Information] Currently connected to: Nyati_CPEPro2_5G
[2025-01-10 07:39:01] [Information] Already connected to preferred network: Nyati_CPEPro2_5G
[2025-01-10 07:39:01] [Information] Waiting 25 minutes before next check...
[2025-01-10 08:04:01] [Information] Currently connected to: Nyati_CPEPro2_5G
[2025-01-10 08:04:01] [Information] Already connected to preferred network: Nyati_CPEPro2_5G
[2025-01-10 08:04:01] [Information] Waiting 11 minutes before next check...
[2025-01-10 08:15:01] [Information] Currently connected to: Nyati_CPEPro2_5G
[2025-01-10 08:15:01] [Information] Already connected to preferred network: Nyati_CPEPro2_5G
[2025-01-10 08:15:01] [Information] Waiting 12 minutes before next check...
[2025-01-10 08:27:01] [Information] Currently connected to: Nyati_CPEPro2_5G
[2025-01-10 08:27:01] [Information] Already connected to preferred network: Nyati_CPEPro2_5G
[2025-01-10 08:27:01] [Information] Waiting 27 minutes before next check...
[2025-01-10 08:54:01] [Information] Currently connected to: Nyati_CPEPro2_5G
[2025-01-10 08:54:01] [Information] Already connected to preferred network: Nyati_CPEPro2_5G
[2025-01-10 08:54:01] [Information] Waiting 12 minutes before next check...
[2025-01-10 09:06:01] [Information] Currently connected to: Nyati_CPEPro2_5G
[2025-01-10 09:06:01] [Information] Already connected to preferred network: Nyati_CPEPro2_5G
[2025-01-10 09:06:01] [Information] Waiting 24 minutes before next check...
[2025-01-10 09:30:01] [Information] Currently connected to: Nyati_CPEPro2_5G
[2025-01-10 09:30:01] [Information] Already connected to preferred network: Nyati_CPEPro2_5G
[2025-01-10 09:30:01] [Information] Waiting 28 minutes before next check...
[2025-01-10 09:58:01] [Information] Currently connected to: Nyati_CPEPro2_5G
[2025-01-10 09:58:01] [Information] Already connected to preferred network: Nyati_CPEPro2_5G
[2025-01-10 09:58:01] [Information] Waiting 24 minutes before next check...
[2025-01-10 10:22:01] [Information] Currently connected to: Nyati_CPEPro2_5G
[2025-01-10 10:22:01] [Information] Already connected to preferred network: Nyati_CPEPro2_5G
[2025-01-10 10:22:01] [Information] Waiting 15 minutes before next check...
[2025-01-10 10:37:01] [Information] Currently connected to: Nyati_CPEPro2_5G
[2025-01-10 10:37:01] [Information] Already connected to preferred network: Nyati_CPEPro2_5G
[2025-01-10 10:37:01] [Information] Waiting 14 minutes before next check...
[2025-01-10 10:51:01] [Information] Currently connected to: Nyati_CPEPro2_5G
[2025-01-10 10:51:01] [Information] Already connected to preferred network: Nyati_CPEPro2_5G
[2025-01-10 10:51:01] [Information] Waiting 19 minutes before next check...
[2025-01-10 11:10:01] [Information] Currently connected to: Nyati_CPEPro2_5G
[2025-01-10 11:10:01] [Information] Already connected to preferred network: Nyati_CPEPro2_5G
[2025-01-10 11:10:01] [Information] Waiting 22 minutes before next check...
[2025-01-10 11:32:01] [Information] Currently connected to: Nyati_CPEPro2_5G
[2025-01-10 11:32:01] [Information] Already connected to preferred network: Nyati_CPEPro2_5G
[2025-01-10 11:32:01] [Information] Waiting 20 minutes before next check...
[2025-01-10 11:52:01] [Information] Currently connected to: Nyati_CPEPro2_5G
[2025-01-10 11:52:01] [Information] Already connected to preferred network: Nyati_CPEPro2_5G
[2025-01-10 11:52:01] [Information] Waiting 13 minutes before next check...
[2025-01-10 12:05:02] [Information] Currently connected to: Nyati_CPEPro2_5G
[2025-01-10 12:05:02] [Information] Already connected to preferred network: Nyati_CPEPro2_5G
[2025-01-10 12:05:02] [Information] Waiting 14 minutes before next check...
[2025-01-10 12:19:02] [Information] Currently connected to: Nyati_CPEPro2_5G
[2025-01-10 12:19:02] [Information] Already connected to preferred network: Nyati_CPEPro2_5G
[2025-01-10 12:19:02] [Information] Waiting 20 minutes before next check...
[2025-01-10 12:39:02] [Information] Currently connected to: Nyati_CPEPro2_5G
[2025-01-10 12:39:02] [Information] Already connected to preferred network: Nyati_CPEPro2_5G
[2025-01-10 12:39:02] [Information] Waiting 16 minutes before next check...
[2025-01-10 12:55:02] [Information] Currently connected to: Nyati_CPEPro2_5G
[2025-01-10 12:55:02] [Information] Already connected to preferred network: Nyati_CPEPro2_5G
[2025-01-10 12:55:02] [Information] Waiting 20 minutes before next check...
[2025-01-10 13:15:02] [Information] Currently connected to: Nyati_CPEPro2_5G
[2025-01-10 13:15:02] [Information] Already connected to preferred network: Nyati_CPEPro2_5G
[2025-01-10 13:15:02] [Information] Waiting 23 minutes before next check...
[2025-01-10 13:38:02] [Information] Currently connected to: Nyati_CPEPro2_5G
[2025-01-10 13:38:02] [Information] Already connected to preferred network: Nyati_CPEPro2_5G
[2025-01-10 13:38:02] [Information] Waiting 10 minutes before next check...
[2025-01-10 13:48:02] [Information] Currently connected to: Nyati_CPEPro2_5G
[2025-01-10 13:48:02] [Information] Already connected to preferred network: Nyati_CPEPro2_5G
[2025-01-10 13:48:02] [Information] Waiting 11 minutes before next check...
[2025-01-10 13:59:02] [Information] Currently connected to: Nyati_CPEPro2_5G
[2025-01-10 13:59:02] [Information] Already connected to preferred network: Nyati_CPEPro2_5G
[2025-01-10 13:59:02] [Information] Waiting 19 minutes before next check...
[2025-01-10 14:18:02] [Information] Currently connected to: Nyati_CPEPro2_5G
[2025-01-10 14:18:02] [Information] Already connected to preferred network: Nyati_CPEPro2_5G
[2025-01-10 14:18:02] [Information] Waiting 25 minutes before next check...
[2025-01-10 14:43:02] [Information] Currently connected to: Nyati_CPEPro2_5G
[2025-01-10 14:43:02] [Information] Already connected to preferred network: Nyati_CPEPro2_5G
[2025-01-10 14:43:02] [Information] Waiting 15 minutes before next check...
[2025-01-10 14:58:02] [Information] Currently connected to: Nyati_CPEPro2_5G
[2025-01-10 14:58:02] [Information] Already connected to preferred network: Nyati_CPEPro2_5G
[2025-01-10 14:58:02] [Information] Waiting 28 minutes before next check...
[2025-01-10 15:26:02] [Information] Currently connected to: Nyati_CPEPro2_5G
[2025-01-10 15:26:02] [Information] Already connected to preferred network: Nyati_CPEPro2_5G
[2025-01-10 15:26:02] [Information] Waiting 26 minutes before next check...
[2025-01-10 15:52:02] [Information] Currently connected to: Nyati_CPEPro2_5G
[2025-01-10 15:52:02] [Information] Already connected to preferred network: Nyati_CPEPro2_5G
[2025-01-10 15:52:02] [Information] Waiting 11 minutes before next check...
[2025-01-10 16:03:03] [Information] Currently connected to: Nyati_CPEPro2_5G
[2025-01-10 16:03:03] [Information] Already connected to preferred network: Nyati_CPEPro2_5G
[2025-01-10 16:03:03] [Information] Waiting 21 minutes before next check...
[2025-01-10 16:24:03] [Information] Currently connected to: Nyati_CPEPro2_5G
[2025-01-10 16:24:03] [Information] Already connected to preferred network: Nyati_CPEPro2_5G
[2025-01-10 16:24:03] [Information] Waiting 16 minutes before next check...
[2025-01-10 16:40:03] [Information] Currently connected to: Nyati_CPEPro2_5G
[2025-01-10 16:40:03] [Information] Already connected to preferred network: Nyati_CPEPro2_5G
[2025-01-10 16:40:03] [Information] Waiting 14 minutes before next check...
[2025-01-10 16:54:03] [Information] Currently connected to: Nyati_CPEPro2_5G
[2025-01-10 16:54:03] [Information] Already connected to preferred network: Nyati_CPEPro2_5G
[2025-01-10 16:54:03] [Information] Waiting 15 minutes before next check...
[2025-01-10 17:09:03] [Information] Currently connected to: Nyati_CPEPro2_5G
[2025-01-10 17:09:03] [Information] Already connected to preferred network: Nyati_CPEPro2_5G
[2025-01-10 17:09:03] [Information] Waiting 27 minutes before next check...
[2025-01-10 17:36:03] [Information] Currently connected to: Nyati_CPEPro2_5G
[2025-01-10 17:36:03] [Information] Already connected to preferred network: Nyati_CPEPro2_5G
[2025-01-10 17:36:03] [Information] Waiting 29 minutes before next check...
[2025-01-10 18:05:03] [Information] Currently connected to: Nyati_CPEPro2_5G
[2025-01-10 18:05:03] [Information] Already connected to preferred network: Nyati_CPEPro2_5G
[2025-01-10 18:05:03] [Information] Waiting 15 minutes before next check...
[2025-01-10 18:20:03] [Information] Currently connected to: Nyati_CPEPro2_5G
[2025-01-10 18:20:03] [Information] Already connected to preferred network: Nyati_CPEPro2_5G
[2025-01-10 18:20:03] [Information] Waiting 16 minutes before next check...
[2025-01-10 18:36:03] [Information] Currently connected to: Nyati_CPEPro2_5G
[2025-01-10 18:36:03] [Information] Already connected to preferred network: Nyati_CPEPro2_5G
[2025-01-10 18:36:03] [Information] Waiting 22 minutes before next check...
[2025-01-10 18:58:03] [Information] Currently connected to: Nyati_CPEPro2_5G
[2025-01-10 18:58:03] [Information] Already connected to preferred network: Nyati_CPEPro2_5G
[2025-01-10 18:58:03] [Information] Waiting 21 minutes before next check...
[2025-01-10 19:19:03] [Information] Currently connected to: Nyati_CPEPro2_5G
[2025-01-10 19:19:03] [Information] Already connected to preferred network: Nyati_CPEPro2_5G
[2025-01-10 19:19:03] [Information] Waiting 11 minutes before next check...
[2025-01-10 19:30:03] [Information] Currently connected to: Nyati_CPEPro2_5G
[2025-01-10 19:30:03] [Information] Already connected to preferred network: Nyati_CPEPro2_5G
[2025-01-10 19:30:03] [Information] Waiting 24 minutes before next check...
[2025-01-10 19:54:03] [Information] Currently connected to: Nyati_CPEPro2_5G
[2025-01-10 19:54:03] [Information] Already connected to preferred network: Nyati_CPEPro2_5G
[2025-01-10 19:54:03] [Information] Waiting 28 minutes before next check...
[2025-01-10 20:22:03] [Information] Currently connected to: Serengeti_2.4G
[2025-01-10 20:22:03] [Information] Scanning for preferred networks...
[2025-01-10 20:22:04] [Information] Found 4 networks
[2025-01-10 20:22:04] [Warning] Could not connect to any preferred networks
[2025-01-10 20:22:04] [Information] Waiting 15 minutes before next check...
[2025-01-10 20:37:04] [Information] Currently connected to: Nyati_CPEPro2_5G
[2025-01-10 20:37:04] [Information] Already connected to preferred network: Nyati_CPEPro2_5G
[2025-01-10 20:37:04] [Information] Waiting 12 minutes before next check...
[2025-01-10 20:49:04] [Information] Currently connected to: Nyati_CPEPro2_5G
[2025-01-10 20:49:04] [Information] Already connected to preferred network: Nyati_CPEPro2_5G
[2025-01-10 20:49:04] [Information] Waiting 21 minutes before next check...
[2025-01-10 21:10:04] [Information] Currently connected to: Nyati_CPEPro2_5G
[2025-01-10 21:10:04] [Information] Already connected to preferred network: Nyati_CPEPro2_5G
[2025-01-10 21:10:04] [Information] Waiting 19 minutes before next check...
[2025-01-10 21:29:04] [Information] Currently connected to: Nyati_CPEPro2_5G
[2025-01-10 21:29:04] [Information] Already connected to preferred network: Nyati_CPEPro2_5G
[2025-01-10 21:29:04] [Information] Waiting 28 minutes before next check...
[2025-01-10 21:57:04] [Information] Currently connected to: Nyati_CPEPro2_5G
[2025-01-10 21:57:04] [Information] Already connected to preferred network: Nyati_CPEPro2_5G
[2025-01-10 21:57:04] [Information] Waiting 20 minutes before next check...
[2025-01-10 22:17:04] [Information] Currently connected to: Nyati_CPEPro2_5G
[2025-01-10 22:17:04] [Information] Already connected to preferred network: Nyati_CPEPro2_5G
[2025-01-10 22:17:04] [Information] Waiting 23 minutes before next check...
[2025-01-10 22:40:04] [Information] Currently connected to: Nyati_CPEPro2_5G
[2025-01-10 22:40:04] [Information] Already connected to preferred network: Nyati_CPEPro2_5G
[2025-01-10 22:40:04] [Information] Waiting 10 minutes before next check...
[2025-01-10 22:50:04] [Information] Currently connected to: Nyati_CPEPro2_5G
[2025-01-10 22:50:04] [Information] Already connected to preferred network: Nyati_CPEPro2_5G
[2025-01-10 22:50:04] [Information] Waiting 11 minutes before next check...
[2025-01-10 23:01:04] [Information] Currently connected to: Nyati_CPEPro2_5G
[2025-01-10 23:01:04] [Information] Already connected to preferred network: Nyati_CPEPro2_5G
[2025-01-10 23:01:04] [Information] Waiting 28 minutes before next check...
[2025-01-10 23:29:04] [Information] Currently connected to: Nyati_CPEPro2_5G
[2025-01-10 23:29:04] [Information] Already connected to preferred network: Nyati_CPEPro2_5G
[2025-01-10 23:29:04] [Information] Waiting 12 minutes before next check...
[2025-01-10 23:41:04] [Information] Currently connected to: Nyati_CPEPro2_5G
[2025-01-10 23:41:04] [Information] Already connected to preferred network: Nyati_CPEPro2_5G
[2025-01-10 23:41:04] [Information] Waiting 17 minutes before next check...
[2025-01-10 23:58:04] [Information] Currently connected to: Nyati_CPEPro2_5G
[2025-01-10 23:58:04] [Information] Already connected to preferred network: Nyati_CPEPro2_5G
[2025-01-10 23:58:04] [Information] Waiting 23 minutes before next check...
