[2025-01-19 00:12:31] [Information] Currently connected to: Nyati_CPEPro2_5G
[2025-01-19 00:12:31] [Information] Already connected to preferred network: Nyati_CPEPro2_5G
[2025-01-19 00:12:31] [Information] Waiting 23 minutes before next check...
[2025-01-19 00:35:31] [Information] Currently connected to: Nyati_CPEPro2_5G
[2025-01-19 00:35:31] [Information] Already connected to preferred network: Nyati_CPEPro2_5G
[2025-01-19 00:35:31] [Information] Waiting 12 minutes before next check...
[2025-01-19 00:47:31] [Information] Currently connected to: Nyati_CPEPro2_5G
[2025-01-19 00:47:31] [Information] Already connected to preferred network: Nyati_CPEPro2_5G
[2025-01-19 00:47:31] [Information] Waiting 13 minutes before next check...
[2025-01-19 01:00:31] [Information] Currently connected to: Nyati_CPEPro2_5G
[2025-01-19 01:00:31] [Information] Already connected to preferred network: Nyati_CPEPro2_5G
[2025-01-19 01:00:31] [Information] Waiting 22 minutes before next check...
[2025-01-19 01:22:31] [Information] Currently connected to: Nyati_CPEPro2_5G
[2025-01-19 01:22:31] [Information] Already connected to preferred network: Nyati_CPEPro2_5G
[2025-01-19 01:22:31] [Information] Waiting 23 minutes before next check...
[2025-01-19 01:45:31] [Information] Currently connected to: Nyati_CPEPro2_5G
[2025-01-19 01:45:31] [Information] Already connected to preferred network: Nyati_CPEPro2_5G
[2025-01-19 01:45:31] [Information] Waiting 24 minutes before next check...
[2025-01-19 02:09:31] [Information] Currently connected to: Nyati_CPEPro2_5G
[2025-01-19 02:09:31] [Information] Already connected to preferred network: Nyati_CPEPro2_5G
[2025-01-19 02:09:31] [Information] Waiting 16 minutes before next check...
[2025-01-19 02:25:31] [Information] Currently connected to: Nyati_CPEPro2_5G
[2025-01-19 02:25:31] [Information] Already connected to preferred network: Nyati_CPEPro2_5G
[2025-01-19 02:25:31] [Information] Waiting 15 minutes before next check...
[2025-01-19 02:40:31] [Information] Currently connected to: Nyati_CPEPro2_5G
[2025-01-19 02:40:31] [Information] Already connected to preferred network: Nyati_CPEPro2_5G
[2025-01-19 02:40:31] [Information] Waiting 23 minutes before next check...
[2025-01-19 03:03:31] [Information] Currently connected to: Nyati_CPEPro2_5G
[2025-01-19 03:03:31] [Information] Already connected to preferred network: Nyati_CPEPro2_5G
[2025-01-19 03:03:31] [Information] Waiting 18 minutes before next check...
[2025-01-19 03:21:32] [Information] Currently connected to: Nyati_CPEPro2_5G
[2025-01-19 03:21:32] [Information] Already connected to preferred network: Nyati_CPEPro2_5G
[2025-01-19 03:21:32] [Information] Waiting 15 minutes before next check...
[2025-01-19 03:36:32] [Information] Currently connected to: Nyati_CPEPro2_5G
[2025-01-19 03:36:32] [Information] Already connected to preferred network: Nyati_CPEPro2_5G
[2025-01-19 03:36:32] [Information] Waiting 28 minutes before next check...
[2025-01-19 04:04:32] [Information] Currently connected to: Nyati_CPEPro2_5G
[2025-01-19 04:04:32] [Information] Already connected to preferred network: Nyati_CPEPro2_5G
[2025-01-19 04:04:32] [Information] Waiting 25 minutes before next check...
[2025-01-19 04:29:32] [Information] Currently connected to: Nyati_CPEPro2_5G
[2025-01-19 04:29:32] [Information] Already connected to preferred network: Nyati_CPEPro2_5G
[2025-01-19 04:29:32] [Information] Waiting 11 minutes before next check...
[2025-01-19 04:40:32] [Information] Currently connected to: Nyati_CPEPro2_5G
[2025-01-19 04:40:32] [Information] Already connected to preferred network: Nyati_CPEPro2_5G
[2025-01-19 04:40:32] [Information] Waiting 29 minutes before next check...
[2025-01-19 05:09:32] [Information] Currently connected to: Nyati_CPEPro2_5G
[2025-01-19 05:09:32] [Information] Already connected to preferred network: Nyati_CPEPro2_5G
[2025-01-19 05:09:32] [Information] Waiting 11 minutes before next check...
[2025-01-19 05:20:32] [Information] Currently connected to: Nyati_CPEPro2_5G
[2025-01-19 05:20:32] [Information] Already connected to preferred network: Nyati_CPEPro2_5G
[2025-01-19 05:20:32] [Information] Waiting 16 minutes before next check...
[2025-01-19 05:36:32] [Information] Currently connected to: Nyati_CPEPro2_5G
[2025-01-19 05:36:32] [Information] Already connected to preferred network: Nyati_CPEPro2_5G
[2025-01-19 05:36:32] [Information] Waiting 24 minutes before next check...
[2025-01-19 06:00:39] [Information] Currently connected to: Nyati_CPEPro2_5G
[2025-01-19 06:00:39] [Information] Already connected to preferred network: Nyati_CPEPro2_5G
[2025-01-19 06:00:39] [Information] Waiting 13 minutes before next check...
[2025-01-19 06:13:39] [Information] Currently connected to: Nyati_CPEPro2_5G
[2025-01-19 06:13:39] [Information] Already connected to preferred network: Nyati_CPEPro2_5G
[2025-01-19 06:13:39] [Information] Waiting 28 minutes before next check...
[2025-01-19 06:41:39] [Information] Currently connected to: Nyati_CPEPro2_5G
[2025-01-19 06:41:39] [Information] Already connected to preferred network: Nyati_CPEPro2_5G
[2025-01-19 06:41:39] [Information] Waiting 13 minutes before next check...
[2025-01-19 06:54:39] [Information] Currently connected to: Nyati_CPEPro2_5G
[2025-01-19 06:54:39] [Information] Already connected to preferred network: Nyati_CPEPro2_5G
[2025-01-19 06:54:39] [Information] Waiting 17 minutes before next check...
[2025-01-19 07:11:39] [Information] Currently connected to: Nyati_CPEPro2_5G
[2025-01-19 07:11:39] [Information] Already connected to preferred network: Nyati_CPEPro2_5G
[2025-01-19 07:11:39] [Information] Waiting 16 minutes before next check...
[2025-01-19 07:27:39] [Information] Currently connected to: Nyati_CPEPro2_5G
[2025-01-19 07:27:39] [Information] Already connected to preferred network: Nyati_CPEPro2_5G
[2025-01-19 07:27:39] [Information] Waiting 14 minutes before next check...
[2025-01-19 07:41:39] [Information] Currently connected to: Nyati_CPEPro2_5G
[2025-01-19 07:41:39] [Information] Already connected to preferred network: Nyati_CPEPro2_5G
[2025-01-19 07:41:39] [Information] Waiting 12 minutes before next check...
[2025-01-19 07:53:39] [Information] Currently connected to: Nyati_CPEPro2_5G
[2025-01-19 07:53:39] [Information] Already connected to preferred network: Nyati_CPEPro2_5G
[2025-01-19 07:53:39] [Information] Waiting 28 minutes before next check...
[2025-01-19 08:21:39] [Information] Currently connected to: Nyati_CPEPro2_5G
[2025-01-19 08:21:39] [Information] Already connected to preferred network: Nyati_CPEPro2_5G
[2025-01-19 08:21:39] [Information] Waiting 26 minutes before next check...
[2025-01-19 08:47:39] [Information] Currently connected to: Nyati_CPEPro2_5G
[2025-01-19 08:47:39] [Information] Already connected to preferred network: Nyati_CPEPro2_5G
[2025-01-19 08:47:39] [Information] Waiting 19 minutes before next check...
[2025-01-19 09:06:39] [Information] Currently connected to: Nyati_CPEPro2_5G
[2025-01-19 09:06:39] [Information] Already connected to preferred network: Nyati_CPEPro2_5G
[2025-01-19 09:06:39] [Information] Waiting 18 minutes before next check...
[2025-01-19 09:24:40] [Information] Currently connected to: Nyati_CPEPro2_5G
[2025-01-19 09:24:40] [Information] Already connected to preferred network: Nyati_CPEPro2_5G
[2025-01-19 09:24:40] [Information] Waiting 19 minutes before next check...
[2025-01-19 09:43:40] [Information] Currently connected to: Nyati_CPEPro2_5G
[2025-01-19 09:43:40] [Information] Already connected to preferred network: Nyati_CPEPro2_5G
[2025-01-19 09:43:40] [Information] Waiting 24 minutes before next check...
[2025-01-19 10:07:40] [Information] Currently connected to: Nyati_CPEPro2_5G
[2025-01-19 10:07:40] [Information] Already connected to preferred network: Nyati_CPEPro2_5G
[2025-01-19 10:07:40] [Information] Waiting 18 minutes before next check...
[2025-01-19 10:25:40] [Information] Currently connected to: Nyati_CPEPro2_5G
[2025-01-19 10:25:40] [Information] Already connected to preferred network: Nyati_CPEPro2_5G
[2025-01-19 10:25:40] [Information] Waiting 11 minutes before next check...
[2025-01-19 10:36:40] [Information] Currently connected to: Nyati_CPEPro2_5G
[2025-01-19 10:36:40] [Information] Already connected to preferred network: Nyati_CPEPro2_5G
[2025-01-19 10:36:40] [Information] Waiting 14 minutes before next check...
[2025-01-19 10:50:40] [Information] Currently connected to: Nyati_CPEPro2_5G
[2025-01-19 10:50:40] [Information] Already connected to preferred network: Nyati_CPEPro2_5G
[2025-01-19 10:50:40] [Information] Waiting 18 minutes before next check...
[2025-01-19 11:08:40] [Information] Currently connected to: Nyati_CPEPro2_5G
[2025-01-19 11:08:40] [Information] Already connected to preferred network: Nyati_CPEPro2_5G
[2025-01-19 11:08:40] [Information] Waiting 29 minutes before next check...
[2025-01-19 11:37:40] [Information] Currently connected to: Nyati_CPEPro2_5G
[2025-01-19 11:37:40] [Information] Already connected to preferred network: Nyati_CPEPro2_5G
[2025-01-19 11:37:40] [Information] Waiting 20 minutes before next check...
[2025-01-19 11:57:40] [Information] Currently connected to: Nyati_CPEPro2_5G
[2025-01-19 11:57:40] [Information] Already connected to preferred network: Nyati_CPEPro2_5G
[2025-01-19 11:57:40] [Information] Waiting 19 minutes before next check...
[2025-01-19 12:16:40] [Information] Currently connected to: Nyati_CPEPro2_5G
[2025-01-19 12:16:40] [Information] Already connected to preferred network: Nyati_CPEPro2_5G
[2025-01-19 12:16:40] [Information] Waiting 29 minutes before next check...
[2025-01-19 12:45:40] [Information] Currently connected to: Nyati_CPEPro2_5G
[2025-01-19 12:45:40] [Information] Already connected to preferred network: Nyati_CPEPro2_5G
[2025-01-19 12:45:40] [Information] Waiting 16 minutes before next check...
[2025-01-19 13:01:40] [Information] Currently connected to: Nyati_CPEPro2_5G
[2025-01-19 13:01:40] [Information] Already connected to preferred network: Nyati_CPEPro2_5G
[2025-01-19 13:01:40] [Information] Waiting 20 minutes before next check...
[2025-01-19 13:21:40] [Information] Currently connected to: Serengeti_2.4G
[2025-01-19 13:21:40] [Information] Scanning for preferred networks...
[2025-01-19 13:21:40] [Information] Found 1 networks
[2025-01-19 13:21:40] [Warning] Could not connect to any preferred networks
[2025-01-19 13:21:40] [Information] Waiting 27 minutes before next check...
[2025-01-19 13:48:40] [Information] Currently connected to: Serengeti_2.4G
[2025-01-19 13:48:40] [Information] Scanning for preferred networks...
[2025-01-19 13:48:41] [Information] Found 12 networks
[2025-01-19 13:48:41] [Information] Attempting to connect to Nyati_CPEPro2_5G
[2025-01-19 13:48:46] [Information] Currently connected to: Nyati_CPEPro2_5G
[2025-01-19 13:48:46] [Information] Successfully connected to Nyati_CPEPro2_5G
[2025-01-19 13:48:46] [Information] Waiting 24 minutes before next check...
[2025-01-19 14:12:46] [Information] Currently connected to: Nyati_CPEPro2_5G
[2025-01-19 14:12:46] [Information] Already connected to preferred network: Nyati_CPEPro2_5G
[2025-01-19 14:12:46] [Information] Waiting 23 minutes before next check...
[2025-01-19 14:35:46] [Information] Currently connected to: Nyati_CPEPro2_5G
[2025-01-19 14:35:46] [Information] Already connected to preferred network: Nyati_CPEPro2_5G
[2025-01-19 14:35:46] [Information] Waiting 25 minutes before next check...
[2025-01-19 15:00:46] [Information] Currently connected to: Nyati_CPEPro2_5G
[2025-01-19 15:00:46] [Information] Already connected to preferred network: Nyati_CPEPro2_5G
[2025-01-19 15:00:46] [Information] Waiting 25 minutes before next check...
[2025-01-19 15:25:46] [Information] Currently connected to: Nyati_CPEPro2_5G
[2025-01-19 15:25:46] [Information] Already connected to preferred network: Nyati_CPEPro2_5G
[2025-01-19 15:25:46] [Information] Waiting 10 minutes before next check...
[2025-01-19 15:35:46] [Information] Currently connected to: Nyati_CPEPro2_5G
[2025-01-19 15:35:46] [Information] Already connected to preferred network: Nyati_CPEPro2_5G
[2025-01-19 15:35:46] [Information] Waiting 19 minutes before next check...
[2025-01-19 15:54:46] [Information] Currently connected to: Nyati_CPEPro2_5G
[2025-01-19 15:54:46] [Information] Already connected to preferred network: Nyati_CPEPro2_5G
[2025-01-19 15:54:46] [Information] Waiting 25 minutes before next check...
[2025-01-19 16:19:46] [Information] Currently connected to: Nyati_CPEPro2_5G
[2025-01-19 16:19:46] [Information] Already connected to preferred network: Nyati_CPEPro2_5G
[2025-01-19 16:19:46] [Information] Waiting 17 minutes before next check...
[2025-01-19 16:36:46] [Information] Currently connected to: Nyati_CPEPro2_5G
[2025-01-19 16:36:46] [Information] Already connected to preferred network: Nyati_CPEPro2_5G
[2025-01-19 16:36:46] [Information] Waiting 22 minutes before next check...
[2025-01-19 16:58:46] [Information] Currently connected to: Nyati_CPEPro2_5G
[2025-01-19 16:58:46] [Information] Already connected to preferred network: Nyati_CPEPro2_5G
[2025-01-19 16:58:46] [Information] Waiting 22 minutes before next check...
[2025-01-19 17:20:46] [Information] Currently connected to: Nyati_CPEPro2_5G
[2025-01-19 17:20:46] [Information] Already connected to preferred network: Nyati_CPEPro2_5G
[2025-01-19 17:20:46] [Information] Waiting 25 minutes before next check...
[2025-01-19 17:45:46] [Information] Currently connected to: Nyati_CPEPro2_5G
[2025-01-19 17:45:46] [Information] Already connected to preferred network: Nyati_CPEPro2_5G
[2025-01-19 17:45:46] [Information] Waiting 15 minutes before next check...
[2025-01-19 18:00:46] [Information] Currently connected to: Nyati_CPEPro2_5G
[2025-01-19 18:00:46] [Information] Already connected to preferred network: Nyati_CPEPro2_5G
[2025-01-19 18:00:46] [Information] Waiting 21 minutes before next check...
[2025-01-19 18:21:47] [Information] Currently connected to: Nyati_CPEPro2_5G
[2025-01-19 18:21:47] [Information] Already connected to preferred network: Nyati_CPEPro2_5G
[2025-01-19 18:21:47] [Information] Waiting 18 minutes before next check...
[2025-01-19 18:39:47] [Information] Currently connected to: Nyati_CPEPro2_5G
[2025-01-19 18:39:47] [Information] Already connected to preferred network: Nyati_CPEPro2_5G
[2025-01-19 18:39:47] [Information] Waiting 18 minutes before next check...
[2025-01-19 18:57:47] [Information] Currently connected to: Nyati_CPEPro2_5G
[2025-01-19 18:57:47] [Information] Already connected to preferred network: Nyati_CPEPro2_5G
[2025-01-19 18:57:47] [Information] Waiting 14 minutes before next check...
[2025-01-19 19:11:47] [Information] Currently connected to: Nyati_CPEPro2_5G
[2025-01-19 19:11:47] [Information] Already connected to preferred network: Nyati_CPEPro2_5G
[2025-01-19 19:11:47] [Information] Waiting 29 minutes before next check...
[2025-01-19 19:40:47] [Information] Currently connected to: Nyati_CPEPro2_5G
[2025-01-19 19:40:47] [Information] Already connected to preferred network: Nyati_CPEPro2_5G
[2025-01-19 19:40:47] [Information] Waiting 23 minutes before next check...
[2025-01-19 20:03:47] [Information] Currently connected to: Nyati_CPEPro2_5G
[2025-01-19 20:03:47] [Information] Already connected to preferred network: Nyati_CPEPro2_5G
[2025-01-19 20:03:47] [Information] Waiting 26 minutes before next check...
[2025-01-19 20:29:47] [Information] Currently connected to: Nyati_CPEPro2_5G
[2025-01-19 20:29:47] [Information] Already connected to preferred network: Nyati_CPEPro2_5G
[2025-01-19 20:29:47] [Information] Waiting 16 minutes before next check...
[2025-01-19 20:45:47] [Information] Currently connected to: Nyati_CPEPro2_5G
[2025-01-19 20:45:47] [Information] Already connected to preferred network: Nyati_CPEPro2_5G
[2025-01-19 20:45:47] [Information] Waiting 26 minutes before next check...
[2025-01-19 21:11:47] [Information] Currently connected to: Nyati_CPEPro2_5G
[2025-01-19 21:11:47] [Information] Already connected to preferred network: Nyati_CPEPro2_5G
[2025-01-19 21:11:47] [Information] Waiting 12 minutes before next check...
[2025-01-19 21:23:47] [Information] Currently connected to: Nyati_CPEPro2_5G
[2025-01-19 21:23:47] [Information] Already connected to preferred network: Nyati_CPEPro2_5G
[2025-01-19 21:23:47] [Information] Waiting 25 minutes before next check...
[2025-01-19 21:48:47] [Information] Currently connected to: Nyati_CPEPro2_5G
[2025-01-19 21:48:47] [Information] Already connected to preferred network: Nyati_CPEPro2_5G
[2025-01-19 21:48:47] [Information] Waiting 28 minutes before next check...
[2025-01-19 22:16:47] [Information] Currently connected to: Nyati_CPEPro2_5G
[2025-01-19 22:16:47] [Information] Already connected to preferred network: Nyati_CPEPro2_5G
[2025-01-19 22:16:47] [Information] Waiting 27 minutes before next check...
[2025-01-19 22:43:47] [Information] Currently connected to: Serengeti_2.4G
[2025-01-19 22:43:47] [Information] Scanning for preferred networks...
[2025-01-19 22:43:47] [Information] Found 3 networks
[2025-01-19 22:43:47] [Warning] Could not connect to any preferred networks
[2025-01-19 22:43:47] [Information] Waiting 10 minutes before next check...
[2025-01-19 22:53:47] [Information] Currently connected to: Serengeti_2.4G
[2025-01-19 22:53:47] [Information] Scanning for preferred networks...
[2025-01-19 22:53:48] [Information] Found 13 networks
[2025-01-19 22:53:48] [Information] Attempting to connect to Nyati_CPEPro2_2.4G
[2025-01-19 22:53:53] [Information] Currently connected to: Nyati_CPEPro2_2.4G
[2025-01-19 22:53:53] [Information] Successfully connected to Nyati_CPEPro2_2.4G
[2025-01-19 22:53:53] [Information] Waiting 12 minutes before next check...
[2025-01-19 23:05:53] [Information] Currently connected to: Nyati_CPEPro2_2.4G
[2025-01-19 23:05:53] [Information] Already connected to preferred network: Nyati_CPEPro2_2.4G
[2025-01-19 23:05:53] [Information] Waiting 23 minutes before next check...
[2025-01-19 23:28:53] [Information] Currently connected to: Nyati_CPEPro2_2.4G
[2025-01-19 23:28:53] [Information] Already connected to preferred network: Nyati_CPEPro2_2.4G
[2025-01-19 23:28:53] [Information] Waiting 29 minutes before next check...
[2025-01-19 23:57:53] [Information] Currently connected to: Nyati_CPEPro2_2.4G
[2025-01-19 23:57:53] [Information] Already connected to preferred network: Nyati_CPEPro2_2.4G
[2025-01-19 23:57:53] [Information] Waiting 23 minutes before next check...
