[2025-04-26 03:15:11] [Information] Successfully registered scheduled task
[2025-04-26 03:15:11] [Information] WiFi connection manager started
[2025-04-26 03:15:12] [Warning] No current WiFi connection
[2025-04-26 03:15:12] [Information] Scanning for preferred networks...
[2025-04-26 03:15:12] [Information] Found 8 networks
[2025-04-26 03:15:12] [Information] Attempting to connect to HellsGate-5.0G
[2025-04-26 03:15:18] [Information] Currently connected to: HellsGate-5.0G
[2025-04-26 03:15:18] [Information] Successfully connected to HellsGate-5.0G
[2025-04-26 03:15:18] [Information] Waiting 15 minutes before next check...
[2025-04-26 03:30:18] [Information] Currently connected to: HellsGate-5.0G
[2025-04-26 03:30:18] [Information] Already connected to preferred network: HellsGate-5.0G
[2025-04-26 03:30:18] [Information] Waiting 13 minutes before next check...
[2025-04-26 03:43:18] [Information] Currently connected to: HellsGate-5.0G
[2025-04-26 03:43:18] [Information] Already connected to preferred network: HellsGate-5.0G
[2025-04-26 03:43:18] [Information] Waiting 28 minutes before next check...
[2025-04-26 04:11:18] [Information] Currently connected to: HellsGate-5.0G
[2025-04-26 04:11:18] [Information] Already connected to preferred network: HellsGate-5.0G
[2025-04-26 04:11:18] [Information] Waiting 22 minutes before next check...
[2025-04-26 04:33:18] [Information] Currently connected to: HellsGate-5.0G
[2025-04-26 04:33:18] [Information] Already connected to preferred network: HellsGate-5.0G
[2025-04-26 04:33:18] [Information] Waiting 23 minutes before next check...
[2025-04-26 04:56:18] [Information] Currently connected to: HellsGate-5.0G
[2025-04-26 04:56:18] [Information] Already connected to preferred network: HellsGate-5.0G
[2025-04-26 04:56:18] [Information] Waiting 19 minutes before next check...
[2025-04-26 05:15:18] [Information] Currently connected to: HellsGate-5.0G
[2025-04-26 05:15:18] [Information] Already connected to preferred network: HellsGate-5.0G
[2025-04-26 05:15:18] [Information] Waiting 23 minutes before next check...
[2025-04-26 05:38:18] [Information] Currently connected to: HellsGate-5.0G
[2025-04-26 05:38:18] [Information] Already connected to preferred network: HellsGate-5.0G
[2025-04-26 05:38:18] [Information] Waiting 26 minutes before next check...
[2025-04-26 06:04:18] [Information] Currently connected to: HellsGate-5.0G
[2025-04-26 06:04:18] [Information] Already connected to preferred network: HellsGate-5.0G
[2025-04-26 06:04:18] [Information] Waiting 25 minutes before next check...
[2025-04-26 06:29:19] [Information] Currently connected to: HellsGate-5.0G
[2025-04-26 06:29:19] [Information] Already connected to preferred network: HellsGate-5.0G
[2025-04-26 06:29:19] [Information] Waiting 18 minutes before next check...
[2025-04-26 06:47:19] [Information] Currently connected to: HellsGate-5.0G
[2025-04-26 06:47:19] [Information] Already connected to preferred network: HellsGate-5.0G
[2025-04-26 06:47:19] [Information] Waiting 24 minutes before next check...
[2025-04-26 07:11:19] [Information] Currently connected to: HellsGate-5.0G
[2025-04-26 07:11:19] [Information] Already connected to preferred network: HellsGate-5.0G
[2025-04-26 07:11:19] [Information] Waiting 27 minutes before next check...
[2025-04-26 07:38:19] [Information] Currently connected to: HellsGate-5.0G
[2025-04-26 07:38:19] [Information] Already connected to preferred network: HellsGate-5.0G
[2025-04-26 07:38:19] [Information] Waiting 11 minutes before next check...
[2025-04-26 07:49:19] [Information] Currently connected to: HellsGate-5.0G
[2025-04-26 07:49:19] [Information] Already connected to preferred network: HellsGate-5.0G
[2025-04-26 07:49:19] [Information] Waiting 23 minutes before next check...
[2025-04-26 08:12:19] [Information] Currently connected to: HellsGate-5.0G
[2025-04-26 08:12:19] [Information] Already connected to preferred network: HellsGate-5.0G
[2025-04-26 08:12:19] [Information] Waiting 12 minutes before next check...
[2025-04-26 08:24:19] [Information] Currently connected to: HellsGate-5.0G
[2025-04-26 08:24:19] [Information] Already connected to preferred network: HellsGate-5.0G
[2025-04-26 08:24:19] [Information] Waiting 17 minutes before next check...
[2025-04-26 08:41:19] [Information] Currently connected to: HellsGate-5.0G
[2025-04-26 08:41:19] [Information] Already connected to preferred network: HellsGate-5.0G
[2025-04-26 08:41:19] [Information] Waiting 23 minutes before next check...
[2025-04-26 09:04:19] [Information] Currently connected to: HellsGate-5.0G
[2025-04-26 09:04:19] [Information] Already connected to preferred network: HellsGate-5.0G
[2025-04-26 09:04:19] [Information] Waiting 20 minutes before next check...
[2025-04-26 09:24:19] [Information] Currently connected to: HellsGate-5.0G
[2025-04-26 09:24:19] [Information] Already connected to preferred network: HellsGate-5.0G
[2025-04-26 09:24:19] [Information] Waiting 23 minutes before next check...
[2025-04-26 09:47:19] [Information] Currently connected to: HellsGate-5.0G
[2025-04-26 09:47:19] [Information] Already connected to preferred network: HellsGate-5.0G
[2025-04-26 09:47:19] [Information] Waiting 13 minutes before next check...
[2025-04-26 10:00:19] [Information] Currently connected to: HellsGate-5.0G
[2025-04-26 10:00:19] [Information] Already connected to preferred network: HellsGate-5.0G
[2025-04-26 10:00:19] [Information] Waiting 12 minutes before next check...
[2025-04-26 10:12:20] [Information] Currently connected to: HellsGate-5.0G
[2025-04-26 10:12:20] [Information] Already connected to preferred network: HellsGate-5.0G
[2025-04-26 10:12:20] [Information] Waiting 23 minutes before next check...
[2025-04-26 10:35:20] [Information] Currently connected to: HellsGate-5.0G
[2025-04-26 10:35:20] [Information] Already connected to preferred network: HellsGate-5.0G
[2025-04-26 10:35:20] [Information] Waiting 12 minutes before next check...
[2025-04-26 10:47:20] [Information] Currently connected to: HellsGate-5.0G
[2025-04-26 10:47:20] [Information] Already connected to preferred network: HellsGate-5.0G
[2025-04-26 10:47:20] [Information] Waiting 18 minutes before next check...
[2025-04-26 11:05:20] [Information] Currently connected to: HellsGate-5.0G
[2025-04-26 11:05:20] [Information] Already connected to preferred network: HellsGate-5.0G
[2025-04-26 11:05:20] [Information] Waiting 29 minutes before next check...
[2025-04-26 11:34:20] [Information] Currently connected to: HellsGate-5.0G
[2025-04-26 11:34:20] [Information] Already connected to preferred network: HellsGate-5.0G
[2025-04-26 11:34:20] [Information] Waiting 21 minutes before next check...
[2025-04-26 11:55:20] [Information] Currently connected to: HellsGate-5.0G
[2025-04-26 11:55:20] [Information] Already connected to preferred network: HellsGate-5.0G
[2025-04-26 11:55:20] [Information] Waiting 23 minutes before next check...
[2025-04-26 12:18:20] [Information] Currently connected to: HellsGate-5.0G
[2025-04-26 12:18:20] [Information] Already connected to preferred network: HellsGate-5.0G
[2025-04-26 12:18:20] [Information] Waiting 18 minutes before next check...
[2025-04-26 12:36:20] [Information] Currently connected to: HellsGate-5.0G
[2025-04-26 12:36:20] [Information] Already connected to preferred network: HellsGate-5.0G
[2025-04-26 12:36:20] [Information] Waiting 16 minutes before next check...
[2025-04-26 12:52:20] [Information] Currently connected to: HellsGate-5.0G
[2025-04-26 12:52:20] [Information] Already connected to preferred network: HellsGate-5.0G
[2025-04-26 12:52:20] [Information] Waiting 24 minutes before next check...
[2025-04-26 13:16:20] [Information] Currently connected to: HellsGate-5.0G
[2025-04-26 13:16:20] [Information] Already connected to preferred network: HellsGate-5.0G
[2025-04-26 13:16:20] [Information] Waiting 21 minutes before next check...
[2025-04-26 13:37:20] [Information] Currently connected to: HellsGate-5.0G
[2025-04-26 13:37:20] [Information] Already connected to preferred network: HellsGate-5.0G
[2025-04-26 13:37:20] [Information] Waiting 20 minutes before next check...
[2025-04-26 13:57:20] [Information] Currently connected to: Nyati_CPEPro2_2.4G
[2025-04-26 13:57:20] [Information] Already connected to preferred network: Nyati_CPEPro2_2.4G
[2025-04-26 13:57:20] [Information] Waiting 29 minutes before next check...
[2025-04-26 14:26:20] [Information] Currently connected to: Nyati_CPEPro2_2.4G
[2025-04-26 14:26:21] [Information] Already connected to preferred network: Nyati_CPEPro2_2.4G
[2025-04-26 14:26:21] [Information] Waiting 27 minutes before next check...
[2025-04-26 14:53:21] [Information] Currently connected to: Nyati_CPEPro2_2.4G
[2025-04-26 14:53:21] [Information] Already connected to preferred network: Nyati_CPEPro2_2.4G
[2025-04-26 14:53:21] [Information] Waiting 15 minutes before next check...
[2025-04-26 15:08:21] [Information] Currently connected to: Nyati_CPEPro2_2.4G
[2025-04-26 15:08:21] [Information] Already connected to preferred network: Nyati_CPEPro2_2.4G
[2025-04-26 15:08:21] [Information] Waiting 20 minutes before next check...
[2025-04-26 15:28:21] [Information] Currently connected to: Nyati_CPEPro2_2.4G
[2025-04-26 15:28:21] [Information] Already connected to preferred network: Nyati_CPEPro2_2.4G
[2025-04-26 15:28:21] [Information] Waiting 13 minutes before next check...
[2025-04-26 15:41:21] [Information] Currently connected to: Nyati_CPEPro2_2.4G
[2025-04-26 15:41:21] [Information] Already connected to preferred network: Nyati_CPEPro2_2.4G
[2025-04-26 15:41:21] [Information] Waiting 11 minutes before next check...
[2025-04-26 15:52:21] [Information] Currently connected to: Nyati_CPEPro2_2.4G
[2025-04-26 15:52:21] [Information] Already connected to preferred network: Nyati_CPEPro2_2.4G
[2025-04-26 15:52:21] [Information] Waiting 15 minutes before next check...
[2025-04-26 16:07:21] [Information] Currently connected to: Nyati_CPEPro2_2.4G
[2025-04-26 16:07:21] [Information] Already connected to preferred network: Nyati_CPEPro2_2.4G
[2025-04-26 16:07:21] [Information] Waiting 18 minutes before next check...
[2025-04-26 16:25:21] [Information] Currently connected to: Nyati_CPEPro2_2.4G
[2025-04-26 16:25:21] [Information] Already connected to preferred network: Nyati_CPEPro2_2.4G
[2025-04-26 16:25:21] [Information] Waiting 22 minutes before next check...
[2025-04-26 16:47:21] [Information] Currently connected to: Nyati_CPEPro2_2.4G
[2025-04-26 16:47:21] [Information] Already connected to preferred network: Nyati_CPEPro2_2.4G
[2025-04-26 16:47:21] [Information] Waiting 16 minutes before next check...
[2025-04-26 17:03:21] [Information] Currently connected to: Nyati_CPEPro2_2.4G
[2025-04-26 17:03:21] [Information] Already connected to preferred network: Nyati_CPEPro2_2.4G
[2025-04-26 17:03:21] [Information] Waiting 21 minutes before next check...
[2025-04-26 17:24:21] [Information] Currently connected to: Nyati_CPEPro2_2.4G
[2025-04-26 17:24:21] [Information] Already connected to preferred network: Nyati_CPEPro2_2.4G
[2025-04-26 17:24:21] [Information] Waiting 23 minutes before next check...
[2025-04-26 17:47:21] [Information] Currently connected to: Nyati_CPEPro2_2.4G
[2025-04-26 17:47:21] [Information] Already connected to preferred network: Nyati_CPEPro2_2.4G
[2025-04-26 17:47:21] [Information] Waiting 21 minutes before next check...
[2025-04-26 18:08:21] [Information] Currently connected to: Nyati_CPEPro2_2.4G
[2025-04-26 18:08:22] [Information] Already connected to preferred network: Nyati_CPEPro2_2.4G
[2025-04-26 18:08:22] [Information] Waiting 24 minutes before next check...
[2025-04-26 18:32:22] [Information] Currently connected to: Nyati_CPEPro2_2.4G
[2025-04-26 18:32:22] [Information] Already connected to preferred network: Nyati_CPEPro2_2.4G
[2025-04-26 18:32:22] [Information] Waiting 21 minutes before next check...
[2025-04-26 18:53:22] [Information] Currently connected to: Nyati_CPEPro2_2.4G
[2025-04-26 18:53:22] [Information] Already connected to preferred network: Nyati_CPEPro2_2.4G
[2025-04-26 18:53:22] [Information] Waiting 17 minutes before next check...
[2025-04-26 19:10:22] [Information] Currently connected to: Nyati_CPEPro2_2.4G
[2025-04-26 19:10:22] [Information] Already connected to preferred network: Nyati_CPEPro2_2.4G
[2025-04-26 19:10:22] [Information] Waiting 15 minutes before next check...
[2025-04-26 19:25:22] [Information] Currently connected to: Nyati_CPEPro2_2.4G
[2025-04-26 19:25:22] [Information] Already connected to preferred network: Nyati_CPEPro2_2.4G
[2025-04-26 19:25:22] [Information] Waiting 18 minutes before next check...
[2025-04-26 19:43:22] [Information] Currently connected to: Nyati_CPEPro2_2.4G
[2025-04-26 19:43:22] [Information] Already connected to preferred network: Nyati_CPEPro2_2.4G
[2025-04-26 19:43:22] [Information] Waiting 24 minutes before next check...
[2025-04-26 20:07:22] [Information] Currently connected to: Nyati_CPEPro2_2.4G
[2025-04-26 20:07:22] [Information] Already connected to preferred network: Nyati_CPEPro2_2.4G
[2025-04-26 20:07:22] [Information] Waiting 15 minutes before next check...
[2025-04-26 20:22:22] [Information] Currently connected to: Nyati_CPEPro2_2.4G
[2025-04-26 20:22:22] [Information] Already connected to preferred network: Nyati_CPEPro2_2.4G
[2025-04-26 20:22:22] [Information] Waiting 16 minutes before next check...
[2025-04-26 20:38:22] [Information] Currently connected to: Nyati_CPEPro2_2.4G
[2025-04-26 20:38:22] [Information] Already connected to preferred network: Nyati_CPEPro2_2.4G
[2025-04-26 20:38:22] [Information] Waiting 25 minutes before next check...
[2025-04-26 21:03:22] [Information] Currently connected to: Nyati_CPEPro2_2.4G
[2025-04-26 21:03:22] [Information] Already connected to preferred network: Nyati_CPEPro2_2.4G
[2025-04-26 21:03:22] [Information] Waiting 20 minutes before next check...
[2025-04-26 21:23:22] [Information] Currently connected to: Nyati_CPEPro2_2.4G
[2025-04-26 21:23:22] [Information] Already connected to preferred network: Nyati_CPEPro2_2.4G
[2025-04-26 21:23:22] [Information] Waiting 22 minutes before next check...
[2025-04-26 21:45:22] [Information] Currently connected to: Nyati_CPEPro2_2.4G
[2025-04-26 21:45:22] [Information] Already connected to preferred network: Nyati_CPEPro2_2.4G
[2025-04-26 21:45:22] [Information] Waiting 12 minutes before next check...
[2025-04-26 21:57:23] [Information] Currently connected to: Nyati_CPEPro2_2.4G
[2025-04-26 21:57:23] [Information] Already connected to preferred network: Nyati_CPEPro2_2.4G
[2025-04-26 21:57:23] [Information] Waiting 23 minutes before next check...
[2025-04-26 22:20:23] [Information] Currently connected to: Nyati_CPEPro2_2.4G
[2025-04-26 22:20:23] [Information] Already connected to preferred network: Nyati_CPEPro2_2.4G
[2025-04-26 22:20:23] [Information] Waiting 27 minutes before next check...
[2025-04-26 22:47:23] [Information] Currently connected to: Nyati_CPEPro2_2.4G
[2025-04-26 22:47:23] [Information] Already connected to preferred network: Nyati_CPEPro2_2.4G
[2025-04-26 22:47:23] [Information] Waiting 26 minutes before next check...
[2025-04-26 23:13:23] [Information] Currently connected to: Nyati_CPEPro2_2.4G
[2025-04-26 23:13:23] [Information] Already connected to preferred network: Nyati_CPEPro2_2.4G
[2025-04-26 23:13:23] [Information] Waiting 24 minutes before next check...
[2025-04-26 23:37:23] [Information] Currently connected to: Nyati_CPEPro2_2.4G
[2025-04-26 23:37:23] [Information] Already connected to preferred network: Nyati_CPEPro2_2.4G
[2025-04-26 23:37:23] [Information] Waiting 13 minutes before next check...
[2025-04-26 23:50:23] [Information] Currently connected to: Nyati_CPEPro2_2.4G
[2025-04-26 23:50:23] [Information] Already connected to preferred network: Nyati_CPEPro2_2.4G
[2025-04-26 23:50:23] [Information] Waiting 24 minutes before next check...
