[2025-03-30 12:24:50] [Information] Successfully registered scheduled task
[2025-03-30 12:24:50] [Information] WiFi connection manager started
[2025-03-30 12:24:50] [Warning] No current WiFi connection
[2025-03-30 12:24:50] [Information] Scanning for preferred networks...
[2025-03-30 12:24:50] [Information] Found 8 networks
[2025-03-30 12:24:50] [Information] Attempting to connect to HellsGate-5.0G
[2025-03-30 12:24:56] [Information] Currently connected to: Merlin Wharf
[2025-03-30 12:24:56] [Warning] Failed to connect to HellsGate-5.0G
[2025-03-30 12:24:56] [Information] Attempting to connect to HellsGate-2.4G
[2025-03-30 12:25:01] [Information] Currently connected to: HellsGate-2.4G
[2025-03-30 12:25:01] [Information] Successfully connected to HellsGate-2.4G
[2025-03-30 12:25:01] [Information] Waiting 17 minutes before next check...
[2025-03-30 12:42:01] [Information] Currently connected to: HellsGate-2.4G
[2025-03-30 12:42:01] [Information] Already connected to preferred network: HellsGate-2.4G
[2025-03-30 12:42:01] [Information] Waiting 14 minutes before next check...
[2025-03-30 12:56:01] [Information] Currently connected to: HellsGate-2.4G
[2025-03-30 12:56:01] [Information] Already connected to preferred network: HellsGate-2.4G
[2025-03-30 12:56:01] [Information] Waiting 27 minutes before next check...
[2025-03-30 13:23:01] [Information] Currently connected to: HellsGate-2.4G
[2025-03-30 13:23:01] [Information] Already connected to preferred network: HellsGate-2.4G
[2025-03-30 13:23:01] [Information] Waiting 16 minutes before next check...
[2025-03-30 13:39:01] [Information] Currently connected to: HellsGate-2.4G
[2025-03-30 13:39:01] [Information] Already connected to preferred network: HellsGate-2.4G
[2025-03-30 13:39:01] [Information] Waiting 29 minutes before next check...
[2025-03-30 14:08:01] [Information] Currently connected to: HellsGate-2.4G
[2025-03-30 14:08:01] [Information] Already connected to preferred network: HellsGate-2.4G
[2025-03-30 14:08:01] [Information] Waiting 18 minutes before next check...
[2025-03-30 14:26:01] [Information] Currently connected to: HellsGate-2.4G
[2025-03-30 14:26:01] [Information] Already connected to preferred network: HellsGate-2.4G
[2025-03-30 14:26:01] [Information] Waiting 16 minutes before next check...
[2025-03-30 14:42:01] [Information] Currently connected to: HellsGate-2.4G
[2025-03-30 14:42:01] [Information] Already connected to preferred network: HellsGate-2.4G
[2025-03-30 14:42:01] [Information] Waiting 29 minutes before next check...
[2025-03-30 15:11:01] [Information] Currently connected to: HellsGate-2.4G
[2025-03-30 15:11:01] [Information] Already connected to preferred network: HellsGate-2.4G
[2025-03-30 15:11:01] [Information] Waiting 15 minutes before next check...
[2025-03-30 15:26:02] [Information] Currently connected to: HellsGate-2.4G
[2025-03-30 15:26:02] [Information] Already connected to preferred network: HellsGate-2.4G
[2025-03-30 15:26:02] [Information] Waiting 25 minutes before next check...
[2025-03-30 15:51:02] [Information] Currently connected to: HellsGate-2.4G
[2025-03-30 15:51:02] [Information] Already connected to preferred network: HellsGate-2.4G
[2025-03-30 15:51:02] [Information] Waiting 22 minutes before next check...
[2025-03-30 16:13:02] [Information] Currently connected to: HellsGate-2.4G
[2025-03-30 16:13:02] [Information] Already connected to preferred network: HellsGate-2.4G
[2025-03-30 16:13:02] [Information] Waiting 16 minutes before next check...
[2025-03-30 16:29:02] [Information] Currently connected to: HellsGate-2.4G
[2025-03-30 16:29:02] [Information] Already connected to preferred network: HellsGate-2.4G
[2025-03-30 16:29:02] [Information] Waiting 21 minutes before next check...
[2025-03-30 16:50:02] [Information] Currently connected to: HellsGate-2.4G
[2025-03-30 16:50:02] [Information] Already connected to preferred network: HellsGate-2.4G
[2025-03-30 16:50:02] [Information] Waiting 10 minutes before next check...
[2025-03-30 17:00:02] [Information] Currently connected to: HellsGate-2.4G
[2025-03-30 17:00:02] [Information] Already connected to preferred network: HellsGate-2.4G
[2025-03-30 17:00:02] [Information] Waiting 10 minutes before next check...
[2025-03-30 17:10:02] [Information] Currently connected to: HellsGate-2.4G
[2025-03-30 17:10:02] [Information] Already connected to preferred network: HellsGate-2.4G
[2025-03-30 17:10:02] [Information] Waiting 13 minutes before next check...
[2025-03-30 17:23:02] [Information] Currently connected to: HellsGate-2.4G
[2025-03-30 17:23:02] [Information] Already connected to preferred network: HellsGate-2.4G
[2025-03-30 17:23:02] [Information] Waiting 26 minutes before next check...
[2025-03-30 17:49:02] [Information] Currently connected to: HellsGate-2.4G
[2025-03-30 17:49:02] [Information] Already connected to preferred network: HellsGate-2.4G
[2025-03-30 17:49:02] [Information] Waiting 27 minutes before next check...
[2025-03-30 18:16:02] [Information] Currently connected to: HellsGate-2.4G
[2025-03-30 18:16:02] [Information] Already connected to preferred network: HellsGate-2.4G
[2025-03-30 18:16:02] [Information] Waiting 13 minutes before next check...
[2025-03-30 18:29:02] [Information] Currently connected to: HellsGate-2.4G
[2025-03-30 18:29:02] [Information] Already connected to preferred network: HellsGate-2.4G
[2025-03-30 18:29:02] [Information] Waiting 10 minutes before next check...
[2025-03-30 18:39:02] [Information] Currently connected to: HellsGate-2.4G
[2025-03-30 18:39:02] [Information] Already connected to preferred network: HellsGate-2.4G
[2025-03-30 18:39:02] [Information] Waiting 18 minutes before next check...
[2025-03-30 18:57:03] [Information] Currently connected to: HellsGate-2.4G
[2025-03-30 18:57:03] [Information] Already connected to preferred network: HellsGate-2.4G
[2025-03-30 18:57:03] [Information] Waiting 27 minutes before next check...
[2025-03-30 19:24:03] [Information] Currently connected to: HellsGate-2.4G
[2025-03-30 19:24:03] [Information] Already connected to preferred network: HellsGate-2.4G
[2025-03-30 19:24:03] [Information] Waiting 13 minutes before next check...
[2025-03-30 19:37:03] [Information] Currently connected to: HellsGate-2.4G
[2025-03-30 19:37:03] [Information] Already connected to preferred network: HellsGate-2.4G
[2025-03-30 19:37:03] [Information] Waiting 15 minutes before next check...
[2025-03-30 19:52:03] [Information] Currently connected to: HellsGate-2.4G
[2025-03-30 19:52:03] [Information] Already connected to preferred network: HellsGate-2.4G
[2025-03-30 19:52:03] [Information] Waiting 25 minutes before next check...
[2025-03-30 20:17:03] [Information] Currently connected to: HellsGate-2.4G
[2025-03-30 20:17:03] [Information] Already connected to preferred network: HellsGate-2.4G
[2025-03-30 20:17:03] [Information] Waiting 19 minutes before next check...
[2025-03-30 20:36:03] [Information] Currently connected to: HellsGate-2.4G
[2025-03-30 20:36:03] [Information] Already connected to preferred network: HellsGate-2.4G
[2025-03-30 20:36:03] [Information] Waiting 20 minutes before next check...
[2025-03-30 20:56:03] [Information] Currently connected to: HellsGate-2.4G
[2025-03-30 20:56:03] [Information] Already connected to preferred network: HellsGate-2.4G
[2025-03-30 20:56:03] [Information] Waiting 14 minutes before next check...
[2025-03-30 21:10:03] [Information] Currently connected to: HellsGate-2.4G
[2025-03-30 21:10:03] [Information] Already connected to preferred network: HellsGate-2.4G
[2025-03-30 21:10:03] [Information] Waiting 16 minutes before next check...
[2025-03-30 21:26:03] [Information] Currently connected to: HellsGate-2.4G
[2025-03-30 21:26:03] [Information] Already connected to preferred network: HellsGate-2.4G
[2025-03-30 21:26:03] [Information] Waiting 28 minutes before next check...
[2025-03-30 21:54:03] [Information] Currently connected to: HellsGate-2.4G
[2025-03-30 21:54:03] [Information] Already connected to preferred network: HellsGate-2.4G
[2025-03-30 21:54:03] [Information] Waiting 19 minutes before next check...
[2025-03-30 22:13:03] [Information] Currently connected to: HellsGate-2.4G
[2025-03-30 22:13:03] [Information] Already connected to preferred network: HellsGate-2.4G
[2025-03-30 22:13:03] [Information] Waiting 15 minutes before next check...
[2025-03-30 22:28:03] [Information] Currently connected to: HellsGate-2.4G
[2025-03-30 22:28:03] [Information] Already connected to preferred network: HellsGate-2.4G
[2025-03-30 22:28:03] [Information] Waiting 22 minutes before next check...
[2025-03-30 22:50:03] [Information] Currently connected to: HellsGate-2.4G
[2025-03-30 22:50:03] [Information] Already connected to preferred network: HellsGate-2.4G
[2025-03-30 22:50:03] [Information] Waiting 24 minutes before next check...
[2025-03-30 23:14:04] [Information] Currently connected to: HellsGate-2.4G
[2025-03-30 23:14:04] [Information] Already connected to preferred network: HellsGate-2.4G
[2025-03-30 23:14:04] [Information] Waiting 15 minutes before next check...
[2025-03-30 23:29:04] [Information] Currently connected to: HellsGate-2.4G
[2025-03-30 23:29:04] [Information] Already connected to preferred network: HellsGate-2.4G
[2025-03-30 23:29:04] [Information] Waiting 12 minutes before next check...
[2025-03-30 23:41:04] [Information] Currently connected to: HellsGate-2.4G
[2025-03-30 23:41:04] [Information] Already connected to preferred network: HellsGate-2.4G
[2025-03-30 23:41:04] [Information] Waiting 12 minutes before next check...
[2025-03-30 23:53:04] [Information] Currently connected to: HellsGate-2.4G
[2025-03-30 23:53:04] [Information] Already connected to preferred network: HellsGate-2.4G
[2025-03-30 23:53:04] [Information] Waiting 10 minutes before next check...
